{
  "stats": {
    "suites": 2,
    "tests": 1,
    "passes": 1,
    "pending": 0,
    "failures": 0,
    "start": "2023-11-19T00:20:47.919Z",
    "end": "2023-11-19T00:20:52.470Z",
    "duration": 4551,
    "testsRegistered": 1,
    "passPercent": 100,
    "pendingPercent": 0,
    "other": 0,
    "hasOther": false,
    "skipped": 0,
    "hasSkipped": false
  },
  "results": [
    {
      "uuid": "6e2384a7-af34-424e-88da-5c7d52b789bc",
      "title": "",
      "fullFile": "/Users/panukettunen/projects/kresko-protocol/src/test/scdp/00-scdp.ts",
      "file": "/src/test/scdp/00-scdp.ts",
      "beforeHooks": [],
      "afterHooks": [],
      "tests": [],
      "suites": [
        {
          "uuid": "80ce1fbf-0725-4612-94fa-867e69e0ea67",
          "title": "SCDP",
          "fullFile": "/Users/panukettunen/projects/kresko-protocol/src/test/scdp/00-scdp.ts",
          "file": "/src/test/scdp/00-scdp.ts",
          "beforeHooks": [
            {
              "title": "\"before each\" hook in \"SCDP\"",
              "fullTitle": "SCDP \"before each\" hook in \"SCDP\"",
              "timedOut": false,
              "duration": 1642,
              "state": null,
              "speed": null,
              "pass": false,
              "fail": false,
              "pending": false,
              "context": null,
              "code": "f = await (0, _fixtures.scdpFixture)();\nawait f.reset();",
              "err": {},
              "uuid": "d3e1cd41-bc53-4b21-ae7f-e0b6f2e20f02",
              "parentUUID": "80ce1fbf-0725-4612-94fa-867e69e0ea67",
              "isHook": true,
              "skipped": false
            }
          ],
          "afterHooks": [],
          "tests": [],
          "suites": [
            {
              "uuid": "02070f8e-45c2-4cd2-a957-b1c39ec1adad",
              "title": "#Swap",
              "fullFile": "/Users/panukettunen/projects/kresko-protocol/src/test/scdp/00-scdp.ts",
              "file": "/src/test/scdp/00-scdp.ts",
              "beforeHooks": [
                {
                  "title": "\"before each\" hook in \"#Swap\"",
                  "fullTitle": "SCDP #Swap \"before each\" hook in \"#Swap\"",
                  "timedOut": false,
                  "duration": 45,
                  "state": null,
                  "speed": null,
                  "pass": false,
                  "fail": false,
                  "pending": false,
                  "context": null,
                  "code": "await Promise.all(f.usersArr.map((signer)=>f.Collateral.setBalance(signer, (0, _values.toBig)(1_000_000))));\nawait f.KISS.setBalance(f.swapper, (0, _values.toBig)(10_000));\nawait f.KISS.setBalance(f.depositor, (0, _values.toBig)(10_000));\nawait f.KreskoDepositor.depositSCDP(f.depositor.address, f.KISS.address, depositAmount18Dec);",
                  "err": {},
                  "uuid": "ffc2f2dc-93cd-4940-9a13-663e68d90d90",
                  "parentUUID": "02070f8e-45c2-4cd2-a957-b1c39ec1adad",
                  "isHook": true,
                  "skipped": false
                }
              ],
              "afterHooks": [],
              "tests": [
                {
                  "title": "should be able to swap, debt < assetsIn | swap deposits < assetsOut",
                  "fullTitle": "SCDP #Swap should be able to swap, debt < assetsIn | swap deposits < assetsOut",
                  "timedOut": false,
                  "duration": 2861,
                  "state": "passed",
                  "speed": "medium",
                  "pass": true,
                  "fail": false,
                  "pending": false,
                  "context": null,
                  "code": "const swapAmountKiss = (0, _values.toBig)(100) // $100\n;\nconst swapAmountKrAsset = (0, _values.toBig)(2) // $200\n;\nconst swapValue = 200;\nconst firstSwapFeeAmount = swapAmountKiss.percentMul(f.KRASSET_KISS_ROUTE_FEE);\nconst expectedKissOutSecondSwap = swapAmountKrAsset.sub(swapAmountKrAsset.percentMul(f.KRASSET_KISS_ROUTE_FEE)).wadMul(f.KrAsset2Price).wadDiv(f.KISSPrice);\nconst krAssetOutFirstSwap = swapAmountKiss.sub(firstSwapFeeAmount).wadMul(f.KISSPrice).wadDiv(f.KrAsset2Price);\nconst krAssetOutFirstSwapValue = krAssetOutFirstSwap.wadMul(f.KrAsset2Price);\n// deposit some to kresko for minting first\nawait (0, _collaterals.depositCollateral)({\n    user: f.swapper,\n    asset: f.KISS,\n    amount: (0, _values.toBig)(400)\n});\nconst ICDPMintAmount = (0, _values.toBig)(1.04);\nawait (0, _krassets.mintKrAsset)({\n    user: f.swapper,\n    asset: f.KrAsset2,\n    amount: ICDPMintAmount\n});\nawait f.KreskoSwapper.swapSCDP(f.swapper.address, f.KISS.address, f.KrAsset2.address, swapAmountKiss, 0);\nconst expectedSwapDeposits = swapAmountKiss.sub(firstSwapFeeAmount);\nconst stats = await hre.Diamond.getDataSCDP();\n(0, _chai.expect)(await f.KreskoSwapper.getSwapDepositsSCDP(f.KISS.address)).to.equal(expectedSwapDeposits);\n(0, _chai.expect)(stats.totals.valColl).to.be.eq(depositAmount.ebn().add(expectedSwapDeposits).wadMul(f.KISSPrice));\n// the swap that matters, here user has 0.96 (previous swap) + 1.04 (mint). expecting 192 kiss from swap.\nconst [expectedAmountOut] = await f.KreskoSwapper.previewSwapSCDP(f.KrAsset2.address, f.KISS.address, swapAmountKrAsset);\n(0, _chai.expect)(expectedAmountOut).to.equal(expectedKissOutSecondSwap);\nconst tx = await f.KreskoSwapper.swapSCDP(f.swapper.address, f.KrAsset2.address, f.KISS.address, swapAmountKrAsset, 0);\nconst event = await (0, _events.getNamedEvent)(tx, 'Swap');\n(0, _chai.expect)(event.args.who).to.equal(f.swapper.address);\n(0, _chai.expect)(event.args.assetIn).to.equal(f.KrAsset2.address);\n(0, _chai.expect)(event.args.assetOut).to.equal(f.KISS.address);\n(0, _chai.expect)(event.args.amountIn).to.equal(swapAmountKrAsset);\n(0, _chai.expect)(event.args.amountOut).to.equal(expectedKissOutSecondSwap);\nconst assetInfos = await hre.Diamond.getAssetDatasSCDP([\n    f.KISS.address,\n    f.KrAsset2.address\n]);\n// f.KISS deposits sent in swap\nconst acocuntPrincipalDepositsKISS = await f.KreskoSwapper.getAccountDepositSCDP(f.depositor.address, f.KISS.address);\n(0, _chai.expect)(assetInfos[0].amountSwapDeposit).to.equal(0) // half of 2 krAsset\n;\n(0, _chai.expect)(assetInfos[0].amountColl).to.equal(acocuntPrincipalDepositsKISS);\n// KrAsset debt is cleared\n(0, _chai.expect)(assetInfos[1].valDebt).to.equal(0);\n(0, _chai.expect)(assetInfos[1].amountDebt).to.equal(0);\n// KISS debt is issued\nconst expectedKissDebtValue = (0, _values.toBig)(swapValue, 8).sub(krAssetOutFirstSwapValue);\n(0, _chai.expect)(assetInfos[0].valDebt).to.equal(expectedKissDebtValue);\n(0, _chai.expect)(assetInfos[0].amountDebt).to.equal(expectedKissDebtValue.wadDiv(f.KISSPrice));\n// krAsset swap deposits\nconst expectedSwapDepositValue = (0, _values.toBig)(swapValue, 8).sub(krAssetOutFirstSwapValue);\n(0, _chai.expect)(assetInfos[1].amountSwapDeposit).to.equal((0, _values.toBig)(2).sub(krAssetOutFirstSwap));\n(0, _chai.expect)(assetInfos[1].valColl).to.equal(expectedSwapDepositValue) // asset price is $100\n;\nconst global = await hre.Diamond.getDataSCDP();\nconst expectedCollateralValue = (0, _values.toBig)(1000, 8).add(expectedSwapDepositValue);\n(0, _chai.expect)(global.totals.valColl).to.equal(expectedCollateralValue);\n(0, _chai.expect)(global.totals.valDebt).to.equal(expectedKissDebtValue);\n(0, _chai.expect)(global.totals.cr).to.equal(expectedCollateralValue.percentDiv(expectedKissDebtValue));",
                  "err": {},
                  "uuid": "139821f8-7e7e-455c-95b0-51524468ed6b",
                  "parentUUID": "02070f8e-45c2-4cd2-a957-b1c39ec1adad",
                  "isHook": false,
                  "skipped": false
                }
              ],
              "suites": [],
              "passes": [
                "139821f8-7e7e-455c-95b0-51524468ed6b"
              ],
              "failures": [],
              "pending": [],
              "skipped": [],
              "duration": 2861,
              "root": false,
              "rootEmpty": false,
              "_timeout": 30000
            }
          ],
          "passes": [],
          "failures": [],
          "pending": [],
          "skipped": [],
          "duration": 0,
          "root": false,
          "rootEmpty": false,
          "_timeout": 30000
        }
      ],
      "passes": [],
      "failures": [],
      "pending": [],
      "skipped": [],
      "duration": 0,
      "root": true,
      "rootEmpty": true,
      "_timeout": 30000
    }
  ],
  "meta": {
    "mocha": {
      "version": "10.2.0"
    },
    "mochawesome": {
      "options": {
        "quiet": false,
        "reportFilename": "mochawesome",
        "saveHtml": true,
        "saveJson": true,
        "consoleReporter": "spec",
        "useInlineDiffs": false,
        "code": true
      },
      "version": "7.1.3"
    },
    "marge": {
      "options": {
        "reportDir": "docs/test-report",
        "assetsDir": "docs/test-report/assets",
        "reportTitle": "Kresko Protocol Hardhat Test Report",
        "reportPageTitle": "Kresko Protocol Hardhat Test Report"
      },
      "version": "6.2.0"
    }
  }
}