{
  "stats": {
    "suites": 90,
    "tests": 275,
    "passes": 251,
    "pending": 24,
    "failures": 0,
    "start": "2023-10-11T16:24:21.755Z",
    "end": "2023-10-11T16:26:10.211Z",
    "duration": 108456,
    "testsRegistered": 275,
    "passPercent": 100,
    "pendingPercent": 8.727272727272728,
    "other": 0,
    "hasOther": false,
    "skipped": 0,
    "hasSkipped": false
  },
  "results": [
    {
      "uuid": "10b6606e-0dcc-45ac-a647-afea4a87cbfd",
      "title": "",
      "fullFile": "",
      "file": "",
      "beforeHooks": [],
      "afterHooks": [],
      "tests": [],
      "suites": [
        {
          "uuid": "a488d95a-c1b0-4030-b86c-8f7774228263",
          "title": "Asset Amounts & Values",
          "fullFile": "/Users/panukettunen/Projects/kresko-protocol/src/test/asset-values/00-asset-values.ts",
          "file": "/src/test/asset-values/00-asset-values.ts",
          "beforeHooks": [
            {
              "title": "\"before each\" hook in \"Asset Amounts & Values\"",
              "fullTitle": "Asset Amounts & Values \"before each\" hook in \"Asset Amounts & Values\"",
              "timedOut": false,
              "duration": 17,
              "state": null,
              "speed": null,
              "pass": false,
              "fail": false,
              "pending": false,
              "context": null,
              "code": "f = await (0, _fixtures.assetValuesFixture)();\nf.user = hre.users.userEight;\nUser = (0, _redstone.wrapKresko)(hre.Diamond, f.user);",
              "err": {},
              "uuid": "6bc11e9d-7bd5-4705-8118-6a6db7d41b71",
              "parentUUID": "a488d95a-c1b0-4030-b86c-8f7774228263",
              "isHook": true,
              "skipped": false
            }
          ],
          "afterHooks": [],
          "tests": [],
          "suites": [
            {
              "uuid": "5eb31eda-8f82-4629-a627-5f08f9070436",
              "title": "#Collateral Deposit Values",
              "fullFile": "/Users/panukettunen/Projects/kresko-protocol/src/test/asset-values/00-asset-values.ts",
              "file": "/src/test/asset-values/00-asset-values.ts",
              "beforeHooks": [],
              "afterHooks": [],
              "tests": [
                {
                  "title": "should return the correct deposit value with 18 decimals",
                  "fullTitle": "Asset Amounts & Values #Collateral Deposit Values should return the correct deposit value with 18 decimals",
                  "timedOut": false,
                  "duration": 106,
                  "state": "passed",
                  "speed": "slow",
                  "pass": true,
                  "fail": false,
                  "pending": false,
                  "context": null,
                  "code": "const depositAmount = (0, _values.toBig)(10);\nconst expectedDepositValue = (0, _values.toBig)(50, f.oracleDecimals); // cfactor = 0.5, collateralPrice = 10, depositAmount = 10\nawait User.depositCollateral(f.user.address, f.CollateralAsset.address, depositAmount);\nconst depositValue = await hre.Diamond.getAccountTotalCollateralValue(f.user.address);\n(0, _chai.expect)(depositValue).to.equal(expectedDepositValue);",
                  "err": {},
                  "uuid": "41d98a62-077c-4ef6-bd4d-3fb9ffea4b35",
                  "parentUUID": "5eb31eda-8f82-4629-a627-5f08f9070436",
                  "isHook": false,
                  "skipped": false
                },
                {
                  "title": "should return the correct deposit value with less than 18 decimals",
                  "fullTitle": "Asset Amounts & Values #Collateral Deposit Values should return the correct deposit value with less than 18 decimals",
                  "timedOut": false,
                  "duration": 103,
                  "state": "passed",
                  "speed": "slow",
                  "pass": true,
                  "fail": false,
                  "pending": false,
                  "context": null,
                  "code": "const depositAmount = (0, _values.toBig)(10, 8);\nconst expectedDepositValue = (0, _values.toBig)(50, f.oracleDecimals); // cfactor = 0.5, collateralPrice = 10, depositAmount = 10\nawait User.depositCollateral(f.user.address, f.CollateralAsset8Dec.address, depositAmount);\nconst depositValue = await hre.Diamond.getAccountTotalCollateralValue(f.user.address);\n(0, _chai.expect)(depositValue).to.equal(expectedDepositValue);",
                  "err": {},
                  "uuid": "05826a2c-f713-444b-861a-e34139fa1527",
                  "parentUUID": "5eb31eda-8f82-4629-a627-5f08f9070436",
                  "isHook": false,
                  "skipped": false
                },
                {
                  "title": "should return the correct deposit value with over 18 decimals",
                  "fullTitle": "Asset Amounts & Values #Collateral Deposit Values should return the correct deposit value with over 18 decimals",
                  "timedOut": false,
                  "duration": 106,
                  "state": "passed",
                  "speed": "slow",
                  "pass": true,
                  "fail": false,
                  "pending": false,
                  "context": null,
                  "code": "const depositAmount = (0, _values.toBig)(10, 21);\nconst expectedDepositValue = (0, _values.toBig)(50, f.oracleDecimals); // cfactor = 0.5, collateralPrice = 10, depositAmount = 10\nawait User.depositCollateral(f.user.address, f.CollateralAsset21Dec.address, depositAmount);\nconst depositValue = await hre.Diamond.getAccountTotalCollateralValue(f.user.address);\n(0, _chai.expect)(depositValue).to.equal(expectedDepositValue);",
                  "err": {},
                  "uuid": "ad84d920-09d7-4c9d-a7c4-34412d80b230",
                  "parentUUID": "5eb31eda-8f82-4629-a627-5f08f9070436",
                  "isHook": false,
                  "skipped": false
                },
                {
                  "title": "should return the correct deposit value combination of different decimals",
                  "fullTitle": "Asset Amounts & Values #Collateral Deposit Values should return the correct deposit value combination of different decimals",
                  "timedOut": false,
                  "duration": 234,
                  "state": "passed",
                  "speed": "slow",
                  "pass": true,
                  "fail": false,
                  "pending": false,
                  "context": null,
                  "code": "await User.depositCollateral(f.user.address, f.CollateralAsset.address, (0, _values.toBig)(10));\nawait User.depositCollateral(f.user.address, f.CollateralAsset8Dec.address, (0, _values.toBig)(10, 8));\nawait User.depositCollateral(f.user.address, f.CollateralAsset21Dec.address, (0, _values.toBig)(10, 21));\nconst expectedDepositValue = (0, _values.toBig)(150, f.oracleDecimals); // cfactor = 0.5, collateralPrice = 10, depositAmount = 30\nconst depositValue = await hre.Diamond.getAccountTotalCollateralValue(f.user.address);\n(0, _chai.expect)(depositValue).to.equal(expectedDepositValue);",
                  "err": {},
                  "uuid": "92d112f1-d2fc-4905-a22f-114e97684f11",
                  "parentUUID": "5eb31eda-8f82-4629-a627-5f08f9070436",
                  "isHook": false,
                  "skipped": false
                }
              ],
              "suites": [],
              "passes": [
                "41d98a62-077c-4ef6-bd4d-3fb9ffea4b35",
                "05826a2c-f713-444b-861a-e34139fa1527",
                "ad84d920-09d7-4c9d-a7c4-34412d80b230",
                "92d112f1-d2fc-4905-a22f-114e97684f11"
              ],
              "failures": [],
              "pending": [],
              "skipped": [],
              "duration": 549,
              "root": false,
              "rootEmpty": false,
              "_timeout": 30000
            },
            {
              "uuid": "b94eec83-0e84-4b5f-b3f7-03c50ef8cd93",
              "title": "#Collateral Deposit Amount",
              "fullFile": "/Users/panukettunen/Projects/kresko-protocol/src/test/asset-values/00-asset-values.ts",
              "file": "/src/test/asset-values/00-asset-values.ts",
              "beforeHooks": [],
              "afterHooks": [],
              "tests": [
                {
                  "title": "should return the correct deposit amount with 18 decimals",
                  "fullTitle": "Asset Amounts & Values #Collateral Deposit Amount should return the correct deposit amount with 18 decimals",
                  "timedOut": false,
                  "duration": 108,
                  "state": "passed",
                  "speed": "slow",
                  "pass": true,
                  "fail": false,
                  "pending": false,
                  "context": null,
                  "code": "const depositAmount = (0, _values.toBig)(10);\nawait User.depositCollateral(f.user.address, f.CollateralAsset.address, depositAmount);\nconst withdrawIndex = await _optimizations.default.getAccountDepositIndex(f.user.address, f.CollateralAsset.address);\nconst deposits = await hre.Diamond.getAccountCollateralAmount(f.user.address, f.CollateralAsset.address);\n(0, _chai.expect)(deposits).to.equal(depositAmount);\nawait User.withdrawCollateral(f.user.address, f.CollateralAsset.address, depositAmount, withdrawIndex);\nconst balance = await f.CollateralAsset.balanceOf(f.user.address);\n(0, _chai.expect)(balance).to.equal((0, _values.toBig)(f.startingBalance));",
                  "err": {},
                  "uuid": "90618af7-3ca7-4b9c-a4e4-5f8c952d2160",
                  "parentUUID": "b94eec83-0e84-4b5f-b3f7-03c50ef8cd93",
                  "isHook": false,
                  "skipped": false
                },
                {
                  "title": "should return the correct deposit amount with less than 18 decimals",
                  "fullTitle": "Asset Amounts & Values #Collateral Deposit Amount should return the correct deposit amount with less than 18 decimals",
                  "timedOut": false,
                  "duration": 105,
                  "state": "passed",
                  "speed": "slow",
                  "pass": true,
                  "fail": false,
                  "pending": false,
                  "context": null,
                  "code": "const depositAmount = (0, _values.toBig)(10, 8);\nawait User.depositCollateral(f.user.address, f.CollateralAsset8Dec.address, depositAmount);\nconst withdrawIndex = await _optimizations.default.getAccountDepositIndex(f.user.address, f.CollateralAsset8Dec.address);\nconst deposits = await hre.Diamond.getAccountCollateralAmount(f.user.address, f.CollateralAsset8Dec.address);\n(0, _chai.expect)(deposits).to.equal(depositAmount);\nawait User.withdrawCollateral(f.user.address, f.CollateralAsset8Dec.address, depositAmount, withdrawIndex);\nconst balance = await f.CollateralAsset8Dec.balanceOf(f.user.address);\n(0, _chai.expect)(balance).to.equal((0, _values.toBig)(f.startingBalance, 8));",
                  "err": {},
                  "uuid": "2a1427a3-8efe-48bd-b50c-b470c86965cc",
                  "parentUUID": "b94eec83-0e84-4b5f-b3f7-03c50ef8cd93",
                  "isHook": false,
                  "skipped": false
                },
                {
                  "title": "should return the correct deposit value with over 18 decimals",
                  "fullTitle": "Asset Amounts & Values #Collateral Deposit Amount should return the correct deposit value with over 18 decimals",
                  "timedOut": false,
                  "duration": 107,
                  "state": "passed",
                  "speed": "slow",
                  "pass": true,
                  "fail": false,
                  "pending": false,
                  "context": null,
                  "code": "const depositAmount = (0, _values.toBig)(10, 21);\nawait User.depositCollateral(f.user.address, f.CollateralAsset21Dec.address, depositAmount);\nconst withdrawIndex = await _optimizations.default.getAccountDepositIndex(f.user.address, f.CollateralAsset21Dec.address);\nconst deposits = await hre.Diamond.getAccountCollateralAmount(f.user.address, f.CollateralAsset21Dec.address);\n(0, _chai.expect)(deposits).to.equal(depositAmount);\nawait User.withdrawCollateral(f.user.address, f.CollateralAsset21Dec.address, depositAmount, withdrawIndex);\nconst balance = await f.CollateralAsset21Dec.balanceOf(f.user.address);\n(0, _chai.expect)(balance).to.equal((0, _values.toBig)(f.startingBalance, 21));",
                  "err": {},
                  "uuid": "c65c8c12-48bc-415e-9e1c-90dc450ad762",
                  "parentUUID": "b94eec83-0e84-4b5f-b3f7-03c50ef8cd93",
                  "isHook": false,
                  "skipped": false
                }
              ],
              "suites": [],
              "passes": [
                "90618af7-3ca7-4b9c-a4e4-5f8c952d2160",
                "2a1427a3-8efe-48bd-b50c-b470c86965cc",
                "c65c8c12-48bc-415e-9e1c-90dc450ad762"
              ],
              "failures": [],
              "pending": [],
              "skipped": [],
              "duration": 320,
              "root": false,
              "rootEmpty": false,
              "_timeout": 30000
            },
            {
              "uuid": "89cc2802-d61b-4ea0-a103-96abb81a6675",
              "title": "#Kresko Asset Debt Values",
              "fullFile": "/Users/panukettunen/Projects/kresko-protocol/src/test/asset-values/00-asset-values.ts",
              "file": "/src/test/asset-values/00-asset-values.ts",
              "beforeHooks": [],
              "afterHooks": [],
              "tests": [
                {
                  "title": "should return the correct debt value (+CR) with 18 decimal collateral",
                  "fullTitle": "Asset Amounts & Values #Kresko Asset Debt Values should return the correct debt value (+CR) with 18 decimal collateral",
                  "timedOut": false,
                  "duration": 590,
                  "state": "passed",
                  "speed": "slow",
                  "pass": true,
                  "fail": false,
                  "pending": false,
                  "context": null,
                  "code": "const depositAmount = (0, _values.toBig)(10);\nawait User.depositCollateral(f.user.address, f.CollateralAsset.address, depositAmount);\nconst mintAmount = (0, _values.toBig)(1);\nconst expectedMintValue = (0, _values.toBig)(20, f.oracleDecimals); // kFactor = 2, krAssetPrice = 10, mintAmount = 1, openFee = 0.1\nawait User.mintKreskoAsset(f.user.address, f.KreskoAsset.address, mintAmount);\nconst expectedDepositValue = (0, _values.toBig)(49.5, f.oracleDecimals); // cfactor = 0.5, collateralPrice = 10, depositAmount = 10, openFee = 0.1\nconst depositValue = await hre.Diamond.getAccountTotalCollateralValue(f.user.address);\n(0, _chai.expect)(depositValue).to.equal(expectedDepositValue);\nconst mintValue = await hre.Diamond.getAccountTotalDebtValue(f.user.address);\n(0, _chai.expect)(mintValue).to.equal(expectedMintValue);\nconst assetValue = await hre.Diamond.getValue(f.KreskoAsset.address, mintAmount);\nconst kFactor = (await hre.Diamond.getAsset(f.KreskoAsset.address)).kFactor;\n(0, _chai.expect)(assetValue).to.equal(expectedMintValue.percentDiv(kFactor));\nconst collateralRatio = await hre.Diamond.getAccountCollateralRatio(f.user.address);\n(0, _chai.expect)(collateralRatio).to.equal(expectedDepositValue.percentDiv(expectedMintValue)); // 2.475",
                  "err": {},
                  "uuid": "660a8c37-19f5-496e-997b-17b570670d01",
                  "parentUUID": "89cc2802-d61b-4ea0-a103-96abb81a6675",
                  "isHook": false,
                  "skipped": false
                },
                {
                  "title": "should return the correct debt value (+CR) with less than 18 decimal collateral",
                  "fullTitle": "Asset Amounts & Values #Kresko Asset Debt Values should return the correct debt value (+CR) with less than 18 decimal collateral",
                  "timedOut": false,
                  "duration": 595,
                  "state": "passed",
                  "speed": "slow",
                  "pass": true,
                  "fail": false,
                  "pending": false,
                  "context": null,
                  "code": "const depositAmount = (0, _values.toBig)(10, 8);\nawait User.depositCollateral(f.user.address, f.CollateralAsset8Dec.address, depositAmount);\nconst mintAmount = (0, _values.toBig)(1);\nconst expectedMintValue = (0, _values.toBig)(20, f.oracleDecimals); // kFactor = 2, krAssetPrice = 10, mintAmount = 1, openFee = 0.1\nawait User.mintKreskoAsset(f.user.address, f.KreskoAsset.address, mintAmount);\nconst expectedDepositValue = (0, _values.toBig)(49.5, f.oracleDecimals); // cfactor = 0.5, collateralPrice = 10, depositAmount = 10, openFee = 0.1\nconst depositValue = await hre.Diamond.getAccountTotalCollateralValue(f.user.address);\n(0, _chai.expect)(depositValue).to.equal(expectedDepositValue);\nconst mintValue = await hre.Diamond.getAccountTotalDebtValue(f.user.address);\n(0, _chai.expect)(mintValue).to.equal(expectedMintValue);\nconst assetValue = await hre.Diamond.getValue(f.KreskoAsset.address, mintAmount);\nconst kFactor = (await hre.Diamond.getAsset(f.KreskoAsset.address)).kFactor;\n(0, _chai.expect)(assetValue).to.equal(expectedMintValue.percentDiv(kFactor));\nconst collateralRatio = await hre.Diamond.getAccountCollateralRatio(f.user.address);\n(0, _chai.expect)(collateralRatio).to.equal(expectedDepositValue.percentDiv(expectedMintValue)); // 2.475",
                  "err": {},
                  "uuid": "14b25b08-84c5-4780-b319-744a0e085790",
                  "parentUUID": "89cc2802-d61b-4ea0-a103-96abb81a6675",
                  "isHook": false,
                  "skipped": false
                },
                {
                  "title": "should return the correct debt value (+CR) with more than 18 decimal collateral",
                  "fullTitle": "Asset Amounts & Values #Kresko Asset Debt Values should return the correct debt value (+CR) with more than 18 decimal collateral",
                  "timedOut": false,
                  "duration": 587,
                  "state": "passed",
                  "speed": "slow",
                  "pass": true,
                  "fail": false,
                  "pending": false,
                  "context": null,
                  "code": "const depositAmount = (0, _values.toBig)(10, 21);\nawait User.depositCollateral(f.user.address, f.CollateralAsset21Dec.address, depositAmount);\nconst mintAmount = (0, _values.toBig)(1);\nconst expectedMintValue = (0, _values.toBig)(20, f.oracleDecimals); // kFactor = 2, krAssetPrice = 10, mintAmount = 1, openFee = 0.1\nawait User.mintKreskoAsset(f.user.address, f.KreskoAsset.address, mintAmount);\nconst expectedDepositValue = (0, _values.toBig)(49.5, f.oracleDecimals); // cfactor = 0.5, collateralPrice = 10, depositAmount = 10, openFee = 0.1\nconst depositValue = await hre.Diamond.getAccountTotalCollateralValue(f.user.address);\n(0, _chai.expect)(depositValue).to.equal(expectedDepositValue);\nconst mintValue = await hre.Diamond.getAccountTotalDebtValue(f.user.address);\n(0, _chai.expect)(mintValue).to.equal(expectedMintValue);\nconst assetValue = await hre.Diamond.getValue(f.KreskoAsset.address, mintAmount);\nconst kFactor = (await hre.Diamond.getAsset(f.KreskoAsset.address)).kFactor;\n(0, _chai.expect)(assetValue).to.equal(expectedMintValue.percentDiv(kFactor));\nconst collateralRatio = await hre.Diamond.getAccountCollateralRatio(f.user.address);\n(0, _chai.expect)(collateralRatio).to.equal(expectedDepositValue.percentDiv(expectedMintValue)); // 2.475",
                  "err": {},
                  "uuid": "b14a11e1-edad-446e-9991-a690ec00f917",
                  "parentUUID": "89cc2802-d61b-4ea0-a103-96abb81a6675",
                  "isHook": false,
                  "skipped": false
                }
              ],
              "suites": [],
              "passes": [
                "660a8c37-19f5-496e-997b-17b570670d01",
                "14b25b08-84c5-4780-b319-744a0e085790",
                "b14a11e1-edad-446e-9991-a690ec00f917"
              ],
              "failures": [],
              "pending": [],
              "skipped": [],
              "duration": 1772,
              "root": false,
              "rootEmpty": false,
              "_timeout": 30000
            }
          ],
          "passes": [],
          "failures": [],
          "pending": [],
          "skipped": [],
          "duration": 0,
          "root": false,
          "rootEmpty": false,
          "_timeout": 30000
        },
        {
          "uuid": "e7785743-0461-4baa-ab3e-9f94ac2c0452",
          "title": "Diamond",
          "fullFile": "/Users/panukettunen/Projects/kresko-protocol/src/test/diamond/00-init.ts",
          "file": "/src/test/diamond/00-init.ts",
          "beforeHooks": [
            {
              "title": "\"before each\" hook in \"Diamond\"",
              "fullTitle": "Diamond \"before each\" hook in \"Diamond\"",
              "timedOut": false,
              "duration": 0,
              "state": null,
              "speed": null,
              "pass": false,
              "fail": false,
              "pending": false,
              "context": null,
              "code": "f = await (0, _fixtures.diamondFixture)();",
              "err": {},
              "uuid": "84afca66-e662-4760-ad01-7e6221c28dc9",
              "parentUUID": "e7785743-0461-4baa-ab3e-9f94ac2c0452",
              "isHook": true,
              "skipped": false
            }
          ],
          "afterHooks": [],
          "tests": [],
          "suites": [
            {
              "uuid": "1869dd91-7b62-44e4-b617-0dbd1a5155a2",
              "title": "#initialization",
              "fullFile": "/Users/panukettunen/Projects/kresko-protocol/src/test/diamond/00-init.ts",
              "file": "/src/test/diamond/00-init.ts",
              "beforeHooks": [],
              "afterHooks": [],
              "tests": [
                {
                  "title": "sets correct state",
                  "fullTitle": "Diamond #initialization sets correct state",
                  "timedOut": false,
                  "duration": 69,
                  "state": "passed",
                  "speed": "medium",
                  "pass": true,
                  "fail": false,
                  "pending": false,
                  "context": null,
                  "code": "(0, _chai.expect)(await _hardhat.default.Diamond.owner()).to.equal(_hardhat.default.users.deployer.address);\n(0, _chai.expect)(await _hardhat.default.Diamond.initialized()).to.equal(true);",
                  "err": {},
                  "uuid": "28f0e07b-394e-4139-a7d0-0ce59ebfe6dd",
                  "parentUUID": "1869dd91-7b62-44e4-b617-0dbd1a5155a2",
                  "isHook": false,
                  "skipped": false
                },
                {
                  "title": "sets standard facet addresses",
                  "fullTitle": "Diamond #initialization sets standard facet addresses",
                  "timedOut": false,
                  "duration": 79,
                  "state": "passed",
                  "speed": "slow",
                  "pass": true,
                  "fail": false,
                  "pending": false,
                  "context": null,
                  "code": "const facetAddressesOnChain = (await _hardhat.default.Diamond.facets()).map((f)=>f.facetAddress);\nconst facetAddressesArtifact = f.facets.map((f)=>f.facetAddress);\n(0, _chai.expect)(facetAddressesOnChain.length).to.equal(facetAddressesArtifact.length);\n(0, _chai.expect)(facetAddressesOnChain).to.have.members(facetAddressesArtifact);",
                  "err": {},
                  "uuid": "262c59f2-540f-4989-af29-2cc6e6eac4db",
                  "parentUUID": "1869dd91-7b62-44e4-b617-0dbd1a5155a2",
                  "isHook": false,
                  "skipped": false
                },
                {
                  "title": "sets selectors of standard facets",
                  "fullTitle": "Diamond #initialization sets selectors of standard facets",
                  "timedOut": false,
                  "duration": 81,
                  "state": "passed",
                  "speed": "slow",
                  "pass": true,
                  "fail": false,
                  "pending": false,
                  "context": null,
                  "code": "const facetsSelectorsOnChain = (await _hardhat.default.Diamond.facets()).flatMap((f)=>f.functionSelectors);\nconst facetSelectorsOnArtifact = f.facets.flatMap((f)=>f.functionSelectors);\n(0, _chai.expect)(facetsSelectorsOnChain.length).to.equal(facetSelectorsOnArtifact.length);\n(0, _chai.expect)(facetsSelectorsOnChain).to.have.members(facetSelectorsOnArtifact);",
                  "err": {},
                  "uuid": "3723c98b-d3ac-4513-b9c6-5c5646c0e9ce",
                  "parentUUID": "1869dd91-7b62-44e4-b617-0dbd1a5155a2",
                  "isHook": false,
                  "skipped": false
                }
              ],
              "suites": [],
              "passes": [
                "28f0e07b-394e-4139-a7d0-0ce59ebfe6dd",
                "262c59f2-540f-4989-af29-2cc6e6eac4db",
                "3723c98b-d3ac-4513-b9c6-5c5646c0e9ce"
              ],
              "failures": [],
              "pending": [],
              "skipped": [],
              "duration": 229,
              "root": false,
              "rootEmpty": false,
              "_timeout": 30000
            }
          ],
          "passes": [],
          "failures": [],
          "pending": [],
          "skipped": [],
          "duration": 0,
          "root": false,
          "rootEmpty": false,
          "_timeout": 30000
        },
        {
          "uuid": "b591c216-8970-4892-9c49-77f349af806e",
          "title": "Diamond",
          "fullFile": "/Users/panukettunen/Projects/kresko-protocol/src/test/diamond/01-ownership.ts",
          "file": "/src/test/diamond/01-ownership.ts",
          "beforeHooks": [
            {
              "title": "\"before each\" hook in \"Diamond\"",
              "fullTitle": "Diamond \"before each\" hook in \"Diamond\"",
              "timedOut": false,
              "duration": 0,
              "state": null,
              "speed": null,
              "pass": false,
              "fail": false,
              "pending": false,
              "context": null,
              "code": "await (0, _fixtures.diamondFixture)();",
              "err": {},
              "uuid": "f9171a4b-a7b4-47df-b1c1-120952115438",
              "parentUUID": "b591c216-8970-4892-9c49-77f349af806e",
              "isHook": true,
              "skipped": false
            }
          ],
          "afterHooks": [],
          "tests": [],
          "suites": [
            {
              "uuid": "1b9b7797-9a26-4dc5-ae71-19165488d739",
              "title": "#ownership",
              "fullFile": "/Users/panukettunen/Projects/kresko-protocol/src/test/diamond/01-ownership.ts",
              "file": "/src/test/diamond/01-ownership.ts",
              "beforeHooks": [],
              "afterHooks": [],
              "tests": [
                {
                  "title": "sets correct owner",
                  "fullTitle": "Diamond #ownership sets correct owner",
                  "timedOut": false,
                  "duration": 35,
                  "state": "passed",
                  "speed": "fast",
                  "pass": true,
                  "fail": false,
                  "pending": false,
                  "context": null,
                  "code": "(0, _chai.expect)(await hre.Diamond.owner()).to.equal(hre.addr.deployer);",
                  "err": {},
                  "uuid": "6842d436-2ef4-4770-aa2e-536c65368036",
                  "parentUUID": "1b9b7797-9a26-4dc5-ae71-19165488d739",
                  "isHook": false,
                  "skipped": false
                },
                {
                  "title": "sets correct default admin role",
                  "fullTitle": "Diamond #ownership sets correct default admin role",
                  "timedOut": false,
                  "duration": 36,
                  "state": "passed",
                  "speed": "fast",
                  "pass": true,
                  "fail": false,
                  "pending": false,
                  "context": null,
                  "code": "(0, _chai.expect)(await hre.Diamond.hasRole(_roles.default.ADMIN, hre.addr.deployer)).to.equal(true);",
                  "err": {},
                  "uuid": "40632fb8-0418-47a8-85de-eddfb09356ca",
                  "parentUUID": "1b9b7797-9a26-4dc5-ae71-19165488d739",
                  "isHook": false,
                  "skipped": false
                },
                {
                  "title": "sets a new pending owner",
                  "fullTitle": "Diamond #ownership sets a new pending owner",
                  "timedOut": false,
                  "duration": 74,
                  "state": "passed",
                  "speed": "medium",
                  "pass": true,
                  "fail": false,
                  "pending": false,
                  "context": null,
                  "code": "const pendingOwner = hre.users.userOne;\nawait hre.Diamond.transferOwnership(pendingOwner.address);\n(0, _chai.expect)(await hre.Diamond.pendingOwner()).to.equal(pendingOwner.address);",
                  "err": {},
                  "uuid": "fd72875e-26b3-4f79-a118-2be0b1afb1b6",
                  "parentUUID": "1b9b7797-9a26-4dc5-ae71-19165488d739",
                  "isHook": false,
                  "skipped": false
                },
                {
                  "title": "sets the pending owner as new owner",
                  "fullTitle": "Diamond #ownership sets the pending owner as new owner",
                  "timedOut": false,
                  "duration": 117,
                  "state": "passed",
                  "speed": "slow",
                  "pass": true,
                  "fail": false,
                  "pending": false,
                  "context": null,
                  "code": "const pendingOwner = hre.users.userOne;\nawait hre.Diamond.transferOwnership(pendingOwner.address);\nawait (0, _general.wrapContractWithSigner)(hre.Diamond, pendingOwner).acceptOwnership();\n(0, _chai.expect)(await hre.Diamond.owner()).to.equal(pendingOwner.address);",
                  "err": {},
                  "uuid": "44965767-e9c2-4012-9c5b-ef9832fea31b",
                  "parentUUID": "1b9b7797-9a26-4dc5-ae71-19165488d739",
                  "isHook": false,
                  "skipped": false
                }
              ],
              "suites": [],
              "passes": [
                "6842d436-2ef4-4770-aa2e-536c65368036",
                "40632fb8-0418-47a8-85de-eddfb09356ca",
                "fd72875e-26b3-4f79-a118-2be0b1afb1b6",
                "44965767-e9c2-4012-9c5b-ef9832fea31b"
              ],
              "failures": [],
              "pending": [],
              "skipped": [],
              "duration": 262,
              "root": false,
              "rootEmpty": false,
              "_timeout": 30000
            }
          ],
          "passes": [],
          "failures": [],
          "pending": [],
          "skipped": [],
          "duration": 0,
          "root": false,
          "rootEmpty": false,
          "_timeout": 30000
        },
        {
          "uuid": "5816d599-749b-4730-948b-f52e4a0aefa6",
          "title": "Diamond",
          "fullFile": "/Users/panukettunen/Projects/kresko-protocol/src/test/diamond/02-upgrades.ts",
          "file": "/src/test/diamond/02-upgrades.ts",
          "beforeHooks": [
            {
              "title": "\"before each\" hook in \"Diamond\"",
              "fullTitle": "Diamond \"before each\" hook in \"Diamond\"",
              "timedOut": false,
              "duration": 1,
              "state": null,
              "speed": null,
              "pass": false,
              "fail": false,
              "pending": false,
              "context": null,
              "code": "await (0, _fixtures.diamondFixture)();",
              "err": {},
              "uuid": "52f7ccdc-9571-4da8-96b8-737d75cc96c2",
              "parentUUID": "5816d599-749b-4730-948b-f52e4a0aefa6",
              "isHook": true,
              "skipped": false
            }
          ],
          "afterHooks": [],
          "tests": [],
          "suites": [
            {
              "uuid": "d1fa184e-ed65-42c7-8255-900aa238f472",
              "title": "#upgrades",
              "fullFile": "/Users/panukettunen/Projects/kresko-protocol/src/test/diamond/02-upgrades.ts",
              "file": "/src/test/diamond/02-upgrades.ts",
              "beforeHooks": [],
              "afterHooks": [],
              "tests": [
                {
                  "title": "can add a new facet",
                  "fullTitle": "Diamond #upgrades can add a new facet",
                  "timedOut": false,
                  "duration": 296,
                  "state": "passed",
                  "speed": "slow",
                  "pass": true,
                  "fail": false,
                  "pending": false,
                  "context": null,
                  "code": "const Factory = await _smock.smock.mock('SmockFacet');\nconst SmockFacet = await Factory.deploy();\nconst [SmockInitializer] = await hre.deploy('SmockInit');\nconst signatures = hre.getSignatures([\n    ..._typechain.SmockFacet__factory.abi\n]);\nconst Cut = {\n    facetAddress: SmockFacet.address,\n    functionSelectors: signatures,\n    action: _types.FacetCutAction.Add\n};\nconst initData = await SmockInitializer.populateTransaction.initialize(hre.addr.userOne);\nawait hre.Diamond.diamondCut([\n    Cut\n], initData.to, initData.data);\nconst TEST_OPERATOR_ROLE = hre.ethers.utils.id('kresko.test.operator');\nconst isTestOperator = await hre.Diamond.hasRole(TEST_OPERATOR_ROLE, hre.addr.userOne);\n// Succesfully added the new operator through the initialization contract\n(0, _chai.expect)(isTestOperator).to.equal(true);\nconst Facet = await hre.ethers.getContractAt([\n    ..._typechain.SmockFacet__factory.abi\n], hre.Diamond.address);\n// Ensure facet has it's own storage\nconst operatorFromNewStorage = await Facet.operator(); // Retrieved from SmockStorage\n(0, _chai.expect)(operatorFromNewStorage).to.equal(hre.addr.userOne);",
                  "err": {},
                  "uuid": "62c35260-78a8-4eca-8b49-654667a8c480",
                  "parentUUID": "d1fa184e-ed65-42c7-8255-900aa238f472",
                  "isHook": false,
                  "skipped": false
                },
                {
                  "title": "can remove a facet",
                  "fullTitle": "Diamond #upgrades can remove a facet",
                  "timedOut": false,
                  "duration": 615,
                  "state": "passed",
                  "speed": "slow",
                  "pass": true,
                  "fail": false,
                  "pending": false,
                  "context": null,
                  "code": "const NewFacet = await (0, _addfacet.addFacet)({\n    name: 'SmockFacet',\n    initializerName: 'SmockInit',\n    initializerArgs: hre.addr.userOne\n});\nconst facetsBefore = await hre.Diamond.facets();\n(0, _chai.expect)(facetsBefore.filter((f)=>f.facetAddress === NewFacet.address).length).to.equal(1);\nawait (0, _removefacet.removeFacet)({\n    name: 'SmockFacet'\n});\nconst facetsAfter = await hre.Diamond.facets();\n(0, _chai.expect)(facetsBefore.length - facetsAfter.length).to.equal(1);\n(0, _chai.expect)(facetsAfter).to.not.deep.contain(NewFacet.address);",
                  "err": {},
                  "uuid": "97b397b4-45ea-483a-b449-93ba737e1476",
                  "parentUUID": "d1fa184e-ed65-42c7-8255-900aa238f472",
                  "isHook": false,
                  "skipped": false
                },
                {
                  "title": "can remove a function",
                  "fullTitle": "Diamond #upgrades can remove a function",
                  "timedOut": false,
                  "duration": 150,
                  "state": "passed",
                  "speed": "slow",
                  "pass": true,
                  "fail": false,
                  "pending": false,
                  "context": null,
                  "code": "// Delete acceptOwnership from DiamondOwnershipFacet\n// Check there is no pending owner\nlet pendingOwner = await hre.Diamond.pendingOwner();\n(0, _chai.expect)(pendingOwner).to.equal(hre.ethers.constants.AddressZero);\n// Transfer to eg. wrong address\nconst wrongOwner = hre.addr.notAdmin;\nawait hre.Diamond.transferOwnership(wrongOwner);\n// Ensure\npendingOwner = await hre.Diamond.pendingOwner();\n(0, _chai.expect)(pendingOwner).to.equal(wrongOwner);\n// Fragment and signature for acceptOwnersip\nconst functionFragment = hre.Diamond.interface.functions['acceptOwnership()'];\nconst signature = hre.ethers.utils.Interface.getSighash(functionFragment);\nconst facetAddress = await hre.Diamond.facetAddress(signature);\nconst functions = await hre.Diamond.facetFunctionSelectors(facetAddress);\nconst Cut = {\n    facetAddress: hre.ethers.constants.AddressZero,\n    action: _types.FacetCutAction.Remove,\n    functionSelectors: [\n        signature\n    ]\n};\n// We will set a correct owner with delegatecall into the Diamond itself with the cut transaction\nconst correctOwner = hre.addr.userOne;\nconst initData = await hre.Diamond.populateTransaction.transferOwnership(correctOwner);\nawait hre.Diamond.diamondCut([\n    Cut\n], initData.to, initData.data);\n// Ensure rest of the functions remain\nconst functionsAfterCut = await hre.Diamond.facetFunctionSelectors(facetAddress);\n(0, _chai.expect)(functionsAfterCut.length).to.equal(functions.length - 1);\n// Ensure delegatecall did set the correct pending owner with the cut\nconst contract = await hre.ethers.getContractAt('AuthEvent', hre.Diamond.address);\nconst filter = contract.filters.PendingOwnershipTransfer(hre.addr.deployer, correctOwner);\nconst [event] = await contract.queryFilter(filter);\nconst { previousOwner, newOwner } = event.args;\n(0, _chai.expect)(previousOwner).to.equal(hre.addr.deployer);\n(0, _chai.expect)(newOwner).to.equal(correctOwner);\n// Ensure there is no function to accept the ownership\nawait (0, _chai.expect)((0, _general.wrapContractWithSigner)(hre.Diamond, hre.users.notAdmin).acceptOwnership()).to.be.reverted;",
                  "err": {},
                  "uuid": "ca3bebe2-8440-4f83-b4e2-fc548314926f",
                  "parentUUID": "d1fa184e-ed65-42c7-8255-900aa238f472",
                  "isHook": false,
                  "skipped": false
                },
                {
                  "title": "can replace a function",
                  "fullTitle": "Diamond #upgrades can replace a function",
                  "timedOut": false,
                  "duration": 222,
                  "state": "passed",
                  "speed": "slow",
                  "pass": true,
                  "fail": false,
                  "pending": false,
                  "context": null,
                  "code": "// Same as above but instead replace the function\n// Check there is no pending owner\nlet pendingOwner = await hre.Diamond.pendingOwner();\n(0, _chai.expect)(pendingOwner).to.equal(hre.ethers.constants.AddressZero);\n// Transfer to eg. wrong address\nconst wrongOwner = hre.addr.notAdmin;\nawait hre.Diamond.transferOwnership(wrongOwner);\n// Ensure\npendingOwner = await hre.Diamond.pendingOwner();\n(0, _chai.expect)(pendingOwner).to.equal(wrongOwner);\n// Fragment and signature for acceptOwnersip\nconst functionFragment = hre.Diamond.interface.functions['acceptOwnership()'];\nconst signature = hre.ethers.utils.Interface.getSighash(functionFragment);\nconst OldOwnershipFacet = await hre.Diamond.facetAddress(signature);\nconst [NewOwnershipFacet, allOwnershipFacetSignatures] = await hre.deploy('DiamondOwnershipFacet', {\n    deploymentName: 'DiamondOwnershipFacet2'\n});\n// Only replace a single function, we could replace all of them\nconst Cut = {\n    facetAddress: NewOwnershipFacet.address,\n    action: _types.FacetCutAction.Replace,\n    functionSelectors: [\n        signature\n    ]\n};\n// We will set a correct owner with delegatecall into the Diamond itself with the cut transaction\nconst correctOwner = hre.addr.userOne;\nconst initData = await hre.Diamond.populateTransaction.transferOwnership(correctOwner);\nawait hre.Diamond.diamondCut([\n    Cut\n], initData.to, initData.data);\n// Ensure function exists and revert is for invalid address instead of missing function\nawait (0, _chai.expect)((0, _general.wrapContractWithSigner)(hre.Diamond, hre.users.notAdmin).acceptOwnership()).to.be.reverted;\n// Ensure one function is contained in the new facet\nconst functionsNewFacet = await hre.Diamond.facetFunctionSelectors(NewOwnershipFacet.address);\n(0, _chai.expect)(functionsNewFacet.length).to.equal(1);\n(0, _chai.expect)(functionsNewFacet).to.have.members([\n    signature\n]);\n// Ensure rest are in the previous one\nconst functionsOldFacet = await hre.Diamond.facetFunctionSelectors(OldOwnershipFacet);\n(0, _chai.expect)(functionsOldFacet).to.not.have.members([\n    signature\n]);\n(0, _chai.expect)(functionsOldFacet.length).to.equal(allOwnershipFacetSignatures.length - 1);\n// Ensure correct owner can now accept the ownership\n(0, _chai.expect)((0, _general.wrapContractWithSigner)(hre.Diamond, hre.users.userOne).acceptOwnership());\nconst currentOwner = await hre.Diamond.owner();\n(0, _chai.expect)(currentOwner).to.equal(correctOwner);",
                  "err": {},
                  "uuid": "9c090cad-728e-4984-8304-7d2f207ec871",
                  "parentUUID": "d1fa184e-ed65-42c7-8255-900aa238f472",
                  "isHook": false,
                  "skipped": false
                },
                {
                  "title": "can upgrade state",
                  "fullTitle": "Diamond #upgrades can upgrade state",
                  "timedOut": false,
                  "duration": 197,
                  "state": "passed",
                  "speed": "slow",
                  "pass": true,
                  "fail": false,
                  "pending": false,
                  "context": null,
                  "code": "(0, _chai.expect)(await hre.Diamond.initialized()).to.equal(true);\nconst Factory = await _smock.smock.mock('SmockInit');\nconst SmockInit = await Factory.deploy();\nconst tx = await SmockInit.populateTransaction.upgradeState();\nawait hre.Diamond.upgradeState(tx.to, tx.data);\n(0, _chai.expect)(await hre.Diamond.initialized()).to.equal(false);",
                  "err": {},
                  "uuid": "2c19384d-6e5f-439a-8f36-e51ed016bf20",
                  "parentUUID": "d1fa184e-ed65-42c7-8255-900aa238f472",
                  "isHook": false,
                  "skipped": false
                },
                {
                  "title": "can preserve old state when extending storage layout",
                  "fullTitle": "Diamond #upgrades can preserve old state when extending storage layout",
                  "timedOut": false,
                  "duration": 696,
                  "state": "passed",
                  "speed": "slow",
                  "pass": true,
                  "fail": false,
                  "pending": false,
                  "context": null,
                  "code": "(0, _chai.expect)(await hre.Diamond.initialized()).to.equal(true);\n// Add the first facet\nconst Factory = await _smock.smock.mock('SmockFacet');\nconst SmockFacet = await Factory.deploy();\nconst [SmockInitializer] = await hre.deploy('SmockInit');\nconst signatures = hre.getSignatures([\n    ..._typechain.SmockFacet__factory.abi\n]);\nconst Cut = {\n    facetAddress: SmockFacet.address,\n    functionSelectors: signatures,\n    action: _types.FacetCutAction.Add\n};\nconst initData = await SmockInitializer.populateTransaction.initialize(hre.addr.userOne);\nawait hre.Diamond.diamondCut([\n    Cut\n], initData.to, initData.data);\nconst Diamond = await hre.ethers.getContractAt('SmockFacet', hre.Diamond.address);\nconst isInitialized = await Diamond.smockInitialized();\n(0, _chai.expect)(isInitialized).to.equal(true);\n// Add facet with extended state\n// Add the first facet\nconst Factory2 = await _smock.smock.mock('SmockFacet2');\nconst SmockFacet2 = await Factory2.deploy();\nconst signatures2 = hre.getSignatures([\n    ..._typechain.SmockFacet2__factory.abi\n]);\nconst Cut2 = {\n    facetAddress: SmockFacet2.address,\n    functionSelectors: signatures2,\n    action: _types.FacetCutAction.Add\n};\n// Initializer only sets the new extended value, does not touch old storage\nconst initData2 = await SmockFacet2.populateTransaction.initialize();\nawait hre.Diamond.diamondCut([\n    Cut2\n], initData2.to, initData2.data);\n// Here we have appended the storage layout with the `extended` bool property.\nconst DiamondExtended = await hre.ethers.getContractAt('SmockFacet2', hre.Diamond.address);\nconst initializedAfterExtend = await DiamondExtended.getOldStructValueFromExtended();\nconst extendedValue = await DiamondExtended.getNewStructValueFromExtended();\n// Old values remain\n(0, _chai.expect)(initializedAfterExtend).to.equal(true);\n// And we get new ones\n(0, _chai.expect)(extendedValue).to.equal(true);",
                  "err": {},
                  "uuid": "e76395cf-a191-4e41-8da4-98198de3ae59",
                  "parentUUID": "d1fa184e-ed65-42c7-8255-900aa238f472",
                  "isHook": false,
                  "skipped": false
                }
              ],
              "suites": [],
              "passes": [
                "62c35260-78a8-4eca-8b49-654667a8c480",
                "97b397b4-45ea-483a-b449-93ba737e1476",
                "ca3bebe2-8440-4f83-b4e2-fc548314926f",
                "9c090cad-728e-4984-8304-7d2f207ec871",
                "2c19384d-6e5f-439a-8f36-e51ed016bf20",
                "e76395cf-a191-4e41-8da4-98198de3ae59"
              ],
              "failures": [],
              "pending": [],
              "skipped": [],
              "duration": 2176,
              "root": false,
              "rootEmpty": false,
              "_timeout": 30000
            }
          ],
          "passes": [],
          "failures": [],
          "pending": [],
          "skipped": [],
          "duration": 0,
          "root": false,
          "rootEmpty": false,
          "_timeout": 30000
        },
        {
          "uuid": "2f62fadb-bbed-4aba-bcab-8a4c4cb60cb8",
          "title": "Diamond",
          "fullFile": "/Users/panukettunen/Projects/kresko-protocol/src/test/diamond/03-protocol.ts",
          "file": "/src/test/diamond/03-protocol.ts",
          "beforeHooks": [
            {
              "title": "\"before each\" hook in \"Diamond\"",
              "fullTitle": "Diamond \"before each\" hook in \"Diamond\"",
              "timedOut": false,
              "duration": 0,
              "state": null,
              "speed": null,
              "pass": false,
              "fail": false,
              "pending": false,
              "context": null,
              "code": "await (0, _fixtures.defaultFixture)();",
              "err": {},
              "uuid": "a343a7a0-08ba-43ee-a2ed-9a9ae9b37def",
              "parentUUID": "2f62fadb-bbed-4aba-bcab-8a4c4cb60cb8",
              "isHook": true,
              "skipped": false
            }
          ],
          "afterHooks": [],
          "tests": [],
          "suites": [
            {
              "uuid": "074eae09-ef7a-48fc-8b3f-e386c07a2367",
              "title": "#protocol initialization",
              "fullFile": "/Users/panukettunen/Projects/kresko-protocol/src/test/diamond/03-protocol.ts",
              "file": "/src/test/diamond/03-protocol.ts",
              "beforeHooks": [],
              "afterHooks": [],
              "tests": [
                {
                  "title": "initialized all facets",
                  "fullTitle": "Diamond #protocol initialization initialized all facets",
                  "timedOut": false,
                  "duration": 78,
                  "state": "passed",
                  "speed": "slow",
                  "pass": true,
                  "fail": false,
                  "pending": false,
                  "context": null,
                  "code": "const facetsOnChain = (await hre.Diamond.facets()).map(([facetAddress, functionSelectors])=>({\n        facetAddress,\n        functionSelectors\n    }));\nconst expectedFacets = await Promise.all([\n    ..._deploy.minterFacets,\n    ..._deploy.diamondFacets,\n    ..._deploy.scdpFacets,\n    ..._deploy.commonFacets\n].map(async (name)=>{\n    const deployment = await hre.deployments.get(name);\n    return {\n        facetAddress: deployment.address,\n        functionSelectors: facetsOnChain.find((f)=>f.facetAddress === deployment.address).functionSelectors\n    };\n}));\n(0, _chai.expect)(facetsOnChain).to.have.deep.members(expectedFacets);",
                  "err": {},
                  "uuid": "81a5ee62-9c33-4061-8fd9-fb0826e6fc70",
                  "parentUUID": "074eae09-ef7a-48fc-8b3f-e386c07a2367",
                  "isHook": false,
                  "skipped": false
                },
                {
                  "title": "initialized correct state",
                  "fullTitle": "Diamond #protocol initialization initialized correct state",
                  "timedOut": false,
                  "duration": 277,
                  "state": "passed",
                  "speed": "slow",
                  "pass": true,
                  "fail": false,
                  "pending": false,
                  "context": null,
                  "code": "(0, _chai.expect)(await hre.Diamond.getStorageVersion()).to.equal(4);\nconst { args } = await (0, _deploy.getCommonInitializer)(hre);\nconst { args: minterArgs } = await (0, _deploy.getMinterInitializer)(hre);\nconst { args: scdpArgs } = await (0, _deploy.getSCDPInitializer)(hre);\n(0, _chai.expect)(await hre.Diamond.hasRole(_roles.Role.ADMIN, args.admin)).to.equal(true);\n(0, _chai.expect)(await hre.Diamond.hasRole(_roles.Role.SAFETY_COUNCIL, hre.Multisig.address)).to.equal(true);\n(0, _chai.expect)(await hre.Diamond.getFeeRecipient()).to.equal(args.treasury);\n(0, _chai.expect)(await hre.Diamond.getMinCollateralRatio()).to.equal(minterArgs.minCollateralRatio);\nconst scdpParams = await hre.Diamond.getCurrentParametersSCDP();\n(0, _chai.expect)(scdpParams.minCollateralRatio).to.equal(scdpArgs.minCollateralRatio);\n(0, _chai.expect)(scdpParams.liquidationThreshold).to.equal(scdpArgs.liquidationThreshold);\n(0, _chai.expect)(scdpParams.swapFeeRecipient).to.equal(scdpArgs.swapFeeRecipient);\n(0, _chai.expect)(await hre.Diamond.getMinDebtValue()).to.equal(args.minDebtValue);\n(0, _chai.expect)(await hre.Diamond.getOracleDeviationPct()).to.equal(args.oracleDeviationPct);",
                  "err": {},
                  "uuid": "cce7055b-b5c2-422e-afaa-a02fc517f534",
                  "parentUUID": "074eae09-ef7a-48fc-8b3f-e386c07a2367",
                  "isHook": false,
                  "skipped": false
                }
              ],
              "suites": [],
              "passes": [
                "81a5ee62-9c33-4061-8fd9-fb0826e6fc70",
                "cce7055b-b5c2-422e-afaa-a02fc517f534"
              ],
              "failures": [],
              "pending": [],
              "skipped": [],
              "duration": 355,
              "root": false,
              "rootEmpty": false,
              "_timeout": 30000
            }
          ],
          "passes": [],
          "failures": [],
          "pending": [],
          "skipped": [],
          "duration": 0,
          "root": false,
          "rootEmpty": false,
          "_timeout": 30000
        },
        {
          "uuid": "b164e367-ff40-4502-abc0-aded9a898585",
          "title": "Forking",
          "fullFile": "/Users/panukettunen/Projects/kresko-protocol/src/test/forking/00-setup.ts",
          "file": "/src/test/forking/00-setup.ts",
          "beforeHooks": [],
          "afterHooks": [],
          "tests": [],
          "suites": [
            {
              "uuid": "b8bccc05-46be-40d4-9318-e6d48c784a6f",
              "title": "#setup",
              "fullFile": "/Users/panukettunen/Projects/kresko-protocol/src/test/forking/00-setup.ts",
              "file": "/src/test/forking/00-setup.ts",
              "beforeHooks": [],
              "afterHooks": [],
              "tests": [
                {
                  "title": "should get Kresko from the companion network locally",
                  "fullTitle": "Forking #setup should get Kresko from the companion network locally",
                  "timedOut": false,
                  "duration": 0,
                  "state": "pending",
                  "speed": null,
                  "pass": false,
                  "fail": false,
                  "pending": true,
                  "context": null,
                  "code": "",
                  "err": {},
                  "uuid": "759f3502-8cfa-4dc4-9db5-cb7fc417c262",
                  "parentUUID": "b8bccc05-46be-40d4-9318-e6d48c784a6f",
                  "isHook": false,
                  "skipped": false
                }
              ],
              "suites": [],
              "passes": [],
              "failures": [],
              "pending": [
                "759f3502-8cfa-4dc4-9db5-cb7fc417c262"
              ],
              "skipped": [],
              "duration": 0,
              "root": false,
              "rootEmpty": false,
              "_timeout": 30000
            },
            {
              "uuid": "4286ec0f-e4c5-422e-aa55-404c976bd40c",
              "title": "#rate-upgrade-11-04-2023",
              "fullFile": "/Users/panukettunen/Projects/kresko-protocol/src/test/forking/00-setup.ts",
              "file": "/src/test/forking/00-setup.ts",
              "beforeHooks": [],
              "afterHooks": [],
              "tests": [
                {
                  "title": "should be able to deploy facets",
                  "fullTitle": "Forking #rate-upgrade-11-04-2023 should be able to deploy facets",
                  "timedOut": false,
                  "duration": 0,
                  "state": "pending",
                  "speed": null,
                  "pass": false,
                  "fail": false,
                  "pending": true,
                  "context": null,
                  "code": "",
                  "err": {},
                  "uuid": "7a9d916d-0833-42e0-963e-939771576293",
                  "parentUUID": "4286ec0f-e4c5-422e-aa55-404c976bd40c",
                  "isHook": false,
                  "skipped": false
                }
              ],
              "suites": [],
              "passes": [],
              "failures": [],
              "pending": [
                "7a9d916d-0833-42e0-963e-939771576293"
              ],
              "skipped": [],
              "duration": 0,
              "root": false,
              "rootEmpty": false,
              "_timeout": 30000
            }
          ],
          "passes": [],
          "failures": [],
          "pending": [],
          "skipped": [],
          "duration": 0,
          "root": false,
          "rootEmpty": false,
          "_timeout": 30000
        },
        {
          "uuid": "bf012a55-8734-4e37-ac97-32d78252f1ff",
          "title": "KreskoAsset",
          "fullFile": "/Users/panukettunen/Projects/kresko-protocol/src/test/krasset/00-init.ts",
          "file": "/src/test/krasset/00-init.ts",
          "beforeHooks": [
            {
              "title": "\"before each\" hook in \"KreskoAsset\"",
              "fullTitle": "KreskoAsset \"before each\" hook in \"KreskoAsset\"",
              "timedOut": false,
              "duration": 1,
              "state": null,
              "speed": null,
              "pass": false,
              "fail": false,
              "pending": false,
              "context": null,
              "code": "f = await (0, _fixtures.kreskoAssetFixture)({\n    name,\n    symbol,\n    underlying: _lib.ZERO_ADDRESS\n});",
              "err": {},
              "uuid": "50b2b9a2-49c4-40dc-bbf8-bf32902fa67c",
              "parentUUID": "bf012a55-8734-4e37-ac97-32d78252f1ff",
              "isHook": true,
              "skipped": false
            }
          ],
          "afterHooks": [],
          "tests": [],
          "suites": [
            {
              "uuid": "82ef5427-42f8-4216-8fe7-6d8942853c94",
              "title": "KreskoAsset",
              "fullFile": "/Users/panukettunen/Projects/kresko-protocol/src/test/krasset/00-init.ts",
              "file": "/src/test/krasset/00-init.ts",
              "beforeHooks": [],
              "afterHooks": [],
              "tests": [
                {
                  "title": "cant initialize implementation",
                  "fullTitle": "KreskoAsset KreskoAsset cant initialize implementation",
                  "timedOut": false,
                  "duration": 0,
                  "state": "pending",
                  "speed": null,
                  "pass": false,
                  "fail": false,
                  "pending": true,
                  "context": null,
                  "code": "",
                  "err": {},
                  "uuid": "04a39378-21f9-4c21-aa29-e05a3acea72d",
                  "parentUUID": "82ef5427-42f8-4216-8fe7-6d8942853c94",
                  "isHook": false,
                  "skipped": false
                },
                {
                  "title": "sets correct state",
                  "fullTitle": "KreskoAsset KreskoAsset sets correct state",
                  "timedOut": false,
                  "duration": 22,
                  "state": "passed",
                  "speed": "fast",
                  "pass": true,
                  "fail": false,
                  "pending": false,
                  "context": null,
                  "code": "(0, _chai.expect)(await f.KreskoAsset.name()).to.equal(name);\n(0, _chai.expect)(await f.KreskoAsset.symbol()).to.equal(symbol);\n(0, _chai.expect)(await f.KreskoAsset.kresko()).to.equal(hre.Diamond.address);\n(0, _chai.expect)(await f.KreskoAsset.hasRole(_roles.default.ADMIN, hre.addr.deployer)).to.equal(true);\n(0, _chai.expect)(await f.KreskoAsset.hasRole(_roles.default.OPERATOR, hre.Diamond.address)).to.equal(true);\n(0, _chai.expect)(await f.KreskoAsset.totalSupply()).to.equal(0);\n(0, _chai.expect)(await f.KreskoAsset.isRebased()).to.equal(false);\nconst rebaseInfo = await f.KreskoAsset.rebaseInfo();\n(0, _chai.expect)(rebaseInfo.denominator).to.equal(0);\n(0, _chai.expect)(rebaseInfo.positive).to.equal(false);",
                  "err": {},
                  "uuid": "246f9c25-86c9-400e-ab43-ba886178fea2",
                  "parentUUID": "82ef5427-42f8-4216-8fe7-6d8942853c94",
                  "isHook": false,
                  "skipped": false
                },
                {
                  "title": "can reinitialize metadata",
                  "fullTitle": "KreskoAsset KreskoAsset can reinitialize metadata",
                  "timedOut": false,
                  "duration": 16,
                  "state": "passed",
                  "speed": "fast",
                  "pass": true,
                  "fail": false,
                  "pending": false,
                  "context": null,
                  "code": "const newName = 'foo';\nconst newSymbol = 'bar';\nawait (0, _chai.expect)(f.KreskoAsset.reinitializeERC20(newName, newSymbol, 2)).to.not.be.reverted;\n(0, _chai.expect)(await f.KreskoAsset.name()).to.equal(newName);\n(0, _chai.expect)(await f.KreskoAsset.symbol()).to.equal(newSymbol);",
                  "err": {},
                  "uuid": "e0606844-900b-4f0d-bc6a-5e28566d19d9",
                  "parentUUID": "82ef5427-42f8-4216-8fe7-6d8942853c94",
                  "isHook": false,
                  "skipped": false
                }
              ],
              "suites": [
                {
                  "uuid": "a1fc5a99-bd4a-40ea-b84f-1c8fba0a8733",
                  "title": "#initialization - anchor",
                  "fullFile": "/Users/panukettunen/Projects/kresko-protocol/src/test/krasset/00-init.ts",
                  "file": "/src/test/krasset/00-init.ts",
                  "beforeHooks": [],
                  "afterHooks": [],
                  "tests": [
                    {
                      "title": "cant initialize twice",
                      "fullTitle": "KreskoAsset KreskoAsset #initialization - anchor cant initialize twice",
                      "timedOut": false,
                      "duration": 8,
                      "state": "passed",
                      "speed": "fast",
                      "pass": true,
                      "fail": false,
                      "pending": false,
                      "context": null,
                      "code": "await (0, _chai.expect)(f.KreskoAsset.initialize(name, symbol, 18, hre.addr.deployer, hre.Diamond.address, hre.ethers.constants.AddressZero, hre.addr.deployer, 0, 0)).to.be.reverted;",
                      "err": {},
                      "uuid": "44bd7bae-9788-4a11-bef7-0b733cbdddce",
                      "parentUUID": "a1fc5a99-bd4a-40ea-b84f-1c8fba0a8733",
                      "isHook": false,
                      "skipped": false
                    },
                    {
                      "title": "cant initialize implementation",
                      "fullTitle": "KreskoAsset KreskoAsset #initialization - anchor cant initialize implementation",
                      "timedOut": false,
                      "duration": 0,
                      "state": "pending",
                      "speed": null,
                      "pass": false,
                      "fail": false,
                      "pending": true,
                      "context": null,
                      "code": "",
                      "err": {},
                      "uuid": "5e183fd9-2fca-4c02-9024-cc555722b6dc",
                      "parentUUID": "a1fc5a99-bd4a-40ea-b84f-1c8fba0a8733",
                      "isHook": false,
                      "skipped": false
                    },
                    {
                      "title": "sets correct state",
                      "fullTitle": "KreskoAsset KreskoAsset #initialization - anchor sets correct state",
                      "timedOut": false,
                      "duration": 24,
                      "state": "passed",
                      "speed": "fast",
                      "pass": true,
                      "fail": false,
                      "pending": false,
                      "context": null,
                      "code": "(0, _chai.expect)(await f.KreskoAsset.name()).to.equal(name);\n(0, _chai.expect)(await f.KreskoAsset.symbol()).to.equal(symbol);\n(0, _chai.expect)(await f.KreskoAsset.kresko()).to.equal(hre.Diamond.address);\n(0, _chai.expect)(await f.KreskoAsset.hasRole(_roles.default.ADMIN, hre.addr.deployer)).to.equal(true);\n(0, _chai.expect)(await f.KreskoAsset.hasRole(_roles.default.OPERATOR, hre.Diamond.address)).to.equal(true);\n(0, _chai.expect)(await f.KreskoAsset.totalSupply()).to.equal(0);\n(0, _chai.expect)(await f.KreskoAsset.isRebased()).to.equal(false);\nconst rebaseInfo = await f.KreskoAsset.rebaseInfo();\n(0, _chai.expect)(rebaseInfo.denominator).to.equal(0);\n(0, _chai.expect)(rebaseInfo.positive).to.equal(false);",
                      "err": {},
                      "uuid": "089538eb-b49b-4cf6-9508-a548625f171e",
                      "parentUUID": "a1fc5a99-bd4a-40ea-b84f-1c8fba0a8733",
                      "isHook": false,
                      "skipped": false
                    },
                    {
                      "title": "can reinitialize metadata",
                      "fullTitle": "KreskoAsset KreskoAsset #initialization - anchor can reinitialize metadata",
                      "timedOut": false,
                      "duration": 15,
                      "state": "passed",
                      "speed": "fast",
                      "pass": true,
                      "fail": false,
                      "pending": false,
                      "context": null,
                      "code": "const newName = 'foo';\nconst newSymbol = 'bar';\nawait (0, _chai.expect)(f.KreskoAsset.reinitializeERC20(newName, newSymbol, 2)).to.not.be.reverted;\n(0, _chai.expect)(await f.KreskoAsset.name()).to.equal(newName);\n(0, _chai.expect)(await f.KreskoAsset.symbol()).to.equal(newSymbol);",
                      "err": {},
                      "uuid": "1a1d273b-feb3-4570-8b4f-e1f86a404e4a",
                      "parentUUID": "a1fc5a99-bd4a-40ea-b84f-1c8fba0a8733",
                      "isHook": false,
                      "skipped": false
                    }
                  ],
                  "suites": [],
                  "passes": [
                    "44bd7bae-9788-4a11-bef7-0b733cbdddce",
                    "089538eb-b49b-4cf6-9508-a548625f171e",
                    "1a1d273b-feb3-4570-8b4f-e1f86a404e4a"
                  ],
                  "failures": [],
                  "pending": [
                    "5e183fd9-2fca-4c02-9024-cc555722b6dc"
                  ],
                  "skipped": [],
                  "duration": 47,
                  "root": false,
                  "rootEmpty": false,
                  "_timeout": 30000
                }
              ],
              "passes": [
                "246f9c25-86c9-400e-ab43-ba886178fea2",
                "e0606844-900b-4f0d-bc6a-5e28566d19d9"
              ],
              "failures": [],
              "pending": [
                "04a39378-21f9-4c21-aa29-e05a3acea72d"
              ],
              "skipped": [],
              "duration": 38,
              "root": false,
              "rootEmpty": false,
              "_timeout": 30000
            },
            {
              "uuid": "4c909aeb-c8ec-4cf4-b52e-f5c0992cafff",
              "title": "#initialization - wrapped",
              "fullFile": "/Users/panukettunen/Projects/kresko-protocol/src/test/krasset/00-init.ts",
              "file": "/src/test/krasset/00-init.ts",
              "beforeHooks": [],
              "afterHooks": [],
              "tests": [
                {
                  "title": "cant initialize twice",
                  "fullTitle": "KreskoAsset #initialization - wrapped cant initialize twice",
                  "timedOut": false,
                  "duration": 6,
                  "state": "passed",
                  "speed": "fast",
                  "pass": true,
                  "fail": false,
                  "pending": false,
                  "context": null,
                  "code": "await (0, _chai.expect)(f.KreskoAssetAnchor.initialize(f.KreskoAsset.address, name, symbol, hre.addr.deployer)).to.be.reverted;",
                  "err": {},
                  "uuid": "ed52c2fd-c74e-4ae7-95ee-8f091f70bf33",
                  "parentUUID": "4c909aeb-c8ec-4cf4-b52e-f5c0992cafff",
                  "isHook": false,
                  "skipped": false
                },
                {
                  "title": "sets correct state",
                  "fullTitle": "KreskoAsset #initialization - wrapped sets correct state",
                  "timedOut": false,
                  "duration": 27,
                  "state": "passed",
                  "speed": "fast",
                  "pass": true,
                  "fail": false,
                  "pending": false,
                  "context": null,
                  "code": "(0, _chai.expect)(await f.KreskoAssetAnchor.name()).to.equal(anchorName);\n(0, _chai.expect)(await f.KreskoAssetAnchor.symbol()).to.equal(anchorSymbol);\n(0, _chai.expect)(await f.KreskoAssetAnchor.asset()).to.equal(f.KreskoAsset.address);\n(0, _chai.expect)(await f.KreskoAssetAnchor.hasRole(_roles.default.ADMIN, hre.addr.deployer)).to.equal(true);\n(0, _chai.expect)(await f.KreskoAssetAnchor.hasRole(_roles.default.OPERATOR, hre.Diamond.address)).to.equal(true);\n(0, _chai.expect)(await f.KreskoAssetAnchor.totalSupply()).to.equal(0);\n(0, _chai.expect)(await f.KreskoAssetAnchor.totalAssets()).to.equal(await f.KreskoAsset.totalSupply());\nconst rebaseInfo = await f.KreskoAsset.rebaseInfo();\n(0, _chai.expect)(rebaseInfo.denominator).to.equal(0);\n(0, _chai.expect)(rebaseInfo.positive).to.equal(false);",
                  "err": {},
                  "uuid": "119aba7e-5cd9-46d9-b2ad-e815d70f895e",
                  "parentUUID": "4c909aeb-c8ec-4cf4-b52e-f5c0992cafff",
                  "isHook": false,
                  "skipped": false
                },
                {
                  "title": "cant initialize implementation",
                  "fullTitle": "KreskoAsset #initialization - wrapped cant initialize implementation",
                  "timedOut": false,
                  "duration": 0,
                  "state": "pending",
                  "speed": null,
                  "pass": false,
                  "fail": false,
                  "pending": true,
                  "context": null,
                  "code": "",
                  "err": {},
                  "uuid": "de6efc58-bcba-4450-84f9-4fc19b410e9d",
                  "parentUUID": "4c909aeb-c8ec-4cf4-b52e-f5c0992cafff",
                  "isHook": false,
                  "skipped": false
                },
                {
                  "title": "can reinitialize metadata",
                  "fullTitle": "KreskoAsset #initialization - wrapped can reinitialize metadata",
                  "timedOut": false,
                  "duration": 19,
                  "state": "passed",
                  "speed": "fast",
                  "pass": true,
                  "fail": false,
                  "pending": false,
                  "context": null,
                  "code": "const newName = 'foo';\nconst newSymbol = 'bar';\nawait (0, _chai.expect)(f.KreskoAssetAnchor.reinitializeERC20(newName, newSymbol, 2)).to.not.be.reverted;\n(0, _chai.expect)(await f.KreskoAssetAnchor.name()).to.equal(newName);\n(0, _chai.expect)(await f.KreskoAssetAnchor.symbol()).to.equal(newSymbol);\nawait f.KreskoAssetAnchor.reinitializeERC20(name, symbol, 3);",
                  "err": {},
                  "uuid": "a1ef2099-6b42-4046-8a14-c361652283b0",
                  "parentUUID": "4c909aeb-c8ec-4cf4-b52e-f5c0992cafff",
                  "isHook": false,
                  "skipped": false
                }
              ],
              "suites": [],
              "passes": [
                "ed52c2fd-c74e-4ae7-95ee-8f091f70bf33",
                "119aba7e-5cd9-46d9-b2ad-e815d70f895e",
                "a1ef2099-6b42-4046-8a14-c361652283b0"
              ],
              "failures": [],
              "pending": [
                "de6efc58-bcba-4450-84f9-4fc19b410e9d"
              ],
              "skipped": [],
              "duration": 52,
              "root": false,
              "rootEmpty": false,
              "_timeout": 30000
            }
          ],
          "passes": [],
          "failures": [],
          "pending": [],
          "skipped": [],
          "duration": 0,
          "root": false,
          "rootEmpty": false,
          "_timeout": 30000
        },
        {
          "uuid": "ccbf73db-c36a-4a24-b4e1-1f1fcd8ec59e",
          "title": "KreskoAsset",
          "fullFile": "/Users/panukettunen/Projects/kresko-protocol/src/test/krasset/01-erc20.ts",
          "file": "/src/test/krasset/01-erc20.ts",
          "beforeHooks": [
            {
              "title": "\"before each\" hook in \"KreskoAsset\"",
              "fullTitle": "KreskoAsset \"before each\" hook in \"KreskoAsset\"",
              "timedOut": false,
              "duration": 7,
              "state": null,
              "speed": null,
              "pass": false,
              "fail": false,
              "pending": false,
              "context": null,
              "code": "({ KreskoAsset } = await (0, _fixtures.kreskoAssetFixture)({\n    name: 'Ether',\n    symbol: 'krETH',\n    underlying: _lib.ZERO_ADDRESS\n}));\nthis.owner = hre.users.deployer;\nthis.mintAmount = 125;\nawait KreskoAsset.grantRole(_roles.default.OPERATOR, this.owner.address);",
              "err": {},
              "uuid": "4a9e65f4-cc25-4675-976f-932e3c06dd73",
              "parentUUID": "ccbf73db-c36a-4a24-b4e1-1f1fcd8ec59e",
              "isHook": true,
              "skipped": false
            }
          ],
          "afterHooks": [],
          "tests": [],
          "suites": [
            {
              "uuid": "f4f43a00-9a96-4876-ba6f-7f9308168c5f",
              "title": "#mint",
              "fullFile": "/Users/panukettunen/Projects/kresko-protocol/src/test/krasset/01-erc20.ts",
              "file": "/src/test/krasset/01-erc20.ts",
              "beforeHooks": [],
              "afterHooks": [],
              "tests": [
                {
                  "title": "should allow the owner to mint to their own address",
                  "fullTitle": "KreskoAsset #mint should allow the owner to mint to their own address",
                  "timedOut": false,
                  "duration": 18,
                  "state": "passed",
                  "speed": "fast",
                  "pass": true,
                  "fail": false,
                  "pending": false,
                  "context": null,
                  "code": "(0, _chai.expect)(await KreskoAsset.totalSupply()).to.equal(0);\n(0, _chai.expect)(await KreskoAsset.balanceOf(this.owner.address)).to.equal(0);\nawait KreskoAsset.connect(this.owner).mint(this.owner.address, this.mintAmount);\n// Check total supply and owner's balances increased\n(0, _chai.expect)(await KreskoAsset.totalSupply()).to.equal(this.mintAmount);\n(0, _chai.expect)(await KreskoAsset.balanceOf(this.owner.address)).to.equal(this.mintAmount);",
                  "err": {},
                  "uuid": "9ed1635b-1587-4e2f-90b9-9d96a93cf946",
                  "parentUUID": "f4f43a00-9a96-4876-ba6f-7f9308168c5f",
                  "isHook": false,
                  "skipped": false
                },
                {
                  "title": "should allow the asset owner to mint to another address",
                  "fullTitle": "KreskoAsset #mint should allow the asset owner to mint to another address",
                  "timedOut": false,
                  "duration": 19,
                  "state": "passed",
                  "speed": "fast",
                  "pass": true,
                  "fail": false,
                  "pending": false,
                  "context": null,
                  "code": "(0, _chai.expect)(await KreskoAsset.totalSupply()).to.equal(0);\n(0, _chai.expect)(await KreskoAsset.balanceOf(hre.users.userOne.address)).to.equal(0);\nawait KreskoAsset.connect(this.owner).mint(hre.users.userOne.address, this.mintAmount);\n// Check total supply and user's balances increased\n(0, _chai.expect)(await KreskoAsset.totalSupply()).to.equal(this.mintAmount);\n(0, _chai.expect)(await KreskoAsset.balanceOf(hre.users.userOne.address)).to.equal(this.mintAmount);",
                  "err": {},
                  "uuid": "bd7d5764-a356-47af-b57a-856f2e84b34c",
                  "parentUUID": "f4f43a00-9a96-4876-ba6f-7f9308168c5f",
                  "isHook": false,
                  "skipped": false
                },
                {
                  "title": "should not allow non-owner addresses to mint tokens",
                  "fullTitle": "KreskoAsset #mint should not allow non-owner addresses to mint tokens",
                  "timedOut": false,
                  "duration": 18,
                  "state": "passed",
                  "speed": "fast",
                  "pass": true,
                  "fail": false,
                  "pending": false,
                  "context": null,
                  "code": "(0, _chai.expect)(await KreskoAsset.totalSupply()).to.equal(0);\n(0, _chai.expect)(await KreskoAsset.balanceOf(this.owner.address)).to.equal(0);\nawait (0, _chai.expect)(KreskoAsset.connect(hre.users.userOne).mint(this.owner.address, this.mintAmount)).to.be.reverted;\n// Check total supply and all account balances unchanged\n(0, _chai.expect)(await KreskoAsset.totalSupply()).to.equal(0);\n(0, _chai.expect)(await KreskoAsset.balanceOf(this.owner.address)).to.equal(0);\n(0, _chai.expect)(await KreskoAsset.balanceOf(hre.users.userOne.address)).to.equal(0);",
                  "err": {},
                  "uuid": "ebf57ac5-4605-4254-90d7-183c62f6c13a",
                  "parentUUID": "f4f43a00-9a96-4876-ba6f-7f9308168c5f",
                  "isHook": false,
                  "skipped": false
                },
                {
                  "title": "should not allow admin to mint tokens",
                  "fullTitle": "KreskoAsset #mint should not allow admin to mint tokens",
                  "timedOut": false,
                  "duration": 11,
                  "state": "passed",
                  "speed": "fast",
                  "pass": true,
                  "fail": false,
                  "pending": false,
                  "context": null,
                  "code": "await KreskoAsset.renounceRole(_roles.default.OPERATOR, this.owner.address);\nawait (0, _chai.expect)(KreskoAsset.connect(this.owner).mint(this.owner.address, this.mintAmount)).to.be.reverted;",
                  "err": {},
                  "uuid": "89436b99-6cdd-4bc1-b1d0-4e6b1086100b",
                  "parentUUID": "f4f43a00-9a96-4876-ba6f-7f9308168c5f",
                  "isHook": false,
                  "skipped": false
                }
              ],
              "suites": [],
              "passes": [
                "9ed1635b-1587-4e2f-90b9-9d96a93cf946",
                "bd7d5764-a356-47af-b57a-856f2e84b34c",
                "ebf57ac5-4605-4254-90d7-183c62f6c13a",
                "89436b99-6cdd-4bc1-b1d0-4e6b1086100b"
              ],
              "failures": [],
              "pending": [],
              "skipped": [],
              "duration": 66,
              "root": false,
              "rootEmpty": false,
              "_timeout": 30000
            },
            {
              "uuid": "e54cdebb-b9f7-4a01-96e5-948e0f724bc4",
              "title": "#burn",
              "fullFile": "/Users/panukettunen/Projects/kresko-protocol/src/test/krasset/01-erc20.ts",
              "file": "/src/test/krasset/01-erc20.ts",
              "beforeHooks": [
                {
                  "title": "\"before each\" hook in \"#burn\"",
                  "fullTitle": "KreskoAsset #burn \"before each\" hook in \"#burn\"",
                  "timedOut": false,
                  "duration": 12,
                  "state": null,
                  "speed": null,
                  "pass": false,
                  "fail": false,
                  "pending": false,
                  "context": null,
                  "code": "await KreskoAsset.connect(this.owner).mint(hre.users.userOne.address, this.mintAmount);\nthis.owner = hre.users.deployer;\nthis.mintAmount = 125;\nawait KreskoAsset.grantRole(_roles.default.OPERATOR, this.owner.address);",
                  "err": {},
                  "uuid": "c43437b4-2b15-4bd6-9449-7a7840066fc6",
[...]
                  "fullTitle": "SCDP #Liquidations should revert liquidations if the pool is not underwater",
                  "timedOut": false,
                  "duration": 785,
                  "state": "passed",
                  "speed": "fast",
                  "pass": true,
                  "fail": false,
                  "pending": false,
                  "context": null,
                  "code": "const swapAmount = (0, _values.toBig)(ONE_USD * 2600); // $1\nawait f.KreskoSwapper.swapSCDP(f.swapper.address, f.KISS.address, f.KrAsset2.address, swapAmount, 0);\n(0, _chai.expect)(await hre.Diamond.getLiquidatableSCDP()).to.be.false;\nawait f.KrAsset2.setBalance(hre.users.liquidator, (0, _values.toBig)(1_000_000));\nawait (0, _chai.expect)(f.KreskoLiquidator.liquidateSCDP(f.KrAsset2.address, (0, _values.toBig)(7.7), f.Collateral8Dec.address)).to.be.revertedWithCustomError((0, _errors.CError)(hre), 'CANNOT_LIQUIDATE');",
                  "err": {},
                  "uuid": "629fdf70-9b8c-41f3-8085-1e5fd6ce7f33",
                  "parentUUID": "66e4f9a8-2e4d-4547-8d11-d4e6b40aca73",
                  "isHook": false,
                  "skipped": false
                },
                {
                  "title": "should identify if the pool is underwater",
                  "fullTitle": "SCDP #Liquidations should identify if the pool is underwater",
                  "timedOut": false,
                  "duration": 823,
                  "state": "passed",
                  "speed": "fast",
                  "pass": true,
                  "fail": false,
                  "pending": false,
                  "context": null,
                  "code": "const swapAmount = (0, _values.toBig)(ONE_USD * 2600);\nawait f.KreskoSwapper.swapSCDP(f.swapper.address, f.KISS.address, f.KrAsset2.address, swapAmount, 0);\nf.Collateral.setPrice(collateralPrice / 1000);\nf.Collateral8Dec.setPrice(collateralPrice / 1000);\nconst [stats, params, liquidatable] = await Promise.all([\n    hre.Diamond.getStatisticsSCDP(),\n    hre.Diamond.getCurrentParametersSCDP(),\n    hre.Diamond.getLiquidatableSCDP()\n]);\n(0, _chai.expect)(stats.cr).to.be.lt(params.liquidationThreshold);\n(0, _chai.expect)(liquidatable).to.be.true;",
                  "err": {},
                  "uuid": "0e572d04-406f-4998-bed3-06b5e1e7359d",
                  "parentUUID": "66e4f9a8-2e4d-4547-8d11-d4e6b40aca73",
                  "isHook": false,
                  "skipped": false
                },
                {
                  "title": "should allow liquidating the underwater pool",
                  "fullTitle": "SCDP #Liquidations should allow liquidating the underwater pool",
                  "timedOut": false,
                  "duration": 2783,
                  "state": "passed",
                  "speed": "medium",
                  "pass": true,
                  "fail": false,
                  "pending": false,
                  "context": null,
                  "code": "const swapAmount = (0, _values.toBig)(ONE_USD * 2600);\nawait f.KreskoSwapper.swapSCDP(f.swapper.address, f.KISS.address, f.KrAsset2.address, swapAmount, 0);\nconst newKreskoAssetPrice = 500;\nf.KrAsset2.setPrice(newKreskoAssetPrice);\nconst [scdpParams, maxLiquidatable, krAssetPrice, statsBefore] = await Promise.all([\n    hre.Diamond.getCurrentParametersSCDP(),\n    hre.Diamond.getMaxLiqValueSCDP(f.KrAsset2.address, f.Collateral8Dec.address),\n    f.KrAsset2.getPrice(),\n    hre.Diamond.getStatisticsSCDP()\n]);\nconst repayAmount = maxLiquidatable.repayValue.wadDiv(krAssetPrice);\nawait f.KrAsset2.setBalance(hre.users.liquidator, repayAmount.add(1e18.toString()));\n(0, _chai.expect)(statsBefore.cr).to.lt(scdpParams.liquidationThreshold);\n(0, _chai.expect)(statsBefore.cr).to.gt(1e4);\nconst tx = await f.KreskoLiquidator.liquidateSCDP(f.KrAsset2.address, repayAmount, f.Collateral8Dec.address);\nconst [statsAfter, liquidatableAfter] = await Promise.all([\n    hre.Diamond.getStatisticsSCDP(),\n    hre.Diamond.getLiquidatableSCDP()\n]);\n(0, _chai.expect)(statsAfter.cr).to.gt(scdpParams.liquidationThreshold);\n(0, _chai.expect)(statsAfter.crDebtValueAdjusted).to.eq(2.01e4);\n(0, _chai.expect)(liquidatableAfter).to.eq(false);\nawait (0, _chai.expect)(f.KreskoLiquidator.liquidateSCDP(f.KrAsset2.address, repayAmount, f.Collateral8Dec.address)).to.be.revertedWithCustomError((0, _errors.CError)(hre), 'CANNOT_LIQUIDATE');\nconst event = await (0, _events.getNamedEvent)(tx, 'SCDPLiquidationOccured');\nconst expectedSeizeAmount = repayAmount.wadMul((0, _values.toBig)(newKreskoAssetPrice, 8)).percentMul(1.05e4).wadDiv((0, _values.toBig)(collateralPrice, 8)).div(10 ** 10);\n(0, _chai.expect)(event.args.liquidator).to.eq(hre.users.liquidator.address);\n(0, _chai.expect)(event.args.seizeAmount).to.eq(expectedSeizeAmount);\n(0, _chai.expect)(event.args.repayAmount).to.eq(repayAmount);\n(0, _chai.expect)(event.args.seizeCollateral).to.eq(f.Collateral8Dec.address);\n(0, _chai.expect)(event.args.repayKreskoAsset).to.eq(f.KrAsset2.address);\nconst expectedDepositsAfter = depositAmount8Dec.sub(event.args.seizeAmount);\n(0, _chai.expect)(expectedDepositsAfter).to.be.lt(depositAmount8Dec);\nconst [principalDeposits, depositsWithFees, params] = await Promise.all([\n    hre.Diamond.getAccountDepositSCDP(f.depositor.address, f.Collateral8Dec.address),\n    hre.Diamond.getAccountScaledDepositsSCDP(f.depositor.address, f.Collateral8Dec.address),\n    hre.Diamond.getCurrentParametersSCDP()\n]);\n(0, _chai.expect)(principalDeposits).to.eq(expectedDepositsAfter);\n(0, _chai.expect)(depositsWithFees).to.eq(expectedDepositsAfter);\nawait f.KreskoDepositor.depositSCDP(f.depositor.address, f.Collateral.address, depositAmount18Dec.mul(10));\nconst stats = await hre.Diamond.getStatisticsSCDP();\n(0, _chai.expect)(stats.cr).to.gt(params.minCollateralRatio);\nawait (0, _chai.expect)(f.KreskoDepositor.withdrawSCDP(f.depositor.address, f.Collateral8Dec.address, expectedDepositsAfter)).to.not.be.reverted;\nconst [principalEnd, depositsWithFeesEnd] = await Promise.all([\n    hre.Diamond.getAccountDepositSCDP(f.depositor.address, f.Collateral8Dec.address),\n    hre.Diamond.getAccountScaledDepositsSCDP(f.depositor.address, f.Collateral8Dec.address)\n]);\n(0, _chai.expect)(principalEnd).to.eq(0);\n(0, _chai.expect)(depositsWithFeesEnd).to.eq(0);",
                  "err": {},
                  "uuid": "0e6e586b-9c57-4814-ac1c-31da55864d0d",
                  "parentUUID": "66e4f9a8-2e4d-4547-8d11-d4e6b40aca73",
                  "isHook": false,
                  "skipped": false
                }
              ],
              "suites": [],
              "passes": [
                "50a1f085-7035-4eba-ab30-cbc6fa2a70b2",
                "629fdf70-9b8c-41f3-8085-1e5fd6ce7f33",
                "0e572d04-406f-4998-bed3-06b5e1e7359d",
                "0e6e586b-9c57-4814-ac1c-31da55864d0d"
              ],
              "failures": [],
              "pending": [],
              "skipped": [],
              "duration": 4936,
              "root": false,
              "rootEmpty": false,
              "_timeout": 30000
            },
            {
              "uuid": "753db25f-3182-4397-a711-5fc85a0e7fb2",
              "title": "#Error",
              "fullFile": "/Users/panukettunen/Projects/kresko-protocol/src/test/scdp/00-scdp.ts",
              "file": "/src/test/scdp/00-scdp.ts",
              "beforeHooks": [
                {
                  "title": "\"before each\" hook in \"#Error\"",
                  "fullTitle": "SCDP #Error \"before each\" hook in \"#Error\"",
                  "timedOut": false,
                  "duration": 77,
                  "state": null,
                  "speed": null,
                  "pass": false,
                  "fail": false,
                  "pending": false,
                  "context": null,
                  "code": "await Promise.all(f.usersArr.map((signer)=>f.Collateral.setBalance(signer, (0, _values.toBig)(1_000_000))));\nawait f.KISS.setBalance(f.swapper, (0, _values.toBig)(10_000));\nawait f.KISS.setBalance(f.depositor, hre.ethers.BigNumber.from(1));\nawait Promise.all([\n    f.KreskoDepositor.depositSCDP(f.depositor.address, f.KISS.address, 1),\n    f.KreskoDepositor.depositSCDP(f.depositor.address, f.Collateral.address, depositAmount18Dec)\n]);",
                  "err": {},
                  "uuid": "8b4a9324-d7e0-4a27-9a33-febd896de9d0",
                  "parentUUID": "753db25f-3182-4397-a711-5fc85a0e7fb2",
                  "isHook": true,
                  "skipped": false
                }
              ],
              "afterHooks": [],
              "tests": [
                {
                  "title": "should revert depositing unsupported tokens",
                  "fullTitle": "SCDP #Error should revert depositing unsupported tokens",
                  "timedOut": false,
                  "duration": 89,
                  "state": "passed",
                  "speed": "fast",
                  "pass": true,
                  "fail": false,
                  "pending": false,
                  "context": null,
                  "code": "const [UnsupportedToken] = await hre.deploy('MockERC20', {\n    args: [\n        'UnsupportedToken',\n        'UnsupportedToken',\n        18,\n        (0, _values.toBig)(1)\n    ]\n});\nawait UnsupportedToken.approve(hre.Diamond.address, hre.ethers.constants.MaxUint256);\nconst { deployer } = await hre.getNamedAccounts();\nawait (0, _chai.expect)(hre.Diamond.depositSCDP(deployer, UnsupportedToken.address, 1)).to.be.revertedWithCustomError((0, _errors.CError)(hre), 'INVALID_DEPOSIT_ASSET').withArgs(UnsupportedToken.address);",
                  "err": {},
                  "uuid": "567661bb-342a-413e-831a-dfad23d70cb8",
                  "parentUUID": "753db25f-3182-4397-a711-5fc85a0e7fb2",
                  "isHook": false,
                  "skipped": false
                },
                {
                  "title": "should revert withdrawing without deposits",
                  "fullTitle": "SCDP #Error should revert withdrawing without deposits",
                  "timedOut": false,
                  "duration": 32,
                  "state": "passed",
                  "speed": "fast",
                  "pass": true,
                  "fail": false,
                  "pending": false,
                  "context": null,
                  "code": "await (0, _chai.expect)(f.KreskoSwapper.withdrawSCDP(f.depositor.address, f.Collateral.address, 1)).to.be.revertedWithCustomError((0, _errors.CError)(hre), 'SCDP_WITHDRAWAL_VIOLATION').withArgs(f.Collateral.address, 1, 0, 0);",
                  "err": {},
                  "uuid": "2adaf777-4c42-4826-b4d4-de88cb7f7210",
                  "parentUUID": "753db25f-3182-4397-a711-5fc85a0e7fb2",
                  "isHook": false,
                  "skipped": false
                },
                {
                  "title": "should revert withdrawals below MCR",
                  "fullTitle": "SCDP #Error should revert withdrawals below MCR",
                  "timedOut": false,
                  "duration": 456,
                  "state": "passed",
                  "speed": "fast",
                  "pass": true,
                  "fail": false,
                  "pending": false,
                  "context": null,
                  "code": "const swapAmount = (0, _values.toBig)(ONE_USD).mul(1000); // $1000\nawait f.KreskoSwapper.swapSCDP(f.swapper.address, f.KISS.address, f.KrAsset2.address, swapAmount, 0); // generates the debt\nconst deposits = await f.KreskoSwapper.getAccountDepositSCDP(f.depositor.address, f.Collateral.address);\nawait (0, _chai.expect)(f.KreskoDepositor.withdrawSCDP(f.depositor.address, f.Collateral.address, deposits)).to.be.revertedWithCustomError((0, _errors.CError)(hre), 'DEBT_EXCEEDS_COLLATERAL').withArgs(960e8, 4800e8, 5e4);",
                  "err": {},
                  "uuid": "aa147a66-5da0-4bb4-851b-efb65b79bafc",
                  "parentUUID": "753db25f-3182-4397-a711-5fc85a0e7fb2",
                  "isHook": false,
                  "skipped": false
                },
                {
                  "title": "should revert withdrawals of swap owned collateral deposits",
                  "fullTitle": "SCDP #Error should revert withdrawals of swap owned collateral deposits",
                  "timedOut": false,
                  "duration": 410,
                  "state": "passed",
                  "speed": "fast",
                  "pass": true,
                  "fail": false,
                  "pending": false,
                  "context": null,
                  "code": "const swapAmount = (0, _values.toBig)(1);\nawait f.KrAsset2.setBalance(f.swapper, swapAmount);\nawait f.KreskoSwapper.swapSCDP(f.swapper.address, f.KrAsset2.address, f.KISS.address, swapAmount, 0);\nconst deposits = await f.KreskoSwapper.getSwapDepositsSCDP(f.KrAsset2.address);\n(0, _chai.expect)(deposits).to.be.gt(0);\nawait (0, _chai.expect)(f.KreskoSwapper.withdrawSCDP(f.swapper.address, f.KrAsset2.address, deposits)).to.be.revertedWithCustomError((0, _errors.CError)(hre), 'SCDP_WITHDRAWAL_VIOLATION').withArgs(f.KrAsset2.address, swapAmount, 0, 0);",
                  "err": {},
                  "uuid": "11feaabc-8a97-4994-b1fb-a5b834d08fbc",
                  "parentUUID": "753db25f-3182-4397-a711-5fc85a0e7fb2",
                  "isHook": false,
                  "skipped": false
                },
                {
                  "title": "should revert swapping with price below minAmountOut",
                  "fullTitle": "SCDP #Error should revert swapping with price below minAmountOut",
                  "timedOut": false,
                  "duration": 285,
                  "state": "passed",
                  "speed": "fast",
                  "pass": true,
                  "fail": false,
                  "pending": false,
                  "context": null,
                  "code": "const swapAmount = (0, _values.toBig)(1);\nawait f.KrAsset2.setBalance(f.swapper, swapAmount);\nconst [amountOut] = await f.KreskoSwapper.previewSwapSCDP(f.KrAsset2.address, f.KISS.address, swapAmount);\nawait (0, _chai.expect)(f.KreskoSwapper.swapSCDP(f.swapper.address, f.KrAsset2.address, f.KISS.address, swapAmount, amountOut.add(1))).to.be.revertedWithCustomError((0, _errors.CError)(hre), 'SWAP_SLIPPAGE').withArgs(amountOut, amountOut.add(1));",
                  "err": {},
                  "uuid": "2b3af05b-5d0c-4d0f-a6c3-98f00ea59a8a",
                  "parentUUID": "753db25f-3182-4397-a711-5fc85a0e7fb2",
                  "isHook": false,
                  "skipped": false
                },
                {
                  "title": "should revert swapping unsupported asset",
                  "fullTitle": "SCDP #Error should revert swapping unsupported asset",
                  "timedOut": false,
                  "duration": 38,
                  "state": "passed",
                  "speed": "fast",
                  "pass": true,
                  "fail": false,
                  "pending": false,
                  "context": null,
                  "code": "const swapAmount = (0, _values.toBig)(1);\nawait f.KrAsset2.setBalance(f.swapper, swapAmount);\nawait (0, _chai.expect)(f.KreskoSwapper.swapSCDP(f.swapper.address, f.KrAsset2.address, f.Collateral.address, swapAmount, 0)).to.be.revertedWithCustomError((0, _errors.CError)(hre), 'INVALID_ASSET').withArgs(f.Collateral.address);",
                  "err": {},
                  "uuid": "e5ee5d1e-ba30-4baf-9a85-ec025e63c698",
                  "parentUUID": "753db25f-3182-4397-a711-5fc85a0e7fb2",
                  "isHook": false,
                  "skipped": false
                },
                {
                  "title": "should revert swapping a disabled route",
                  "fullTitle": "SCDP #Error should revert swapping a disabled route",
                  "timedOut": false,
                  "duration": 76,
                  "state": "passed",
                  "speed": "fast",
                  "pass": true,
                  "fail": false,
                  "pending": false,
                  "context": null,
                  "code": "const swapAmount = (0, _values.toBig)(1);\nawait f.KrAsset2.setBalance(f.swapper, swapAmount);\nawait hre.Diamond.setSwapPairsSingle({\n    assetIn: f.KrAsset2.address,\n    assetOut: f.KISS.address,\n    enabled: false\n});\nawait (0, _chai.expect)(f.KreskoSwapper.swapSCDP(f.swapper.address, f.KrAsset2.address, f.KISS.address, swapAmount, 0)).to.be.revertedWithCustomError((0, _errors.CError)(hre), 'SWAP_NOT_ENABLED').withArgs(f.KrAsset2.address, f.KISS.address);",
                  "err": {},
                  "uuid": "69515a98-8023-4d8f-8f4d-17c2fed192d3",
                  "parentUUID": "753db25f-3182-4397-a711-5fc85a0e7fb2",
                  "isHook": false,
                  "skipped": false
                },
                {
                  "title": "should revert swapping causes CDP to go below MCR",
                  "fullTitle": "SCDP #Error should revert swapping causes CDP to go below MCR",
                  "timedOut": false,
                  "duration": 351,
                  "state": "passed",
                  "speed": "fast",
                  "pass": true,
                  "fail": false,
                  "pending": false,
                  "context": null,
                  "code": "const swapAmount = (0, _values.toBig)(1_500_000);\nawait f.KrAsset2.setBalance(f.swapper, swapAmount);\nconst tx = f.KreskoSwapper.swapSCDP(f.swapper.address, f.KrAsset2.address, f.KISS.address, swapAmount, 0);\nawait (0, _chai.expect)(tx).to.be.revertedWithCustomError((0, _errors.CError)(hre), 'DEBT_EXCEEDS_COLLATERAL').withArgs('15001000000000000', '75000000000000000', 5e4);",
                  "err": {},
                  "uuid": "afb3746c-5498-4c51-84cc-8a4df23ff052",
                  "parentUUID": "753db25f-3182-4397-a711-5fc85a0e7fb2",
                  "isHook": false,
                  "skipped": false
                }
              ],
              "suites": [],
              "passes": [
                "567661bb-342a-413e-831a-dfad23d70cb8",
                "2adaf777-4c42-4826-b4d4-de88cb7f7210",
                "aa147a66-5da0-4bb4-851b-efb65b79bafc",
                "11feaabc-8a97-4994-b1fb-a5b834d08fbc",
                "2b3af05b-5d0c-4d0f-a6c3-98f00ea59a8a",
                "e5ee5d1e-ba30-4baf-9a85-ec025e63c698",
                "69515a98-8023-4d8f-8f4d-17c2fed192d3",
                "afb3746c-5498-4c51-84cc-8a4df23ff052"
              ],
              "failures": [],
              "pending": [],
              "skipped": [],
              "duration": 1737,
              "root": false,
              "rootEmpty": false,
              "_timeout": 30000
            }
          ],
          "passes": [],
          "failures": [],
          "pending": [],
          "skipped": [],
          "duration": 0,
          "root": false,
          "rootEmpty": false,
          "_timeout": 30000
        }
      ],
      "passes": [],
      "failures": [],
      "pending": [],
      "skipped": [],
      "duration": 0,
      "root": true,
      "rootEmpty": true,
      "_timeout": 30000
    }
  ],
  "meta": {
    "mocha": {
      "version": "10.2.0"
    },
    "mochawesome": {
      "options": {
        "quiet": false,
        "reportFilename": "mochawesome",
        "saveHtml": true,
        "saveJson": true,
        "consoleReporter": "spec",
        "useInlineDiffs": false,
        "code": true
      },
      "version": "7.1.3"
    },
    "marge": {
      "options": {
        "reportDir": "docs/test-report",
        "assetsDir": "docs/test-report/assets",
        "reportTitle": "Kresko Protocol Hardhat Test Report",
        "reportPageTitle": "Kresko Protocol Hardhat Test Report"
      },
      "version": "6.2.0"
    }
  }
}