{
  "stats": {
    "suites": 90,
    "tests": 278,
    "passes": 257,
    "pending": 21,
    "failures": 0,
    "start": "2023-11-29T14:01:12.643Z",
    "end": "2023-11-29T14:03:39.380Z",
    "duration": 146737,
    "testsRegistered": 278,
    "passPercent": 100,
    "pendingPercent": 7.553956834532374,
    "other": 0,
    "hasOther": false,
    "skipped": 0,
    "hasSkipped": false
  },
  "results": [
    {
      "uuid": "bf02d49b-a1ab-4505-bba1-4cf5e244889a",
      "title": "",
      "fullFile": "",
      "file": "",
      "beforeHooks": [],
      "afterHooks": [],
      "tests": [],
      "suites": [
        {
          "uuid": "71e52d40-aff7-49b3-8b5b-636d8e53bc0f",
          "title": "Asset Amounts & Values",
          "fullFile": "/Users/panukettunen/projects/kresko-protocol/src/test/asset-values/00-asset-values.ts",
          "file": "/src/test/asset-values/00-asset-values.ts",
          "beforeHooks": [
            {
              "title": "\"before each\" hook in \"Asset Amounts & Values\"",
              "fullTitle": "Asset Amounts & Values \"before each\" hook in \"Asset Amounts & Values\"",
              "timedOut": false,
              "duration": 18,
              "state": null,
              "speed": null,
              "pass": false,
              "fail": false,
              "pending": false,
              "context": null,
              "code": "f = await (0, _fixtures.assetValuesFixture)();\nf.user = hre.users.userEight;\nUser = (0, _redstone.wrapKresko)(hre.Diamond, f.user);",
              "err": {},
              "uuid": "6ec461d6-b189-47b1-8a3c-c6d0c6f196ca",
              "parentUUID": "71e52d40-aff7-49b3-8b5b-636d8e53bc0f",
              "isHook": true,
              "skipped": false
            }
          ],
          "afterHooks": [],
          "tests": [],
          "suites": [
            {
              "uuid": "d2568df4-3614-4190-a0f0-3fa6f3d64499",
              "title": "#Collateral Deposit Values",
              "fullFile": "/Users/panukettunen/projects/kresko-protocol/src/test/asset-values/00-asset-values.ts",
              "file": "/src/test/asset-values/00-asset-values.ts",
              "beforeHooks": [],
              "afterHooks": [],
              "tests": [
                {
                  "title": "should return the correct deposit value with 18 decimals",
                  "fullTitle": "Asset Amounts & Values #Collateral Deposit Values should return the correct deposit value with 18 decimals",
                  "timedOut": false,
                  "duration": 111,
                  "state": "passed",
                  "speed": "slow",
                  "pass": true,
                  "fail": false,
                  "pending": false,
                  "context": null,
                  "code": "const depositAmount = (0, _values.toBig)(10);\nconst expectedDepositValue = (0, _values.toBig)(50, f.oracleDecimals) // cfactor = 0.5, collateralPrice = 10, depositAmount = 10\n;\nawait User.depositCollateral(f.user.address, f.CollateralAsset.address, depositAmount);\nconst depositValue = await hre.Diamond.getAccountTotalCollateralValue(f.user.address);\n(0, _chai.expect)(depositValue).to.equal(expectedDepositValue);",
                  "err": {},
                  "uuid": "640b0b2f-f166-4770-b969-347ff6a77a1f",
                  "parentUUID": "d2568df4-3614-4190-a0f0-3fa6f3d64499",
                  "isHook": false,
                  "skipped": false
                },
                {
                  "title": "should return the correct deposit value with less than 18 decimals",
                  "fullTitle": "Asset Amounts & Values #Collateral Deposit Values should return the correct deposit value with less than 18 decimals",
                  "timedOut": false,
                  "duration": 117,
                  "state": "passed",
                  "speed": "slow",
                  "pass": true,
                  "fail": false,
                  "pending": false,
                  "context": null,
                  "code": "const depositAmount = (0, _values.toBig)(10, 8);\nconst expectedDepositValue = (0, _values.toBig)(50, f.oracleDecimals) // cfactor = 0.5, collateralPrice = 10, depositAmount = 10\n;\nawait User.depositCollateral(f.user.address, f.CollateralAsset8Dec.address, depositAmount);\nconst depositValue = await hre.Diamond.getAccountTotalCollateralValue(f.user.address);\n(0, _chai.expect)(depositValue).to.equal(expectedDepositValue);",
                  "err": {},
                  "uuid": "ef389f82-5f24-425d-a940-62f5f722ed8e",
                  "parentUUID": "d2568df4-3614-4190-a0f0-3fa6f3d64499",
                  "isHook": false,
                  "skipped": false
                },
                {
                  "title": "should return the correct deposit value with over 18 decimals",
                  "fullTitle": "Asset Amounts & Values #Collateral Deposit Values should return the correct deposit value with over 18 decimals",
                  "timedOut": false,
                  "duration": 111,
                  "state": "passed",
                  "speed": "slow",
                  "pass": true,
                  "fail": false,
                  "pending": false,
                  "context": null,
                  "code": "const depositAmount = (0, _values.toBig)(10, 21);\nconst expectedDepositValue = (0, _values.toBig)(50, f.oracleDecimals) // cfactor = 0.5, collateralPrice = 10, depositAmount = 10\n;\nawait User.depositCollateral(f.user.address, f.CollateralAsset21Dec.address, depositAmount);\nconst depositValue = await hre.Diamond.getAccountTotalCollateralValue(f.user.address);\n(0, _chai.expect)(depositValue).to.equal(expectedDepositValue);",
                  "err": {},
                  "uuid": "d6121c57-df3b-406e-b1b2-79037050d5ad",
                  "parentUUID": "d2568df4-3614-4190-a0f0-3fa6f3d64499",
                  "isHook": false,
                  "skipped": false
                },
                {
                  "title": "should return the correct deposit value combination of different decimals",
                  "fullTitle": "Asset Amounts & Values #Collateral Deposit Values should return the correct deposit value combination of different decimals",
                  "timedOut": false,
                  "duration": 250,
                  "state": "passed",
                  "speed": "slow",
                  "pass": true,
                  "fail": false,
                  "pending": false,
                  "context": null,
                  "code": "await User.depositCollateral(f.user.address, f.CollateralAsset.address, (0, _values.toBig)(10));\nawait User.depositCollateral(f.user.address, f.CollateralAsset8Dec.address, (0, _values.toBig)(10, 8));\nawait User.depositCollateral(f.user.address, f.CollateralAsset21Dec.address, (0, _values.toBig)(10, 21));\nconst expectedDepositValue = (0, _values.toBig)(150, f.oracleDecimals) // cfactor = 0.5, collateralPrice = 10, depositAmount = 30\n;\nconst depositValue = await hre.Diamond.getAccountTotalCollateralValue(f.user.address);\n(0, _chai.expect)(depositValue).to.equal(expectedDepositValue);",
                  "err": {},
                  "uuid": "b906659f-d09b-40aa-a3b7-2f778a51458d",
                  "parentUUID": "d2568df4-3614-4190-a0f0-3fa6f3d64499",
                  "isHook": false,
                  "skipped": false
                }
              ],
              "suites": [],
              "passes": [
                "640b0b2f-f166-4770-b969-347ff6a77a1f",
                "ef389f82-5f24-425d-a940-62f5f722ed8e",
                "d6121c57-df3b-406e-b1b2-79037050d5ad",
                "b906659f-d09b-40aa-a3b7-2f778a51458d"
              ],
              "failures": [],
              "pending": [],
              "skipped": [],
              "duration": 589,
              "root": false,
              "rootEmpty": false,
              "_timeout": 30000
            },
            {
              "uuid": "1ce13862-2810-4de1-b5b3-1c30aa7fdfee",
              "title": "#Collateral Deposit Amount",
              "fullFile": "/Users/panukettunen/projects/kresko-protocol/src/test/asset-values/00-asset-values.ts",
              "file": "/src/test/asset-values/00-asset-values.ts",
              "beforeHooks": [],
              "afterHooks": [],
              "tests": [
                {
                  "title": "should return the correct deposit amount with 18 decimals",
                  "fullTitle": "Asset Amounts & Values #Collateral Deposit Amount should return the correct deposit amount with 18 decimals",
                  "timedOut": false,
                  "duration": 112,
                  "state": "passed",
                  "speed": "slow",
                  "pass": true,
                  "fail": false,
                  "pending": false,
                  "context": null,
                  "code": "const depositAmount = (0, _values.toBig)(10);\nawait User.depositCollateral(f.user.address, f.CollateralAsset.address, depositAmount);\nconst withdrawIndex = await _optimizations.default.getAccountDepositIndex(f.user.address, f.CollateralAsset.address);\nconst deposits = await hre.Diamond.getAccountCollateralAmount(f.user.address, f.CollateralAsset.address);\n(0, _chai.expect)(deposits).to.equal(depositAmount);\nawait User.withdrawCollateral(f.user.address, f.CollateralAsset.address, depositAmount, withdrawIndex, f.user.address);\nconst balance = await f.CollateralAsset.balanceOf(f.user.address);\n(0, _chai.expect)(balance).to.equal((0, _values.toBig)(f.startingBalance));",
                  "err": {},
                  "uuid": "5e1fb164-e308-4a93-b8bf-9880b9ae81b0",
                  "parentUUID": "1ce13862-2810-4de1-b5b3-1c30aa7fdfee",
                  "isHook": false,
                  "skipped": false
                },
                {
                  "title": "should return the correct deposit amount with less than 18 decimals",
                  "fullTitle": "Asset Amounts & Values #Collateral Deposit Amount should return the correct deposit amount with less than 18 decimals",
                  "timedOut": false,
                  "duration": 113,
                  "state": "passed",
                  "speed": "slow",
                  "pass": true,
                  "fail": false,
                  "pending": false,
                  "context": null,
                  "code": "const depositAmount = (0, _values.toBig)(10, 8);\nawait User.depositCollateral(f.user.address, f.CollateralAsset8Dec.address, depositAmount);\nconst withdrawIndex = await _optimizations.default.getAccountDepositIndex(f.user.address, f.CollateralAsset8Dec.address);\nconst deposits = await hre.Diamond.getAccountCollateralAmount(f.user.address, f.CollateralAsset8Dec.address);\n(0, _chai.expect)(deposits).to.equal(depositAmount);\nawait User.withdrawCollateral(f.user.address, f.CollateralAsset8Dec.address, depositAmount, withdrawIndex, f.user.address);\nconst balance = await f.CollateralAsset8Dec.balanceOf(f.user.address);\n(0, _chai.expect)(balance).to.equal((0, _values.toBig)(f.startingBalance, 8));",
                  "err": {},
                  "uuid": "f4dac527-bb93-438e-a0d6-f9e72cd24a7a",
                  "parentUUID": "1ce13862-2810-4de1-b5b3-1c30aa7fdfee",
                  "isHook": false,
                  "skipped": false
                },
                {
                  "title": "should return the correct deposit value with over 18 decimals",
                  "fullTitle": "Asset Amounts & Values #Collateral Deposit Amount should return the correct deposit value with over 18 decimals",
                  "timedOut": false,
                  "duration": 110,
                  "state": "passed",
                  "speed": "slow",
                  "pass": true,
                  "fail": false,
                  "pending": false,
                  "context": null,
                  "code": "const depositAmount = (0, _values.toBig)(10, 21);\nawait User.depositCollateral(f.user.address, f.CollateralAsset21Dec.address, depositAmount);\nconst withdrawIndex = await _optimizations.default.getAccountDepositIndex(f.user.address, f.CollateralAsset21Dec.address);\nconst deposits = await hre.Diamond.getAccountCollateralAmount(f.user.address, f.CollateralAsset21Dec.address);\n(0, _chai.expect)(deposits).to.equal(depositAmount);\nawait User.withdrawCollateral(f.user.address, f.CollateralAsset21Dec.address, depositAmount, withdrawIndex, f.user.address);\nconst balance = await f.CollateralAsset21Dec.balanceOf(f.user.address);\n(0, _chai.expect)(balance).to.equal((0, _values.toBig)(f.startingBalance, 21));",
                  "err": {},
                  "uuid": "704434d1-f1fb-4045-947f-81c116adb041",
                  "parentUUID": "1ce13862-2810-4de1-b5b3-1c30aa7fdfee",
                  "isHook": false,
                  "skipped": false
                }
              ],
              "suites": [],
              "passes": [
                "5e1fb164-e308-4a93-b8bf-9880b9ae81b0",
                "f4dac527-bb93-438e-a0d6-f9e72cd24a7a",
                "704434d1-f1fb-4045-947f-81c116adb041"
              ],
              "failures": [],
              "pending": [],
              "skipped": [],
              "duration": 335,
              "root": false,
              "rootEmpty": false,
              "_timeout": 30000
            },
            {
              "uuid": "cadf2293-fb80-4dbd-971e-7ae6dd39ea7d",
              "title": "#Kresko Asset Debt Values",
              "fullFile": "/Users/panukettunen/projects/kresko-protocol/src/test/asset-values/00-asset-values.ts",
              "file": "/src/test/asset-values/00-asset-values.ts",
              "beforeHooks": [],
              "afterHooks": [],
              "tests": [
                {
                  "title": "should return the correct debt value (+CR) with 18 decimal collateral",
                  "fullTitle": "Asset Amounts & Values #Kresko Asset Debt Values should return the correct debt value (+CR) with 18 decimal collateral",
                  "timedOut": false,
                  "duration": 626,
                  "state": "passed",
                  "speed": "slow",
                  "pass": true,
                  "fail": false,
                  "pending": false,
                  "context": null,
                  "code": "const depositAmount = (0, _values.toBig)(10);\nawait User.depositCollateral(f.user.address, f.CollateralAsset.address, depositAmount);\nconst mintAmount = (0, _values.toBig)(1);\nconst expectedMintValue = (0, _values.toBig)(20, f.oracleDecimals) // kFactor = 2, krAssetPrice = 10, mintAmount = 1, openFee = 0.1\n;\nawait User.mintKreskoAsset(f.user.address, f.KreskoAsset.address, mintAmount, f.user.address);\nconst expectedDepositValue = (0, _values.toBig)(49.5, f.oracleDecimals) // cfactor = 0.5, collateralPrice = 10, depositAmount = 10, openFee = 0.1\n;\nconst depositValue = await hre.Diamond.getAccountTotalCollateralValue(f.user.address);\n(0, _chai.expect)(depositValue).to.equal(expectedDepositValue);\nconst mintValue = await hre.Diamond.getAccountTotalDebtValue(f.user.address);\n(0, _chai.expect)(mintValue).to.equal(expectedMintValue);\nconst assetValue = await hre.Diamond.getValue(f.KreskoAsset.address, mintAmount);\nconst kFactor = (await hre.Diamond.getAsset(f.KreskoAsset.address)).kFactor;\n(0, _chai.expect)(assetValue).to.equal(expectedMintValue.percentDiv(kFactor));\nconst collateralRatio = await hre.Diamond.getAccountCollateralRatio(f.user.address);\n(0, _chai.expect)(collateralRatio).to.equal(expectedDepositValue.percentDiv(expectedMintValue)) // 2.475\n;",
                  "err": {},
                  "uuid": "250ce62c-17cb-43ed-9471-6919fa89eff7",
                  "parentUUID": "cadf2293-fb80-4dbd-971e-7ae6dd39ea7d",
                  "isHook": false,
                  "skipped": false
                },
                {
                  "title": "should return the correct debt value (+CR) with less than 18 decimal collateral",
                  "fullTitle": "Asset Amounts & Values #Kresko Asset Debt Values should return the correct debt value (+CR) with less than 18 decimal collateral",
                  "timedOut": false,
                  "duration": 629,
                  "state": "passed",
                  "speed": "slow",
                  "pass": true,
                  "fail": false,
                  "pending": false,
                  "context": null,
                  "code": "const depositAmount = (0, _values.toBig)(10, 8);\nawait User.depositCollateral(f.user.address, f.CollateralAsset8Dec.address, depositAmount);\nconst mintAmount = (0, _values.toBig)(1);\nconst expectedMintValue = (0, _values.toBig)(20, f.oracleDecimals) // kFactor = 2, krAssetPrice = 10, mintAmount = 1, openFee = 0.1\n;\nawait User.mintKreskoAsset(f.user.address, f.KreskoAsset.address, mintAmount, f.user.address);\nconst expectedDepositValue = (0, _values.toBig)(49.5, f.oracleDecimals) // cfactor = 0.5, collateralPrice = 10, depositAmount = 10, openFee = 0.1\n;\nconst depositValue = await hre.Diamond.getAccountTotalCollateralValue(f.user.address);\n(0, _chai.expect)(depositValue).to.equal(expectedDepositValue);\nconst mintValue = await hre.Diamond.getAccountTotalDebtValue(f.user.address);\n(0, _chai.expect)(mintValue).to.equal(expectedMintValue);\nconst assetValue = await hre.Diamond.getValue(f.KreskoAsset.address, mintAmount);\nconst kFactor = (await hre.Diamond.getAsset(f.KreskoAsset.address)).kFactor;\n(0, _chai.expect)(assetValue).to.equal(expectedMintValue.percentDiv(kFactor));\nconst collateralRatio = await hre.Diamond.getAccountCollateralRatio(f.user.address);\n(0, _chai.expect)(collateralRatio).to.equal(expectedDepositValue.percentDiv(expectedMintValue)) // 2.475\n;",
                  "err": {},
                  "uuid": "e13605f6-ca49-49bb-adff-6dd4917d2d6c",
                  "parentUUID": "cadf2293-fb80-4dbd-971e-7ae6dd39ea7d",
                  "isHook": false,
                  "skipped": false
                },
                {
                  "title": "should return the correct debt value (+CR) with more than 18 decimal collateral",
                  "fullTitle": "Asset Amounts & Values #Kresko Asset Debt Values should return the correct debt value (+CR) with more than 18 decimal collateral",
                  "timedOut": false,
                  "duration": 630,
                  "state": "passed",
                  "speed": "slow",
                  "pass": true,
                  "fail": false,
                  "pending": false,
                  "context": null,
                  "code": "const depositAmount = (0, _values.toBig)(10, 21);\nawait User.depositCollateral(f.user.address, f.CollateralAsset21Dec.address, depositAmount);\nconst mintAmount = (0, _values.toBig)(1);\nconst expectedMintValue = (0, _values.toBig)(20, f.oracleDecimals) // kFactor = 2, krAssetPrice = 10, mintAmount = 1, openFee = 0.1\n;\nawait User.mintKreskoAsset(f.user.address, f.KreskoAsset.address, mintAmount, f.user.address);\nconst expectedDepositValue = (0, _values.toBig)(49.5, f.oracleDecimals) // cfactor = 0.5, collateralPrice = 10, depositAmount = 10, openFee = 0.1\n;\nconst depositValue = await hre.Diamond.getAccountTotalCollateralValue(f.user.address);\n(0, _chai.expect)(depositValue).to.equal(expectedDepositValue);\nconst mintValue = await hre.Diamond.getAccountTotalDebtValue(f.user.address);\n(0, _chai.expect)(mintValue).to.equal(expectedMintValue);\nconst assetValue = await hre.Diamond.getValue(f.KreskoAsset.address, mintAmount);\nconst kFactor = (await hre.Diamond.getAsset(f.KreskoAsset.address)).kFactor;\n(0, _chai.expect)(assetValue).to.equal(expectedMintValue.percentDiv(kFactor));\nconst collateralRatio = await hre.Diamond.getAccountCollateralRatio(f.user.address);\n(0, _chai.expect)(collateralRatio).to.equal(expectedDepositValue.percentDiv(expectedMintValue)) // 2.475\n;",
                  "err": {},
                  "uuid": "d8f04c60-564c-40f7-8390-bf36a4221374",
                  "parentUUID": "cadf2293-fb80-4dbd-971e-7ae6dd39ea7d",
                  "isHook": false,
                  "skipped": false
                }
              ],
              "suites": [],
              "passes": [
                "250ce62c-17cb-43ed-9471-6919fa89eff7",
                "e13605f6-ca49-49bb-adff-6dd4917d2d6c",
                "d8f04c60-564c-40f7-8390-bf36a4221374"
              ],
              "failures": [],
              "pending": [],
              "skipped": [],
              "duration": 1885,
              "root": false,
              "rootEmpty": false,
              "_timeout": 30000
            }
          ],
          "passes": [],
          "failures": [],
          "pending": [],
          "skipped": [],
          "duration": 0,
          "root": false,
          "rootEmpty": false,
          "_timeout": 30000
        },
        {
          "uuid": "3b162998-f0c9-479a-91f0-72c8a6abf58d",
          "title": "Diamond",
          "fullFile": "/Users/panukettunen/projects/kresko-protocol/src/test/diamond/00-init.ts",
          "file": "/src/test/diamond/00-init.ts",
          "beforeHooks": [
            {
              "title": "\"before each\" hook in \"Diamond\"",
              "fullTitle": "Diamond \"before each\" hook in \"Diamond\"",
              "timedOut": false,
              "duration": 0,
              "state": null,
              "speed": null,
              "pass": false,
              "fail": false,
              "pending": false,
              "context": null,
              "code": "f = await (0, _fixtures.diamondFixture)();",
              "err": {},
              "uuid": "4e80fad2-2953-46ed-b6aa-d59f565d3c76",
              "parentUUID": "3b162998-f0c9-479a-91f0-72c8a6abf58d",
              "isHook": true,
              "skipped": false
            }
          ],
          "afterHooks": [],
          "tests": [],
          "suites": [
            {
              "uuid": "eaa18377-0012-45da-b940-282067c42084",
              "title": "#initialization",
              "fullFile": "/Users/panukettunen/projects/kresko-protocol/src/test/diamond/00-init.ts",
              "file": "/src/test/diamond/00-init.ts",
              "beforeHooks": [],
              "afterHooks": [],
              "tests": [
                {
                  "title": "sets correct state",
                  "fullTitle": "Diamond #initialization sets correct state",
                  "timedOut": false,
                  "duration": 75,
                  "state": "passed",
                  "speed": "medium",
                  "pass": true,
                  "fail": false,
                  "pending": false,
                  "context": null,
                  "code": "(0, _chai.expect)(await _hardhat.default.Diamond.owner()).to.equal(_hardhat.default.users.deployer.address);\n(0, _chai.expect)(await _hardhat.default.Diamond.initialized()).to.equal(true);",
                  "err": {},
                  "uuid": "b2f65475-0098-428c-b700-6359b4f0b48f",
                  "parentUUID": "eaa18377-0012-45da-b940-282067c42084",
                  "isHook": false,
                  "skipped": false
                },
                {
                  "title": "sets standard facet addresses",
                  "fullTitle": "Diamond #initialization sets standard facet addresses",
                  "timedOut": false,
                  "duration": 93,
                  "state": "passed",
                  "speed": "slow",
                  "pass": true,
                  "fail": false,
                  "pending": false,
                  "context": null,
                  "code": "const facetAddressesOnChain = (await _hardhat.default.Diamond.facets()).map((f)=>f.facetAddress);\nconst facetAddressesArtifact = f.facets.map((f)=>f.facetAddress);\n(0, _chai.expect)(facetAddressesOnChain.length).to.equal(facetAddressesArtifact.length);\n(0, _chai.expect)(facetAddressesOnChain).to.have.members(facetAddressesArtifact);",
                  "err": {},
                  "uuid": "9e1722b8-a788-463a-84c9-66a9974c4864",
                  "parentUUID": "eaa18377-0012-45da-b940-282067c42084",
                  "isHook": false,
                  "skipped": false
                },
                {
                  "title": "sets selectors of standard facets",
                  "fullTitle": "Diamond #initialization sets selectors of standard facets",
                  "timedOut": false,
                  "duration": 93,
                  "state": "passed",
                  "speed": "slow",
                  "pass": true,
                  "fail": false,
                  "pending": false,
                  "context": null,
                  "code": "const facetsSelectorsOnChain = (await _hardhat.default.Diamond.facets()).flatMap((f)=>f.functionSelectors);\nconst facetSelectorsOnArtifact = f.facets.flatMap((f)=>f.functionSelectors);\n(0, _chai.expect)(facetsSelectorsOnChain.length).to.equal(facetSelectorsOnArtifact.length);\n(0, _chai.expect)(facetsSelectorsOnChain).to.have.members(facetSelectorsOnArtifact);",
                  "err": {},
                  "uuid": "9b142c09-5f8e-4212-921b-0d7c8f79ea34",
                  "parentUUID": "eaa18377-0012-45da-b940-282067c42084",
                  "isHook": false,
                  "skipped": false
                }
              ],
              "suites": [],
              "passes": [
                "b2f65475-0098-428c-b700-6359b4f0b48f",
                "9e1722b8-a788-463a-84c9-66a9974c4864",
                "9b142c09-5f8e-4212-921b-0d7c8f79ea34"
              ],
              "failures": [],
              "pending": [],
              "skipped": [],
              "duration": 261,
              "root": false,
              "rootEmpty": false,
              "_timeout": 30000
            }
          ],
          "passes": [],
          "failures": [],
          "pending": [],
          "skipped": [],
          "duration": 0,
          "root": false,
          "rootEmpty": false,
          "_timeout": 30000
        },
        {
          "uuid": "1c829c59-7906-4c13-be07-49776153ed97",
          "title": "Diamond",
          "fullFile": "/Users/panukettunen/projects/kresko-protocol/src/test/diamond/01-ownership.ts",
          "file": "/src/test/diamond/01-ownership.ts",
          "beforeHooks": [
            {
              "title": "\"before each\" hook in \"Diamond\"",
              "fullTitle": "Diamond \"before each\" hook in \"Diamond\"",
              "timedOut": false,
              "duration": 0,
              "state": null,
              "speed": null,
              "pass": false,
              "fail": false,
              "pending": false,
              "context": null,
              "code": "await (0, _fixtures.diamondFixture)();",
              "err": {},
              "uuid": "fcee69f3-dc3f-4248-ae10-e8bb8aa0a3de",
              "parentUUID": "1c829c59-7906-4c13-be07-49776153ed97",
              "isHook": true,
              "skipped": false
            }
          ],
          "afterHooks": [],
          "tests": [],
          "suites": [
            {
              "uuid": "efc2035e-81de-4c5b-9263-6e31917c02b0",
              "title": "#ownership",
              "fullFile": "/Users/panukettunen/projects/kresko-protocol/src/test/diamond/01-ownership.ts",
              "file": "/src/test/diamond/01-ownership.ts",
              "beforeHooks": [],
              "afterHooks": [],
              "tests": [
                {
                  "title": "sets correct owner",
                  "fullTitle": "Diamond #ownership sets correct owner",
                  "timedOut": false,
                  "duration": 38,
                  "state": "passed",
                  "speed": "medium",
                  "pass": true,
                  "fail": false,
                  "pending": false,
                  "context": null,
                  "code": "(0, _chai.expect)(await hre.Diamond.owner()).to.equal(hre.addr.deployer);",
                  "err": {},
                  "uuid": "b272d9a4-9b05-43fd-a3f8-ccb47801a889",
                  "parentUUID": "efc2035e-81de-4c5b-9263-6e31917c02b0",
                  "isHook": false,
                  "skipped": false
                },
                {
                  "title": "sets correct default admin role",
                  "fullTitle": "Diamond #ownership sets correct default admin role",
                  "timedOut": false,
                  "duration": 37,
                  "state": "passed",
                  "speed": "fast",
                  "pass": true,
                  "fail": false,
                  "pending": false,
                  "context": null,
                  "code": "(0, _chai.expect)(await hre.Diamond.hasRole(_roles.Role.ADMIN, hre.addr.deployer)).to.equal(true);",
                  "err": {},
                  "uuid": "83d45baf-b1b3-4360-b306-731a28bdb441",
                  "parentUUID": "efc2035e-81de-4c5b-9263-6e31917c02b0",
                  "isHook": false,
                  "skipped": false
                },
                {
                  "title": "sets a new pending owner",
                  "fullTitle": "Diamond #ownership sets a new pending owner",
                  "timedOut": false,
                  "duration": 74,
                  "state": "passed",
                  "speed": "medium",
                  "pass": true,
                  "fail": false,
                  "pending": false,
                  "context": null,
                  "code": "const pendingOwner = hre.users.userOne;\nawait hre.Diamond.transferOwnership(pendingOwner.address);\n(0, _chai.expect)(await hre.Diamond.pendingOwner()).to.equal(pendingOwner.address);",
                  "err": {},
                  "uuid": "71ad6184-4814-4d2d-8825-addfec8740d4",
                  "parentUUID": "efc2035e-81de-4c5b-9263-6e31917c02b0",
                  "isHook": false,
                  "skipped": false
                },
                {
                  "title": "sets the pending owner as new owner",
                  "fullTitle": "Diamond #ownership sets the pending owner as new owner",
                  "timedOut": false,
                  "duration": 124,
                  "state": "passed",
                  "speed": "slow",
                  "pass": true,
                  "fail": false,
                  "pending": false,
                  "context": null,
                  "code": "const pendingOwner = hre.users.userOne;\nawait hre.Diamond.transferOwnership(pendingOwner.address);\nawait (0, _general.wrapContractWithSigner)(hre.Diamond, pendingOwner).acceptOwnership();\n(0, _chai.expect)(await hre.Diamond.owner()).to.equal(pendingOwner.address);",
                  "err": {},
                  "uuid": "4c191595-4f83-4132-be7f-e68fc9c57b16",
                  "parentUUID": "efc2035e-81de-4c5b-9263-6e31917c02b0",
                  "isHook": false,
                  "skipped": false
                }
              ],
              "suites": [],
              "passes": [
                "b272d9a4-9b05-43fd-a3f8-ccb47801a889",
                "83d45baf-b1b3-4360-b306-731a28bdb441",
                "71ad6184-4814-4d2d-8825-addfec8740d4",
                "4c191595-4f83-4132-be7f-e68fc9c57b16"
              ],
              "failures": [],
              "pending": [],
              "skipped": [],
              "duration": 273,
              "root": false,
              "rootEmpty": false,
              "_timeout": 30000
            }
          ],
          "passes": [],
          "failures": [],
          "pending": [],
          "skipped": [],
          "duration": 0,
          "root": false,
          "rootEmpty": false,
          "_timeout": 30000
        },
        {
          "uuid": "f8e62b78-3f31-43b4-8b4f-0e8d81c3ade0",
          "title": "Diamond",
          "fullFile": "/Users/panukettunen/projects/kresko-protocol/src/test/diamond/02-upgrades.ts",
          "file": "/src/test/diamond/02-upgrades.ts",
          "beforeHooks": [
            {
              "title": "\"before each\" hook in \"Diamond\"",
              "fullTitle": "Diamond \"before each\" hook in \"Diamond\"",
              "timedOut": false,
              "duration": 0,
              "state": null,
              "speed": null,
              "pass": false,
              "fail": false,
              "pending": false,
              "context": null,
              "code": "await (0, _fixtures.diamondFixture)();",
              "err": {},
              "uuid": "fc8e6375-af69-4b0f-83d3-519c6d8529bd",
              "parentUUID": "f8e62b78-3f31-43b4-8b4f-0e8d81c3ade0",
              "isHook": true,
              "skipped": false
            }
          ],
          "afterHooks": [],
          "tests": [],
          "suites": [
            {
              "uuid": "f3041802-4284-4b80-b645-5758768c2840",
              "title": "#upgrades",
              "fullFile": "/Users/panukettunen/projects/kresko-protocol/src/test/diamond/02-upgrades.ts",
              "file": "/src/test/diamond/02-upgrades.ts",
              "beforeHooks": [],
              "afterHooks": [],
              "tests": [
                {
                  "title": "can add a new facet",
                  "fullTitle": "Diamond #upgrades can add a new facet",
                  "timedOut": false,
                  "duration": 900,
                  "state": "passed",
                  "speed": "slow",
                  "pass": true,
                  "fail": false,
                  "pending": false,
                  "context": null,
                  "code": "const Factory = await _smock.smock.mock('SmockFacet');\nconst SmockFacet = await Factory.deploy();\nconst [SmockInitializer] = await hre.deploy('SmockInit');\nconst signatures = hre.getSignatures([\n    ..._typechain.SmockFacet__factory.abi\n]);\nconst Cut = {\n    facetAddress: SmockFacet.address,\n    functionSelectors: signatures,\n    action: _types.FacetCutAction.Add\n};\nconst initData = await SmockInitializer.populateTransaction.initialize(hre.addr.userOne);\nawait hre.Diamond.diamondCut([\n    Cut\n], initData.to, initData.data);\nconst TEST_OPERATOR_ROLE = hre.ethers.utils.id('kresko.test.operator');\nconst isTestOperator = await hre.Diamond.hasRole(TEST_OPERATOR_ROLE, hre.addr.userOne);\n// Succesfully added the new operator through the initialization contract\n(0, _chai.expect)(isTestOperator).to.equal(true);\nconst Facet = await hre.ethers.getContractAt([\n    ..._typechain.SmockFacet__factory.abi\n], hre.Diamond.address);\n// Ensure facet has it's own storage\nconst operatorFromNewStorage = await Facet.operator() // Retrieved from SmockStorage\n;\n(0, _chai.expect)(operatorFromNewStorage).to.equal(hre.addr.userOne);",
                  "err": {},
                  "uuid": "70100c58-6d23-41d7-9772-1b5dfcbe02c7",
                  "parentUUID": "f3041802-4284-4b80-b645-5758768c2840",
                  "isHook": false,
                  "skipped": false
                },
                {
                  "title": "can remove a facet",
                  "fullTitle": "Diamond #upgrades can remove a facet",
                  "timedOut": false,
                  "duration": 638,
                  "state": "passed",
                  "speed": "slow",
                  "pass": true,
                  "fail": false,
                  "pending": false,
                  "context": null,
                  "code": "const NewFacet = await (0, _addfacet.addFacet)({\n    name: 'SmockFacet',\n    initializerName: 'SmockInit',\n    initializerArgs: hre.addr.userOne\n});\nconst facetsBefore = await hre.Diamond.facets();\n(0, _chai.expect)(facetsBefore.filter((f)=>f.facetAddress === NewFacet.address).length).to.equal(1);\nawait (0, _removefacet.removeFacet)({\n    name: 'SmockFacet'\n});\nconst facetsAfter = await hre.Diamond.facets();\n(0, _chai.expect)(facetsBefore.length - facetsAfter.length).to.equal(1);\n(0, _chai.expect)(facetsAfter).to.not.deep.contain(NewFacet.address);",
                  "err": {},
                  "uuid": "6127d133-be7f-485a-a149-313df30e6501",
                  "parentUUID": "f3041802-4284-4b80-b645-5758768c2840",
                  "isHook": false,
                  "skipped": false
                },
                {
                  "title": "can remove a function",
                  "fullTitle": "Diamond #upgrades can remove a function",
                  "timedOut": false,
                  "duration": 169,
                  "state": "passed",
                  "speed": "slow",
                  "pass": true,
                  "fail": false,
                  "pending": false,
                  "context": null,
                  "code": "// Delete acceptOwnership from DiamondStateFacet\n// Check there is no pending owner\nlet pendingOwner = await hre.Diamond.pendingOwner();\n(0, _chai.expect)(pendingOwner).to.equal(hre.ethers.constants.AddressZero);\n// Transfer to eg. wrong address\nconst wrongOwner = hre.addr.notAdmin;\nawait hre.Diamond.transferOwnership(wrongOwner);\n// Ensure\npendingOwner = await hre.Diamond.pendingOwner();\n(0, _chai.expect)(pendingOwner).to.equal(wrongOwner);\n// Fragment and signature for acceptOwnersip\nconst functionFragment = hre.Diamond.interface.functions['acceptOwnership()'];\nconst signature = hre.ethers.utils.Interface.getSighash(functionFragment);\nconst facetAddress = await hre.Diamond.facetAddress(signature);\nconst functions = await hre.Diamond.facetFunctionSelectors(facetAddress);\nconst Cut = {\n    facetAddress: hre.ethers.constants.AddressZero,\n    action: _types.FacetCutAction.Remove,\n    functionSelectors: [\n        signature\n    ]\n};\n// We will set a correct owner with delegatecall into the Diamond itself with the cut transaction\nconst correctOwner = hre.addr.userOne;\nconst initData = await hre.Diamond.populateTransaction.transferOwnership(correctOwner);\nawait hre.Diamond.diamondCut([\n    Cut\n], initData.to, initData.data);\n// Ensure rest of the functions remain\nconst functionsAfterCut = await hre.Diamond.facetFunctionSelectors(facetAddress);\n(0, _chai.expect)(functionsAfterCut.length).to.equal(functions.length - 1);\n// Ensure delegatecall did set the correct pending owner with the cut\nconst contract = await hre.ethers.getContractAt('DSCore', hre.Diamond.address);\nconst filter = contract.filters.PendingOwnershipTransfer(hre.addr.deployer, correctOwner);\nconst [event] = await contract.queryFilter(filter);\nconst { previousOwner, newOwner } = event.args;\n(0, _chai.expect)(previousOwner).to.equal(hre.addr.deployer);\n(0, _chai.expect)(newOwner).to.equal(correctOwner);\n// Ensure there is no function to accept the ownership\nawait (0, _chai.expect)((0, _general.wrapContractWithSigner)(hre.Diamond, hre.users.notAdmin).acceptOwnership()).to.be.reverted;",
                  "err": {},
                  "uuid": "8e373c70-9806-4749-b3aa-ea53e8ed28ce",
                  "parentUUID": "f3041802-4284-4b80-b645-5758768c2840",
                  "isHook": false,
                  "skipped": false
                },
                {
                  "title": "can replace a function",
                  "fullTitle": "Diamond #upgrades can replace a function",
                  "timedOut": false,
                  "duration": 245,
                  "state": "passed",
                  "speed": "slow",
                  "pass": true,
                  "fail": false,
                  "pending": false,
                  "context": null,
                  "code": "// Same as above but instead replace the function\n// Check there is no pending owner\nlet pendingOwner = await hre.Diamond.pendingOwner();\n(0, _chai.expect)(pendingOwner).to.equal(hre.ethers.constants.AddressZero);\n// Transfer to eg. wrong address\nconst wrongOwner = hre.addr.notAdmin;\nawait hre.Diamond.transferOwnership(wrongOwner);\n// Ensure\npendingOwner = await hre.Diamond.pendingOwner();\n(0, _chai.expect)(pendingOwner).to.equal(wrongOwner);\n// Fragment and signature for acceptOwnersip\nconst functionFragment = hre.Diamond.interface.functions['acceptOwnership()'];\nconst signature = hre.ethers.utils.Interface.getSighash(functionFragment);\nconst OldOwnershipFacet = await hre.Diamond.facetAddress(signature);\nconst [NewOwnershipFacet, allOwnershipFacetSignatures] = await hre.deploy('DiamondStateFacet', {\n    deploymentName: 'DiamondStateFacet2'\n});\n// Only replace a single function, we could replace all of them\nconst Cut = {\n    facetAddress: NewOwnershipFacet.address,\n    action: _types.FacetCutAction.Replace,\n    functionSelectors: [\n        signature\n    ]\n};\n// We will set a correct owner with delegatecall into the Diamond itself with the cut transaction\nconst correctOwner = hre.addr.userOne;\nconst initData = await hre.Diamond.populateTransaction.transferOwnership(correctOwner);\nawait hre.Diamond.diamondCut([\n    Cut\n], initData.to, initData.data);\n// Ensure function exists and revert is for invalid address instead of missing function\nawait (0, _chai.expect)((0, _general.wrapContractWithSigner)(hre.Diamond, hre.users.notAdmin).acceptOwnership()).to.be.reverted;\n// Ensure one function is contained in the new facet\nconst functionsNewFacet = await hre.Diamond.facetFunctionSelectors(NewOwnershipFacet.address);\n(0, _chai.expect)(functionsNewFacet.length).to.equal(1);\n(0, _chai.expect)(functionsNewFacet).to.have.members([\n    signature\n]);\n// Ensure rest are in the previous one\nconst functionsOldFacet = await hre.Diamond.facetFunctionSelectors(OldOwnershipFacet);\n(0, _chai.expect)(functionsOldFacet).to.not.have.members([\n    signature\n]);\n(0, _chai.expect)(functionsOldFacet.length).to.equal(allOwnershipFacetSignatures.length - 1);\n// Ensure correct owner can now accept the ownership\n(0, _chai.expect)((0, _general.wrapContractWithSigner)(hre.Diamond, hre.users.userOne).acceptOwnership());\nconst currentOwner = await hre.Diamond.owner();\n(0, _chai.expect)(currentOwner).to.equal(correctOwner);",
                  "err": {},
                  "uuid": "f473bbb0-fe9a-47d7-9d62-3ca2a7bbe0ed",
                  "parentUUID": "f3041802-4284-4b80-b645-5758768c2840",
                  "isHook": false,
                  "skipped": false
                },
                {
                  "title": "can upgrade state",
                  "fullTitle": "Diamond #upgrades can upgrade state",
                  "timedOut": false,
                  "duration": 635,
                  "state": "passed",
                  "speed": "slow",
                  "pass": true,
                  "fail": false,
                  "pending": false,
                  "context": null,
                  "code": "(0, _chai.expect)(await hre.Diamond.initialized()).to.equal(true);\nconst Factory = await _smock.smock.mock('SmockInit');\nconst SmockInit = await Factory.deploy();\nconst tx = await SmockInit.populateTransaction.upgradeState();\nawait hre.Diamond.executeInitializer(tx.to, tx.data);\n(0, _chai.expect)(await hre.Diamond.initialized()).to.equal(false);",
                  "err": {},
                  "uuid": "c729a854-6545-4ab8-b281-7dff2c42cbaf",
                  "parentUUID": "f3041802-4284-4b80-b645-5758768c2840",
                  "isHook": false,
                  "skipped": false
                },
                {
                  "title": "can preserve old state when extending storage layout",
                  "fullTitle": "Diamond #upgrades can preserve old state when extending storage layout",
                  "timedOut": false,
                  "duration": 1254,
                  "state": "passed",
                  "speed": "slow",
                  "pass": true,
                  "fail": false,
                  "pending": false,
                  "context": null,
                  "code": "(0, _chai.expect)(await hre.Diamond.initialized()).to.equal(true);\n// Add the first facet\nconst Factory = await _smock.smock.mock('SmockFacet');\nconst SmockFacet = await Factory.deploy();\nconst [SmockInitializer] = await hre.deploy('SmockInit');\nconst signatures = hre.getSignatures([\n    ..._typechain.SmockFacet__factory.abi\n]);\nconst Cut = {\n    facetAddress: SmockFacet.address,\n    functionSelectors: signatures,\n    action: _types.FacetCutAction.Add\n};\nconst initData = await SmockInitializer.populateTransaction.initialize(hre.addr.userOne);\nawait hre.Diamond.diamondCut([\n    Cut\n], initData.to, initData.data);\nconst Diamond = await hre.ethers.getContractAt('SmockFacet', hre.Diamond.address);\nconst isInitialized = await Diamond.smockInitialized();\n(0, _chai.expect)(isInitialized).to.equal(true);\n// Add facet with extended state\n// Add the first facet\nconst Factory2 = await _smock.smock.mock('SmockFacet2');\nconst SmockFacet2 = await Factory2.deploy();\nconst signatures2 = hre.getSignatures([\n    ..._typechain.SmockFacet2__factory.abi\n]);\nconst Cut2 = {\n    facetAddress: SmockFacet2.address,\n    functionSelectors: signatures2,\n    action: _types.FacetCutAction.Add\n};\n// Initializer only sets the new extended value, does not touch old storage\nconst initData2 = await SmockFacet2.populateTransaction.initialize();\nawait hre.Diamond.diamondCut([\n    Cut2\n], initData2.to, initData2.data);\n// Here we have appended the storage layout with the `extended` bool property.\nconst DiamondExtended = await hre.ethers.getContractAt('SmockFacet2', hre.Diamond.address);\nconst initializedAfterExtend = await DiamondExtended.getOldStructValueFromExtended();\nconst extendedValue = await DiamondExtended.getNewStructValueFromExtended();\n// Old values remain\n(0, _chai.expect)(initializedAfterExtend).to.equal(true);\n// And we get new ones\n(0, _chai.expect)(extendedValue).to.equal(true);",
                  "err": {},
                  "uuid": "a4dfc60a-9d0d-4bf8-9e37-ce8061aa93eb",
                  "parentUUID": "f3041802-4284-4b80-b645-5758768c2840",
                  "isHook": false,
                  "skipped": false
                }
              ],
              "suites": [],
              "passes": [
                "70100c58-6d23-41d7-9772-1b5dfcbe02c7",
                "6127d133-be7f-485a-a149-313df30e6501",
                "8e373c70-9806-4749-b3aa-ea53e8ed28ce",
                "f473bbb0-fe9a-47d7-9d62-3ca2a7bbe0ed",
                "c729a854-6545-4ab8-b281-7dff2c42cbaf",
                "a4dfc60a-9d0d-4bf8-9e37-ce8061aa93eb"
              ],
              "failures": [],
              "pending": [],
              "skipped": [],
              "duration": 3841,
              "root": false,
              "rootEmpty": false,
              "_timeout": 30000
            }
          ],
          "passes": [],
          "failures": [],
          "pending": [],
          "skipped": [],
          "duration": 0,
          "root": false,
          "rootEmpty": false,
          "_timeout": 30000
        },
        {
          "uuid": "36c04037-d01a-4af7-8761-d30301597e90",
          "title": "Diamond",
          "fullFile": "/Users/panukettunen/projects/kresko-protocol/src/test/diamond/03-protocol.ts",
          "file": "/src/test/diamond/03-protocol.ts",
          "beforeHooks": [
            {
              "title": "\"before each\" hook in \"Diamond\"",
              "fullTitle": "Diamond \"before each\" hook in \"Diamond\"",
              "timedOut": false,
              "duration": 0,
              "state": null,
              "speed": null,
              "pass": false,
              "fail": false,
              "pending": false,
              "context": null,
              "code": "await (0, _fixtures.defaultFixture)();",
              "err": {},
              "uuid": "969bbf34-8ff4-4c1c-ac5c-2ea57a8c2cfb",
              "parentUUID": "36c04037-d01a-4af7-8761-d30301597e90",
              "isHook": true,
              "skipped": false
            }
          ],
          "afterHooks": [],
          "tests": [],
          "suites": [
            {
              "uuid": "aafa8363-3aed-45fa-a19e-1545700776da",
              "title": "#protocol initialization",
              "fullFile": "/Users/panukettunen/projects/kresko-protocol/src/test/diamond/03-protocol.ts",
              "file": "/src/test/diamond/03-protocol.ts",
              "beforeHooks": [],
              "afterHooks": [],
              "tests": [
                {
                  "title": "initialized all facets",
                  "fullTitle": "Diamond #protocol initialization initialized all facets",
                  "timedOut": false,
                  "duration": 87,
                  "state": "passed",
                  "speed": "slow",
                  "pass": true,
                  "fail": false,
                  "pending": false,
                  "context": null,
                  "code": "const facetsOnChain = (await hre.Diamond.facets()).map(([facetAddress, functionSelectors])=>({\n        facetAddress,\n        functionSelectors\n    }));\nconst expectedFacets = await Promise.all([\n    ..._deploy.diamondFacets,\n    ..._deploy.minterFacets,\n    ..._deploy.scdpFacets,\n    ..._deploy.commonFacets,\n    ..._deploy.peripheryFacets\n].map(async (name)=>{\n    const deployment = await hre.deployments.get(name);\n    return {\n        facetAddress: deployment.address,\n        functionSelectors: facetsOnChain.find((f)=>f.facetAddress === deployment.address).functionSelectors\n    };\n}));\n(0, _chai.expect)(facetsOnChain).to.have.deep.members(expectedFacets);",
                  "err": {},
                  "uuid": "546f9517-6ac6-4dff-b5b5-7251f2df4559",
                  "parentUUID": "aafa8363-3aed-45fa-a19e-1545700776da",
                  "isHook": false,
                  "skipped": false
                },
                {
                  "title": "initialized correct state",
                  "fullTitle": "Diamond #protocol initialization initialized correct state",
                  "timedOut": false,
                  "duration": 364,
                  "state": "passed",
                  "speed": "slow",
                  "pass": true,
                  "fail": false,
                  "pending": false,
                  "context": null,
                  "code": "(0, _chai.expect)(await hre.Diamond.getStorageVersion()).to.equal(3);\nconst GatingManager = await hre.deployments.get('GatingManager');\nconst { args } = await (0, _deploy.getCommonInitializer)(hre, GatingManager.address);\nconst { args: minterArgs } = await (0, _deploy.getMinterInitializer)(hre);\nconst { args: scdpArgs } = await (0, _deploy.getSCDPInitializer)(hre);\n(0, _chai.expect)(await hre.Diamond.hasRole(_roles.Role.ADMIN, args.admin)).to.equal(true);\n(0, _chai.expect)(await hre.Diamond.hasRole(_roles.Role.SAFETY_COUNCIL, hre.Multisig.address)).to.equal(true);\n(0, _chai.expect)(await hre.Diamond.getFeeRecipient()).to.equal(args.treasury);\n(0, _chai.expect)(await hre.Diamond.getMinCollateralRatioMinter()).to.equal(minterArgs.minCollateralRatio);\n(0, _chai.expect)(await hre.Diamond.getLiquidationThresholdMinter()).to.equal(minterArgs.liquidationThreshold);\n(0, _chai.expect)(await hre.Diamond.getMinDebtValueMinter()).to.equal(minterArgs.minDebtValue);\n(0, _chai.expect)(await hre.Diamond.getMaxLiquidationRatioMinter()).to.equal(Number(minterArgs.liquidationThreshold) + 0.01e4);\nconst scdpParams = await hre.Diamond.getParametersSCDP();\n(0, _chai.expect)(scdpParams.minCollateralRatio).to.equal(scdpArgs.minCollateralRatio);\n(0, _chai.expect)(scdpParams.liquidationThreshold).to.equal(scdpArgs.liquidationThreshold);\n(0, _chai.expect)(await hre.Diamond.getOracleDeviationPct()).to.equal(args.maxPriceDeviationPct);",
                  "err": {},
                  "uuid": "d10593e9-d2f8-4704-8d77-ffa38915eebf",
                  "parentUUID": "aafa8363-3aed-45fa-a19e-1545700776da",
                  "isHook": false,
                  "skipped": false
                },
                {
                  "title": "can modify configuration parameters",
                  "fullTitle": "Diamond #protocol initialization can modify configuration parameters",
                  "timedOut": false,
                  "duration": 350,
                  "state": "passed",
                  "speed": "slow",
                  "pass": true,
                  "fail": false,
                  "pending": false,
                  "context": null,
                  "code": "await (0, _chai.expect)(hre.Diamond.setMaxPriceDeviationPct(0.05e4)).to.not.be.reverted;\nawait (0, _chai.expect)(hre.Diamond.setSequencerGracePeriod(1000)).to.not.be.reverted;\nawait (0, _chai.expect)(hre.Diamond.setDefaultOraclePrecision(9)).to.not.be.reverted;\nawait (0, _chai.expect)(hre.Diamond.setStaleTime(9)).to.not.be.reverted;\nawait (0, _chai.expect)(hre.Diamond.setMinDebtValueMinter(20e8)).to.not.be.reverted;\n(0, _chai.expect)(await hre.Diamond.getMinDebtValueMinter()).to.equal(20e8);\n(0, _chai.expect)(await hre.Diamond.getDefaultOraclePrecision()).to.equal(9);\n(0, _chai.expect)(await hre.Diamond.getOracleDeviationPct()).to.equal(0.05e4);\n(0, _chai.expect)(await hre.Diamond.getSequencerGracePeriod()).to.equal(1000);",
                  "err": {},
                  "uuid": "c1f28bc1-323b-4b24-a167-5734a3861f56",
                  "parentUUID": "aafa8363-3aed-45fa-a19e-1545700776da",
                  "isHook": false,
                  "skipped": false
                }
              ],
              "suites": [],
              "passes": [
                "546f9517-6ac6-4dff-b5b5-7251f2df4559",
                "d10593e9-d2f8-4704-8d77-ffa38915eebf",
                "c1f28bc1-323b-4b24-a167-5734a3861f56"
              ],
              "failures": [],
              "pending": [],
              "skipped": [],
              "duration": 801,
              "root": false,
              "rootEmpty": false,
              "_timeout": 30000
            }
          ],
          "passes": [],
          "failures": [],
          "pending": [],
          "skipped": [],
          "duration": 0,
          "root": false,
          "rootEmpty": false,
          "_timeout": 30000
        },
        {
          "uuid": "bbbe5fbc-c5d2-4ffe-be54-c70d72609a66",
          "title": "Forking",
          "fullFile": "/Users/panukettunen/projects/kresko-protocol/src/test/forking/00-setup.ts",
          "file": "/src/test/forking/00-setup.ts",
          "beforeHooks": [],
          "afterHooks": [],
          "tests": [],
          "suites": [
            {
              "uuid": "5b29c8ce-9e21-403e-99fe-719d25cb2b0c",
              "title": "#setup",
              "fullFile": "/Users/panukettunen/projects/kresko-protocol/src/test/forking/00-setup.ts",
              "file": "/src/test/forking/00-setup.ts",
              "beforeHooks": [],
              "afterHooks": [],
              "tests": [
                {
                  "title": "should get Kresko from the companion network locally",
                  "fullTitle": "Forking #setup should get Kresko from the companion network locally",
                  "timedOut": false,
                  "duration": 0,
                  "state": "pending",
                  "speed": null,
                  "pass": false,
                  "fail": false,
                  "pending": true,
                  "context": null,
                  "code": "",
                  "err": {},
                  "uuid": "9031aba1-79a4-42c3-b2dd-8e31c80974d9",
                  "parentUUID": "5b29c8ce-9e21-403e-99fe-719d25cb2b0c",
                  "isHook": false,
                  "skipped": false
                }
              ],
              "suites": [],
              "passes": [],
              "failures": [],
              "pending": [
                "9031aba1-79a4-42c3-b2dd-8e31c80974d9"
              ],
              "skipped": [],
              "duration": 0,
              "root": false,
              "rootEmpty": false,
              "_timeout": 30000
            },
            {
              "uuid": "8c565531-b202-4046-9a48-26571d54cb48",
              "title": "#rate-upgrade-11-04-2023",
              "fullFile": "/Users/panukettunen/projects/kresko-protocol/src/test/forking/00-setup.ts",
              "file": "/src/test/forking/00-setup.ts",
              "beforeHooks": [],
              "afterHooks": [],
              "tests": [
                {
                  "title": "should be able to deploy facets",
                  "fullTitle": "Forking #rate-upgrade-11-04-2023 should be able to deploy facets",
                  "timedOut": false,
                  "duration": 0,
                  "state": "pending",
                  "speed": null,
                  "pass": false,
                  "fail": false,
                  "pending": true,
                  "context": null,
                  "code": "",
                  "err": {},
                  "uuid": "803352dc-8712-4b93-a754-5f9954ccc842",
                  "parentUUID": "8c565531-b202-4046-9a48-26571d54cb48",
                  "isHook": false,
                  "skipped": false
                }
              ],
              "suites": [],
              "passes": [],
              "failures": [],
              "pending": [
                "803352dc-8712-4b93-a754-5f9954ccc842"
              ],
              "skipped": [],
              "duration": 0,
              "root": false,
              "rootEmpty": false,
              "_timeout": 30000
            }
          ],
          "passes": [],
          "failures": [],
          "pending": [],
          "skipped": [],
          "duration": 0,
          "root": false,
          "rootEmpty": false,
          "_timeout": 30000
        },
        {
          "uuid": "95099db9-f187-444a-93e3-7b909337ed82",
          "title": "KreskoAsset",
          "fullFile": "/Users/panukettunen/projects/kresko-protocol/src/test/krasset/00-init.ts",
          "file": "/src/test/krasset/00-init.ts",
          "beforeHooks": [
            {
              "title": "\"before each\" hook in \"KreskoAsset\"",
              "fullTitle": "KreskoAsset \"before each\" hook in \"KreskoAsset\"",
              "timedOut": false,
              "duration": 0,
              "state": null,
              "speed": null,
              "pass": false,
              "fail": false,
              "pending": false,
              "context": null,
              "code": "f = await (0, _fixtures.kreskoAssetFixture)({\n    name,\n    symbol,\n    underlyingToken: _viem.zeroAddress\n});",
              "err": {},
              "uuid": "aeff55f3-1822-4423-b4c3-c78e3c57a394",
              "parentUUID": "95099db9-f187-444a-93e3-7b909337ed82",
              "isHook": true,
              "skipped": false
            }
          ],
          "afterHooks": [],
          "tests": [],
          "suites": [
            {
              "uuid": "6f2aaef3-acd8-4b6c-9b10-39c61667e831",
              "title": "KreskoAsset",
              "fullFile": "/Users/panukettunen/projects/kresko-protocol/src/test/krasset/00-init.ts",
              "file": "/src/test/krasset/00-init.ts",
              "beforeHooks": [],
              "afterHooks": [],
              "tests": [
                {
                  "title": "sets correct state",
                  "fullTitle": "KreskoAsset KreskoAsset sets correct state",
                  "timedOut": false,
                  "duration": 26,
                  "state": "passed",
                  "speed": "fast",
                  "pass": true,
                  "fail": false,
                  "pending": false,
                  "context": null,
                  "code": "(0, _chai.expect)(await f.KreskoAsset.name()).to.equal(name);\n(0, _chai.expect)(await f.KreskoAsset.symbol()).to.equal(symbol);\n(0, _chai.expect)(await f.KreskoAsset.kresko()).to.equal(hre.Diamond.address);\n(0, _chai.expect)(await f.KreskoAsset.hasRole(_roles.Role.ADMIN, hre.addr.deployer)).to.equal(true);\n(0, _chai.expect)(await f.KreskoAsset.hasRole(_roles.Role.OPERATOR, hre.Diamond.address)).to.equal(true);\n(0, _chai.expect)(await f.KreskoAsset.totalSupply()).to.equal(0);\n(0, _chai.expect)(await f.KreskoAsset.isRebased()).to.equal(false);\nconst rebaseInfo = await f.KreskoAsset.rebaseInfo();\n(0, _chai.expect)(rebaseInfo.denominator).to.equal(0);\n(0, _chai.expect)(rebaseInfo.positive).to.equal(false);",
                  "err": {},
                  "uuid": "11778fa8-c4b1-4ce3-99ef-f7513d835236",
                  "parentUUID": "6f2aaef3-acd8-4b6c-9b10-39c61667e831",
                  "isHook": false,
                  "skipped": false
                },
                {
                  "title": "can reinitialize metadata",
                  "fullTitle": "KreskoAsset KreskoAsset can reinitialize metadata",
                  "timedOut": false,
                  "duration": 16,
                  "state": "passed",
                  "speed": "fast",
                  "pass": true,
                  "fail": false,
                  "pending": false,
                  "context": null,
                  "code": "const newName = 'foo';\nconst newSymbol = 'bar';\nawait (0, _chai.expect)(f.KreskoAsset.reinitializeERC20(newName, newSymbol, 2)).to.not.be.reverted;\n(0, _chai.expect)(await f.KreskoAsset.name()).to.equal(newName);\n(0, _chai.expect)(await f.KreskoAsset.symbol()).to.equal(newSymbol);",
                  "err": {},
                  "uuid": "dd1448c2-910d-4a3c-b5c7-8daca8e9f037",
                  "parentUUID": "6f2aaef3-acd8-4b6c-9b10-39c61667e831",
                  "isHook": false,
                  "skipped": false
                }
              ],
              "suites": [
                {
                  "uuid": "091f78fd-f530-47a8-820b-2273270c1cc5",
                  "title": "#initialization",
                  "fullFile": "/Users/panukettunen/projects/kresko-protocol/src/test/krasset/00-init.ts",
                  "file": "/src/test/krasset/00-init.ts",
                  "beforeHooks": [],
                  "afterHooks": [],
                  "tests": [
                    {
                      "title": "cant initialize twice",
                      "fullTitle": "KreskoAsset KreskoAsset #initialization cant initialize twice",
                      "timedOut": false,
                      "duration": 10,
                      "state": "passed",
                      "speed": "fast",
                      "pass": true,
                      "fail": false,
                      "pending": false,
                      "context": null,
                      "code": "await (0, _chai.expect)(f.KreskoAsset.initialize(name, symbol, 18, hre.addr.deployer, hre.Diamond.address, hre.ethers.constants.AddressZero, hre.addr.deployer, 0, 0)).to.be.reverted;",
                      "err": {},
                      "uuid": "d7badbe4-0082-4fde-9111-878204fd4d0e",
                      "parentUUID": "091f78fd-f530-47a8-820b-2273270c1cc5",
                      "isHook": false,
                      "skipped": false
                    },
                    {
                      "title": "cant initialize implementation",
                      "fullTitle": "KreskoAsset KreskoAsset #initialization cant initialize implementation",
                      "timedOut": false,
                      "duration": 0,
                      "state": "pending",
                      "speed": null,
                      "pass": false,
                      "fail": false,
                      "pending": true,
                      "context": null,
                      "code": "",
                      "err": {},
                      "uuid": "19c02d39-6fac-4128-9abc-e3d61c759a3e",
                      "parentUUID": "091f78fd-f530-47a8-820b-2273270c1cc5",
                      "isHook": false,
                      "skipped": false
                    },
                    {
                      "title": "sets correct state",
                      "fullTitle": "KreskoAsset KreskoAsset #initialization sets correct state",
                      "timedOut": false,
                      "duration": 26,
                      "state": "passed",
                      "speed": "fast",
                      "pass": true,
                      "fail": false,
                      "pending": false,
                      "context": null,
                      "code": "(0, _chai.expect)(await f.KreskoAsset.name()).to.equal(name);\n(0, _chai.expect)(await f.KreskoAsset.symbol()).to.equal(symbol);\n(0, _chai.expect)(await f.KreskoAsset.kresko()).to.equal(hre.Diamond.address);\n(0, _chai.expect)(await f.KreskoAsset.hasRole(_roles.Role.DEFAULT_ADMIN, hre.addr.deployer)).to.equal(true);\n(0, _chai.expect)(await f.KreskoAsset.hasRole(_roles.Role.ADMIN, hre.addr.deployer)).to.equal(true);\n(0, _chai.expect)(await f.KreskoAsset.hasRole(_roles.Role.OPERATOR, hre.Diamond.address)).to.equal(true);\n(0, _chai.expect)(await f.KreskoAsset.totalSupply()).to.equal(0);\n(0, _chai.expect)(await f.KreskoAsset.isRebased()).to.equal(false);\nconst rebaseInfo = await f.KreskoAsset.rebaseInfo();\n(0, _chai.expect)(rebaseInfo.denominator).to.equal(0);\n(0, _chai.expect)(rebaseInfo.positive).to.equal(false);",
                      "err": {},
                      "uuid": "dda0880b-ff82-4908-a0ee-311dc79b23bf",
                      "parentUUID": "091f78fd-f530-47a8-820b-2273270c1cc5",
                      "isHook": false,
                      "skipped": false
                    },
                    {
                      "title": "can reinitialize metadata",
                      "fullTitle": "KreskoAsset KreskoAsset #initialization can reinitialize metadata",
                      "timedOut": false,
                      "duration": 16,
                      "state": "passed",
                      "speed": "fast",
                      "pass": true,
                      "fail": false,
                      "pending": false,
                      "context": null,
                      "code": "const newName = 'foo';\nconst newSymbol = 'bar';\nawait (0, _chai.expect)(f.KreskoAsset.reinitializeERC20(newName, newSymbol, 2)).to.not.be.reverted;\n(0, _chai.expect)(await f.KreskoAsset.name()).to.equal(newName);\n(0, _chai.expect)(await f.KreskoAsset.symbol()).to.equal(newSymbol);",
                      "err": {},
                      "uuid": "9f91ae03-170e-4132-947e-1a67ca8839ce",
                      "parentUUID": "091f78fd-f530-47a8-820b-2273270c1cc5",
                      "isHook": false,
                      "skipped": false
                    }
                  ],
                  "suites": [],
                  "passes": [
                    "d7badbe4-0082-4fde-9111-878204fd4d0e",
                    "dda0880b-ff82-4908-a0ee-311dc79b23bf",
                    "9f91ae03-170e-4132-947e-1a67ca8839ce"
                  ],
                  "failures": [],
                  "pending": [
                    "19c02d39-6fac-4128-9abc-e3d61c759a3e"
                  ],
                  "skipped": [],
                  "duration": 52,
                  "root": false,
                  "rootEmpty": false,
                  "_timeout": 30000
                }
              ],
              "passes": [
                "11778fa8-c4b1-4ce3-99ef-f7513d835236",
                "dd1448c2-910d-4a3c-b5c7-8daca8e9f037"
              ],
              "failures": [],
              "pending": [],
              "skipped": [],
              "duration": 42,
              "root": false,
              "rootEmpty": false,
              "_timeout": 30000
            },
            {
              "uuid": "c2ded33f-4243-404d-aff8-757ade864027",
              "title": "#initialization - anchor",
              "fullFile": "/Users/panukettunen/projects/kresko-protocol/src/test/krasset/00-init.ts",
              "file": "/src/test/krasset/00-init.ts",
              "beforeHooks": [],
              "afterHooks": [],
              "tests": [
                {
                  "title": "cant initialize twice",
                  "fullTitle": "KreskoAsset #initialization - anchor cant initialize twice",
                  "timedOut": false,
                  "duration": 6,
                  "state": "passed",
                  "speed": "fast",
                  "pass": true,
                  "fail": false,
                  "pending": false,
                  "context": null,
                  "code": "await (0, _chai.expect)(f.KreskoAssetAnchor.initialize(f.KreskoAsset.address, name, symbol, hre.addr.deployer)).to.be.reverted;",
                  "err": {},
                  "uuid": "55d31831-7727-4a89-af67-b50ab22803a1",
                  "parentUUID": "c2ded33f-4243-404d-aff8-757ade864027",
                  "isHook": false,
                  "skipped": false
                },
                {
                  "title": "sets correct state",
                  "fullTitle": "KreskoAsset #initialization - anchor sets correct state",
                  "timedOut": false,
                  "duration": 29,
                  "state": "passed",
                  "speed": "fast",
                  "pass": true,
                  "fail": false,
                  "pending": false,
                  "context": null,
                  "code": "(0, _chai.expect)(await f.KreskoAssetAnchor.name()).to.equal(anchorName);\n(0, _chai.expect)(await f.KreskoAssetAnchor.symbol()).to.equal(anchorSymbol);\n(0, _chai.expect)(await f.KreskoAssetAnchor.asset()).to.equal(f.KreskoAsset.address);\n(0, _chai.expect)(await f.KreskoAssetAnchor.hasRole(_roles.Role.ADMIN, hre.addr.deployer)).to.equal(true);\n(0, _chai.expect)(await f.KreskoAssetAnchor.hasRole(_roles.Role.OPERATOR, hre.Diamond.address)).to.equal(true);\n(0, _chai.expect)(await f.KreskoAssetAnchor.totalSupply()).to.equal(0);\n(0, _chai.expect)(await f.KreskoAssetAnchor.totalAssets()).to.equal(await f.KreskoAsset.totalSupply());\nconst rebaseInfo = await f.KreskoAsset.rebaseInfo();\n(0, _chai.expect)(rebaseInfo.denominator).to.equal(0);\n(0, _chai.expect)(rebaseInfo.positive).to.equal(false);",
                  "err": {},
                  "uuid": "c0bc1aa4-4cc9-4b0e-a2aa-73a7fb10a63a",
                  "parentUUID": "c2ded33f-4243-404d-aff8-757ade864027",
                  "isHook": false,
                  "skipped": false
                },
                {
                  "title": "cant initialize implementation",
                  "fullTitle": "KreskoAsset #initialization - anchor cant initialize implementation",
                  "timedOut": false,
                  "duration": 31,
                  "state": "passed",
                  "speed": "fast",
                  "pass": true,
                  "fail": false,
                  "pending": false,
                  "context": null,
                  "code": "const deployment = await hre.deployments.get(anchorSymbol);\nconst implementationAddress = deployment.implementation;\n(0, _chai.expect)(implementationAddress).to.not.equal(hre.ethers.constants.AddressZero);\nconst KreskoAssetAnchorImpl = await hre.ethers.getContractAt('KreskoAssetAnchor', implementationAddress);\nawait (0, _chai.expect)(KreskoAssetAnchorImpl.initialize(f.KreskoAsset.address, name, symbol, hre.addr.deployer)).to.be.reverted;",
                  "err": {},
                  "uuid": "3e5119d9-72f5-40fc-9e94-d32abeae305e",
                  "parentUUID": "c2ded33f-4243-404d-aff8-757ade864027",
                  "isHook": false,
                  "skipped": false
                },
                {
                  "title": "can reinitialize metadata",
                  "fullTitle": "KreskoAsset #initialization - anchor can reinitialize metadata",
                  "timedOut": false,
                  "duration": 23,
                  "state": "passed",
                  "speed": "fast",
                  "pass": true,
                  "fail": false,
                  "pending": false,
                  "context": null,
                  "code": "const newName = 'foo';\nconst newSymbol = 'bar';\nawait (0, _chai.expect)(f.KreskoAssetAnchor.reinitializeERC20(newName, newSymbol, 2)).to.not.be.reverted;\n(0, _chai.expect)(await f.KreskoAssetAnchor.name()).to.equal(newName);\n(0, _chai.expect)(await f.KreskoAssetAnchor.symbol()).to.equal(newSymbol);\nawait f.KreskoAssetAnchor.reinitializeERC20(name, symbol, 3);",
                  "err": {},
                  "uuid": "3ca99b25-ab12-447c-9b81-933e08411c40",
                  "parentUUID": "c2ded33f-4243-404d-aff8-757ade864027",
                  "isHook": false,
                  "skipped": false
                }
              ],
              "suites": [],
              "passes": [
                "55d31831-7727-4a89-af67-b50ab22803a1",
                "c0bc1aa4-4cc9-4b0e-a2aa-73a7fb10a63a",
                "3e5119d9-72f5-40fc-9e94-d32abeae305e",
                "3ca99b25-ab12-447c-9b81-933e08411c40"
              ],
              "failures": [],
              "pending": [],
              "skipped": [],
              "duration": 89,
              "root": false,
              "rootEmpty": false,
              "_timeout": 30000
            }
          ],
          "passes": [],
          "failures": [],
          "pending": [],
          "skipped": [],
          "duration": 0,
          "root": false,
          "rootEmpty": false,
          "_timeout": 30000
        },
        {
          "uuid": "6daab305-03d6-4b09-9610-ee88686c84f5",
          "title": "KreskoAsset",
          "fullFile": "/Users/panukettunen/projects/kresko-protocol/src/test/krasset/01-erc20.ts",
          "file": "/src/test/krasset/01-erc20.ts",
          "beforeHooks": [
            {
              "title": "\"before each\" hook in \"KreskoAsset\"",
              "fullTitle": "KreskoAsset \"before each\" hook in \"KreskoAsset\"",
              "timedOut": false,
              "duration": 6,
              "state": null,
              "speed": null,
              "pass": false,
              "fail": false,
              "pending": false,
              "context": null,
              "code": "({ KreskoAsset } = await (0, _fixtures.kreskoAssetFixture)({\n    name: 'Ether',\n    symbol: 'krETH',\n    underlyingToken: _viem.zeroAddress\n}));\nthis.mintAmount = 125;\nthis.owner = hre.users.deployer;\nawait KreskoAsset.grantRole(_roles.Role.OPERATOR, this.owner.address);",
              "err": {},
              "uuid": "11ffb5e4-a8cf-406d-9013-b494a4e4fce1",
              "parentUUID": "6daab305-03d6-4b09-9610-ee88686c84f5",
              "isHook": true,
              "skipped": false
            }
          ],
          "afterHooks": [],
          "tests": [],
          "suites": [
            {
              "uuid": "6720e89d-1225-48b8-b486-df681fd587bc",
              "title": "#mint",
              "fullFile": "/Users/panukettunen/projects/kresko-protocol/src/test/krasset/01-erc20.ts",
              "file": "/src/test/krasset/01-erc20.ts",
              "beforeHooks": [],
              "afterHooks": [],
              "tests": [
                {
                  "title": "should allow the owner to mint to their own address",
                  "fullTitle": "KreskoAsset #mint should allow the owner to mint to their own address",
                  "timedOut": false,
                  "duration": 17,
                  "state": "passed",
                  "speed": "fast",
                  "pass": true,
                  "fail": false,
                  "pending": false,
                  "context": null,
                  "code": "(0, _chai.expect)(await KreskoAsset.totalSupply()).to.equal(0);\n(0, _chai.expect)(await KreskoAsset.balanceOf(this.owner.address)).to.equal(0);\nawait KreskoAsset.connect(this.owner).mint(this.owner.address, this.mintAmount);\n// Check total supply and owner's balances increased\n(0, _chai.expect)(await KreskoAsset.totalSupply()).to.equal(this.mintAmount);\n(0, _chai.expect)(await KreskoAsset.balanceOf(this.owner.address)).to.equal(this.mintAmount);",
                  "err": {},
                  "uuid": "e589e94b-8b3c-4987-bfc7-b4c107aef340",
                  "parentUUID": "6720e89d-1225-48b8-b486-df681fd587bc",
                  "isHook": false,
                  "skipped": false
                },
                {
                  "title": "should allow the asset owner to mint to another address",
                  "fullTitle": "KreskoAsset #mint should allow the asset owner to mint to another address",
                  "timedOut": false,
                  "duration": 18,
                  "state": "passed",
                  "speed": "fast",
                  "pass": true,
                  "fail": false,
                  "pending": false,
                  "context": null,
                  "code": "(0, _chai.expect)(await KreskoAsset.totalSupply()).to.equal(0);\n(0, _chai.expect)(await KreskoAsset.balanceOf(hre.users.userOne.address)).to.equal(0);\nawait KreskoAsset.connect(this.owner).mint(hre.users.userOne.address, this.mintAmount);\n// Check total supply and user's balances increased\n(0, _chai.expect)(await KreskoAsset.totalSupply()).to.equal(this.mintAmount);\n(0, _chai.expect)(await KreskoAsset.balanceOf(hre.users.userOne.address)).to.equal(this.mintAmount);",
                  "err": {},
                  "uuid": "c11b1274-5b42-429b-bbd6-5d34149d6fc9",
                  "parentUUID": "6720e89d-1225-48b8-b486-df681fd587bc",
                  "isHook": false,
                  "skipped": false
                },
                {
                  "title": "should not allow non-owner addresses to mint tokens",
                  "fullTitle": "KreskoAsset #mint should not allow non-owner addresses to mint tokens",
                  "timedOut": false,
                  "duration": 19,
                  "state": "passed",
                  "speed": "fast",
                  "pass": true,
                  "fail": false,
                  "pending": false,
                  "context": null,
                  "code": "(0, _chai.expect)(await KreskoAsset.totalSupply()).to.equal(0);\n(0, _chai.expect)(await KreskoAsset.balanceOf(this.owner.address)).to.equal(0);\nawait (0, _chai.expect)(KreskoAsset.connect(hre.users.userOne).mint(this.owner.address, this.mintAmount)).to.be.reverted;\n// Check total supply and all account balances unchanged\n(0, _chai.expect)(await KreskoAsset.totalSupply()).to.equal(0);\n(0, _chai.expect)(await KreskoAsset.balanceOf(this.owner.address)).to.equal(0);\n(0, _chai.expect)(await KreskoAsset.balanceOf(hre.users.userOne.address)).to.equal(0);",
                  "err": {},
                  "uuid": "d6f78276-77d5-4e01-ae34-708b8ad51b54",
                  "parentUUID": "6720e89d-1225-48b8-b486-df681fd587bc",
                  "isHook": false,
                  "skipped": false
                },
                {
                  "title": "should not allow admin to mint tokens",
                  "fullTitle": "KreskoAsset #mint should not allow admin to mint tokens",
                  "timedOut": false,
                  "duration": 10,
                  "state": "passed",
                  "speed": "fast",
                  "pass": true,
                  "fail": false,
                  "pending": false,
                  "context": null,
                  "code": "await KreskoAsset.renounceRole(_roles.Role.OPERATOR, this.owner.address);\nawait (0, _chai.expect)(KreskoAsset.connect(this.owner).mint(this.owner.address, this.mintAmount)).to.be.reverted;",
                  "err": {},
                  "uuid": "1073069e-7a35-4ae0-9a90-b6524d0bc9b4",
                  "parentUUID": "6720e89d-1225-48b8-b486-df681fd587bc",
                  "isHook": false,
                  "skipped": false
                }
              ],
              "suites": [],
[...]
                  "err": {},
                  "uuid": "e9bc9547-ae49-4522-8638-bd1b3d5ab42b",
                  "parentUUID": "3b750119-1f17-4904-bc26-b772ca138b30",
                  "isHook": false,
                  "skipped": false
                },
                {
                  "title": "should identify if the pool is underwater",
                  "fullTitle": "SCDP #Liquidations should identify if the pool is underwater",
                  "timedOut": false,
                  "duration": 1799,
                  "state": "passed",
                  "speed": "fast",
                  "pass": true,
                  "fail": false,
                  "pending": false,
                  "context": null,
                  "code": "const swapAmount = (0, _values.toBig)(2600);\nawait f.KreskoSwapper.swapSCDP(f.swapper.address, f.KISS.address, f.KrAsset2.address, swapAmount, 0);\nf.Collateral.setPrice(f.CollateralPrice.num(8) / 1000);\nf.Collateral8Dec.setPrice(f.CollateralPrice.num(8) / 1000);\nconst [stats, liquidatable] = await Promise.all([\n    hre.Diamond.getDataSCDP(),\n    hre.Diamond.getLiquidatableSCDP()\n]);\n(0, _chai.expect)(stats.totals.cr).to.be.lt(stats.LT);\n(0, _chai.expect)(liquidatable).to.be.true;",
                  "err": {},
                  "uuid": "72924ef2-13eb-4799-8aae-1cf4989c959c",
                  "parentUUID": "3b750119-1f17-4904-bc26-b772ca138b30",
                  "isHook": false,
                  "skipped": false
                },
                {
                  "title": "should allow liquidating the underwater pool",
                  "fullTitle": "SCDP #Liquidations should allow liquidating the underwater pool",
                  "timedOut": false,
                  "duration": 6014,
                  "state": "passed",
                  "speed": "slow",
                  "pass": true,
                  "fail": false,
                  "pending": false,
                  "context": null,
                  "code": "const swapAmount = (0, _values.toBig)(2600);\nawait f.KreskoSwapper.swapSCDP(f.swapper.address, f.KISS.address, f.KrAsset2.address, swapAmount, 0);\nconst newKreskoAssetPrice = 500;\nf.KrAsset2.setPrice(newKreskoAssetPrice);\nconst [scdpParams, maxLiquidatable, krAssetPrice, statsBefore] = await Promise.all([\n    hre.Diamond.getParametersSCDP(),\n    hre.Diamond.getMaxLiqValueSCDP(f.KrAsset2.address, f.Collateral8Dec.address),\n    f.KrAsset2.getPrice(),\n    hre.Diamond.getDataSCDP()\n]);\nconst repayAmount = maxLiquidatable.repayValue.wadDiv(krAssetPrice);\nawait f.KrAsset2.setBalance(hre.users.liquidator, repayAmount.add(1e18.toString()));\n(0, _chai.expect)(statsBefore.totals.cr).to.lt(scdpParams.liquidationThreshold);\n(0, _chai.expect)(statsBefore.totals.cr).to.gt(1e4);\n// Liquidate the shared CDP\nconst tx = await f.KreskoLiquidator.liquidateSCDP(f.KrAsset2.address, repayAmount, f.Collateral8Dec.address);\n// Check the state after liquidation\nconst [statsAfter, liquidatableAfter] = await Promise.all([\n    hre.Diamond.getDataSCDP(),\n    hre.Diamond.getLiquidatableSCDP()\n]);\n(0, _chai.expect)(statsAfter.totals.cr).to.gt(scdpParams.liquidationThreshold);\n(0, _chai.expect)(statsAfter.totals.crOgAdj).to.eq(2.01e4);\n(0, _chai.expect)(liquidatableAfter).to.eq(false);\n// Shared CDP should not be liquidatable since it is above the threshold\nawait (0, _chai.expect)(f.KreskoLiquidator.liquidateSCDP(f.KrAsset2.address, repayAmount, f.Collateral8Dec.address)).to.be.revertedWithCustomError((0, _errors.Errors)(hre), 'COLLATERAL_VALUE_GREATER_THAN_REQUIRED');\n// Check what was emitted in the event\nconst event = await (0, _events.getNamedEvent)(tx, 'SCDPLiquidationOccured');\nconst expectedSeizeAmount = repayAmount.wadMul((0, _values.toBig)(newKreskoAssetPrice, 8)).percentMul(1.05e4).wadDiv(f.CollateralPrice).div(10 ** 10);\n(0, _chai.expect)(event.args.liquidator).to.eq(hre.users.liquidator.address);\n(0, _chai.expect)(event.args.seizeAmount).to.eq(expectedSeizeAmount);\n(0, _chai.expect)(event.args.repayAmount).to.eq(repayAmount);\n(0, _chai.expect)(event.args.seizeCollateral).to.eq(f.Collateral8Dec.address);\n(0, _chai.expect)(event.args.repayKreskoAsset).to.eq(f.KrAsset2.address);\n// Check account state changes\nconst expectedDepositsAfter = depositAmount8Dec.sub(event.args.seizeAmount);\n(0, _chai.expect)(expectedDepositsAfter).to.be.lt(depositAmount8Dec);\nconst [principalDeposits, fees, params] = await Promise.all([\n    hre.Diamond.getAccountDepositSCDP(f.depositor.address, f.Collateral8Dec.address),\n    hre.Diamond.getAccountFeesSCDP(f.depositor.address, f.Collateral8Dec.address),\n    hre.Diamond.getParametersSCDP()\n]);\n(0, _chai.expect)(principalDeposits).to.eq(expectedDepositsAfter);\n(0, _chai.expect)(fees).to.eq(0);\n// Sanity checking that users should be able to withdraw what is left\nawait hre.Diamond.setFeeAssetSCDP(f.Collateral.address);\nawait f.KreskoDepositor.depositSCDP(f.depositor.address, f.Collateral.address, depositAmount18Dec.mul(10));\nconst stats = await hre.Diamond.getDataSCDP();\n(0, _chai.expect)(stats.totals.cr).to.gt(params.minCollateralRatio);\nawait (0, _chai.expect)(f.KreskoDepositor.withdrawSCDP(f.depositor.address, f.Collateral8Dec.address, expectedDepositsAfter, f.depositor.address)).to.not.be.reverted;\nconst [principalEnd, feesAfter] = await Promise.all([\n    hre.Diamond.getAccountDepositSCDP(f.depositor.address, f.Collateral8Dec.address),\n    hre.Diamond.getAccountFeesSCDP(f.depositor.address, f.Collateral8Dec.address)\n]);\n(0, _chai.expect)(principalEnd).to.eq(0);\n(0, _chai.expect)(feesAfter).to.eq(0);",
                  "err": {},
                  "uuid": "da3dda14-0b61-4943-9886-1400dd6a53d5",
                  "parentUUID": "3b750119-1f17-4904-bc26-b772ca138b30",
                  "isHook": false,
                  "skipped": false
                }
              ],
              "suites": [],
              "passes": [
                "214ed5e0-0a6b-4471-873b-1de4e6e1ef96",
                "e9bc9547-ae49-4522-8638-bd1b3d5ab42b",
                "72924ef2-13eb-4799-8aae-1cf4989c959c",
                "da3dda14-0b61-4943-9886-1400dd6a53d5"
              ],
              "failures": [],
              "pending": [],
              "skipped": [],
              "duration": 9209,
              "root": false,
              "rootEmpty": false,
              "_timeout": 30000
            },
            {
              "uuid": "e0e0b20f-b245-4f55-994f-84c246fa84fd",
              "title": "#Error",
              "fullFile": "/Users/panukettunen/projects/kresko-protocol/src/test/scdp/00-scdp.ts",
              "file": "/src/test/scdp/00-scdp.ts",
              "beforeHooks": [
                {
                  "title": "\"before each\" hook in \"#Error\"",
                  "fullTitle": "SCDP #Error \"before each\" hook in \"#Error\"",
                  "timedOut": false,
                  "duration": 170,
                  "state": null,
                  "speed": null,
                  "pass": false,
                  "fail": false,
                  "pending": false,
                  "context": null,
                  "code": "await Promise.all(f.usersArr.map((signer)=>f.Collateral.setBalance(signer, (0, _values.toBig)(1_000_000))));\nawait f.KISS.setBalance(f.swapper, (0, _values.toBig)(10_000));\nawait f.KISS.setBalance(f.depositor, hre.ethers.BigNumber.from(1));\nawait hre.Diamond.setFeeAssetSCDP(f.Collateral.address);\nawait f.KreskoDepositor.depositSCDP(f.depositor.address, f.Collateral.address, depositAmount18Dec);\nawait hre.Diamond.setFeeAssetSCDP(f.KISS.address);\nawait f.KreskoDepositor.depositSCDP(f.depositor.address, f.KISS.address, 1);",
                  "err": {},
                  "uuid": "c2ae1537-ad01-4824-bacd-176c5c6ddc52",
                  "parentUUID": "e0e0b20f-b245-4f55-994f-84c246fa84fd",
                  "isHook": true,
                  "skipped": false
                }
              ],
              "afterHooks": [],
              "tests": [
                {
                  "title": "should revert depositing unsupported tokens",
                  "fullTitle": "SCDP #Error should revert depositing unsupported tokens",
                  "timedOut": false,
                  "duration": 93,
                  "state": "passed",
                  "speed": "fast",
                  "pass": true,
                  "fail": false,
                  "pending": false,
                  "context": null,
                  "code": "const [UnsupportedToken] = await hre.deploy('MockERC20', {\n    args: [\n        'UnsupportedToken',\n        'UnsupportedToken',\n        18,\n        (0, _values.toBig)(1)\n    ]\n});\nawait UnsupportedToken.approve(hre.Diamond.address, hre.ethers.constants.MaxUint256);\nconst { deployer } = await hre.getNamedAccounts();\nawait (0, _chai.expect)(hre.Diamond.depositSCDP(deployer, UnsupportedToken.address, 1)).to.be.revertedWithCustomError((0, _errors.Errors)(hre), 'ASSET_NOT_FEE_ACCUMULATING_ASSET').withArgs([\n    'UnsupportedToken',\n    UnsupportedToken.address\n]);",
                  "err": {},
                  "uuid": "389401d2-6acb-4dbb-a60c-435f71b5b203",
                  "parentUUID": "e0e0b20f-b245-4f55-994f-84c246fa84fd",
                  "isHook": false,
                  "skipped": false
                },
                {
                  "title": "should revert withdrawing without deposits",
                  "fullTitle": "SCDP #Error should revert withdrawing without deposits",
                  "timedOut": false,
                  "duration": 36,
                  "state": "passed",
                  "speed": "fast",
                  "pass": true,
                  "fail": false,
                  "pending": false,
                  "context": null,
                  "code": "const withdrawAmount = 1;\nawait (0, _chai.expect)(f.KreskoSwapper.withdrawSCDP(f.swapper.address, f.Collateral.address, withdrawAmount, f.swapper.address)).to.be.revertedWithCustomError((0, _errors.Errors)(hre), 'ACCOUNT_HAS_NO_DEPOSITS').withArgs(f.swapper.address, f.Collateral.errorId);",
                  "err": {},
                  "uuid": "136a8d52-e97a-4e18-aee5-2d9fc061af5e",
                  "parentUUID": "e0e0b20f-b245-4f55-994f-84c246fa84fd",
                  "isHook": false,
                  "skipped": false
                },
                {
                  "title": "should revert withdrawals below MCR",
                  "fullTitle": "SCDP #Error should revert withdrawals below MCR",
                  "timedOut": false,
                  "duration": 481,
                  "state": "passed",
                  "speed": "fast",
                  "pass": true,
                  "fail": false,
                  "pending": false,
                  "context": null,
                  "code": "const swapAmount = (0, _values.toBig)(1000) // $1000\n;\nawait f.KreskoSwapper.swapSCDP(f.swapper.address, f.KISS.address, f.KrAsset2.address, swapAmount, 0) // generates the debt\n;\nconst deposits = await f.KreskoSwapper.getAccountDepositSCDP(f.depositor.address, f.Collateral.address);\nawait (0, _chai.expect)(f.KreskoDepositor.withdrawSCDP(f.depositor.address, f.Collateral.address, deposits, f.depositor.address)).to.be.revertedWithCustomError((0, _errors.Errors)(hre), 'COLLATERAL_VALUE_LESS_THAN_REQUIRED').withArgs(960e8, 4800e8, 5e4);",
                  "err": {},
                  "uuid": "7b9d2da8-f4b4-4659-913c-a9891989d254",
                  "parentUUID": "e0e0b20f-b245-4f55-994f-84c246fa84fd",
                  "isHook": false,
                  "skipped": false
                },
                {
                  "title": "should revert withdrawals of swap owned collateral deposits",
                  "fullTitle": "SCDP #Error should revert withdrawals of swap owned collateral deposits",
                  "timedOut": false,
                  "duration": 474,
                  "state": "passed",
                  "speed": "fast",
                  "pass": true,
                  "fail": false,
                  "pending": false,
                  "context": null,
                  "code": "const swapAmount = (0, _values.toBig)(1);\nawait f.KrAsset2.setBalance(f.swapper, swapAmount);\nawait f.KreskoSwapper.swapSCDP(f.swapper.address, f.KrAsset2.address, f.KISS.address, swapAmount, 0);\nconst deposits = await f.KreskoSwapper.getSwapDepositsSCDP(f.KrAsset2.address);\n(0, _chai.expect)(deposits).to.be.gt(0);\nawait (0, _chai.expect)(f.KreskoSwapper.withdrawSCDP(f.swapper.address, f.KrAsset2.address, deposits, f.depositor.address)).to.be.revertedWithCustomError((0, _errors.Errors)(hre), 'ASSET_DOES_NOT_HAVE_DEPOSITS').withArgs(f.KrAsset2.errorId);",
                  "err": {},
                  "uuid": "e206156a-e830-4053-954a-7a80d7ce4e7c",
                  "parentUUID": "e0e0b20f-b245-4f55-994f-84c246fa84fd",
                  "isHook": false,
                  "skipped": false
                },
                {
                  "title": "should revert swapping with price below minAmountOut",
                  "fullTitle": "SCDP #Error should revert swapping with price below minAmountOut",
                  "timedOut": false,
                  "duration": 289,
                  "state": "passed",
                  "speed": "fast",
                  "pass": true,
                  "fail": false,
                  "pending": false,
                  "context": null,
                  "code": "const swapAmount = (0, _values.toBig)(1);\nawait f.KrAsset2.setBalance(f.swapper, swapAmount);\nconst [amountOut] = await f.KreskoSwapper.previewSwapSCDP(f.KrAsset2.address, f.KISS.address, swapAmount);\nawait (0, _chai.expect)(f.KreskoSwapper.swapSCDP(f.swapper.address, f.KrAsset2.address, f.KISS.address, swapAmount, amountOut.add(1))).to.be.revertedWithCustomError((0, _errors.Errors)(hre), 'RECEIVED_LESS_THAN_DESIRED').withArgs(f.KISS.errorId, amountOut, amountOut.add(1));",
                  "err": {},
                  "uuid": "b99f435d-375a-467b-8c74-d9b08bd0b65e",
                  "parentUUID": "e0e0b20f-b245-4f55-994f-84c246fa84fd",
                  "isHook": false,
                  "skipped": false
                },
                {
                  "title": "should revert swapping unsupported asset",
                  "fullTitle": "SCDP #Error should revert swapping unsupported asset",
                  "timedOut": false,
                  "duration": 44,
                  "state": "passed",
                  "speed": "fast",
                  "pass": true,
                  "fail": false,
                  "pending": false,
                  "context": null,
                  "code": "const swapAmount = (0, _values.toBig)(1);\nawait f.KrAsset2.setBalance(f.swapper, swapAmount);\nawait (0, _chai.expect)(f.KreskoSwapper.swapSCDP(f.swapper.address, f.KrAsset2.address, f.Collateral.address, swapAmount, 0)).to.be.revertedWithCustomError((0, _errors.Errors)(hre), 'SWAP_ROUTE_NOT_ENABLED').withArgs(f.KrAsset2.errorId, f.Collateral.errorId);",
                  "err": {},
                  "uuid": "bbc177ce-27bb-49a6-a56f-9f48f8663fc0",
                  "parentUUID": "e0e0b20f-b245-4f55-994f-84c246fa84fd",
                  "isHook": false,
                  "skipped": false
                },
                {
                  "title": "should revert swapping a disabled route",
                  "fullTitle": "SCDP #Error should revert swapping a disabled route",
                  "timedOut": false,
                  "duration": 85,
                  "state": "passed",
                  "speed": "fast",
                  "pass": true,
                  "fail": false,
                  "pending": false,
                  "context": null,
                  "code": "const swapAmount = (0, _values.toBig)(1);\nawait f.KrAsset2.setBalance(f.swapper, swapAmount);\nawait hre.Diamond.setSingleSwapRouteSCDP({\n    assetIn: f.KrAsset2.address,\n    assetOut: f.KISS.address,\n    enabled: false\n});\nawait (0, _chai.expect)(f.KreskoSwapper.swapSCDP(f.swapper.address, f.KrAsset2.address, f.KISS.address, swapAmount, 0)).to.be.revertedWithCustomError((0, _errors.Errors)(hre), 'SWAP_ROUTE_NOT_ENABLED').withArgs(f.KrAsset2.errorId, f.KISS.errorId);",
                  "err": {},
                  "uuid": "3e1cb518-3ad2-4eac-9ae1-a5f1137cfd86",
                  "parentUUID": "e0e0b20f-b245-4f55-994f-84c246fa84fd",
                  "isHook": false,
                  "skipped": false
                },
                {
                  "title": "should revert swapping causes CDP to go below MCR",
                  "fullTitle": "SCDP #Error should revert swapping causes CDP to go below MCR",
                  "timedOut": false,
                  "duration": 350,
                  "state": "passed",
                  "speed": "fast",
                  "pass": true,
                  "fail": false,
                  "pending": false,
                  "context": null,
                  "code": "const swapAmount = (0, _values.toBig)(1_500_000);\nawait f.KrAsset2.setBalance(f.swapper, swapAmount);\nconst tx = f.KreskoSwapper.swapSCDP(f.swapper.address, f.KrAsset2.address, f.KISS.address, swapAmount, 0);\nawait (0, _chai.expect)(tx).to.be.revertedWithCustomError((0, _errors.Errors)(hre), 'COLLATERAL_VALUE_LESS_THAN_REQUIRED').withArgs('15001000000000000', '75000000000000000', 5e4);",
                  "err": {},
                  "uuid": "59920214-b6dc-45aa-a704-6e042c0d5fcd",
                  "parentUUID": "e0e0b20f-b245-4f55-994f-84c246fa84fd",
                  "isHook": false,
                  "skipped": false
                }
              ],
              "suites": [],
              "passes": [
                "389401d2-6acb-4dbb-a60c-435f71b5b203",
                "136a8d52-e97a-4e18-aee5-2d9fc061af5e",
                "7b9d2da8-f4b4-4659-913c-a9891989d254",
                "e206156a-e830-4053-954a-7a80d7ce4e7c",
                "b99f435d-375a-467b-8c74-d9b08bd0b65e",
                "bbc177ce-27bb-49a6-a56f-9f48f8663fc0",
                "3e1cb518-3ad2-4eac-9ae1-a5f1137cfd86",
                "59920214-b6dc-45aa-a704-6e042c0d5fcd"
              ],
              "failures": [],
              "pending": [],
              "skipped": [],
              "duration": 1852,
              "root": false,
              "rootEmpty": false,
              "_timeout": 30000
            }
          ],
          "passes": [],
          "failures": [],
          "pending": [],
          "skipped": [],
          "duration": 0,
          "root": false,
          "rootEmpty": false,
          "_timeout": 30000
        }
      ],
      "passes": [],
      "failures": [],
      "pending": [],
      "skipped": [],
      "duration": 0,
      "root": true,
      "rootEmpty": true,
      "_timeout": 30000
    }
  ],
  "meta": {
    "mocha": {
      "version": "10.2.0"
    },
    "mochawesome": {
      "options": {
        "quiet": false,
        "reportFilename": "mochawesome",
        "saveHtml": true,
        "saveJson": true,
        "consoleReporter": "spec",
        "useInlineDiffs": false,
        "code": true
      },
      "version": "7.1.3"
    },
    "marge": {
      "options": {
        "reportDir": "docs/test-report",
        "assetsDir": "docs/test-report/assets",
        "reportTitle": "Kresko Protocol Hardhat Test Report",
        "reportPageTitle": "Kresko Protocol Hardhat Test Report"
      },
      "version": "6.2.0"
    }
  }
}