{
  "stats": {
    "suites": 90,
    "tests": 278,
    "passes": 257,
    "pending": 21,
    "failures": 0,
    "start": "2023-12-12T15:51:41.658Z",
    "end": "2023-12-12T15:54:06.113Z",
    "duration": 144455,
    "testsRegistered": 278,
    "passPercent": 100,
    "pendingPercent": 7.553956834532374,
    "other": 0,
    "hasOther": false,
    "skipped": 0,
    "hasSkipped": false
  },
  "results": [
    {
      "uuid": "b0263a58-845d-444e-af45-4881004aec05",
      "title": "",
      "fullFile": "",
      "file": "",
      "beforeHooks": [],
      "afterHooks": [],
      "tests": [],
      "suites": [
        {
          "uuid": "a0c95859-6cac-433e-a1a7-f2870fe3c304",
          "title": "Asset Amounts & Values",
          "fullFile": "/Users/panukettunen/projects/kresko-protocol/src/test/asset-values/00-asset-values.ts",
          "file": "/src/test/asset-values/00-asset-values.ts",
          "beforeHooks": [
            {
              "title": "\"before each\" hook in \"Asset Amounts & Values\"",
              "fullTitle": "Asset Amounts & Values \"before each\" hook in \"Asset Amounts & Values\"",
              "timedOut": false,
              "duration": 20,
              "state": null,
              "speed": null,
              "pass": false,
              "fail": false,
              "pending": false,
              "context": null,
              "code": "f = await (0, _fixtures.assetValuesFixture)();\nf.user = hre.users.userEight;\nUser = (0, _redstone.wrapKresko)(hre.Diamond, f.user);",
              "err": {},
              "uuid": "76dbe7c7-8cac-4afb-b22b-81831cd7fbc2",
              "parentUUID": "a0c95859-6cac-433e-a1a7-f2870fe3c304",
              "isHook": true,
              "skipped": false
            }
          ],
          "afterHooks": [],
          "tests": [],
          "suites": [
            {
              "uuid": "c3f588b7-f6d9-45a4-8e0c-59f51b4aa0f5",
              "title": "#Collateral Deposit Values",
              "fullFile": "/Users/panukettunen/projects/kresko-protocol/src/test/asset-values/00-asset-values.ts",
              "file": "/src/test/asset-values/00-asset-values.ts",
              "beforeHooks": [],
              "afterHooks": [],
              "tests": [
                {
                  "title": "should return the correct deposit value with 18 decimals",
                  "fullTitle": "Asset Amounts & Values #Collateral Deposit Values should return the correct deposit value with 18 decimals",
                  "timedOut": false,
                  "duration": 123,
                  "state": "passed",
                  "speed": "slow",
                  "pass": true,
                  "fail": false,
                  "pending": false,
                  "context": null,
                  "code": "const depositAmount = (0, _values.toBig)(10);\nconst expectedDepositValue = (0, _values.toBig)(50, f.oracleDecimals) // cfactor = 0.5, collateralPrice = 10, depositAmount = 10\n;\nawait User.depositCollateral(f.user.address, f.CollateralAsset.address, depositAmount);\nconst depositValue = await hre.Diamond.getAccountTotalCollateralValue(f.user.address);\n(0, _chai.expect)(depositValue).to.equal(expectedDepositValue);",
                  "err": {},
                  "uuid": "7270896b-a763-4f99-8c54-672f03d85776",
                  "parentUUID": "c3f588b7-f6d9-45a4-8e0c-59f51b4aa0f5",
                  "isHook": false,
                  "skipped": false
                },
                {
                  "title": "should return the correct deposit value with less than 18 decimals",
                  "fullTitle": "Asset Amounts & Values #Collateral Deposit Values should return the correct deposit value with less than 18 decimals",
                  "timedOut": false,
                  "duration": 118,
                  "state": "passed",
                  "speed": "slow",
                  "pass": true,
                  "fail": false,
                  "pending": false,
                  "context": null,
                  "code": "const depositAmount = (0, _values.toBig)(10, 8);\nconst expectedDepositValue = (0, _values.toBig)(50, f.oracleDecimals) // cfactor = 0.5, collateralPrice = 10, depositAmount = 10\n;\nawait User.depositCollateral(f.user.address, f.CollateralAsset8Dec.address, depositAmount);\nconst depositValue = await hre.Diamond.getAccountTotalCollateralValue(f.user.address);\n(0, _chai.expect)(depositValue).to.equal(expectedDepositValue);",
                  "err": {},
                  "uuid": "c8360ad9-71f5-49ad-a1ec-91b16d8f795b",
                  "parentUUID": "c3f588b7-f6d9-45a4-8e0c-59f51b4aa0f5",
                  "isHook": false,
                  "skipped": false
                },
                {
                  "title": "should return the correct deposit value with over 18 decimals",
                  "fullTitle": "Asset Amounts & Values #Collateral Deposit Values should return the correct deposit value with over 18 decimals",
                  "timedOut": false,
                  "duration": 121,
                  "state": "passed",
                  "speed": "slow",
                  "pass": true,
                  "fail": false,
                  "pending": false,
                  "context": null,
                  "code": "const depositAmount = (0, _values.toBig)(10, 21);\nconst expectedDepositValue = (0, _values.toBig)(50, f.oracleDecimals) // cfactor = 0.5, collateralPrice = 10, depositAmount = 10\n;\nawait User.depositCollateral(f.user.address, f.CollateralAsset21Dec.address, depositAmount);\nconst depositValue = await hre.Diamond.getAccountTotalCollateralValue(f.user.address);\n(0, _chai.expect)(depositValue).to.equal(expectedDepositValue);",
                  "err": {},
                  "uuid": "727a1177-d90a-486f-a94b-7a6bea8ab5fc",
                  "parentUUID": "c3f588b7-f6d9-45a4-8e0c-59f51b4aa0f5",
                  "isHook": false,
                  "skipped": false
                },
                {
                  "title": "should return the correct deposit value combination of different decimals",
                  "fullTitle": "Asset Amounts & Values #Collateral Deposit Values should return the correct deposit value combination of different decimals",
                  "timedOut": false,
                  "duration": 276,
                  "state": "passed",
                  "speed": "slow",
                  "pass": true,
                  "fail": false,
                  "pending": false,
                  "context": null,
                  "code": "await User.depositCollateral(f.user.address, f.CollateralAsset.address, (0, _values.toBig)(10));\nawait User.depositCollateral(f.user.address, f.CollateralAsset8Dec.address, (0, _values.toBig)(10, 8));\nawait User.depositCollateral(f.user.address, f.CollateralAsset21Dec.address, (0, _values.toBig)(10, 21));\nconst expectedDepositValue = (0, _values.toBig)(150, f.oracleDecimals) // cfactor = 0.5, collateralPrice = 10, depositAmount = 30\n;\nconst depositValue = await hre.Diamond.getAccountTotalCollateralValue(f.user.address);\n(0, _chai.expect)(depositValue).to.equal(expectedDepositValue);",
                  "err": {},
                  "uuid": "4e852f9e-0006-4057-b2f4-6a19aab0f8ac",
                  "parentUUID": "c3f588b7-f6d9-45a4-8e0c-59f51b4aa0f5",
                  "isHook": false,
                  "skipped": false
                }
              ],
              "suites": [],
              "passes": [
                "7270896b-a763-4f99-8c54-672f03d85776",
                "c8360ad9-71f5-49ad-a1ec-91b16d8f795b",
                "727a1177-d90a-486f-a94b-7a6bea8ab5fc",
                "4e852f9e-0006-4057-b2f4-6a19aab0f8ac"
              ],
              "failures": [],
              "pending": [],
              "skipped": [],
              "duration": 638,
              "root": false,
              "rootEmpty": false,
              "_timeout": 30000
            },
            {
              "uuid": "dba7794e-9496-4822-8e32-13de6c7532b1",
              "title": "#Collateral Deposit Amount",
              "fullFile": "/Users/panukettunen/projects/kresko-protocol/src/test/asset-values/00-asset-values.ts",
              "file": "/src/test/asset-values/00-asset-values.ts",
              "beforeHooks": [],
              "afterHooks": [],
              "tests": [
                {
                  "title": "should return the correct deposit amount with 18 decimals",
                  "fullTitle": "Asset Amounts & Values #Collateral Deposit Amount should return the correct deposit amount with 18 decimals",
                  "timedOut": false,
                  "duration": 136,
                  "state": "passed",
                  "speed": "slow",
                  "pass": true,
                  "fail": false,
                  "pending": false,
                  "context": null,
                  "code": "const depositAmount = (0, _values.toBig)(10);\nawait User.depositCollateral(f.user.address, f.CollateralAsset.address, depositAmount);\nconst withdrawIndex = await _optimizations.default.getAccountDepositIndex(f.user.address, f.CollateralAsset.address);\nconst deposits = await hre.Diamond.getAccountCollateralAmount(f.user.address, f.CollateralAsset.address);\n(0, _chai.expect)(deposits).to.equal(depositAmount);\nawait User.withdrawCollateral(f.user.address, f.CollateralAsset.address, depositAmount, withdrawIndex, f.user.address);\nconst balance = await f.CollateralAsset.balanceOf(f.user.address);\n(0, _chai.expect)(balance).to.equal((0, _values.toBig)(f.startingBalance));",
                  "err": {},
                  "uuid": "10c0e416-4a59-41f1-b294-17cbb13fd7bb",
                  "parentUUID": "dba7794e-9496-4822-8e32-13de6c7532b1",
                  "isHook": false,
                  "skipped": false
                },
                {
                  "title": "should return the correct deposit amount with less than 18 decimals",
                  "fullTitle": "Asset Amounts & Values #Collateral Deposit Amount should return the correct deposit amount with less than 18 decimals",
                  "timedOut": false,
                  "duration": 123,
                  "state": "passed",
                  "speed": "slow",
                  "pass": true,
                  "fail": false,
                  "pending": false,
                  "context": null,
                  "code": "const depositAmount = (0, _values.toBig)(10, 8);\nawait User.depositCollateral(f.user.address, f.CollateralAsset8Dec.address, depositAmount);\nconst withdrawIndex = await _optimizations.default.getAccountDepositIndex(f.user.address, f.CollateralAsset8Dec.address);\nconst deposits = await hre.Diamond.getAccountCollateralAmount(f.user.address, f.CollateralAsset8Dec.address);\n(0, _chai.expect)(deposits).to.equal(depositAmount);\nawait User.withdrawCollateral(f.user.address, f.CollateralAsset8Dec.address, depositAmount, withdrawIndex, f.user.address);\nconst balance = await f.CollateralAsset8Dec.balanceOf(f.user.address);\n(0, _chai.expect)(balance).to.equal((0, _values.toBig)(f.startingBalance, 8));",
                  "err": {},
                  "uuid": "34c4d789-c832-4075-94ae-97dba0e61608",
                  "parentUUID": "dba7794e-9496-4822-8e32-13de6c7532b1",
                  "isHook": false,
                  "skipped": false
                },
                {
                  "title": "should return the correct deposit value with over 18 decimals",
                  "fullTitle": "Asset Amounts & Values #Collateral Deposit Amount should return the correct deposit value with over 18 decimals",
                  "timedOut": false,
                  "duration": 120,
                  "state": "passed",
                  "speed": "slow",
                  "pass": true,
                  "fail": false,
                  "pending": false,
                  "context": null,
                  "code": "const depositAmount = (0, _values.toBig)(10, 21);\nawait User.depositCollateral(f.user.address, f.CollateralAsset21Dec.address, depositAmount);\nconst withdrawIndex = await _optimizations.default.getAccountDepositIndex(f.user.address, f.CollateralAsset21Dec.address);\nconst deposits = await hre.Diamond.getAccountCollateralAmount(f.user.address, f.CollateralAsset21Dec.address);\n(0, _chai.expect)(deposits).to.equal(depositAmount);\nawait User.withdrawCollateral(f.user.address, f.CollateralAsset21Dec.address, depositAmount, withdrawIndex, f.user.address);\nconst balance = await f.CollateralAsset21Dec.balanceOf(f.user.address);\n(0, _chai.expect)(balance).to.equal((0, _values.toBig)(f.startingBalance, 21));",
                  "err": {},
                  "uuid": "d1f16073-2a69-4606-b2fb-fd70c3ada498",
                  "parentUUID": "dba7794e-9496-4822-8e32-13de6c7532b1",
                  "isHook": false,
                  "skipped": false
                }
              ],
              "suites": [],
              "passes": [
                "10c0e416-4a59-41f1-b294-17cbb13fd7bb",
                "34c4d789-c832-4075-94ae-97dba0e61608",
                "d1f16073-2a69-4606-b2fb-fd70c3ada498"
              ],
              "failures": [],
              "pending": [],
              "skipped": [],
              "duration": 379,
              "root": false,
              "rootEmpty": false,
              "_timeout": 30000
            },
            {
              "uuid": "d63f9cb3-b6e3-4637-8f3b-6f85ecf87133",
              "title": "#Kresko Asset Debt Values",
              "fullFile": "/Users/panukettunen/projects/kresko-protocol/src/test/asset-values/00-asset-values.ts",
              "file": "/src/test/asset-values/00-asset-values.ts",
              "beforeHooks": [],
              "afterHooks": [],
              "tests": [
                {
                  "title": "should return the correct debt value (+CR) with 18 decimal collateral",
                  "fullTitle": "Asset Amounts & Values #Kresko Asset Debt Values should return the correct debt value (+CR) with 18 decimal collateral",
                  "timedOut": false,
                  "duration": 697,
                  "state": "passed",
                  "speed": "slow",
                  "pass": true,
                  "fail": false,
                  "pending": false,
                  "context": null,
                  "code": "const depositAmount = (0, _values.toBig)(10);\nawait User.depositCollateral(f.user.address, f.CollateralAsset.address, depositAmount);\nconst mintAmount = (0, _values.toBig)(1);\nconst expectedMintValue = (0, _values.toBig)(20, f.oracleDecimals) // kFactor = 2, krAssetPrice = 10, mintAmount = 1, openFee = 0.1\n;\nawait User.mintKreskoAsset(f.user.address, f.KreskoAsset.address, mintAmount, f.user.address);\nconst expectedDepositValue = (0, _values.toBig)(49.5, f.oracleDecimals) // cfactor = 0.5, collateralPrice = 10, depositAmount = 10, openFee = 0.1\n;\nconst depositValue = await hre.Diamond.getAccountTotalCollateralValue(f.user.address);\n(0, _chai.expect)(depositValue).to.equal(expectedDepositValue);\nconst mintValue = await hre.Diamond.getAccountTotalDebtValue(f.user.address);\n(0, _chai.expect)(mintValue).to.equal(expectedMintValue);\nconst assetValue = await hre.Diamond.getValue(f.KreskoAsset.address, mintAmount);\nconst kFactor = (await hre.Diamond.getAsset(f.KreskoAsset.address)).kFactor;\n(0, _chai.expect)(assetValue).to.equal(expectedMintValue.percentDiv(kFactor));\nconst collateralRatio = await hre.Diamond.getAccountCollateralRatio(f.user.address);\n(0, _chai.expect)(collateralRatio).to.equal(expectedDepositValue.percentDiv(expectedMintValue)) // 2.475\n;",
                  "err": {},
                  "uuid": "259d36ac-db6a-4498-972b-3778bf61166a",
                  "parentUUID": "d63f9cb3-b6e3-4637-8f3b-6f85ecf87133",
                  "isHook": false,
                  "skipped": false
                },
                {
                  "title": "should return the correct debt value (+CR) with less than 18 decimal collateral",
                  "fullTitle": "Asset Amounts & Values #Kresko Asset Debt Values should return the correct debt value (+CR) with less than 18 decimal collateral",
                  "timedOut": false,
                  "duration": 683,
                  "state": "passed",
                  "speed": "slow",
                  "pass": true,
                  "fail": false,
                  "pending": false,
                  "context": null,
                  "code": "const depositAmount = (0, _values.toBig)(10, 8);\nawait User.depositCollateral(f.user.address, f.CollateralAsset8Dec.address, depositAmount);\nconst mintAmount = (0, _values.toBig)(1);\nconst expectedMintValue = (0, _values.toBig)(20, f.oracleDecimals) // kFactor = 2, krAssetPrice = 10, mintAmount = 1, openFee = 0.1\n;\nawait User.mintKreskoAsset(f.user.address, f.KreskoAsset.address, mintAmount, f.user.address);\nconst expectedDepositValue = (0, _values.toBig)(49.5, f.oracleDecimals) // cfactor = 0.5, collateralPrice = 10, depositAmount = 10, openFee = 0.1\n;\nconst depositValue = await hre.Diamond.getAccountTotalCollateralValue(f.user.address);\n(0, _chai.expect)(depositValue).to.equal(expectedDepositValue);\nconst mintValue = await hre.Diamond.getAccountTotalDebtValue(f.user.address);\n(0, _chai.expect)(mintValue).to.equal(expectedMintValue);\nconst assetValue = await hre.Diamond.getValue(f.KreskoAsset.address, mintAmount);\nconst kFactor = (await hre.Diamond.getAsset(f.KreskoAsset.address)).kFactor;\n(0, _chai.expect)(assetValue).to.equal(expectedMintValue.percentDiv(kFactor));\nconst collateralRatio = await hre.Diamond.getAccountCollateralRatio(f.user.address);\n(0, _chai.expect)(collateralRatio).to.equal(expectedDepositValue.percentDiv(expectedMintValue)) // 2.475\n;",
                  "err": {},
                  "uuid": "e5272bab-54f1-4417-8637-b30f8456af36",
                  "parentUUID": "d63f9cb3-b6e3-4637-8f3b-6f85ecf87133",
                  "isHook": false,
                  "skipped": false
                },
                {
                  "title": "should return the correct debt value (+CR) with more than 18 decimal collateral",
                  "fullTitle": "Asset Amounts & Values #Kresko Asset Debt Values should return the correct debt value (+CR) with more than 18 decimal collateral",
                  "timedOut": false,
                  "duration": 693,
                  "state": "passed",
                  "speed": "slow",
                  "pass": true,
                  "fail": false,
                  "pending": false,
                  "context": null,
                  "code": "const depositAmount = (0, _values.toBig)(10, 21);\nawait User.depositCollateral(f.user.address, f.CollateralAsset21Dec.address, depositAmount);\nconst mintAmount = (0, _values.toBig)(1);\nconst expectedMintValue = (0, _values.toBig)(20, f.oracleDecimals) // kFactor = 2, krAssetPrice = 10, mintAmount = 1, openFee = 0.1\n;\nawait User.mintKreskoAsset(f.user.address, f.KreskoAsset.address, mintAmount, f.user.address);\nconst expectedDepositValue = (0, _values.toBig)(49.5, f.oracleDecimals) // cfactor = 0.5, collateralPrice = 10, depositAmount = 10, openFee = 0.1\n;\nconst depositValue = await hre.Diamond.getAccountTotalCollateralValue(f.user.address);\n(0, _chai.expect)(depositValue).to.equal(expectedDepositValue);\nconst mintValue = await hre.Diamond.getAccountTotalDebtValue(f.user.address);\n(0, _chai.expect)(mintValue).to.equal(expectedMintValue);\nconst assetValue = await hre.Diamond.getValue(f.KreskoAsset.address, mintAmount);\nconst kFactor = (await hre.Diamond.getAsset(f.KreskoAsset.address)).kFactor;\n(0, _chai.expect)(assetValue).to.equal(expectedMintValue.percentDiv(kFactor));\nconst collateralRatio = await hre.Diamond.getAccountCollateralRatio(f.user.address);\n(0, _chai.expect)(collateralRatio).to.equal(expectedDepositValue.percentDiv(expectedMintValue)) // 2.475\n;",
                  "err": {},
                  "uuid": "8c046316-4a98-4f87-8d58-b1a87d6de181",
                  "parentUUID": "d63f9cb3-b6e3-4637-8f3b-6f85ecf87133",
                  "isHook": false,
                  "skipped": false
                }
              ],
              "suites": [],
              "passes": [
                "259d36ac-db6a-4498-972b-3778bf61166a",
                "e5272bab-54f1-4417-8637-b30f8456af36",
                "8c046316-4a98-4f87-8d58-b1a87d6de181"
              ],
              "failures": [],
              "pending": [],
              "skipped": [],
              "duration": 2073,
              "root": false,
              "rootEmpty": false,
              "_timeout": 30000
            }
          ],
          "passes": [],
          "failures": [],
          "pending": [],
          "skipped": [],
          "duration": 0,
          "root": false,
          "rootEmpty": false,
          "_timeout": 30000
        },
        {
          "uuid": "b23f2794-1a9c-437b-80a3-f4ba176f0ad6",
          "title": "Diamond",
          "fullFile": "/Users/panukettunen/projects/kresko-protocol/src/test/diamond/00-init.ts",
          "file": "/src/test/diamond/00-init.ts",
          "beforeHooks": [
            {
              "title": "\"before each\" hook in \"Diamond\"",
              "fullTitle": "Diamond \"before each\" hook in \"Diamond\"",
              "timedOut": false,
              "duration": 0,
              "state": null,
              "speed": null,
              "pass": false,
              "fail": false,
              "pending": false,
              "context": null,
              "code": "f = await (0, _fixtures.diamondFixture)();",
              "err": {},
              "uuid": "976c7ea0-c973-46b6-8435-64e1c6d747c1",
              "parentUUID": "b23f2794-1a9c-437b-80a3-f4ba176f0ad6",
              "isHook": true,
              "skipped": false
            }
          ],
          "afterHooks": [],
          "tests": [],
          "suites": [
            {
              "uuid": "e6b8163b-d29b-42ad-ae23-3f31bb7960b3",
              "title": "#initialization",
              "fullFile": "/Users/panukettunen/projects/kresko-protocol/src/test/diamond/00-init.ts",
              "file": "/src/test/diamond/00-init.ts",
              "beforeHooks": [],
              "afterHooks": [],
              "tests": [
                {
                  "title": "sets correct state",
                  "fullTitle": "Diamond #initialization sets correct state",
                  "timedOut": false,
                  "duration": 81,
                  "state": "passed",
                  "speed": "slow",
                  "pass": true,
                  "fail": false,
                  "pending": false,
                  "context": null,
                  "code": "(0, _chai.expect)(await _hardhat.default.Diamond.owner()).to.equal(_hardhat.default.users.deployer.address);\n(0, _chai.expect)(await _hardhat.default.Diamond.initialized()).to.equal(true);",
                  "err": {},
                  "uuid": "a9fa1228-9d63-471e-8fee-79beff67ef5f",
                  "parentUUID": "e6b8163b-d29b-42ad-ae23-3f31bb7960b3",
                  "isHook": false,
                  "skipped": false
                },
                {
                  "title": "sets standard facet addresses",
                  "fullTitle": "Diamond #initialization sets standard facet addresses",
                  "timedOut": false,
                  "duration": 89,
                  "state": "passed",
                  "speed": "slow",
                  "pass": true,
                  "fail": false,
                  "pending": false,
                  "context": null,
                  "code": "const facetAddressesOnChain = (await _hardhat.default.Diamond.facets()).map((f)=>f.facetAddress);\nconst facetAddressesArtifact = f.facets.map((f)=>f.facetAddress);\n(0, _chai.expect)(facetAddressesOnChain.length).to.equal(facetAddressesArtifact.length);\n(0, _chai.expect)(facetAddressesOnChain).to.have.members(facetAddressesArtifact);",
                  "err": {},
                  "uuid": "5bc44cad-1ba0-4f30-bc1c-0516c8b91c28",
                  "parentUUID": "e6b8163b-d29b-42ad-ae23-3f31bb7960b3",
                  "isHook": false,
                  "skipped": false
                },
                {
                  "title": "sets selectors of standard facets",
                  "fullTitle": "Diamond #initialization sets selectors of standard facets",
                  "timedOut": false,
                  "duration": 87,
                  "state": "passed",
                  "speed": "slow",
                  "pass": true,
                  "fail": false,
                  "pending": false,
                  "context": null,
                  "code": "const facetsSelectorsOnChain = (await _hardhat.default.Diamond.facets()).flatMap((f)=>f.functionSelectors);\nconst facetSelectorsOnArtifact = f.facets.flatMap((f)=>f.functionSelectors);\n(0, _chai.expect)(facetsSelectorsOnChain.length).to.equal(facetSelectorsOnArtifact.length);\n(0, _chai.expect)(facetsSelectorsOnChain).to.have.members(facetSelectorsOnArtifact);",
                  "err": {},
                  "uuid": "544c529c-f540-479e-af6b-a16fc8b763bd",
                  "parentUUID": "e6b8163b-d29b-42ad-ae23-3f31bb7960b3",
                  "isHook": false,
                  "skipped": false
                }
              ],
              "suites": [],
              "passes": [
                "a9fa1228-9d63-471e-8fee-79beff67ef5f",
                "5bc44cad-1ba0-4f30-bc1c-0516c8b91c28",
                "544c529c-f540-479e-af6b-a16fc8b763bd"
              ],
              "failures": [],
              "pending": [],
              "skipped": [],
              "duration": 257,
              "root": false,
              "rootEmpty": false,
              "_timeout": 30000
            }
          ],
          "passes": [],
          "failures": [],
          "pending": [],
          "skipped": [],
          "duration": 0,
          "root": false,
          "rootEmpty": false,
          "_timeout": 30000
        },
        {
          "uuid": "4166c2d6-d225-4b71-bdb5-1b7dc04cd78a",
          "title": "Diamond",
          "fullFile": "/Users/panukettunen/projects/kresko-protocol/src/test/diamond/01-ownership.ts",
          "file": "/src/test/diamond/01-ownership.ts",
          "beforeHooks": [
            {
              "title": "\"before each\" hook in \"Diamond\"",
              "fullTitle": "Diamond \"before each\" hook in \"Diamond\"",
              "timedOut": false,
              "duration": 1,
              "state": null,
              "speed": null,
              "pass": false,
              "fail": false,
              "pending": false,
              "context": null,
              "code": "await (0, _fixtures.diamondFixture)();",
              "err": {},
              "uuid": "983fe26c-9c83-4ef6-ab08-7c203a312e19",
              "parentUUID": "4166c2d6-d225-4b71-bdb5-1b7dc04cd78a",
              "isHook": true,
              "skipped": false
            }
          ],
          "afterHooks": [],
          "tests": [],
          "suites": [
            {
              "uuid": "0593e18d-ada8-4723-aad7-214a57b2d647",
              "title": "#ownership",
              "fullFile": "/Users/panukettunen/projects/kresko-protocol/src/test/diamond/01-ownership.ts",
              "file": "/src/test/diamond/01-ownership.ts",
              "beforeHooks": [],
              "afterHooks": [],
              "tests": [
                {
                  "title": "sets correct owner",
                  "fullTitle": "Diamond #ownership sets correct owner",
                  "timedOut": false,
                  "duration": 39,
                  "state": "passed",
                  "speed": "medium",
                  "pass": true,
                  "fail": false,
                  "pending": false,
                  "context": null,
                  "code": "(0, _chai.expect)(await hre.Diamond.owner()).to.equal(hre.addr.deployer);",
                  "err": {},
                  "uuid": "47e30b6c-84f4-4f0d-bc81-2bb0b3d0d1fb",
                  "parentUUID": "0593e18d-ada8-4723-aad7-214a57b2d647",
                  "isHook": false,
                  "skipped": false
                },
                {
                  "title": "sets correct default admin role",
                  "fullTitle": "Diamond #ownership sets correct default admin role",
                  "timedOut": false,
                  "duration": 38,
                  "state": "passed",
                  "speed": "medium",
                  "pass": true,
                  "fail": false,
                  "pending": false,
                  "context": null,
                  "code": "(0, _chai.expect)(await hre.Diamond.hasRole(_roles.Role.ADMIN, hre.addr.deployer)).to.equal(true);",
                  "err": {},
                  "uuid": "87bd3142-3018-43ea-835d-2f430d04df3a",
                  "parentUUID": "0593e18d-ada8-4723-aad7-214a57b2d647",
                  "isHook": false,
                  "skipped": false
                },
                {
                  "title": "sets a new pending owner",
                  "fullTitle": "Diamond #ownership sets a new pending owner",
                  "timedOut": false,
                  "duration": 80,
                  "state": "passed",
                  "speed": "slow",
                  "pass": true,
                  "fail": false,
                  "pending": false,
                  "context": null,
                  "code": "const pendingOwner = hre.users.userOne;\nawait hre.Diamond.transferOwnership(pendingOwner.address);\n(0, _chai.expect)(await hre.Diamond.pendingOwner()).to.equal(pendingOwner.address);",
                  "err": {},
                  "uuid": "fe10b3d4-563c-47e5-a866-627938a910ac",
                  "parentUUID": "0593e18d-ada8-4723-aad7-214a57b2d647",
                  "isHook": false,
                  "skipped": false
                },
                {
                  "title": "sets the pending owner as new owner",
                  "fullTitle": "Diamond #ownership sets the pending owner as new owner",
                  "timedOut": false,
                  "duration": 129,
                  "state": "passed",
                  "speed": "slow",
                  "pass": true,
                  "fail": false,
                  "pending": false,
                  "context": null,
                  "code": "const pendingOwner = hre.users.userOne;\nawait hre.Diamond.transferOwnership(pendingOwner.address);\nawait (0, _general.wrapContractWithSigner)(hre.Diamond, pendingOwner).acceptOwnership();\n(0, _chai.expect)(await hre.Diamond.owner()).to.equal(pendingOwner.address);",
                  "err": {},
                  "uuid": "9c892ab6-2ddd-4626-9953-e8854d797af1",
                  "parentUUID": "0593e18d-ada8-4723-aad7-214a57b2d647",
                  "isHook": false,
                  "skipped": false
                }
              ],
              "suites": [],
              "passes": [
                "47e30b6c-84f4-4f0d-bc81-2bb0b3d0d1fb",
                "87bd3142-3018-43ea-835d-2f430d04df3a",
                "fe10b3d4-563c-47e5-a866-627938a910ac",
                "9c892ab6-2ddd-4626-9953-e8854d797af1"
              ],
              "failures": [],
              "pending": [],
              "skipped": [],
              "duration": 286,
              "root": false,
              "rootEmpty": false,
              "_timeout": 30000
            }
          ],
          "passes": [],
          "failures": [],
          "pending": [],
          "skipped": [],
          "duration": 0,
          "root": false,
          "rootEmpty": false,
          "_timeout": 30000
        },
        {
          "uuid": "bfce118e-71be-4829-95ed-e4a0ea8c3bd8",
          "title": "Diamond",
          "fullFile": "/Users/panukettunen/projects/kresko-protocol/src/test/diamond/02-upgrades.ts",
          "file": "/src/test/diamond/02-upgrades.ts",
          "beforeHooks": [
            {
              "title": "\"before each\" hook in \"Diamond\"",
              "fullTitle": "Diamond \"before each\" hook in \"Diamond\"",
              "timedOut": false,
              "duration": 0,
              "state": null,
              "speed": null,
              "pass": false,
              "fail": false,
              "pending": false,
              "context": null,
              "code": "await (0, _fixtures.diamondFixture)();",
              "err": {},
              "uuid": "ff730bbb-d93c-499c-bed7-e04cd6ea776f",
              "parentUUID": "bfce118e-71be-4829-95ed-e4a0ea8c3bd8",
              "isHook": true,
              "skipped": false
            }
          ],
          "afterHooks": [],
          "tests": [],
          "suites": [
            {
              "uuid": "9cce218d-a4bd-4418-afc6-63fd0d71cc7c",
              "title": "#upgrades",
              "fullFile": "/Users/panukettunen/projects/kresko-protocol/src/test/diamond/02-upgrades.ts",
              "file": "/src/test/diamond/02-upgrades.ts",
              "beforeHooks": [],
              "afterHooks": [],
              "tests": [
                {
                  "title": "can add a new facet",
                  "fullTitle": "Diamond #upgrades can add a new facet",
                  "timedOut": false,
                  "duration": 724,
                  "state": "passed",
                  "speed": "slow",
                  "pass": true,
                  "fail": false,
                  "pending": false,
                  "context": null,
                  "code": "const Factory = await _smock.smock.mock('SmockFacet');\nconst SmockFacet = await Factory.deploy();\nconst [SmockInitializer] = await hre.deploy('SmockInit');\nconst signatures = hre.getSignatures([\n    ..._typechain.SmockFacet__factory.abi\n]);\nconst Cut = {\n    facetAddress: SmockFacet.address,\n    functionSelectors: signatures,\n    action: _types.FacetCutAction.Add\n};\nconst initData = await SmockInitializer.populateTransaction.initialize(hre.addr.userOne);\nawait hre.Diamond.diamondCut([\n    Cut\n], initData.to, initData.data);\nconst TEST_OPERATOR_ROLE = hre.ethers.utils.id('kresko.test.operator');\nconst isTestOperator = await hre.Diamond.hasRole(TEST_OPERATOR_ROLE, hre.addr.userOne);\n// Succesfully added the new operator through the initialization contract\n(0, _chai.expect)(isTestOperator).to.equal(true);\nconst Facet = await hre.ethers.getContractAt([\n    ..._typechain.SmockFacet__factory.abi\n], hre.Diamond.address);\n// Ensure facet has it's own storage\nconst operatorFromNewStorage = await Facet.operator() // Retrieved from SmockStorage\n;\n(0, _chai.expect)(operatorFromNewStorage).to.equal(hre.addr.userOne);",
                  "err": {},
                  "uuid": "2a7a5a1a-0a30-4270-bcbe-ff71820eafc0",
                  "parentUUID": "9cce218d-a4bd-4418-afc6-63fd0d71cc7c",
                  "isHook": false,
                  "skipped": false
                },
                {
                  "title": "can remove a facet",
                  "fullTitle": "Diamond #upgrades can remove a facet",
                  "timedOut": false,
                  "duration": 622,
                  "state": "passed",
                  "speed": "slow",
                  "pass": true,
                  "fail": false,
                  "pending": false,
                  "context": null,
                  "code": "const NewFacet = await (0, _addfacet.addFacet)({\n    name: 'SmockFacet',\n    initializerName: 'SmockInit',\n    initializerArgs: hre.addr.userOne\n});\nconst facetsBefore = await hre.Diamond.facets();\n(0, _chai.expect)(facetsBefore.filter((f)=>f.facetAddress === NewFacet.address).length).to.equal(1);\nawait (0, _removefacet.removeFacet)({\n    name: 'SmockFacet'\n});\nconst facetsAfter = await hre.Diamond.facets();\n(0, _chai.expect)(facetsBefore.length - facetsAfter.length).to.equal(1);\n(0, _chai.expect)(facetsAfter).to.not.deep.contain(NewFacet.address);",
                  "err": {},
                  "uuid": "5d7043dc-1a62-4ad6-bf68-7f4b5b72be02",
                  "parentUUID": "9cce218d-a4bd-4418-afc6-63fd0d71cc7c",
                  "isHook": false,
                  "skipped": false
                },
                {
                  "title": "can remove a function",
                  "fullTitle": "Diamond #upgrades can remove a function",
                  "timedOut": false,
                  "duration": 168,
                  "state": "passed",
                  "speed": "slow",
                  "pass": true,
                  "fail": false,
                  "pending": false,
                  "context": null,
                  "code": "// Delete acceptOwnership from DiamondStateFacet\n// Check there is no pending owner\nlet pendingOwner = await hre.Diamond.pendingOwner();\n(0, _chai.expect)(pendingOwner).to.equal(hre.ethers.constants.AddressZero);\n// Transfer to eg. wrong address\nconst wrongOwner = hre.addr.notAdmin;\nawait hre.Diamond.transferOwnership(wrongOwner);\n// Ensure\npendingOwner = await hre.Diamond.pendingOwner();\n(0, _chai.expect)(pendingOwner).to.equal(wrongOwner);\n// Fragment and signature for acceptOwnersip\nconst functionFragment = hre.Diamond.interface.functions['acceptOwnership()'];\nconst signature = hre.ethers.utils.Interface.getSighash(functionFragment);\nconst facetAddress = await hre.Diamond.facetAddress(signature);\nconst functions = await hre.Diamond.facetFunctionSelectors(facetAddress);\nconst Cut = {\n    facetAddress: hre.ethers.constants.AddressZero,\n    action: _types.FacetCutAction.Remove,\n    functionSelectors: [\n        signature\n    ]\n};\n// We will set a correct owner with delegatecall into the Diamond itself with the cut transaction\nconst correctOwner = hre.addr.userOne;\nconst initData = await hre.Diamond.populateTransaction.transferOwnership(correctOwner);\nawait hre.Diamond.diamondCut([\n    Cut\n], initData.to, initData.data);\n// Ensure rest of the functions remain\nconst functionsAfterCut = await hre.Diamond.facetFunctionSelectors(facetAddress);\n(0, _chai.expect)(functionsAfterCut.length).to.equal(functions.length - 1);\n// Ensure delegatecall did set the correct pending owner with the cut\nconst contract = await hre.ethers.getContractAt('DSCore', hre.Diamond.address);\nconst filter = contract.filters.PendingOwnershipTransfer(hre.addr.deployer, correctOwner);\nconst [event] = await contract.queryFilter(filter);\nconst { previousOwner, newOwner } = event.args;\n(0, _chai.expect)(previousOwner).to.equal(hre.addr.deployer);\n(0, _chai.expect)(newOwner).to.equal(correctOwner);\n// Ensure there is no function to accept the ownership\nawait (0, _chai.expect)((0, _general.wrapContractWithSigner)(hre.Diamond, hre.users.notAdmin).acceptOwnership()).to.be.reverted;",
                  "err": {},
                  "uuid": "ad9a984a-a268-4013-8b14-cf3f403fe9fc",
                  "parentUUID": "9cce218d-a4bd-4418-afc6-63fd0d71cc7c",
                  "isHook": false,
                  "skipped": false
                },
                {
                  "title": "can replace a function",
                  "fullTitle": "Diamond #upgrades can replace a function",
                  "timedOut": false,
                  "duration": 251,
                  "state": "passed",
                  "speed": "slow",
                  "pass": true,
                  "fail": false,
                  "pending": false,
                  "context": null,
                  "code": "// Same as above but instead replace the function\n// Check there is no pending owner\nlet pendingOwner = await hre.Diamond.pendingOwner();\n(0, _chai.expect)(pendingOwner).to.equal(hre.ethers.constants.AddressZero);\n// Transfer to eg. wrong address\nconst wrongOwner = hre.addr.notAdmin;\nawait hre.Diamond.transferOwnership(wrongOwner);\n// Ensure\npendingOwner = await hre.Diamond.pendingOwner();\n(0, _chai.expect)(pendingOwner).to.equal(wrongOwner);\n// Fragment and signature for acceptOwnersip\nconst functionFragment = hre.Diamond.interface.functions['acceptOwnership()'];\nconst signature = hre.ethers.utils.Interface.getSighash(functionFragment);\nconst OldOwnershipFacet = await hre.Diamond.facetAddress(signature);\nconst [NewOwnershipFacet, allOwnershipFacetSignatures] = await hre.deploy('DiamondStateFacet', {\n    deploymentName: 'DiamondStateFacet2'\n});\n// Only replace a single function, we could replace all of them\nconst Cut = {\n    facetAddress: NewOwnershipFacet.address,\n    action: _types.FacetCutAction.Replace,\n    functionSelectors: [\n        signature\n    ]\n};\n// We will set a correct owner with delegatecall into the Diamond itself with the cut transaction\nconst correctOwner = hre.addr.userOne;\nconst initData = await hre.Diamond.populateTransaction.transferOwnership(correctOwner);\nawait hre.Diamond.diamondCut([\n    Cut\n], initData.to, initData.data);\n// Ensure function exists and revert is for invalid address instead of missing function\nawait (0, _chai.expect)((0, _general.wrapContractWithSigner)(hre.Diamond, hre.users.notAdmin).acceptOwnership()).to.be.reverted;\n// Ensure one function is contained in the new facet\nconst functionsNewFacet = await hre.Diamond.facetFunctionSelectors(NewOwnershipFacet.address);\n(0, _chai.expect)(functionsNewFacet.length).to.equal(1);\n(0, _chai.expect)(functionsNewFacet).to.have.members([\n    signature\n]);\n// Ensure rest are in the previous one\nconst functionsOldFacet = await hre.Diamond.facetFunctionSelectors(OldOwnershipFacet);\n(0, _chai.expect)(functionsOldFacet).to.not.have.members([\n    signature\n]);\n(0, _chai.expect)(functionsOldFacet.length).to.equal(allOwnershipFacetSignatures.length - 1);\n// Ensure correct owner can now accept the ownership\n(0, _chai.expect)((0, _general.wrapContractWithSigner)(hre.Diamond, hre.users.userOne).acceptOwnership());\nconst currentOwner = await hre.Diamond.owner();\n(0, _chai.expect)(currentOwner).to.equal(correctOwner);",
                  "err": {},
                  "uuid": "4d910582-48f7-4157-88d2-fe6aa93879d0",
                  "parentUUID": "9cce218d-a4bd-4418-afc6-63fd0d71cc7c",
                  "isHook": false,
                  "skipped": false
                },
                {
                  "title": "can upgrade state",
                  "fullTitle": "Diamond #upgrades can upgrade state",
                  "timedOut": false,
                  "duration": 554,
                  "state": "passed",
                  "speed": "slow",
                  "pass": true,
                  "fail": false,
                  "pending": false,
                  "context": null,
                  "code": "(0, _chai.expect)(await hre.Diamond.initialized()).to.equal(true);\nconst Factory = await _smock.smock.mock('SmockInit');\nconst SmockInit = await Factory.deploy();\nconst tx = await SmockInit.populateTransaction.upgradeState();\nawait hre.Diamond.executeInitializer(tx.to, tx.data);\n(0, _chai.expect)(await hre.Diamond.initialized()).to.equal(false);",
                  "err": {},
                  "uuid": "b6e5b056-dfe2-4402-887b-0b547f3959ae",
                  "parentUUID": "9cce218d-a4bd-4418-afc6-63fd0d71cc7c",
                  "isHook": false,
                  "skipped": false
                },
                {
                  "title": "can preserve old state when extending storage layout",
                  "fullTitle": "Diamond #upgrades can preserve old state when extending storage layout",
                  "timedOut": false,
                  "duration": 1255,
                  "state": "passed",
                  "speed": "slow",
                  "pass": true,
                  "fail": false,
                  "pending": false,
                  "context": null,
                  "code": "(0, _chai.expect)(await hre.Diamond.initialized()).to.equal(true);\n// Add the first facet\nconst Factory = await _smock.smock.mock('SmockFacet');\nconst SmockFacet = await Factory.deploy();\nconst [SmockInitializer] = await hre.deploy('SmockInit');\nconst signatures = hre.getSignatures([\n    ..._typechain.SmockFacet__factory.abi\n]);\nconst Cut = {\n    facetAddress: SmockFacet.address,\n    functionSelectors: signatures,\n    action: _types.FacetCutAction.Add\n};\nconst initData = await SmockInitializer.populateTransaction.initialize(hre.addr.userOne);\nawait hre.Diamond.diamondCut([\n    Cut\n], initData.to, initData.data);\nconst Diamond = await hre.ethers.getContractAt('SmockFacet', hre.Diamond.address);\nconst isInitialized = await Diamond.smockInitialized();\n(0, _chai.expect)(isInitialized).to.equal(true);\n// Add facet with extended state\n// Add the first facet\nconst Factory2 = await _smock.smock.mock('SmockFacet2');\nconst SmockFacet2 = await Factory2.deploy();\nconst signatures2 = hre.getSignatures([\n    ..._typechain.SmockFacet2__factory.abi\n]);\nconst Cut2 = {\n    facetAddress: SmockFacet2.address,\n    functionSelectors: signatures2,\n    action: _types.FacetCutAction.Add\n};\n// Initializer only sets the new extended value, does not touch old storage\nconst initData2 = await SmockFacet2.populateTransaction.initialize();\nawait hre.Diamond.diamondCut([\n    Cut2\n], initData2.to, initData2.data);\n// Here we have appended the storage layout with the `extended` bool property.\nconst DiamondExtended = await hre.ethers.getContractAt('SmockFacet2', hre.Diamond.address);\nconst initializedAfterExtend = await DiamondExtended.getOldStructValueFromExtended();\nconst extendedValue = await DiamondExtended.getNewStructValueFromExtended();\n// Old values remain\n(0, _chai.expect)(initializedAfterExtend).to.equal(true);\n// And we get new ones\n(0, _chai.expect)(extendedValue).to.equal(true);",
                  "err": {},
                  "uuid": "5dd9436c-d544-49be-85d7-32cab96b969d",
                  "parentUUID": "9cce218d-a4bd-4418-afc6-63fd0d71cc7c",
                  "isHook": false,
                  "skipped": false
                }
              ],
              "suites": [],
              "passes": [
                "2a7a5a1a-0a30-4270-bcbe-ff71820eafc0",
                "5d7043dc-1a62-4ad6-bf68-7f4b5b72be02",
                "ad9a984a-a268-4013-8b14-cf3f403fe9fc",
                "4d910582-48f7-4157-88d2-fe6aa93879d0",
                "b6e5b056-dfe2-4402-887b-0b547f3959ae",
                "5dd9436c-d544-49be-85d7-32cab96b969d"
              ],
              "failures": [],
              "pending": [],
              "skipped": [],
              "duration": 3574,
              "root": false,
              "rootEmpty": false,
              "_timeout": 30000
            }
          ],
          "passes": [],
          "failures": [],
          "pending": [],
          "skipped": [],
          "duration": 0,
          "root": false,
          "rootEmpty": false,
          "_timeout": 30000
        },
        {
          "uuid": "ee82ed37-3e48-45d8-8272-c7e15d403f49",
          "title": "Diamond",
          "fullFile": "/Users/panukettunen/projects/kresko-protocol/src/test/diamond/03-protocol.ts",
          "file": "/src/test/diamond/03-protocol.ts",
          "beforeHooks": [
            {
              "title": "\"before each\" hook in \"Diamond\"",
              "fullTitle": "Diamond \"before each\" hook in \"Diamond\"",
              "timedOut": false,
              "duration": 1,
              "state": null,
              "speed": null,
              "pass": false,
              "fail": false,
              "pending": false,
              "context": null,
              "code": "await (0, _fixtures.defaultFixture)();",
              "err": {},
              "uuid": "0829e7cc-8216-4273-a6ee-8ab6434202e1",
              "parentUUID": "ee82ed37-3e48-45d8-8272-c7e15d403f49",
              "isHook": true,
              "skipped": false
            }
          ],
          "afterHooks": [],
          "tests": [],
          "suites": [
            {
              "uuid": "afd2d796-dfb7-44b6-bb68-ead88ed5eeb8",
              "title": "#protocol initialization",
              "fullFile": "/Users/panukettunen/projects/kresko-protocol/src/test/diamond/03-protocol.ts",
              "file": "/src/test/diamond/03-protocol.ts",
              "beforeHooks": [],
              "afterHooks": [],
              "tests": [
                {
                  "title": "initialized all facets",
                  "fullTitle": "Diamond #protocol initialization initialized all facets",
                  "timedOut": false,
                  "duration": 85,
                  "state": "passed",
                  "speed": "slow",
                  "pass": true,
                  "fail": false,
                  "pending": false,
                  "context": null,
                  "code": "const facetsOnChain = (await hre.Diamond.facets()).map(([facetAddress, functionSelectors])=>({\n        facetAddress,\n        functionSelectors\n    }));\nconst expectedFacets = await Promise.all([\n    ..._deploy.diamondFacets,\n    ..._deploy.minterFacets,\n    ..._deploy.scdpFacets,\n    ..._deploy.commonFacets,\n    ..._deploy.peripheryFacets\n].map(async (name)=>{\n    const deployment = await hre.deployments.get(name);\n    return {\n        facetAddress: deployment.address,\n        functionSelectors: facetsOnChain.find((f)=>f.facetAddress === deployment.address).functionSelectors\n    };\n}));\n(0, _chai.expect)(facetsOnChain).to.have.deep.members(expectedFacets);",
                  "err": {},
                  "uuid": "fccaf10d-8690-4b1d-a913-cbd897d7b0db",
                  "parentUUID": "afd2d796-dfb7-44b6-bb68-ead88ed5eeb8",
                  "isHook": false,
                  "skipped": false
                },
                {
                  "title": "initialized correct state",
                  "fullTitle": "Diamond #protocol initialization initialized correct state",
                  "timedOut": false,
                  "duration": 372,
                  "state": "passed",
                  "speed": "slow",
                  "pass": true,
                  "fail": false,
                  "pending": false,
                  "context": null,
                  "code": "(0, _chai.expect)(await hre.Diamond.getStorageVersion()).to.equal(3);\nconst GatingManager = await hre.deployments.get('GatingManager');\nconst { args } = await (0, _deploy.getCommonInitializer)(hre, GatingManager.address);\nconst { args: minterArgs } = await (0, _deploy.getMinterInitializer)(hre);\nconst { args: scdpArgs } = await (0, _deploy.getSCDPInitializer)(hre);\n(0, _chai.expect)(await hre.Diamond.hasRole(_roles.Role.ADMIN, args.admin)).to.equal(true);\n(0, _chai.expect)(await hre.Diamond.hasRole(_roles.Role.SAFETY_COUNCIL, hre.Multisig.address)).to.equal(true);\n(0, _chai.expect)(await hre.Diamond.getFeeRecipient()).to.equal(args.treasury);\n(0, _chai.expect)(await hre.Diamond.getMinCollateralRatioMinter()).to.equal(minterArgs.minCollateralRatio);\n(0, _chai.expect)(await hre.Diamond.getLiquidationThresholdMinter()).to.equal(minterArgs.liquidationThreshold);\n(0, _chai.expect)(await hre.Diamond.getMinDebtValueMinter()).to.equal(minterArgs.minDebtValue);\n(0, _chai.expect)(await hre.Diamond.getMaxLiquidationRatioMinter()).to.equal(Number(minterArgs.liquidationThreshold) + 0.01e4);\nconst scdpParams = await hre.Diamond.getParametersSCDP();\n(0, _chai.expect)(scdpParams.minCollateralRatio).to.equal(scdpArgs.minCollateralRatio);\n(0, _chai.expect)(scdpParams.liquidationThreshold).to.equal(scdpArgs.liquidationThreshold);\n(0, _chai.expect)(await hre.Diamond.getOracleDeviationPct()).to.equal(args.maxPriceDeviationPct);",
                  "err": {},
                  "uuid": "b781e2b6-73bf-45b8-a507-80ecadeabbed",
                  "parentUUID": "afd2d796-dfb7-44b6-bb68-ead88ed5eeb8",
                  "isHook": false,
                  "skipped": false
                },
                {
                  "title": "can modify configuration parameters",
                  "fullTitle": "Diamond #protocol initialization can modify configuration parameters",
                  "timedOut": false,
                  "duration": 359,
                  "state": "passed",
                  "speed": "slow",
                  "pass": true,
                  "fail": false,
                  "pending": false,
                  "context": null,
                  "code": "await (0, _chai.expect)(hre.Diamond.setMaxPriceDeviationPct(0.05e4)).to.not.be.reverted;\nawait (0, _chai.expect)(hre.Diamond.setSequencerGracePeriod(1000)).to.not.be.reverted;\nawait (0, _chai.expect)(hre.Diamond.setDefaultOraclePrecision(9)).to.not.be.reverted;\nawait (0, _chai.expect)(hre.Diamond.setStaleTime(9)).to.not.be.reverted;\nawait (0, _chai.expect)(hre.Diamond.setMinDebtValueMinter(20e8)).to.not.be.reverted;\n(0, _chai.expect)(await hre.Diamond.getMinDebtValueMinter()).to.equal(20e8);\n(0, _chai.expect)(await hre.Diamond.getDefaultOraclePrecision()).to.equal(9);\n(0, _chai.expect)(await hre.Diamond.getOracleDeviationPct()).to.equal(0.05e4);\n(0, _chai.expect)(await hre.Diamond.getSequencerGracePeriod()).to.equal(1000);",
                  "err": {},
                  "uuid": "e3f5cfac-7132-4284-a707-9d5802049217",
                  "parentUUID": "afd2d796-dfb7-44b6-bb68-ead88ed5eeb8",
                  "isHook": false,
                  "skipped": false
                }
              ],
              "suites": [],
              "passes": [
                "fccaf10d-8690-4b1d-a913-cbd897d7b0db",
                "b781e2b6-73bf-45b8-a507-80ecadeabbed",
                "e3f5cfac-7132-4284-a707-9d5802049217"
              ],
              "failures": [],
              "pending": [],
              "skipped": [],
              "duration": 816,
              "root": false,
              "rootEmpty": false,
              "_timeout": 30000
            }
          ],
          "passes": [],
          "failures": [],
          "pending": [],
          "skipped": [],
          "duration": 0,
          "root": false,
          "rootEmpty": false,
          "_timeout": 30000
        },
        {
          "uuid": "8372f969-5a91-44b5-8b11-0858f3d69815",
          "title": "Forking",
          "fullFile": "/Users/panukettunen/projects/kresko-protocol/src/test/forking/00-setup.ts",
          "file": "/src/test/forking/00-setup.ts",
          "beforeHooks": [],
          "afterHooks": [],
          "tests": [],
          "suites": [
            {
              "uuid": "9b9c5db2-8f91-4d3d-86b4-d468c98e688e",
              "title": "#setup",
              "fullFile": "/Users/panukettunen/projects/kresko-protocol/src/test/forking/00-setup.ts",
              "file": "/src/test/forking/00-setup.ts",
              "beforeHooks": [],
              "afterHooks": [],
              "tests": [
                {
                  "title": "should get Kresko from the companion network locally",
                  "fullTitle": "Forking #setup should get Kresko from the companion network locally",
                  "timedOut": false,
                  "duration": 0,
                  "state": "pending",
                  "speed": null,
                  "pass": false,
                  "fail": false,
                  "pending": true,
                  "context": null,
                  "code": "",
                  "err": {},
                  "uuid": "fc04d8c0-acc8-40c1-bb0e-40558cb1ea72",
                  "parentUUID": "9b9c5db2-8f91-4d3d-86b4-d468c98e688e",
                  "isHook": false,
                  "skipped": false
                }
              ],
              "suites": [],
              "passes": [],
              "failures": [],
              "pending": [
                "fc04d8c0-acc8-40c1-bb0e-40558cb1ea72"
              ],
              "skipped": [],
              "duration": 0,
              "root": false,
              "rootEmpty": false,
              "_timeout": 30000
            },
            {
              "uuid": "6f28c41e-c2bc-476f-97f0-f08542e56719",
              "title": "#rate-upgrade-11-04-2023",
              "fullFile": "/Users/panukettunen/projects/kresko-protocol/src/test/forking/00-setup.ts",
              "file": "/src/test/forking/00-setup.ts",
              "beforeHooks": [],
              "afterHooks": [],
              "tests": [
                {
                  "title": "should be able to deploy facets",
                  "fullTitle": "Forking #rate-upgrade-11-04-2023 should be able to deploy facets",
                  "timedOut": false,
                  "duration": 0,
                  "state": "pending",
                  "speed": null,
                  "pass": false,
                  "fail": false,
                  "pending": true,
                  "context": null,
                  "code": "",
                  "err": {},
                  "uuid": "491bd507-dd87-4868-9e31-2f9d68c1a054",
                  "parentUUID": "6f28c41e-c2bc-476f-97f0-f08542e56719",
                  "isHook": false,
                  "skipped": false
                }
              ],
              "suites": [],
              "passes": [],
              "failures": [],
              "pending": [
                "491bd507-dd87-4868-9e31-2f9d68c1a054"
              ],
              "skipped": [],
              "duration": 0,
              "root": false,
              "rootEmpty": false,
              "_timeout": 30000
            }
          ],
          "passes": [],
          "failures": [],
          "pending": [],
          "skipped": [],
          "duration": 0,
          "root": false,
          "rootEmpty": false,
          "_timeout": 30000
        },
        {
          "uuid": "99158869-5d7d-45fe-bb7c-2d480af75bb9",
          "title": "KreskoAsset",
          "fullFile": "/Users/panukettunen/projects/kresko-protocol/src/test/krasset/00-init.ts",
          "file": "/src/test/krasset/00-init.ts",
          "beforeHooks": [
            {
              "title": "\"before each\" hook in \"KreskoAsset\"",
              "fullTitle": "KreskoAsset \"before each\" hook in \"KreskoAsset\"",
              "timedOut": false,
              "duration": 0,
              "state": null,
              "speed": null,
              "pass": false,
              "fail": false,
              "pending": false,
              "context": null,
              "code": "f = await (0, _fixtures.kreskoAssetFixture)({\n    name,\n    symbol,\n    underlyingToken: _viem.zeroAddress\n});",
              "err": {},
              "uuid": "549021bc-3ba0-44a9-b98d-170ea8114277",
              "parentUUID": "99158869-5d7d-45fe-bb7c-2d480af75bb9",
              "isHook": true,
              "skipped": false
            }
          ],
          "afterHooks": [],
          "tests": [],
          "suites": [
            {
              "uuid": "a6b3d21e-ca40-481d-b420-1bc1adb5bde6",
              "title": "KreskoAsset",
              "fullFile": "/Users/panukettunen/projects/kresko-protocol/src/test/krasset/00-init.ts",
              "file": "/src/test/krasset/00-init.ts",
              "beforeHooks": [],
              "afterHooks": [],
              "tests": [
                {
                  "title": "sets correct state",
                  "fullTitle": "KreskoAsset KreskoAsset sets correct state",
                  "timedOut": false,
                  "duration": 27,
                  "state": "passed",
                  "speed": "fast",
                  "pass": true,
                  "fail": false,
                  "pending": false,
                  "context": null,
                  "code": "(0, _chai.expect)(await f.KreskoAsset.name()).to.equal(name);\n(0, _chai.expect)(await f.KreskoAsset.symbol()).to.equal(symbol);\n(0, _chai.expect)(await f.KreskoAsset.kresko()).to.equal(hre.Diamond.address);\n(0, _chai.expect)(await f.KreskoAsset.hasRole(_roles.Role.ADMIN, hre.addr.deployer)).to.equal(true);\n(0, _chai.expect)(await f.KreskoAsset.hasRole(_roles.Role.OPERATOR, hre.Diamond.address)).to.equal(true);\n(0, _chai.expect)(await f.KreskoAsset.totalSupply()).to.equal(0);\n(0, _chai.expect)(await f.KreskoAsset.isRebased()).to.equal(false);\nconst rebaseInfo = await f.KreskoAsset.rebaseInfo();\n(0, _chai.expect)(rebaseInfo.denominator).to.equal(0);\n(0, _chai.expect)(rebaseInfo.positive).to.equal(false);",
                  "err": {},
                  "uuid": "cb335af9-62d5-4552-8ba2-d139702932d8",
                  "parentUUID": "a6b3d21e-ca40-481d-b420-1bc1adb5bde6",
                  "isHook": false,
                  "skipped": false
                },
                {
                  "title": "can reinitialize metadata",
                  "fullTitle": "KreskoAsset KreskoAsset can reinitialize metadata",
                  "timedOut": false,
                  "duration": 16,
                  "state": "passed",
                  "speed": "fast",
                  "pass": true,
                  "fail": false,
                  "pending": false,
                  "context": null,
                  "code": "const newName = 'foo';\nconst newSymbol = 'bar';\nawait (0, _chai.expect)(f.KreskoAsset.reinitializeERC20(newName, newSymbol, 2)).to.not.be.reverted;\n(0, _chai.expect)(await f.KreskoAsset.name()).to.equal(newName);\n(0, _chai.expect)(await f.KreskoAsset.symbol()).to.equal(newSymbol);",
                  "err": {},
                  "uuid": "315e3688-a552-42d3-bcf9-c674d0ed8cae",
                  "parentUUID": "a6b3d21e-ca40-481d-b420-1bc1adb5bde6",
                  "isHook": false,
                  "skipped": false
                }
              ],
              "suites": [
                {
                  "uuid": "fac3a26c-1bbe-4f9e-930a-ec129e3be17c",
                  "title": "#initialization",
                  "fullFile": "/Users/panukettunen/projects/kresko-protocol/src/test/krasset/00-init.ts",
                  "file": "/src/test/krasset/00-init.ts",
                  "beforeHooks": [],
                  "afterHooks": [],
                  "tests": [
                    {
                      "title": "cant initialize twice",
                      "fullTitle": "KreskoAsset KreskoAsset #initialization cant initialize twice",
                      "timedOut": false,
                      "duration": 11,
                      "state": "passed",
                      "speed": "fast",
                      "pass": true,
                      "fail": false,
                      "pending": false,
                      "context": null,
                      "code": "await (0, _chai.expect)(f.KreskoAsset.initialize(name, symbol, 18, hre.addr.deployer, hre.Diamond.address, hre.ethers.constants.AddressZero, hre.addr.deployer, 0, 0)).to.be.reverted;",
                      "err": {},
                      "uuid": "2a10a94a-74b3-4c22-900e-d89e5746c0c4",
                      "parentUUID": "fac3a26c-1bbe-4f9e-930a-ec129e3be17c",
                      "isHook": false,
                      "skipped": false
                    },
                    {
                      "title": "cant initialize implementation",
                      "fullTitle": "KreskoAsset KreskoAsset #initialization cant initialize implementation",
                      "timedOut": false,
                      "duration": 0,
                      "state": "pending",
                      "speed": null,
                      "pass": false,
                      "fail": false,
                      "pending": true,
                      "context": null,
                      "code": "",
                      "err": {},
                      "uuid": "d765fa3f-b1c2-4f0f-b7e1-2dfe2ea47445",
                      "parentUUID": "fac3a26c-1bbe-4f9e-930a-ec129e3be17c",
                      "isHook": false,
                      "skipped": false
                    },
                    {
                      "title": "sets correct state",
                      "fullTitle": "KreskoAsset KreskoAsset #initialization sets correct state",
                      "timedOut": false,
                      "duration": 28,
                      "state": "passed",
                      "speed": "fast",
                      "pass": true,
                      "fail": false,
                      "pending": false,
                      "context": null,
                      "code": "(0, _chai.expect)(await f.KreskoAsset.name()).to.equal(name);\n(0, _chai.expect)(await f.KreskoAsset.symbol()).to.equal(symbol);\n(0, _chai.expect)(await f.KreskoAsset.kresko()).to.equal(hre.Diamond.address);\n(0, _chai.expect)(await f.KreskoAsset.hasRole(_roles.Role.DEFAULT_ADMIN, hre.addr.deployer)).to.equal(true);\n(0, _chai.expect)(await f.KreskoAsset.hasRole(_roles.Role.ADMIN, hre.addr.deployer)).to.equal(true);\n(0, _chai.expect)(await f.KreskoAsset.hasRole(_roles.Role.OPERATOR, hre.Diamond.address)).to.equal(true);\n(0, _chai.expect)(await f.KreskoAsset.totalSupply()).to.equal(0);\n(0, _chai.expect)(await f.KreskoAsset.isRebased()).to.equal(false);\nconst rebaseInfo = await f.KreskoAsset.rebaseInfo();\n(0, _chai.expect)(rebaseInfo.denominator).to.equal(0);\n(0, _chai.expect)(rebaseInfo.positive).to.equal(false);",
                      "err": {},
                      "uuid": "9a451dbc-f2cb-4fb6-94d5-a705ee347106",
                      "parentUUID": "fac3a26c-1bbe-4f9e-930a-ec129e3be17c",
                      "isHook": false,
                      "skipped": false
                    },
                    {
                      "title": "can reinitialize metadata",
                      "fullTitle": "KreskoAsset KreskoAsset #initialization can reinitialize metadata",
                      "timedOut": false,
                      "duration": 17,
                      "state": "passed",
                      "speed": "fast",
                      "pass": true,
                      "fail": false,
                      "pending": false,
                      "context": null,
                      "code": "const newName = 'foo';\nconst newSymbol = 'bar';\nawait (0, _chai.expect)(f.KreskoAsset.reinitializeERC20(newName, newSymbol, 2)).to.not.be.reverted;\n(0, _chai.expect)(await f.KreskoAsset.name()).to.equal(newName);\n(0, _chai.expect)(await f.KreskoAsset.symbol()).to.equal(newSymbol);",
                      "err": {},
                      "uuid": "019e3204-6990-4240-8ee6-b679225cf05e",
                      "parentUUID": "fac3a26c-1bbe-4f9e-930a-ec129e3be17c",
                      "isHook": false,
                      "skipped": false
                    }
                  ],
                  "suites": [],
                  "passes": [
                    "2a10a94a-74b3-4c22-900e-d89e5746c0c4",
                    "9a451dbc-f2cb-4fb6-94d5-a705ee347106",
                    "019e3204-6990-4240-8ee6-b679225cf05e"
                  ],
                  "failures": [],
                  "pending": [
                    "d765fa3f-b1c2-4f0f-b7e1-2dfe2ea47445"
                  ],
                  "skipped": [],
                  "duration": 56,
                  "root": false,
                  "rootEmpty": false,
                  "_timeout": 30000
                }
              ],
              "passes": [
                "cb335af9-62d5-4552-8ba2-d139702932d8",
                "315e3688-a552-42d3-bcf9-c674d0ed8cae"
              ],
              "failures": [],
              "pending": [],
              "skipped": [],
              "duration": 43,
              "root": false,
              "rootEmpty": false,
              "_timeout": 30000
            },
            {
              "uuid": "34e964b9-b908-46ed-8c8e-f9dc3bf300f1",
              "title": "#initialization - anchor",
              "fullFile": "/Users/panukettunen/projects/kresko-protocol/src/test/krasset/00-init.ts",
              "file": "/src/test/krasset/00-init.ts",
              "beforeHooks": [],
              "afterHooks": [],
              "tests": [
                {
                  "title": "cant initialize twice",
                  "fullTitle": "KreskoAsset #initialization - anchor cant initialize twice",
                  "timedOut": false,
                  "duration": 6,
                  "state": "passed",
                  "speed": "fast",
                  "pass": true,
                  "fail": false,
                  "pending": false,
                  "context": null,
                  "code": "await (0, _chai.expect)(f.KreskoAssetAnchor.initialize(f.KreskoAsset.address, name, symbol, hre.addr.deployer)).to.be.reverted;",
                  "err": {},
                  "uuid": "53ae11be-6f4c-4d53-ba9e-3580adc91bd4",
                  "parentUUID": "34e964b9-b908-46ed-8c8e-f9dc3bf300f1",
                  "isHook": false,
                  "skipped": false
                },
                {
                  "title": "sets correct state",
                  "fullTitle": "KreskoAsset #initialization - anchor sets correct state",
                  "timedOut": false,
                  "duration": 29,
                  "state": "passed",
                  "speed": "fast",
                  "pass": true,
                  "fail": false,
                  "pending": false,
                  "context": null,
                  "code": "(0, _chai.expect)(await f.KreskoAssetAnchor.name()).to.equal(anchorName);\n(0, _chai.expect)(await f.KreskoAssetAnchor.symbol()).to.equal(anchorSymbol);\n(0, _chai.expect)(await f.KreskoAssetAnchor.asset()).to.equal(f.KreskoAsset.address);\n(0, _chai.expect)(await f.KreskoAssetAnchor.hasRole(_roles.Role.ADMIN, hre.addr.deployer)).to.equal(true);\n(0, _chai.expect)(await f.KreskoAssetAnchor.hasRole(_roles.Role.OPERATOR, hre.Diamond.address)).to.equal(true);\n(0, _chai.expect)(await f.KreskoAssetAnchor.totalSupply()).to.equal(0);\n(0, _chai.expect)(await f.KreskoAssetAnchor.totalAssets()).to.equal(await f.KreskoAsset.totalSupply());\nconst rebaseInfo = await f.KreskoAsset.rebaseInfo();\n(0, _chai.expect)(rebaseInfo.denominator).to.equal(0);\n(0, _chai.expect)(rebaseInfo.positive).to.equal(false);",
                  "err": {},
                  "uuid": "9b1df8cd-9c95-4541-b343-4d979b16cb84",
                  "parentUUID": "34e964b9-b908-46ed-8c8e-f9dc3bf300f1",
                  "isHook": false,
                  "skipped": false
                },
                {
                  "title": "cant initialize implementation",
                  "fullTitle": "KreskoAsset #initialization - anchor cant initialize implementation",
                  "timedOut": false,
                  "duration": 31,
                  "state": "passed",
                  "speed": "fast",
                  "pass": true,
                  "fail": false,
                  "pending": false,
                  "context": null,
                  "code": "const deployment = await hre.deployments.get(anchorSymbol);\nconst implementationAddress = deployment.implementation;\n(0, _chai.expect)(implementationAddress).to.not.equal(hre.ethers.constants.AddressZero);\nconst KreskoAssetAnchorImpl = await hre.ethers.getContractAt('KreskoAssetAnchor', implementationAddress);\nawait (0, _chai.expect)(KreskoAssetAnchorImpl.initialize(f.KreskoAsset.address, name, symbol, hre.addr.deployer)).to.be.reverted;",
                  "err": {},
                  "uuid": "1e2f49ca-3b34-4249-b97b-7e79cff981aa",
                  "parentUUID": "34e964b9-b908-46ed-8c8e-f9dc3bf300f1",
                  "isHook": false,
                  "skipped": false
                },
                {
                  "title": "can reinitialize metadata",
                  "fullTitle": "KreskoAsset #initialization - anchor can reinitialize metadata",
                  "timedOut": false,
                  "duration": 26,
                  "state": "passed",
                  "speed": "fast",
                  "pass": true,
                  "fail": false,
                  "pending": false,
                  "context": null,
                  "code": "const newName = 'foo';\nconst newSymbol = 'bar';\nawait (0, _chai.expect)(f.KreskoAssetAnchor.reinitializeERC20(newName, newSymbol, 2)).to.not.be.reverted;\n(0, _chai.expect)(await f.KreskoAssetAnchor.name()).to.equal(newName);\n(0, _chai.expect)(await f.KreskoAssetAnchor.symbol()).to.equal(newSymbol);\nawait f.KreskoAssetAnchor.reinitializeERC20(name, symbol, 3);",
                  "err": {},
                  "uuid": "82b8a752-c5fc-45a9-b6b4-896ad889d489",
                  "parentUUID": "34e964b9-b908-46ed-8c8e-f9dc3bf300f1",
                  "isHook": false,
                  "skipped": false
                }
              ],
              "suites": [],
              "passes": [
                "53ae11be-6f4c-4d53-ba9e-3580adc91bd4",
                "9b1df8cd-9c95-4541-b343-4d979b16cb84",
                "1e2f49ca-3b34-4249-b97b-7e79cff981aa",
                "82b8a752-c5fc-45a9-b6b4-896ad889d489"
              ],
              "failures": [],
              "pending": [],
              "skipped": [],
              "duration": 92,
              "root": false,
              "rootEmpty": false,
              "_timeout": 30000
            }
          ],
          "passes": [],
          "failures": [],
          "pending": [],
          "skipped": [],
          "duration": 0,
          "root": false,
          "rootEmpty": false,
          "_timeout": 30000
        },
        {
          "uuid": "4858334a-939b-46a9-9d23-42d98449575f",
          "title": "KreskoAsset",
          "fullFile": "/Users/panukettunen/projects/kresko-protocol/src/test/krasset/01-erc20.ts",
          "file": "/src/test/krasset/01-erc20.ts",
          "beforeHooks": [
            {
              "title": "\"before each\" hook in \"KreskoAsset\"",
              "fullTitle": "KreskoAsset \"before each\" hook in \"KreskoAsset\"",
              "timedOut": false,
              "duration": 7,
              "state": null,
              "speed": null,
              "pass": false,
              "fail": false,
              "pending": false,
              "context": null,
              "code": "({ KreskoAsset } = await (0, _fixtures.kreskoAssetFixture)({\n    name: 'Ether',\n    symbol: 'krETH',\n    underlyingToken: _viem.zeroAddress\n}));\nthis.mintAmount = 125;\nthis.owner = hre.users.deployer;\nawait KreskoAsset.grantRole(_roles.Role.OPERATOR, this.owner.address);",
              "err": {},
              "uuid": "c1a8c167-e51d-4f12-97e7-c598acb4bdd1",
              "parentUUID": "4858334a-939b-46a9-9d23-42d98449575f",
              "isHook": true,
              "skipped": false
            }
          ],
          "afterHooks": [],
          "tests": [],
          "suites": [
            {
              "uuid": "770921cc-af57-4194-9c51-01c833ad5019",
              "title": "#mint",
              "fullFile": "/Users/panukettunen/projects/kresko-protocol/src/test/krasset/01-erc20.ts",
              "file": "/src/test/krasset/01-erc20.ts",
              "beforeHooks": [],
              "afterHooks": [],
              "tests": [
                {
                  "title": "should allow the owner to mint to their own address",
                  "fullTitle": "KreskoAsset #mint should allow the owner to mint to their own address",
                  "timedOut": false,
                  "duration": 18,
                  "state": "passed",
                  "speed": "fast",
                  "pass": true,
                  "fail": false,
                  "pending": false,
                  "context": null,
                  "code": "(0, _chai.expect)(await KreskoAsset.totalSupply()).to.equal(0);\n(0, _chai.expect)(await KreskoAsset.balanceOf(this.owner.address)).to.equal(0);\nawait KreskoAsset.connect(this.owner).mint(this.owner.address, this.mintAmount);\n// Check total supply and owner's balances increased\n(0, _chai.expect)(await KreskoAsset.totalSupply()).to.equal(this.mintAmount);\n(0, _chai.expect)(await KreskoAsset.balanceOf(this.owner.address)).to.equal(this.mintAmount);",
                  "err": {},
                  "uuid": "1a1b87a8-0d1a-481d-93c4-49444d900c74",
                  "parentUUID": "770921cc-af57-4194-9c51-01c833ad5019",
                  "isHook": false,
                  "skipped": false
                },
                {
                  "title": "should allow the asset owner to mint to another address",
                  "fullTitle": "KreskoAsset #mint should allow the asset owner to mint to another address",
                  "timedOut": false,
                  "duration": 17,
                  "state": "passed",
                  "speed": "fast",
                  "pass": true,
                  "fail": false,
                  "pending": false,
                  "context": null,
                  "code": "(0, _chai.expect)(await KreskoAsset.totalSupply()).to.equal(0);\n(0, _chai.expect)(await KreskoAsset.balanceOf(hre.users.userOne.address)).to.equal(0);\nawait KreskoAsset.connect(this.owner).mint(hre.users.userOne.address, this.mintAmount);\n// Check total supply and user's balances increased\n(0, _chai.expect)(await KreskoAsset.totalSupply()).to.equal(this.mintAmount);\n(0, _chai.expect)(await KreskoAsset.balanceOf(hre.users.userOne.address)).to.equal(this.mintAmount);",
                  "err": {},
                  "uuid": "0bd4afdd-fea0-44c4-9124-22290e900e9f",
                  "parentUUID": "770921cc-af57-4194-9c51-01c833ad5019",
                  "isHook": false,
                  "skipped": false
                },
                {
                  "title": "should not allow non-owner addresses to mint tokens",
                  "fullTitle": "KreskoAsset #mint should not allow non-owner addresses to mint tokens",
                  "timedOut": false,
                  "duration": 20,
                  "state": "passed",
                  "speed": "fast",
                  "pass": true,
                  "fail": false,
                  "pending": false,
                  "context": null,
                  "code": "(0, _chai.expect)(await KreskoAsset.totalSupply()).to.equal(0);\n(0, _chai.expect)(await KreskoAsset.balanceOf(this.owner.address)).to.equal(0);\nawait (0, _chai.expect)(KreskoAsset.connect(hre.users.userOne).mint(this.owner.address, this.mintAmount)).to.be.reverted;\n// Check total supply and all account balances unchanged\n(0, _chai.expect)(await KreskoAsset.totalSupply()).to.equal(0);\n(0, _chai.expect)(await KreskoAsset.balanceOf(this.owner.address)).to.equal(0);\n(0, _chai.expect)(await KreskoAsset.balanceOf(hre.users.userOne.address)).to.equal(0);",
                  "err": {},
                  "uuid": "9b10661b-46b9-4720-a8bc-78fd58668202",
                  "parentUUID": "770921cc-af57-4194-9c51-01c833ad5019",
                  "isHook": false,
                  "skipped": false
                },
                {
                  "title": "should not allow admin to mint tokens",
                  "fullTitle": "KreskoAsset #mint should not allow admin to mint tokens",
                  "timedOut": false,
                  "duration": 11,
                  "state": "passed",
                  "speed": "fast",
                  "pass": true,
                  "fail": false,
                  "pending": false,
                  "context": null,
                  "code": "await KreskoAsset.renounceRole(_roles.Role.OPERATOR, this.owner.address);\nawait (0, _chai.expect)(KreskoAsset.connect(this.owner).mint(this.owner.address, this.mintAmount)).to.be.reverted;",
                  "err": {},
                  "uuid": "bfc93442-84fc-4272-a6ea-3bd4f48fdf55",
                  "parentUUID": "770921cc-af57-4194-9c51-01c833ad5019",
                  "isHook": false,
                  "skipped": false
                }
              ],
              "suites": [],
[...]
                  "err": {},
                  "uuid": "9b2275e1-6d42-436a-ae88-bd332d597245",
                  "parentUUID": "d97ca96a-87e8-404e-9975-572840463d40",
                  "isHook": false,
                  "skipped": false
                },
                {
                  "title": "should identify if the pool is underwater",
                  "fullTitle": "SCDP #Liquidations should identify if the pool is underwater",
                  "timedOut": false,
                  "duration": 1753,
                  "state": "passed",
                  "speed": "fast",
                  "pass": true,
                  "fail": false,
                  "pending": false,
                  "context": null,
                  "code": "const swapAmount = (0, _values.toBig)(2600);\nawait f.KreskoSwapper.swapSCDP(f.swapper.address, f.KISS.address, f.KrAsset2.address, swapAmount, 0);\nf.Collateral.setPrice(f.CollateralPrice.num(8) / 1000);\nf.Collateral8Dec.setPrice(f.CollateralPrice.num(8) / 1000);\nconst [stats, liquidatable] = await Promise.all([\n    hre.Diamond.getDataSCDP(),\n    hre.Diamond.getLiquidatableSCDP()\n]);\n(0, _chai.expect)(stats.totals.cr).to.be.lt(stats.LT);\n(0, _chai.expect)(liquidatable).to.be.true;",
                  "err": {},
                  "uuid": "219f1fc7-169f-4406-bde5-40922e3707ea",
                  "parentUUID": "d97ca96a-87e8-404e-9975-572840463d40",
                  "isHook": false,
                  "skipped": false
                },
                {
                  "title": "should allow liquidating the underwater pool",
                  "fullTitle": "SCDP #Liquidations should allow liquidating the underwater pool",
                  "timedOut": false,
                  "duration": 5892,
                  "state": "passed",
                  "speed": "slow",
                  "pass": true,
                  "fail": false,
                  "pending": false,
                  "context": null,
                  "code": "const swapAmount = (0, _values.toBig)(2600);\nawait f.KreskoSwapper.swapSCDP(f.swapper.address, f.KISS.address, f.KrAsset2.address, swapAmount, 0);\nconst newKreskoAssetPrice = 500;\nf.KrAsset2.setPrice(newKreskoAssetPrice);\nconst [scdpParams, maxLiquidatable, krAssetPrice, statsBefore] = await Promise.all([\n    hre.Diamond.getParametersSCDP(),\n    hre.Diamond.getMaxLiqValueSCDP(f.KrAsset2.address, f.Collateral8Dec.address),\n    f.KrAsset2.getPrice(),\n    hre.Diamond.getDataSCDP()\n]);\nconst repayAmount = maxLiquidatable.repayValue.wadDiv(krAssetPrice);\nawait f.KrAsset2.setBalance(hre.users.liquidator, repayAmount.add(1e18.toString()));\n(0, _chai.expect)(statsBefore.totals.cr).to.lt(scdpParams.liquidationThreshold);\n(0, _chai.expect)(statsBefore.totals.cr).to.gt(1e4);\n// Liquidate the shared CDP\nconst tx = await f.KreskoLiquidator.liquidateSCDP(f.KrAsset2.address, repayAmount, f.Collateral8Dec.address);\n// Check the state after liquidation\nconst [statsAfter, liquidatableAfter] = await Promise.all([\n    hre.Diamond.getDataSCDP(),\n    hre.Diamond.getLiquidatableSCDP()\n]);\n(0, _chai.expect)(statsAfter.totals.cr).to.gt(scdpParams.liquidationThreshold);\n(0, _chai.expect)(statsAfter.totals.crOgAdj).to.eq(2.01e4);\n(0, _chai.expect)(liquidatableAfter).to.eq(false);\n// Shared CDP should not be liquidatable since it is above the threshold\nawait (0, _chai.expect)(f.KreskoLiquidator.liquidateSCDP(f.KrAsset2.address, repayAmount, f.Collateral8Dec.address)).to.be.revertedWithCustomError((0, _errors.Errors)(hre), 'COLLATERAL_VALUE_GREATER_THAN_REQUIRED');\n// Check what was emitted in the event\nconst event = await (0, _events.getNamedEvent)(tx, 'SCDPLiquidationOccured');\nconst expectedSeizeAmount = repayAmount.wadMul((0, _values.toBig)(newKreskoAssetPrice, 8)).percentMul(1.05e4).wadDiv(f.CollateralPrice).div(10 ** 10);\n(0, _chai.expect)(event.args.liquidator).to.eq(hre.users.liquidator.address);\n(0, _chai.expect)(event.args.seizeAmount).to.eq(expectedSeizeAmount);\n(0, _chai.expect)(event.args.repayAmount).to.eq(repayAmount);\n(0, _chai.expect)(event.args.seizeCollateral).to.eq(f.Collateral8Dec.address);\n(0, _chai.expect)(event.args.repayKreskoAsset).to.eq(f.KrAsset2.address);\n// Check account state changes\nconst expectedDepositsAfter = depositAmount8Dec.sub(event.args.seizeAmount);\n(0, _chai.expect)(expectedDepositsAfter).to.be.lt(depositAmount8Dec);\nconst [principalDeposits, fees, params] = await Promise.all([\n    hre.Diamond.getAccountDepositSCDP(f.depositor.address, f.Collateral8Dec.address),\n    hre.Diamond.getAccountFeesSCDP(f.depositor.address, f.Collateral8Dec.address),\n    hre.Diamond.getParametersSCDP()\n]);\n(0, _chai.expect)(principalDeposits).to.eq(expectedDepositsAfter);\n(0, _chai.expect)(fees).to.eq(0);\n// Sanity checking that users should be able to withdraw what is left\nawait hre.Diamond.setFeeAssetSCDP(f.Collateral.address);\nawait f.KreskoDepositor.depositSCDP(f.depositor.address, f.Collateral.address, depositAmount18Dec.mul(10));\nconst stats = await hre.Diamond.getDataSCDP();\n(0, _chai.expect)(stats.totals.cr).to.gt(params.minCollateralRatio);\nawait (0, _chai.expect)(f.KreskoDepositor.withdrawSCDP(f.depositor.address, f.Collateral8Dec.address, expectedDepositsAfter, f.depositor.address)).to.not.be.reverted;\nconst [principalEnd, feesAfter] = await Promise.all([\n    hre.Diamond.getAccountDepositSCDP(f.depositor.address, f.Collateral8Dec.address),\n    hre.Diamond.getAccountFeesSCDP(f.depositor.address, f.Collateral8Dec.address)\n]);\n(0, _chai.expect)(principalEnd).to.eq(0);\n(0, _chai.expect)(feesAfter).to.eq(0);",
                  "err": {},
                  "uuid": "6a247d1d-a7a9-408f-a378-1684b0bbc9c7",
                  "parentUUID": "d97ca96a-87e8-404e-9975-572840463d40",
                  "isHook": false,
                  "skipped": false
                }
              ],
              "suites": [],
              "passes": [
                "26389cf8-37c8-472c-be22-ed661f06c2a3",
                "9b2275e1-6d42-436a-ae88-bd332d597245",
                "219f1fc7-169f-4406-bde5-40922e3707ea",
                "6a247d1d-a7a9-408f-a378-1684b0bbc9c7"
              ],
              "failures": [],
              "pending": [],
              "skipped": [],
              "duration": 9185,
              "root": false,
              "rootEmpty": false,
              "_timeout": 30000
            },
            {
              "uuid": "84334c69-074a-42b0-80b7-9dc74cff7802",
              "title": "#Error",
              "fullFile": "/Users/panukettunen/projects/kresko-protocol/src/test/scdp/00-scdp.ts",
              "file": "/src/test/scdp/00-scdp.ts",
              "beforeHooks": [
                {
                  "title": "\"before each\" hook in \"#Error\"",
                  "fullTitle": "SCDP #Error \"before each\" hook in \"#Error\"",
                  "timedOut": false,
                  "duration": 174,
                  "state": null,
                  "speed": null,
                  "pass": false,
                  "fail": false,
                  "pending": false,
                  "context": null,
                  "code": "await Promise.all(f.usersArr.map((signer)=>f.Collateral.setBalance(signer, (0, _values.toBig)(1_000_000))));\nawait f.KISS.setBalance(f.swapper, (0, _values.toBig)(10_000));\nawait f.KISS.setBalance(f.depositor, hre.ethers.BigNumber.from(1));\nawait hre.Diamond.setFeeAssetSCDP(f.Collateral.address);\nawait f.KreskoDepositor.depositSCDP(f.depositor.address, f.Collateral.address, depositAmount18Dec);\nawait hre.Diamond.setFeeAssetSCDP(f.KISS.address);\nawait f.KreskoDepositor.depositSCDP(f.depositor.address, f.KISS.address, 1);",
                  "err": {},
                  "uuid": "a14f8fdb-ae43-4fdf-b9c2-17bf3173d8fb",
                  "parentUUID": "84334c69-074a-42b0-80b7-9dc74cff7802",
                  "isHook": true,
                  "skipped": false
                }
              ],
              "afterHooks": [],
              "tests": [
                {
                  "title": "should revert depositing unsupported tokens",
                  "fullTitle": "SCDP #Error should revert depositing unsupported tokens",
                  "timedOut": false,
                  "duration": 104,
                  "state": "passed",
                  "speed": "fast",
                  "pass": true,
                  "fail": false,
                  "pending": false,
                  "context": null,
                  "code": "const [UnsupportedToken] = await hre.deploy('MockERC20', {\n    args: [\n        'UnsupportedToken',\n        'UnsupportedToken',\n        18,\n        (0, _values.toBig)(1)\n    ]\n});\nawait UnsupportedToken.approve(hre.Diamond.address, hre.ethers.constants.MaxUint256);\nconst { deployer } = await hre.getNamedAccounts();\nawait (0, _chai.expect)(hre.Diamond.depositSCDP(deployer, UnsupportedToken.address, 1)).to.be.revertedWithCustomError((0, _errors.Errors)(hre), 'ASSET_NOT_FEE_ACCUMULATING_ASSET').withArgs([\n    'UnsupportedToken',\n    UnsupportedToken.address\n]);",
                  "err": {},
                  "uuid": "7ecdf1cf-750d-4a9b-bd18-2a46fc998334",
                  "parentUUID": "84334c69-074a-42b0-80b7-9dc74cff7802",
                  "isHook": false,
                  "skipped": false
                },
                {
                  "title": "should revert withdrawing without deposits",
                  "fullTitle": "SCDP #Error should revert withdrawing without deposits",
                  "timedOut": false,
                  "duration": 40,
                  "state": "passed",
                  "speed": "fast",
                  "pass": true,
                  "fail": false,
                  "pending": false,
                  "context": null,
                  "code": "const withdrawAmount = 1;\nawait (0, _chai.expect)(f.KreskoSwapper.withdrawSCDP(f.swapper.address, f.Collateral.address, withdrawAmount, f.swapper.address)).to.be.revertedWithCustomError((0, _errors.Errors)(hre), 'ACCOUNT_HAS_NO_DEPOSITS').withArgs(f.swapper.address, f.Collateral.errorId);",
                  "err": {},
                  "uuid": "ae18acb7-543d-4263-bf0d-b0556451575c",
                  "parentUUID": "84334c69-074a-42b0-80b7-9dc74cff7802",
                  "isHook": false,
                  "skipped": false
                },
                {
                  "title": "should revert withdrawals below MCR",
                  "fullTitle": "SCDP #Error should revert withdrawals below MCR",
                  "timedOut": false,
                  "duration": 477,
                  "state": "passed",
                  "speed": "fast",
                  "pass": true,
                  "fail": false,
                  "pending": false,
                  "context": null,
                  "code": "const swapAmount = (0, _values.toBig)(1000) // $1000\n;\nawait f.KreskoSwapper.swapSCDP(f.swapper.address, f.KISS.address, f.KrAsset2.address, swapAmount, 0) // generates the debt\n;\nconst deposits = await f.KreskoSwapper.getAccountDepositSCDP(f.depositor.address, f.Collateral.address);\nawait (0, _chai.expect)(f.KreskoDepositor.withdrawSCDP(f.depositor.address, f.Collateral.address, deposits, f.depositor.address)).to.be.revertedWithCustomError((0, _errors.Errors)(hre), 'COLLATERAL_VALUE_LESS_THAN_REQUIRED').withArgs(960e8, 4800e8, 5e4);",
                  "err": {},
                  "uuid": "7f2bdd91-5477-4f2e-9c12-c926b44c1b57",
                  "parentUUID": "84334c69-074a-42b0-80b7-9dc74cff7802",
                  "isHook": false,
                  "skipped": false
                },
                {
                  "title": "should revert withdrawals of swap owned collateral deposits",
                  "fullTitle": "SCDP #Error should revert withdrawals of swap owned collateral deposits",
                  "timedOut": false,
                  "duration": 436,
                  "state": "passed",
                  "speed": "fast",
                  "pass": true,
                  "fail": false,
                  "pending": false,
                  "context": null,
                  "code": "const swapAmount = (0, _values.toBig)(1);\nawait f.KrAsset2.setBalance(f.swapper, swapAmount);\nawait f.KreskoSwapper.swapSCDP(f.swapper.address, f.KrAsset2.address, f.KISS.address, swapAmount, 0);\nconst deposits = await f.KreskoSwapper.getSwapDepositsSCDP(f.KrAsset2.address);\n(0, _chai.expect)(deposits).to.be.gt(0);\nawait (0, _chai.expect)(f.KreskoSwapper.withdrawSCDP(f.swapper.address, f.KrAsset2.address, deposits, f.depositor.address)).to.be.revertedWithCustomError((0, _errors.Errors)(hre), 'ASSET_DOES_NOT_HAVE_DEPOSITS').withArgs(f.KrAsset2.errorId);",
                  "err": {},
                  "uuid": "640b3dc7-c4b4-4ac0-b084-d32692c294df",
                  "parentUUID": "84334c69-074a-42b0-80b7-9dc74cff7802",
                  "isHook": false,
                  "skipped": false
                },
                {
                  "title": "should revert swapping with price below minAmountOut",
                  "fullTitle": "SCDP #Error should revert swapping with price below minAmountOut",
                  "timedOut": false,
                  "duration": 295,
                  "state": "passed",
                  "speed": "fast",
                  "pass": true,
                  "fail": false,
                  "pending": false,
                  "context": null,
                  "code": "const swapAmount = (0, _values.toBig)(1);\nawait f.KrAsset2.setBalance(f.swapper, swapAmount);\nconst [amountOut] = await f.KreskoSwapper.previewSwapSCDP(f.KrAsset2.address, f.KISS.address, swapAmount);\nawait (0, _chai.expect)(f.KreskoSwapper.swapSCDP(f.swapper.address, f.KrAsset2.address, f.KISS.address, swapAmount, amountOut.add(1))).to.be.revertedWithCustomError((0, _errors.Errors)(hre), 'RECEIVED_LESS_THAN_DESIRED').withArgs(f.KISS.errorId, amountOut, amountOut.add(1));",
                  "err": {},
                  "uuid": "b49a5095-38f0-4fff-b3ba-6511d69f52a4",
                  "parentUUID": "84334c69-074a-42b0-80b7-9dc74cff7802",
                  "isHook": false,
                  "skipped": false
                },
                {
                  "title": "should revert swapping unsupported asset",
                  "fullTitle": "SCDP #Error should revert swapping unsupported asset",
                  "timedOut": false,
                  "duration": 47,
                  "state": "passed",
                  "speed": "fast",
                  "pass": true,
                  "fail": false,
                  "pending": false,
                  "context": null,
                  "code": "const swapAmount = (0, _values.toBig)(1);\nawait f.KrAsset2.setBalance(f.swapper, swapAmount);\nawait (0, _chai.expect)(f.KreskoSwapper.swapSCDP(f.swapper.address, f.KrAsset2.address, f.Collateral.address, swapAmount, 0)).to.be.revertedWithCustomError((0, _errors.Errors)(hre), 'SWAP_ROUTE_NOT_ENABLED').withArgs(f.KrAsset2.errorId, f.Collateral.errorId);",
                  "err": {},
                  "uuid": "7f84ace4-e793-4553-9bb2-93ac17d5b6e5",
                  "parentUUID": "84334c69-074a-42b0-80b7-9dc74cff7802",
                  "isHook": false,
                  "skipped": false
                },
                {
                  "title": "should revert swapping a disabled route",
                  "fullTitle": "SCDP #Error should revert swapping a disabled route",
                  "timedOut": false,
                  "duration": 83,
                  "state": "passed",
                  "speed": "fast",
                  "pass": true,
                  "fail": false,
                  "pending": false,
                  "context": null,
                  "code": "const swapAmount = (0, _values.toBig)(1);\nawait f.KrAsset2.setBalance(f.swapper, swapAmount);\nawait hre.Diamond.setSingleSwapRouteSCDP({\n    assetIn: f.KrAsset2.address,\n    assetOut: f.KISS.address,\n    enabled: false\n});\nawait (0, _chai.expect)(f.KreskoSwapper.swapSCDP(f.swapper.address, f.KrAsset2.address, f.KISS.address, swapAmount, 0)).to.be.revertedWithCustomError((0, _errors.Errors)(hre), 'SWAP_ROUTE_NOT_ENABLED').withArgs(f.KrAsset2.errorId, f.KISS.errorId);",
                  "err": {},
                  "uuid": "994f9ec7-4055-4053-9002-8d4f2e639b57",
                  "parentUUID": "84334c69-074a-42b0-80b7-9dc74cff7802",
                  "isHook": false,
                  "skipped": false
                },
                {
                  "title": "should revert swapping causes CDP to go below MCR",
                  "fullTitle": "SCDP #Error should revert swapping causes CDP to go below MCR",
                  "timedOut": false,
                  "duration": 381,
                  "state": "passed",
                  "speed": "fast",
                  "pass": true,
                  "fail": false,
                  "pending": false,
                  "context": null,
                  "code": "const swapAmount = (0, _values.toBig)(1_500_000);\nawait f.KrAsset2.setBalance(f.swapper, swapAmount);\nconst tx = f.KreskoSwapper.swapSCDP(f.swapper.address, f.KrAsset2.address, f.KISS.address, swapAmount, 0);\nawait (0, _chai.expect)(tx).to.be.revertedWithCustomError((0, _errors.Errors)(hre), 'COLLATERAL_VALUE_LESS_THAN_REQUIRED').withArgs('15001000000000000', '75000000000000000', 5e4);",
                  "err": {},
                  "uuid": "fd07fdc1-cfde-460f-995e-871178e10e38",
                  "parentUUID": "84334c69-074a-42b0-80b7-9dc74cff7802",
                  "isHook": false,
                  "skipped": false
                }
              ],
              "suites": [],
              "passes": [
                "7ecdf1cf-750d-4a9b-bd18-2a46fc998334",
                "ae18acb7-543d-4263-bf0d-b0556451575c",
                "7f2bdd91-5477-4f2e-9c12-c926b44c1b57",
                "640b3dc7-c4b4-4ac0-b084-d32692c294df",
                "b49a5095-38f0-4fff-b3ba-6511d69f52a4",
                "7f84ace4-e793-4553-9bb2-93ac17d5b6e5",
                "994f9ec7-4055-4053-9002-8d4f2e639b57",
                "fd07fdc1-cfde-460f-995e-871178e10e38"
              ],
              "failures": [],
              "pending": [],
              "skipped": [],
              "duration": 1863,
              "root": false,
              "rootEmpty": false,
              "_timeout": 30000
            }
          ],
          "passes": [],
          "failures": [],
          "pending": [],
          "skipped": [],
          "duration": 0,
          "root": false,
          "rootEmpty": false,
          "_timeout": 30000
        }
      ],
      "passes": [],
      "failures": [],
      "pending": [],
      "skipped": [],
      "duration": 0,
      "root": true,
      "rootEmpty": true,
      "_timeout": 30000
    }
  ],
  "meta": {
    "mocha": {
      "version": "10.2.0"
    },
    "mochawesome": {
      "options": {
        "quiet": false,
        "reportFilename": "mochawesome",
        "saveHtml": true,
        "saveJson": true,
        "consoleReporter": "spec",
        "useInlineDiffs": false,
        "code": true
      },
      "version": "7.1.3"
    },
    "marge": {
      "options": {
        "reportDir": "docs/test-report",
        "assetsDir": "docs/test-report/assets",
        "reportTitle": "Kresko Protocol Hardhat Test Report",
        "reportPageTitle": "Kresko Protocol Hardhat Test Report"
      },
      "version": "6.2.0"
    }
  }
}