{
  "stats": {
    "suites": 90,
    "tests": 274,
    "passes": 252,
    "pending": 22,
    "failures": 0,
    "start": "2023-11-19T00:54:12.642Z",
    "end": "2023-11-19T00:56:30.342Z",
    "duration": 137700,
    "testsRegistered": 274,
    "passPercent": 100,
    "pendingPercent": 8.02919708029197,
    "other": 0,
    "hasOther": false,
    "skipped": 0,
    "hasSkipped": false
  },
  "results": [
    {
      "uuid": "9e329b82-7519-47b8-95b7-1d3c0c5b1e76",
      "title": "",
      "fullFile": "",
      "file": "",
      "beforeHooks": [],
      "afterHooks": [],
      "tests": [],
      "suites": [
        {
          "uuid": "404ab0e9-a2a2-45d1-abfd-6fd752114b22",
          "title": "Asset Amounts & Values",
          "fullFile": "/Users/panukettunen/projects/kresko-protocol/src/test/asset-values/00-asset-values.ts",
          "file": "/src/test/asset-values/00-asset-values.ts",
          "beforeHooks": [
            {
              "title": "\"before each\" hook in \"Asset Amounts & Values\"",
              "fullTitle": "Asset Amounts & Values \"before each\" hook in \"Asset Amounts & Values\"",
              "timedOut": false,
              "duration": 20,
              "state": null,
              "speed": null,
              "pass": false,
              "fail": false,
              "pending": false,
              "context": null,
              "code": "f = await (0, _fixtures.assetValuesFixture)();\nf.user = hre.users.userEight;\nUser = (0, _redstone.wrapKresko)(hre.Diamond, f.user);",
              "err": {},
              "uuid": "5877ca02-fbac-4f04-a4fd-09e6938656a2",
              "parentUUID": "404ab0e9-a2a2-45d1-abfd-6fd752114b22",
              "isHook": true,
              "skipped": false
            }
          ],
          "afterHooks": [],
          "tests": [],
          "suites": [
            {
              "uuid": "28d9c18e-3d6a-4380-a118-5f7811b8b186",
              "title": "#Collateral Deposit Values",
              "fullFile": "/Users/panukettunen/projects/kresko-protocol/src/test/asset-values/00-asset-values.ts",
              "file": "/src/test/asset-values/00-asset-values.ts",
              "beforeHooks": [],
              "afterHooks": [],
              "tests": [
                {
                  "title": "should return the correct deposit value with 18 decimals",
                  "fullTitle": "Asset Amounts & Values #Collateral Deposit Values should return the correct deposit value with 18 decimals",
                  "timedOut": false,
                  "duration": 110,
                  "state": "passed",
                  "speed": "slow",
                  "pass": true,
                  "fail": false,
                  "pending": false,
                  "context": null,
                  "code": "const depositAmount = (0, _values.toBig)(10);\nconst expectedDepositValue = (0, _values.toBig)(50, f.oracleDecimals) // cfactor = 0.5, collateralPrice = 10, depositAmount = 10\n;\nawait User.depositCollateral(f.user.address, f.CollateralAsset.address, depositAmount);\nconst depositValue = await hre.Diamond.getAccountTotalCollateralValue(f.user.address);\n(0, _chai.expect)(depositValue).to.equal(expectedDepositValue);",
                  "err": {},
                  "uuid": "80388f23-2027-4a9e-ba27-81c682107843",
                  "parentUUID": "28d9c18e-3d6a-4380-a118-5f7811b8b186",
                  "isHook": false,
                  "skipped": false
                },
                {
                  "title": "should return the correct deposit value with less than 18 decimals",
                  "fullTitle": "Asset Amounts & Values #Collateral Deposit Values should return the correct deposit value with less than 18 decimals",
                  "timedOut": false,
                  "duration": 108,
                  "state": "passed",
                  "speed": "slow",
                  "pass": true,
                  "fail": false,
                  "pending": false,
                  "context": null,
                  "code": "const depositAmount = (0, _values.toBig)(10, 8);\nconst expectedDepositValue = (0, _values.toBig)(50, f.oracleDecimals) // cfactor = 0.5, collateralPrice = 10, depositAmount = 10\n;\nawait User.depositCollateral(f.user.address, f.CollateralAsset8Dec.address, depositAmount);\nconst depositValue = await hre.Diamond.getAccountTotalCollateralValue(f.user.address);\n(0, _chai.expect)(depositValue).to.equal(expectedDepositValue);",
                  "err": {},
                  "uuid": "27559992-2cfa-4c30-94e6-576f65db51e7",
                  "parentUUID": "28d9c18e-3d6a-4380-a118-5f7811b8b186",
                  "isHook": false,
                  "skipped": false
                },
                {
                  "title": "should return the correct deposit value with over 18 decimals",
                  "fullTitle": "Asset Amounts & Values #Collateral Deposit Values should return the correct deposit value with over 18 decimals",
                  "timedOut": false,
                  "duration": 109,
                  "state": "passed",
                  "speed": "slow",
                  "pass": true,
                  "fail": false,
                  "pending": false,
                  "context": null,
                  "code": "const depositAmount = (0, _values.toBig)(10, 21);\nconst expectedDepositValue = (0, _values.toBig)(50, f.oracleDecimals) // cfactor = 0.5, collateralPrice = 10, depositAmount = 10\n;\nawait User.depositCollateral(f.user.address, f.CollateralAsset21Dec.address, depositAmount);\nconst depositValue = await hre.Diamond.getAccountTotalCollateralValue(f.user.address);\n(0, _chai.expect)(depositValue).to.equal(expectedDepositValue);",
                  "err": {},
                  "uuid": "a1ffd5f2-1d71-46e6-8b10-bca8bd0ad61d",
                  "parentUUID": "28d9c18e-3d6a-4380-a118-5f7811b8b186",
                  "isHook": false,
                  "skipped": false
                },
                {
                  "title": "should return the correct deposit value combination of different decimals",
                  "fullTitle": "Asset Amounts & Values #Collateral Deposit Values should return the correct deposit value combination of different decimals",
                  "timedOut": false,
                  "duration": 245,
                  "state": "passed",
                  "speed": "slow",
                  "pass": true,
                  "fail": false,
                  "pending": false,
                  "context": null,
                  "code": "await User.depositCollateral(f.user.address, f.CollateralAsset.address, (0, _values.toBig)(10));\nawait User.depositCollateral(f.user.address, f.CollateralAsset8Dec.address, (0, _values.toBig)(10, 8));\nawait User.depositCollateral(f.user.address, f.CollateralAsset21Dec.address, (0, _values.toBig)(10, 21));\nconst expectedDepositValue = (0, _values.toBig)(150, f.oracleDecimals) // cfactor = 0.5, collateralPrice = 10, depositAmount = 30\n;\nconst depositValue = await hre.Diamond.getAccountTotalCollateralValue(f.user.address);\n(0, _chai.expect)(depositValue).to.equal(expectedDepositValue);",
                  "err": {},
                  "uuid": "fa534778-36e4-4f96-bbef-4bf083ac03e9",
                  "parentUUID": "28d9c18e-3d6a-4380-a118-5f7811b8b186",
                  "isHook": false,
                  "skipped": false
                }
              ],
              "suites": [],
              "passes": [
                "80388f23-2027-4a9e-ba27-81c682107843",
                "27559992-2cfa-4c30-94e6-576f65db51e7",
                "a1ffd5f2-1d71-46e6-8b10-bca8bd0ad61d",
                "fa534778-36e4-4f96-bbef-4bf083ac03e9"
              ],
              "failures": [],
              "pending": [],
              "skipped": [],
              "duration": 572,
              "root": false,
              "rootEmpty": false,
              "_timeout": 30000
            },
            {
              "uuid": "4692ffe6-f432-49f4-9659-30ac403688cf",
              "title": "#Collateral Deposit Amount",
              "fullFile": "/Users/panukettunen/projects/kresko-protocol/src/test/asset-values/00-asset-values.ts",
              "file": "/src/test/asset-values/00-asset-values.ts",
              "beforeHooks": [],
              "afterHooks": [],
              "tests": [
                {
                  "title": "should return the correct deposit amount with 18 decimals",
                  "fullTitle": "Asset Amounts & Values #Collateral Deposit Amount should return the correct deposit amount with 18 decimals",
                  "timedOut": false,
                  "duration": 154,
                  "state": "passed",
                  "speed": "slow",
                  "pass": true,
                  "fail": false,
                  "pending": false,
                  "context": null,
                  "code": "const depositAmount = (0, _values.toBig)(10);\nawait User.depositCollateral(f.user.address, f.CollateralAsset.address, depositAmount);\nconst withdrawIndex = await _optimizations.default.getAccountDepositIndex(f.user.address, f.CollateralAsset.address);\nconst deposits = await hre.Diamond.getAccountCollateralAmount(f.user.address, f.CollateralAsset.address);\n(0, _chai.expect)(deposits).to.equal(depositAmount);\nawait User.withdrawCollateral(f.user.address, f.CollateralAsset.address, depositAmount, withdrawIndex);\nconst balance = await f.CollateralAsset.balanceOf(f.user.address);\n(0, _chai.expect)(balance).to.equal((0, _values.toBig)(f.startingBalance));",
                  "err": {},
                  "uuid": "7731a57e-d65e-44f9-bf49-83f578cf9b47",
                  "parentUUID": "4692ffe6-f432-49f4-9659-30ac403688cf",
                  "isHook": false,
                  "skipped": false
                },
                {
                  "title": "should return the correct deposit amount with less than 18 decimals",
                  "fullTitle": "Asset Amounts & Values #Collateral Deposit Amount should return the correct deposit amount with less than 18 decimals",
                  "timedOut": false,
                  "duration": 112,
                  "state": "passed",
                  "speed": "slow",
                  "pass": true,
                  "fail": false,
                  "pending": false,
                  "context": null,
                  "code": "const depositAmount = (0, _values.toBig)(10, 8);\nawait User.depositCollateral(f.user.address, f.CollateralAsset8Dec.address, depositAmount);\nconst withdrawIndex = await _optimizations.default.getAccountDepositIndex(f.user.address, f.CollateralAsset8Dec.address);\nconst deposits = await hre.Diamond.getAccountCollateralAmount(f.user.address, f.CollateralAsset8Dec.address);\n(0, _chai.expect)(deposits).to.equal(depositAmount);\nawait User.withdrawCollateral(f.user.address, f.CollateralAsset8Dec.address, depositAmount, withdrawIndex);\nconst balance = await f.CollateralAsset8Dec.balanceOf(f.user.address);\n(0, _chai.expect)(balance).to.equal((0, _values.toBig)(f.startingBalance, 8));",
                  "err": {},
                  "uuid": "a67108e3-62f5-49d9-a41b-39a4caae2520",
                  "parentUUID": "4692ffe6-f432-49f4-9659-30ac403688cf",
                  "isHook": false,
                  "skipped": false
                },
                {
                  "title": "should return the correct deposit value with over 18 decimals",
                  "fullTitle": "Asset Amounts & Values #Collateral Deposit Amount should return the correct deposit value with over 18 decimals",
                  "timedOut": false,
                  "duration": 144,
                  "state": "passed",
                  "speed": "slow",
                  "pass": true,
                  "fail": false,
                  "pending": false,
                  "context": null,
                  "code": "const depositAmount = (0, _values.toBig)(10, 21);\nawait User.depositCollateral(f.user.address, f.CollateralAsset21Dec.address, depositAmount);\nconst withdrawIndex = await _optimizations.default.getAccountDepositIndex(f.user.address, f.CollateralAsset21Dec.address);\nconst deposits = await hre.Diamond.getAccountCollateralAmount(f.user.address, f.CollateralAsset21Dec.address);\n(0, _chai.expect)(deposits).to.equal(depositAmount);\nawait User.withdrawCollateral(f.user.address, f.CollateralAsset21Dec.address, depositAmount, withdrawIndex);\nconst balance = await f.CollateralAsset21Dec.balanceOf(f.user.address);\n(0, _chai.expect)(balance).to.equal((0, _values.toBig)(f.startingBalance, 21));",
                  "err": {},
                  "uuid": "72f0c87e-fa35-476a-9f92-418f242b2d1b",
                  "parentUUID": "4692ffe6-f432-49f4-9659-30ac403688cf",
                  "isHook": false,
                  "skipped": false
                }
              ],
              "suites": [],
              "passes": [
                "7731a57e-d65e-44f9-bf49-83f578cf9b47",
                "a67108e3-62f5-49d9-a41b-39a4caae2520",
                "72f0c87e-fa35-476a-9f92-418f242b2d1b"
              ],
              "failures": [],
              "pending": [],
              "skipped": [],
              "duration": 410,
              "root": false,
              "rootEmpty": false,
              "_timeout": 30000
            },
            {
              "uuid": "2934aa93-a48f-4df6-90b9-c522c61f1b36",
              "title": "#Kresko Asset Debt Values",
              "fullFile": "/Users/panukettunen/projects/kresko-protocol/src/test/asset-values/00-asset-values.ts",
              "file": "/src/test/asset-values/00-asset-values.ts",
              "beforeHooks": [],
              "afterHooks": [],
              "tests": [
                {
                  "title": "should return the correct debt value (+CR) with 18 decimal collateral",
                  "fullTitle": "Asset Amounts & Values #Kresko Asset Debt Values should return the correct debt value (+CR) with 18 decimal collateral",
                  "timedOut": false,
                  "duration": 639,
                  "state": "passed",
                  "speed": "slow",
                  "pass": true,
                  "fail": false,
                  "pending": false,
                  "context": null,
                  "code": "const depositAmount = (0, _values.toBig)(10);\nawait User.depositCollateral(f.user.address, f.CollateralAsset.address, depositAmount);\nconst mintAmount = (0, _values.toBig)(1);\nconst expectedMintValue = (0, _values.toBig)(20, f.oracleDecimals) // kFactor = 2, krAssetPrice = 10, mintAmount = 1, openFee = 0.1\n;\nawait User.mintKreskoAsset(f.user.address, f.KreskoAsset.address, mintAmount);\nconst expectedDepositValue = (0, _values.toBig)(49.5, f.oracleDecimals) // cfactor = 0.5, collateralPrice = 10, depositAmount = 10, openFee = 0.1\n;\nconst depositValue = await hre.Diamond.getAccountTotalCollateralValue(f.user.address);\n(0, _chai.expect)(depositValue).to.equal(expectedDepositValue);\nconst mintValue = await hre.Diamond.getAccountTotalDebtValue(f.user.address);\n(0, _chai.expect)(mintValue).to.equal(expectedMintValue);\nconst assetValue = await hre.Diamond.getValue(f.KreskoAsset.address, mintAmount);\nconst kFactor = (await hre.Diamond.getAsset(f.KreskoAsset.address)).kFactor;\n(0, _chai.expect)(assetValue).to.equal(expectedMintValue.percentDiv(kFactor));\nconst collateralRatio = await hre.Diamond.getAccountCollateralRatio(f.user.address);\n(0, _chai.expect)(collateralRatio).to.equal(expectedDepositValue.percentDiv(expectedMintValue)) // 2.475\n;",
                  "err": {},
                  "uuid": "ae687bc2-a4b2-4d54-8701-527434fa9164",
                  "parentUUID": "2934aa93-a48f-4df6-90b9-c522c61f1b36",
                  "isHook": false,
                  "skipped": false
                },
                {
                  "title": "should return the correct debt value (+CR) with less than 18 decimal collateral",
                  "fullTitle": "Asset Amounts & Values #Kresko Asset Debt Values should return the correct debt value (+CR) with less than 18 decimal collateral",
                  "timedOut": false,
                  "duration": 658,
                  "state": "passed",
                  "speed": "slow",
                  "pass": true,
                  "fail": false,
                  "pending": false,
                  "context": null,
                  "code": "const depositAmount = (0, _values.toBig)(10, 8);\nawait User.depositCollateral(f.user.address, f.CollateralAsset8Dec.address, depositAmount);\nconst mintAmount = (0, _values.toBig)(1);\nconst expectedMintValue = (0, _values.toBig)(20, f.oracleDecimals) // kFactor = 2, krAssetPrice = 10, mintAmount = 1, openFee = 0.1\n;\nawait User.mintKreskoAsset(f.user.address, f.KreskoAsset.address, mintAmount);\nconst expectedDepositValue = (0, _values.toBig)(49.5, f.oracleDecimals) // cfactor = 0.5, collateralPrice = 10, depositAmount = 10, openFee = 0.1\n;\nconst depositValue = await hre.Diamond.getAccountTotalCollateralValue(f.user.address);\n(0, _chai.expect)(depositValue).to.equal(expectedDepositValue);\nconst mintValue = await hre.Diamond.getAccountTotalDebtValue(f.user.address);\n(0, _chai.expect)(mintValue).to.equal(expectedMintValue);\nconst assetValue = await hre.Diamond.getValue(f.KreskoAsset.address, mintAmount);\nconst kFactor = (await hre.Diamond.getAsset(f.KreskoAsset.address)).kFactor;\n(0, _chai.expect)(assetValue).to.equal(expectedMintValue.percentDiv(kFactor));\nconst collateralRatio = await hre.Diamond.getAccountCollateralRatio(f.user.address);\n(0, _chai.expect)(collateralRatio).to.equal(expectedDepositValue.percentDiv(expectedMintValue)) // 2.475\n;",
                  "err": {},
                  "uuid": "f27c3204-47cc-427d-b753-8ff81c0df9e5",
                  "parentUUID": "2934aa93-a48f-4df6-90b9-c522c61f1b36",
                  "isHook": false,
                  "skipped": false
                },
                {
                  "title": "should return the correct debt value (+CR) with more than 18 decimal collateral",
                  "fullTitle": "Asset Amounts & Values #Kresko Asset Debt Values should return the correct debt value (+CR) with more than 18 decimal collateral",
                  "timedOut": false,
                  "duration": 636,
                  "state": "passed",
                  "speed": "slow",
                  "pass": true,
                  "fail": false,
                  "pending": false,
                  "context": null,
                  "code": "const depositAmount = (0, _values.toBig)(10, 21);\nawait User.depositCollateral(f.user.address, f.CollateralAsset21Dec.address, depositAmount);\nconst mintAmount = (0, _values.toBig)(1);\nconst expectedMintValue = (0, _values.toBig)(20, f.oracleDecimals) // kFactor = 2, krAssetPrice = 10, mintAmount = 1, openFee = 0.1\n;\nawait User.mintKreskoAsset(f.user.address, f.KreskoAsset.address, mintAmount);\nconst expectedDepositValue = (0, _values.toBig)(49.5, f.oracleDecimals) // cfactor = 0.5, collateralPrice = 10, depositAmount = 10, openFee = 0.1\n;\nconst depositValue = await hre.Diamond.getAccountTotalCollateralValue(f.user.address);\n(0, _chai.expect)(depositValue).to.equal(expectedDepositValue);\nconst mintValue = await hre.Diamond.getAccountTotalDebtValue(f.user.address);\n(0, _chai.expect)(mintValue).to.equal(expectedMintValue);\nconst assetValue = await hre.Diamond.getValue(f.KreskoAsset.address, mintAmount);\nconst kFactor = (await hre.Diamond.getAsset(f.KreskoAsset.address)).kFactor;\n(0, _chai.expect)(assetValue).to.equal(expectedMintValue.percentDiv(kFactor));\nconst collateralRatio = await hre.Diamond.getAccountCollateralRatio(f.user.address);\n(0, _chai.expect)(collateralRatio).to.equal(expectedDepositValue.percentDiv(expectedMintValue)) // 2.475\n;",
                  "err": {},
                  "uuid": "c8837820-cb64-459b-b2fb-334b444f1588",
                  "parentUUID": "2934aa93-a48f-4df6-90b9-c522c61f1b36",
                  "isHook": false,
                  "skipped": false
                }
              ],
              "suites": [],
              "passes": [
                "ae687bc2-a4b2-4d54-8701-527434fa9164",
                "f27c3204-47cc-427d-b753-8ff81c0df9e5",
                "c8837820-cb64-459b-b2fb-334b444f1588"
              ],
              "failures": [],
              "pending": [],
              "skipped": [],
              "duration": 1933,
              "root": false,
              "rootEmpty": false,
              "_timeout": 30000
            }
          ],
          "passes": [],
          "failures": [],
          "pending": [],
          "skipped": [],
          "duration": 0,
          "root": false,
          "rootEmpty": false,
          "_timeout": 30000
        },
        {
          "uuid": "412385dd-0e63-4a37-9598-e4664e0d3f2d",
          "title": "Diamond",
          "fullFile": "/Users/panukettunen/projects/kresko-protocol/src/test/diamond/00-init.ts",
          "file": "/src/test/diamond/00-init.ts",
          "beforeHooks": [
            {
              "title": "\"before each\" hook in \"Diamond\"",
              "fullTitle": "Diamond \"before each\" hook in \"Diamond\"",
              "timedOut": false,
              "duration": 1,
              "state": null,
              "speed": null,
              "pass": false,
              "fail": false,
              "pending": false,
              "context": null,
              "code": "f = await (0, _fixtures.diamondFixture)();",
              "err": {},
              "uuid": "551751b5-6285-41c8-8625-a77377f96eae",
              "parentUUID": "412385dd-0e63-4a37-9598-e4664e0d3f2d",
              "isHook": true,
              "skipped": false
            }
          ],
          "afterHooks": [],
          "tests": [],
          "suites": [
            {
              "uuid": "f44d1547-f62c-460a-85a7-c8b6ae6aaaa5",
              "title": "#initialization",
              "fullFile": "/Users/panukettunen/projects/kresko-protocol/src/test/diamond/00-init.ts",
              "file": "/src/test/diamond/00-init.ts",
              "beforeHooks": [],
              "afterHooks": [],
              "tests": [
                {
                  "title": "sets correct state",
                  "fullTitle": "Diamond #initialization sets correct state",
                  "timedOut": false,
                  "duration": 73,
                  "state": "passed",
                  "speed": "medium",
                  "pass": true,
                  "fail": false,
                  "pending": false,
                  "context": null,
                  "code": "(0, _chai.expect)(await _hardhat.default.Diamond.owner()).to.equal(_hardhat.default.users.deployer.address);\n(0, _chai.expect)(await _hardhat.default.Diamond.initialized()).to.equal(true);",
                  "err": {},
                  "uuid": "16c7026f-3a52-4e9e-9bb8-6190ebf3a63a",
                  "parentUUID": "f44d1547-f62c-460a-85a7-c8b6ae6aaaa5",
                  "isHook": false,
                  "skipped": false
                },
                {
                  "title": "sets standard facet addresses",
                  "fullTitle": "Diamond #initialization sets standard facet addresses",
                  "timedOut": false,
                  "duration": 90,
                  "state": "passed",
                  "speed": "slow",
                  "pass": true,
                  "fail": false,
                  "pending": false,
                  "context": null,
                  "code": "const facetAddressesOnChain = (await _hardhat.default.Diamond.facets()).map((f)=>f.facetAddress);\nconst facetAddressesArtifact = f.facets.map((f)=>f.facetAddress);\n(0, _chai.expect)(facetAddressesOnChain.length).to.equal(facetAddressesArtifact.length);\n(0, _chai.expect)(facetAddressesOnChain).to.have.members(facetAddressesArtifact);",
                  "err": {},
                  "uuid": "ff61d417-e5c1-41d3-b140-9d4f3be99bb6",
                  "parentUUID": "f44d1547-f62c-460a-85a7-c8b6ae6aaaa5",
                  "isHook": false,
                  "skipped": false
                },
                {
                  "title": "sets selectors of standard facets",
                  "fullTitle": "Diamond #initialization sets selectors of standard facets",
                  "timedOut": false,
                  "duration": 86,
                  "state": "passed",
                  "speed": "slow",
                  "pass": true,
                  "fail": false,
                  "pending": false,
                  "context": null,
                  "code": "const facetsSelectorsOnChain = (await _hardhat.default.Diamond.facets()).flatMap((f)=>f.functionSelectors);\nconst facetSelectorsOnArtifact = f.facets.flatMap((f)=>f.functionSelectors);\n(0, _chai.expect)(facetsSelectorsOnChain.length).to.equal(facetSelectorsOnArtifact.length);\n(0, _chai.expect)(facetsSelectorsOnChain).to.have.members(facetSelectorsOnArtifact);",
                  "err": {},
                  "uuid": "6f8374c0-0765-430b-bd19-eece9728839d",
                  "parentUUID": "f44d1547-f62c-460a-85a7-c8b6ae6aaaa5",
                  "isHook": false,
                  "skipped": false
                }
              ],
              "suites": [],
              "passes": [
                "16c7026f-3a52-4e9e-9bb8-6190ebf3a63a",
                "ff61d417-e5c1-41d3-b140-9d4f3be99bb6",
                "6f8374c0-0765-430b-bd19-eece9728839d"
              ],
              "failures": [],
              "pending": [],
              "skipped": [],
              "duration": 249,
              "root": false,
              "rootEmpty": false,
              "_timeout": 30000
            }
          ],
          "passes": [],
          "failures": [],
          "pending": [],
          "skipped": [],
          "duration": 0,
          "root": false,
          "rootEmpty": false,
          "_timeout": 30000
        },
        {
          "uuid": "5085b148-af69-422e-917a-f87d54d36d2a",
          "title": "Diamond",
          "fullFile": "/Users/panukettunen/projects/kresko-protocol/src/test/diamond/01-ownership.ts",
          "file": "/src/test/diamond/01-ownership.ts",
          "beforeHooks": [
            {
              "title": "\"before each\" hook in \"Diamond\"",
              "fullTitle": "Diamond \"before each\" hook in \"Diamond\"",
              "timedOut": false,
              "duration": 0,
              "state": null,
              "speed": null,
              "pass": false,
              "fail": false,
              "pending": false,
              "context": null,
              "code": "await (0, _fixtures.diamondFixture)();",
              "err": {},
              "uuid": "aad016e2-2dde-4617-bd24-614654dbe55a",
              "parentUUID": "5085b148-af69-422e-917a-f87d54d36d2a",
              "isHook": true,
              "skipped": false
            }
          ],
          "afterHooks": [],
          "tests": [],
          "suites": [
            {
              "uuid": "015e05d5-fc3a-4e47-8b21-929ebacdedb8",
              "title": "#ownership",
              "fullFile": "/Users/panukettunen/projects/kresko-protocol/src/test/diamond/01-ownership.ts",
              "file": "/src/test/diamond/01-ownership.ts",
              "beforeHooks": [],
              "afterHooks": [],
              "tests": [
                {
                  "title": "sets correct owner",
                  "fullTitle": "Diamond #ownership sets correct owner",
                  "timedOut": false,
                  "duration": 38,
                  "state": "passed",
                  "speed": "medium",
                  "pass": true,
                  "fail": false,
                  "pending": false,
                  "context": null,
                  "code": "(0, _chai.expect)(await hre.Diamond.owner()).to.equal(hre.addr.deployer);",
                  "err": {},
                  "uuid": "1743928a-95ca-4145-974f-d4b47b6e18f6",
                  "parentUUID": "015e05d5-fc3a-4e47-8b21-929ebacdedb8",
                  "isHook": false,
                  "skipped": false
                },
                {
                  "title": "sets correct default admin role",
                  "fullTitle": "Diamond #ownership sets correct default admin role",
                  "timedOut": false,
                  "duration": 37,
                  "state": "passed",
                  "speed": "fast",
                  "pass": true,
                  "fail": false,
                  "pending": false,
                  "context": null,
                  "code": "(0, _chai.expect)(await hre.Diamond.hasRole(_roles.Role.ADMIN, hre.addr.deployer)).to.equal(true);",
                  "err": {},
                  "uuid": "cdadd122-1a86-4eb6-bff8-5e249258d935",
                  "parentUUID": "015e05d5-fc3a-4e47-8b21-929ebacdedb8",
                  "isHook": false,
                  "skipped": false
                },
                {
                  "title": "sets a new pending owner",
                  "fullTitle": "Diamond #ownership sets a new pending owner",
                  "timedOut": false,
                  "duration": 72,
                  "state": "passed",
                  "speed": "medium",
                  "pass": true,
                  "fail": false,
                  "pending": false,
                  "context": null,
                  "code": "const pendingOwner = hre.users.userOne;\nawait hre.Diamond.transferOwnership(pendingOwner.address);\n(0, _chai.expect)(await hre.Diamond.pendingOwner()).to.equal(pendingOwner.address);",
                  "err": {},
                  "uuid": "220d82d1-1050-410f-837a-9112fd631556",
                  "parentUUID": "015e05d5-fc3a-4e47-8b21-929ebacdedb8",
                  "isHook": false,
                  "skipped": false
                },
                {
                  "title": "sets the pending owner as new owner",
                  "fullTitle": "Diamond #ownership sets the pending owner as new owner",
                  "timedOut": false,
                  "duration": 129,
                  "state": "passed",
                  "speed": "slow",
                  "pass": true,
                  "fail": false,
                  "pending": false,
                  "context": null,
                  "code": "const pendingOwner = hre.users.userOne;\nawait hre.Diamond.transferOwnership(pendingOwner.address);\nawait (0, _general.wrapContractWithSigner)(hre.Diamond, pendingOwner).acceptOwnership();\n(0, _chai.expect)(await hre.Diamond.owner()).to.equal(pendingOwner.address);",
                  "err": {},
                  "uuid": "1f4923b9-e329-4b6d-9080-b2c5c82d9bfb",
                  "parentUUID": "015e05d5-fc3a-4e47-8b21-929ebacdedb8",
                  "isHook": false,
                  "skipped": false
                }
              ],
              "suites": [],
              "passes": [
                "1743928a-95ca-4145-974f-d4b47b6e18f6",
                "cdadd122-1a86-4eb6-bff8-5e249258d935",
                "220d82d1-1050-410f-837a-9112fd631556",
                "1f4923b9-e329-4b6d-9080-b2c5c82d9bfb"
              ],
              "failures": [],
              "pending": [],
              "skipped": [],
              "duration": 276,
              "root": false,
              "rootEmpty": false,
              "_timeout": 30000
            }
          ],
          "passes": [],
          "failures": [],
          "pending": [],
          "skipped": [],
          "duration": 0,
          "root": false,
          "rootEmpty": false,
          "_timeout": 30000
        },
        {
          "uuid": "ff102d31-6c98-4df5-8b7f-21533e9e6b25",
          "title": "Diamond",
          "fullFile": "/Users/panukettunen/projects/kresko-protocol/src/test/diamond/02-upgrades.ts",
          "file": "/src/test/diamond/02-upgrades.ts",
          "beforeHooks": [
            {
              "title": "\"before each\" hook in \"Diamond\"",
              "fullTitle": "Diamond \"before each\" hook in \"Diamond\"",
              "timedOut": false,
              "duration": 0,
              "state": null,
              "speed": null,
              "pass": false,
              "fail": false,
              "pending": false,
              "context": null,
              "code": "await (0, _fixtures.diamondFixture)();",
              "err": {},
              "uuid": "b6261d20-5009-431b-9ca1-01c5e5db0475",
              "parentUUID": "ff102d31-6c98-4df5-8b7f-21533e9e6b25",
              "isHook": true,
              "skipped": false
            }
          ],
          "afterHooks": [],
          "tests": [],
          "suites": [
            {
              "uuid": "dd034566-b5d2-4d03-8c87-41c0e6b32382",
              "title": "#upgrades",
              "fullFile": "/Users/panukettunen/projects/kresko-protocol/src/test/diamond/02-upgrades.ts",
              "file": "/src/test/diamond/02-upgrades.ts",
              "beforeHooks": [],
              "afterHooks": [],
              "tests": [
                {
                  "title": "can add a new facet",
                  "fullTitle": "Diamond #upgrades can add a new facet",
                  "timedOut": false,
                  "duration": 751,
                  "state": "passed",
                  "speed": "slow",
                  "pass": true,
                  "fail": false,
                  "pending": false,
                  "context": null,
                  "code": "const Factory = await _smock.smock.mock('SmockFacet');\nconst SmockFacet = await Factory.deploy();\nconst [SmockInitializer] = await hre.deploy('SmockInit');\nconst signatures = hre.getSignatures([\n    ..._typechain.SmockFacet__factory.abi\n]);\nconst Cut = {\n    facetAddress: SmockFacet.address,\n    functionSelectors: signatures,\n    action: _types.FacetCutAction.Add\n};\nconst initData = await SmockInitializer.populateTransaction.initialize(hre.addr.userOne);\nawait hre.Diamond.diamondCut([\n    Cut\n], initData.to, initData.data);\nconst TEST_OPERATOR_ROLE = hre.ethers.utils.id('kresko.test.operator');\nconst isTestOperator = await hre.Diamond.hasRole(TEST_OPERATOR_ROLE, hre.addr.userOne);\n// Succesfully added the new operator through the initialization contract\n(0, _chai.expect)(isTestOperator).to.equal(true);\nconst Facet = await hre.ethers.getContractAt([\n    ..._typechain.SmockFacet__factory.abi\n], hre.Diamond.address);\n// Ensure facet has it's own storage\nconst operatorFromNewStorage = await Facet.operator() // Retrieved from SmockStorage\n;\n(0, _chai.expect)(operatorFromNewStorage).to.equal(hre.addr.userOne);",
                  "err": {},
                  "uuid": "8847c7db-3729-4d31-9073-6afeb64c0a60",
                  "parentUUID": "dd034566-b5d2-4d03-8c87-41c0e6b32382",
                  "isHook": false,
                  "skipped": false
                },
                {
                  "title": "can remove a facet",
                  "fullTitle": "Diamond #upgrades can remove a facet",
                  "timedOut": false,
                  "duration": 601,
                  "state": "passed",
                  "speed": "slow",
                  "pass": true,
                  "fail": false,
                  "pending": false,
                  "context": null,
                  "code": "const NewFacet = await (0, _addfacet.addFacet)({\n    name: 'SmockFacet',\n    initializerName: 'SmockInit',\n    initializerArgs: hre.addr.userOne\n});\nconst facetsBefore = await hre.Diamond.facets();\n(0, _chai.expect)(facetsBefore.filter((f)=>f.facetAddress === NewFacet.address).length).to.equal(1);\nawait (0, _removefacet.removeFacet)({\n    name: 'SmockFacet'\n});\nconst facetsAfter = await hre.Diamond.facets();\n(0, _chai.expect)(facetsBefore.length - facetsAfter.length).to.equal(1);\n(0, _chai.expect)(facetsAfter).to.not.deep.contain(NewFacet.address);",
                  "err": {},
                  "uuid": "35f47362-0b48-400f-b107-7c8e65e8523a",
                  "parentUUID": "dd034566-b5d2-4d03-8c87-41c0e6b32382",
                  "isHook": false,
                  "skipped": false
                },
                {
                  "title": "can remove a function",
                  "fullTitle": "Diamond #upgrades can remove a function",
                  "timedOut": false,
                  "duration": 161,
                  "state": "passed",
                  "speed": "slow",
                  "pass": true,
                  "fail": false,
                  "pending": false,
                  "context": null,
                  "code": "// Delete acceptOwnership from DiamondStateFacet\n// Check there is no pending owner\nlet pendingOwner = await hre.Diamond.pendingOwner();\n(0, _chai.expect)(pendingOwner).to.equal(hre.ethers.constants.AddressZero);\n// Transfer to eg. wrong address\nconst wrongOwner = hre.addr.notAdmin;\nawait hre.Diamond.transferOwnership(wrongOwner);\n// Ensure\npendingOwner = await hre.Diamond.pendingOwner();\n(0, _chai.expect)(pendingOwner).to.equal(wrongOwner);\n// Fragment and signature for acceptOwnersip\nconst functionFragment = hre.Diamond.interface.functions['acceptOwnership()'];\nconst signature = hre.ethers.utils.Interface.getSighash(functionFragment);\nconst facetAddress = await hre.Diamond.facetAddress(signature);\nconst functions = await hre.Diamond.facetFunctionSelectors(facetAddress);\nconst Cut = {\n    facetAddress: hre.ethers.constants.AddressZero,\n    action: _types.FacetCutAction.Remove,\n    functionSelectors: [\n        signature\n    ]\n};\n// We will set a correct owner with delegatecall into the Diamond itself with the cut transaction\nconst correctOwner = hre.addr.userOne;\nconst initData = await hre.Diamond.populateTransaction.transferOwnership(correctOwner);\nawait hre.Diamond.diamondCut([\n    Cut\n], initData.to, initData.data);\n// Ensure rest of the functions remain\nconst functionsAfterCut = await hre.Diamond.facetFunctionSelectors(facetAddress);\n(0, _chai.expect)(functionsAfterCut.length).to.equal(functions.length - 1);\n// Ensure delegatecall did set the correct pending owner with the cut\nconst contract = await hre.ethers.getContractAt('DSCore', hre.Diamond.address);\nconst filter = contract.filters.PendingOwnershipTransfer(hre.addr.deployer, correctOwner);\nconst [event] = await contract.queryFilter(filter);\nconst { previousOwner, newOwner } = event.args;\n(0, _chai.expect)(previousOwner).to.equal(hre.addr.deployer);\n(0, _chai.expect)(newOwner).to.equal(correctOwner);\n// Ensure there is no function to accept the ownership\nawait (0, _chai.expect)((0, _general.wrapContractWithSigner)(hre.Diamond, hre.users.notAdmin).acceptOwnership()).to.be.reverted;",
                  "err": {},
                  "uuid": "1f99deec-6ce3-47d6-bc94-ab6476b5974b",
                  "parentUUID": "dd034566-b5d2-4d03-8c87-41c0e6b32382",
                  "isHook": false,
                  "skipped": false
                },
                {
                  "title": "can replace a function",
                  "fullTitle": "Diamond #upgrades can replace a function",
                  "timedOut": false,
                  "duration": 245,
                  "state": "passed",
                  "speed": "slow",
                  "pass": true,
                  "fail": false,
                  "pending": false,
                  "context": null,
                  "code": "// Same as above but instead replace the function\n// Check there is no pending owner\nlet pendingOwner = await hre.Diamond.pendingOwner();\n(0, _chai.expect)(pendingOwner).to.equal(hre.ethers.constants.AddressZero);\n// Transfer to eg. wrong address\nconst wrongOwner = hre.addr.notAdmin;\nawait hre.Diamond.transferOwnership(wrongOwner);\n// Ensure\npendingOwner = await hre.Diamond.pendingOwner();\n(0, _chai.expect)(pendingOwner).to.equal(wrongOwner);\n// Fragment and signature for acceptOwnersip\nconst functionFragment = hre.Diamond.interface.functions['acceptOwnership()'];\nconst signature = hre.ethers.utils.Interface.getSighash(functionFragment);\nconst OldOwnershipFacet = await hre.Diamond.facetAddress(signature);\nconst [NewOwnershipFacet, allOwnershipFacetSignatures] = await hre.deploy('DiamondStateFacet', {\n    deploymentName: 'DiamondStateFacet2'\n});\n// Only replace a single function, we could replace all of them\nconst Cut = {\n    facetAddress: NewOwnershipFacet.address,\n    action: _types.FacetCutAction.Replace,\n    functionSelectors: [\n        signature\n    ]\n};\n// We will set a correct owner with delegatecall into the Diamond itself with the cut transaction\nconst correctOwner = hre.addr.userOne;\nconst initData = await hre.Diamond.populateTransaction.transferOwnership(correctOwner);\nawait hre.Diamond.diamondCut([\n    Cut\n], initData.to, initData.data);\n// Ensure function exists and revert is for invalid address instead of missing function\nawait (0, _chai.expect)((0, _general.wrapContractWithSigner)(hre.Diamond, hre.users.notAdmin).acceptOwnership()).to.be.reverted;\n// Ensure one function is contained in the new facet\nconst functionsNewFacet = await hre.Diamond.facetFunctionSelectors(NewOwnershipFacet.address);\n(0, _chai.expect)(functionsNewFacet.length).to.equal(1);\n(0, _chai.expect)(functionsNewFacet).to.have.members([\n    signature\n]);\n// Ensure rest are in the previous one\nconst functionsOldFacet = await hre.Diamond.facetFunctionSelectors(OldOwnershipFacet);\n(0, _chai.expect)(functionsOldFacet).to.not.have.members([\n    signature\n]);\n(0, _chai.expect)(functionsOldFacet.length).to.equal(allOwnershipFacetSignatures.length - 1);\n// Ensure correct owner can now accept the ownership\n(0, _chai.expect)((0, _general.wrapContractWithSigner)(hre.Diamond, hre.users.userOne).acceptOwnership());\nconst currentOwner = await hre.Diamond.owner();\n(0, _chai.expect)(currentOwner).to.equal(correctOwner);",
                  "err": {},
                  "uuid": "38429828-db3f-42a7-881a-08aeddd2afcd",
                  "parentUUID": "dd034566-b5d2-4d03-8c87-41c0e6b32382",
                  "isHook": false,
                  "skipped": false
                },
                {
                  "title": "can upgrade state",
                  "fullTitle": "Diamond #upgrades can upgrade state",
                  "timedOut": false,
                  "duration": 545,
                  "state": "passed",
                  "speed": "slow",
                  "pass": true,
                  "fail": false,
                  "pending": false,
                  "context": null,
                  "code": "(0, _chai.expect)(await hre.Diamond.initialized()).to.equal(true);\nconst Factory = await _smock.smock.mock('SmockInit');\nconst SmockInit = await Factory.deploy();\nconst tx = await SmockInit.populateTransaction.upgradeState();\nawait hre.Diamond.executeInitializer(tx.to, tx.data);\n(0, _chai.expect)(await hre.Diamond.initialized()).to.equal(false);",
                  "err": {},
                  "uuid": "ed8b1946-95f0-4430-a4cc-36e075d2dfc6",
                  "parentUUID": "dd034566-b5d2-4d03-8c87-41c0e6b32382",
                  "isHook": false,
                  "skipped": false
                },
                {
                  "title": "can preserve old state when extending storage layout",
                  "fullTitle": "Diamond #upgrades can preserve old state when extending storage layout",
                  "timedOut": false,
                  "duration": 1245,
                  "state": "passed",
                  "speed": "slow",
                  "pass": true,
                  "fail": false,
                  "pending": false,
                  "context": null,
                  "code": "(0, _chai.expect)(await hre.Diamond.initialized()).to.equal(true);\n// Add the first facet\nconst Factory = await _smock.smock.mock('SmockFacet');\nconst SmockFacet = await Factory.deploy();\nconst [SmockInitializer] = await hre.deploy('SmockInit');\nconst signatures = hre.getSignatures([\n    ..._typechain.SmockFacet__factory.abi\n]);\nconst Cut = {\n    facetAddress: SmockFacet.address,\n    functionSelectors: signatures,\n    action: _types.FacetCutAction.Add\n};\nconst initData = await SmockInitializer.populateTransaction.initialize(hre.addr.userOne);\nawait hre.Diamond.diamondCut([\n    Cut\n], initData.to, initData.data);\nconst Diamond = await hre.ethers.getContractAt('SmockFacet', hre.Diamond.address);\nconst isInitialized = await Diamond.smockInitialized();\n(0, _chai.expect)(isInitialized).to.equal(true);\n// Add facet with extended state\n// Add the first facet\nconst Factory2 = await _smock.smock.mock('SmockFacet2');\nconst SmockFacet2 = await Factory2.deploy();\nconst signatures2 = hre.getSignatures([\n    ..._typechain.SmockFacet2__factory.abi\n]);\nconst Cut2 = {\n    facetAddress: SmockFacet2.address,\n    functionSelectors: signatures2,\n    action: _types.FacetCutAction.Add\n};\n// Initializer only sets the new extended value, does not touch old storage\nconst initData2 = await SmockFacet2.populateTransaction.initialize();\nawait hre.Diamond.diamondCut([\n    Cut2\n], initData2.to, initData2.data);\n// Here we have appended the storage layout with the `extended` bool property.\nconst DiamondExtended = await hre.ethers.getContractAt('SmockFacet2', hre.Diamond.address);\nconst initializedAfterExtend = await DiamondExtended.getOldStructValueFromExtended();\nconst extendedValue = await DiamondExtended.getNewStructValueFromExtended();\n// Old values remain\n(0, _chai.expect)(initializedAfterExtend).to.equal(true);\n// And we get new ones\n(0, _chai.expect)(extendedValue).to.equal(true);",
                  "err": {},
                  "uuid": "8985b835-40fd-4f0a-a331-c07adb0061ec",
                  "parentUUID": "dd034566-b5d2-4d03-8c87-41c0e6b32382",
                  "isHook": false,
                  "skipped": false
                }
              ],
              "suites": [],
              "passes": [
                "8847c7db-3729-4d31-9073-6afeb64c0a60",
                "35f47362-0b48-400f-b107-7c8e65e8523a",
                "1f99deec-6ce3-47d6-bc94-ab6476b5974b",
                "38429828-db3f-42a7-881a-08aeddd2afcd",
                "ed8b1946-95f0-4430-a4cc-36e075d2dfc6",
                "8985b835-40fd-4f0a-a331-c07adb0061ec"
              ],
              "failures": [],
              "pending": [],
              "skipped": [],
              "duration": 3548,
              "root": false,
              "rootEmpty": false,
              "_timeout": 30000
            }
          ],
          "passes": [],
          "failures": [],
          "pending": [],
          "skipped": [],
          "duration": 0,
          "root": false,
          "rootEmpty": false,
          "_timeout": 30000
        },
        {
          "uuid": "cadbfdbb-cbd7-4162-aa5f-148399ab829b",
          "title": "Diamond",
          "fullFile": "/Users/panukettunen/projects/kresko-protocol/src/test/diamond/03-protocol.ts",
          "file": "/src/test/diamond/03-protocol.ts",
          "beforeHooks": [
            {
              "title": "\"before each\" hook in \"Diamond\"",
              "fullTitle": "Diamond \"before each\" hook in \"Diamond\"",
              "timedOut": false,
              "duration": 1,
              "state": null,
              "speed": null,
              "pass": false,
              "fail": false,
              "pending": false,
              "context": null,
              "code": "await (0, _fixtures.defaultFixture)();",
              "err": {},
              "uuid": "79d07212-aa27-408b-a703-193a9d9f9903",
              "parentUUID": "cadbfdbb-cbd7-4162-aa5f-148399ab829b",
              "isHook": true,
              "skipped": false
            }
          ],
          "afterHooks": [],
          "tests": [],
          "suites": [
            {
              "uuid": "50ea28d5-cb0b-43e0-ab88-0cf8127279ec",
              "title": "#protocol initialization",
              "fullFile": "/Users/panukettunen/projects/kresko-protocol/src/test/diamond/03-protocol.ts",
              "file": "/src/test/diamond/03-protocol.ts",
              "beforeHooks": [],
              "afterHooks": [],
              "tests": [
                {
                  "title": "initialized all facets",
                  "fullTitle": "Diamond #protocol initialization initialized all facets",
                  "timedOut": false,
                  "duration": 84,
                  "state": "passed",
                  "speed": "slow",
                  "pass": true,
                  "fail": false,
                  "pending": false,
                  "context": null,
                  "code": "const facetsOnChain = (await hre.Diamond.facets()).map(([facetAddress, functionSelectors])=>({\n        facetAddress,\n        functionSelectors\n    }));\nconst expectedFacets = await Promise.all([\n    ..._deploy.diamondFacets,\n    ..._deploy.minterFacets,\n    ..._deploy.scdpFacets,\n    ..._deploy.commonFacets,\n    ..._deploy.peripheryFacets\n].map(async (name)=>{\n    const deployment = await hre.deployments.get(name);\n    return {\n        facetAddress: deployment.address,\n        functionSelectors: facetsOnChain.find((f)=>f.facetAddress === deployment.address).functionSelectors\n    };\n}));\n(0, _chai.expect)(facetsOnChain).to.have.deep.members(expectedFacets);",
                  "err": {},
                  "uuid": "1f04bc83-1386-41d2-a7b0-658a4c31ef64",
                  "parentUUID": "50ea28d5-cb0b-43e0-ab88-0cf8127279ec",
                  "isHook": false,
                  "skipped": false
                },
                {
                  "title": "initialized correct state",
                  "fullTitle": "Diamond #protocol initialization initialized correct state",
                  "timedOut": false,
                  "duration": 357,
                  "state": "passed",
                  "speed": "slow",
                  "pass": true,
                  "fail": false,
                  "pending": false,
                  "context": null,
                  "code": "(0, _chai.expect)(await hre.Diamond.getStorageVersion()).to.equal(3);\nconst { args } = await (0, _deploy.getCommonInitializer)(hre);\nconst { args: minterArgs } = await (0, _deploy.getMinterInitializer)(hre);\nconst { args: scdpArgs } = await (0, _deploy.getSCDPInitializer)(hre);\n(0, _chai.expect)(await hre.Diamond.hasRole(_roles.Role.ADMIN, args.admin)).to.equal(true);\n(0, _chai.expect)(await hre.Diamond.hasRole(_roles.Role.SAFETY_COUNCIL, hre.Multisig.address)).to.equal(true);\n(0, _chai.expect)(await hre.Diamond.getFeeRecipient()).to.equal(args.treasury);\n(0, _chai.expect)(await hre.Diamond.getMinCollateralRatioMinter()).to.equal(minterArgs.minCollateralRatio);\n(0, _chai.expect)(await hre.Diamond.getLiquidationThresholdMinter()).to.equal(minterArgs.liquidationThreshold);\n(0, _chai.expect)(await hre.Diamond.getMinDebtValueMinter()).to.equal(minterArgs.minDebtValue);\n(0, _chai.expect)(await hre.Diamond.getMaxLiquidationRatioMinter()).to.equal(Number(minterArgs.liquidationThreshold) + 0.01e4);\nconst scdpParams = await hre.Diamond.getParametersSCDP();\n(0, _chai.expect)(scdpParams.minCollateralRatio).to.equal(scdpArgs.minCollateralRatio);\n(0, _chai.expect)(scdpParams.liquidationThreshold).to.equal(scdpArgs.liquidationThreshold);\n(0, _chai.expect)(await hre.Diamond.getOracleDeviationPct()).to.equal(args.maxPriceDeviationPct);",
                  "err": {},
                  "uuid": "6a252036-968c-4054-8fbf-b2968129b9b8",
                  "parentUUID": "50ea28d5-cb0b-43e0-ab88-0cf8127279ec",
                  "isHook": false,
                  "skipped": false
                },
                {
                  "title": "can modify configuration parameters",
                  "fullTitle": "Diamond #protocol initialization can modify configuration parameters",
                  "timedOut": false,
                  "duration": 341,
                  "state": "passed",
                  "speed": "slow",
                  "pass": true,
                  "fail": false,
                  "pending": false,
                  "context": null,
                  "code": "await (0, _chai.expect)(hre.Diamond.setMaxPriceDeviationPct(0.05e4)).to.not.be.reverted;\nawait (0, _chai.expect)(hre.Diamond.setSequencerGracePeriod(1000)).to.not.be.reverted;\nawait (0, _chai.expect)(hre.Diamond.setDefaultOraclePrecision(9)).to.not.be.reverted;\nawait (0, _chai.expect)(hre.Diamond.setStaleTime(9)).to.not.be.reverted;\nawait (0, _chai.expect)(hre.Diamond.setMinDebtValueMinter(20e8)).to.not.be.reverted;\n(0, _chai.expect)(await hre.Diamond.getMinDebtValueMinter()).to.equal(20e8);\n(0, _chai.expect)(await hre.Diamond.getDefaultOraclePrecision()).to.equal(9);\n(0, _chai.expect)(await hre.Diamond.getOracleDeviationPct()).to.equal(0.05e4);\n(0, _chai.expect)(await hre.Diamond.getSequencerGracePeriod()).to.equal(1000);",
                  "err": {},
                  "uuid": "fc94f6a2-0283-415a-bef3-365b1856f897",
                  "parentUUID": "50ea28d5-cb0b-43e0-ab88-0cf8127279ec",
                  "isHook": false,
                  "skipped": false
                }
              ],
              "suites": [],
              "passes": [
                "1f04bc83-1386-41d2-a7b0-658a4c31ef64",
                "6a252036-968c-4054-8fbf-b2968129b9b8",
                "fc94f6a2-0283-415a-bef3-365b1856f897"
              ],
              "failures": [],
              "pending": [],
              "skipped": [],
              "duration": 782,
              "root": false,
              "rootEmpty": false,
              "_timeout": 30000
            }
          ],
          "passes": [],
          "failures": [],
          "pending": [],
          "skipped": [],
          "duration": 0,
          "root": false,
          "rootEmpty": false,
          "_timeout": 30000
        },
        {
          "uuid": "1205e0ed-3213-4854-b6d7-ebd53b9cdb1c",
          "title": "Forking",
          "fullFile": "/Users/panukettunen/projects/kresko-protocol/src/test/forking/00-setup.ts",
          "file": "/src/test/forking/00-setup.ts",
          "beforeHooks": [],
          "afterHooks": [],
          "tests": [],
          "suites": [
            {
              "uuid": "c4a90405-765f-4af0-ad79-cbb366a180a2",
              "title": "#setup",
              "fullFile": "/Users/panukettunen/projects/kresko-protocol/src/test/forking/00-setup.ts",
              "file": "/src/test/forking/00-setup.ts",
              "beforeHooks": [],
              "afterHooks": [],
              "tests": [
                {
                  "title": "should get Kresko from the companion network locally",
                  "fullTitle": "Forking #setup should get Kresko from the companion network locally",
                  "timedOut": false,
                  "duration": 0,
                  "state": "pending",
                  "speed": null,
                  "pass": false,
                  "fail": false,
                  "pending": true,
                  "context": null,
                  "code": "",
                  "err": {},
                  "uuid": "1e206ff0-425d-4077-805f-8a5e90b7f123",
                  "parentUUID": "c4a90405-765f-4af0-ad79-cbb366a180a2",
                  "isHook": false,
                  "skipped": false
                }
              ],
              "suites": [],
              "passes": [],
              "failures": [],
              "pending": [
                "1e206ff0-425d-4077-805f-8a5e90b7f123"
              ],
              "skipped": [],
              "duration": 0,
              "root": false,
              "rootEmpty": false,
              "_timeout": 30000
            },
            {
              "uuid": "d5cc7cb1-93c6-49a2-89e9-e25a1fa63437",
              "title": "#rate-upgrade-11-04-2023",
              "fullFile": "/Users/panukettunen/projects/kresko-protocol/src/test/forking/00-setup.ts",
              "file": "/src/test/forking/00-setup.ts",
              "beforeHooks": [],
              "afterHooks": [],
              "tests": [
                {
                  "title": "should be able to deploy facets",
                  "fullTitle": "Forking #rate-upgrade-11-04-2023 should be able to deploy facets",
                  "timedOut": false,
                  "duration": 0,
                  "state": "pending",
                  "speed": null,
                  "pass": false,
                  "fail": false,
                  "pending": true,
                  "context": null,
                  "code": "",
                  "err": {},
                  "uuid": "be3d8970-2090-4f5e-90df-96a5b4001c47",
                  "parentUUID": "d5cc7cb1-93c6-49a2-89e9-e25a1fa63437",
                  "isHook": false,
                  "skipped": false
                }
              ],
              "suites": [],
              "passes": [],
              "failures": [],
              "pending": [
                "be3d8970-2090-4f5e-90df-96a5b4001c47"
              ],
              "skipped": [],
              "duration": 0,
              "root": false,
              "rootEmpty": false,
              "_timeout": 30000
            }
          ],
          "passes": [],
          "failures": [],
          "pending": [],
          "skipped": [],
          "duration": 0,
          "root": false,
          "rootEmpty": false,
          "_timeout": 30000
        },
        {
          "uuid": "c22892fa-cd95-4979-bf4a-19403b087df7",
          "title": "KreskoAsset",
          "fullFile": "/Users/panukettunen/projects/kresko-protocol/src/test/krasset/00-init.ts",
          "file": "/src/test/krasset/00-init.ts",
          "beforeHooks": [
            {
              "title": "\"before each\" hook in \"KreskoAsset\"",
              "fullTitle": "KreskoAsset \"before each\" hook in \"KreskoAsset\"",
              "timedOut": false,
              "duration": 1,
              "state": null,
              "speed": null,
              "pass": false,
              "fail": false,
              "pending": false,
              "context": null,
              "code": "f = await (0, _fixtures.kreskoAssetFixture)({\n    name,\n    symbol,\n    underlyingToken: _viem.zeroAddress\n});",
              "err": {},
              "uuid": "c57d2d3d-774d-4583-b8d4-41c95a020dd7",
              "parentUUID": "c22892fa-cd95-4979-bf4a-19403b087df7",
              "isHook": true,
              "skipped": false
            }
          ],
          "afterHooks": [],
          "tests": [],
          "suites": [
            {
              "uuid": "ff0f7652-d1b5-4d1f-a597-30c782870f89",
              "title": "KreskoAsset",
              "fullFile": "/Users/panukettunen/projects/kresko-protocol/src/test/krasset/00-init.ts",
              "file": "/src/test/krasset/00-init.ts",
              "beforeHooks": [],
              "afterHooks": [],
              "tests": [
                {
                  "title": "sets correct state",
                  "fullTitle": "KreskoAsset KreskoAsset sets correct state",
                  "timedOut": false,
                  "duration": 23,
                  "state": "passed",
                  "speed": "fast",
                  "pass": true,
                  "fail": false,
                  "pending": false,
                  "context": null,
                  "code": "(0, _chai.expect)(await f.KreskoAsset.name()).to.equal(name);\n(0, _chai.expect)(await f.KreskoAsset.symbol()).to.equal(symbol);\n(0, _chai.expect)(await f.KreskoAsset.kresko()).to.equal(hre.Diamond.address);\n(0, _chai.expect)(await f.KreskoAsset.hasRole(_roles.Role.ADMIN, hre.addr.deployer)).to.equal(true);\n(0, _chai.expect)(await f.KreskoAsset.hasRole(_roles.Role.OPERATOR, hre.Diamond.address)).to.equal(true);\n(0, _chai.expect)(await f.KreskoAsset.totalSupply()).to.equal(0);\n(0, _chai.expect)(await f.KreskoAsset.isRebased()).to.equal(false);\nconst rebaseInfo = await f.KreskoAsset.rebaseInfo();\n(0, _chai.expect)(rebaseInfo.denominator).to.equal(0);\n(0, _chai.expect)(rebaseInfo.positive).to.equal(false);",
                  "err": {},
                  "uuid": "939e3995-7e37-43d6-8670-7bb5e98f844d",
                  "parentUUID": "ff0f7652-d1b5-4d1f-a597-30c782870f89",
                  "isHook": false,
                  "skipped": false
                },
                {
                  "title": "can reinitialize metadata",
                  "fullTitle": "KreskoAsset KreskoAsset can reinitialize metadata",
                  "timedOut": false,
                  "duration": 15,
                  "state": "passed",
                  "speed": "fast",
                  "pass": true,
                  "fail": false,
                  "pending": false,
                  "context": null,
                  "code": "const newName = 'foo';\nconst newSymbol = 'bar';\nawait (0, _chai.expect)(f.KreskoAsset.reinitializeERC20(newName, newSymbol, 2)).to.not.be.reverted;\n(0, _chai.expect)(await f.KreskoAsset.name()).to.equal(newName);\n(0, _chai.expect)(await f.KreskoAsset.symbol()).to.equal(newSymbol);",
                  "err": {},
                  "uuid": "87a3112b-359d-4241-882b-c30cc20b9c6c",
                  "parentUUID": "ff0f7652-d1b5-4d1f-a597-30c782870f89",
                  "isHook": false,
                  "skipped": false
                }
              ],
              "suites": [
                {
                  "uuid": "6f9a34d2-c39f-4d94-8692-4a88a2d593f8",
                  "title": "#initialization",
                  "fullFile": "/Users/panukettunen/projects/kresko-protocol/src/test/krasset/00-init.ts",
                  "file": "/src/test/krasset/00-init.ts",
                  "beforeHooks": [],
                  "afterHooks": [],
                  "tests": [
                    {
                      "title": "cant initialize twice",
                      "fullTitle": "KreskoAsset KreskoAsset #initialization cant initialize twice",
                      "timedOut": false,
                      "duration": 9,
                      "state": "passed",
                      "speed": "fast",
                      "pass": true,
                      "fail": false,
                      "pending": false,
                      "context": null,
                      "code": "await (0, _chai.expect)(f.KreskoAsset.initialize(name, symbol, 18, hre.addr.deployer, hre.Diamond.address, hre.ethers.constants.AddressZero, hre.addr.deployer, 0, 0)).to.be.reverted;",
                      "err": {},
                      "uuid": "b0209916-10b5-4952-ac55-74d54852944b",
                      "parentUUID": "6f9a34d2-c39f-4d94-8692-4a88a2d593f8",
                      "isHook": false,
                      "skipped": false
                    },
                    {
                      "title": "cant initialize implementation",
                      "fullTitle": "KreskoAsset KreskoAsset #initialization cant initialize implementation",
                      "timedOut": false,
                      "duration": 0,
                      "state": "pending",
                      "speed": null,
                      "pass": false,
                      "fail": false,
                      "pending": true,
                      "context": null,
                      "code": "",
                      "err": {},
                      "uuid": "da00c6eb-994f-4b74-8458-1f4f51df0511",
                      "parentUUID": "6f9a34d2-c39f-4d94-8692-4a88a2d593f8",
                      "isHook": false,
                      "skipped": false
                    },
                    {
                      "title": "sets correct state",
                      "fullTitle": "KreskoAsset KreskoAsset #initialization sets correct state",
                      "timedOut": false,
                      "duration": 27,
                      "state": "passed",
                      "speed": "fast",
                      "pass": true,
                      "fail": false,
                      "pending": false,
                      "context": null,
                      "code": "(0, _chai.expect)(await f.KreskoAsset.name()).to.equal(name);\n(0, _chai.expect)(await f.KreskoAsset.symbol()).to.equal(symbol);\n(0, _chai.expect)(await f.KreskoAsset.kresko()).to.equal(hre.Diamond.address);\n(0, _chai.expect)(await f.KreskoAsset.hasRole(_roles.Role.DEFAULT_ADMIN, hre.addr.deployer)).to.equal(true);\n(0, _chai.expect)(await f.KreskoAsset.hasRole(_roles.Role.ADMIN, hre.addr.deployer)).to.equal(true);\n(0, _chai.expect)(await f.KreskoAsset.hasRole(_roles.Role.OPERATOR, hre.Diamond.address)).to.equal(true);\n(0, _chai.expect)(await f.KreskoAsset.totalSupply()).to.equal(0);\n(0, _chai.expect)(await f.KreskoAsset.isRebased()).to.equal(false);\nconst rebaseInfo = await f.KreskoAsset.rebaseInfo();\n(0, _chai.expect)(rebaseInfo.denominator).to.equal(0);\n(0, _chai.expect)(rebaseInfo.positive).to.equal(false);",
                      "err": {},
                      "uuid": "8ac8cf19-650f-4077-881c-e07f100712b9",
                      "parentUUID": "6f9a34d2-c39f-4d94-8692-4a88a2d593f8",
                      "isHook": false,
                      "skipped": false
                    },
                    {
                      "title": "can reinitialize metadata",
                      "fullTitle": "KreskoAsset KreskoAsset #initialization can reinitialize metadata",
                      "timedOut": false,
                      "duration": 17,
                      "state": "passed",
                      "speed": "fast",
                      "pass": true,
                      "fail": false,
                      "pending": false,
                      "context": null,
                      "code": "const newName = 'foo';\nconst newSymbol = 'bar';\nawait (0, _chai.expect)(f.KreskoAsset.reinitializeERC20(newName, newSymbol, 2)).to.not.be.reverted;\n(0, _chai.expect)(await f.KreskoAsset.name()).to.equal(newName);\n(0, _chai.expect)(await f.KreskoAsset.symbol()).to.equal(newSymbol);",
                      "err": {},
                      "uuid": "d7caa5fe-61ac-4fb7-98f6-7cb209fb542c",
                      "parentUUID": "6f9a34d2-c39f-4d94-8692-4a88a2d593f8",
                      "isHook": false,
                      "skipped": false
                    }
                  ],
                  "suites": [],
                  "passes": [
                    "b0209916-10b5-4952-ac55-74d54852944b",
                    "8ac8cf19-650f-4077-881c-e07f100712b9",
                    "d7caa5fe-61ac-4fb7-98f6-7cb209fb542c"
                  ],
                  "failures": [],
                  "pending": [
                    "da00c6eb-994f-4b74-8458-1f4f51df0511"
                  ],
                  "skipped": [],
                  "duration": 53,
                  "root": false,
                  "rootEmpty": false,
                  "_timeout": 30000
                }
              ],
              "passes": [
                "939e3995-7e37-43d6-8670-7bb5e98f844d",
                "87a3112b-359d-4241-882b-c30cc20b9c6c"
              ],
              "failures": [],
              "pending": [],
              "skipped": [],
              "duration": 38,
              "root": false,
              "rootEmpty": false,
              "_timeout": 30000
            },
            {
              "uuid": "9e25b6ff-134c-45a5-8222-625dd6f13fb3",
              "title": "#initialization - anchor",
              "fullFile": "/Users/panukettunen/projects/kresko-protocol/src/test/krasset/00-init.ts",
              "file": "/src/test/krasset/00-init.ts",
              "beforeHooks": [],
              "afterHooks": [],
              "tests": [
                {
                  "title": "cant initialize twice",
                  "fullTitle": "KreskoAsset #initialization - anchor cant initialize twice",
                  "timedOut": false,
                  "duration": 7,
                  "state": "passed",
                  "speed": "fast",
                  "pass": true,
                  "fail": false,
                  "pending": false,
                  "context": null,
                  "code": "await (0, _chai.expect)(f.KreskoAssetAnchor.initialize(f.KreskoAsset.address, name, symbol, hre.addr.deployer)).to.be.reverted;",
                  "err": {},
                  "uuid": "579f1999-2bd5-44aa-98b8-c6c8594370db",
                  "parentUUID": "9e25b6ff-134c-45a5-8222-625dd6f13fb3",
                  "isHook": false,
                  "skipped": false
                },
                {
                  "title": "sets correct state",
                  "fullTitle": "KreskoAsset #initialization - anchor sets correct state",
                  "timedOut": false,
                  "duration": 27,
                  "state": "passed",
                  "speed": "fast",
                  "pass": true,
                  "fail": false,
                  "pending": false,
                  "context": null,
                  "code": "(0, _chai.expect)(await f.KreskoAssetAnchor.name()).to.equal(anchorName);\n(0, _chai.expect)(await f.KreskoAssetAnchor.symbol()).to.equal(anchorSymbol);\n(0, _chai.expect)(await f.KreskoAssetAnchor.asset()).to.equal(f.KreskoAsset.address);\n(0, _chai.expect)(await f.KreskoAssetAnchor.hasRole(_roles.Role.ADMIN, hre.addr.deployer)).to.equal(true);\n(0, _chai.expect)(await f.KreskoAssetAnchor.hasRole(_roles.Role.OPERATOR, hre.Diamond.address)).to.equal(true);\n(0, _chai.expect)(await f.KreskoAssetAnchor.totalSupply()).to.equal(0);\n(0, _chai.expect)(await f.KreskoAssetAnchor.totalAssets()).to.equal(await f.KreskoAsset.totalSupply());\nconst rebaseInfo = await f.KreskoAsset.rebaseInfo();\n(0, _chai.expect)(rebaseInfo.denominator).to.equal(0);\n(0, _chai.expect)(rebaseInfo.positive).to.equal(false);",
                  "err": {},
                  "uuid": "5fa53cbf-dcd0-43c7-b860-51c6b25f12cd",
                  "parentUUID": "9e25b6ff-134c-45a5-8222-625dd6f13fb3",
                  "isHook": false,
                  "skipped": false
                },
                {
                  "title": "cant initialize implementation",
                  "fullTitle": "KreskoAsset #initialization - anchor cant initialize implementation",
                  "timedOut": false,
                  "duration": 31,
                  "state": "passed",
                  "speed": "fast",
                  "pass": true,
                  "fail": false,
                  "pending": false,
                  "context": null,
                  "code": "const deployment = await hre.deployments.get(anchorSymbol);\nconst implementationAddress = deployment.implementation;\n(0, _chai.expect)(implementationAddress).to.not.equal(hre.ethers.constants.AddressZero);\nconst KreskoAssetAnchorImpl = await hre.ethers.getContractAt('KreskoAssetAnchor', implementationAddress);\nawait (0, _chai.expect)(KreskoAssetAnchorImpl.initialize(f.KreskoAsset.address, name, symbol, hre.addr.deployer)).to.be.reverted;",
                  "err": {},
                  "uuid": "34d3fb13-eae6-4d14-b943-267694df1d20",
                  "parentUUID": "9e25b6ff-134c-45a5-8222-625dd6f13fb3",
                  "isHook": false,
                  "skipped": false
                },
                {
                  "title": "can reinitialize metadata",
                  "fullTitle": "KreskoAsset #initialization - anchor can reinitialize metadata",
                  "timedOut": false,
                  "duration": 19,
                  "state": "passed",
                  "speed": "fast",
                  "pass": true,
                  "fail": false,
                  "pending": false,
                  "context": null,
                  "code": "const newName = 'foo';\nconst newSymbol = 'bar';\nawait (0, _chai.expect)(f.KreskoAssetAnchor.reinitializeERC20(newName, newSymbol, 2)).to.not.be.reverted;\n(0, _chai.expect)(await f.KreskoAssetAnchor.name()).to.equal(newName);\n(0, _chai.expect)(await f.KreskoAssetAnchor.symbol()).to.equal(newSymbol);\nawait f.KreskoAssetAnchor.reinitializeERC20(name, symbol, 3);",
                  "err": {},
                  "uuid": "337a2527-55a3-48e2-bf94-c7ac73393fb8",
                  "parentUUID": "9e25b6ff-134c-45a5-8222-625dd6f13fb3",
                  "isHook": false,
                  "skipped": false
                }
              ],
              "suites": [],
              "passes": [
                "579f1999-2bd5-44aa-98b8-c6c8594370db",
                "5fa53cbf-dcd0-43c7-b860-51c6b25f12cd",
                "34d3fb13-eae6-4d14-b943-267694df1d20",
                "337a2527-55a3-48e2-bf94-c7ac73393fb8"
              ],
              "failures": [],
              "pending": [],
              "skipped": [],
              "duration": 84,
              "root": false,
              "rootEmpty": false,
              "_timeout": 30000
            }
          ],
          "passes": [],
          "failures": [],
          "pending": [],
          "skipped": [],
          "duration": 0,
          "root": false,
          "rootEmpty": false,
          "_timeout": 30000
        },
        {
          "uuid": "0913385c-0da7-4fee-836b-84ea48181792",
          "title": "KreskoAsset",
          "fullFile": "/Users/panukettunen/projects/kresko-protocol/src/test/krasset/01-erc20.ts",
          "file": "/src/test/krasset/01-erc20.ts",
          "beforeHooks": [
            {
              "title": "\"before each\" hook in \"KreskoAsset\"",
              "fullTitle": "KreskoAsset \"before each\" hook in \"KreskoAsset\"",
              "timedOut": false,
              "duration": 7,
              "state": null,
              "speed": null,
              "pass": false,
              "fail": false,
              "pending": false,
              "context": null,
              "code": "({ KreskoAsset } = await (0, _fixtures.kreskoAssetFixture)({\n    name: 'Ether',\n    symbol: 'krETH',\n    underlyingToken: _viem.zeroAddress\n}));\nthis.mintAmount = 125;\nthis.owner = hre.users.deployer;\nawait KreskoAsset.grantRole(_roles.Role.OPERATOR, this.owner.address);",
              "err": {},
              "uuid": "a8b157ee-34cf-4698-8424-8ba06687e1b0",
              "parentUUID": "0913385c-0da7-4fee-836b-84ea48181792",
              "isHook": true,
              "skipped": false
            }
          ],
          "afterHooks": [],
          "tests": [],
          "suites": [
            {
              "uuid": "8ae663b3-9936-4586-b183-7a4f3d3a2e9e",
              "title": "#mint",
              "fullFile": "/Users/panukettunen/projects/kresko-protocol/src/test/krasset/01-erc20.ts",
              "file": "/src/test/krasset/01-erc20.ts",
              "beforeHooks": [],
              "afterHooks": [],
              "tests": [
                {
                  "title": "should allow the owner to mint to their own address",
                  "fullTitle": "KreskoAsset #mint should allow the owner to mint to their own address",
                  "timedOut": false,
                  "duration": 16,
                  "state": "passed",
                  "speed": "fast",
                  "pass": true,
                  "fail": false,
                  "pending": false,
                  "context": null,
                  "code": "(0, _chai.expect)(await KreskoAsset.totalSupply()).to.equal(0);\n(0, _chai.expect)(await KreskoAsset.balanceOf(this.owner.address)).to.equal(0);\nawait KreskoAsset.connect(this.owner).mint(this.owner.address, this.mintAmount);\n// Check total supply and owner's balances increased\n(0, _chai.expect)(await KreskoAsset.totalSupply()).to.equal(this.mintAmount);\n(0, _chai.expect)(await KreskoAsset.balanceOf(this.owner.address)).to.equal(this.mintAmount);",
                  "err": {},
                  "uuid": "48700c48-a1b0-4776-b438-99c4c8e233a9",
                  "parentUUID": "8ae663b3-9936-4586-b183-7a4f3d3a2e9e",
                  "isHook": false,
                  "skipped": false
                },
                {
                  "title": "should allow the asset owner to mint to another address",
                  "fullTitle": "KreskoAsset #mint should allow the asset owner to mint to another address",
                  "timedOut": false,
                  "duration": 15,
                  "state": "passed",
                  "speed": "fast",
                  "pass": true,
                  "fail": false,
                  "pending": false,
                  "context": null,
                  "code": "(0, _chai.expect)(await KreskoAsset.totalSupply()).to.equal(0);\n(0, _chai.expect)(await KreskoAsset.balanceOf(hre.users.userOne.address)).to.equal(0);\nawait KreskoAsset.connect(this.owner).mint(hre.users.userOne.address, this.mintAmount);\n// Check total supply and user's balances increased\n(0, _chai.expect)(await KreskoAsset.totalSupply()).to.equal(this.mintAmount);\n(0, _chai.expect)(await KreskoAsset.balanceOf(hre.users.userOne.address)).to.equal(this.mintAmount);",
                  "err": {},
                  "uuid": "691b7fab-5d61-48c1-ba16-b427e03322a8",
                  "parentUUID": "8ae663b3-9936-4586-b183-7a4f3d3a2e9e",
                  "isHook": false,
                  "skipped": false
                },
                {
                  "title": "should not allow non-owner addresses to mint tokens",
                  "fullTitle": "KreskoAsset #mint should not allow non-owner addresses to mint tokens",
                  "timedOut": false,
                  "duration": 18,
                  "state": "passed",
                  "speed": "fast",
                  "pass": true,
                  "fail": false,
                  "pending": false,
                  "context": null,
                  "code": "(0, _chai.expect)(await KreskoAsset.totalSupply()).to.equal(0);\n(0, _chai.expect)(await KreskoAsset.balanceOf(this.owner.address)).to.equal(0);\nawait (0, _chai.expect)(KreskoAsset.connect(hre.users.userOne).mint(this.owner.address, this.mintAmount)).to.be.reverted;\n// Check total supply and all account balances unchanged\n(0, _chai.expect)(await KreskoAsset.totalSupply()).to.equal(0);\n(0, _chai.expect)(await KreskoAsset.balanceOf(this.owner.address)).to.equal(0);\n(0, _chai.expect)(await KreskoAsset.balanceOf(hre.users.userOne.address)).to.equal(0);",
                  "err": {},
                  "uuid": "27a63cb3-a58f-4c39-8b6b-a067aadd31f5",
                  "parentUUID": "8ae663b3-9936-4586-b183-7a4f3d3a2e9e",
                  "isHook": false,
                  "skipped": false
                },
                {
                  "title": "should not allow admin to mint tokens",
                  "fullTitle": "KreskoAsset #mint should not allow admin to mint tokens",
                  "timedOut": false,
                  "duration": 10,
                  "state": "passed",
                  "speed": "fast",
                  "pass": true,
                  "fail": false,
                  "pending": false,
                  "context": null,
                  "code": "await KreskoAsset.renounceRole(_roles.Role.OPERATOR, this.owner.address);\nawait (0, _chai.expect)(KreskoAsset.connect(this.owner).mint(this.owner.address, this.mintAmount)).to.be.reverted;",
                  "err": {},
                  "uuid": "314c8d0f-c2ff-4d9b-a26c-6ca81a23573e",
                  "parentUUID": "8ae663b3-9936-4586-b183-7a4f3d3a2e9e",
                  "isHook": false,
                  "skipped": false
                }
              ],
              "suites": [],
              "passes": [
                "48700c48-a1b0-4776-b438-99c4c8e233a9",
                "691b7fab-5d61-48c1-ba16-b427e03322a8",
[...]
                  "err": {},
                  "uuid": "7dd77220-8f2c-4526-9957-0f93e1390b44",
                  "parentUUID": "820b653a-24d5-4d78-9b0b-ca075308e2bd",
                  "isHook": false,
                  "skipped": false
                },
                {
                  "title": "should identify if the pool is underwater",
                  "fullTitle": "SCDP #Liquidations should identify if the pool is underwater",
                  "timedOut": false,
                  "duration": 1419,
                  "state": "passed",
                  "speed": "fast",
                  "pass": true,
                  "fail": false,
                  "pending": false,
                  "context": null,
                  "code": "const swapAmount = (0, _values.toBig)(2600);\nawait f.KreskoSwapper.swapSCDP(f.swapper.address, f.KISS.address, f.KrAsset2.address, swapAmount, 0);\nf.Collateral.setPrice(f.CollateralPrice.num(8) / 1000);\nf.Collateral8Dec.setPrice(f.CollateralPrice.num(8) / 1000);\nconst [stats, liquidatable] = await Promise.all([\n    hre.Diamond.getDataSCDP(),\n    hre.Diamond.getLiquidatableSCDP()\n]);\n(0, _chai.expect)(stats.totals.cr).to.be.lt(stats.LT);\n(0, _chai.expect)(liquidatable).to.be.true;",
                  "err": {},
                  "uuid": "7e18ba22-2221-4091-b094-7496c3f5a672",
                  "parentUUID": "820b653a-24d5-4d78-9b0b-ca075308e2bd",
                  "isHook": false,
                  "skipped": false
                },
                {
                  "title": "should allow liquidating the underwater pool",
                  "fullTitle": "SCDP #Liquidations should allow liquidating the underwater pool",
                  "timedOut": false,
                  "duration": 4607,
                  "state": "passed",
                  "speed": "medium",
                  "pass": true,
                  "fail": false,
                  "pending": false,
                  "context": null,
                  "code": "const swapAmount = (0, _values.toBig)(2600);\nawait f.KreskoSwapper.swapSCDP(f.swapper.address, f.KISS.address, f.KrAsset2.address, swapAmount, 0);\nconst newKreskoAssetPrice = 500;\nf.KrAsset2.setPrice(newKreskoAssetPrice);\nconst [scdpParams, maxLiquidatable, krAssetPrice, statsBefore] = await Promise.all([\n    hre.Diamond.getParametersSCDP(),\n    hre.Diamond.getMaxLiqValueSCDP(f.KrAsset2.address, f.Collateral8Dec.address),\n    f.KrAsset2.getPrice(),\n    hre.Diamond.getDataSCDP()\n]);\nconst repayAmount = maxLiquidatable.repayValue.wadDiv(krAssetPrice);\nawait f.KrAsset2.setBalance(hre.users.liquidator, repayAmount.add(1e18.toString()));\n(0, _chai.expect)(statsBefore.totals.cr).to.lt(scdpParams.liquidationThreshold);\n(0, _chai.expect)(statsBefore.totals.cr).to.gt(1e4);\n// Liquidate the shared CDP\nconst tx = await f.KreskoLiquidator.liquidateSCDP(f.KrAsset2.address, repayAmount, f.Collateral8Dec.address);\n// Check the state after liquidation\nconst [statsAfter, liquidatableAfter] = await Promise.all([\n    hre.Diamond.getDataSCDP(),\n    hre.Diamond.getLiquidatableSCDP()\n]);\n(0, _chai.expect)(statsAfter.totals.cr).to.gt(scdpParams.liquidationThreshold);\n(0, _chai.expect)(statsAfter.totals.crOgAdj).to.eq(2.01e4);\n(0, _chai.expect)(liquidatableAfter).to.eq(false);\n// Shared CDP should not be liquidatable since it is above the threshold\nawait (0, _chai.expect)(f.KreskoLiquidator.liquidateSCDP(f.KrAsset2.address, repayAmount, f.Collateral8Dec.address)).to.be.revertedWithCustomError((0, _errors.Errors)(hre), 'COLLATERAL_VALUE_GREATER_THAN_REQUIRED');\n// Check what was emitted in the event\nconst event = await (0, _events.getNamedEvent)(tx, 'SCDPLiquidationOccured');\nconst expectedSeizeAmount = repayAmount.wadMul((0, _values.toBig)(newKreskoAssetPrice, 8)).percentMul(1.05e4).wadDiv(f.CollateralPrice).div(10 ** 10);\n(0, _chai.expect)(event.args.liquidator).to.eq(hre.users.liquidator.address);\n(0, _chai.expect)(event.args.seizeAmount).to.eq(expectedSeizeAmount);\n(0, _chai.expect)(event.args.repayAmount).to.eq(repayAmount);\n(0, _chai.expect)(event.args.seizeCollateral).to.eq(f.Collateral8Dec.address);\n(0, _chai.expect)(event.args.repayKreskoAsset).to.eq(f.KrAsset2.address);\n// Check account state changes\nconst expectedDepositsAfter = depositAmount8Dec.sub(event.args.seizeAmount);\n(0, _chai.expect)(expectedDepositsAfter).to.be.lt(depositAmount8Dec);\nconst [principalDeposits, fees, params] = await Promise.all([\n    hre.Diamond.getAccountDepositSCDP(f.depositor.address, f.Collateral8Dec.address),\n    hre.Diamond.getAccountFeesSCDP(f.depositor.address, f.Collateral8Dec.address),\n    hre.Diamond.getParametersSCDP()\n]);\n(0, _chai.expect)(principalDeposits).to.eq(expectedDepositsAfter);\n(0, _chai.expect)(fees).to.eq(0);\n// Sanity checking that users should be able to withdraw what is left\nawait hre.Diamond.setFeeAssetSCDP(f.Collateral.address);\nawait f.KreskoDepositor.depositSCDP(f.depositor.address, f.Collateral.address, depositAmount18Dec.mul(10));\nconst stats = await hre.Diamond.getDataSCDP();\n(0, _chai.expect)(stats.totals.cr).to.gt(params.minCollateralRatio);\nawait (0, _chai.expect)(f.KreskoDepositor.withdrawSCDP(f.depositor.address, f.Collateral8Dec.address, expectedDepositsAfter)).to.not.be.reverted;\nconst [principalEnd, feesAfter] = await Promise.all([\n    hre.Diamond.getAccountDepositSCDP(f.depositor.address, f.Collateral8Dec.address),\n    hre.Diamond.getAccountFeesSCDP(f.depositor.address, f.Collateral8Dec.address)\n]);\n(0, _chai.expect)(principalEnd).to.eq(0);\n(0, _chai.expect)(feesAfter).to.eq(0);",
                  "err": {},
                  "uuid": "4da37270-25f6-4070-a58a-aecda95366ff",
                  "parentUUID": "820b653a-24d5-4d78-9b0b-ca075308e2bd",
                  "isHook": false,
                  "skipped": false
                }
              ],
              "suites": [],
              "passes": [
                "fc56b1a9-04bc-40c7-89f1-81cb4e4b2e0c",
                "7dd77220-8f2c-4526-9957-0f93e1390b44",
                "7e18ba22-2221-4091-b094-7496c3f5a672",
                "4da37270-25f6-4070-a58a-aecda95366ff"
              ],
              "failures": [],
              "pending": [],
              "skipped": [],
              "duration": 7376,
              "root": false,
              "rootEmpty": false,
              "_timeout": 30000
            },
            {
              "uuid": "c5da3847-315f-4303-8a1d-a1d638db4bea",
              "title": "#Error",
              "fullFile": "/Users/panukettunen/projects/kresko-protocol/src/test/scdp/00-scdp.ts",
              "file": "/src/test/scdp/00-scdp.ts",
              "beforeHooks": [
                {
                  "title": "\"before each\" hook in \"#Error\"",
                  "fullTitle": "SCDP #Error \"before each\" hook in \"#Error\"",
                  "timedOut": false,
                  "duration": 160,
                  "state": null,
                  "speed": null,
                  "pass": false,
                  "fail": false,
                  "pending": false,
                  "context": null,
                  "code": "await Promise.all(f.usersArr.map((signer)=>f.Collateral.setBalance(signer, (0, _values.toBig)(1_000_000))));\nawait f.KISS.setBalance(f.swapper, (0, _values.toBig)(10_000));\nawait f.KISS.setBalance(f.depositor, hre.ethers.BigNumber.from(1));\nawait hre.Diamond.setFeeAssetSCDP(f.Collateral.address);\nawait f.KreskoDepositor.depositSCDP(f.depositor.address, f.Collateral.address, depositAmount18Dec);\nawait hre.Diamond.setFeeAssetSCDP(f.KISS.address);\nawait f.KreskoDepositor.depositSCDP(f.depositor.address, f.KISS.address, 1);",
                  "err": {},
                  "uuid": "2d8e5784-1de1-4684-a40e-f4b2707efa86",
                  "parentUUID": "c5da3847-315f-4303-8a1d-a1d638db4bea",
                  "isHook": true,
                  "skipped": false
                }
              ],
              "afterHooks": [],
              "tests": [
                {
                  "title": "should revert depositing unsupported tokens",
                  "fullTitle": "SCDP #Error should revert depositing unsupported tokens",
                  "timedOut": false,
                  "duration": 110,
                  "state": "passed",
                  "speed": "fast",
                  "pass": true,
                  "fail": false,
                  "pending": false,
                  "context": null,
                  "code": "const [UnsupportedToken] = await hre.deploy('MockERC20', {\n    args: [\n        'UnsupportedToken',\n        'UnsupportedToken',\n        18,\n        (0, _values.toBig)(1)\n    ]\n});\nawait UnsupportedToken.approve(hre.Diamond.address, hre.ethers.constants.MaxUint256);\nconst { deployer } = await hre.getNamedAccounts();\nawait (0, _chai.expect)(hre.Diamond.depositSCDP(deployer, UnsupportedToken.address, 1)).to.be.revertedWithCustomError((0, _errors.Errors)(hre), 'ASSET_NOT_FEE_ACCUMULATING_ASSET').withArgs([\n    'UnsupportedToken',\n    UnsupportedToken.address\n]);",
                  "err": {},
                  "uuid": "4bc1e613-7371-4c97-b62c-957842069479",
                  "parentUUID": "c5da3847-315f-4303-8a1d-a1d638db4bea",
                  "isHook": false,
                  "skipped": false
                },
                {
                  "title": "should revert withdrawing without deposits",
                  "fullTitle": "SCDP #Error should revert withdrawing without deposits",
                  "timedOut": false,
                  "duration": 39,
                  "state": "passed",
                  "speed": "fast",
                  "pass": true,
                  "fail": false,
                  "pending": false,
                  "context": null,
                  "code": "const withdrawAmount = 1;\nconst principalDeposits = 0;\nconst scaledDeposits = 0;\nawait (0, _chai.expect)(f.KreskoSwapper.withdrawSCDP(f.depositor.address, f.Collateral.address, withdrawAmount)).to.be.revertedWithCustomError((0, _errors.Errors)(hre), 'NOTHING_TO_WITHDRAW').withArgs(f.swapper.address, f.Collateral.errorId, withdrawAmount, principalDeposits, scaledDeposits);",
                  "err": {},
                  "uuid": "a203c301-d5cd-48f5-b7f3-1ac2fdbd5487",
                  "parentUUID": "c5da3847-315f-4303-8a1d-a1d638db4bea",
                  "isHook": false,
                  "skipped": false
                },
                {
                  "title": "should revert withdrawals below MCR",
                  "fullTitle": "SCDP #Error should revert withdrawals below MCR",
                  "timedOut": false,
                  "duration": 495,
                  "state": "passed",
                  "speed": "fast",
                  "pass": true,
                  "fail": false,
                  "pending": false,
                  "context": null,
                  "code": "const swapAmount = (0, _values.toBig)(1000) // $1000\n;\nawait f.KreskoSwapper.swapSCDP(f.swapper.address, f.KISS.address, f.KrAsset2.address, swapAmount, 0) // generates the debt\n;\nconst deposits = await f.KreskoSwapper.getAccountDepositSCDP(f.depositor.address, f.Collateral.address);\nawait (0, _chai.expect)(f.KreskoDepositor.withdrawSCDP(f.depositor.address, f.Collateral.address, deposits)).to.be.revertedWithCustomError((0, _errors.Errors)(hre), 'COLLATERAL_VALUE_LESS_THAN_REQUIRED').withArgs(960e8, 4800e8, 5e4);",
                  "err": {},
                  "uuid": "900674d6-5fcd-4801-ac84-19187c205502",
                  "parentUUID": "c5da3847-315f-4303-8a1d-a1d638db4bea",
                  "isHook": false,
                  "skipped": false
                },
                {
                  "title": "should revert withdrawals of swap owned collateral deposits",
                  "fullTitle": "SCDP #Error should revert withdrawals of swap owned collateral deposits",
                  "timedOut": false,
                  "duration": 465,
                  "state": "passed",
                  "speed": "fast",
                  "pass": true,
                  "fail": false,
                  "pending": false,
                  "context": null,
                  "code": "const swapAmount = (0, _values.toBig)(1);\nawait f.KrAsset2.setBalance(f.swapper, swapAmount);\nawait f.KreskoSwapper.swapSCDP(f.swapper.address, f.KrAsset2.address, f.KISS.address, swapAmount, 0);\nconst deposits = await f.KreskoSwapper.getSwapDepositsSCDP(f.KrAsset2.address);\n(0, _chai.expect)(deposits).to.be.gt(0);\nawait (0, _chai.expect)(f.KreskoSwapper.withdrawSCDP(f.swapper.address, f.KrAsset2.address, deposits)).to.be.revertedWithCustomError((0, _errors.Errors)(hre), 'ASSET_DOES_NOT_HAVE_DEPOSITS').withArgs(f.KrAsset2.errorId);",
                  "err": {},
                  "uuid": "55ede983-9035-49e6-b101-04e72b124a4d",
                  "parentUUID": "c5da3847-315f-4303-8a1d-a1d638db4bea",
                  "isHook": false,
                  "skipped": false
                },
                {
                  "title": "should revert swapping with price below minAmountOut",
                  "fullTitle": "SCDP #Error should revert swapping with price below minAmountOut",
                  "timedOut": false,
                  "duration": 330,
                  "state": "passed",
                  "speed": "fast",
                  "pass": true,
                  "fail": false,
                  "pending": false,
                  "context": null,
                  "code": "const swapAmount = (0, _values.toBig)(1);\nawait f.KrAsset2.setBalance(f.swapper, swapAmount);\nconst [amountOut] = await f.KreskoSwapper.previewSwapSCDP(f.KrAsset2.address, f.KISS.address, swapAmount);\nawait (0, _chai.expect)(f.KreskoSwapper.swapSCDP(f.swapper.address, f.KrAsset2.address, f.KISS.address, swapAmount, amountOut.add(1))).to.be.revertedWithCustomError((0, _errors.Errors)(hre), 'RECEIVED_LESS_THAN_DESIRED').withArgs(f.KISS.errorId, amountOut, amountOut.add(1));",
                  "err": {},
                  "uuid": "2be8935c-1f4e-4687-a292-30fb51c547d4",
                  "parentUUID": "c5da3847-315f-4303-8a1d-a1d638db4bea",
                  "isHook": false,
                  "skipped": false
                },
                {
                  "title": "should revert swapping unsupported asset",
                  "fullTitle": "SCDP #Error should revert swapping unsupported asset",
                  "timedOut": false,
                  "duration": 142,
                  "state": "passed",
                  "speed": "fast",
                  "pass": true,
                  "fail": false,
                  "pending": false,
                  "context": null,
                  "code": "const swapAmount = (0, _values.toBig)(1);\nawait f.KrAsset2.setBalance(f.swapper, swapAmount);\nawait (0, _chai.expect)(f.KreskoSwapper.swapSCDP(f.swapper.address, f.KrAsset2.address, f.Collateral.address, swapAmount, 0)).to.be.revertedWithCustomError((0, _errors.Errors)(hre), 'SWAP_ROUTE_NOT_ENABLED').withArgs(f.KrAsset2.errorId, f.Collateral.errorId);",
                  "err": {},
                  "uuid": "bc207fdd-5aff-4ff4-b204-c09dada89d3a",
                  "parentUUID": "c5da3847-315f-4303-8a1d-a1d638db4bea",
                  "isHook": false,
                  "skipped": false
                },
                {
                  "title": "should revert swapping a disabled route",
                  "fullTitle": "SCDP #Error should revert swapping a disabled route",
                  "timedOut": false,
                  "duration": 83,
                  "state": "passed",
                  "speed": "fast",
                  "pass": true,
                  "fail": false,
                  "pending": false,
                  "context": null,
                  "code": "const swapAmount = (0, _values.toBig)(1);\nawait f.KrAsset2.setBalance(f.swapper, swapAmount);\nawait hre.Diamond.setSingleSwapRouteSCDP({\n    assetIn: f.KrAsset2.address,\n    assetOut: f.KISS.address,\n    enabled: false\n});\nawait (0, _chai.expect)(f.KreskoSwapper.swapSCDP(f.swapper.address, f.KrAsset2.address, f.KISS.address, swapAmount, 0)).to.be.revertedWithCustomError((0, _errors.Errors)(hre), 'SWAP_ROUTE_NOT_ENABLED').withArgs(f.KrAsset2.errorId, f.KISS.errorId);",
                  "err": {},
                  "uuid": "9da4033a-5b19-4d90-bac5-6c26ce9081f9",
                  "parentUUID": "c5da3847-315f-4303-8a1d-a1d638db4bea",
                  "isHook": false,
                  "skipped": false
                },
                {
                  "title": "should revert swapping causes CDP to go below MCR",
                  "fullTitle": "SCDP #Error should revert swapping causes CDP to go below MCR",
                  "timedOut": false,
                  "duration": 358,
                  "state": "passed",
                  "speed": "fast",
                  "pass": true,
                  "fail": false,
                  "pending": false,
                  "context": null,
                  "code": "const swapAmount = (0, _values.toBig)(1_500_000);\nawait f.KrAsset2.setBalance(f.swapper, swapAmount);\nconst tx = f.KreskoSwapper.swapSCDP(f.swapper.address, f.KrAsset2.address, f.KISS.address, swapAmount, 0);\nawait (0, _chai.expect)(tx).to.be.revertedWithCustomError((0, _errors.Errors)(hre), 'COLLATERAL_VALUE_LESS_THAN_REQUIRED').withArgs('15001000000000000', '75000000000000000', 5e4);",
                  "err": {},
                  "uuid": "6efdb84a-4158-48bf-8deb-7e9e6bd729ae",
                  "parentUUID": "c5da3847-315f-4303-8a1d-a1d638db4bea",
                  "isHook": false,
                  "skipped": false
                }
              ],
              "suites": [],
              "passes": [
                "4bc1e613-7371-4c97-b62c-957842069479",
                "a203c301-d5cd-48f5-b7f3-1ac2fdbd5487",
                "900674d6-5fcd-4801-ac84-19187c205502",
                "55ede983-9035-49e6-b101-04e72b124a4d",
                "2be8935c-1f4e-4687-a292-30fb51c547d4",
                "bc207fdd-5aff-4ff4-b204-c09dada89d3a",
                "9da4033a-5b19-4d90-bac5-6c26ce9081f9",
                "6efdb84a-4158-48bf-8deb-7e9e6bd729ae"
              ],
              "failures": [],
              "pending": [],
              "skipped": [],
              "duration": 2022,
              "root": false,
              "rootEmpty": false,
              "_timeout": 30000
            }
          ],
          "passes": [],
          "failures": [],
          "pending": [],
          "skipped": [],
          "duration": 0,
          "root": false,
          "rootEmpty": false,
          "_timeout": 30000
        }
      ],
      "passes": [],
      "failures": [],
      "pending": [],
      "skipped": [],
      "duration": 0,
      "root": true,
      "rootEmpty": true,
      "_timeout": 30000
    }
  ],
  "meta": {
    "mocha": {
      "version": "10.2.0"
    },
    "mochawesome": {
      "options": {
        "quiet": false,
        "reportFilename": "mochawesome",
        "saveHtml": true,
        "saveJson": true,
        "consoleReporter": "spec",
        "useInlineDiffs": false,
        "code": true
      },
      "version": "7.1.3"
    },
    "marge": {
      "options": {
        "reportDir": "docs/test-report",
        "assetsDir": "docs/test-report/assets",
        "reportTitle": "Kresko Protocol Hardhat Test Report",
        "reportPageTitle": "Kresko Protocol Hardhat Test Report"
      },
      "version": "6.2.0"
    }
  }
}