{
  "stats": {
    "suites": 90,
    "tests": 275,
    "passes": 253,
    "pending": 22,
    "failures": 0,
    "start": "2023-10-27T13:49:52.495Z",
    "end": "2023-10-27T13:52:12.405Z",
    "duration": 139910,
    "testsRegistered": 275,
    "passPercent": 100,
    "pendingPercent": 8,
    "other": 0,
    "hasOther": false,
    "skipped": 0,
    "hasSkipped": false
  },
  "results": [
    {
      "uuid": "546057e3-f803-4beb-822a-e8af81e3856b",
      "title": "",
      "fullFile": "",
      "file": "",
      "beforeHooks": [],
      "afterHooks": [],
      "tests": [],
      "suites": [
        {
          "uuid": "c5d3fa67-d686-4ef7-bf2a-2764c4dbb9ff",
          "title": "Asset Amounts & Values",
          "fullFile": "/Users/panukettunen/Projects/kresko-protocol/src/test/asset-values/00-asset-values.ts",
          "file": "/src/test/asset-values/00-asset-values.ts",
          "beforeHooks": [
            {
              "title": "\"before each\" hook in \"Asset Amounts & Values\"",
              "fullTitle": "Asset Amounts & Values \"before each\" hook in \"Asset Amounts & Values\"",
              "timedOut": false,
              "duration": 20,
              "state": null,
              "speed": null,
              "pass": false,
              "fail": false,
              "pending": false,
              "context": null,
              "code": "f = await (0, _fixtures.assetValuesFixture)();\nf.user = hre.users.userEight;\nUser = (0, _redstone.wrapKresko)(hre.Diamond, f.user);",
              "err": {},
              "uuid": "bfc3bbc7-0be4-45c6-a7f9-5331f01b9d19",
              "parentUUID": "c5d3fa67-d686-4ef7-bf2a-2764c4dbb9ff",
              "isHook": true,
              "skipped": false
            }
          ],
          "afterHooks": [],
          "tests": [],
          "suites": [
            {
              "uuid": "87e3edc2-e43b-4f2c-920f-6a8863bb76da",
              "title": "#Collateral Deposit Values",
              "fullFile": "/Users/panukettunen/Projects/kresko-protocol/src/test/asset-values/00-asset-values.ts",
              "file": "/src/test/asset-values/00-asset-values.ts",
              "beforeHooks": [],
              "afterHooks": [],
              "tests": [
                {
                  "title": "should return the correct deposit value with 18 decimals",
                  "fullTitle": "Asset Amounts & Values #Collateral Deposit Values should return the correct deposit value with 18 decimals",
                  "timedOut": false,
                  "duration": 142,
                  "state": "passed",
                  "speed": "slow",
                  "pass": true,
                  "fail": false,
                  "pending": false,
                  "context": null,
                  "code": "const depositAmount = (0, _values.toBig)(10);\nconst expectedDepositValue = (0, _values.toBig)(50, f.oracleDecimals) // cfactor = 0.5, collateralPrice = 10, depositAmount = 10\n;\nawait User.depositCollateral(f.user.address, f.CollateralAsset.address, depositAmount);\nconst depositValue = await hre.Diamond.getAccountTotalCollateralValue(f.user.address);\n(0, _chai.expect)(depositValue).to.equal(expectedDepositValue);",
                  "err": {},
                  "uuid": "adce0055-3605-417d-87d2-f08d8b7f0c69",
                  "parentUUID": "87e3edc2-e43b-4f2c-920f-6a8863bb76da",
                  "isHook": false,
                  "skipped": false
                },
                {
                  "title": "should return the correct deposit value with less than 18 decimals",
                  "fullTitle": "Asset Amounts & Values #Collateral Deposit Values should return the correct deposit value with less than 18 decimals",
                  "timedOut": false,
                  "duration": 134,
                  "state": "passed",
                  "speed": "slow",
                  "pass": true,
                  "fail": false,
                  "pending": false,
                  "context": null,
                  "code": "const depositAmount = (0, _values.toBig)(10, 8);\nconst expectedDepositValue = (0, _values.toBig)(50, f.oracleDecimals) // cfactor = 0.5, collateralPrice = 10, depositAmount = 10\n;\nawait User.depositCollateral(f.user.address, f.CollateralAsset8Dec.address, depositAmount);\nconst depositValue = await hre.Diamond.getAccountTotalCollateralValue(f.user.address);\n(0, _chai.expect)(depositValue).to.equal(expectedDepositValue);",
                  "err": {},
                  "uuid": "927439fc-d47e-41a2-a887-93ca994d5637",
                  "parentUUID": "87e3edc2-e43b-4f2c-920f-6a8863bb76da",
                  "isHook": false,
                  "skipped": false
                },
                {
                  "title": "should return the correct deposit value with over 18 decimals",
                  "fullTitle": "Asset Amounts & Values #Collateral Deposit Values should return the correct deposit value with over 18 decimals",
                  "timedOut": false,
                  "duration": 133,
                  "state": "passed",
                  "speed": "slow",
                  "pass": true,
                  "fail": false,
                  "pending": false,
                  "context": null,
                  "code": "const depositAmount = (0, _values.toBig)(10, 21);\nconst expectedDepositValue = (0, _values.toBig)(50, f.oracleDecimals) // cfactor = 0.5, collateralPrice = 10, depositAmount = 10\n;\nawait User.depositCollateral(f.user.address, f.CollateralAsset21Dec.address, depositAmount);\nconst depositValue = await hre.Diamond.getAccountTotalCollateralValue(f.user.address);\n(0, _chai.expect)(depositValue).to.equal(expectedDepositValue);",
                  "err": {},
                  "uuid": "4ccc8daa-99ee-4ff3-ab13-8611f20dc3c9",
                  "parentUUID": "87e3edc2-e43b-4f2c-920f-6a8863bb76da",
                  "isHook": false,
                  "skipped": false
                },
                {
                  "title": "should return the correct deposit value combination of different decimals",
                  "fullTitle": "Asset Amounts & Values #Collateral Deposit Values should return the correct deposit value combination of different decimals",
                  "timedOut": false,
                  "duration": 302,
                  "state": "passed",
                  "speed": "slow",
                  "pass": true,
                  "fail": false,
                  "pending": false,
                  "context": null,
                  "code": "await User.depositCollateral(f.user.address, f.CollateralAsset.address, (0, _values.toBig)(10));\nawait User.depositCollateral(f.user.address, f.CollateralAsset8Dec.address, (0, _values.toBig)(10, 8));\nawait User.depositCollateral(f.user.address, f.CollateralAsset21Dec.address, (0, _values.toBig)(10, 21));\nconst expectedDepositValue = (0, _values.toBig)(150, f.oracleDecimals) // cfactor = 0.5, collateralPrice = 10, depositAmount = 30\n;\nconst depositValue = await hre.Diamond.getAccountTotalCollateralValue(f.user.address);\n(0, _chai.expect)(depositValue).to.equal(expectedDepositValue);",
                  "err": {},
                  "uuid": "ad2cb491-7f4f-4128-a479-7d1dbca168b9",
                  "parentUUID": "87e3edc2-e43b-4f2c-920f-6a8863bb76da",
                  "isHook": false,
                  "skipped": false
                }
              ],
              "suites": [],
              "passes": [
                "adce0055-3605-417d-87d2-f08d8b7f0c69",
                "927439fc-d47e-41a2-a887-93ca994d5637",
                "4ccc8daa-99ee-4ff3-ab13-8611f20dc3c9",
                "ad2cb491-7f4f-4128-a479-7d1dbca168b9"
              ],
              "failures": [],
              "pending": [],
              "skipped": [],
              "duration": 711,
              "root": false,
              "rootEmpty": false,
              "_timeout": 30000
            },
            {
              "uuid": "6588cc72-d1ee-43b7-8ad6-898733dda826",
              "title": "#Collateral Deposit Amount",
              "fullFile": "/Users/panukettunen/Projects/kresko-protocol/src/test/asset-values/00-asset-values.ts",
              "file": "/src/test/asset-values/00-asset-values.ts",
              "beforeHooks": [],
              "afterHooks": [],
              "tests": [
                {
                  "title": "should return the correct deposit amount with 18 decimals",
                  "fullTitle": "Asset Amounts & Values #Collateral Deposit Amount should return the correct deposit amount with 18 decimals",
                  "timedOut": false,
                  "duration": 140,
                  "state": "passed",
                  "speed": "slow",
                  "pass": true,
                  "fail": false,
                  "pending": false,
                  "context": null,
                  "code": "const depositAmount = (0, _values.toBig)(10);\nawait User.depositCollateral(f.user.address, f.CollateralAsset.address, depositAmount);\nconst withdrawIndex = await _optimizations.default.getAccountDepositIndex(f.user.address, f.CollateralAsset.address);\nconst deposits = await hre.Diamond.getAccountCollateralAmount(f.user.address, f.CollateralAsset.address);\n(0, _chai.expect)(deposits).to.equal(depositAmount);\nawait User.withdrawCollateral(f.user.address, f.CollateralAsset.address, depositAmount, withdrawIndex);\nconst balance = await f.CollateralAsset.balanceOf(f.user.address);\n(0, _chai.expect)(balance).to.equal((0, _values.toBig)(f.startingBalance));",
                  "err": {},
                  "uuid": "9fdfb164-0559-4223-9bd5-8463e2813d7d",
                  "parentUUID": "6588cc72-d1ee-43b7-8ad6-898733dda826",
                  "isHook": false,
                  "skipped": false
                },
                {
                  "title": "should return the correct deposit amount with less than 18 decimals",
                  "fullTitle": "Asset Amounts & Values #Collateral Deposit Amount should return the correct deposit amount with less than 18 decimals",
                  "timedOut": false,
                  "duration": 133,
                  "state": "passed",
                  "speed": "slow",
                  "pass": true,
                  "fail": false,
                  "pending": false,
                  "context": null,
                  "code": "const depositAmount = (0, _values.toBig)(10, 8);\nawait User.depositCollateral(f.user.address, f.CollateralAsset8Dec.address, depositAmount);\nconst withdrawIndex = await _optimizations.default.getAccountDepositIndex(f.user.address, f.CollateralAsset8Dec.address);\nconst deposits = await hre.Diamond.getAccountCollateralAmount(f.user.address, f.CollateralAsset8Dec.address);\n(0, _chai.expect)(deposits).to.equal(depositAmount);\nawait User.withdrawCollateral(f.user.address, f.CollateralAsset8Dec.address, depositAmount, withdrawIndex);\nconst balance = await f.CollateralAsset8Dec.balanceOf(f.user.address);\n(0, _chai.expect)(balance).to.equal((0, _values.toBig)(f.startingBalance, 8));",
                  "err": {},
                  "uuid": "c5622015-ecef-4185-9e20-f391bcdf65d0",
                  "parentUUID": "6588cc72-d1ee-43b7-8ad6-898733dda826",
                  "isHook": false,
                  "skipped": false
                },
                {
                  "title": "should return the correct deposit value with over 18 decimals",
                  "fullTitle": "Asset Amounts & Values #Collateral Deposit Amount should return the correct deposit value with over 18 decimals",
                  "timedOut": false,
                  "duration": 133,
                  "state": "passed",
                  "speed": "slow",
                  "pass": true,
                  "fail": false,
                  "pending": false,
                  "context": null,
                  "code": "const depositAmount = (0, _values.toBig)(10, 21);\nawait User.depositCollateral(f.user.address, f.CollateralAsset21Dec.address, depositAmount);\nconst withdrawIndex = await _optimizations.default.getAccountDepositIndex(f.user.address, f.CollateralAsset21Dec.address);\nconst deposits = await hre.Diamond.getAccountCollateralAmount(f.user.address, f.CollateralAsset21Dec.address);\n(0, _chai.expect)(deposits).to.equal(depositAmount);\nawait User.withdrawCollateral(f.user.address, f.CollateralAsset21Dec.address, depositAmount, withdrawIndex);\nconst balance = await f.CollateralAsset21Dec.balanceOf(f.user.address);\n(0, _chai.expect)(balance).to.equal((0, _values.toBig)(f.startingBalance, 21));",
                  "err": {},
                  "uuid": "357778d4-4375-480b-9aa7-c9f9517d0164",
                  "parentUUID": "6588cc72-d1ee-43b7-8ad6-898733dda826",
                  "isHook": false,
                  "skipped": false
                }
              ],
              "suites": [],
              "passes": [
                "9fdfb164-0559-4223-9bd5-8463e2813d7d",
                "c5622015-ecef-4185-9e20-f391bcdf65d0",
                "357778d4-4375-480b-9aa7-c9f9517d0164"
              ],
              "failures": [],
              "pending": [],
              "skipped": [],
              "duration": 406,
              "root": false,
              "rootEmpty": false,
              "_timeout": 30000
            },
            {
              "uuid": "923c734b-630a-444f-a67e-4388d03b89e2",
              "title": "#Kresko Asset Debt Values",
              "fullFile": "/Users/panukettunen/Projects/kresko-protocol/src/test/asset-values/00-asset-values.ts",
              "file": "/src/test/asset-values/00-asset-values.ts",
              "beforeHooks": [],
              "afterHooks": [],
              "tests": [
                {
                  "title": "should return the correct debt value (+CR) with 18 decimal collateral",
                  "fullTitle": "Asset Amounts & Values #Kresko Asset Debt Values should return the correct debt value (+CR) with 18 decimal collateral",
                  "timedOut": false,
                  "duration": 754,
                  "state": "passed",
                  "speed": "slow",
                  "pass": true,
                  "fail": false,
                  "pending": false,
                  "context": null,
                  "code": "const depositAmount = (0, _values.toBig)(10);\nawait User.depositCollateral(f.user.address, f.CollateralAsset.address, depositAmount);\nconst mintAmount = (0, _values.toBig)(1);\nconst expectedMintValue = (0, _values.toBig)(20, f.oracleDecimals) // kFactor = 2, krAssetPrice = 10, mintAmount = 1, openFee = 0.1\n;\nawait User.mintKreskoAsset(f.user.address, f.KreskoAsset.address, mintAmount);\nconst expectedDepositValue = (0, _values.toBig)(49.5, f.oracleDecimals) // cfactor = 0.5, collateralPrice = 10, depositAmount = 10, openFee = 0.1\n;\nconst depositValue = await hre.Diamond.getAccountTotalCollateralValue(f.user.address);\n(0, _chai.expect)(depositValue).to.equal(expectedDepositValue);\nconst mintValue = await hre.Diamond.getAccountTotalDebtValue(f.user.address);\n(0, _chai.expect)(mintValue).to.equal(expectedMintValue);\nconst assetValue = await hre.Diamond.getValue(f.KreskoAsset.address, mintAmount);\nconst kFactor = (await hre.Diamond.getAsset(f.KreskoAsset.address)).kFactor;\n(0, _chai.expect)(assetValue).to.equal(expectedMintValue.percentDiv(kFactor));\nconst collateralRatio = await hre.Diamond.getAccountCollateralRatio(f.user.address);\n(0, _chai.expect)(collateralRatio).to.equal(expectedDepositValue.percentDiv(expectedMintValue)) // 2.475\n;",
                  "err": {},
                  "uuid": "e7c4072c-74cc-498c-b73e-4086a06f8d6e",
                  "parentUUID": "923c734b-630a-444f-a67e-4388d03b89e2",
                  "isHook": false,
                  "skipped": false
                },
                {
                  "title": "should return the correct debt value (+CR) with less than 18 decimal collateral",
                  "fullTitle": "Asset Amounts & Values #Kresko Asset Debt Values should return the correct debt value (+CR) with less than 18 decimal collateral",
                  "timedOut": false,
                  "duration": 762,
                  "state": "passed",
                  "speed": "slow",
                  "pass": true,
                  "fail": false,
                  "pending": false,
                  "context": null,
                  "code": "const depositAmount = (0, _values.toBig)(10, 8);\nawait User.depositCollateral(f.user.address, f.CollateralAsset8Dec.address, depositAmount);\nconst mintAmount = (0, _values.toBig)(1);\nconst expectedMintValue = (0, _values.toBig)(20, f.oracleDecimals) // kFactor = 2, krAssetPrice = 10, mintAmount = 1, openFee = 0.1\n;\nawait User.mintKreskoAsset(f.user.address, f.KreskoAsset.address, mintAmount);\nconst expectedDepositValue = (0, _values.toBig)(49.5, f.oracleDecimals) // cfactor = 0.5, collateralPrice = 10, depositAmount = 10, openFee = 0.1\n;\nconst depositValue = await hre.Diamond.getAccountTotalCollateralValue(f.user.address);\n(0, _chai.expect)(depositValue).to.equal(expectedDepositValue);\nconst mintValue = await hre.Diamond.getAccountTotalDebtValue(f.user.address);\n(0, _chai.expect)(mintValue).to.equal(expectedMintValue);\nconst assetValue = await hre.Diamond.getValue(f.KreskoAsset.address, mintAmount);\nconst kFactor = (await hre.Diamond.getAsset(f.KreskoAsset.address)).kFactor;\n(0, _chai.expect)(assetValue).to.equal(expectedMintValue.percentDiv(kFactor));\nconst collateralRatio = await hre.Diamond.getAccountCollateralRatio(f.user.address);\n(0, _chai.expect)(collateralRatio).to.equal(expectedDepositValue.percentDiv(expectedMintValue)) // 2.475\n;",
                  "err": {},
                  "uuid": "a9e48b0d-837a-4e95-9539-14d1a5e926d8",
                  "parentUUID": "923c734b-630a-444f-a67e-4388d03b89e2",
                  "isHook": false,
                  "skipped": false
                },
                {
                  "title": "should return the correct debt value (+CR) with more than 18 decimal collateral",
                  "fullTitle": "Asset Amounts & Values #Kresko Asset Debt Values should return the correct debt value (+CR) with more than 18 decimal collateral",
                  "timedOut": false,
                  "duration": 759,
                  "state": "passed",
                  "speed": "slow",
                  "pass": true,
                  "fail": false,
                  "pending": false,
                  "context": null,
                  "code": "const depositAmount = (0, _values.toBig)(10, 21);\nawait User.depositCollateral(f.user.address, f.CollateralAsset21Dec.address, depositAmount);\nconst mintAmount = (0, _values.toBig)(1);\nconst expectedMintValue = (0, _values.toBig)(20, f.oracleDecimals) // kFactor = 2, krAssetPrice = 10, mintAmount = 1, openFee = 0.1\n;\nawait User.mintKreskoAsset(f.user.address, f.KreskoAsset.address, mintAmount);\nconst expectedDepositValue = (0, _values.toBig)(49.5, f.oracleDecimals) // cfactor = 0.5, collateralPrice = 10, depositAmount = 10, openFee = 0.1\n;\nconst depositValue = await hre.Diamond.getAccountTotalCollateralValue(f.user.address);\n(0, _chai.expect)(depositValue).to.equal(expectedDepositValue);\nconst mintValue = await hre.Diamond.getAccountTotalDebtValue(f.user.address);\n(0, _chai.expect)(mintValue).to.equal(expectedMintValue);\nconst assetValue = await hre.Diamond.getValue(f.KreskoAsset.address, mintAmount);\nconst kFactor = (await hre.Diamond.getAsset(f.KreskoAsset.address)).kFactor;\n(0, _chai.expect)(assetValue).to.equal(expectedMintValue.percentDiv(kFactor));\nconst collateralRatio = await hre.Diamond.getAccountCollateralRatio(f.user.address);\n(0, _chai.expect)(collateralRatio).to.equal(expectedDepositValue.percentDiv(expectedMintValue)) // 2.475\n;",
                  "err": {},
                  "uuid": "0761b1bf-fc66-4acd-a54c-5256eda70223",
                  "parentUUID": "923c734b-630a-444f-a67e-4388d03b89e2",
                  "isHook": false,
                  "skipped": false
                }
              ],
              "suites": [],
              "passes": [
                "e7c4072c-74cc-498c-b73e-4086a06f8d6e",
                "a9e48b0d-837a-4e95-9539-14d1a5e926d8",
                "0761b1bf-fc66-4acd-a54c-5256eda70223"
              ],
              "failures": [],
              "pending": [],
              "skipped": [],
              "duration": 2275,
              "root": false,
              "rootEmpty": false,
              "_timeout": 30000
            }
          ],
          "passes": [],
          "failures": [],
          "pending": [],
          "skipped": [],
          "duration": 0,
          "root": false,
          "rootEmpty": false,
          "_timeout": 30000
        },
        {
          "uuid": "645e6bba-5995-4ab8-91e0-e9e56f0c9881",
          "title": "Diamond",
          "fullFile": "/Users/panukettunen/Projects/kresko-protocol/src/test/diamond/00-init.ts",
          "file": "/src/test/diamond/00-init.ts",
          "beforeHooks": [
            {
              "title": "\"before each\" hook in \"Diamond\"",
              "fullTitle": "Diamond \"before each\" hook in \"Diamond\"",
              "timedOut": false,
              "duration": 0,
              "state": null,
              "speed": null,
              "pass": false,
              "fail": false,
              "pending": false,
              "context": null,
              "code": "f = await (0, _fixtures.diamondFixture)();",
              "err": {},
              "uuid": "746b5b0d-3a05-4dc8-8998-e7bb0408df0a",
              "parentUUID": "645e6bba-5995-4ab8-91e0-e9e56f0c9881",
              "isHook": true,
              "skipped": false
            }
          ],
          "afterHooks": [],
          "tests": [],
          "suites": [
            {
              "uuid": "c693ce08-fe63-435f-9b21-14c1e787ca03",
              "title": "#initialization",
              "fullFile": "/Users/panukettunen/Projects/kresko-protocol/src/test/diamond/00-init.ts",
              "file": "/src/test/diamond/00-init.ts",
              "beforeHooks": [],
              "afterHooks": [],
              "tests": [
                {
                  "title": "sets correct state",
                  "fullTitle": "Diamond #initialization sets correct state",
                  "timedOut": false,
                  "duration": 87,
                  "state": "passed",
                  "speed": "slow",
                  "pass": true,
                  "fail": false,
                  "pending": false,
                  "context": null,
                  "code": "(0, _chai.expect)(await _hardhat.default.Diamond.owner()).to.equal(_hardhat.default.users.deployer.address);\n(0, _chai.expect)(await _hardhat.default.Diamond.initialized()).to.equal(true);",
                  "err": {},
                  "uuid": "5ca51c3b-c947-44f9-abdd-887a20ee26db",
                  "parentUUID": "c693ce08-fe63-435f-9b21-14c1e787ca03",
                  "isHook": false,
                  "skipped": false
                },
                {
                  "title": "sets standard facet addresses",
                  "fullTitle": "Diamond #initialization sets standard facet addresses",
                  "timedOut": false,
                  "duration": 92,
                  "state": "passed",
                  "speed": "slow",
                  "pass": true,
                  "fail": false,
                  "pending": false,
                  "context": null,
                  "code": "const facetAddressesOnChain = (await _hardhat.default.Diamond.facets()).map((f)=>f.facetAddress);\nconst facetAddressesArtifact = f.facets.map((f)=>f.facetAddress);\n(0, _chai.expect)(facetAddressesOnChain.length).to.equal(facetAddressesArtifact.length);\n(0, _chai.expect)(facetAddressesOnChain).to.have.members(facetAddressesArtifact);",
                  "err": {},
                  "uuid": "eecced35-2b68-4b41-b1cb-1fce0803d2b9",
                  "parentUUID": "c693ce08-fe63-435f-9b21-14c1e787ca03",
                  "isHook": false,
                  "skipped": false
                },
                {
                  "title": "sets selectors of standard facets",
                  "fullTitle": "Diamond #initialization sets selectors of standard facets",
                  "timedOut": false,
                  "duration": 90,
                  "state": "passed",
                  "speed": "slow",
                  "pass": true,
                  "fail": false,
                  "pending": false,
                  "context": null,
                  "code": "const facetsSelectorsOnChain = (await _hardhat.default.Diamond.facets()).flatMap((f)=>f.functionSelectors);\nconst facetSelectorsOnArtifact = f.facets.flatMap((f)=>f.functionSelectors);\n(0, _chai.expect)(facetsSelectorsOnChain.length).to.equal(facetSelectorsOnArtifact.length);\n(0, _chai.expect)(facetsSelectorsOnChain).to.have.members(facetSelectorsOnArtifact);",
                  "err": {},
                  "uuid": "b3f6c578-0aa7-4084-8533-90a91f1940cd",
                  "parentUUID": "c693ce08-fe63-435f-9b21-14c1e787ca03",
                  "isHook": false,
                  "skipped": false
                }
              ],
              "suites": [],
              "passes": [
                "5ca51c3b-c947-44f9-abdd-887a20ee26db",
                "eecced35-2b68-4b41-b1cb-1fce0803d2b9",
                "b3f6c578-0aa7-4084-8533-90a91f1940cd"
              ],
              "failures": [],
              "pending": [],
              "skipped": [],
              "duration": 269,
              "root": false,
              "rootEmpty": false,
              "_timeout": 30000
            }
          ],
          "passes": [],
          "failures": [],
          "pending": [],
          "skipped": [],
          "duration": 0,
          "root": false,
          "rootEmpty": false,
          "_timeout": 30000
        },
        {
          "uuid": "1e8f0276-09f9-44d5-be3c-4699bbe9ab32",
          "title": "Diamond",
          "fullFile": "/Users/panukettunen/Projects/kresko-protocol/src/test/diamond/01-ownership.ts",
          "file": "/src/test/diamond/01-ownership.ts",
          "beforeHooks": [
            {
              "title": "\"before each\" hook in \"Diamond\"",
              "fullTitle": "Diamond \"before each\" hook in \"Diamond\"",
              "timedOut": false,
              "duration": 0,
              "state": null,
              "speed": null,
              "pass": false,
              "fail": false,
              "pending": false,
              "context": null,
              "code": "await (0, _fixtures.diamondFixture)();",
              "err": {},
              "uuid": "2a83a316-a852-44a4-ad62-b570f9599f5e",
              "parentUUID": "1e8f0276-09f9-44d5-be3c-4699bbe9ab32",
              "isHook": true,
              "skipped": false
            }
          ],
          "afterHooks": [],
          "tests": [],
          "suites": [
            {
              "uuid": "8defdfae-de3e-4b5c-9830-7262188e0c4d",
              "title": "#ownership",
              "fullFile": "/Users/panukettunen/Projects/kresko-protocol/src/test/diamond/01-ownership.ts",
              "file": "/src/test/diamond/01-ownership.ts",
              "beforeHooks": [],
              "afterHooks": [],
              "tests": [
                {
                  "title": "sets correct owner",
                  "fullTitle": "Diamond #ownership sets correct owner",
                  "timedOut": false,
                  "duration": 45,
                  "state": "passed",
                  "speed": "medium",
                  "pass": true,
                  "fail": false,
                  "pending": false,
                  "context": null,
                  "code": "(0, _chai.expect)(await hre.Diamond.owner()).to.equal(hre.addr.deployer);",
                  "err": {},
                  "uuid": "563296bf-ad73-4b19-91aa-487749365765",
                  "parentUUID": "8defdfae-de3e-4b5c-9830-7262188e0c4d",
                  "isHook": false,
                  "skipped": false
                },
                {
                  "title": "sets correct default admin role",
                  "fullTitle": "Diamond #ownership sets correct default admin role",
                  "timedOut": false,
                  "duration": 46,
                  "state": "passed",
                  "speed": "medium",
                  "pass": true,
                  "fail": false,
                  "pending": false,
                  "context": null,
                  "code": "(0, _chai.expect)(await hre.Diamond.hasRole(_roles.Role.ADMIN, hre.addr.deployer)).to.equal(true);",
                  "err": {},
                  "uuid": "6625b0d8-b8e4-46f2-b9db-7c9395b54794",
                  "parentUUID": "8defdfae-de3e-4b5c-9830-7262188e0c4d",
                  "isHook": false,
                  "skipped": false
                },
                {
                  "title": "sets a new pending owner",
                  "fullTitle": "Diamond #ownership sets a new pending owner",
                  "timedOut": false,
                  "duration": 89,
                  "state": "passed",
                  "speed": "slow",
                  "pass": true,
                  "fail": false,
                  "pending": false,
                  "context": null,
                  "code": "const pendingOwner = hre.users.userOne;\nawait hre.Diamond.transferOwnership(pendingOwner.address);\n(0, _chai.expect)(await hre.Diamond.pendingOwner()).to.equal(pendingOwner.address);",
                  "err": {},
                  "uuid": "4da69868-acd2-40de-8ac1-d581c32d5199",
                  "parentUUID": "8defdfae-de3e-4b5c-9830-7262188e0c4d",
                  "isHook": false,
                  "skipped": false
                },
                {
                  "title": "sets the pending owner as new owner",
                  "fullTitle": "Diamond #ownership sets the pending owner as new owner",
                  "timedOut": false,
                  "duration": 148,
                  "state": "passed",
                  "speed": "slow",
                  "pass": true,
                  "fail": false,
                  "pending": false,
                  "context": null,
                  "code": "const pendingOwner = hre.users.userOne;\nawait hre.Diamond.transferOwnership(pendingOwner.address);\nawait (0, _general.wrapContractWithSigner)(hre.Diamond, pendingOwner).acceptOwnership();\n(0, _chai.expect)(await hre.Diamond.owner()).to.equal(pendingOwner.address);",
                  "err": {},
                  "uuid": "e170d386-03a9-455a-9195-c3f27ccd6791",
                  "parentUUID": "8defdfae-de3e-4b5c-9830-7262188e0c4d",
                  "isHook": false,
                  "skipped": false
                }
              ],
              "suites": [],
              "passes": [
                "563296bf-ad73-4b19-91aa-487749365765",
                "6625b0d8-b8e4-46f2-b9db-7c9395b54794",
                "4da69868-acd2-40de-8ac1-d581c32d5199",
                "e170d386-03a9-455a-9195-c3f27ccd6791"
              ],
              "failures": [],
              "pending": [],
              "skipped": [],
              "duration": 328,
              "root": false,
              "rootEmpty": false,
              "_timeout": 30000
            }
          ],
          "passes": [],
          "failures": [],
          "pending": [],
          "skipped": [],
          "duration": 0,
          "root": false,
          "rootEmpty": false,
          "_timeout": 30000
        },
        {
          "uuid": "d5bedef3-4c02-4424-b733-cb00e5353f11",
          "title": "Diamond",
          "fullFile": "/Users/panukettunen/Projects/kresko-protocol/src/test/diamond/02-upgrades.ts",
          "file": "/src/test/diamond/02-upgrades.ts",
          "beforeHooks": [
            {
              "title": "\"before each\" hook in \"Diamond\"",
              "fullTitle": "Diamond \"before each\" hook in \"Diamond\"",
              "timedOut": false,
              "duration": 0,
              "state": null,
              "speed": null,
              "pass": false,
              "fail": false,
              "pending": false,
              "context": null,
              "code": "await (0, _fixtures.diamondFixture)();",
              "err": {},
              "uuid": "a38cba25-8e34-4446-a285-197d06f4170b",
              "parentUUID": "d5bedef3-4c02-4424-b733-cb00e5353f11",
              "isHook": true,
              "skipped": false
            }
          ],
          "afterHooks": [],
          "tests": [],
          "suites": [
            {
              "uuid": "953f734c-b33a-4205-8d04-cc3d8a1a1553",
              "title": "#upgrades",
              "fullFile": "/Users/panukettunen/Projects/kresko-protocol/src/test/diamond/02-upgrades.ts",
              "file": "/src/test/diamond/02-upgrades.ts",
              "beforeHooks": [],
              "afterHooks": [],
              "tests": [
                {
                  "title": "can add a new facet",
                  "fullTitle": "Diamond #upgrades can add a new facet",
                  "timedOut": false,
                  "duration": 520,
                  "state": "passed",
                  "speed": "slow",
                  "pass": true,
                  "fail": false,
                  "pending": false,
                  "context": null,
                  "code": "const Factory = await _smock.smock.mock('SmockFacet');\nconst SmockFacet = await Factory.deploy();\nconst [SmockInitializer] = await hre.deploy('SmockInit');\nconst signatures = hre.getSignatures([\n    ..._typechain.SmockFacet__factory.abi\n]);\nconst Cut = {\n    facetAddress: SmockFacet.address,\n    functionSelectors: signatures,\n    action: _types.FacetCutAction.Add\n};\nconst initData = await SmockInitializer.populateTransaction.initialize(hre.addr.userOne);\nawait hre.Diamond.diamondCut([\n    Cut\n], initData.to, initData.data);\nconst TEST_OPERATOR_ROLE = hre.ethers.utils.id('kresko.test.operator');\nconst isTestOperator = await hre.Diamond.hasRole(TEST_OPERATOR_ROLE, hre.addr.userOne);\n// Succesfully added the new operator through the initialization contract\n(0, _chai.expect)(isTestOperator).to.equal(true);\nconst Facet = await hre.ethers.getContractAt([\n    ..._typechain.SmockFacet__factory.abi\n], hre.Diamond.address);\n// Ensure facet has it's own storage\nconst operatorFromNewStorage = await Facet.operator() // Retrieved from SmockStorage\n;\n(0, _chai.expect)(operatorFromNewStorage).to.equal(hre.addr.userOne);",
                  "err": {},
                  "uuid": "38f7552a-258d-4b57-9619-b6d0b78936e4",
                  "parentUUID": "953f734c-b33a-4205-8d04-cc3d8a1a1553",
                  "isHook": false,
                  "skipped": false
                },
                {
                  "title": "can remove a facet",
                  "fullTitle": "Diamond #upgrades can remove a facet",
                  "timedOut": false,
                  "duration": 581,
                  "state": "passed",
                  "speed": "slow",
                  "pass": true,
                  "fail": false,
                  "pending": false,
                  "context": null,
                  "code": "const NewFacet = await (0, _addfacet.addFacet)({\n    name: 'SmockFacet',\n    initializerName: 'SmockInit',\n    initializerArgs: hre.addr.userOne\n});\nconst facetsBefore = await hre.Diamond.facets();\n(0, _chai.expect)(facetsBefore.filter((f)=>f.facetAddress === NewFacet.address).length).to.equal(1);\nawait (0, _removefacet.removeFacet)({\n    name: 'SmockFacet'\n});\nconst facetsAfter = await hre.Diamond.facets();\n(0, _chai.expect)(facetsBefore.length - facetsAfter.length).to.equal(1);\n(0, _chai.expect)(facetsAfter).to.not.deep.contain(NewFacet.address);",
                  "err": {},
                  "uuid": "78cdc10b-e0e6-463b-b7d9-564cbbc3ecdf",
                  "parentUUID": "953f734c-b33a-4205-8d04-cc3d8a1a1553",
                  "isHook": false,
                  "skipped": false
                },
                {
                  "title": "can remove a function",
                  "fullTitle": "Diamond #upgrades can remove a function",
                  "timedOut": false,
                  "duration": 173,
                  "state": "passed",
                  "speed": "slow",
                  "pass": true,
                  "fail": false,
                  "pending": false,
                  "context": null,
                  "code": "// Delete acceptOwnership from DiamondStateFacet\n// Check there is no pending owner\nlet pendingOwner = await hre.Diamond.pendingOwner();\n(0, _chai.expect)(pendingOwner).to.equal(hre.ethers.constants.AddressZero);\n// Transfer to eg. wrong address\nconst wrongOwner = hre.addr.notAdmin;\nawait hre.Diamond.transferOwnership(wrongOwner);\n// Ensure\npendingOwner = await hre.Diamond.pendingOwner();\n(0, _chai.expect)(pendingOwner).to.equal(wrongOwner);\n// Fragment and signature for acceptOwnersip\nconst functionFragment = hre.Diamond.interface.functions['acceptOwnership()'];\nconst signature = hre.ethers.utils.Interface.getSighash(functionFragment);\nconst facetAddress = await hre.Diamond.facetAddress(signature);\nconst functions = await hre.Diamond.facetFunctionSelectors(facetAddress);\nconst Cut = {\n    facetAddress: hre.ethers.constants.AddressZero,\n    action: _types.FacetCutAction.Remove,\n    functionSelectors: [\n        signature\n    ]\n};\n// We will set a correct owner with delegatecall into the Diamond itself with the cut transaction\nconst correctOwner = hre.addr.userOne;\nconst initData = await hre.Diamond.populateTransaction.transferOwnership(correctOwner);\nawait hre.Diamond.diamondCut([\n    Cut\n], initData.to, initData.data);\n// Ensure rest of the functions remain\nconst functionsAfterCut = await hre.Diamond.facetFunctionSelectors(facetAddress);\n(0, _chai.expect)(functionsAfterCut.length).to.equal(functions.length - 1);\n// Ensure delegatecall did set the correct pending owner with the cut\nconst contract = await hre.ethers.getContractAt('DSCore', hre.Diamond.address);\nconst filter = contract.filters.PendingOwnershipTransfer(hre.addr.deployer, correctOwner);\nconst [event] = await contract.queryFilter(filter);\nconst { previousOwner, newOwner } = event.args;\n(0, _chai.expect)(previousOwner).to.equal(hre.addr.deployer);\n(0, _chai.expect)(newOwner).to.equal(correctOwner);\n// Ensure there is no function to accept the ownership\nawait (0, _chai.expect)((0, _general.wrapContractWithSigner)(hre.Diamond, hre.users.notAdmin).acceptOwnership()).to.be.reverted;",
                  "err": {},
                  "uuid": "ff500887-644b-4699-bbf3-1fc438e7a786",
                  "parentUUID": "953f734c-b33a-4205-8d04-cc3d8a1a1553",
                  "isHook": false,
                  "skipped": false
                },
                {
                  "title": "can replace a function",
                  "fullTitle": "Diamond #upgrades can replace a function",
                  "timedOut": false,
                  "duration": 262,
                  "state": "passed",
                  "speed": "slow",
                  "pass": true,
                  "fail": false,
                  "pending": false,
                  "context": null,
                  "code": "// Same as above but instead replace the function\n// Check there is no pending owner\nlet pendingOwner = await hre.Diamond.pendingOwner();\n(0, _chai.expect)(pendingOwner).to.equal(hre.ethers.constants.AddressZero);\n// Transfer to eg. wrong address\nconst wrongOwner = hre.addr.notAdmin;\nawait hre.Diamond.transferOwnership(wrongOwner);\n// Ensure\npendingOwner = await hre.Diamond.pendingOwner();\n(0, _chai.expect)(pendingOwner).to.equal(wrongOwner);\n// Fragment and signature for acceptOwnersip\nconst functionFragment = hre.Diamond.interface.functions['acceptOwnership()'];\nconst signature = hre.ethers.utils.Interface.getSighash(functionFragment);\nconst OldOwnershipFacet = await hre.Diamond.facetAddress(signature);\nconst [NewOwnershipFacet, allOwnershipFacetSignatures] = await hre.deploy('DiamondStateFacet', {\n    deploymentName: 'DiamondStateFacet2'\n});\n// Only replace a single function, we could replace all of them\nconst Cut = {\n    facetAddress: NewOwnershipFacet.address,\n    action: _types.FacetCutAction.Replace,\n    functionSelectors: [\n        signature\n    ]\n};\n// We will set a correct owner with delegatecall into the Diamond itself with the cut transaction\nconst correctOwner = hre.addr.userOne;\nconst initData = await hre.Diamond.populateTransaction.transferOwnership(correctOwner);\nawait hre.Diamond.diamondCut([\n    Cut\n], initData.to, initData.data);\n// Ensure function exists and revert is for invalid address instead of missing function\nawait (0, _chai.expect)((0, _general.wrapContractWithSigner)(hre.Diamond, hre.users.notAdmin).acceptOwnership()).to.be.reverted;\n// Ensure one function is contained in the new facet\nconst functionsNewFacet = await hre.Diamond.facetFunctionSelectors(NewOwnershipFacet.address);\n(0, _chai.expect)(functionsNewFacet.length).to.equal(1);\n(0, _chai.expect)(functionsNewFacet).to.have.members([\n    signature\n]);\n// Ensure rest are in the previous one\nconst functionsOldFacet = await hre.Diamond.facetFunctionSelectors(OldOwnershipFacet);\n(0, _chai.expect)(functionsOldFacet).to.not.have.members([\n    signature\n]);\n(0, _chai.expect)(functionsOldFacet.length).to.equal(allOwnershipFacetSignatures.length - 1);\n// Ensure correct owner can now accept the ownership\n(0, _chai.expect)((0, _general.wrapContractWithSigner)(hre.Diamond, hre.users.userOne).acceptOwnership());\nconst currentOwner = await hre.Diamond.owner();\n(0, _chai.expect)(currentOwner).to.equal(correctOwner);",
                  "err": {},
                  "uuid": "dad4df37-1f8d-4cc5-8f2c-6e1902cba2a6",
                  "parentUUID": "953f734c-b33a-4205-8d04-cc3d8a1a1553",
                  "isHook": false,
                  "skipped": false
                },
                {
                  "title": "can upgrade state",
                  "fullTitle": "Diamond #upgrades can upgrade state",
                  "timedOut": false,
                  "duration": 383,
                  "state": "passed",
                  "speed": "slow",
                  "pass": true,
                  "fail": false,
                  "pending": false,
                  "context": null,
                  "code": "(0, _chai.expect)(await hre.Diamond.initialized()).to.equal(true);\nconst Factory = await _smock.smock.mock('SmockInit');\nconst SmockInit = await Factory.deploy();\nconst tx = await SmockInit.populateTransaction.upgradeState();\nawait hre.Diamond.executeInitializer(tx.to, tx.data);\n(0, _chai.expect)(await hre.Diamond.initialized()).to.equal(false);",
                  "err": {},
                  "uuid": "9d64ffad-e857-40bf-a437-60536590a892",
                  "parentUUID": "953f734c-b33a-4205-8d04-cc3d8a1a1553",
                  "isHook": false,
                  "skipped": false
                },
                {
                  "title": "can preserve old state when extending storage layout",
                  "fullTitle": "Diamond #upgrades can preserve old state when extending storage layout",
                  "timedOut": false,
                  "duration": 974,
                  "state": "passed",
                  "speed": "slow",
                  "pass": true,
                  "fail": false,
                  "pending": false,
                  "context": null,
                  "code": "(0, _chai.expect)(await hre.Diamond.initialized()).to.equal(true);\n// Add the first facet\nconst Factory = await _smock.smock.mock('SmockFacet');\nconst SmockFacet = await Factory.deploy();\nconst [SmockInitializer] = await hre.deploy('SmockInit');\nconst signatures = hre.getSignatures([\n    ..._typechain.SmockFacet__factory.abi\n]);\nconst Cut = {\n    facetAddress: SmockFacet.address,\n    functionSelectors: signatures,\n    action: _types.FacetCutAction.Add\n};\nconst initData = await SmockInitializer.populateTransaction.initialize(hre.addr.userOne);\nawait hre.Diamond.diamondCut([\n    Cut\n], initData.to, initData.data);\nconst Diamond = await hre.ethers.getContractAt('SmockFacet', hre.Diamond.address);\nconst isInitialized = await Diamond.smockInitialized();\n(0, _chai.expect)(isInitialized).to.equal(true);\n// Add facet with extended state\n// Add the first facet\nconst Factory2 = await _smock.smock.mock('SmockFacet2');\nconst SmockFacet2 = await Factory2.deploy();\nconst signatures2 = hre.getSignatures([\n    ..._typechain.SmockFacet2__factory.abi\n]);\nconst Cut2 = {\n    facetAddress: SmockFacet2.address,\n    functionSelectors: signatures2,\n    action: _types.FacetCutAction.Add\n};\n// Initializer only sets the new extended value, does not touch old storage\nconst initData2 = await SmockFacet2.populateTransaction.initialize();\nawait hre.Diamond.diamondCut([\n    Cut2\n], initData2.to, initData2.data);\n// Here we have appended the storage layout with the `extended` bool property.\nconst DiamondExtended = await hre.ethers.getContractAt('SmockFacet2', hre.Diamond.address);\nconst initializedAfterExtend = await DiamondExtended.getOldStructValueFromExtended();\nconst extendedValue = await DiamondExtended.getNewStructValueFromExtended();\n// Old values remain\n(0, _chai.expect)(initializedAfterExtend).to.equal(true);\n// And we get new ones\n(0, _chai.expect)(extendedValue).to.equal(true);",
                  "err": {},
                  "uuid": "27eeac52-997b-44f1-b7f6-3c859b139031",
                  "parentUUID": "953f734c-b33a-4205-8d04-cc3d8a1a1553",
                  "isHook": false,
                  "skipped": false
                }
              ],
              "suites": [],
              "passes": [
                "38f7552a-258d-4b57-9619-b6d0b78936e4",
                "78cdc10b-e0e6-463b-b7d9-564cbbc3ecdf",
                "ff500887-644b-4699-bbf3-1fc438e7a786",
                "dad4df37-1f8d-4cc5-8f2c-6e1902cba2a6",
                "9d64ffad-e857-40bf-a437-60536590a892",
                "27eeac52-997b-44f1-b7f6-3c859b139031"
              ],
              "failures": [],
              "pending": [],
              "skipped": [],
              "duration": 2893,
              "root": false,
              "rootEmpty": false,
              "_timeout": 30000
            }
          ],
          "passes": [],
          "failures": [],
          "pending": [],
          "skipped": [],
          "duration": 0,
          "root": false,
          "rootEmpty": false,
          "_timeout": 30000
        },
        {
          "uuid": "0bf088fd-1315-495e-806c-61cfbfcb98cc",
          "title": "Diamond",
          "fullFile": "/Users/panukettunen/Projects/kresko-protocol/src/test/diamond/03-protocol.ts",
          "file": "/src/test/diamond/03-protocol.ts",
          "beforeHooks": [
            {
              "title": "\"before each\" hook in \"Diamond\"",
              "fullTitle": "Diamond \"before each\" hook in \"Diamond\"",
              "timedOut": false,
              "duration": 1,
              "state": null,
              "speed": null,
              "pass": false,
              "fail": false,
              "pending": false,
              "context": null,
              "code": "await (0, _fixtures.defaultFixture)();",
              "err": {},
              "uuid": "82291c92-476a-4a7c-9c59-c8dc0ac7f984",
              "parentUUID": "0bf088fd-1315-495e-806c-61cfbfcb98cc",
              "isHook": true,
              "skipped": false
            }
          ],
          "afterHooks": [],
          "tests": [],
          "suites": [
            {
              "uuid": "30c01cd0-7716-4581-8f09-4df7b514ed00",
              "title": "#protocol initialization",
              "fullFile": "/Users/panukettunen/Projects/kresko-protocol/src/test/diamond/03-protocol.ts",
              "file": "/src/test/diamond/03-protocol.ts",
              "beforeHooks": [],
              "afterHooks": [],
              "tests": [
                {
                  "title": "initialized all facets",
                  "fullTitle": "Diamond #protocol initialization initialized all facets",
                  "timedOut": false,
                  "duration": 90,
                  "state": "passed",
                  "speed": "slow",
                  "pass": true,
                  "fail": false,
                  "pending": false,
                  "context": null,
                  "code": "const facetsOnChain = (await hre.Diamond.facets()).map(([facetAddress, functionSelectors])=>({\n        facetAddress,\n        functionSelectors\n    }));\nconst expectedFacets = await Promise.all([\n    ..._deploy.diamondFacets,\n    ..._deploy.minterFacets,\n    ..._deploy.scdpFacets,\n    ..._deploy.commonFacets\n].map(async (name)=>{\n    const deployment = await hre.deployments.get(name);\n    return {\n        facetAddress: deployment.address,\n        functionSelectors: facetsOnChain.find((f)=>f.facetAddress === deployment.address).functionSelectors\n    };\n}));\n(0, _chai.expect)(facetsOnChain).to.have.deep.members(expectedFacets);",
                  "err": {},
                  "uuid": "47521a31-2a90-4a4c-a1b9-91e9cd5b7db2",
                  "parentUUID": "30c01cd0-7716-4581-8f09-4df7b514ed00",
                  "isHook": false,
                  "skipped": false
                },
                {
                  "title": "initialized correct state",
                  "fullTitle": "Diamond #protocol initialization initialized correct state",
                  "timedOut": false,
                  "duration": 446,
                  "state": "passed",
                  "speed": "slow",
                  "pass": true,
                  "fail": false,
                  "pending": false,
                  "context": null,
                  "code": "(0, _chai.expect)(await hre.Diamond.getStorageVersion()).to.equal(3);\nconst { args } = await (0, _deploy.getCommonInitializer)(hre);\nconst { args: minterArgs } = await (0, _deploy.getMinterInitializer)(hre);\nconst { args: scdpArgs } = await (0, _deploy.getSCDPInitializer)(hre);\n(0, _chai.expect)(await hre.Diamond.hasRole(_roles.Role.ADMIN, args.admin)).to.equal(true);\n(0, _chai.expect)(await hre.Diamond.hasRole(_roles.Role.SAFETY_COUNCIL, hre.Multisig.address)).to.equal(true);\n(0, _chai.expect)(await hre.Diamond.getFeeRecipient()).to.equal(args.treasury);\n(0, _chai.expect)(await hre.Diamond.getMinCollateralRatioMinter()).to.equal(minterArgs.minCollateralRatio);\n(0, _chai.expect)(await hre.Diamond.getLiquidationThresholdMinter()).to.equal(minterArgs.liquidationThreshold);\n(0, _chai.expect)(await hre.Diamond.getMaxLiquidationRatioMinter()).to.equal(Number(minterArgs.liquidationThreshold) + 0.01e4);\nconst scdpParams = await hre.Diamond.getParametersSCDP();\n(0, _chai.expect)(scdpParams.minCollateralRatio).to.equal(scdpArgs.minCollateralRatio);\n(0, _chai.expect)(scdpParams.liquidationThreshold).to.equal(scdpArgs.liquidationThreshold);\n(0, _chai.expect)(await hre.Diamond.getMinDebtValue()).to.equal(args.minDebtValue);\n(0, _chai.expect)(await hre.Diamond.getOracleDeviationPct()).to.equal(args.maxPriceDeviationPct);",
                  "err": {},
                  "uuid": "93f3e9f5-c681-4ff9-8084-1ab473f5574d",
                  "parentUUID": "30c01cd0-7716-4581-8f09-4df7b514ed00",
                  "isHook": false,
                  "skipped": false
                },
                {
                  "title": "can modify configuration parameters",
                  "fullTitle": "Diamond #protocol initialization can modify configuration parameters",
                  "timedOut": false,
                  "duration": 418,
                  "state": "passed",
                  "speed": "slow",
                  "pass": true,
                  "fail": false,
                  "pending": false,
                  "context": null,
                  "code": "await (0, _chai.expect)(hre.Diamond.setMaxPriceDeviationPct(0.05e4)).to.not.be.reverted;\nawait (0, _chai.expect)(hre.Diamond.setSequencerGracePeriod(1000)).to.not.be.reverted;\nawait (0, _chai.expect)(hre.Diamond.setDefaultOraclePrecision(9)).to.not.be.reverted;\nawait (0, _chai.expect)(hre.Diamond.setStaleTime(9)).to.not.be.reverted;\nawait (0, _chai.expect)(hre.Diamond.setMinDebtValue(20e8)).to.not.be.reverted;\n(0, _chai.expect)(await hre.Diamond.getMinDebtValue()).to.equal(20e8);\n(0, _chai.expect)(await hre.Diamond.getDefaultOraclePrecision()).to.equal(9);\n(0, _chai.expect)(await hre.Diamond.getOracleDeviationPct()).to.equal(0.05e4);\n(0, _chai.expect)(await hre.Diamond.getSequencerGracePeriod()).to.equal(1000);",
                  "err": {},
                  "uuid": "4ba5d949-d147-471c-a8a5-b2bb5cc899f4",
                  "parentUUID": "30c01cd0-7716-4581-8f09-4df7b514ed00",
                  "isHook": false,
                  "skipped": false
                }
              ],
              "suites": [],
              "passes": [
                "47521a31-2a90-4a4c-a1b9-91e9cd5b7db2",
                "93f3e9f5-c681-4ff9-8084-1ab473f5574d",
                "4ba5d949-d147-471c-a8a5-b2bb5cc899f4"
              ],
              "failures": [],
              "pending": [],
              "skipped": [],
              "duration": 954,
              "root": false,
              "rootEmpty": false,
              "_timeout": 30000
            }
          ],
          "passes": [],
          "failures": [],
          "pending": [],
          "skipped": [],
          "duration": 0,
          "root": false,
          "rootEmpty": false,
          "_timeout": 30000
        },
        {
          "uuid": "50f748e3-52d8-4c5a-9873-9c3ff951b303",
          "title": "Forking",
          "fullFile": "/Users/panukettunen/Projects/kresko-protocol/src/test/forking/00-setup.ts",
          "file": "/src/test/forking/00-setup.ts",
          "beforeHooks": [],
          "afterHooks": [],
          "tests": [],
          "suites": [
            {
              "uuid": "c9591a95-3476-43d2-b1ce-3a59089ca8fb",
              "title": "#setup",
              "fullFile": "/Users/panukettunen/Projects/kresko-protocol/src/test/forking/00-setup.ts",
              "file": "/src/test/forking/00-setup.ts",
              "beforeHooks": [],
              "afterHooks": [],
              "tests": [
                {
                  "title": "should get Kresko from the companion network locally",
                  "fullTitle": "Forking #setup should get Kresko from the companion network locally",
                  "timedOut": false,
                  "duration": 0,
                  "state": "pending",
                  "speed": null,
                  "pass": false,
                  "fail": false,
                  "pending": true,
                  "context": null,
                  "code": "",
                  "err": {},
                  "uuid": "3f3faf06-6e66-4a32-8e0c-0da2ed8f4397",
                  "parentUUID": "c9591a95-3476-43d2-b1ce-3a59089ca8fb",
                  "isHook": false,
                  "skipped": false
                }
              ],
              "suites": [],
              "passes": [],
              "failures": [],
              "pending": [
                "3f3faf06-6e66-4a32-8e0c-0da2ed8f4397"
              ],
              "skipped": [],
              "duration": 0,
              "root": false,
              "rootEmpty": false,
              "_timeout": 30000
            },
            {
              "uuid": "4d2d8ad5-484f-4a99-b958-78de2bf31a12",
              "title": "#rate-upgrade-11-04-2023",
              "fullFile": "/Users/panukettunen/Projects/kresko-protocol/src/test/forking/00-setup.ts",
              "file": "/src/test/forking/00-setup.ts",
              "beforeHooks": [],
              "afterHooks": [],
              "tests": [
                {
                  "title": "should be able to deploy facets",
                  "fullTitle": "Forking #rate-upgrade-11-04-2023 should be able to deploy facets",
                  "timedOut": false,
                  "duration": 0,
                  "state": "pending",
                  "speed": null,
                  "pass": false,
                  "fail": false,
                  "pending": true,
                  "context": null,
                  "code": "",
                  "err": {},
                  "uuid": "e3c9b2df-b04f-48e1-a850-096d1c086db7",
                  "parentUUID": "4d2d8ad5-484f-4a99-b958-78de2bf31a12",
                  "isHook": false,
                  "skipped": false
                }
              ],
              "suites": [],
              "passes": [],
              "failures": [],
              "pending": [
                "e3c9b2df-b04f-48e1-a850-096d1c086db7"
              ],
              "skipped": [],
              "duration": 0,
              "root": false,
              "rootEmpty": false,
              "_timeout": 30000
            }
          ],
          "passes": [],
          "failures": [],
          "pending": [],
          "skipped": [],
          "duration": 0,
          "root": false,
          "rootEmpty": false,
          "_timeout": 30000
        },
        {
          "uuid": "2187c86e-47ee-43b5-8175-4960b84ab5fa",
          "title": "KreskoAsset",
          "fullFile": "/Users/panukettunen/Projects/kresko-protocol/src/test/krasset/00-init.ts",
          "file": "/src/test/krasset/00-init.ts",
          "beforeHooks": [
            {
              "title": "\"before each\" hook in \"KreskoAsset\"",
              "fullTitle": "KreskoAsset \"before each\" hook in \"KreskoAsset\"",
              "timedOut": false,
              "duration": 0,
              "state": null,
              "speed": null,
              "pass": false,
              "fail": false,
              "pending": false,
              "context": null,
              "code": "f = await (0, _fixtures.kreskoAssetFixture)({\n    name,\n    symbol,\n    underlyingToken: _lib.ZERO_ADDRESS\n});",
              "err": {},
              "uuid": "33ad52f3-b4b2-42ff-bcd3-5900fc4e6728",
              "parentUUID": "2187c86e-47ee-43b5-8175-4960b84ab5fa",
              "isHook": true,
              "skipped": false
            }
          ],
          "afterHooks": [],
          "tests": [],
          "suites": [
            {
              "uuid": "97750528-785b-46bd-9532-dff74f25e033",
              "title": "KreskoAsset",
              "fullFile": "/Users/panukettunen/Projects/kresko-protocol/src/test/krasset/00-init.ts",
              "file": "/src/test/krasset/00-init.ts",
              "beforeHooks": [],
              "afterHooks": [],
              "tests": [
                {
                  "title": "sets correct state",
                  "fullTitle": "KreskoAsset KreskoAsset sets correct state",
                  "timedOut": false,
                  "duration": 24,
                  "state": "passed",
                  "speed": "fast",
                  "pass": true,
                  "fail": false,
                  "pending": false,
                  "context": null,
                  "code": "(0, _chai.expect)(await f.KreskoAsset.name()).to.equal(name);\n(0, _chai.expect)(await f.KreskoAsset.symbol()).to.equal(symbol);\n(0, _chai.expect)(await f.KreskoAsset.kresko()).to.equal(hre.Diamond.address);\n(0, _chai.expect)(await f.KreskoAsset.hasRole(_roles.Role.ADMIN, hre.addr.deployer)).to.equal(true);\n(0, _chai.expect)(await f.KreskoAsset.hasRole(_roles.Role.OPERATOR, hre.Diamond.address)).to.equal(true);\n(0, _chai.expect)(await f.KreskoAsset.totalSupply()).to.equal(0);\n(0, _chai.expect)(await f.KreskoAsset.isRebased()).to.equal(false);\nconst rebaseInfo = await f.KreskoAsset.rebaseInfo();\n(0, _chai.expect)(rebaseInfo.denominator).to.equal(0);\n(0, _chai.expect)(rebaseInfo.positive).to.equal(false);",
                  "err": {},
                  "uuid": "3b0a0f85-5824-4140-8d78-4333d5e88db4",
                  "parentUUID": "97750528-785b-46bd-9532-dff74f25e033",
                  "isHook": false,
                  "skipped": false
                },
                {
                  "title": "can reinitialize metadata",
                  "fullTitle": "KreskoAsset KreskoAsset can reinitialize metadata",
                  "timedOut": false,
                  "duration": 16,
                  "state": "passed",
                  "speed": "fast",
                  "pass": true,
                  "fail": false,
                  "pending": false,
                  "context": null,
                  "code": "const newName = 'foo';\nconst newSymbol = 'bar';\nawait (0, _chai.expect)(f.KreskoAsset.reinitializeERC20(newName, newSymbol, 2)).to.not.be.reverted;\n(0, _chai.expect)(await f.KreskoAsset.name()).to.equal(newName);\n(0, _chai.expect)(await f.KreskoAsset.symbol()).to.equal(newSymbol);",
                  "err": {},
                  "uuid": "1cbfb039-cda8-4a33-83e5-5371b1802a83",
                  "parentUUID": "97750528-785b-46bd-9532-dff74f25e033",
                  "isHook": false,
                  "skipped": false
                }
              ],
              "suites": [
                {
                  "uuid": "5d7036a5-1c46-4dff-9aba-62498738c9f9",
                  "title": "#initialization",
                  "fullFile": "/Users/panukettunen/Projects/kresko-protocol/src/test/krasset/00-init.ts",
                  "file": "/src/test/krasset/00-init.ts",
                  "beforeHooks": [],
                  "afterHooks": [],
                  "tests": [
                    {
                      "title": "cant initialize twice",
                      "fullTitle": "KreskoAsset KreskoAsset #initialization cant initialize twice",
                      "timedOut": false,
                      "duration": 10,
                      "state": "passed",
                      "speed": "fast",
                      "pass": true,
                      "fail": false,
                      "pending": false,
                      "context": null,
                      "code": "await (0, _chai.expect)(f.KreskoAsset.initialize(name, symbol, 18, hre.addr.deployer, hre.Diamond.address, hre.ethers.constants.AddressZero, hre.addr.deployer, 0, 0)).to.be.reverted;",
                      "err": {},
                      "uuid": "09c60c67-5ddf-4527-a1d1-eda933cbaadd",
                      "parentUUID": "5d7036a5-1c46-4dff-9aba-62498738c9f9",
                      "isHook": false,
                      "skipped": false
                    },
                    {
                      "title": "cant initialize implementation",
                      "fullTitle": "KreskoAsset KreskoAsset #initialization cant initialize implementation",
                      "timedOut": false,
                      "duration": 0,
                      "state": "pending",
                      "speed": null,
                      "pass": false,
                      "fail": false,
                      "pending": true,
                      "context": null,
                      "code": "",
                      "err": {},
                      "uuid": "3010265e-61d2-4a94-9aed-0977c175faf5",
                      "parentUUID": "5d7036a5-1c46-4dff-9aba-62498738c9f9",
                      "isHook": false,
                      "skipped": false
                    },
                    {
                      "title": "sets correct state",
                      "fullTitle": "KreskoAsset KreskoAsset #initialization sets correct state",
                      "timedOut": false,
                      "duration": 25,
                      "state": "passed",
                      "speed": "fast",
                      "pass": true,
                      "fail": false,
                      "pending": false,
                      "context": null,
                      "code": "(0, _chai.expect)(await f.KreskoAsset.name()).to.equal(name);\n(0, _chai.expect)(await f.KreskoAsset.symbol()).to.equal(symbol);\n(0, _chai.expect)(await f.KreskoAsset.kresko()).to.equal(hre.Diamond.address);\n(0, _chai.expect)(await f.KreskoAsset.hasRole(_roles.Role.DEFAULT_ADMIN, hre.addr.deployer)).to.equal(true);\n(0, _chai.expect)(await f.KreskoAsset.hasRole(_roles.Role.ADMIN, hre.addr.deployer)).to.equal(true);\n(0, _chai.expect)(await f.KreskoAsset.hasRole(_roles.Role.OPERATOR, hre.Diamond.address)).to.equal(true);\n(0, _chai.expect)(await f.KreskoAsset.totalSupply()).to.equal(0);\n(0, _chai.expect)(await f.KreskoAsset.isRebased()).to.equal(false);\nconst rebaseInfo = await f.KreskoAsset.rebaseInfo();\n(0, _chai.expect)(rebaseInfo.denominator).to.equal(0);\n(0, _chai.expect)(rebaseInfo.positive).to.equal(false);",
                      "err": {},
                      "uuid": "d3d9b12f-b320-4404-8511-60a507caa8ed",
                      "parentUUID": "5d7036a5-1c46-4dff-9aba-62498738c9f9",
                      "isHook": false,
                      "skipped": false
                    },
                    {
                      "title": "can reinitialize metadata",
                      "fullTitle": "KreskoAsset KreskoAsset #initialization can reinitialize metadata",
                      "timedOut": false,
                      "duration": 14,
                      "state": "passed",
                      "speed": "fast",
                      "pass": true,
                      "fail": false,
                      "pending": false,
                      "context": null,
                      "code": "const newName = 'foo';\nconst newSymbol = 'bar';\nawait (0, _chai.expect)(f.KreskoAsset.reinitializeERC20(newName, newSymbol, 2)).to.not.be.reverted;\n(0, _chai.expect)(await f.KreskoAsset.name()).to.equal(newName);\n(0, _chai.expect)(await f.KreskoAsset.symbol()).to.equal(newSymbol);",
                      "err": {},
                      "uuid": "445ecc10-f279-404b-8004-d28aaf5f84e7",
                      "parentUUID": "5d7036a5-1c46-4dff-9aba-62498738c9f9",
                      "isHook": false,
                      "skipped": false
                    }
                  ],
                  "suites": [],
                  "passes": [
                    "09c60c67-5ddf-4527-a1d1-eda933cbaadd",
                    "d3d9b12f-b320-4404-8511-60a507caa8ed",
                    "445ecc10-f279-404b-8004-d28aaf5f84e7"
                  ],
                  "failures": [],
                  "pending": [
                    "3010265e-61d2-4a94-9aed-0977c175faf5"
                  ],
                  "skipped": [],
                  "duration": 49,
                  "root": false,
                  "rootEmpty": false,
                  "_timeout": 30000
                }
              ],
              "passes": [
                "3b0a0f85-5824-4140-8d78-4333d5e88db4",
                "1cbfb039-cda8-4a33-83e5-5371b1802a83"
              ],
              "failures": [],
              "pending": [],
              "skipped": [],
              "duration": 40,
              "root": false,
              "rootEmpty": false,
              "_timeout": 30000
            },
            {
              "uuid": "29579322-e5ea-4f53-9755-60a24d6d738e",
              "title": "#initialization - anchor",
              "fullFile": "/Users/panukettunen/Projects/kresko-protocol/src/test/krasset/00-init.ts",
              "file": "/src/test/krasset/00-init.ts",
              "beforeHooks": [],
              "afterHooks": [],
              "tests": [
                {
                  "title": "cant initialize twice",
                  "fullTitle": "KreskoAsset #initialization - anchor cant initialize twice",
                  "timedOut": false,
                  "duration": 5,
                  "state": "passed",
                  "speed": "fast",
                  "pass": true,
                  "fail": false,
                  "pending": false,
                  "context": null,
                  "code": "await (0, _chai.expect)(f.KreskoAssetAnchor.initialize(f.KreskoAsset.address, name, symbol, hre.addr.deployer)).to.be.reverted;",
                  "err": {},
                  "uuid": "d4354cbc-4d1e-4197-8412-c93b4d4b31c9",
                  "parentUUID": "29579322-e5ea-4f53-9755-60a24d6d738e",
                  "isHook": false,
                  "skipped": false
                },
                {
                  "title": "sets correct state",
                  "fullTitle": "KreskoAsset #initialization - anchor sets correct state",
                  "timedOut": false,
                  "duration": 26,
                  "state": "passed",
                  "speed": "fast",
                  "pass": true,
                  "fail": false,
                  "pending": false,
                  "context": null,
                  "code": "(0, _chai.expect)(await f.KreskoAssetAnchor.name()).to.equal(anchorName);\n(0, _chai.expect)(await f.KreskoAssetAnchor.symbol()).to.equal(anchorSymbol);\n(0, _chai.expect)(await f.KreskoAssetAnchor.asset()).to.equal(f.KreskoAsset.address);\n(0, _chai.expect)(await f.KreskoAssetAnchor.hasRole(_roles.Role.ADMIN, hre.addr.deployer)).to.equal(true);\n(0, _chai.expect)(await f.KreskoAssetAnchor.hasRole(_roles.Role.OPERATOR, hre.Diamond.address)).to.equal(true);\n(0, _chai.expect)(await f.KreskoAssetAnchor.totalSupply()).to.equal(0);\n(0, _chai.expect)(await f.KreskoAssetAnchor.totalAssets()).to.equal(await f.KreskoAsset.totalSupply());\nconst rebaseInfo = await f.KreskoAsset.rebaseInfo();\n(0, _chai.expect)(rebaseInfo.denominator).to.equal(0);\n(0, _chai.expect)(rebaseInfo.positive).to.equal(false);",
                  "err": {},
                  "uuid": "52b70baa-b774-448e-b909-999a7ad58437",
                  "parentUUID": "29579322-e5ea-4f53-9755-60a24d6d738e",
                  "isHook": false,
                  "skipped": false
                },
                {
                  "title": "cant initialize implementation",
                  "fullTitle": "KreskoAsset #initialization - anchor cant initialize implementation",
                  "timedOut": false,
                  "duration": 30,
                  "state": "passed",
                  "speed": "fast",
                  "pass": true,
                  "fail": false,
                  "pending": false,
                  "context": null,
                  "code": "const deployment = await hre.deployments.get(anchorSymbol);\nconst implementationAddress = deployment.implementation;\n(0, _chai.expect)(implementationAddress).to.not.equal(hre.ethers.constants.AddressZero);\nconst KreskoAssetAnchorImpl = await hre.ethers.getContractAt('KreskoAssetAnchor', implementationAddress);\nawait (0, _chai.expect)(KreskoAssetAnchorImpl.initialize(f.KreskoAsset.address, name, symbol, hre.addr.deployer)).to.be.reverted;",
                  "err": {},
                  "uuid": "31ae0eaa-d5df-44ed-93d3-fc0cdd5610b5",
                  "parentUUID": "29579322-e5ea-4f53-9755-60a24d6d738e",
                  "isHook": false,
                  "skipped": false
                },
                {
                  "title": "can reinitialize metadata",
                  "fullTitle": "KreskoAsset #initialization - anchor can reinitialize metadata",
                  "timedOut": false,
                  "duration": 22,
                  "state": "passed",
                  "speed": "fast",
                  "pass": true,
                  "fail": false,
                  "pending": false,
                  "context": null,
                  "code": "const newName = 'foo';\nconst newSymbol = 'bar';\nawait (0, _chai.expect)(f.KreskoAssetAnchor.reinitializeERC20(newName, newSymbol, 2)).to.not.be.reverted;\n(0, _chai.expect)(await f.KreskoAssetAnchor.name()).to.equal(newName);\n(0, _chai.expect)(await f.KreskoAssetAnchor.symbol()).to.equal(newSymbol);\nawait f.KreskoAssetAnchor.reinitializeERC20(name, symbol, 3);",
                  "err": {},
                  "uuid": "3867aa4d-bb1d-4c7a-9935-ea5b15b56e1f",
                  "parentUUID": "29579322-e5ea-4f53-9755-60a24d6d738e",
                  "isHook": false,
                  "skipped": false
                }
              ],
              "suites": [],
              "passes": [
                "d4354cbc-4d1e-4197-8412-c93b4d4b31c9",
                "52b70baa-b774-448e-b909-999a7ad58437",
                "31ae0eaa-d5df-44ed-93d3-fc0cdd5610b5",
                "3867aa4d-bb1d-4c7a-9935-ea5b15b56e1f"
              ],
              "failures": [],
              "pending": [],
              "skipped": [],
              "duration": 83,
              "root": false,
              "rootEmpty": false,
              "_timeout": 30000
            }
          ],
          "passes": [],
          "failures": [],
          "pending": [],
          "skipped": [],
          "duration": 0,
          "root": false,
          "rootEmpty": false,
          "_timeout": 30000
        },
        {
          "uuid": "7733e590-866f-46a8-8fe8-10befe037b2c",
          "title": "KreskoAsset",
          "fullFile": "/Users/panukettunen/Projects/kresko-protocol/src/test/krasset/01-erc20.ts",
          "file": "/src/test/krasset/01-erc20.ts",
          "beforeHooks": [
            {
              "title": "\"before each\" hook in \"KreskoAsset\"",
              "fullTitle": "KreskoAsset \"before each\" hook in \"KreskoAsset\"",
              "timedOut": false,
              "duration": 8,
              "state": null,
              "speed": null,
              "pass": false,
              "fail": false,
              "pending": false,
              "context": null,
              "code": "({ KreskoAsset } = await (0, _fixtures.kreskoAssetFixture)({\n    name: 'Ether',\n    symbol: 'krETH',\n    underlyingToken: _lib.ZERO_ADDRESS\n}));\nthis.mintAmount = 125;\nthis.owner = hre.users.deployer;\nawait KreskoAsset.grantRole(_roles.Role.OPERATOR, this.owner.address);",
              "err": {},
              "uuid": "aaa90cae-cb9a-47a5-a4c2-e30590d9b76c",
              "parentUUID": "7733e590-866f-46a8-8fe8-10befe037b2c",
              "isHook": true,
              "skipped": false
            }
          ],
          "afterHooks": [],
          "tests": [],
          "suites": [
            {
              "uuid": "7ce4bced-d9af-4d02-9255-a4abb8af279e",
              "title": "#mint",
              "fullFile": "/Users/panukettunen/Projects/kresko-protocol/src/test/krasset/01-erc20.ts",
              "file": "/src/test/krasset/01-erc20.ts",
              "beforeHooks": [],
              "afterHooks": [],
              "tests": [
                {
                  "title": "should allow the owner to mint to their own address",
                  "fullTitle": "KreskoAsset #mint should allow the owner to mint to their own address",
                  "timedOut": false,
                  "duration": 17,
                  "state": "passed",
                  "speed": "fast",
                  "pass": true,
                  "fail": false,
                  "pending": false,
                  "context": null,
                  "code": "(0, _chai.expect)(await KreskoAsset.totalSupply()).to.equal(0);\n(0, _chai.expect)(await KreskoAsset.balanceOf(this.owner.address)).to.equal(0);\nawait KreskoAsset.connect(this.owner).mint(this.owner.address, this.mintAmount);\n// Check total supply and owner's balances increased\n(0, _chai.expect)(await KreskoAsset.totalSupply()).to.equal(this.mintAmount);\n(0, _chai.expect)(await KreskoAsset.balanceOf(this.owner.address)).to.equal(this.mintAmount);",
                  "err": {},
                  "uuid": "a6aac244-efb5-485e-b500-fed7827455d1",
                  "parentUUID": "7ce4bced-d9af-4d02-9255-a4abb8af279e",
                  "isHook": false,
                  "skipped": false
                },
                {
                  "title": "should allow the asset owner to mint to another address",
                  "fullTitle": "KreskoAsset #mint should allow the asset owner to mint to another address",
                  "timedOut": false,
                  "duration": 17,
                  "state": "passed",
                  "speed": "fast",
                  "pass": true,
                  "fail": false,
                  "pending": false,
                  "context": null,
                  "code": "(0, _chai.expect)(await KreskoAsset.totalSupply()).to.equal(0);\n(0, _chai.expect)(await KreskoAsset.balanceOf(hre.users.userOne.address)).to.equal(0);\nawait KreskoAsset.connect(this.owner).mint(hre.users.userOne.address, this.mintAmount);\n// Check total supply and user's balances increased\n(0, _chai.expect)(await KreskoAsset.totalSupply()).to.equal(this.mintAmount);\n(0, _chai.expect)(await KreskoAsset.balanceOf(hre.users.userOne.address)).to.equal(this.mintAmount);",
                  "err": {},
                  "uuid": "feb3f6d6-75ad-4a22-a27d-bf7c4309d020",
                  "parentUUID": "7ce4bced-d9af-4d02-9255-a4abb8af279e",
                  "isHook": false,
                  "skipped": false
                },
                {
                  "title": "should not allow non-owner addresses to mint tokens",
                  "fullTitle": "KreskoAsset #mint should not allow non-owner addresses to mint tokens",
                  "timedOut": false,
                  "duration": 18,
                  "state": "passed",
                  "speed": "fast",
                  "pass": true,
                  "fail": false,
                  "pending": false,
                  "context": null,
                  "code": "(0, _chai.expect)(await KreskoAsset.totalSupply()).to.equal(0);\n(0, _chai.expect)(await KreskoAsset.balanceOf(this.owner.address)).to.equal(0);\nawait (0, _chai.expect)(KreskoAsset.connect(hre.users.userOne).mint(this.owner.address, this.mintAmount)).to.be.reverted;\n// Check total supply and all account balances unchanged\n(0, _chai.expect)(await KreskoAsset.totalSupply()).to.equal(0);\n(0, _chai.expect)(await KreskoAsset.balanceOf(this.owner.address)).to.equal(0);\n(0, _chai.expect)(await KreskoAsset.balanceOf(hre.users.userOne.address)).to.equal(0);",
                  "err": {},
                  "uuid": "75fd2c3f-578a-46c4-abaa-dc0e280d0b3e",
                  "parentUUID": "7ce4bced-d9af-4d02-9255-a4abb8af279e",
                  "isHook": false,
                  "skipped": false
                },
                {
                  "title": "should not allow admin to mint tokens",
                  "fullTitle": "KreskoAsset #mint should not allow admin to mint tokens",
                  "timedOut": false,
                  "duration": 11,
                  "state": "passed",
                  "speed": "fast",
                  "pass": true,
                  "fail": false,
                  "pending": false,
                  "context": null,
                  "code": "await KreskoAsset.renounceRole(_roles.Role.OPERATOR, this.owner.address);\nawait (0, _chai.expect)(KreskoAsset.connect(this.owner).mint(this.owner.address, this.mintAmount)).to.be.reverted;",
                  "err": {},
                  "uuid": "1da6179a-8264-42a7-8a54-741d485daf5f",
                  "parentUUID": "7ce4bced-d9af-4d02-9255-a4abb8af279e",
                  "isHook": false,
                  "skipped": false
                }
              ],
              "suites": [],
              "passes": [
                "a6aac244-efb5-485e-b500-fed7827455d1",
                "feb3f6d6-75ad-4a22-a27d-bf7c4309d020",
                "75fd2c3f-578a-46c4-abaa-dc0e280d0b3e",
                "1da6179a-8264-42a7-8a54-741d485daf5f"
[...]
                  "err": {},
                  "uuid": "40b862e4-328a-4ad2-bb28-67c97c5f0394",
                  "parentUUID": "d5d93892-97bb-41c0-9380-4132e202a044",
                  "isHook": false,
                  "skipped": false
                },
                {
                  "title": "should identify if the pool is underwater",
                  "fullTitle": "SCDP #Liquidations should identify if the pool is underwater",
                  "timedOut": false,
                  "duration": 1052,
                  "state": "passed",
                  "speed": "fast",
                  "pass": true,
                  "fail": false,
                  "pending": false,
                  "context": null,
                  "code": "const swapAmount = (0, _values.toBig)(2600);\nawait f.KreskoSwapper.swapSCDP(f.swapper.address, f.KISS.address, f.KrAsset2.address, swapAmount, 0);\nf.Collateral.setPrice(f.CollateralPrice.num(8) / 1000);\nf.Collateral8Dec.setPrice(f.CollateralPrice.num(8) / 1000);\nconst [stats, params, liquidatable] = await Promise.all([\n    hre.Diamond.getStatisticsSCDP(),\n    hre.Diamond.getParametersSCDP(),\n    hre.Diamond.getLiquidatableSCDP()\n]);\n(0, _chai.expect)(stats.cr).to.be.lt(params.liquidationThreshold);\n(0, _chai.expect)(liquidatable).to.be.true;",
                  "err": {},
                  "uuid": "a0672170-a8af-43b7-89c9-898328f60705",
                  "parentUUID": "d5d93892-97bb-41c0-9380-4132e202a044",
                  "isHook": false,
                  "skipped": false
                },
                {
                  "title": "should allow liquidating the underwater pool",
                  "fullTitle": "SCDP #Liquidations should allow liquidating the underwater pool",
                  "timedOut": false,
                  "duration": 3241,
                  "state": "passed",
                  "speed": "medium",
                  "pass": true,
                  "fail": false,
                  "pending": false,
                  "context": null,
                  "code": "const swapAmount = (0, _values.toBig)(2600);\nawait f.KreskoSwapper.swapSCDP(f.swapper.address, f.KISS.address, f.KrAsset2.address, swapAmount, 0);\nconst newKreskoAssetPrice = 500;\nf.KrAsset2.setPrice(newKreskoAssetPrice);\nconst [scdpParams, maxLiquidatable, krAssetPrice, statsBefore] = await Promise.all([\n    hre.Diamond.getParametersSCDP(),\n    hre.Diamond.getMaxLiqValueSCDP(f.KrAsset2.address, f.Collateral8Dec.address),\n    f.KrAsset2.getPrice(),\n    hre.Diamond.getStatisticsSCDP()\n]);\nconst repayAmount = maxLiquidatable.repayValue.wadDiv(krAssetPrice);\nawait f.KrAsset2.setBalance(hre.users.liquidator, repayAmount.add(1e18.toString()));\n(0, _chai.expect)(statsBefore.cr).to.lt(scdpParams.liquidationThreshold);\n(0, _chai.expect)(statsBefore.cr).to.gt(1e4);\n// Liquidate the shared CDP\nconst tx = await f.KreskoLiquidator.liquidateSCDP(f.KrAsset2.address, repayAmount, f.Collateral8Dec.address);\n// Check the state after liquidation\nconst [statsAfter, liquidatableAfter] = await Promise.all([\n    hre.Diamond.getStatisticsSCDP(),\n    hre.Diamond.getLiquidatableSCDP()\n]);\n(0, _chai.expect)(statsAfter.cr).to.gt(scdpParams.liquidationThreshold);\n(0, _chai.expect)(statsAfter.crDebtValueAdjusted).to.eq(2.01e4);\n(0, _chai.expect)(liquidatableAfter).to.eq(false);\n// Shared CDP should not be liquidatable since it is above the threshold\nawait (0, _chai.expect)(f.KreskoLiquidator.liquidateSCDP(f.KrAsset2.address, repayAmount, f.Collateral8Dec.address)).to.be.revertedWithCustomError((0, _errors.Errors)(hre), 'COLLATERAL_VALUE_GREATER_THAN_REQUIRED');\n// Check what was emitted in the event\nconst event = await (0, _events.getNamedEvent)(tx, 'SCDPLiquidationOccured');\nconst expectedSeizeAmount = repayAmount.wadMul((0, _values.toBig)(newKreskoAssetPrice, 8)).percentMul(1.05e4).wadDiv(f.CollateralPrice).div(10 ** 10);\n(0, _chai.expect)(event.args.liquidator).to.eq(hre.users.liquidator.address);\n(0, _chai.expect)(event.args.seizeAmount).to.eq(expectedSeizeAmount);\n(0, _chai.expect)(event.args.repayAmount).to.eq(repayAmount);\n(0, _chai.expect)(event.args.seizeCollateral).to.eq(f.Collateral8Dec.address);\n(0, _chai.expect)(event.args.repayKreskoAsset).to.eq(f.KrAsset2.address);\n// Check account state changes\nconst expectedDepositsAfter = depositAmount8Dec.sub(event.args.seizeAmount);\n(0, _chai.expect)(expectedDepositsAfter).to.be.lt(depositAmount8Dec);\nconst [principalDeposits, depositsWithFees, params] = await Promise.all([\n    hre.Diamond.getAccountDepositSCDP(f.depositor.address, f.Collateral8Dec.address),\n    hre.Diamond.getAccountScaledDepositsSCDP(f.depositor.address, f.Collateral8Dec.address),\n    hre.Diamond.getParametersSCDP()\n]);\n(0, _chai.expect)(principalDeposits).to.eq(expectedDepositsAfter);\n(0, _chai.expect)(depositsWithFees).to.eq(expectedDepositsAfter);\n// Sanity checking that users should be able to withdraw what is left\nawait f.KreskoDepositor.depositSCDP(f.depositor.address, f.Collateral.address, depositAmount18Dec.mul(10));\nconst stats = await hre.Diamond.getStatisticsSCDP();\n(0, _chai.expect)(stats.cr).to.gt(params.minCollateralRatio);\nawait (0, _chai.expect)(f.KreskoDepositor.withdrawSCDP(f.depositor.address, f.Collateral8Dec.address, expectedDepositsAfter)).to.not.be.reverted;\nconst [principalEnd, depositsWithFeesEnd] = await Promise.all([\n    hre.Diamond.getAccountDepositSCDP(f.depositor.address, f.Collateral8Dec.address),\n    hre.Diamond.getAccountScaledDepositsSCDP(f.depositor.address, f.Collateral8Dec.address)\n]);\n(0, _chai.expect)(principalEnd).to.eq(0);\n(0, _chai.expect)(depositsWithFeesEnd).to.eq(0);",
                  "err": {},
                  "uuid": "8d7592ef-1a05-469c-a3ff-71f18fc88d06",
                  "parentUUID": "d5d93892-97bb-41c0-9380-4132e202a044",
                  "isHook": false,
                  "skipped": false
                }
              ],
              "suites": [],
              "passes": [
                "50f99eac-f36a-4013-84e9-0f385ad91e56",
                "40b862e4-328a-4ad2-bb28-67c97c5f0394",
                "a0672170-a8af-43b7-89c9-898328f60705",
                "8d7592ef-1a05-469c-a3ff-71f18fc88d06"
              ],
              "failures": [],
              "pending": [],
              "skipped": [],
              "duration": 5816,
              "root": false,
              "rootEmpty": false,
              "_timeout": 30000
            },
            {
              "uuid": "96af98ec-060a-4d85-b762-20d676b11b17",
              "title": "#Error",
              "fullFile": "/Users/panukettunen/Projects/kresko-protocol/src/test/scdp/00-scdp.ts",
              "file": "/src/test/scdp/00-scdp.ts",
              "beforeHooks": [
                {
                  "title": "\"before each\" hook in \"#Error\"",
                  "fullTitle": "SCDP #Error \"before each\" hook in \"#Error\"",
                  "timedOut": false,
                  "duration": 96,
                  "state": null,
                  "speed": null,
                  "pass": false,
                  "fail": false,
                  "pending": false,
                  "context": null,
                  "code": "await Promise.all(f.usersArr.map((signer)=>f.Collateral.setBalance(signer, (0, _values.toBig)(1_000_000))));\nawait f.KISS.setBalance(f.swapper, (0, _values.toBig)(10_000));\nawait f.KISS.setBalance(f.depositor, hre.ethers.BigNumber.from(1));\nawait Promise.all([\n    f.KreskoDepositor.depositSCDP(f.depositor.address, f.KISS.address, 1),\n    f.KreskoDepositor.depositSCDP(f.depositor.address, f.Collateral.address, depositAmount18Dec)\n]);",
                  "err": {},
                  "uuid": "bcdff318-bfa9-44a5-8dec-b525826a5c49",
                  "parentUUID": "96af98ec-060a-4d85-b762-20d676b11b17",
                  "isHook": true,
                  "skipped": false
                }
              ],
              "afterHooks": [],
              "tests": [
                {
                  "title": "should revert depositing unsupported tokens",
                  "fullTitle": "SCDP #Error should revert depositing unsupported tokens",
                  "timedOut": false,
                  "duration": 112,
                  "state": "passed",
                  "speed": "fast",
                  "pass": true,
                  "fail": false,
                  "pending": false,
                  "context": null,
                  "code": "const [UnsupportedToken] = await hre.deploy('MockERC20', {\n    args: [\n        'UnsupportedToken',\n        'UnsupportedToken',\n        18,\n        (0, _values.toBig)(1)\n    ]\n});\nawait UnsupportedToken.approve(hre.Diamond.address, hre.ethers.constants.MaxUint256);\nconst { deployer } = await hre.getNamedAccounts();\nawait (0, _chai.expect)(hre.Diamond.depositSCDP(deployer, UnsupportedToken.address, 1)).to.be.revertedWithCustomError((0, _errors.Errors)(hre), 'ASSET_NOT_DEPOSITABLE').withArgs([\n    'UnsupportedToken',\n    UnsupportedToken.address\n]);",
                  "err": {},
                  "uuid": "2ef125c8-6983-47b9-bd8d-a8b25839e85c",
                  "parentUUID": "96af98ec-060a-4d85-b762-20d676b11b17",
                  "isHook": false,
                  "skipped": false
                },
                {
                  "title": "should revert withdrawing without deposits",
                  "fullTitle": "SCDP #Error should revert withdrawing without deposits",
                  "timedOut": false,
                  "duration": 45,
                  "state": "passed",
                  "speed": "fast",
                  "pass": true,
                  "fail": false,
                  "pending": false,
                  "context": null,
                  "code": "const withdrawAmount = 1;\nconst principalDeposits = 0;\nconst scaledDeposits = 0;\nawait (0, _chai.expect)(f.KreskoSwapper.withdrawSCDP(f.depositor.address, f.Collateral.address, withdrawAmount)).to.be.revertedWithCustomError((0, _errors.Errors)(hre), 'NOTHING_TO_WITHDRAW').withArgs(f.swapper.address, f.Collateral.errorId, withdrawAmount, principalDeposits, scaledDeposits);",
                  "err": {},
                  "uuid": "460c3bcd-9fed-4963-b289-4f05b04afe9b",
                  "parentUUID": "96af98ec-060a-4d85-b762-20d676b11b17",
                  "isHook": false,
                  "skipped": false
                },
                {
                  "title": "should revert withdrawals below MCR",
                  "fullTitle": "SCDP #Error should revert withdrawals below MCR",
                  "timedOut": false,
                  "duration": 629,
                  "state": "passed",
                  "speed": "fast",
                  "pass": true,
                  "fail": false,
                  "pending": false,
                  "context": null,
                  "code": "const swapAmount = (0, _values.toBig)(1000) // $1000\n;\nawait f.KreskoSwapper.swapSCDP(f.swapper.address, f.KISS.address, f.KrAsset2.address, swapAmount, 0) // generates the debt\n;\nconst deposits = await f.KreskoSwapper.getAccountDepositSCDP(f.depositor.address, f.Collateral.address);\nawait (0, _chai.expect)(f.KreskoDepositor.withdrawSCDP(f.depositor.address, f.Collateral.address, deposits)).to.be.revertedWithCustomError((0, _errors.Errors)(hre), 'COLLATERAL_VALUE_LESS_THAN_REQUIRED').withArgs(960e8, 4800e8, 5e4);",
                  "err": {},
                  "uuid": "9644f83d-4480-4484-85fa-ec3fe47c5742",
                  "parentUUID": "96af98ec-060a-4d85-b762-20d676b11b17",
                  "isHook": false,
                  "skipped": false
                },
                {
                  "title": "should revert withdrawals of swap owned collateral deposits",
                  "fullTitle": "SCDP #Error should revert withdrawals of swap owned collateral deposits",
                  "timedOut": false,
                  "duration": 488,
                  "state": "passed",
                  "speed": "fast",
                  "pass": true,
                  "fail": false,
                  "pending": false,
                  "context": null,
                  "code": "const swapAmount = (0, _values.toBig)(1);\nawait f.KrAsset2.setBalance(f.swapper, swapAmount);\nawait f.KreskoSwapper.swapSCDP(f.swapper.address, f.KrAsset2.address, f.KISS.address, swapAmount, 0);\nconst deposits = await f.KreskoSwapper.getSwapDepositsSCDP(f.KrAsset2.address);\n(0, _chai.expect)(deposits).to.be.gt(0);\nawait (0, _chai.expect)(f.KreskoSwapper.withdrawSCDP(f.swapper.address, f.KrAsset2.address, deposits)).to.be.revertedWithCustomError((0, _errors.Errors)(hre), 'ASSET_DOES_NOT_HAVE_DEPOSITS').withArgs(f.KrAsset2.errorId);",
                  "err": {},
                  "uuid": "36d077ad-7fdd-4a6b-9041-a66e07d4b405",
                  "parentUUID": "96af98ec-060a-4d85-b762-20d676b11b17",
                  "isHook": false,
                  "skipped": false
                },
                {
                  "title": "should revert swapping with price below minAmountOut",
                  "fullTitle": "SCDP #Error should revert swapping with price below minAmountOut",
                  "timedOut": false,
                  "duration": 339,
                  "state": "passed",
                  "speed": "fast",
                  "pass": true,
                  "fail": false,
                  "pending": false,
                  "context": null,
                  "code": "const swapAmount = (0, _values.toBig)(1);\nawait f.KrAsset2.setBalance(f.swapper, swapAmount);\nconst [amountOut] = await f.KreskoSwapper.previewSwapSCDP(f.KrAsset2.address, f.KISS.address, swapAmount);\nawait (0, _chai.expect)(f.KreskoSwapper.swapSCDP(f.swapper.address, f.KrAsset2.address, f.KISS.address, swapAmount, amountOut.add(1))).to.be.revertedWithCustomError((0, _errors.Errors)(hre), 'RECEIVED_LESS_THAN_DESIRED').withArgs(f.KISS.errorId, amountOut, amountOut.add(1));",
                  "err": {},
                  "uuid": "841ed7cc-5c43-4559-9df2-617a09099ec9",
                  "parentUUID": "96af98ec-060a-4d85-b762-20d676b11b17",
                  "isHook": false,
                  "skipped": false
                },
                {
                  "title": "should revert swapping unsupported asset",
                  "fullTitle": "SCDP #Error should revert swapping unsupported asset",
                  "timedOut": false,
                  "duration": 52,
                  "state": "passed",
                  "speed": "fast",
                  "pass": true,
                  "fail": false,
                  "pending": false,
                  "context": null,
                  "code": "const swapAmount = (0, _values.toBig)(1);\nawait f.KrAsset2.setBalance(f.swapper, swapAmount);\nawait (0, _chai.expect)(f.KreskoSwapper.swapSCDP(f.swapper.address, f.KrAsset2.address, f.Collateral.address, swapAmount, 0)).to.be.revertedWithCustomError((0, _errors.Errors)(hre), 'SWAP_ROUTE_NOT_ENABLED').withArgs(f.KrAsset2.errorId, f.Collateral.errorId);",
                  "err": {},
                  "uuid": "0039a3ab-28d0-45cf-b7a2-ef1a347faa7f",
                  "parentUUID": "96af98ec-060a-4d85-b762-20d676b11b17",
                  "isHook": false,
                  "skipped": false
                },
                {
                  "title": "should revert swapping a disabled route",
                  "fullTitle": "SCDP #Error should revert swapping a disabled route",
                  "timedOut": false,
                  "duration": 99,
                  "state": "passed",
                  "speed": "fast",
                  "pass": true,
                  "fail": false,
                  "pending": false,
                  "context": null,
                  "code": "const swapAmount = (0, _values.toBig)(1);\nawait f.KrAsset2.setBalance(f.swapper, swapAmount);\nawait hre.Diamond.setSingleSwapRouteSCDP({\n    assetIn: f.KrAsset2.address,\n    assetOut: f.KISS.address,\n    enabled: false\n});\nawait (0, _chai.expect)(f.KreskoSwapper.swapSCDP(f.swapper.address, f.KrAsset2.address, f.KISS.address, swapAmount, 0)).to.be.revertedWithCustomError((0, _errors.Errors)(hre), 'SWAP_ROUTE_NOT_ENABLED').withArgs(f.KrAsset2.errorId, f.KISS.errorId);",
                  "err": {},
                  "uuid": "824cdb72-0847-4b5e-873b-fe0888501201",
                  "parentUUID": "96af98ec-060a-4d85-b762-20d676b11b17",
                  "isHook": false,
                  "skipped": false
                },
                {
                  "title": "should revert swapping causes CDP to go below MCR",
                  "fullTitle": "SCDP #Error should revert swapping causes CDP to go below MCR",
                  "timedOut": false,
                  "duration": 413,
                  "state": "passed",
                  "speed": "fast",
                  "pass": true,
                  "fail": false,
                  "pending": false,
                  "context": null,
                  "code": "const swapAmount = (0, _values.toBig)(1_500_000);\nawait f.KrAsset2.setBalance(f.swapper, swapAmount);\nconst tx = f.KreskoSwapper.swapSCDP(f.swapper.address, f.KrAsset2.address, f.KISS.address, swapAmount, 0);\nawait (0, _chai.expect)(tx).to.be.revertedWithCustomError((0, _errors.Errors)(hre), 'COLLATERAL_VALUE_LESS_THAN_REQUIRED').withArgs('15001000000000000', '75000000000000000', 5e4);",
                  "err": {},
                  "uuid": "c38f2df2-b7f0-4361-8fb8-1201cdc3bb7e",
                  "parentUUID": "96af98ec-060a-4d85-b762-20d676b11b17",
                  "isHook": false,
                  "skipped": false
                }
              ],
              "suites": [],
              "passes": [
                "2ef125c8-6983-47b9-bd8d-a8b25839e85c",
                "460c3bcd-9fed-4963-b289-4f05b04afe9b",
                "9644f83d-4480-4484-85fa-ec3fe47c5742",
                "36d077ad-7fdd-4a6b-9041-a66e07d4b405",
                "841ed7cc-5c43-4559-9df2-617a09099ec9",
                "0039a3ab-28d0-45cf-b7a2-ef1a347faa7f",
                "824cdb72-0847-4b5e-873b-fe0888501201",
                "c38f2df2-b7f0-4361-8fb8-1201cdc3bb7e"
              ],
              "failures": [],
              "pending": [],
              "skipped": [],
              "duration": 2177,
              "root": false,
              "rootEmpty": false,
              "_timeout": 30000
            }
          ],
          "passes": [],
          "failures": [],
          "pending": [],
          "skipped": [],
          "duration": 0,
          "root": false,
          "rootEmpty": false,
          "_timeout": 30000
        }
      ],
      "passes": [],
      "failures": [],
      "pending": [],
      "skipped": [],
      "duration": 0,
      "root": true,
      "rootEmpty": true,
      "_timeout": 30000
    }
  ],
  "meta": {
    "mocha": {
      "version": "10.2.0"
    },
    "mochawesome": {
      "options": {
        "quiet": false,
        "reportFilename": "mochawesome",
        "saveHtml": true,
        "saveJson": true,
        "consoleReporter": "spec",
        "useInlineDiffs": false,
        "code": true
      },
      "version": "7.1.3"
    },
    "marge": {
      "options": {
        "reportDir": "docs/test-report",
        "assetsDir": "docs/test-report/assets",
        "reportTitle": "Kresko Protocol Hardhat Test Report",
        "reportPageTitle": "Kresko Protocol Hardhat Test Report"
      },
      "version": "6.2.0"
    }
  }
}