{
  "stats": {
    "suites": 2,
    "tests": 1,
    "passes": 1,
    "pending": 0,
    "failures": 0,
    "start": "2023-11-17T16:05:21.916Z",
    "end": "2023-11-17T16:05:26.464Z",
    "duration": 4548,
    "testsRegistered": 1,
    "passPercent": 100,
    "pendingPercent": 0,
    "other": 0,
    "hasOther": false,
    "skipped": 0,
    "hasSkipped": false
  },
  "results": [
    {
      "uuid": "961c71cf-817d-49f3-9a66-1e159311be8b",
      "title": "",
      "fullFile": "/Users/panukettunen/projects/kresko-protocol/src/test/scdp/00-scdp.ts",
      "file": "/src/test/scdp/00-scdp.ts",
      "beforeHooks": [],
      "afterHooks": [],
      "tests": [],
      "suites": [
        {
          "uuid": "27c06274-3701-407e-b1f0-3e268e973a95",
          "title": "SCDP",
          "fullFile": "/Users/panukettunen/projects/kresko-protocol/src/test/scdp/00-scdp.ts",
          "file": "/src/test/scdp/00-scdp.ts",
          "beforeHooks": [
            {
              "title": "\"before each\" hook in \"SCDP\"",
              "fullTitle": "SCDP \"before each\" hook in \"SCDP\"",
              "timedOut": false,
              "duration": 1615,
              "state": null,
              "speed": null,
              "pass": false,
              "fail": false,
              "pending": false,
              "context": null,
              "code": "f = await (0, _fixtures.scdpFixture)();\nawait f.reset();",
              "err": {},
              "uuid": "6cba0f45-0485-4b46-b43e-d247d61933d0",
              "parentUUID": "27c06274-3701-407e-b1f0-3e268e973a95",
              "isHook": true,
              "skipped": false
            }
          ],
          "afterHooks": [],
          "tests": [],
          "suites": [
            {
              "uuid": "84e2014a-e9e1-4d5b-9570-52853953c6cf",
              "title": "#Fee Distribution",
              "fullFile": "/Users/panukettunen/projects/kresko-protocol/src/test/scdp/00-scdp.ts",
              "file": "/src/test/scdp/00-scdp.ts",
              "beforeHooks": [
                {
                  "title": "\"before each\" hook in \"#Fee Distribution\"",
                  "fullTitle": "SCDP #Fee Distribution \"before each\" hook in \"#Fee Distribution\"",
                  "timedOut": false,
                  "duration": 18,
                  "state": null,
                  "speed": null,
                  "pass": false,
                  "fail": false,
                  "pending": false,
                  "context": null,
                  "code": "incomeCumulator = hre.users.deployer;\nIncomeCumulator = (0, _redstone.wrapKresko)(hre.Diamond, incomeCumulator);\nawait f.Collateral.setBalance(incomeCumulator, depositAmount18Dec.mul(f.usersArr.length), hre.Diamond.address);",
                  "err": {},
                  "uuid": "d41582fa-b30c-4dae-8394-11240928980c",
                  "parentUUID": "84e2014a-e9e1-4d5b-9570-52853953c6cf",
                  "isHook": true,
                  "skipped": false
                }
              ],
              "afterHooks": [],
              "tests": [
                {
                  "title": "should be able to cumulate fees into deposits",
                  "fullTitle": "SCDP #Fee Distribution should be able to cumulate fees into deposits",
                  "timedOut": false,
                  "duration": 2913,
                  "state": "passed",
                  "speed": "medium",
                  "pass": true,
                  "fail": false,
                  "pending": false,
                  "context": null,
                  "code": "await hre.Diamond.setFeeAssetSCDP(f.Collateral.address);\nconst feePerUser = depositAmount18Dec;\nconst feesToCumulate = feePerUser.mul(f.usersArr.length);\nconst feePerUserValue = (0, _values.toBig)(f.CollateralPrice.num(8) * depositAmount, 8);\nconst expectedDepositValue = (0, _values.toBig)(f.CollateralPrice.num(8) * depositAmount, 8);\n// deposit some\nawait Promise.all(f.usersArr.map((signer)=>(0, _redstone.wrapKresko)(hre.Diamond, signer).depositSCDP(signer.address, f.Collateral.address, depositAmount18Dec)));\n// cumulate some income\nawait IncomeCumulator.cumulateIncomeSCDP(f.Collateral.address, feesToCumulate);\n// check that the fees are cumulated\nfor (const data of (await hre.Diamond.getAccountsSCDP(f.usersArr.map((u)=>u.address), [\n    f.Collateral.address\n]))){\n    (0, _chai.expect)(data.deposits[0].val).to.equal(expectedDepositValue);\n    (0, _chai.expect)(data.deposits[0].valAdj).to.equal(feePerUserValue);\n    (0, _chai.expect)(data.totals.valColl).to.equal(expectedDepositValue);\n    (0, _chai.expect)(data.totals.valFees).to.equal(feePerUserValue);\n}\n// withdraw principal\nawait Promise.all(f.usersArr.map((signer)=>(0, _redstone.wrapKresko)(hre.Diamond, signer).withdrawSCDP(signer.address, f.Collateral.address, depositAmount18Dec)));\nfor (const user of (await hre.Diamond.getAccountsSCDP(f.usersArr.map((u)=>u.address), [\n    f.Collateral.address\n]))){\n    const balance = await f.Collateral.balanceOf(user.addr);\n    (0, _chai.expect)(user.deposits[0].val).to.equal(0);\n    (0, _chai.expect)(user.deposits[0].valAdj).to.equal(0);\n    (0, _chai.expect)(user.totals.valFees).to.equal(0);\n    (0, _chai.expect)(user.totals.valColl).to.equal(0);\n    (0, _chai.expect)(balance).to.equal(depositAmount18Dec.add(feePerUser));\n}\nconst [assetInfo, stats, balance] = await Promise.all([\n    hre.Diamond.getAssetDataSCDP(f.Collateral.address),\n    hre.Diamond.getDataSCDP(),\n    f.Collateral.balanceOf(hre.Diamond.address)\n]);\n(0, _chai.expect)(balance).to.equal(0);\n(0, _chai.expect)(assetInfo.amountColl).to.equal(0);\n(0, _chai.expect)(assetInfo.valColl).to.equal(0);\n(0, _chai.expect)(assetInfo.valCollAdj).to.equal(0);\n(0, _chai.expect)(stats.totals.valColl).to.equal(0);\n// nothing left in protocol.\nconst [colalteralBalanceKresko, assetInfoFinal] = await Promise.all([\n    f.Collateral.balanceOf(hre.Diamond.address),\n    hre.Diamond.getAssetDataSCDP(f.Collateral.address)\n]);\n(0, _chai.expect)(colalteralBalanceKresko).to.equal(0);\n(0, _chai.expect)(assetInfoFinal.amountColl).to.equal(0);\n(0, _chai.expect)(assetInfoFinal.valColl).to.equal(0);\n(0, _chai.expect)(assetInfoFinal.valCollAdj).to.equal(0);",
                  "err": {},
                  "uuid": "ae0fa444-2604-4d32-abb0-4a68d349923f",
                  "parentUUID": "84e2014a-e9e1-4d5b-9570-52853953c6cf",
                  "isHook": false,
                  "skipped": false
                }
              ],
              "suites": [],
              "passes": [
                "ae0fa444-2604-4d32-abb0-4a68d349923f"
              ],
              "failures": [],
              "pending": [],
              "skipped": [],
              "duration": 2913,
              "root": false,
              "rootEmpty": false,
              "_timeout": 30000
            }
          ],
          "passes": [],
          "failures": [],
          "pending": [],
          "skipped": [],
          "duration": 0,
          "root": false,
          "rootEmpty": false,
          "_timeout": 30000
        }
      ],
      "passes": [],
      "failures": [],
      "pending": [],
      "skipped": [],
      "duration": 0,
      "root": true,
      "rootEmpty": true,
      "_timeout": 30000
    }
  ],
  "meta": {
    "mocha": {
      "version": "10.2.0"
    },
    "mochawesome": {
      "options": {
        "quiet": false,
        "reportFilename": "mochawesome",
        "saveHtml": true,
        "saveJson": true,
        "consoleReporter": "spec",
        "useInlineDiffs": false,
        "code": true
      },
      "version": "7.1.3"
    },
    "marge": {
      "options": {
        "reportDir": "docs/test-report",
        "assetsDir": "docs/test-report/assets",
        "reportTitle": "Kresko Protocol Hardhat Test Report",
        "reportPageTitle": "Kresko Protocol Hardhat Test Report"
      },
      "version": "6.2.0"
    }
  }
}