{
  "stats": {
    "suites": 8,
    "tests": 33,
    "passes": 33,
    "pending": 0,
    "failures": 0,
    "start": "2023-11-15T02:41:01.457Z",
    "end": "2023-11-15T02:41:39.545Z",
    "duration": 38088,
    "testsRegistered": 33,
    "passPercent": 100,
    "pendingPercent": 0,
    "other": 0,
    "hasOther": false,
    "skipped": 0,
    "hasSkipped": false
  },
  "results": [
    {
      "uuid": "fee0a799-7975-45f4-866c-bf390e21b7b0",
      "title": "",
      "fullFile": "/Users/panukettunen/projects/kresko-protocol/src/test/scdp/00-scdp.ts",
      "file": "/src/test/scdp/00-scdp.ts",
      "beforeHooks": [],
      "afterHooks": [],
      "tests": [],
      "suites": [
        {
          "uuid": "25795d52-db21-4739-bfc9-adad612048c6",
          "title": "SCDP",
          "fullFile": "/Users/panukettunen/projects/kresko-protocol/src/test/scdp/00-scdp.ts",
          "file": "/src/test/scdp/00-scdp.ts",
          "beforeHooks": [
            {
              "title": "\"before each\" hook in \"SCDP\"",
              "fullTitle": "SCDP \"before each\" hook in \"SCDP\"",
              "timedOut": false,
              "duration": 2,
              "state": null,
              "speed": null,
              "pass": false,
              "fail": false,
              "pending": false,
              "context": null,
              "code": "f = await (0, _fixtures.scdpFixture)();\nawait f.reset();",
              "err": {},
              "uuid": "cf167c5a-a39a-4eed-aa3f-e6f767ae9f98",
              "parentUUID": "25795d52-db21-4739-bfc9-adad612048c6",
              "isHook": true,
              "skipped": false
            }
          ],
          "afterHooks": [],
          "tests": [],
          "suites": [
            {
              "uuid": "895c591d-c0ed-4301-b0f7-41fa54e1399d",
              "title": "#Configuration",
              "fullFile": "/Users/panukettunen/projects/kresko-protocol/src/test/scdp/00-scdp.ts",
              "file": "/src/test/scdp/00-scdp.ts",
              "beforeHooks": [],
              "afterHooks": [],
              "tests": [
                {
                  "title": "should be initialized correctly",
                  "fullTitle": "SCDP #Configuration should be initialized correctly",
                  "timedOut": false,
                  "duration": 325,
                  "state": "passed",
                  "speed": "fast",
                  "pass": true,
                  "fail": false,
                  "pending": false,
                  "context": null,
                  "code": "const { args } = await (0, _deploy.getSCDPInitializer)(hre);\nconst configuration = await hre.Diamond.getParametersSCDP();\n(0, _chai.expect)(configuration.liquidationThreshold).to.equal(args.liquidationThreshold);\n(0, _chai.expect)(configuration.minCollateralRatio).to.equal(args.minCollateralRatio);\n(0, _chai.expect)(configuration.maxLiquidationRatio).to.equal(Number(args.liquidationThreshold) + 0.01e4);\nconst collaterals = await hre.Diamond.getCollateralsSCDP();\n(0, _chai.expect)(collaterals).to.include.members([\n    f.Collateral.address,\n    f.Collateral8Dec.address,\n    f.KrAsset.address,\n    f.KrAsset2.address,\n    f.KISS.address\n]);\nconst krAssets = await hre.Diamond.getKreskoAssetsSCDP();\n(0, _chai.expect)(krAssets).to.include.members([\n    f.KrAsset.address,\n    f.KrAsset2.address,\n    f.KISS.address\n]);\nconst depositsEnabled = await Promise.all([\n    hre.Diamond.getDepositEnabledSCDP(f.Collateral.address),\n    hre.Diamond.getDepositEnabledSCDP(f.Collateral8Dec.address),\n    hre.Diamond.getDepositEnabledSCDP(f.KrAsset.address),\n    hre.Diamond.getDepositEnabledSCDP(f.KrAsset2.address),\n    hre.Diamond.getDepositEnabledSCDP(f.KISS.address)\n]);\n(0, _chai.expect)(depositsEnabled).to.deep.equal([\n    true,\n    true,\n    false,\n    false,\n    true\n]);\nconst depositAssets = await hre.Diamond.getDepositAssetsSCDP();\n(0, _chai.expect)(depositAssets).to.include.members([\n    f.Collateral.address,\n    f.Collateral8Dec.address,\n    f.KISS.address\n]);",
                  "err": {},
                  "uuid": "b17b9aad-ede0-4966-8cea-3431df9ba8c6",
                  "parentUUID": "895c591d-c0ed-4301-b0f7-41fa54e1399d",
                  "isHook": false,
                  "skipped": false
                },
                {
                  "title": "should be able to whitelist new deposit asset",
                  "fullTitle": "SCDP #Configuration should be able to whitelist new deposit asset",
                  "timedOut": false,
                  "duration": 182,
                  "state": "passed",
                  "speed": "fast",
                  "pass": true,
                  "fail": false,
                  "pending": false,
                  "context": null,
                  "code": "const assetInfoBefore = await hre.Diamond.getAsset(f.KrAsset2.address);\n(0, _chai.expect)(assetInfoBefore.isSharedCollateral).to.equal(false);\nawait hre.Diamond.updateAsset(f.KrAsset2.address, {\n    ...assetInfoBefore,\n    isSharedCollateral: true,\n    depositLimitSCDP: 1\n});\nconst assetInfoAfter = await hre.Diamond.getAsset(f.KrAsset2.address);\n(0, _chai.expect)(assetInfoAfter.decimals).to.equal(await f.KISS.contract.decimals());\n(0, _chai.expect)(assetInfoAfter.liquidityIndexSCDP).to.equal(_values.RAY);\n(0, _chai.expect)(assetInfoAfter.depositLimitSCDP).to.equal(1);\n(0, _chai.expect)(await hre.Diamond.getDepositEnabledSCDP(f.KrAsset2.address)).to.equal(true);",
                  "err": {},
                  "uuid": "2340fc85-f927-4784-9f04-ce0f5820c41a",
                  "parentUUID": "895c591d-c0ed-4301-b0f7-41fa54e1399d",
                  "isHook": false,
                  "skipped": false
                },
                {
                  "title": "should be able to update deposit limit of asset",
                  "fullTitle": "SCDP #Configuration should be able to update deposit limit of asset",
                  "timedOut": false,
                  "duration": 81,
                  "state": "passed",
                  "speed": "fast",
                  "pass": true,
                  "fail": false,
                  "pending": false,
                  "context": null,
                  "code": "await hre.Diamond.setDepositLimitSCDP(f.Collateral.address, 1);\nconst collateral = await hre.Diamond.getAsset(f.Collateral.address);\n(0, _chai.expect)(collateral.decimals).to.equal(await f.Collateral.contract.decimals());\n(0, _chai.expect)(collateral.liquidityIndexSCDP).to.equal(_values.RAY);\n(0, _chai.expect)(collateral.depositLimitSCDP).to.equal(1);",
                  "err": {},
                  "uuid": "fd296bce-e0e3-4c60-b740-75a51dc0b9b2",
                  "parentUUID": "895c591d-c0ed-4301-b0f7-41fa54e1399d",
                  "isHook": false,
                  "skipped": false
                },
                {
                  "title": "should be able to disable a deposit asset",
                  "fullTitle": "SCDP #Configuration should be able to disable a deposit asset",
                  "timedOut": false,
                  "duration": 147,
                  "state": "passed",
                  "speed": "fast",
                  "pass": true,
                  "fail": false,
                  "pending": false,
                  "context": null,
                  "code": "await hre.Diamond.setAssetIsSharedCollateralSCDP(f.Collateral.address, false);\nconst collaterals = await hre.Diamond.getCollateralsSCDP();\n(0, _chai.expect)(collaterals).to.include(f.Collateral.address);\nconst depositAssets = await hre.Diamond.getDepositAssetsSCDP();\n(0, _chai.expect)(depositAssets).to.not.include(f.Collateral.address);\n(0, _chai.expect)(await hre.Diamond.getDepositEnabledSCDP(f.Collateral.address)).to.equal(false);",
                  "err": {},
                  "uuid": "4952c598-4ac1-447f-bc9d-51c273c70b4d",
                  "parentUUID": "895c591d-c0ed-4301-b0f7-41fa54e1399d",
                  "isHook": false,
                  "skipped": false
                },
                {
                  "title": "should be able to disable and enable a collateral asset",
                  "fullTitle": "SCDP #Configuration should be able to disable and enable a collateral asset",
                  "timedOut": false,
                  "duration": 470,
                  "state": "passed",
                  "speed": "fast",
                  "pass": true,
                  "fail": false,
                  "pending": false,
                  "context": null,
                  "code": "await hre.Diamond.setAssetIsSharedOrSwappedCollateralSCDP(f.Collateral.address, false);\n(0, _chai.expect)(await hre.Diamond.getCollateralsSCDP()).to.not.include(f.Collateral.address);\n(0, _chai.expect)(await hre.Diamond.getDepositAssetsSCDP()).to.not.include(f.Collateral.address);\n(0, _chai.expect)(await hre.Diamond.getDepositEnabledSCDP(f.Collateral.address)).to.equal(true);\nawait hre.Diamond.setAssetIsSharedCollateralSCDP(f.Collateral.address, false);\n(0, _chai.expect)(await hre.Diamond.getDepositEnabledSCDP(f.Collateral.address)).to.equal(false);\nawait hre.Diamond.setAssetIsSharedOrSwappedCollateralSCDP(f.Collateral.address, true);\n(0, _chai.expect)(await hre.Diamond.getCollateralsSCDP()).to.include(f.Collateral.address);\n(0, _chai.expect)(await hre.Diamond.getDepositAssetsSCDP()).to.not.include(f.Collateral.address);\n(0, _chai.expect)(await hre.Diamond.getDepositEnabledSCDP(f.Collateral.address)).to.equal(false);\nawait hre.Diamond.setAssetIsSharedCollateralSCDP(f.Collateral.address, true);\n(0, _chai.expect)(await hre.Diamond.getDepositEnabledSCDP(f.Collateral.address)).to.equal(true);\n(0, _chai.expect)(await hre.Diamond.getDepositAssetsSCDP()).to.include(f.Collateral.address);",
                  "err": {},
                  "uuid": "51d296a1-5577-49fc-ae10-6f51e4e828b1",
                  "parentUUID": "895c591d-c0ed-4301-b0f7-41fa54e1399d",
                  "isHook": false,
                  "skipped": false
                },
                {
                  "title": "should be able to add whitelisted kresko asset",
                  "fullTitle": "SCDP #Configuration should be able to add whitelisted kresko asset",
                  "timedOut": false,
                  "duration": 40,
                  "state": "passed",
                  "speed": "fast",
                  "pass": true,
                  "fail": false,
                  "pending": false,
                  "context": null,
                  "code": "const assetInfo = await hre.Diamond.getAsset(f.KrAsset.address);\n(0, _chai.expect)(assetInfo.swapInFeeSCDP).to.equal(f.swapKrAssetConfig.swapInFeeSCDP);\n(0, _chai.expect)(assetInfo.swapOutFeeSCDP).to.equal(f.swapKrAssetConfig.swapOutFeeSCDP);\n(0, _chai.expect)(assetInfo.liqIncentiveSCDP).to.equal(f.swapKrAssetConfig.liqIncentiveSCDP);\n(0, _chai.expect)(assetInfo.protocolFeeShareSCDP).to.equal(f.swapKrAssetConfig.protocolFeeShareSCDP);",
                  "err": {},
                  "uuid": "731766c6-a797-48f0-8659-740a89f18583",
                  "parentUUID": "895c591d-c0ed-4301-b0f7-41fa54e1399d",
                  "isHook": false,
                  "skipped": false
                },
                {
                  "title": "should be able to update a whitelisted kresko asset",
                  "fullTitle": "SCDP #Configuration should be able to update a whitelisted kresko asset",
                  "timedOut": false,
                  "duration": 210,
                  "state": "passed",
                  "speed": "fast",
                  "pass": true,
                  "fail": false,
                  "pending": false,
                  "context": null,
                  "code": "const update = {\n    ...f.KrAsset.config.assetStruct,\n    swapInFeeSCDP: 0.05e4,\n    swapOutFeeSCDP: 0.05e4,\n    liqIncentiveSCDP: 1.06e4,\n    protocolFeeShareSCDP: 0.4e4\n};\nawait hre.Diamond.updateAsset(f.KrAsset.address, update);\nconst assetInfo = await hre.Diamond.getAsset(f.KrAsset.address);\n(0, _chai.expect)(assetInfo.swapInFeeSCDP).to.equal(update.swapInFeeSCDP);\n(0, _chai.expect)(assetInfo.swapOutFeeSCDP).to.equal(update.swapOutFeeSCDP);\n(0, _chai.expect)(assetInfo.protocolFeeShareSCDP).to.equal(update.protocolFeeShareSCDP);\n(0, _chai.expect)(assetInfo.liqIncentiveSCDP).to.equal(update.liqIncentiveSCDP);\nconst krAssets = await hre.Diamond.getKreskoAssetsSCDP();\n(0, _chai.expect)(krAssets).to.include(f.KrAsset.address);\nconst collaterals = await hre.Diamond.getCollateralsSCDP();\n(0, _chai.expect)(collaterals).to.include(f.KrAsset.address);\n(0, _chai.expect)(await hre.Diamond.getDepositEnabledSCDP(f.KrAsset.address)).to.equal(false);",
                  "err": {},
                  "uuid": "1265e683-5bbc-4195-b5a2-917fe66dd079",
                  "parentUUID": "895c591d-c0ed-4301-b0f7-41fa54e1399d",
                  "isHook": false,
                  "skipped": false
                },
                {
                  "title": "should be able to remove a whitelisted kresko asset",
                  "fullTitle": "SCDP #Configuration should be able to remove a whitelisted kresko asset",
                  "timedOut": false,
                  "duration": 111,
                  "state": "passed",
                  "speed": "fast",
                  "pass": true,
                  "fail": false,
                  "pending": false,
                  "context": null,
                  "code": "await hre.Diamond.setAssetIsSwapMintableSCDP(f.KrAsset.address, false);\nconst krAssets = await hre.Diamond.getKreskoAssetsSCDP();\n(0, _chai.expect)(krAssets).to.not.include(f.KrAsset.address);\n(0, _chai.expect)(await hre.Diamond.getDepositEnabledSCDP(f.KrAsset.address)).to.equal(false);",
                  "err": {},
                  "uuid": "0491a453-f07f-49ad-8abd-3d2ca2ab0b2c",
                  "parentUUID": "895c591d-c0ed-4301-b0f7-41fa54e1399d",
                  "isHook": false,
                  "skipped": false
                },
                {
                  "title": "should be able to enable and disable swap pairs",
                  "fullTitle": "SCDP #Configuration should be able to enable and disable swap pairs",
                  "timedOut": false,
                  "duration": 214,
                  "state": "passed",
                  "speed": "fast",
                  "pass": true,
                  "fail": false,
                  "pending": false,
                  "context": null,
                  "code": "const swapPairsEnabled = [\n    {\n        assetIn: f.Collateral.address,\n        assetOut: f.KrAsset.address,\n        enabled: true\n    }\n];\nawait hre.Diamond.setSwapRoutesSCDP(swapPairsEnabled);\n(0, _chai.expect)(await hre.Diamond.getSwapEnabledSCDP(f.Collateral.address, f.KrAsset.address)).to.equal(true);\n(0, _chai.expect)(await hre.Diamond.getSwapEnabledSCDP(f.KrAsset.address, f.Collateral.address)).to.equal(true);\nconst swapPairsDisabled = [\n    {\n        assetIn: f.Collateral.address,\n        assetOut: f.KrAsset.address,\n        enabled: false\n    }\n];\nawait hre.Diamond.setSwapRoutesSCDP(swapPairsDisabled);\n(0, _chai.expect)(await hre.Diamond.getSwapEnabledSCDP(f.Collateral.address, f.KrAsset.address)).to.equal(false);\n(0, _chai.expect)(await hre.Diamond.getSwapEnabledSCDP(f.KrAsset.address, f.Collateral.address)).to.equal(false);",
                  "err": {},
                  "uuid": "30941c03-65a9-46bf-94c2-eecfd259e5ca",
                  "parentUUID": "895c591d-c0ed-4301-b0f7-41fa54e1399d",
                  "isHook": false,
                  "skipped": false
                }
              ],
              "suites": [],
              "passes": [
                "b17b9aad-ede0-4966-8cea-3431df9ba8c6",
                "2340fc85-f927-4784-9f04-ce0f5820c41a",
                "fd296bce-e0e3-4c60-b740-75a51dc0b9b2",
                "4952c598-4ac1-447f-bc9d-51c273c70b4d",
                "51d296a1-5577-49fc-ae10-6f51e4e828b1",
                "731766c6-a797-48f0-8659-740a89f18583",
                "1265e683-5bbc-4195-b5a2-917fe66dd079",
                "0491a453-f07f-49ad-8abd-3d2ca2ab0b2c",
                "30941c03-65a9-46bf-94c2-eecfd259e5ca"
              ],
              "failures": [],
              "pending": [],
              "skipped": [],
              "duration": 1780,
              "root": false,
              "rootEmpty": false,
              "_timeout": 30000
            },
            {
              "uuid": "3b9548a0-10b8-4b5a-858d-231af3b6ed12",
              "title": "#Deposit",
              "fullFile": "/Users/panukettunen/projects/kresko-protocol/src/test/scdp/00-scdp.ts",
              "file": "/src/test/scdp/00-scdp.ts",
              "beforeHooks": [],
              "afterHooks": [],
              "tests": [
                {
                  "title": "should be able to deposit collateral, calculate correct deposit values",
                  "fullTitle": "SCDP #Deposit should be able to deposit collateral, calculate correct deposit values",
                  "timedOut": false,
                  "duration": 1822,
                  "state": "passed",
                  "speed": "fast",
                  "pass": true,
                  "fail": false,
                  "pending": false,
                  "context": null,
                  "code": "const expectedValueUnadjusted = (0, _values.toBig)(f.CollateralPrice.num(8) * depositAmount, 8);\nconst expectedValueAdjusted = (f.CollateralPrice.num(8) * depositAmount).ebn(8) // cfactor = 1\n;\nawait hre.Diamond.setFeeAssetSCDP(f.Collateral.address);\nawait Promise.all(f.usersArr.map((user)=>{\n    return (0, _redstone.wrapKresko)(hre.Diamond, user).depositSCDP(user.address, f.Collateral.address, depositAmount18Dec);\n}));\nconst [userInfos, statistics, assetInfo] = await Promise.all([\n    hre.Diamond.getAccountsSCDP(f.usersArr.map((user)=>user.address), [\n        f.Collateral.address\n    ]),\n    hre.Diamond.getDataSCDP(),\n    hre.Diamond.getAssetDataSCDP(f.Collateral.address)\n]);\nfor (const userInfo of userInfos){\n    const balance = await f.Collateral.balanceOf(userInfo.addr);\n    (0, _chai.expect)(balance).to.equal(0);\n    (0, _chai.expect)(userInfo.deposits[0].amountAdj).to.equal(depositAmount18Dec);\n    (0, _chai.expect)(userInfo.deposits[0].amount).to.equal(depositAmount18Dec);\n    (0, _chai.expect)(userInfo.totals.valColl).to.equal(expectedValueUnadjusted);\n    (0, _chai.expect)(userInfo.totals.valFees).to.equal(expectedValueUnadjusted);\n    (0, _chai.expect)(userInfo.deposits[0].val).to.equal(expectedValueUnadjusted);\n    (0, _chai.expect)(userInfo.deposits[0].valAdj).to.equal(expectedValueUnadjusted);\n}\n(0, _chai.expect)(await f.Collateral.balanceOf(hre.Diamond.address)).to.equal(depositAmount18Dec.mul(f.usersArr.length));\n(0, _chai.expect)(assetInfo.amountColl).to.equal(depositAmount18Dec.mul(f.usersArr.length));\n(0, _chai.expect)(assetInfo.valColl).to.equal(expectedValueUnadjusted.mul(f.usersArr.length));\n(0, _chai.expect)(statistics.totals.valColl).to.equal(expectedValueUnadjusted.mul(f.usersArr.length));\n(0, _chai.expect)(statistics.totals.valDebt).to.equal(0);\n// Adjusted\n(0, _chai.expect)(assetInfo.valCollAdj).to.equal(expectedValueAdjusted.mul(f.usersArr.length));\n(0, _chai.expect)(statistics.totals.valCollAdj).to.equal(expectedValueUnadjusted.mul(f.usersArr.length));\n(0, _chai.expect)(statistics.totals.valDebtOgAdj).to.equal(0);\n(0, _chai.expect)(statistics.totals.valDebt).to.equal(0);\n(0, _chai.expect)(statistics.totals.crOgAdj).to.equal(0);\n(0, _chai.expect)(statistics.totals.crOg).to.equal(0);\n(0, _chai.expect)(statistics.totals.cr).to.equal(0);",
                  "err": {},
                  "uuid": "ba84933d-8158-4ae9-873a-dcd0ccdffbf8",
                  "parentUUID": "3b9548a0-10b8-4b5a-858d-231af3b6ed12",
                  "isHook": false,
                  "skipped": false
                },
                {
                  "title": "should be able to deposit multiple collaterals, calculate correct deposit values",
                  "fullTitle": "SCDP #Deposit should be able to deposit multiple collaterals, calculate correct deposit values",
                  "timedOut": false,
                  "duration": 2209,
                  "state": "passed",
                  "speed": "fast",
                  "pass": true,
                  "fail": false,
                  "pending": false,
                  "context": null,
                  "code": "const expectedValueUnadjusted = (0, _values.toBig)(f.CollateralPrice.num(8) * depositAmount, 8);\nconst expectedValueAdjusted = (0, _values.toBig)(f.CollateralPrice.num(8) / 1 * depositAmount, 8) // cfactor = 1\n;\nconst expectedValueUnadjusted8Dec = (0, _values.toBig)(f.CollateralPrice.num(8) * depositAmount, 8);\nconst expectedValueAdjusted8Dec = (0, _values.toBig)(f.CollateralPrice.num(8) * 0.8 * depositAmount, 8) // cfactor = 0.8\n;\nawait Promise.all(f.usersArr.map(async (user)=>{\n    const User = (0, _redstone.wrapKresko)(hre.Diamond, user);\n    await hre.Diamond.setFeeAssetSCDP(f.Collateral.address);\n    await User.depositSCDP(user.address, f.Collateral.address, depositAmount18Dec);\n    await hre.Diamond.setFeeAssetSCDP(f.Collateral8Dec.address);\n    await User.depositSCDP(user.address, f.Collateral8Dec.address, depositAmount8Dec);\n}));\nconst [userInfos, assetInfos, globals] = await Promise.all([\n    hre.Diamond.getAccountsSCDP(f.usersArr.map((u)=>u.address), [\n        f.Collateral.address,\n        f.Collateral8Dec.address\n    ]),\n    hre.Diamond.getAssetDatasSCDP([\n        f.Collateral.address,\n        f.Collateral8Dec.address\n    ]),\n    hre.Diamond.getDataSCDP()\n]);\nfor (const userInfo of userInfos){\n    (0, _chai.expect)(userInfo.deposits[0].amount).to.equal(depositAmount18Dec);\n    (0, _chai.expect)(userInfo.deposits[0].val).to.equal(expectedValueUnadjusted);\n    (0, _chai.expect)(userInfo.deposits[1].amount).to.equal(depositAmount8Dec);\n    (0, _chai.expect)(userInfo.deposits[1].val).to.equal(expectedValueUnadjusted8Dec);\n    (0, _chai.expect)(userInfo.totals.valColl).to.equal(expectedValueUnadjusted.add(expectedValueUnadjusted8Dec));\n}\n(0, _chai.expect)(assetInfos[0].amountColl).to.equal(depositAmount18Dec.mul(f.usersArr.length));\n(0, _chai.expect)(assetInfos[1].amountColl).to.equal(depositAmount8Dec.mul(f.usersArr.length));\n// WITH_FACTORS global\nconst valueTotalAdjusted = expectedValueAdjusted.mul(f.usersArr.length);\nconst valueTotalAdjusted8Dec = expectedValueAdjusted8Dec.mul(f.usersArr.length);\nconst valueAdjusted = valueTotalAdjusted.add(valueTotalAdjusted8Dec);\n(0, _chai.expect)(assetInfos[0].valColl).to.equal(valueTotalAdjusted);\n(0, _chai.expect)(assetInfos[1].valCollAdj).to.equal(valueTotalAdjusted8Dec);\n(0, _chai.expect)(globals.totals.valCollAdj).to.equal(valueAdjusted);\n(0, _chai.expect)(globals.totals.valDebt).to.equal(0);\n(0, _chai.expect)(globals.totals.cr).to.equal(0);\n// WITHOUT_FACTORS global\nconst valueTotalUnadjusted = expectedValueUnadjusted.mul(f.usersArr.length);\nconst valueTotalUnadjusted8Dec = expectedValueUnadjusted8Dec.mul(f.usersArr.length);\nconst valueUnadjusted = valueTotalUnadjusted.add(valueTotalUnadjusted8Dec);\n(0, _chai.expect)(assetInfos[0].valColl).to.equal(valueTotalUnadjusted);\n(0, _chai.expect)(assetInfos[1].valColl).to.equal(valueTotalUnadjusted8Dec);\n(0, _chai.expect)(globals.totals.valColl).to.equal(valueUnadjusted);\n(0, _chai.expect)(globals.totals.valDebt).to.equal(0);\n(0, _chai.expect)(globals.totals.cr).to.equal(0);",
                  "err": {},
                  "uuid": "0a75369e-a35e-4594-8524-3a47107892d5",
                  "parentUUID": "3b9548a0-10b8-4b5a-858d-231af3b6ed12",
                  "isHook": false,
                  "skipped": false
                }
              ],
              "suites": [],
              "passes": [
                "ba84933d-8158-4ae9-873a-dcd0ccdffbf8",
                "0a75369e-a35e-4594-8524-3a47107892d5"
              ],
              "failures": [],
              "pending": [],
              "skipped": [],
              "duration": 4031,
              "root": false,
              "rootEmpty": false,
              "_timeout": 30000
            },
            {
              "uuid": "f3a41838-2ffd-46cc-bb83-7b63fafbd14b",
              "title": "#Withdraw",
              "fullFile": "/Users/panukettunen/projects/kresko-protocol/src/test/scdp/00-scdp.ts",
              "file": "/src/test/scdp/00-scdp.ts",
              "beforeHooks": [
                {
                  "title": "\"before each\" hook in \"#Withdraw\"",
                  "fullTitle": "SCDP #Withdraw \"before each\" hook in \"#Withdraw\"",
                  "timedOut": false,
                  "duration": 633,
                  "state": null,
                  "speed": null,
                  "pass": false,
                  "fail": false,
                  "pending": false,
                  "context": null,
                  "code": "await Promise.all(f.usersArr.map(async (user)=>{\n    const UserKresko = (0, _redstone.wrapKresko)(hre.Diamond, user);\n    await hre.Diamond.setFeeAssetSCDP(f.Collateral.address);\n    await UserKresko.depositSCDP(user.address, f.Collateral.address, depositAmount18Dec);\n    await hre.Diamond.setFeeAssetSCDP(f.Collateral8Dec.address);\n    await UserKresko.depositSCDP(user.address, f.Collateral8Dec.address, depositAmount8Dec);\n}));",
                  "err": {},
                  "uuid": "becba319-f622-4d1f-a713-8e32e001c0e0",
                  "parentUUID": "f3a41838-2ffd-46cc-bb83-7b63fafbd14b",
                  "isHook": true,
                  "skipped": false
                }
              ],
              "afterHooks": [],
              "tests": [
                {
                  "title": "should be able to withdraw full collateral of multiple assets",
                  "fullTitle": "SCDP #Withdraw should be able to withdraw full collateral of multiple assets",
                  "timedOut": false,
                  "duration": 2137,
                  "state": "passed",
                  "speed": "fast",
                  "pass": true,
                  "fail": false,
                  "pending": false,
                  "context": null,
                  "code": "await Promise.all(f.usersArr.map(async (user)=>{\n    const UserKresko = (0, _redstone.wrapKresko)(hre.Diamond, user);\n    return Promise.all([\n        UserKresko.withdrawSCDP(user.address, f.Collateral.address, depositAmount18Dec),\n        UserKresko.withdrawSCDP(user.address, f.Collateral8Dec.address, depositAmount8Dec)\n    ]);\n}));\n(0, _chai.expect)(await f.Collateral.balanceOf(hre.Diamond.address)).to.equal(0);\nconst [userInfos, assetInfos, globals] = await Promise.all([\n    hre.Diamond.getAccountsSCDP(f.usersArr.map((u)=>u.address), [\n        f.Collateral.address,\n        f.Collateral8Dec.address\n    ]),\n    hre.Diamond.getAssetDatasSCDP([\n        f.Collateral.address,\n        f.Collateral8Dec.address\n    ]),\n    hre.Diamond.getDataSCDP()\n]);\nfor (const userInfo of userInfos){\n    (0, _chai.expect)(await f.Collateral.balanceOf(userInfo.addr)).to.equal(depositAmount18Dec);\n    (0, _chai.expect)(userInfo.deposits[0].amount).to.equal(0);\n    (0, _chai.expect)(userInfo.deposits[0].amountAdj).to.equal(0);\n    (0, _chai.expect)(userInfo.deposits[1].amount).to.equal(0);\n    (0, _chai.expect)(userInfo.deposits[1].amountAdj).to.equal(0);\n    (0, _chai.expect)(userInfo.totals.valColl).to.equal(0);\n}\nfor (const assetInfo of assetInfos){\n    (0, _chai.expect)(assetInfo.valColl).to.equal(0);\n    (0, _chai.expect)(assetInfo.amountColl).to.equal(0);\n    (0, _chai.expect)(assetInfo.amountSwapDeposit).to.equal(0);\n}\n(0, _chai.expect)(globals.totals.valColl).to.equal(0);\n(0, _chai.expect)(globals.totals.valDebt).to.equal(0);\n(0, _chai.expect)(globals.totals.cr).to.equal(0);",
                  "err": {},
                  "uuid": "bba68067-bc13-4a12-ad69-cfd4e638a3ab",
                  "parentUUID": "f3a41838-2ffd-46cc-bb83-7b63fafbd14b",
                  "isHook": false,
                  "skipped": false
                },
                {
                  "title": "should be able to withdraw partial collateral of multiple assets",
                  "fullTitle": "SCDP #Withdraw should be able to withdraw partial collateral of multiple assets",
                  "timedOut": false,
                  "duration": 2667,
                  "state": "passed",
                  "speed": "medium",
                  "pass": true,
                  "fail": false,
                  "pending": false,
                  "context": null,
                  "code": "const partialWithdraw = depositAmount18Dec.div(f.usersArr.length);\nconst partialWithdraw8Dec = depositAmount8Dec.div(f.usersArr.length);\nconst expectedValueUnadjusted = (0, _values.toBig)(f.CollateralPrice.num(8) * depositAmount, 8).mul(200).div(300);\nconst expectedValueAdjusted = (0, _values.toBig)(f.CollateralPrice.num(8) * 1 * depositAmount, 8).mul(200).div(300) // cfactor = 1\n;\nconst expectedValueUnadjusted8Dec = (0, _values.toBig)(f.CollateralPrice.num(8) * depositAmount, 8).mul(200).div(300);\nconst expectedValueAdjusted8Dec = (0, _values.toBig)(f.CollateralPrice.num(8) * 0.8 * depositAmount, 8).mul(200).div(300) // cfactor = 0.8\n;\nawait Promise.all(f.usersArr.map((user)=>{\n    const UserKresko = (0, _redstone.wrapKresko)(hre.Diamond, user);\n    return Promise.all([\n        UserKresko.withdrawSCDP(user.address, f.Collateral.address, partialWithdraw),\n        UserKresko.withdrawSCDP(user.address, f.Collateral8Dec.address, partialWithdraw8Dec)\n    ]);\n}));\nconst [collateralBalanceAfter, collateral8DecBalanceAfter, globals, assetInfos, userInfos] = await Promise.all([\n    f.Collateral.balanceOf(hre.Diamond.address),\n    f.Collateral8Dec.balanceOf(hre.Diamond.address),\n    hre.Diamond.getDataSCDP(),\n    hre.Diamond.getAssetDatasSCDP([\n        f.Collateral.address,\n        f.Collateral8Dec.address\n    ]),\n    hre.Diamond.getAccountsSCDP(f.usersArr.map((u)=>u.address), [\n        f.Collateral.address,\n        f.Collateral8Dec.address\n    ])\n]);\nfor (const userInfo of userInfos){\n    const [balance18Dec, balance8Dec] = await Promise.all([\n        f.Collateral.balanceOf(userInfo.addr),\n        f.Collateral8Dec.balanceOf(userInfo.addr)\n    ]);\n    (0, _chai.expect)(balance18Dec).to.equal(partialWithdraw);\n    (0, _chai.expect)(balance8Dec).to.equal(partialWithdraw8Dec);\n    (0, _chai.expect)(userInfo.deposits[0].amount).to.equal(depositAmount18Dec.sub(partialWithdraw));\n    (0, _chai.expect)(userInfo.deposits[0].amountAdj).to.equal(depositAmount18Dec.sub(partialWithdraw));\n    (0, _chai.expect)(userInfo.deposits[1].amount).to.equal(depositAmount8Dec.sub(partialWithdraw8Dec));\n    (0, _chai.expect)(userInfo.deposits[1].amountAdj).to.equal(depositAmount8Dec.sub(partialWithdraw8Dec));\n    (0, _chai.expect)(userInfo.totals.valColl).to.closeTo(expectedValueUnadjusted.add(expectedValueUnadjusted8Dec), (0, _values.toBig)(0.00001, 8));\n}\n(0, _chai.expect)(collateralBalanceAfter).to.closeTo((0, _values.toBig)(2000), 1);\n(0, _chai.expect)(collateral8DecBalanceAfter).to.closeTo((0, _values.toBig)(2000, 8), 1);\n(0, _chai.expect)(assetInfos[0].amountColl).to.closeTo((0, _values.toBig)(2000), 1);\n(0, _chai.expect)(assetInfos[1].amountColl).to.closeTo((0, _values.toBig)(2000, 8), 1);\n(0, _chai.expect)(assetInfos[0].valColl).to.closeTo(expectedValueUnadjusted.mul(f.usersArr.length), 20);\n(0, _chai.expect)(assetInfos[0].valCollAdj).to.closeTo(expectedValueAdjusted.mul(f.usersArr.length), 20);\n(0, _chai.expect)(assetInfos[1].valColl).to.closeTo(expectedValueUnadjusted8Dec.mul(f.usersArr.length), 20);\n(0, _chai.expect)(assetInfos[1].valCollAdj).to.closeTo(expectedValueAdjusted8Dec.mul(f.usersArr.length), 20);\nconst totalValueRemaining = expectedValueUnadjusted8Dec.mul(f.usersArr.length).add(expectedValueUnadjusted.mul(f.usersArr.length));\n(0, _chai.expect)(globals.totals.valColl).to.closeTo(totalValueRemaining, 20);\n(0, _chai.expect)(globals.totals.valDebt).to.equal(0);\n(0, _chai.expect)(globals.totals.cr).to.equal(0);",
                  "err": {},
                  "uuid": "50213c53-6f40-42ec-b3e9-d0ef2bb9333f",
                  "parentUUID": "f3a41838-2ffd-46cc-bb83-7b63fafbd14b",
                  "isHook": false,
                  "skipped": false
                }
              ],
              "suites": [],
              "passes": [
                "bba68067-bc13-4a12-ad69-cfd4e638a3ab",
                "50213c53-6f40-42ec-b3e9-d0ef2bb9333f"
              ],
              "failures": [],
              "pending": [],
              "skipped": [],
              "duration": 4804,
              "root": false,
              "rootEmpty": false,
              "_timeout": 30000
            },
            {
              "uuid": "71aec65e-644e-4b9d-97b1-cb45ee29a539",
              "title": "#Fee Distribution",
              "fullFile": "/Users/panukettunen/projects/kresko-protocol/src/test/scdp/00-scdp.ts",
              "file": "/src/test/scdp/00-scdp.ts",
              "beforeHooks": [
                {
                  "title": "\"before each\" hook in \"#Fee Distribution\"",
                  "fullTitle": "SCDP #Fee Distribution \"before each\" hook in \"#Fee Distribution\"",
                  "timedOut": false,
                  "duration": 53,
                  "state": null,
                  "speed": null,
                  "pass": false,
                  "fail": false,
                  "pending": false,
                  "context": null,
                  "code": "incomeCumulator = hre.users.deployer;\nIncomeCumulator = (0, _redstone.wrapKresko)(hre.Diamond, incomeCumulator);\nawait f.Collateral.setBalance(incomeCumulator, depositAmount18Dec.mul(f.usersArr.length), hre.Diamond.address);",
                  "err": {},
                  "uuid": "667a5d3f-4b90-4776-accf-40ad99ce69b3",
                  "parentUUID": "71aec65e-644e-4b9d-97b1-cb45ee29a539",
                  "isHook": true,
                  "skipped": false
                }
              ],
              "afterHooks": [],
              "tests": [
                {
                  "title": "should be able to cumulate fees into deposits",
                  "fullTitle": "SCDP #Fee Distribution should be able to cumulate fees into deposits",
                  "timedOut": false,
                  "duration": 3864,
                  "state": "passed",
                  "speed": "medium",
                  "pass": true,
                  "fail": false,
                  "pending": false,
                  "context": null,
                  "code": "await hre.Diamond.setFeeAssetSCDP(f.Collateral.address);\nconst fees = depositAmount18Dec.mul(f.usersArr.length);\nconst expectedValueNoFees = (0, _values.toBig)(f.CollateralPrice.num(8) * depositAmount, 8);\nconst expectedValueFees = expectedValueNoFees.mul(2);\n// deposit some\nawait Promise.all(f.usersArr.map((signer)=>(0, _redstone.wrapKresko)(hre.Diamond, signer).depositSCDP(signer.address, f.Collateral.address, depositAmount18Dec)));\n// cumulate some income\nawait IncomeCumulator.cumulateIncomeSCDP(f.Collateral.address, fees);\n// check that the fees are cumulated\nfor (const data of (await hre.Diamond.getAccountsSCDP(f.usersArr.map((u)=>u.address), [\n    f.Collateral.address\n]))){\n    (0, _chai.expect)(data.deposits[0].val).to.equal(expectedValueNoFees);\n    (0, _chai.expect)(data.deposits[0].valAdj).to.equal(expectedValueFees);\n    (0, _chai.expect)(data.totals.valColl).to.equal(expectedValueNoFees);\n    (0, _chai.expect)(data.totals.valFees).to.equal(expectedValueFees);\n}\n// withdraw principal\nawait Promise.all(f.usersArr.map((signer)=>(0, _redstone.wrapKresko)(hre.Diamond, signer).withdrawSCDP(signer.address, f.Collateral.address, depositAmount18Dec)));\nfor (const user of (await hre.Diamond.getAccountsSCDP(f.usersArr.map((u)=>u.address), [\n    f.Collateral.address\n]))){\n    const balance = await f.Collateral.balanceOf(user.addr);\n    (0, _chai.expect)(user.deposits[0].val).to.equal(0);\n    (0, _chai.expect)(user.deposits[0].valAdj).to.equal(expectedValueFees.sub(expectedValueNoFees));\n    (0, _chai.expect)(user.totals.valFees).to.equal(expectedValueFees.sub(expectedValueNoFees));\n    (0, _chai.expect)(user.totals.valColl).to.equal(0);\n    (0, _chai.expect)(balance).to.equal(depositAmount18Dec);\n}\nconst [assetInfo, stats, balance] = await Promise.all([\n    hre.Diamond.getAssetDataSCDP(f.Collateral.address),\n    hre.Diamond.getDataSCDP(),\n    f.Collateral.balanceOf(hre.Diamond.address)\n]);\n(0, _chai.expect)(balance).to.equal(fees);\n(0, _chai.expect)(assetInfo.amountColl).to.equal(0);\n(0, _chai.expect)(assetInfo.valColl).to.equal(0);\n(0, _chai.expect)(assetInfo.valCollAdj).to.equal(0);\n(0, _chai.expect)(stats.totals.valColl).to.equal(0);\n// Withdraw fees\nawait Promise.all(f.usersArr.map((signer)=>{\n    return (0, _redstone.wrapKresko)(hre.Diamond, signer).withdrawSCDP(signer.address, f.Collateral.address, depositAmount18Dec);\n}));\nfor (const data of (await hre.Diamond.getAccountsSCDP(f.usersArr.map((u)=>u.address), [\n    f.Collateral.address\n]))){\n    const balance = await f.Collateral.balanceOf(data.addr);\n    (0, _chai.expect)(balance).to.equal(depositAmount18Dec.add(depositAmount18Dec));\n    (0, _chai.expect)(data.deposits[0].val).to.equal(0);\n    (0, _chai.expect)(data.deposits[0].valAdj).to.equal(0);\n    (0, _chai.expect)(data.totals.valColl).to.equal(0);\n    (0, _chai.expect)(data.totals.valFees).to.equal(0);\n}\n// nothing left in protocol.\nconst [colalteralBalanceKresko, assetInfoFinal] = await Promise.all([\n    f.Collateral.balanceOf(hre.Diamond.address),\n    hre.Diamond.getAssetDataSCDP(f.Collateral.address)\n]);\n(0, _chai.expect)(colalteralBalanceKresko).to.equal(0);\n(0, _chai.expect)(assetInfoFinal.amountColl).to.equal(0);\n(0, _chai.expect)(assetInfoFinal.valColl).to.equal(0);\n(0, _chai.expect)(assetInfoFinal.valCollAdj).to.equal(0);",
                  "err": {},
                  "uuid": "ffc5e17b-4315-4593-acd8-8594a0abcd44",
                  "parentUUID": "71aec65e-644e-4b9d-97b1-cb45ee29a539",
                  "isHook": false,
                  "skipped": false
                }
              ],
              "suites": [],
              "passes": [
                "ffc5e17b-4315-4593-acd8-8594a0abcd44"
              ],
              "failures": [],
              "pending": [],
              "skipped": [],
              "duration": 3864,
              "root": false,
              "rootEmpty": false,
              "_timeout": 30000
            },
            {
              "uuid": "90bed358-29a9-4f97-94f3-4b48fcab06a3",
              "title": "#Swap",
              "fullFile": "/Users/panukettunen/projects/kresko-protocol/src/test/scdp/00-scdp.ts",
              "file": "/src/test/scdp/00-scdp.ts",
              "beforeHooks": [
                {
                  "title": "\"before each\" hook in \"#Swap\"",
                  "fullTitle": "SCDP #Swap \"before each\" hook in \"#Swap\"",
                  "timedOut": false,
                  "duration": 43,
                  "state": null,
                  "speed": null,
                  "pass": false,
                  "fail": false,
                  "pending": false,
                  "context": null,
                  "code": "await Promise.all(f.usersArr.map((signer)=>f.Collateral.setBalance(signer, (0, _values.toBig)(1_000_000))));\nawait f.KISS.setBalance(f.swapper, (0, _values.toBig)(10_000));\nawait f.KISS.setBalance(f.depositor, (0, _values.toBig)(10_000));\nawait f.KreskoDepositor.depositSCDP(f.depositor.address, f.KISS.address, depositAmount18Dec);",
                  "err": {},
                  "uuid": "bb407f79-1825-4e6e-9aac-2cbbad8b988b",
                  "parentUUID": "90bed358-29a9-4f97-94f3-4b48fcab06a3",
                  "isHook": true,
                  "skipped": false
                }
              ],
              "afterHooks": [],
              "tests": [
                {
                  "title": "should have collateral in pool",
                  "fullTitle": "SCDP #Swap should have collateral in pool",
                  "timedOut": false,
                  "duration": 712,
                  "state": "passed",
                  "speed": "fast",
                  "pass": true,
                  "fail": false,
                  "pending": false,
                  "context": null,
                  "code": "const value = await hre.Diamond.getDataSCDP();\n(0, _chai.expect)(value.totals.valColl).to.equal((0, _values.toBig)(depositAmount, 8));\n(0, _chai.expect)(value.totals.valDebt).to.equal(0);\n(0, _chai.expect)(value.totals.cr).to.equal(0);",
                  "err": {},
                  "uuid": "f5968106-7a7c-4b2d-9c13-d0b46ce86d65",
                  "parentUUID": "90bed358-29a9-4f97-94f3-4b48fcab06a3",
                  "isHook": false,
                  "skipped": false
                },
                {
                  "title": "should be able to preview a swap",
                  "fullTitle": "SCDP #Swap should be able to preview a swap",
                  "timedOut": false,
                  "duration": 109,
                  "state": "passed",
                  "speed": "fast",
                  "pass": true,
                  "fail": false,
                  "pending": false,
                  "context": null,
                  "code": "const swapAmount = (0, _values.toBig)(1);\n(0, _chai.expect)(await f.KrAsset2.getPrice()).to.equal(f.KrAsset2Price);\nconst feePercentageProtocol = Number(f.KISS.config.assetStruct.protocolFeeShareSCDP) + Number(f.KrAsset2.config.assetStruct.protocolFeeShareSCDP);\nconst expectedTotalFee = swapAmount.percentMul(f.KRASSET_KISS_ROUTE_FEE);\nconst expectedProtocolFee = expectedTotalFee.percentMul(feePercentageProtocol);\nconst expectedFee = expectedTotalFee.sub(expectedProtocolFee);\nconst amountInAfterFees = swapAmount.sub(expectedTotalFee);\nconst expectedAmountOut = amountInAfterFees.wadMul(f.KISSPrice).wadDiv(f.KrAsset2Price);\nconst [amountOut, feeAmount, feeAmountProtocol] = await hre.Diamond.previewSwapSCDP(f.KISS.address, f.KrAsset2.address, swapAmount);\n(0, _chai.expect)(amountOut).to.equal(expectedAmountOut);\n(0, _chai.expect)(feeAmount).to.equal(expectedFee);\n(0, _chai.expect)(feeAmountProtocol).to.equal(expectedProtocolFee);",
                  "err": {},
                  "uuid": "502f002a-5b84-45ca-a292-9a4068127f2e",
                  "parentUUID": "90bed358-29a9-4f97-94f3-4b48fcab06a3",
                  "isHook": false,
                  "skipped": false
                },
                {
                  "title": "should be able to swap, shared debt == 0 | swap collateral == 0",
                  "fullTitle": "SCDP #Swap should be able to swap, shared debt == 0 | swap collateral == 0",
                  "timedOut": false,
                  "duration": 1469,
                  "state": "passed",
                  "speed": "fast",
                  "pass": true,
                  "fail": false,
                  "pending": false,
                  "context": null,
                  "code": "const swapAmount = (0, _values.toBig)(1) // $1\n;\nconst kissInAfterFees = swapAmount.sub(swapAmount.percentMul(f.KRASSET_KISS_ROUTE_FEE));\nconst expectedAmountOut = kissInAfterFees.wadMul(f.KISSPrice).wadDiv(f.KrAsset2Price);\nconst tx = await f.KreskoSwapper.swapSCDP(f.swapper.address, f.KISS.address, f.KrAsset2.address, swapAmount, 0);\nconst event = await (0, _events.getNamedEvent)(tx, 'Swap');\n(0, _chai.expect)(event.args.who).to.equal(f.swapper.address);\n(0, _chai.expect)(event.args.assetIn).to.equal(f.KISS.address);\n(0, _chai.expect)(event.args.assetOut).to.equal(f.KrAsset2.address);\n(0, _chai.expect)(event.args.amountIn).to.equal(swapAmount);\n(0, _chai.expect)(event.args.amountOut).to.equal(expectedAmountOut);\nconst [KR2Balance, KISSBalance, swapperInfos, assetInfos, global] = await Promise.all([\n    f.KrAsset2.balanceOf(f.swapper.address),\n    f.KISS.balanceOf(f.swapper.address),\n    hre.Diamond.getAccountsSCDP([\n        f.swapper.address\n    ], [\n        f.KrAsset2.address,\n        f.KISS.address\n    ]),\n    hre.Diamond.getAssetDatasSCDP([\n        f.KrAsset2.address,\n        f.KISS.address\n    ]),\n    hre.Diamond.getDataSCDP()\n]);\nconst swapperInfo = swapperInfos[0];\n(0, _chai.expect)(KR2Balance).to.equal(expectedAmountOut);\n(0, _chai.expect)(KISSBalance).to.equal((0, _values.toBig)(10_000).sub(swapAmount));\n(0, _chai.expect)(swapperInfo.deposits[0].val).to.equal(0);\n(0, _chai.expect)(swapperInfo.deposits[1].val).to.equal(0);\n(0, _chai.expect)(assetInfos[0].amountDebt).to.equal(expectedAmountOut);\n(0, _chai.expect)(assetInfos[1].amountSwapDeposit).to.equal(kissInAfterFees);\nconst expectedDepositValue = (0, _values.toBig)(depositAmount, 8).add(kissInAfterFees.wadMul(f.KISSPrice));\n(0, _chai.expect)(assetInfos[1].valColl).to.equal(expectedDepositValue);\n(0, _chai.expect)(assetInfos[0].valDebt).to.equal(expectedAmountOut.wadMul(f.KrAsset2Price));\n(0, _chai.expect)(global.totals.valColl).to.equal(expectedDepositValue);\n(0, _chai.expect)(global.totals.valDebt).to.equal(expectedAmountOut.wadMul(f.KrAsset2Price));\n(0, _chai.expect)(global.totals.cr).to.equal(expectedDepositValue.percentDiv(expectedAmountOut.wadMul(f.KrAsset2Price)));",
                  "err": {},
                  "uuid": "2fc9bdbf-6189-4c83-b9de-b9fee764e724",
                  "parentUUID": "90bed358-29a9-4f97-94f3-4b48fcab06a3",
                  "isHook": false,
                  "skipped": false
                },
                {
                  "title": "should be able to swap, shared debt == assetsIn | swap collateral == assetsOut",
                  "fullTitle": "SCDP #Swap should be able to swap, shared debt == assetsIn | swap collateral == assetsOut",
                  "timedOut": false,
                  "duration": 2410,
                  "state": "passed",
                  "speed": "fast",
                  "pass": true,
                  "fail": false,
                  "pending": false,
                  "context": null,
                  "code": "const swapAmount = (0, _values.toBig)(100) // $100\n;\nconst swapAmountAsset = swapAmount.percentMul(1e4 - Number(f.KRASSET_KISS_ROUTE_FEE)).wadMul(f.KISSPrice.wadDiv(f.KrAsset2Price));\nconst expectedKissOut = swapAmountAsset.percentMul(1e4 - f.KRASSET_KISS_ROUTE_FEE).wadMul(f.KrAsset2Price).wadDiv(f.KISSPrice);\n// deposit some to kresko for minting first\nawait (0, _collaterals.depositCollateral)({\n    user: f.swapper,\n    asset: f.KISS,\n    amount: (0, _values.toBig)(100)\n});\nawait (0, _krassets.mintKrAsset)({\n    user: f.swapper,\n    asset: f.KrAsset2,\n    amount: (0, _values.toBig)(0.1)\n});\nconst globalBefore = await hre.Diamond.getDataSCDP();\n(0, _chai.expect)(globalBefore.totals.valColl).to.equal(initialDepositValue);\nawait f.KreskoSwapper.swapSCDP(f.swapper.address, f.KISS.address, f.KrAsset2.address, swapAmount, 0);\n// the swap that clears debt\nconst tx = await f.KreskoSwapper.swapSCDP(f.swapper.address, f.KrAsset2.address, f.KISS.address, swapAmountAsset, 0);\nconst [event, assetInfos] = await Promise.all([\n    (0, _events.getNamedEvent)(tx, 'Swap'),\n    hre.Diamond.getAssetDatasSCDP([\n        f.KISS.address,\n        f.KrAsset2.address\n    ])\n]);\n(0, _chai.expect)(event.args.who).to.equal(f.swapper.address);\n(0, _chai.expect)(event.args.assetIn).to.equal(f.KrAsset2.address);\n(0, _chai.expect)(event.args.assetOut).to.equal(f.KISS.address);\n(0, _chai.expect)(event.args.amountIn).to.equal(swapAmountAsset);\n(0, _chai.expect)(event.args.amountOut).to.equal(expectedKissOut);\n(0, _chai.expect)(assetInfos[0].amountSwapDeposit).to.equal(0);\n(0, _chai.expect)(assetInfos[0].valColl).to.equal(initialDepositValue);\n(0, _chai.expect)(assetInfos[1].valDebt).to.equal(0);\n(0, _chai.expect)(assetInfos[1].amountDebt).to.equal(0);\nconst global = await hre.Diamond.getDataSCDP();\n(0, _chai.expect)(global.totals.valColl).to.equal((0, _values.toBig)(1000, 8));\n(0, _chai.expect)(global.totals.valDebt).to.equal(0);\n(0, _chai.expect)(global.totals.cr).to.equal(0);",
                  "err": {},
                  "uuid": "7e704fe8-2a27-4896-ac74-cae7fe6fe1d5",
                  "parentUUID": "90bed358-29a9-4f97-94f3-4b48fcab06a3",
                  "isHook": false,
                  "skipped": false
                },
                {
                  "title": "should be able to swap, debt > assetsIn | swap deposits > assetsOut",
                  "fullTitle": "SCDP #Swap should be able to swap, debt > assetsIn | swap deposits > assetsOut",
                  "timedOut": false,
                  "duration": 1768,
                  "state": "passed",
                  "speed": "fast",
                  "pass": true,
                  "fail": false,
                  "pending": false,
                  "context": null,
                  "code": "const swapAmount = (0, _values.toBig)(1) // $1\n;\nconst swapValue = (0, _values.toBig)(1, 8);\nawait f.KreskoSwapper.swapSCDP(f.swapper.address, f.KISS.address, f.KrAsset2.address, swapAmount, 0);\nconst assetInfoKISS = await hre.Diamond.getAssetDataSCDP(f.KISS.address);\nconst feeValueFirstSwap = swapValue.percentMul(f.KRASSET_KISS_ROUTE_FEE);\nconst valueInAfterFees = swapValue.sub(feeValueFirstSwap);\n(0, _chai.expect)(assetInfoKISS.valColl).to.equal(depositValue.add(valueInAfterFees));\nconst expectedSwapDeposits = valueInAfterFees.num(8).ebn(18);\n(0, _chai.expect)(assetInfoKISS.amountSwapDeposit).to.equal(expectedSwapDeposits);\nconst swapAmountSecond = (0, _values.toBig)(0.009) // this is $0.90, so less than $0.96 since we want to ensure debt > assetsIn | swap deposits > assetsOut\n;\nconst swapValueSecond = swapAmountSecond.wadMul(f.KrAsset2Price);\nconst feeValueSecondSwap = swapValueSecond.sub(swapValueSecond.percentMul(f.KRASSET_KISS_ROUTE_FEE));\nconst expectedKissOut = feeValueSecondSwap.wadDiv(f.KISSPrice) // 0.8685\n;\nconst tx = await f.KreskoSwapper.swapSCDP(f.swapper.address, f.KrAsset2.address, f.KISS.address, swapAmountSecond, 0);\nconst event = await (0, _events.getNamedEvent)(tx, 'Swap');\n(0, _chai.expect)(event.args.who).to.equal(f.swapper.address);\n(0, _chai.expect)(event.args.assetIn).to.equal(f.KrAsset2.address);\n(0, _chai.expect)(event.args.assetOut).to.equal(f.KISS.address);\n(0, _chai.expect)(event.args.amountIn).to.equal(swapAmountSecond);\n(0, _chai.expect)(event.args.amountOut).to.equal(expectedKissOut);\nconst [depositValueKR2, depositValueKISS, assetInfos, globals] = await Promise.all([\n    f.KreskoSwapper.getAccountDepositValueSCDP(f.swapper.address, f.KrAsset2.address),\n    f.KreskoSwapper.getAccountDepositValueSCDP(f.swapper.address, f.KISS.address),\n    hre.Diamond.getAssetDatasSCDP([\n        f.KISS.address,\n        f.KrAsset2.address\n    ]),\n    hre.Diamond.getDataSCDP()\n]);\n(0, _chai.expect)(depositValueKR2).to.equal(0);\n(0, _chai.expect)(depositValueKISS).to.equal(0);\nconst expectedSwapDepositsAfter = expectedSwapDeposits.sub((0, _values.toBig)(0.9));\nconst expectedSwapDepositsValue = expectedSwapDepositsAfter.wadMul(assetInfoKISS.price);\n(0, _chai.expect)(assetInfos[0].amountSwapDeposit).to.equal(expectedSwapDepositsAfter);\n(0, _chai.expect)(assetInfos[0].valColl).to.equal((0, _values.toBig)(depositAmount, 8).add(expectedSwapDepositsValue));\n(0, _chai.expect)(assetInfos[1].valDebt).to.equal(expectedSwapDepositsValue);\nconst expectedDebtAfter = expectedSwapDepositsValue.wadDiv(await f.KrAsset2.getPrice());\n(0, _chai.expect)(assetInfos[0].amountDebt).to.equal(0);\n(0, _chai.expect)(assetInfos[1].amountDebt).to.equal(expectedDebtAfter);\nconst expectedCollateralValue = expectedSwapDepositsValue.add(depositAmount.ebn(8));\n(0, _chai.expect)(globals.totals.valColl).to.equal(expectedCollateralValue) // swap deposits + collateral deposited\n;\n(0, _chai.expect)(globals.totals.valDebt).to.equal(expectedSwapDepositsValue) //\n;\n(0, _chai.expect)(globals.totals.cr).to.equal(expectedCollateralValue.percentDiv(expectedSwapDepositsValue));",
                  "err": {},
                  "uuid": "827d0a76-58f1-45e6-a912-2431b1bc67c0",
                  "parentUUID": "90bed358-29a9-4f97-94f3-4b48fcab06a3",
                  "isHook": false,
                  "skipped": false
                },
                {
                  "title": "should be able to swap, debt < assetsIn | swap deposits < assetsOut",
                  "fullTitle": "SCDP #Swap should be able to swap, debt < assetsIn | swap deposits < assetsOut",
                  "timedOut": false,
                  "duration": 2832,
                  "state": "passed",
                  "speed": "medium",
                  "pass": true,
                  "fail": false,
                  "pending": false,
                  "context": null,
                  "code": "const swapAmountKiss = (0, _values.toBig)(100) // $100\n;\nconst swapAmountKrAsset = (0, _values.toBig)(2) // $200\n;\nconst swapValue = 200;\nconst firstSwapFeeAmount = swapAmountKiss.percentMul(f.KRASSET_KISS_ROUTE_FEE);\nconst expectedKissOutSecondSwap = swapAmountKrAsset.sub(swapAmountKrAsset.percentMul(f.KRASSET_KISS_ROUTE_FEE)).wadMul(f.KrAsset2Price).wadDiv(f.KISSPrice);\nconst krAssetOutFirstSwap = swapAmountKiss.sub(firstSwapFeeAmount).wadMul(f.KISSPrice).wadDiv(f.KrAsset2Price);\nconst krAssetOutFirstSwapValue = krAssetOutFirstSwap.wadMul(f.KrAsset2Price);\n// deposit some to kresko for minting first\nawait (0, _collaterals.depositCollateral)({\n    user: f.swapper,\n    asset: f.KISS,\n    amount: (0, _values.toBig)(400)\n});\nconst ICDPMintAmount = (0, _values.toBig)(1.04);\nawait (0, _krassets.mintKrAsset)({\n    user: f.swapper,\n    asset: f.KrAsset2,\n    amount: ICDPMintAmount\n});\nawait f.KreskoSwapper.swapSCDP(f.swapper.address, f.KISS.address, f.KrAsset2.address, swapAmountKiss, 0);\nconst expectedSwapDeposits = swapAmountKiss.sub(firstSwapFeeAmount);\nconst stats = await hre.Diamond.getDataSCDP();\n(0, _chai.expect)(await f.KreskoSwapper.getSwapDepositsSCDP(f.KISS.address)).to.equal(expectedSwapDeposits);\n(0, _chai.expect)(stats.totals.valColl).to.be.eq(depositAmount.ebn().add(expectedSwapDeposits).wadMul(f.KISSPrice));\n// the swap that matters, here user has 0.96 (previous swap) + 1.04 (mint). expecting 192 kiss from swap.\nconst [expectedAmountOut] = await f.KreskoSwapper.previewSwapSCDP(f.KrAsset2.address, f.KISS.address, swapAmountKrAsset);\n(0, _chai.expect)(expectedAmountOut).to.equal(expectedKissOutSecondSwap);\nconst tx = await f.KreskoSwapper.swapSCDP(f.swapper.address, f.KrAsset2.address, f.KISS.address, swapAmountKrAsset, 0);\nconst event = await (0, _events.getNamedEvent)(tx, 'Swap');\n(0, _chai.expect)(event.args.who).to.equal(f.swapper.address);\n(0, _chai.expect)(event.args.assetIn).to.equal(f.KrAsset2.address);\n(0, _chai.expect)(event.args.assetOut).to.equal(f.KISS.address);\n(0, _chai.expect)(event.args.amountIn).to.equal(swapAmountKrAsset);\n(0, _chai.expect)(event.args.amountOut).to.equal(expectedKissOutSecondSwap);\nconst assetInfos = await hre.Diamond.getAssetDatasSCDP([\n    f.KISS.address,\n    f.KrAsset2.address\n]);\n// f.KISS deposits sent in swap\nconst acocuntPrincipalDepositsKISS = await f.KreskoSwapper.getAccountDepositSCDP(f.depositor.address, f.KISS.address);\n(0, _chai.expect)(assetInfos[0].amountSwapDeposit).to.equal(0) // half of 2 krAsset\n;\n(0, _chai.expect)(assetInfos[0].amountColl).to.equal(acocuntPrincipalDepositsKISS);\n// KrAsset debt is cleared\n(0, _chai.expect)(assetInfos[1].valDebt).to.equal(0);\n(0, _chai.expect)(assetInfos[1].amountDebt).to.equal(0);\n// KISS debt is issued\nconst expectedKissDebtValue = (0, _values.toBig)(swapValue, 8).sub(krAssetOutFirstSwapValue);\n(0, _chai.expect)(assetInfos[0].valDebt).to.equal(expectedKissDebtValue);\n(0, _chai.expect)(assetInfos[0].amountDebt).to.equal(expectedKissDebtValue.wadDiv(f.KISSPrice));\n// krAsset swap deposits\nconst expectedSwapDepositValue = (0, _values.toBig)(swapValue, 8).sub(krAssetOutFirstSwapValue);\n(0, _chai.expect)(assetInfos[1].amountSwapDeposit).to.equal((0, _values.toBig)(2).sub(krAssetOutFirstSwap));\n(0, _chai.expect)(assetInfos[1].valColl).to.equal(expectedSwapDepositValue) // asset price is $100\n;\nconst global = await hre.Diamond.getDataSCDP();\nconst expectedCollateralValue = (0, _values.toBig)(1000, 8).add(expectedSwapDepositValue);\n(0, _chai.expect)(global.totals.valColl).to.equal(expectedCollateralValue);\n(0, _chai.expect)(global.totals.valDebt).to.equal(expectedKissDebtValue);\n(0, _chai.expect)(global.totals.cr).to.equal(expectedCollateralValue.percentDiv(expectedKissDebtValue));",
                  "err": {},
                  "uuid": "ce7d37c4-c4f8-4ba1-83b5-1b5aa0bffb4a",
                  "parentUUID": "90bed358-29a9-4f97-94f3-4b48fcab06a3",
                  "isHook": false,
                  "skipped": false
                },
                {
                  "title": "cumulates fees on swap",
                  "fullTitle": "SCDP #Swap cumulates fees on swap",
                  "timedOut": false,
                  "duration": 872,
                  "state": "passed",
                  "speed": "fast",
                  "pass": true,
                  "fail": false,
                  "pending": false,
                  "context": null,
                  "code": "const depositAmountNew = (0, _values.toBig)(10000 - depositAmount);\nawait f.KISS.setBalance(f.depositor, depositAmountNew);\nawait f.KreskoDepositor.depositSCDP(f.depositor.address, f.KISS.address, depositAmountNew);\nconst swapAmount = (0, _values.toBig)(2600);\nconst scaledDepositsStart = await f.KreskoSwapper.getAccountScaledDepositsSCDP(f.depositor.address, f.KISS.address);\nawait f.KreskoSwapper.swapSCDP(f.swapper.address, f.KISS.address, f.KrAsset2.address, swapAmount, 0);\nconst scaledDepositsAfterSwap = await f.KreskoSwapper.getAccountScaledDepositsSCDP(f.depositor.address, f.KISS.address);\n(0, _chai.expect)(scaledDepositsAfterSwap).to.gt(scaledDepositsStart);\nawait f.KreskoSwapper.swapSCDP(f.swapper.address, f.KrAsset2.address, f.KISS.address, f.KrAsset2.balanceOf(f.swapper.address), 0);\nconst scaledDepositsAfterSecondSwap = await f.KreskoSwapper.getAccountScaledDepositsSCDP(f.depositor.address, f.KISS.address);\n(0, _chai.expect)(scaledDepositsAfterSecondSwap).to.gt(scaledDepositsAfterSwap);\nconst feesGained = await f.KreskoSwapper.getAccountDepositFeesGainedSCDP(f.depositor.address, f.KISS.address);\nawait f.KreskoDepositor.withdrawSCDP(f.depositor.address, f.KISS.address, feesGained);\nconst [scaledDepositsAfter, feesAfter] = await Promise.all([\n    f.KreskoSwapper.getAccountScaledDepositsSCDP(f.depositor.address, f.KISS.address),\n    f.KreskoSwapper.getAccountDepositFeesGainedSCDP(f.depositor.address, f.KISS.address)\n]);\n(0, _chai.expect)(feesGained).to.eq(feesAfter);\n(0, _chai.expect)(scaledDepositsAfter).to.eq((0, _values.toBig)(10000));\nawait f.KreskoDepositor.withdrawSCDP(f.depositor.address, f.KISS.address, (0, _values.toBig)(10000));\nconst [depositsAfterFourth, feesAfterFourth] = await Promise.all([\n    f.KreskoSwapper.getAccountDepositValueSCDP(f.depositor.address, f.KISS.address),\n    f.KreskoSwapper.getAccountScaledDepositsSCDP(f.depositor.address, f.KISS.address)\n]);\n(0, _chai.expect)(depositsAfterFourth).to.eq(0);\n(0, _chai.expect)(feesAfterFourth).to.eq(0);",
                  "err": {},
                  "uuid": "1f874fd4-8679-441a-a244-f2051ebffa76",
                  "parentUUID": "90bed358-29a9-4f97-94f3-4b48fcab06a3",
                  "isHook": false,
                  "skipped": false
                }
              ],
              "suites": [],
              "passes": [
                "f5968106-7a7c-4b2d-9c13-d0b46ce86d65",
                "502f002a-5b84-45ca-a292-9a4068127f2e",
                "2fc9bdbf-6189-4c83-b9de-b9fee764e724",
                "7e704fe8-2a27-4896-ac74-cae7fe6fe1d5",
                "827d0a76-58f1-45e6-a912-2431b1bc67c0",
                "ce7d37c4-c4f8-4ba1-83b5-1b5aa0bffb4a",
                "1f874fd4-8679-441a-a244-f2051ebffa76"
              ],
              "failures": [],
              "pending": [],
              "skipped": [],
              "duration": 10172,
              "root": false,
              "rootEmpty": false,
              "_timeout": 30000
            },
            {
              "uuid": "9b426a4a-a526-46b0-bf16-b75d3fc2741a",
              "title": "#Liquidations",
              "fullFile": "/Users/panukettunen/projects/kresko-protocol/src/test/scdp/00-scdp.ts",
              "file": "/src/test/scdp/00-scdp.ts",
              "beforeHooks": [
                {
                  "title": "\"before each\" hook in \"#Liquidations\"",
                  "fullTitle": "SCDP #Liquidations \"before each\" hook in \"#Liquidations\"",
                  "timedOut": false,
                  "duration": 185,
                  "state": null,
                  "speed": null,
                  "pass": false,
                  "fail": false,
                  "pending": false,
                  "context": null,
                  "code": "for (const signer of f.usersArr){\n    await f.Collateral.setBalance(signer, (0, _values.toBig)(1_000_000));\n}\nawait f.KISS.setBalance(f.swapper, (0, _values.toBig)(10_000));\nawait f.KISS.setBalance(f.depositor2, (0, _values.toBig)(10_000));\nawait hre.Diamond.setFeeAssetSCDP(f.Collateral.address);\nawait f.KreskoDepositor.depositSCDP(f.depositor.address, f.Collateral.address, depositAmount18Dec);\nawait hre.Diamond.setFeeAssetSCDP(f.Collateral8Dec.address);\nawait f.KreskoDepositor.depositSCDP(f.depositor.address, f.Collateral8Dec.address, depositAmount8Dec);\nawait hre.Diamond.setFeeAssetSCDP(f.KISS.address);\nf.KreskoDepositor2.depositSCDP(f.depositor2.address, f.KISS.address, depositAmount18Dec);",
                  "err": {},
                  "uuid": "a30ce7a0-230a-4396-98c1-b97399b16c96",
                  "parentUUID": "9b426a4a-a526-46b0-bf16-b75d3fc2741a",
                  "isHook": true,
                  "skipped": false
                }
              ],
              "afterHooks": [],
              "tests": [
                {
                  "title": "should identify if the pool is not underwater",
                  "fullTitle": "SCDP #Liquidations should identify if the pool is not underwater",
                  "timedOut": false,
                  "duration": 503,
                  "state": "passed",
                  "speed": "fast",
                  "pass": true,
                  "fail": false,
                  "pending": false,
                  "context": null,
                  "code": "const swapAmount = (0, _values.toBig)(2600) // $1\n;\nawait f.KreskoSwapper.swapSCDP(f.swapper.address, f.KISS.address, f.KrAsset2.address, swapAmount, 0);\n(0, _chai.expect)(await hre.Diamond.getLiquidatableSCDP()).to.be.false;",
                  "err": {},
                  "uuid": "1053cb92-c6fa-46d1-8a9d-19404fdcd919",
                  "parentUUID": "9b426a4a-a526-46b0-bf16-b75d3fc2741a",
                  "isHook": false,
                  "skipped": false
                },
                {
                  "title": "should revert liquidations if the pool is not underwater",
                  "fullTitle": "SCDP #Liquidations should revert liquidations if the pool is not underwater",
                  "timedOut": false,
                  "duration": 700,
                  "state": "passed",
                  "speed": "fast",
                  "pass": true,
                  "fail": false,
                  "pending": false,
                  "context": null,
                  "code": "const swapAmount = (0, _values.toBig)(2600) // $1\n;\nawait f.KreskoSwapper.swapSCDP(f.swapper.address, f.KISS.address, f.KrAsset2.address, swapAmount, 0);\n(0, _chai.expect)(await hre.Diamond.getLiquidatableSCDP()).to.be.false;\nawait f.KrAsset2.setBalance(hre.users.liquidator, (0, _values.toBig)(1_000_000));\nawait (0, _chai.expect)(f.KreskoLiquidator.liquidateSCDP(f.KrAsset2.address, (0, _values.toBig)(7.7), f.Collateral8Dec.address)).to.be.revertedWithCustomError((0, _errors.Errors)(hre), 'COLLATERAL_VALUE_GREATER_THAN_REQUIRED');",
                  "err": {},
                  "uuid": "5b700f0c-0ded-42f8-810e-c123f5a5ce3a",
                  "parentUUID": "9b426a4a-a526-46b0-bf16-b75d3fc2741a",
                  "isHook": false,
                  "skipped": false
                },
                {
                  "title": "should identify if the pool is underwater",
                  "fullTitle": "SCDP #Liquidations should identify if the pool is underwater",
                  "timedOut": false,
                  "duration": 1266,
                  "state": "passed",
                  "speed": "fast",
                  "pass": true,
                  "fail": false,
                  "pending": false,
                  "context": null,
                  "code": "const swapAmount = (0, _values.toBig)(2600);\nawait f.KreskoSwapper.swapSCDP(f.swapper.address, f.KISS.address, f.KrAsset2.address, swapAmount, 0);\nf.Collateral.setPrice(f.CollateralPrice.num(8) / 1000);\nf.Collateral8Dec.setPrice(f.CollateralPrice.num(8) / 1000);\nconst [stats, liquidatable] = await Promise.all([\n    hre.Diamond.getDataSCDP(),\n    hre.Diamond.getLiquidatableSCDP()\n]);\n(0, _chai.expect)(stats.totals.cr).to.be.lt(stats.LT);\n(0, _chai.expect)(liquidatable).to.be.true;",
                  "err": {},
                  "uuid": "f0bb041e-b42b-4cfb-9e0a-49c6ec2caa08",
                  "parentUUID": "9b426a4a-a526-46b0-bf16-b75d3fc2741a",
                  "isHook": false,
                  "skipped": false
                },
                {
                  "title": "should allow liquidating the underwater pool",
                  "fullTitle": "SCDP #Liquidations should allow liquidating the underwater pool",
                  "timedOut": false,
                  "duration": 4227,
                  "state": "passed",
                  "speed": "medium",
                  "pass": true,
                  "fail": false,
                  "pending": false,
                  "context": null,
                  "code": "const swapAmount = (0, _values.toBig)(2600);\nawait f.KreskoSwapper.swapSCDP(f.swapper.address, f.KISS.address, f.KrAsset2.address, swapAmount, 0);\nconst newKreskoAssetPrice = 500;\nf.KrAsset2.setPrice(newKreskoAssetPrice);\nconst [scdpParams, maxLiquidatable, krAssetPrice, statsBefore] = await Promise.all([\n    hre.Diamond.getParametersSCDP(),\n    hre.Diamond.getMaxLiqValueSCDP(f.KrAsset2.address, f.Collateral8Dec.address),\n    f.KrAsset2.getPrice(),\n    hre.Diamond.getDataSCDP()\n]);\nconst repayAmount = maxLiquidatable.repayValue.wadDiv(krAssetPrice);\nawait f.KrAsset2.setBalance(hre.users.liquidator, repayAmount.add(1e18.toString()));\n(0, _chai.expect)(statsBefore.totals.cr).to.lt(scdpParams.liquidationThreshold);\n(0, _chai.expect)(statsBefore.totals.cr).to.gt(1e4);\n// Liquidate the shared CDP\nconst tx = await f.KreskoLiquidator.liquidateSCDP(f.KrAsset2.address, repayAmount, f.Collateral8Dec.address);\n// Check the state after liquidation\nconst [statsAfter, liquidatableAfter] = await Promise.all([\n    hre.Diamond.getDataSCDP(),\n    hre.Diamond.getLiquidatableSCDP()\n]);\n(0, _chai.expect)(statsAfter.totals.cr).to.gt(scdpParams.liquidationThreshold);\n(0, _chai.expect)(statsAfter.totals.crOgAdj).to.eq(2.01e4);\n(0, _chai.expect)(liquidatableAfter).to.eq(false);\n// Shared CDP should not be liquidatable since it is above the threshold\nawait (0, _chai.expect)(f.KreskoLiquidator.liquidateSCDP(f.KrAsset2.address, repayAmount, f.Collateral8Dec.address)).to.be.revertedWithCustomError((0, _errors.Errors)(hre), 'COLLATERAL_VALUE_GREATER_THAN_REQUIRED');\n// Check what was emitted in the event\nconst event = await (0, _events.getNamedEvent)(tx, 'SCDPLiquidationOccured');\nconst expectedSeizeAmount = repayAmount.wadMul((0, _values.toBig)(newKreskoAssetPrice, 8)).percentMul(1.05e4).wadDiv(f.CollateralPrice).div(10 ** 10);\n(0, _chai.expect)(event.args.liquidator).to.eq(hre.users.liquidator.address);\n(0, _chai.expect)(event.args.seizeAmount).to.eq(expectedSeizeAmount);\n(0, _chai.expect)(event.args.repayAmount).to.eq(repayAmount);\n(0, _chai.expect)(event.args.seizeCollateral).to.eq(f.Collateral8Dec.address);\n(0, _chai.expect)(event.args.repayKreskoAsset).to.eq(f.KrAsset2.address);\n// Check account state changes\nconst expectedDepositsAfter = depositAmount8Dec.sub(event.args.seizeAmount);\n(0, _chai.expect)(expectedDepositsAfter).to.be.lt(depositAmount8Dec);\nconst [principalDeposits, depositsWithFees, params] = await Promise.all([\n    hre.Diamond.getAccountDepositSCDP(f.depositor.address, f.Collateral8Dec.address),\n    hre.Diamond.getAccountScaledDepositsSCDP(f.depositor.address, f.Collateral8Dec.address),\n    hre.Diamond.getParametersSCDP()\n]);\n(0, _chai.expect)(principalDeposits).to.eq(expectedDepositsAfter);\n(0, _chai.expect)(depositsWithFees).to.eq(expectedDepositsAfter);\n// Sanity checking that users should be able to withdraw what is left\nawait hre.Diamond.setFeeAssetSCDP(f.Collateral.address);\nawait f.KreskoDepositor.depositSCDP(f.depositor.address, f.Collateral.address, depositAmount18Dec.mul(10));\nconst stats = await hre.Diamond.getDataSCDP();\n(0, _chai.expect)(stats.totals.cr).to.gt(params.minCollateralRatio);\nawait (0, _chai.expect)(f.KreskoDepositor.withdrawSCDP(f.depositor.address, f.Collateral8Dec.address, expectedDepositsAfter)).to.not.be.reverted;\nconst [principalEnd, depositsWithFeesEnd] = await Promise.all([\n    hre.Diamond.getAccountDepositSCDP(f.depositor.address, f.Collateral8Dec.address),\n    hre.Diamond.getAccountScaledDepositsSCDP(f.depositor.address, f.Collateral8Dec.address)\n]);\n(0, _chai.expect)(principalEnd).to.eq(0);\n(0, _chai.expect)(depositsWithFeesEnd).to.eq(0);",
                  "err": {},
                  "uuid": "2cb6bf41-1c00-4308-a462-bb86cc5f88a9",
                  "parentUUID": "9b426a4a-a526-46b0-bf16-b75d3fc2741a",
                  "isHook": false,
                  "skipped": false
                }
              ],
              "suites": [],
              "passes": [
                "1053cb92-c6fa-46d1-8a9d-19404fdcd919",
                "5b700f0c-0ded-42f8-810e-c123f5a5ce3a",
                "f0bb041e-b42b-4cfb-9e0a-49c6ec2caa08",
                "2cb6bf41-1c00-4308-a462-bb86cc5f88a9"
              ],
              "failures": [],
              "pending": [],
              "skipped": [],
              "duration": 6696,
              "root": false,
              "rootEmpty": false,
              "_timeout": 30000
            },
            {
              "uuid": "1e8c98fb-4f68-44ae-a36c-701ff94956f3",
              "title": "#Error",
              "fullFile": "/Users/panukettunen/projects/kresko-protocol/src/test/scdp/00-scdp.ts",
              "file": "/src/test/scdp/00-scdp.ts",
              "beforeHooks": [
                {
                  "title": "\"before each\" hook in \"#Error\"",
                  "fullTitle": "SCDP #Error \"before each\" hook in \"#Error\"",
                  "timedOut": false,
                  "duration": 149,
                  "state": null,
                  "speed": null,
                  "pass": false,
                  "fail": false,
                  "pending": false,
                  "context": null,
                  "code": "await Promise.all(f.usersArr.map((signer)=>f.Collateral.setBalance(signer, (0, _values.toBig)(1_000_000))));\nawait f.KISS.setBalance(f.swapper, (0, _values.toBig)(10_000));\nawait f.KISS.setBalance(f.depositor, hre.ethers.BigNumber.from(1));\nawait hre.Diamond.setFeeAssetSCDP(f.Collateral.address);\nawait f.KreskoDepositor.depositSCDP(f.depositor.address, f.Collateral.address, depositAmount18Dec);\nawait hre.Diamond.setFeeAssetSCDP(f.KISS.address);\nawait f.KreskoDepositor.depositSCDP(f.depositor.address, f.KISS.address, 1);",
                  "err": {},
                  "uuid": "716aa947-a355-41fd-85ec-cf66e14ded0f",
                  "parentUUID": "1e8c98fb-4f68-44ae-a36c-701ff94956f3",
                  "isHook": true,
                  "skipped": false
                }
              ],
              "afterHooks": [],
              "tests": [
                {
                  "title": "should revert depositing unsupported tokens",
                  "fullTitle": "SCDP #Error should revert depositing unsupported tokens",
                  "timedOut": false,
                  "duration": 101,
                  "state": "passed",
                  "speed": "fast",
                  "pass": true,
                  "fail": false,
                  "pending": false,
                  "context": null,
                  "code": "const [UnsupportedToken] = await hre.deploy('MockERC20', {\n    args: [\n        'UnsupportedToken',\n        'UnsupportedToken',\n        18,\n        (0, _values.toBig)(1)\n    ]\n});\nawait UnsupportedToken.approve(hre.Diamond.address, hre.ethers.constants.MaxUint256);\nconst { deployer } = await hre.getNamedAccounts();\nawait (0, _chai.expect)(hre.Diamond.depositSCDP(deployer, UnsupportedToken.address, 1)).to.be.revertedWithCustomError((0, _errors.Errors)(hre), 'ASSET_NOT_FEE_ACCUMULATING_ASSET').withArgs([\n    'UnsupportedToken',\n    UnsupportedToken.address\n]);",
                  "err": {},
                  "uuid": "085f8d41-679a-419e-acf6-95b14bc8be5f",
                  "parentUUID": "1e8c98fb-4f68-44ae-a36c-701ff94956f3",
                  "isHook": false,
                  "skipped": false
                },
                {
                  "title": "should revert withdrawing without deposits",
                  "fullTitle": "SCDP #Error should revert withdrawing without deposits",
                  "timedOut": false,
                  "duration": 35,
                  "state": "passed",
                  "speed": "fast",
                  "pass": true,
                  "fail": false,
                  "pending": false,
                  "context": null,
                  "code": "const withdrawAmount = 1;\nconst principalDeposits = 0;\nconst scaledDeposits = 0;\nawait (0, _chai.expect)(f.KreskoSwapper.withdrawSCDP(f.depositor.address, f.Collateral.address, withdrawAmount)).to.be.revertedWithCustomError((0, _errors.Errors)(hre), 'NOTHING_TO_WITHDRAW').withArgs(f.swapper.address, f.Collateral.errorId, withdrawAmount, principalDeposits, scaledDeposits);",
                  "err": {},
                  "uuid": "8197019c-8737-43e8-b091-7a4695a57b28",
                  "parentUUID": "1e8c98fb-4f68-44ae-a36c-701ff94956f3",
                  "isHook": false,
                  "skipped": false
                },
                {
                  "title": "should revert withdrawals below MCR",
                  "fullTitle": "SCDP #Error should revert withdrawals below MCR",
                  "timedOut": false,
                  "duration": 401,
                  "state": "passed",
                  "speed": "fast",
                  "pass": true,
                  "fail": false,
                  "pending": false,
                  "context": null,
                  "code": "const swapAmount = (0, _values.toBig)(1000) // $1000\n;\nawait f.KreskoSwapper.swapSCDP(f.swapper.address, f.KISS.address, f.KrAsset2.address, swapAmount, 0) // generates the debt\n;\nconst deposits = await f.KreskoSwapper.getAccountDepositSCDP(f.depositor.address, f.Collateral.address);\nawait (0, _chai.expect)(f.KreskoDepositor.withdrawSCDP(f.depositor.address, f.Collateral.address, deposits)).to.be.revertedWithCustomError((0, _errors.Errors)(hre), 'COLLATERAL_VALUE_LESS_THAN_REQUIRED').withArgs(960e8, 4800e8, 5e4);",
                  "err": {},
                  "uuid": "410cf26d-84f2-484f-964b-1f2945e5cf35",
                  "parentUUID": "1e8c98fb-4f68-44ae-a36c-701ff94956f3",
                  "isHook": false,
                  "skipped": false
                },
                {
                  "title": "should revert withdrawals of swap owned collateral deposits",
                  "fullTitle": "SCDP #Error should revert withdrawals of swap owned collateral deposits",
                  "timedOut": false,
                  "duration": 358,
                  "state": "passed",
                  "speed": "fast",
                  "pass": true,
                  "fail": false,
                  "pending": false,
                  "context": null,
                  "code": "const swapAmount = (0, _values.toBig)(1);\nawait f.KrAsset2.setBalance(f.swapper, swapAmount);\nawait f.KreskoSwapper.swapSCDP(f.swapper.address, f.KrAsset2.address, f.KISS.address, swapAmount, 0);\nconst deposits = await f.KreskoSwapper.getSwapDepositsSCDP(f.KrAsset2.address);\n(0, _chai.expect)(deposits).to.be.gt(0);\nawait (0, _chai.expect)(f.KreskoSwapper.withdrawSCDP(f.swapper.address, f.KrAsset2.address, deposits)).to.be.revertedWithCustomError((0, _errors.Errors)(hre), 'ASSET_DOES_NOT_HAVE_DEPOSITS').withArgs(f.KrAsset2.errorId);",
                  "err": {},
                  "uuid": "22ec9ff3-08d9-42ba-856a-1cf4a12df321",
                  "parentUUID": "1e8c98fb-4f68-44ae-a36c-701ff94956f3",
                  "isHook": false,
                  "skipped": false
                },
                {
                  "title": "should revert swapping with price below minAmountOut",
                  "fullTitle": "SCDP #Error should revert swapping with price below minAmountOut",
                  "timedOut": false,
                  "duration": 255,
                  "state": "passed",
                  "speed": "fast",
                  "pass": true,
                  "fail": false,
                  "pending": false,
                  "context": null,
                  "code": "const swapAmount = (0, _values.toBig)(1);\nawait f.KrAsset2.setBalance(f.swapper, swapAmount);\nconst [amountOut] = await f.KreskoSwapper.previewSwapSCDP(f.KrAsset2.address, f.KISS.address, swapAmount);\nawait (0, _chai.expect)(f.KreskoSwapper.swapSCDP(f.swapper.address, f.KrAsset2.address, f.KISS.address, swapAmount, amountOut.add(1))).to.be.revertedWithCustomError((0, _errors.Errors)(hre), 'RECEIVED_LESS_THAN_DESIRED').withArgs(f.KISS.errorId, amountOut, amountOut.add(1));",
                  "err": {},
                  "uuid": "54895e9c-ea50-4d29-9655-2ece4e16f278",
                  "parentUUID": "1e8c98fb-4f68-44ae-a36c-701ff94956f3",
                  "isHook": false,
                  "skipped": false
                },
                {
                  "title": "should revert swapping unsupported asset",
                  "fullTitle": "SCDP #Error should revert swapping unsupported asset",
                  "timedOut": false,
                  "duration": 40,
                  "state": "passed",
                  "speed": "fast",
                  "pass": true,
                  "fail": false,
                  "pending": false,
                  "context": null,
                  "code": "const swapAmount = (0, _values.toBig)(1);\nawait f.KrAsset2.setBalance(f.swapper, swapAmount);\nawait (0, _chai.expect)(f.KreskoSwapper.swapSCDP(f.swapper.address, f.KrAsset2.address, f.Collateral.address, swapAmount, 0)).to.be.revertedWithCustomError((0, _errors.Errors)(hre), 'SWAP_ROUTE_NOT_ENABLED').withArgs(f.KrAsset2.errorId, f.Collateral.errorId);",
                  "err": {},
                  "uuid": "d78ef2c2-24d0-4673-903a-562b695bbefb",
                  "parentUUID": "1e8c98fb-4f68-44ae-a36c-701ff94956f3",
                  "isHook": false,
                  "skipped": false
                },
                {
                  "title": "should revert swapping a disabled route",
                  "fullTitle": "SCDP #Error should revert swapping a disabled route",
                  "timedOut": false,
                  "duration": 78,
                  "state": "passed",
                  "speed": "fast",
                  "pass": true,
                  "fail": false,
                  "pending": false,
                  "context": null,
                  "code": "const swapAmount = (0, _values.toBig)(1);\nawait f.KrAsset2.setBalance(f.swapper, swapAmount);\nawait hre.Diamond.setSingleSwapRouteSCDP({\n    assetIn: f.KrAsset2.address,\n    assetOut: f.KISS.address,\n    enabled: false\n});\nawait (0, _chai.expect)(f.KreskoSwapper.swapSCDP(f.swapper.address, f.KrAsset2.address, f.KISS.address, swapAmount, 0)).to.be.revertedWithCustomError((0, _errors.Errors)(hre), 'SWAP_ROUTE_NOT_ENABLED').withArgs(f.KrAsset2.errorId, f.KISS.errorId);",
                  "err": {},
                  "uuid": "dfacbb22-5944-42ae-8925-506539ed36ec",
                  "parentUUID": "1e8c98fb-4f68-44ae-a36c-701ff94956f3",
                  "isHook": false,
                  "skipped": false
                },
                {
                  "title": "should revert swapping causes CDP to go below MCR",
                  "fullTitle": "SCDP #Error should revert swapping causes CDP to go below MCR",
                  "timedOut": false,
                  "duration": 310,
                  "state": "passed",
                  "speed": "fast",
                  "pass": true,
                  "fail": false,
                  "pending": false,
                  "context": null,
                  "code": "const swapAmount = (0, _values.toBig)(1_500_000);\nawait f.KrAsset2.setBalance(f.swapper, swapAmount);\nconst tx = f.KreskoSwapper.swapSCDP(f.swapper.address, f.KrAsset2.address, f.KISS.address, swapAmount, 0);\nawait (0, _chai.expect)(tx).to.be.revertedWithCustomError((0, _errors.Errors)(hre), 'COLLATERAL_VALUE_LESS_THAN_REQUIRED').withArgs('15001000000000000', '75000000000000000', 5e4);",
                  "err": {},
                  "uuid": "146dce20-7a96-46d3-9b6f-cee02d919de7",
                  "parentUUID": "1e8c98fb-4f68-44ae-a36c-701ff94956f3",
                  "isHook": false,
                  "skipped": false
                }
              ],
              "suites": [],
              "passes": [
                "085f8d41-679a-419e-acf6-95b14bc8be5f",
                "8197019c-8737-43e8-b091-7a4695a57b28",
                "410cf26d-84f2-484f-964b-1f2945e5cf35",
                "22ec9ff3-08d9-42ba-856a-1cf4a12df321",
                "54895e9c-ea50-4d29-9655-2ece4e16f278",
                "d78ef2c2-24d0-4673-903a-562b695bbefb",
                "dfacbb22-5944-42ae-8925-506539ed36ec",
                "146dce20-7a96-46d3-9b6f-cee02d919de7"
              ],
              "failures": [],
              "pending": [],
              "skipped": [],
              "duration": 1578,
              "root": false,
              "rootEmpty": false,
              "_timeout": 30000
            }
          ],
          "passes": [],
          "failures": [],
          "pending": [],
          "skipped": [],
          "duration": 0,
          "root": false,
          "rootEmpty": false,
          "_timeout": 30000
        }
      ],
      "passes": [],
      "failures": [],
      "pending": [],
      "skipped": [],
      "duration": 0,
      "root": true,
      "rootEmpty": true,
      "_timeout": 30000
    }
  ],
  "meta": {
    "mocha": {
      "version": "10.2.0"
    },
    "mochawesome": {
      "options": {
        "quiet": false,
        "reportFilename": "mochawesome",
        "saveHtml": true,
        "saveJson": true,
        "consoleReporter": "spec",
        "useInlineDiffs": false,
        "code": true
      },
      "version": "7.1.3"
    },
    "marge": {
      "options": {
        "reportDir": "docs/test-report",
        "assetsDir": "docs/test-report/assets",
        "reportTitle": "Kresko Protocol Hardhat Test Report",
        "reportPageTitle": "Kresko Protocol Hardhat Test Report"
      },
      "version": "6.2.0"
    }
  }
}