{
  "stats": {
    "suites": 77,
    "tests": 234,
    "passes": 229,
    "pending": 5,
    "failures": 0,
    "start": "2023-03-29T16:41:30.779Z",
    "end": "2023-03-29T16:43:00.901Z",
    "duration": 90122,
    "testsRegistered": 234,
    "passPercent": 100,
    "pendingPercent": 2.1367521367521367,
    "other": 0,
    "hasOther": false,
    "skipped": 0,
    "hasSkipped": false
  },
  "results": [
    {
      "uuid": "b1113ce0-b544-4bfb-81c5-8238cefba5d9",
      "title": "",
      "fullFile": "",
      "file": "",
      "beforeHooks": [],
      "afterHooks": [],
      "tests": [],
      "suites": [
        {
          "uuid": "c11b4c80-b832-4d2f-856e-64f8e115a11c",
          "title": "Diamond",
          "fullFile": "/Users/panukettunen/Projects/kresko-protocol/src/test/diamond/00-init.ts",
          "file": "/src/test/diamond/00-init.ts",
          "beforeHooks": [
            {
              "title": "\"before each\" hook in \"Diamond\"",
              "fullTitle": "Diamond \"before each\" hook in \"Diamond\"",
              "timedOut": false,
              "duration": 34,
              "state": null,
              "speed": null,
              "pass": false,
              "fail": false,
              "pending": false,
              "context": null,
              "code": "const fixture = await hre.deployments.createFixture(async (hre) => {\n    const result = await hre.deployments.fixture(fixtureName);\n    if (result.Diamond) {\n        hre.Diamond = await hre.getContractOrFork(\"Kresko\");\n    }\n    return {\n        facets: result.Diamond ? result.Diamond.facets : [],\n        collaterals: hre.collaterals,\n        krAssets: hre.krAssets,\n    };\n})();\nthis.facets = fixture.facets || [];\nthis.collaterals = fixture.collaterals;\nthis.krAssets = fixture.krAssets;",
              "err": {},
              "uuid": "4fc3139e-ae1e-4ba5-be10-43feaccc4c0a",
              "parentUUID": "c11b4c80-b832-4d2f-856e-64f8e115a11c",
              "isHook": true,
              "skipped": false
            }
          ],
          "afterHooks": [],
          "tests": [],
          "suites": [
            {
              "uuid": "ded43c26-65a8-48ab-9ac1-851e6e0dfc9d",
              "title": "#initialization",
              "fullFile": "/Users/panukettunen/Projects/kresko-protocol/src/test/diamond/00-init.ts",
              "file": "/src/test/diamond/00-init.ts",
              "beforeHooks": [],
              "afterHooks": [],
              "tests": [
                {
                  "title": "sets correct state",
                  "fullTitle": "Diamond #initialization sets correct state",
                  "timedOut": false,
                  "duration": 9,
                  "state": "passed",
                  "speed": "fast",
                  "pass": true,
                  "fail": false,
                  "pending": false,
                  "context": null,
                  "code": "(0, chai_1.expect)(await hardhat_1.default.Diamond.owner()).to.equal(hardhat_1.default.users.deployer.address);\n(0, chai_1.expect)(await hardhat_1.default.Diamond.initialized()).to.equal(true);",
                  "err": {},
                  "uuid": "31a4e98d-ada3-4955-b04d-03350d131f0e",
                  "parentUUID": "ded43c26-65a8-48ab-9ac1-851e6e0dfc9d",
                  "isHook": false,
                  "skipped": false
                },
                {
                  "title": "sets standard facet addresses",
                  "fullTitle": "Diamond #initialization sets standard facet addresses",
                  "timedOut": false,
                  "duration": 64,
                  "state": "passed",
                  "speed": "medium",
                  "pass": true,
                  "fail": false,
                  "pending": false,
                  "context": null,
                  "code": "const facetAddressesOnChain = (await hardhat_1.default.Diamond.facets()).map(f => f.facetAddress);\nconst facetAddressesArtifact = this.facets.map(f => f.facetAddress);\n(0, chai_1.expect)(facetAddressesOnChain.length).to.equal(facetAddressesArtifact.length);\n(0, chai_1.expect)(facetAddressesOnChain).to.have.members(facetAddressesArtifact);",
                  "err": {},
                  "uuid": "8fdfee3b-f8fe-4b2f-9831-ace59327e51e",
                  "parentUUID": "ded43c26-65a8-48ab-9ac1-851e6e0dfc9d",
                  "isHook": false,
                  "skipped": false
                },
                {
                  "title": "sets selectors of standard facets",
                  "fullTitle": "Diamond #initialization sets selectors of standard facets",
                  "timedOut": false,
                  "duration": 52,
                  "state": "passed",
                  "speed": "medium",
                  "pass": true,
                  "fail": false,
                  "pending": false,
                  "context": null,
                  "code": "const facetsSelectorsOnChain = (await hardhat_1.default.Diamond.facets()).flatMap(f => f.functionSelectors);\nconst facetSelectorsOnArtifact = this.facets.flatMap(f => f.functionSelectors);\n(0, chai_1.expect)(facetsSelectorsOnChain.length).to.equal(facetSelectorsOnArtifact.length);\n(0, chai_1.expect)(facetsSelectorsOnChain).to.have.members(facetSelectorsOnArtifact);",
                  "err": {},
                  "uuid": "8c8a7075-4260-4477-9169-369300fb24c1",
                  "parentUUID": "ded43c26-65a8-48ab-9ac1-851e6e0dfc9d",
                  "isHook": false,
                  "skipped": false
                }
              ],
              "suites": [],
              "passes": [
                "31a4e98d-ada3-4955-b04d-03350d131f0e",
                "8fdfee3b-f8fe-4b2f-9831-ace59327e51e",
                "8c8a7075-4260-4477-9169-369300fb24c1"
              ],
              "failures": [],
              "pending": [],
              "skipped": [],
              "duration": 125,
              "root": false,
              "rootEmpty": false,
              "_timeout": 15000
            }
          ],
          "passes": [],
          "failures": [],
          "pending": [],
          "skipped": [],
          "duration": 0,
          "root": false,
          "rootEmpty": false,
          "_timeout": 15000
        },
        {
          "uuid": "1d20587b-884a-4b43-a40b-56f9cbfbd47b",
          "title": "Diamond",
          "fullFile": "/Users/panukettunen/Projects/kresko-protocol/src/test/diamond/01-ownership.ts",
          "file": "/src/test/diamond/01-ownership.ts",
          "beforeHooks": [
            {
              "title": "\"before each\" hook in \"Diamond\"",
              "fullTitle": "Diamond \"before each\" hook in \"Diamond\"",
              "timedOut": false,
              "duration": 31,
              "state": null,
              "speed": null,
              "pass": false,
              "fail": false,
              "pending": false,
              "context": null,
              "code": "const fixture = await hre.deployments.createFixture(async (hre) => {\n    const result = await hre.deployments.fixture(fixtureName);\n    if (result.Diamond) {\n        hre.Diamond = await hre.getContractOrFork(\"Kresko\");\n    }\n    return {\n        facets: result.Diamond ? result.Diamond.facets : [],\n        collaterals: hre.collaterals,\n        krAssets: hre.krAssets,\n    };\n})();\nthis.facets = fixture.facets || [];\nthis.collaterals = fixture.collaterals;\nthis.krAssets = fixture.krAssets;",
              "err": {},
              "uuid": "48953c2c-a41e-433a-a5ee-01685c5aac92",
              "parentUUID": "1d20587b-884a-4b43-a40b-56f9cbfbd47b",
              "isHook": true,
              "skipped": false
            }
          ],
          "afterHooks": [],
          "tests": [],
          "suites": [
            {
              "uuid": "476b7dc8-d2b1-4675-b62c-cb5e3f4c1091",
              "title": "#ownership",
              "fullFile": "/Users/panukettunen/Projects/kresko-protocol/src/test/diamond/01-ownership.ts",
              "file": "/src/test/diamond/01-ownership.ts",
              "beforeHooks": [],
              "afterHooks": [],
              "tests": [
                {
                  "title": "sets correct owner",
                  "fullTitle": "Diamond #ownership sets correct owner",
                  "timedOut": false,
                  "duration": 4,
                  "state": "passed",
                  "speed": "fast",
                  "pass": true,
                  "fail": false,
                  "pending": false,
                  "context": null,
                  "code": "(0, chai_1.expect)(await hardhat_1.default.Diamond.owner()).to.equal(hardhat_1.default.addr.deployer);",
                  "err": {},
                  "uuid": "29ab0546-42d8-44ae-b00a-e90b99d0492e",
                  "parentUUID": "476b7dc8-d2b1-4675-b62c-cb5e3f4c1091",
                  "isHook": false,
                  "skipped": false
                },
                {
                  "title": "sets correct default admin role",
                  "fullTitle": "Diamond #ownership sets correct default admin role",
                  "timedOut": false,
                  "duration": 4,
                  "state": "passed",
                  "speed": "fast",
                  "pass": true,
                  "fail": false,
                  "pending": false,
                  "context": null,
                  "code": "(0, chai_1.expect)(await hardhat_1.default.Diamond.hasRole(test_1.Role.ADMIN, hardhat_1.default.addr.deployer)).to.equal(true);",
                  "err": {},
                  "uuid": "21b21905-81fb-4968-8b99-7f288a98cc3d",
                  "parentUUID": "476b7dc8-d2b1-4675-b62c-cb5e3f4c1091",
                  "isHook": false,
                  "skipped": false
                },
                {
                  "title": "sets a new pending owner",
                  "fullTitle": "Diamond #ownership sets a new pending owner",
                  "timedOut": false,
                  "duration": 10,
                  "state": "passed",
                  "speed": "fast",
                  "pass": true,
                  "fail": false,
                  "pending": false,
                  "context": null,
                  "code": "const pendingOwner = hardhat_1.default.users.userOne;\nawait hardhat_1.default.Diamond.transferOwnership(pendingOwner.address);\n(0, chai_1.expect)(await hardhat_1.default.Diamond.pendingOwner()).to.equal(pendingOwner.address);",
                  "err": {},
                  "uuid": "ac3578cc-cdca-471b-98fa-92040ca65f4b",
                  "parentUUID": "476b7dc8-d2b1-4675-b62c-cb5e3f4c1091",
                  "isHook": false,
                  "skipped": false
                },
                {
                  "title": "sets the pending owner as new owner",
                  "fullTitle": "Diamond #ownership sets the pending owner as new owner",
                  "timedOut": false,
                  "duration": 19,
                  "state": "passed",
                  "speed": "fast",
                  "pass": true,
                  "fail": false,
                  "pending": false,
                  "context": null,
                  "code": "const pendingOwner = hardhat_1.default.users.userOne;\nawait hardhat_1.default.Diamond.transferOwnership(pendingOwner.address);\nawait hardhat_1.default.Diamond.connect(pendingOwner).acceptOwnership();\n(0, chai_1.expect)(await hardhat_1.default.Diamond.owner()).to.equal(pendingOwner.address);",
                  "err": {},
                  "uuid": "e2dc5eaa-bc8e-4a02-b2eb-86cee41556c9",
                  "parentUUID": "476b7dc8-d2b1-4675-b62c-cb5e3f4c1091",
                  "isHook": false,
                  "skipped": false
                }
              ],
              "suites": [],
              "passes": [
                "29ab0546-42d8-44ae-b00a-e90b99d0492e",
                "21b21905-81fb-4968-8b99-7f288a98cc3d",
                "ac3578cc-cdca-471b-98fa-92040ca65f4b",
                "e2dc5eaa-bc8e-4a02-b2eb-86cee41556c9"
              ],
              "failures": [],
              "pending": [],
              "skipped": [],
              "duration": 37,
              "root": false,
              "rootEmpty": false,
              "_timeout": 15000
            }
          ],
          "passes": [],
          "failures": [],
          "pending": [],
          "skipped": [],
          "duration": 0,
          "root": false,
          "rootEmpty": false,
          "_timeout": 15000
        },
        {
          "uuid": "1a37e133-8920-4cf6-8e32-e8fd4df8ae16",
          "title": "Diamond",
          "fullFile": "/Users/panukettunen/Projects/kresko-protocol/src/test/diamond/02-upgrades.ts",
          "file": "/src/test/diamond/02-upgrades.ts",
          "beforeHooks": [
            {
              "title": "\"before each\" hook in \"Diamond\"",
              "fullTitle": "Diamond \"before each\" hook in \"Diamond\"",
              "timedOut": false,
              "duration": 318,
              "state": null,
              "speed": null,
              "pass": false,
              "fail": false,
              "pending": false,
              "context": null,
              "code": "const fixture = await hre.deployments.createFixture(async (hre) => {\n    const result = await hre.deployments.fixture(fixtureName);\n    if (result.Diamond) {\n        hre.Diamond = await hre.getContractOrFork(\"Kresko\");\n    }\n    return {\n        facets: result.Diamond ? result.Diamond.facets : [],\n        collaterals: hre.collaterals,\n        krAssets: hre.krAssets,\n    };\n})();\nthis.facets = fixture.facets || [];\nthis.collaterals = fixture.collaterals;\nthis.krAssets = fixture.krAssets;",
              "err": {},
              "uuid": "d2bb92e3-0855-4b79-884d-6375b4066aeb",
              "parentUUID": "1a37e133-8920-4cf6-8e32-e8fd4df8ae16",
              "isHook": true,
              "skipped": false
            }
          ],
          "afterHooks": [],
          "tests": [],
          "suites": [
            {
              "uuid": "4a29db9c-c8bf-4342-b49e-b5b8e68f367a",
              "title": "#upgrades",
              "fullFile": "/Users/panukettunen/Projects/kresko-protocol/src/test/diamond/02-upgrades.ts",
              "file": "/src/test/diamond/02-upgrades.ts",
              "beforeHooks": [],
              "afterHooks": [],
              "tests": [
                {
                  "title": "can add a new facet",
                  "fullTitle": "Diamond #upgrades can add a new facet",
                  "timedOut": false,
                  "duration": 430,
                  "state": "passed",
                  "speed": "slow",
                  "pass": true,
                  "fail": false,
                  "pending": false,
                  "context": null,
                  "code": "const Factory = await smock_1.smock.mock(\"SmockFacet\");\nconst SmockFacet = await Factory.deploy();\nconst [SmockInitializer] = await hardhat_1.default.deploy(\"SmockInit\");\nconst signatures = hardhat_1.default.getSignatures([...typechain_1.SmockFacet__factory.abi]);\nconst Cut = {\n    facetAddress: SmockFacet.address,\n    functionSelectors: signatures,\n    action: types_1.FacetCutAction.Add,\n};\nconst initData = await SmockInitializer.populateTransaction.initialize(hardhat_1.default.addr.userOne);\nawait hardhat_1.default.Diamond.diamondCut([Cut], initData.to, initData.data);\nconst TEST_OPERATOR_ROLE = hardhat_1.default.ethers.utils.id(\"kresko.test.operator\");\nconst isTestOperator = await hardhat_1.default.Diamond.hasRole(TEST_OPERATOR_ROLE, hardhat_1.default.addr.userOne);\n// Succesfully added the new operator through the initialization contract\n(0, chai_1.expect)(isTestOperator).to.equal(true);\nconst Facet = await hardhat_1.default.ethers.getContractAt([...typechain_1.SmockFacet__factory.abi], hardhat_1.default.Diamond.address);\n// Ensure facet has it's own storage\nconst operatorFromNewStorage = await Facet.operator(); // Retrieved from SmockStorage\n(0, chai_1.expect)(operatorFromNewStorage).to.equal(hardhat_1.default.addr.userOne);",
                  "err": {},
                  "uuid": "bc3f57a8-5d1d-44c9-9c11-5145f01daa5e",
                  "parentUUID": "4a29db9c-c8bf-4342-b49e-b5b8e68f367a",
                  "isHook": false,
                  "skipped": false
                },
                {
                  "title": "can remove a facet",
                  "fullTitle": "Diamond #upgrades can remove a facet",
                  "timedOut": false,
                  "duration": 447,
                  "state": "passed",
                  "speed": "slow",
                  "pass": true,
                  "fail": false,
                  "pending": false,
                  "context": null,
                  "code": "const NewFacet = await (0, add_facet_1.addFacet)({\n    name: \"SmockFacet\",\n    initializerName: \"SmockInit\",\n    initializerArgs: hardhat_1.default.addr.userOne,\n});\nconst facetsBefore = await hardhat_1.default.Diamond.facets();\n(0, chai_1.expect)(facetsBefore.filter(f => f.facetAddress === NewFacet.address).length).to.equal(1);\nawait (0, remove_facet_1.removeFacet)({ name: \"SmockFacet\" });\nconst facetsAfter = await hardhat_1.default.Diamond.facets();\n(0, chai_1.expect)(facetsBefore.length - facetsAfter.length).to.equal(1);\n(0, chai_1.expect)(facetsAfter).to.not.deep.contain(NewFacet.address);",
                  "err": {},
                  "uuid": "9cb49bab-b1ed-4e5e-aa18-8da7819ca7e0",
                  "parentUUID": "4a29db9c-c8bf-4342-b49e-b5b8e68f367a",
                  "isHook": false,
                  "skipped": false
                },
                {
                  "title": "can remove a function",
                  "fullTitle": "Diamond #upgrades can remove a function",
                  "timedOut": false,
                  "duration": 52,
                  "state": "passed",
                  "speed": "medium",
                  "pass": true,
                  "fail": false,
                  "pending": false,
                  "context": null,
                  "code": "// Delete acceptOwnership from DiamondOwnershipFacet\n// Check there is no pending owner\nlet pendingOwner = await hardhat_1.default.Diamond.pendingOwner();\n(0, chai_1.expect)(pendingOwner).to.equal(hardhat_1.default.ethers.constants.AddressZero);\n// Transfer to eg. wrong address\nconst wrongOwner = hardhat_1.default.addr.nonadmin;\nawait hardhat_1.default.Diamond.transferOwnership(wrongOwner);\n// Ensure\npendingOwner = await hardhat_1.default.Diamond.pendingOwner();\n(0, chai_1.expect)(pendingOwner).to.equal(wrongOwner);\n// Fragment and signature for acceptOwnersip\nconst functionFragment = hardhat_1.default.Diamond.interface.functions[\"acceptOwnership()\"];\nconst signature = hardhat_1.default.ethers.utils.Interface.getSighash(functionFragment);\nconst facetAddress = await hardhat_1.default.Diamond.facetAddress(signature);\nconst functions = await hardhat_1.default.Diamond.facetFunctionSelectors(facetAddress);\nconst Cut = {\n    facetAddress: hardhat_1.default.ethers.constants.AddressZero,\n    action: types_1.FacetCutAction.Remove,\n    functionSelectors: [signature],\n};\n// We will set a correct owner with delegatecall into the Diamond itself with the cut transaction\nconst correctOwner = hardhat_1.default.addr.userOne;\nconst initData = await hardhat_1.default.Diamond.populateTransaction.transferOwnership(correctOwner);\nconst tx = await hardhat_1.default.Diamond.diamondCut([Cut], initData.to, initData.data);\nawait tx.wait();\n// Ensure rest of the functions remain\nconst functionsAfterCut = await hardhat_1.default.Diamond.facetFunctionSelectors(facetAddress);\n(0, chai_1.expect)(functionsAfterCut.length).to.equal(functions.length - 1);\n// Ensure delegatecall did set the correct pending owner with the cut\nconst filter = hardhat_1.default.Diamond.filters[\"PendingOwnershipTransfer(address,address)\"](hardhat_1.default.addr.deployer, correctOwner);\nconst [event] = await hardhat_1.default.Diamond.queryFilter(filter);\nconst { previousOwner, newOwner } = event.args;\n(0, chai_1.expect)(previousOwner).to.equal(hardhat_1.default.addr.deployer);\n(0, chai_1.expect)(newOwner).to.equal(correctOwner);\n// Ensure there is no function to accept the ownership\nawait (0, chai_1.expect)(hardhat_1.default.Diamond.connect(hardhat_1.default.users.nonadmin).acceptOwnership()).to.be.revertedWith(test_1.Error.DIAMOND_INVALID_FUNCTION_SIGNATURE);",
                  "err": {},
                  "uuid": "c0d00db8-d654-46ed-b7a0-e22cebc1eb28",
                  "parentUUID": "4a29db9c-c8bf-4342-b49e-b5b8e68f367a",
                  "isHook": false,
                  "skipped": false
                },
                {
                  "title": "can replace a function",
                  "fullTitle": "Diamond #upgrades can replace a function",
                  "timedOut": false,
                  "duration": 88,
                  "state": "passed",
                  "speed": "slow",
                  "pass": true,
                  "fail": false,
                  "pending": false,
                  "context": null,
                  "code": "// Same as above but instead replace the function\n// Check there is no pending owner\nlet pendingOwner = await hardhat_1.default.Diamond.pendingOwner();\n(0, chai_1.expect)(pendingOwner).to.equal(hardhat_1.default.ethers.constants.AddressZero);\n// Transfer to eg. wrong address\nconst wrongOwner = hardhat_1.default.addr.nonadmin;\nawait hardhat_1.default.Diamond.transferOwnership(wrongOwner);\n// Ensure\npendingOwner = await hardhat_1.default.Diamond.pendingOwner();\n(0, chai_1.expect)(pendingOwner).to.equal(wrongOwner);\n// Fragment and signature for acceptOwnersip\nconst functionFragment = hardhat_1.default.Diamond.interface.functions[\"acceptOwnership()\"];\nconst signature = hardhat_1.default.ethers.utils.Interface.getSighash(functionFragment);\nconst OldOwnershipFacet = await hardhat_1.default.Diamond.facetAddress(signature);\nconst [NewOwnershipFacet, allOwnershipFacetSignatures] = await hardhat_1.default.deploy(\"DiamondOwnershipFacet\", {\n    deploymentName: \"DiamondOwnershipFacet2\",\n});\n// Only replace a single function, we could replace all of them\nconst Cut = {\n    facetAddress: NewOwnershipFacet.address,\n    action: types_1.FacetCutAction.Replace,\n    functionSelectors: [signature],\n};\n// We will set a correct owner with delegatecall into the Diamond itself with the cut transaction\nconst correctOwner = hardhat_1.default.addr.userOne;\nconst initData = await hardhat_1.default.Diamond.populateTransaction.transferOwnership(correctOwner);\nconst tx = await hardhat_1.default.Diamond.diamondCut([Cut], initData.to, initData.data);\nawait tx.wait();\n// Ensure function exists and revert is for invalid address instead of missing function\nawait (0, chai_1.expect)(hardhat_1.default.Diamond.connect(hardhat_1.default.users.nonadmin).acceptOwnership()).to.be.revertedWith(test_1.Error.DIAMOND_INVALID_PENDING_OWNER);\n// Ensure one function is contained in the new facet\nconst functionsNewFacet = await hardhat_1.default.Diamond.facetFunctionSelectors(NewOwnershipFacet.address);\n(0, chai_1.expect)(functionsNewFacet.length).to.equal(1);\n(0, chai_1.expect)(functionsNewFacet).to.have.members([signature]);\n// Ensure rest are in the previous one\nconst functionsOldFacet = await hardhat_1.default.Diamond.facetFunctionSelectors(OldOwnershipFacet);\n(0, chai_1.expect)(functionsOldFacet).to.not.have.members([signature]);\n(0, chai_1.expect)(functionsOldFacet.length).to.equal(allOwnershipFacetSignatures.length - 1);\n// Ensure correct owner can now accept the ownership\n(0, chai_1.expect)(hardhat_1.default.Diamond.connect(hardhat_1.default.users.userOne).acceptOwnership());\nconst currentOwner = await hardhat_1.default.Diamond.owner();\n(0, chai_1.expect)(currentOwner).to.equal(correctOwner);",
                  "err": {},
                  "uuid": "ff8b668a-653e-4b7a-86c9-87eebb913fcc",
                  "parentUUID": "4a29db9c-c8bf-4342-b49e-b5b8e68f367a",
                  "isHook": false,
                  "skipped": false
                },
                {
                  "title": "can upgrade state",
                  "fullTitle": "Diamond #upgrades can upgrade state",
                  "timedOut": false,
                  "duration": 597,
                  "state": "passed",
                  "speed": "slow",
                  "pass": true,
                  "fail": false,
                  "pending": false,
                  "context": null,
                  "code": "(0, chai_1.expect)(await hardhat_1.default.Diamond.initialized()).to.equal(true);\nconst Factory = await smock_1.smock.mock(\"SmockInit\");\nconst SmockInit = await Factory.deploy();\nconst tx = await SmockInit.populateTransaction.upgradeState();\nawait hardhat_1.default.Diamond.upgradeState(tx.to, tx.data);\n(0, chai_1.expect)(await hardhat_1.default.Diamond.initialized()).to.equal(false);",
                  "err": {},
                  "uuid": "33d2e75e-9994-41ad-b8ee-f01f9e3ba4c7",
                  "parentUUID": "4a29db9c-c8bf-4342-b49e-b5b8e68f367a",
                  "isHook": false,
                  "skipped": false
                },
                {
                  "title": "can preserve old state when extending storage layout",
                  "fullTitle": "Diamond #upgrades can preserve old state when extending storage layout",
                  "timedOut": false,
                  "duration": 1002,
                  "state": "passed",
                  "speed": "slow",
                  "pass": true,
                  "fail": false,
                  "pending": false,
                  "context": null,
                  "code": "(0, chai_1.expect)(await hardhat_1.default.Diamond.initialized()).to.equal(true);\n// Add the first facet\nconst Factory = await smock_1.smock.mock(\"SmockFacet\");\nconst SmockFacet = await Factory.deploy();\nconst [SmockInitializer] = await hardhat_1.default.deploy(\"SmockInit\");\nconst signatures = hardhat_1.default.getSignatures([...typechain_1.SmockFacet__factory.abi]);\nconst Cut = {\n    facetAddress: SmockFacet.address,\n    functionSelectors: signatures,\n    action: types_1.FacetCutAction.Add,\n};\nconst initData = await SmockInitializer.populateTransaction.initialize(hardhat_1.default.addr.userOne);\nawait hardhat_1.default.Diamond.diamondCut([Cut], initData.to, initData.data);\nconst Diamond = await hardhat_1.default.ethers.getContractAt(\"SmockFacet\", hardhat_1.default.Diamond.address);\nconst isInitialized = await Diamond.smockInitialized();\n(0, chai_1.expect)(isInitialized).to.equal(true);\n// Add facet with extended state\n// Add the first facet\nconst Factory2 = await smock_1.smock.mock(\"SmockFacet2\");\nconst SmockFacet2 = await Factory2.deploy();\nconst signatures2 = hardhat_1.default.getSignatures([...typechain_1.SmockFacet2__factory.abi]);\nconst Cut2 = {\n    facetAddress: SmockFacet2.address,\n    functionSelectors: signatures2,\n    action: types_1.FacetCutAction.Add,\n};\n// Initializer only sets the new extended value, does not touch old storage\nconst initData2 = await SmockFacet2.populateTransaction.initialize();\nawait hardhat_1.default.Diamond.diamondCut([Cut2], initData2.to, initData2.data);\n// Here we have appended the storage layout with the `extended` bool property.\nconst DiamondExtended = await hardhat_1.default.ethers.getContractAt(\"SmockFacet2\", hardhat_1.default.Diamond.address);\nconst initializedAfterExtend = await DiamondExtended.getOldStructValueFromExtended();\nconst extendedValue = await DiamondExtended.getNewStructValueFromExtended();\n// Old values remain\n(0, chai_1.expect)(initializedAfterExtend).to.equal(true);\n// And we get new ones\n(0, chai_1.expect)(extendedValue).to.equal(true);",
                  "err": {},
                  "uuid": "3ce1fe9b-e06d-436e-a408-4bb63a76f0b4",
                  "parentUUID": "4a29db9c-c8bf-4342-b49e-b5b8e68f367a",
                  "isHook": false,
                  "skipped": false
                }
              ],
              "suites": [],
              "passes": [
                "bc3f57a8-5d1d-44c9-9c11-5145f01daa5e",
                "9cb49bab-b1ed-4e5e-aa18-8da7819ca7e0",
                "c0d00db8-d654-46ed-b7a0-e22cebc1eb28",
                "ff8b668a-653e-4b7a-86c9-87eebb913fcc",
                "33d2e75e-9994-41ad-b8ee-f01f9e3ba4c7",
                "3ce1fe9b-e06d-436e-a408-4bb63a76f0b4"
              ],
              "failures": [],
              "pending": [],
              "skipped": [],
              "duration": 2616,
              "root": false,
              "rootEmpty": false,
              "_timeout": 15000
            }
          ],
          "passes": [],
          "failures": [],
          "pending": [],
          "skipped": [],
          "duration": 0,
          "root": false,
          "rootEmpty": false,
          "_timeout": 15000
        },
        {
          "uuid": "f9381e2d-36e6-41f7-a0b3-b472ecb06c8f",
          "title": "KreskoAsset",
          "fullFile": "/Users/panukettunen/Projects/kresko-protocol/src/test/krasset/00-init.ts",
          "file": "/src/test/krasset/00-init.ts",
          "beforeHooks": [
            {
              "title": "\"before each\" hook in \"KreskoAsset\"",
              "fullTitle": "KreskoAsset \"before each\" hook in \"KreskoAsset\"",
              "timedOut": false,
              "duration": 22,
              "state": null,
              "speed": null,
              "pass": false,
              "fail": false,
              "pending": false,
              "context": null,
              "code": "const fixture = await hre.deployments.createFixture(async (hre) => {\n    const result = await hre.deployments.fixture(fixtureName);\n    if (result.Diamond) {\n        hre.Diamond = await hre.getContractOrFork(\"Kresko\");\n    }\n    return {\n        facets: result.Diamond ? result.Diamond.facets : [],\n        collaterals: hre.collaterals,\n        krAssets: hre.krAssets,\n    };\n})();\nthis.facets = fixture.facets || [];\nthis.collaterals = fixture.collaterals;\nthis.krAssets = fixture.krAssets;",
              "err": {},
              "uuid": "58cb3d07-6d1b-4ebb-a334-ddb30d7ea9bb",
              "parentUUID": "f9381e2d-36e6-41f7-a0b3-b472ecb06c8f",
              "isHook": true,
              "skipped": false
            }
          ],
          "afterHooks": [],
          "tests": [],
          "suites": [
            {
              "uuid": "db17ae15-0470-4a91-9ac0-b1ac5867c20f",
              "title": "#initialization - anchor",
              "fullFile": "/Users/panukettunen/Projects/kresko-protocol/src/test/krasset/00-init.ts",
              "file": "/src/test/krasset/00-init.ts",
              "beforeHooks": [
                {
                  "title": "\"before each\" hook in \"#initialization - anchor\"",
                  "fullTitle": "KreskoAsset #initialization - anchor \"before each\" hook in \"#initialization - anchor\"",
                  "timedOut": false,
                  "duration": 0,
                  "state": null,
                  "speed": null,
                  "pass": false,
                  "fail": false,
                  "pending": false,
                  "context": null,
                  "code": "const deployment = this.krAssets.find(k => k.deployArgs.name === name);\nKreskoAsset = deployment.contract;\nKreskoAssetAnchor = deployment.anchor;",
                  "err": {},
                  "uuid": "e801bda9-7d4c-46b2-84ab-87cf1baad6d1",
                  "parentUUID": "db17ae15-0470-4a91-9ac0-b1ac5867c20f",
                  "isHook": true,
                  "skipped": false
                }
              ],
              "afterHooks": [],
              "tests": [
                {
                  "title": "cant initialize twice",
                  "fullTitle": "KreskoAsset #initialization - anchor cant initialize twice",
                  "timedOut": false,
                  "duration": 10,
                  "state": "passed",
                  "speed": "fast",
                  "pass": true,
                  "fail": false,
                  "pending": false,
                  "context": null,
                  "code": "await (0, chai_1.expect)(KreskoAsset.initialize(name, symbol, 18, hardhat_1.default.addr.deployer, hardhat_1.default.Diamond.address)).to.be.revertedWith(test_1.Error.ALREADY_INITIALIZED_OZ);",
                  "err": {},
                  "uuid": "ad797346-0c75-4197-86f2-24db4074baca",
                  "parentUUID": "db17ae15-0470-4a91-9ac0-b1ac5867c20f",
                  "isHook": false,
                  "skipped": false
                },
                {
                  "title": "cant initialize implementation",
                  "fullTitle": "KreskoAsset #initialization - anchor cant initialize implementation",
                  "timedOut": false,
                  "duration": 25,
                  "state": "passed",
                  "speed": "fast",
                  "pass": true,
                  "fail": false,
                  "pending": false,
                  "context": null,
                  "code": "const deployment = await hardhat_1.default.deployments.get(symbol);\nconst implementationAddress = deployment.implementation;\n(0, chai_1.expect)(implementationAddress).to.not.equal(hardhat_1.default.ethers.constants.AddressZero);\nconst KreskoAssetImpl = await hardhat_1.default.ethers.getContractAt(\"KreskoAsset\", implementationAddress);\nawait (0, chai_1.expect)(KreskoAssetImpl.initialize(name, symbol, 18, hardhat_1.default.addr.deployer, hardhat_1.default.Diamond.address)).to.be.revertedWith(test_1.Error.ALREADY_INITIALIZED_OZ);",
                  "err": {},
                  "uuid": "b6b33458-0d39-42fa-881a-2f80d5042b18",
                  "parentUUID": "db17ae15-0470-4a91-9ac0-b1ac5867c20f",
                  "isHook": false,
                  "skipped": false
                },
                {
                  "title": "sets correct state",
                  "fullTitle": "KreskoAsset #initialization - anchor sets correct state",
                  "timedOut": false,
                  "duration": 22,
                  "state": "passed",
                  "speed": "fast",
                  "pass": true,
                  "fail": false,
                  "pending": false,
                  "context": null,
                  "code": "(0, chai_1.expect)(await KreskoAsset.name()).to.equal(name);\n(0, chai_1.expect)(await KreskoAsset.symbol()).to.equal(symbol);\n(0, chai_1.expect)(await KreskoAsset.kresko()).to.equal(hardhat_1.default.Diamond.address);\n(0, chai_1.expect)(await KreskoAsset.hasRole(test_1.Role.ADMIN, hardhat_1.default.addr.deployer)).to.equal(true);\n(0, chai_1.expect)(await KreskoAsset.hasRole(test_1.Role.OPERATOR, hardhat_1.default.Diamond.address)).to.equal(true);\n(0, chai_1.expect)(await KreskoAsset.totalSupply()).to.equal(\"200000000000000000000\");\n(0, chai_1.expect)(await KreskoAsset.isRebased()).to.equal(false);\nconst rebaseInfo = await KreskoAsset.rebaseInfo();\n(0, chai_1.expect)(rebaseInfo.denominator).to.equal(0);\n(0, chai_1.expect)(rebaseInfo.positive).to.equal(false);",
                  "err": {},
                  "uuid": "b45d4042-80cc-474f-adf7-c582e71a7502",
                  "parentUUID": "db17ae15-0470-4a91-9ac0-b1ac5867c20f",
                  "isHook": false,
                  "skipped": false
                },
                {
                  "title": "can reinitialize metadata",
                  "fullTitle": "KreskoAsset #initialization - anchor can reinitialize metadata",
                  "timedOut": false,
                  "duration": 16,
                  "state": "passed",
                  "speed": "fast",
                  "pass": true,
                  "fail": false,
                  "pending": false,
                  "context": null,
                  "code": "const newName = \"foo\";\nconst newSymbol = \"bar\";\nawait (0, chai_1.expect)(KreskoAsset.reinitializeERC20(newName, newSymbol, 2)).to.not.be.revertedWith(test_1.Error.ALREADY_INITIALIZED_OZ);\n(0, chai_1.expect)(await KreskoAsset.name()).to.equal(newName);\n(0, chai_1.expect)(await KreskoAsset.symbol()).to.equal(newSymbol);",
                  "err": {},
                  "uuid": "b794e842-0746-4644-b5f4-8c86ecccacd1",
                  "parentUUID": "db17ae15-0470-4a91-9ac0-b1ac5867c20f",
                  "isHook": false,
                  "skipped": false
                }
              ],
              "suites": [],
              "passes": [
                "ad797346-0c75-4197-86f2-24db4074baca",
                "b6b33458-0d39-42fa-881a-2f80d5042b18",
                "b45d4042-80cc-474f-adf7-c582e71a7502",
                "b794e842-0746-4644-b5f4-8c86ecccacd1"
              ],
              "failures": [],
              "pending": [],
              "skipped": [],
              "duration": 73,
              "root": false,
              "rootEmpty": false,
              "_timeout": 15000
            },
            {
              "uuid": "4abbe675-9e74-44e3-9353-e451c133d81d",
              "title": "#initialization - wrapped",
              "fullFile": "/Users/panukettunen/Projects/kresko-protocol/src/test/krasset/00-init.ts",
              "file": "/src/test/krasset/00-init.ts",
              "beforeHooks": [
                {
                  "title": "\"before each\" hook in \"#initialization - wrapped\"",
                  "fullTitle": "KreskoAsset #initialization - wrapped \"before each\" hook in \"#initialization - wrapped\"",
                  "timedOut": false,
                  "duration": 0,
                  "state": null,
                  "speed": null,
                  "pass": false,
                  "fail": false,
                  "pending": false,
                  "context": null,
                  "code": "const deployment = hardhat_1.default.krAssets.find(k => k.deployArgs.name === name);\nKreskoAsset = deployment.contract;\nKreskoAssetAnchor = deployment.anchor;",
                  "err": {},
                  "uuid": "922d21b3-bcc2-48fd-add8-3303ab5d3741",
                  "parentUUID": "4abbe675-9e74-44e3-9353-e451c133d81d",
                  "isHook": true,
                  "skipped": false
                }
              ],
              "afterHooks": [],
              "tests": [
                {
                  "title": "cant initialize twice",
                  "fullTitle": "KreskoAsset #initialization - wrapped cant initialize twice",
                  "timedOut": false,
                  "duration": 9,
                  "state": "passed",
                  "speed": "fast",
                  "pass": true,
                  "fail": false,
                  "pending": false,
                  "context": null,
                  "code": "await (0, chai_1.expect)(KreskoAssetAnchor.initialize(KreskoAsset.address, name, symbol, hardhat_1.default.addr.deployer)).to.be.revertedWith(test_1.Error.ALREADY_INITIALIZED_OZ);",
                  "err": {},
                  "uuid": "91ea2db4-e5dd-49ba-bc7d-7f0909734129",
                  "parentUUID": "4abbe675-9e74-44e3-9353-e451c133d81d",
                  "isHook": false,
                  "skipped": false
                },
                {
                  "title": "cant initialize implementation",
                  "fullTitle": "KreskoAsset #initialization - wrapped cant initialize implementation",
                  "timedOut": false,
                  "duration": 23,
                  "state": "passed",
                  "speed": "fast",
                  "pass": true,
                  "fail": false,
                  "pending": false,
                  "context": null,
                  "code": "const deployment = await hardhat_1.default.deployments.get(shared_1.anchorTokenPrefix + symbol);\nconst implementationAddress = deployment.implementation;\n(0, chai_1.expect)(implementationAddress).to.not.equal(hardhat_1.default.ethers.constants.AddressZero);\nconst KreskoAssetAnchorImpl = await hardhat_1.default.ethers.getContractAt(\"KreskoAssetAnchor\", implementationAddress);\nawait (0, chai_1.expect)(KreskoAssetAnchorImpl.initialize(KreskoAsset.address, name, symbol, hardhat_1.default.addr.deployer)).to.be.revertedWith(test_1.Error.ALREADY_INITIALIZED_OZ);",
                  "err": {},
                  "uuid": "0cb9eaae-cea7-48fc-a286-2dca247a5c23",
                  "parentUUID": "4abbe675-9e74-44e3-9353-e451c133d81d",
                  "isHook": false,
                  "skipped": false
                },
                {
                  "title": "can reinitialize metadata",
                  "fullTitle": "KreskoAsset #initialization - wrapped can reinitialize metadata",
                  "timedOut": false,
                  "duration": 12,
                  "state": "passed",
                  "speed": "fast",
                  "pass": true,
                  "fail": false,
                  "pending": false,
                  "context": null,
                  "code": "const newName = \"foo\";\nconst newSymbol = \"bar\";\nawait (0, chai_1.expect)(KreskoAssetAnchor.reinitializeERC20(newName, newSymbol, 2)).to.not.be.revertedWith(test_1.Error.ALREADY_INITIALIZED_OZ);\n(0, chai_1.expect)(await KreskoAssetAnchor.name()).to.equal(newName);\n(0, chai_1.expect)(await KreskoAssetAnchor.symbol()).to.equal(newSymbol);",
                  "err": {},
                  "uuid": "93beb32f-a869-4175-9ed0-e8beb8f51980",
                  "parentUUID": "4abbe675-9e74-44e3-9353-e451c133d81d",
                  "isHook": false,
                  "skipped": false
                },
                {
                  "title": "sets correct state",
                  "fullTitle": "KreskoAsset #initialization - wrapped sets correct state",
                  "timedOut": false,
                  "duration": 25,
                  "state": "passed",
                  "speed": "fast",
                  "pass": true,
                  "fail": false,
                  "pending": false,
                  "context": null,
                  "code": "(0, chai_1.expect)(await KreskoAssetAnchor.name()).to.equal(name);\n(0, chai_1.expect)(await KreskoAssetAnchor.symbol()).to.equal(shared_1.anchorTokenPrefix + symbol);\n(0, chai_1.expect)(await KreskoAssetAnchor.asset()).to.equal(KreskoAsset.address);\n(0, chai_1.expect)(await KreskoAssetAnchor.hasRole(test_1.Role.ADMIN, hardhat_1.default.addr.deployer)).to.equal(true);\n(0, chai_1.expect)(await KreskoAssetAnchor.hasRole(test_1.Role.OPERATOR, hardhat_1.default.Diamond.address)).to.equal(true);\n(0, chai_1.expect)(await KreskoAssetAnchor.totalSupply()).to.equal(\"200000000000000000000\");\n(0, chai_1.expect)(await KreskoAssetAnchor.totalAssets()).to.equal(await KreskoAsset.totalSupply());\nconst rebaseInfo = await KreskoAsset.rebaseInfo();\n(0, chai_1.expect)(rebaseInfo.denominator).to.equal(0);\n(0, chai_1.expect)(rebaseInfo.positive).to.equal(false);",
                  "err": {},
                  "uuid": "7af78491-36c6-4815-bd9d-d0d42615abbd",
                  "parentUUID": "4abbe675-9e74-44e3-9353-e451c133d81d",
                  "isHook": false,
                  "skipped": false
                }
              ],
              "suites": [],
              "passes": [
                "91ea2db4-e5dd-49ba-bc7d-7f0909734129",
                "0cb9eaae-cea7-48fc-a286-2dca247a5c23",
                "93beb32f-a869-4175-9ed0-e8beb8f51980",
                "7af78491-36c6-4815-bd9d-d0d42615abbd"
              ],
              "failures": [],
              "pending": [],
              "skipped": [],
              "duration": 69,
              "root": false,
              "rootEmpty": false,
              "_timeout": 15000
            }
          ],
          "passes": [],
          "failures": [],
          "pending": [],
          "skipped": [],
          "duration": 0,
          "root": false,
          "rootEmpty": false,
          "_timeout": 15000
        },
        {
          "uuid": "8aaee26a-8a6b-444c-8e0f-0fbd6df0ac95",
          "title": "KreskoAsset",
          "fullFile": "/Users/panukettunen/Projects/kresko-protocol/src/test/krasset/01-erc20.ts",
          "file": "/src/test/krasset/01-erc20.ts",
          "beforeHooks": [
            {
              "title": "\"before each\" hook in \"KreskoAsset\"",
              "fullTitle": "KreskoAsset \"before each\" hook in \"KreskoAsset\"",
              "timedOut": false,
              "duration": 22,
              "state": null,
              "speed": null,
              "pass": false,
              "fail": false,
              "pending": false,
              "context": null,
              "code": "const fixture = await hre.deployments.createFixture(async (hre) => {\n    const result = await hre.deployments.fixture(fixtureName);\n    if (result.Diamond) {\n        hre.Diamond = await hre.getContractOrFork(\"Kresko\");\n    }\n    return {\n        facets: result.Diamond ? result.Diamond.facets : [],\n        collaterals: hre.collaterals,\n        krAssets: hre.krAssets,\n    };\n})();\nthis.facets = fixture.facets || [];\nthis.collaterals = fixture.collaterals;\nthis.krAssets = fixture.krAssets;",
              "err": {},
              "uuid": "d925a9bb-3a07-48e1-b17c-69f28fb340b3",
              "parentUUID": "8aaee26a-8a6b-444c-8e0f-0fbd6df0ac95",
              "isHook": true,
              "skipped": false
            },
            {
              "title": "\"before each\" hook in \"KreskoAsset\"",
              "fullTitle": "KreskoAsset \"before each\" hook in \"KreskoAsset\"",
              "timedOut": false,
              "duration": 14,
              "state": null,
              "speed": null,
              "pass": false,
              "fail": false,
              "pending": false,
              "context": null,
              "code": "this.owner = hardhat_1.default.users.deployer;\nthis.krAsset = hardhat_1.default.krAssets.find(asset => asset.deployArgs.symbol === test_1.defaultKrAssetArgs.symbol);\nthis.mintAmount = 125;\nawait this.krAsset.contract.grantRole(test_1.Role.OPERATOR, this.owner.address);",
              "err": {},
              "uuid": "d9b926a2-133b-46db-8f24-39c2e4cf1e38",
              "parentUUID": "8aaee26a-8a6b-444c-8e0f-0fbd6df0ac95",
              "isHook": true,
              "skipped": false
            }
          ],
          "afterHooks": [],
          "tests": [],
          "suites": [
            {
              "uuid": "0cb0527e-3fa3-4a06-abf4-3f4afe3d9f44",
              "title": "#mint",
              "fullFile": "/Users/panukettunen/Projects/kresko-protocol/src/test/krasset/01-erc20.ts",
              "file": "/src/test/krasset/01-erc20.ts",
              "beforeHooks": [],
              "afterHooks": [],
              "tests": [
                {
                  "title": "should allow the owner to mint to their own address",
                  "fullTitle": "KreskoAsset #mint should allow the owner to mint to their own address",
                  "timedOut": false,
                  "duration": 21,
                  "state": "passed",
                  "speed": "fast",
                  "pass": true,
                  "fail": false,
                  "pending": false,
                  "context": null,
                  "code": "(0, chai_1.expect)(await this.krAsset.contract.totalSupply()).to.equal(0);\n(0, chai_1.expect)(await this.krAsset.contract.balanceOf(this.owner.address)).to.equal(0);\nawait this.krAsset.contract.connect(this.owner).mint(this.owner.address, this.mintAmount);\n// Check total supply and owner's balances increased\n(0, chai_1.expect)(await this.krAsset.contract.totalSupply()).to.equal(this.mintAmount);\n(0, chai_1.expect)(await this.krAsset.contract.balanceOf(this.owner.address)).to.equal(this.mintAmount);",
                  "err": {},
                  "uuid": "92df1090-b957-4503-b043-194ddf4aec2e",
                  "parentUUID": "0cb0527e-3fa3-4a06-abf4-3f4afe3d9f44",
                  "isHook": false,
                  "skipped": false
                },
                {
                  "title": "should allow the asset owner to mint to another address",
                  "fullTitle": "KreskoAsset #mint should allow the asset owner to mint to another address",
                  "timedOut": false,
                  "duration": 19,
                  "state": "passed",
                  "speed": "fast",
                  "pass": true,
                  "fail": false,
                  "pending": false,
                  "context": null,
                  "code": "(0, chai_1.expect)(await this.krAsset.contract.totalSupply()).to.equal(0);\n(0, chai_1.expect)(await this.krAsset.contract.balanceOf(hardhat_1.default.users.userOne.address)).to.equal(0);\nawait this.krAsset.contract.connect(this.owner).mint(hardhat_1.default.users.userOne.address, this.mintAmount);\n// Check total supply and user's balances increased\n(0, chai_1.expect)(await this.krAsset.contract.totalSupply()).to.equal(this.mintAmount);\n(0, chai_1.expect)(await this.krAsset.contract.balanceOf(hardhat_1.default.users.userOne.address)).to.equal(this.mintAmount);",
                  "err": {},
                  "uuid": "65f9b68b-7e34-4f49-9267-ecdcf296946d",
                  "parentUUID": "0cb0527e-3fa3-4a06-abf4-3f4afe3d9f44",
                  "isHook": false,
                  "skipped": false
                },
                {
                  "title": "should not allow non-owner addresses to mint tokens",
                  "fullTitle": "KreskoAsset #mint should not allow non-owner addresses to mint tokens",
                  "timedOut": false,
                  "duration": 35,
                  "state": "passed",
                  "speed": "fast",
                  "pass": true,
                  "fail": false,
                  "pending": false,
                  "context": null,
                  "code": "(0, chai_1.expect)(await this.krAsset.contract.totalSupply()).to.equal(0);\n(0, chai_1.expect)(await this.krAsset.contract.balanceOf(this.owner.address)).to.equal(0);\nawait (0, chai_1.expect)(this.krAsset.contract.connect(hardhat_1.default.users.userOne).mint(this.owner.address, this.mintAmount)).to.be.revertedWith(`AccessControl: account ${hardhat_1.default.users.userOne.address.toLowerCase()} is missing role 0x112e48a576fb3a75acc75d9fcf6e0bc670b27b1dbcd2463502e10e68cf57d6fd`);\n// Check total supply and all account balances unchanged\n(0, chai_1.expect)(await this.krAsset.contract.totalSupply()).to.equal(0);\n(0, chai_1.expect)(await this.krAsset.contract.balanceOf(this.owner.address)).to.equal(0);\n(0, chai_1.expect)(await this.krAsset.contract.balanceOf(hardhat_1.default.users.userOne.address)).to.equal(0);",
                  "err": {},
                  "uuid": "8b3ebd6d-c5c4-47fb-b5b8-16f2b59b0ae4",
                  "parentUUID": "0cb0527e-3fa3-4a06-abf4-3f4afe3d9f44",
                  "isHook": false,
                  "skipped": false
                },
                {
                  "title": "should not allow admin to mint tokens",
                  "fullTitle": "KreskoAsset #mint should not allow admin to mint tokens",
                  "timedOut": false,
                  "duration": 63,
                  "state": "passed",
                  "speed": "medium",
                  "pass": true,
                  "fail": false,
                  "pending": false,
                  "context": null,
                  "code": "await this.krAsset.contract.renounceRole(test_1.Role.OPERATOR, this.owner.address);\nawait (0, chai_1.expect)(this.krAsset.contract.connect(hardhat_1.default.users.admin).mint(this.owner.address, this.mintAmount)).to.be.revertedWith(`AccessControl: account ${hardhat_1.default.users.admin.address.toLowerCase()} is missing role 0x112e48a576fb3a75acc75d9fcf6e0bc670b27b1dbcd2463502e10e68cf57d6fd`);",
                  "err": {},
                  "uuid": "023b5668-29ba-4a01-a3fe-15319dd1e39e",
                  "parentUUID": "0cb0527e-3fa3-4a06-abf4-3f4afe3d9f44",
                  "isHook": false,
                  "skipped": false
                }
              ],
              "suites": [],
              "passes": [
                "92df1090-b957-4503-b043-194ddf4aec2e",
                "65f9b68b-7e34-4f49-9267-ecdcf296946d",
                "8b3ebd6d-c5c4-47fb-b5b8-16f2b59b0ae4",
                "023b5668-29ba-4a01-a3fe-15319dd1e39e"
              ],
              "failures": [],
              "pending": [],
              "skipped": [],
              "duration": 138,
              "root": false,
              "rootEmpty": false,
              "_timeout": 15000
            },
            {
              "uuid": "0d9fcf3c-24d2-4171-9392-40b75834f367",
              "title": "#burn",
              "fullFile": "/Users/panukettunen/Projects/kresko-protocol/src/test/krasset/01-erc20.ts",
              "file": "/src/test/krasset/01-erc20.ts",
              "beforeHooks": [
                {
                  "title": "\"before each\" hook in \"#burn\"",
                  "fullTitle": "KreskoAsset #burn \"before each\" hook in \"#burn\"",
                  "timedOut": false,
                  "duration": 12,
                  "state": null,
                  "speed": null,
                  "pass": false,
                  "fail": false,
                  "pending": false,
                  "context": null,
                  "code": "this.mintAmount = 250;\nawait this.krAsset.contract.connect(this.owner).mint(hardhat_1.default.users.userOne.address, this.mintAmount);",
                  "err": {},
                  "uuid": "6490df9f-6485-4b60-a150-03113feecce7",
                  "parentUUID": "0d9fcf3c-24d2-4171-9392-40b75834f367",
                  "isHook": true,
                  "skipped": false
                }
              ],
              "afterHooks": [],
              "tests": [
                {
                  "title": "should allow the owner to burn tokens from user's address (without token allowance)",
                  "fullTitle": "KreskoAsset #burn should allow the owner to burn tokens from user's address (without token allowance)",
                  "timedOut": false,
                  "duration": 39,
                  "state": "passed",
                  "speed": "medium",
                  "pass": true,
                  "fail": false,
                  "pending": false,
                  "context": null,
                  "code": "(0, chai_1.expect)(await this.krAsset.contract.totalSupply()).to.equal(this.mintAmount);\nawait this.krAsset.contract.connect(this.owner).burn(hardhat_1.default.users.userOne.address, this.mintAmount);\n// Check total supply and user's balances decreased\n(0, chai_1.expect)(await this.krAsset.contract.totalSupply()).to.equal(0);\n(0, chai_1.expect)(await this.krAsset.contract.balanceOf(this.owner.address)).to.equal(0);\n// Confirm that owner doesn't hold any tokens\n(0, chai_1.expect)(await this.krAsset.contract.balanceOf(hardhat_1.default.users.userOne.address)).to.equal(0);",
                  "err": {},
                  "uuid": "f2405f01-c32b-4e1f-865a-32004ed0983b",
                  "parentUUID": "0d9fcf3c-24d2-4171-9392-40b75834f367",
                  "isHook": false,
                  "skipped": false
                },
                {
                  "title": "should allow the operator to burn tokens from user's address without changing existing allowances",
                  "fullTitle": "KreskoAsset #burn should allow the operator to burn tokens from user's address without changing existing allowances",
                  "timedOut": false,
                  "duration": 52,
                  "state": "passed",
                  "speed": "medium",
                  "pass": true,
                  "fail": false,
                  "pending": false,
                  "context": null,
                  "code": "await this.krAsset.contract.connect(this.owner).approve(hardhat_1.default.users.userOne.address, this.mintAmount);\n(0, chai_1.expect)(await this.krAsset.contract.totalSupply()).to.equal(this.mintAmount);\n(0, chai_1.expect)(await this.krAsset.contract.allowance(this.owner.address, hardhat_1.default.users.userOne.address)).to.equal(this.mintAmount);\nawait this.krAsset.contract.connect(this.owner).burn(hardhat_1.default.users.userOne.address, this.mintAmount);\n// Check total supply and user's balances decreased\n(0, chai_1.expect)(await this.krAsset.contract.totalSupply()).to.equal(0);\n(0, chai_1.expect)(await this.krAsset.contract.balanceOf(hardhat_1.default.users.userOne.address)).to.equal(0);\n// Confirm that owner doesn't hold any tokens\n(0, chai_1.expect)(await this.krAsset.contract.balanceOf(this.owner.address)).to.equal(0);\n// Confirm that token allowances are unchanged\n(0, chai_1.expect)(await this.krAsset.contract.allowance(this.owner.address, hardhat_1.default.users.userOne.address)).to.equal(this.mintAmount);",
                  "err": {},
                  "uuid": "21615fb0-d73d-4028-91d9-93d2a30155a0",
                  "parentUUID": "0d9fcf3c-24d2-4171-9392-40b75834f367",
                  "isHook": false,
                  "skipped": false
                },
                {
                  "title": "should not allow the operator to burn more tokens than user holds",
                  "fullTitle": "KreskoAsset #burn should not allow the operator to burn more tokens than user holds",
                  "timedOut": false,
                  "duration": 9,
                  "state": "passed",
                  "speed": "fast",
                  "pass": true,
                  "fail": false,
                  "pending": false,
                  "context": null,
                  "code": "const userBalance = await this.krAsset.contract.balanceOf(hardhat_1.default.users.userOne.address);\nconst overUserBalance = Number(userBalance) + 1;\n// gh-actions fix\nif (process.env.TESTCI) {\n    await (0, chai_1.expect)(this.krAsset.contract.connect(this.owner).burn(hardhat_1.default.users.userOne.address, overUserBalance)).to.be.reverted;\n}\nelse {\n    await (0, chai_1.expect)(this.krAsset.contract.connect(this.owner).burn(hardhat_1.default.users.userOne.address, overUserBalance)).to.be.reverted;\n}\n// Check total supply and user's balances are unchanged\n(0, chai_1.expect)(await this.krAsset.contract.totalSupply()).to.equal(this.mintAmount);\n(0, chai_1.expect)(await this.krAsset.contract.balanceOf(hardhat_1.default.users.userOne.address)).to.equal(this.mintAmount);",
                  "err": {},
                  "uuid": "832edebc-dfe7-4879-990e-b2946544b5b0",
                  "parentUUID": "0d9fcf3c-24d2-4171-9392-40b75834f367",
                  "isHook": false,
                  "skipped": false
                },
                {
                  "title": "should not allow non-operator addresses to burn tokens",
                  "fullTitle": "KreskoAsset #burn should not allow non-operator addresses to burn tokens",
                  "timedOut": false,
                  "duration": 16,
                  "state": "passed",
                  "speed": "fast",
                  "pass": true,
                  "fail": false,
                  "pending": false,
                  "context": null,
                  "code": "await (0, chai_1.expect)(this.krAsset.contract.connect(hardhat_1.default.users.userTwo).burn(hardhat_1.default.users.userOne.address, this.mintAmount)).to.be.revertedWith(`AccessControl: account ${hardhat_1.default.users.userTwo.address.toLowerCase()} is missing role 0x112e48a576fb3a75acc75d9fcf6e0bc670b27b1dbcd2463502e10e68cf57d6fd`);\n// Check total supply and user's balances unchanged\n(0, chai_1.expect)(await this.krAsset.contract.totalSupply()).to.equal(this.mintAmount);\n(0, chai_1.expect)(await this.krAsset.contract.balanceOf(hardhat_1.default.users.userOne.address)).to.equal(this.mintAmount);",
                  "err": {},
                  "uuid": "50301554-5abb-4c0a-b4fe-9c17c2bb34db",
                  "parentUUID": "0d9fcf3c-24d2-4171-9392-40b75834f367",
                  "isHook": false,
                  "skipped": false
                }
              ],
              "suites": [],
              "passes": [
                "f2405f01-c32b-4e1f-865a-32004ed0983b",
                "21615fb0-d73d-4028-91d9-93d2a30155a0",
                "832edebc-dfe7-4879-990e-b2946544b5b0",
                "50301554-5abb-4c0a-b4fe-9c17c2bb34db"
              ],
              "failures": [],
              "pending": [],
              "skipped": [],
              "duration": 116,
              "root": false,
              "rootEmpty": false,
              "_timeout": 15000
            }
          ],
          "passes": [],
          "failures": [],
          "pending": [],
          "skipped": [],
          "duration": 0,
          "root": false,
          "rootEmpty": false,
          "_timeout": 15000
        },
        {
          "uuid": "31346583-4b01-4746-b791-baccd42d9997",
          "title": "KreskoAsset",
          "fullFile": "/Users/panukettunen/Projects/kresko-protocol/src/test/krasset/02-krasset.ts",
          "file": "/src/test/krasset/02-krasset.ts",
          "beforeHooks": [
            {
              "title": "\"before each\" hook in \"KreskoAsset\"",
              "fullTitle": "KreskoAsset \"before each\" hook in \"KreskoAsset\"",
              "timedOut": false,
              "duration": 22,
              "state": null,
              "speed": null,
              "pass": false,
              "fail": false,
              "pending": false,
              "context": null,
              "code": "const fixture = await hre.deployments.createFixture(async (hre) => {\n    const result = await hre.deployments.fixture(fixtureName);\n    if (result.Diamond) {\n        hre.Diamond = await hre.getContractOrFork(\"Kresko\");\n    }\n    return {\n        facets: result.Diamond ? result.Diamond.facets : [],\n        collaterals: hre.collaterals,\n        krAssets: hre.krAssets,\n    };\n})();\nthis.facets = fixture.facets || [];\nthis.collaterals = fixture.collaterals;\nthis.krAssets = fixture.krAssets;",
              "err": {},
              "uuid": "670ad1c8-f9ba-4b35-82f3-167e17ade758",
              "parentUUID": "31346583-4b01-4746-b791-baccd42d9997",
              "isHook": true,
              "skipped": false
            },
            {
              "title": "\"before each\" hook in \"KreskoAsset\"",
              "fullTitle": "KreskoAsset \"before each\" hook in \"KreskoAsset\"",
              "timedOut": false,
              "duration": 12,
              "state": null,
              "speed": null,
              "pass": false,
              "fail": false,
              "pending": false,
              "context": null,
              "code": "KreskoAsset = hardhat_1.default.krAssets.find(asset => asset.deployArgs.symbol === test_1.defaultKrAssetArgs.symbol).contract;\n// Grant minting rights for test deployer\nawait KreskoAsset.grantRole(test_1.Role.OPERATOR, hardhat_1.default.addr.deployer);",
              "err": {},
              "uuid": "7b92b0a0-ad10-4d46-b706-bdcbc23f5029",
              "parentUUID": "31346583-4b01-4746-b791-baccd42d9997",
              "isHook": true,
              "skipped": false
            }
          ],
          "afterHooks": [],
          "tests": [],
          "suites": [
            {
              "uuid": "48bd9c97-8003-4e55-bd64-7c245e4c194d",
              "title": "#rebase",
              "fullFile": "/Users/panukettunen/Projects/kresko-protocol/src/test/krasset/02-krasset.ts",
              "file": "/src/test/krasset/02-krasset.ts",
              "beforeHooks": [],
              "afterHooks": [],
              "tests": [
                {
                  "title": "can set a positive rebase",
                  "fullTitle": "KreskoAsset #rebase can set a positive rebase",
                  "timedOut": false,
                  "duration": 16,
                  "state": "passed",
                  "speed": "fast",
                  "pass": true,
                  "fail": false,
                  "pending": false,
                  "context": null,
                  "code": "const denominator = hardhat_1.default.toBig(\"1.525\");\nconst positive = true;\nawait (0, chai_1.expect)(KreskoAsset.rebase(denominator, positive)).to.not.be.reverted;\n(0, chai_1.expect)(await KreskoAsset.isRebased()).to.equal(true);\nconst rebaseInfo = await KreskoAsset.rebaseInfo();\n(0, chai_1.expect)(rebaseInfo.denominator).equal(denominator);\n(0, chai_1.expect)(rebaseInfo.positive).equal(true);",
                  "err": {},
                  "uuid": "788d5914-d390-48c9-ad38-b7a1eb7f1b67",
                  "parentUUID": "48bd9c97-8003-4e55-bd64-7c245e4c194d",
                  "isHook": false,
                  "skipped": false
                },
                {
                  "title": "can set a negative rebase",
                  "fullTitle": "KreskoAsset #rebase can set a negative rebase",
                  "timedOut": false,
                  "duration": 16,
                  "state": "passed",
                  "speed": "fast",
                  "pass": true,
                  "fail": false,
                  "pending": false,
                  "context": null,
                  "code": "const denominator = hardhat_1.default.toBig(\"1.525\");\nconst positive = false;\nawait (0, chai_1.expect)(KreskoAsset.rebase(denominator, positive)).to.not.be.reverted;\n(0, chai_1.expect)(await KreskoAsset.isRebased()).to.equal(true);\nconst rebaseInfo = await KreskoAsset.rebaseInfo();\n(0, chai_1.expect)(rebaseInfo.denominator).equal(denominator);\n(0, chai_1.expect)(rebaseInfo.positive).equal(false);",
                  "err": {},
                  "uuid": "2a85e246-8170-479d-95e5-701d50843758",
                  "parentUUID": "48bd9c97-8003-4e55-bd64-7c245e4c194d",
                  "isHook": false,
                  "skipped": false
                },
                {
                  "title": "can be disabled by setting the denominator to 1 ether",
                  "fullTitle": "KreskoAsset #rebase can be disabled by setting the denominator to 1 ether",
                  "timedOut": false,
                  "duration": 39,
                  "state": "passed",
                  "speed": "medium",
                  "pass": true,
                  "fail": false,
                  "pending": false,
                  "context": null,
                  "code": "const denominator = hardhat_1.default.toBig(1);\nconst positive = false;\nawait (0, chai_1.expect)(KreskoAsset.rebase(denominator, positive)).to.not.be.reverted;\n(0, chai_1.expect)(await KreskoAsset.isRebased()).to.equal(false);",
                  "err": {},
                  "uuid": "7cf1bdd6-003a-418e-aeed-19b23c543f05",
                  "parentUUID": "48bd9c97-8003-4e55-bd64-7c245e4c194d",
                  "isHook": false,
                  "skipped": false
                }
              ],
              "suites": [
                {
                  "uuid": "da665c6c-cd2a-4af8-bf0e-b515009b2563",
                  "title": "#balance + supply",
                  "fullFile": "/Users/panukettunen/Projects/kresko-protocol/src/test/krasset/02-krasset.ts",
                  "file": "/src/test/krasset/02-krasset.ts",
                  "beforeHooks": [],
                  "afterHooks": [],
                  "tests": [
                    {
                      "title": "has no effect when not enabled",
                      "fullTitle": "KreskoAsset #rebase #balance + supply has no effect when not enabled",
                      "timedOut": false,
                      "duration": 16,
                      "state": "passed",
                      "speed": "fast",
                      "pass": true,
                      "fail": false,
                      "pending": false,
                      "context": null,
                      "code": "await KreskoAsset.mint(hardhat_1.default.addr.deployer, test_1.defaultMintAmount);\n(0, chai_1.expect)(await KreskoAsset.isRebased()).to.equal(false);\n(0, chai_1.expect)(await KreskoAsset.balanceOf(hardhat_1.default.addr.deployer)).to.equal(test_1.defaultMintAmount);",
                      "err": {},
                      "uuid": "7fb7fe8a-0542-49f1-b09d-a93e9d3f4fd1",
                      "parentUUID": "da665c6c-cd2a-4af8-bf0e-b515009b2563",
                      "isHook": false,
                      "skipped": false
                    },
                    {
                      "title": "increases balance and supply with positive rebase @ 2",
                      "fullTitle": "KreskoAsset #rebase #balance + supply increases balance and supply with positive rebase @ 2",
                      "timedOut": false,
                      "duration": 25,
                      "state": "passed",
                      "speed": "fast",
                      "pass": true,
                      "fail": false,
                      "pending": false,
                      "context": null,
                      "code": "const denominator = 2;\nconst positive = true;\nawait KreskoAsset.mint(hardhat_1.default.addr.deployer, test_1.defaultMintAmount);\nawait KreskoAsset.rebase(hardhat_1.default.toBig(denominator), positive);\n(0, chai_1.expect)(await KreskoAsset.balanceOf(hardhat_1.default.addr.deployer)).to.equal(test_1.defaultMintAmount.mul(denominator));\n(0, chai_1.expect)(await KreskoAsset.totalSupply()).to.equal(test_1.defaultMintAmount.mul(denominator));",
                      "err": {},
                      "uuid": "f9444b1b-e7a0-4447-a585-e2345970a7f3",
                      "parentUUID": "da665c6c-cd2a-4af8-bf0e-b515009b2563",
                      "isHook": false,
                      "skipped": false
                    },
                    {
                      "title": "increases balance and supply with positive rebase @ 3",
                      "fullTitle": "KreskoAsset #rebase #balance + supply increases balance and supply with positive rebase @ 3",
                      "timedOut": false,
                      "duration": 26,
                      "state": "passed",
                      "speed": "fast",
                      "pass": true,
                      "fail": false,
                      "pending": false,
                      "context": null,
                      "code": "const denominator = 3;\nconst positive = true;\nawait KreskoAsset.mint(hardhat_1.default.addr.deployer, test_1.defaultMintAmount);\nawait KreskoAsset.rebase(hardhat_1.default.toBig(denominator), positive);\n(0, chai_1.expect)(await KreskoAsset.balanceOf(hardhat_1.default.addr.deployer)).to.equal(test_1.defaultMintAmount.mul(denominator));\n(0, chai_1.expect)(await KreskoAsset.totalSupply()).to.equal(test_1.defaultMintAmount.mul(denominator));",
                      "err": {},
                      "uuid": "3d899034-5f9b-402e-a2a4-463477453b8f",
                      "parentUUID": "da665c6c-cd2a-4af8-bf0e-b515009b2563",
                      "isHook": false,
                      "skipped": false
                    },
                    {
                      "title": "increases balance and supply with positive rebase  @ 100",
                      "fullTitle": "KreskoAsset #rebase #balance + supply increases balance and supply with positive rebase  @ 100",
                      "timedOut": false,
                      "duration": 27,
                      "state": "passed",
                      "speed": "fast",
                      "pass": true,
                      "fail": false,
                      "pending": false,
                      "context": null,
                      "code": "const denominator = 100;\nconst positive = true;\nawait KreskoAsset.mint(hardhat_1.default.addr.deployer, test_1.defaultMintAmount);\nawait KreskoAsset.rebase(hardhat_1.default.toBig(denominator), positive);\n(0, chai_1.expect)(await KreskoAsset.balanceOf(hardhat_1.default.addr.deployer)).to.equal(test_1.defaultMintAmount.mul(denominator));\n(0, chai_1.expect)(await KreskoAsset.totalSupply()).to.equal(test_1.defaultMintAmount.mul(denominator));",
                      "err": {},
                      "uuid": "44f22d56-f18d-4a6a-9961-5eff12f6c8b2",
                      "parentUUID": "da665c6c-cd2a-4af8-bf0e-b515009b2563",
                      "isHook": false,
                      "skipped": false
                    },
                    {
                      "title": "reduces balance and supply with negative rebase @ 2",
                      "fullTitle": "KreskoAsset #rebase #balance + supply reduces balance and supply with negative rebase @ 2",
                      "timedOut": false,
                      "duration": 26,
                      "state": "passed",
                      "speed": "fast",
                      "pass": true,
                      "fail": false,
                      "pending": false,
                      "context": null,
                      "code": "const denominator = 2;\nconst positive = false;\nawait KreskoAsset.mint(hardhat_1.default.addr.deployer, test_1.defaultMintAmount);\nawait KreskoAsset.rebase(hardhat_1.default.toBig(denominator), positive);\n(0, chai_1.expect)(await KreskoAsset.balanceOf(hardhat_1.default.addr.deployer)).to.equal(test_1.defaultMintAmount.div(denominator));\n(0, chai_1.expect)(await KreskoAsset.totalSupply()).to.equal(test_1.defaultMintAmount.div(denominator));",
                      "err": {},
                      "uuid": "a03643fd-cec7-4148-8fe5-43efd590af43",
                      "parentUUID": "da665c6c-cd2a-4af8-bf0e-b515009b2563",
                      "isHook": false,
                      "skipped": false
                    },
                    {
                      "title": "reduces balance and supply with negative rebase @ 3",
                      "fullTitle": "KreskoAsset #rebase #balance + supply reduces balance and supply with negative rebase @ 3",
                      "timedOut": false,
                      "duration": 25,
                      "state": "passed",
                      "speed": "fast",
                      "pass": true,
                      "fail": false,
                      "pending": false,
                      "context": null,
                      "code": "const denominator = 3;\nconst positive = false;\nawait KreskoAsset.mint(hardhat_1.default.addr.deployer, test_1.defaultMintAmount);\nawait KreskoAsset.rebase(hardhat_1.default.toBig(denominator), positive);\n(0, chai_1.expect)(await KreskoAsset.balanceOf(hardhat_1.default.addr.deployer)).to.equal(test_1.defaultMintAmount.div(denominator));\n(0, chai_1.expect)(await KreskoAsset.totalSupply()).to.equal(test_1.defaultMintAmount.div(denominator));",
                      "err": {},
                      "uuid": "66054b48-331b-46a8-a853-50c57e8ad5ef",
                      "parentUUID": "da665c6c-cd2a-4af8-bf0e-b515009b2563",
                      "isHook": false,
                      "skipped": false
                    },
                    {
                      "title": "reduces balance and supply with negative rebase @ 100",
                      "fullTitle": "KreskoAsset #rebase #balance + supply reduces balance and supply with negative rebase @ 100",
                      "timedOut": false,
                      "duration": 26,
                      "state": "passed",
                      "speed": "fast",
                      "pass": true,
                      "fail": false,
                      "pending": false,
                      "context": null,
                      "code": "const denominator = 100;\nconst positive = false;\nawait KreskoAsset.mint(hardhat_1.default.addr.deployer, test_1.defaultMintAmount);\nawait KreskoAsset.rebase(hardhat_1.default.toBig(denominator), positive);\n(0, chai_1.expect)(await KreskoAsset.balanceOf(hardhat_1.default.addr.deployer)).to.equal(test_1.defaultMintAmount.div(denominator));\n(0, chai_1.expect)(await KreskoAsset.totalSupply()).to.equal(test_1.defaultMintAmount.div(denominator));",
                      "err": {},
                      "uuid": "2978b71c-cb1d-4271-9a1a-68d09e7446ea",
                      "parentUUID": "da665c6c-cd2a-4af8-bf0e-b515009b2563",
                      "isHook": false,
                      "skipped": false
                    }
                  ],
                  "suites": [],
                  "passes": [
                    "7fb7fe8a-0542-49f1-b09d-a93e9d3f4fd1",
                    "f9444b1b-e7a0-4447-a585-e2345970a7f3",
                    "3d899034-5f9b-402e-a2a4-463477453b8f",
                    "44f22d56-f18d-4a6a-9961-5eff12f6c8b2",
                    "a03643fd-cec7-4148-8fe5-43efd590af43",
                    "66054b48-331b-46a8-a853-50c57e8ad5ef",
                    "2978b71c-cb1d-4271-9a1a-68d09e7446ea"
                  ],
                  "failures": [],
                  "pending": [],
                  "skipped": [],
                  "duration": 171,
                  "root": false,
                  "rootEmpty": false,
                  "_timeout": 15000
                },
                {
                  "uuid": "fb9523b3-4b5b-4037-88e5-80f91f2e98d3",
                  "title": "#transfer",
                  "fullFile": "/Users/panukettunen/Projects/kresko-protocol/src/test/krasset/02-krasset.ts",
                  "file": "/src/test/krasset/02-krasset.ts",
                  "beforeHooks": [],
                  "afterHooks": [],
                  "tests": [
                    {
                      "title": "has default transfer behaviour after positive rebase",
                      "fullTitle": "KreskoAsset #rebase #transfer has default transfer behaviour after positive rebase",
                      "timedOut": false,
                      "duration": 54,
                      "state": "passed",
                      "speed": "medium",
                      "pass": true,
                      "fail": false,
                      "pending": false,
                      "context": null,
                      "code": "const transferAmount = hardhat_1.default.toBig(1);\nawait KreskoAsset.mint(hardhat_1.default.addr.deployer, test_1.defaultMintAmount);\nawait KreskoAsset.mint(hardhat_1.default.addr.userOne, test_1.defaultMintAmount);\nconst denominator = 2;\nconst positive = true;\nawait KreskoAsset.rebase(hardhat_1.default.toBig(denominator), positive);\nconst rebaseInfodDefaultMintAMount = test_1.defaultMintAmount.mul(denominator);\nawait KreskoAsset.transfer(hardhat_1.default.addr.userOne, transferAmount);\n(0, chai_1.expect)(await KreskoAsset.balanceOf(hardhat_1.default.addr.userOne)).to.equal(rebaseInfodDefaultMintAMount.add(transferAmount));\n(0, chai_1.expect)(await KreskoAsset.balanceOf(hardhat_1.default.addr.deployer)).to.equal(rebaseInfodDefaultMintAMount.sub(transferAmount));",
                      "err": {},
                      "uuid": "c5facc91-1ee9-4919-894a-d3eaaa67ad54",
                      "parentUUID": "fb9523b3-4b5b-4037-88e5-80f91f2e98d3",
                      "isHook": false,
                      "skipped": false
                    },
                    {
                      "title": "has default transfer behaviour after negative rebase",
                      "fullTitle": "KreskoAsset #rebase #transfer has default transfer behaviour after negative rebase",
                      "timedOut": false,
                      "duration": 49,
                      "state": "passed",
                      "speed": "medium",
[...]
                  "err": {},
                  "uuid": "71421e3f-ce88-44d2-9564-61d140560d39",
                  "parentUUID": "db817187-c3ea-4bc2-9e07-bf05be70dfcf",
                  "isHook": false,
                  "skipped": false
                }
              ],
              "suites": [],
              "passes": [
                "ce0f5d3b-991d-4866-938e-40e5d47924a8",
                "867a79bf-f7fc-409a-b6ca-03fbfa8bc5e1",
                "7a5442b5-4802-4b62-98b9-376cd82318e5",
                "30675297-6551-4103-8dc8-22330260674f",
                "2c87fac3-b714-4e76-b36a-c058226d5fa6",
                "415b357c-73c9-4aaa-8139-03f31e0450ee",
                "af51cc34-ca8d-4f58-8fed-ecdcd3b78f32",
                "3fc09e8b-51cd-474b-b1e5-8eb6aed8c155",
                "e300bfaa-5c95-4de3-8276-632297c01995",
                "0609f750-2119-4af4-ab88-cc65b39feaee",
                "71421e3f-ce88-44d2-9564-61d140560d39"
              ],
              "failures": [],
              "pending": [],
              "skipped": [],
              "duration": 14955,
              "root": false,
              "rootEmpty": false,
              "_timeout": 15000
            }
          ],
          "passes": [],
          "failures": [],
          "pending": [],
          "skipped": [],
          "duration": 0,
          "root": false,
          "rootEmpty": false,
          "_timeout": 15000
        },
        {
          "uuid": "7b71a78d-f345-44c9-a1e0-ac00ecc27045",
          "title": "Stability Rates",
          "fullFile": "/Users/panukettunen/Projects/kresko-protocol/src/test/stability-rate/03-liquidation.ts",
          "file": "/src/test/stability-rate/03-liquidation.ts",
          "beforeHooks": [
            {
              "title": "\"before each\" hook in \"Stability Rates\"",
              "fullTitle": "Stability Rates \"before each\" hook in \"Stability Rates\"",
              "timedOut": false,
              "duration": 22,
              "state": null,
              "speed": null,
              "pass": false,
              "fail": false,
              "pending": false,
              "context": null,
              "code": "const fixture = await hre.deployments.createFixture(async (hre) => {\n    const result = await hre.deployments.fixture(fixtureName);\n    if (result.Diamond) {\n        hre.Diamond = await hre.getContractOrFork(\"Kresko\");\n    }\n    return {\n        facets: result.Diamond ? result.Diamond.facets : [],\n        collaterals: hre.collaterals,\n        krAssets: hre.krAssets,\n    };\n})();\nthis.facets = fixture.facets || [];\nthis.collaterals = fixture.collaterals;\nthis.krAssets = fixture.krAssets;",
              "err": {},
              "uuid": "f01b5059-4ba6-4a57-b026-8e6475b2ab8e",
              "parentUUID": "7b71a78d-f345-44c9-a1e0-ac00ecc27045",
              "isHook": true,
              "skipped": false
            },
            {
              "title": "\"before each\" hook in \"Stability Rates\"",
              "fullTitle": "Stability Rates \"before each\" hook in \"Stability Rates\"",
              "timedOut": false,
              "duration": 345,
              "state": null,
              "speed": null,
              "pass": false,
              "fail": false,
              "pending": false,
              "context": null,
              "code": "liquidator = hardhat_1.default.users.deployer;\nuserTwo = hardhat_1.default.users.userTwo;\nthis.krAsset = hardhat_1.default.krAssets.find(c => c.deployArgs.name === test_1.defaultKrAssetArgs.name);\nthis.collateral = hardhat_1.default.collaterals.find(c => c.deployArgs.name === test_1.defaultCollateralArgs.name);\nconst krAssetOraclePrice = 10;\nthis.krAsset.setPrice(krAssetOraclePrice);\nconst cLiq = (0, lib_1.toBig)(1000);\nconst kLiq = (0, lib_1.toBig)(100);\nawait this.collateral.setBalance(liquidator, cLiq.mul(2));\nawait (0, collaterals_1.depositCollateral)({\n    asset: this.collateral,\n    amount: cLiq,\n    user: liquidator,\n});\nawait (0, krassets_1.mintKrAsset)({\n    asset: this.krAsset,\n    amount: kLiq,\n    user: liquidator,\n});\nconst anchorBalance = await this.krAsset.anchor.balanceOf(hardhat_1.default.Diamond.address);\n(0, chai_1.expect)(anchorBalance).to.equal(kLiq);\n// 1000/100 = krAsset amm price 10\nconst pair = await (0, amm_1.addLiquidity)({\n    user: liquidator,\n    router: hardhat_1.default.UniV2Router,\n    amount0: cLiq,\n    amount1: kLiq,\n    token0: this.collateral,\n    token1: this.krAsset,\n});\nupdateTWAP = (0, amm_1.getTWAPUpdaterFor)(pair.address);\nawait hardhat_1.default.UniV2Oracle.initPair(pair.address, this.krAsset.address, 60 * 60);\nawait updateTWAP();",
              "err": {},
              "uuid": "1864a828-f3c8-4d9f-8df3-84bbde43ab05",
              "parentUUID": "7b71a78d-f345-44c9-a1e0-ac00ecc27045",
              "isHook": true,
              "skipped": false
            }
          ],
          "afterHooks": [],
          "tests": [],
          "suites": [
            {
              "uuid": "32c1672d-e3ea-452f-995d-14af5f68d072",
              "title": "#stability rate - liquidation",
              "fullFile": "/Users/panukettunen/Projects/kresko-protocol/src/test/stability-rate/03-liquidation.ts",
              "file": "/src/test/stability-rate/03-liquidation.ts",
              "beforeHooks": [
                {
                  "title": "\"before each\" hook in \"#stability rate - liquidation\"",
                  "fullTitle": "Stability Rates #stability rate - liquidation \"before each\" hook in \"#stability rate - liquidation\"",
                  "timedOut": false,
                  "duration": 3324,
                  "state": null,
                  "speed": null,
                  "pass": false,
                  "fail": false,
                  "pending": false,
                  "context": null,
                  "code": "await this.collateral.setBalance(userTwo, depositAmount);\n// Create few krAssets\nkrAssets = await Promise.all([\"krasset2\", \"krasset3\", \"krasset4\"].map(async (name) => await (0, krassets_1.addMockKreskoAsset)({\n    name: name,\n    symbol: name,\n    marketOpen: true,\n    factor: 1.1,\n    closeFee: 0,\n    openFee: 0,\n    price: 10,\n    supplyLimit: 2000,\n    stabilityRateBase: test_1.BASIS_POINT.mul(1000), // 10%\n})));",
                  "err": {},
                  "uuid": "bf4ad7d2-a9ae-457d-af73-59298556257b",
                  "parentUUID": "32c1672d-e3ea-452f-995d-14af5f68d072",
                  "isHook": true,
                  "skipped": false
                }
              ],
              "afterHooks": [],
              "tests": [
                {
                  "title": "cannot liquidate accrued interest of healthy account",
                  "fullTitle": "Stability Rates #stability rate - liquidation cannot liquidate accrued interest of healthy account",
                  "timedOut": false,
                  "duration": 367,
                  "state": "passed",
                  "speed": "slow",
                  "pass": true,
                  "fail": false,
                  "pending": false,
                  "context": null,
                  "code": "await this.collateral.setBalance(userTwo, depositAmount);\n// Deposit a bit more to cover the mints\nawait (0, collaterals_1.depositCollateral)({\n    asset: this.collateral,\n    amount: depositAmount,\n    user: userTwo,\n});\n// mint each krasset\nawait Promise.all(krAssets.map(krAsset => (0, krassets_1.mintKrAsset)({\n    asset: krAsset,\n    amount: mintAmount,\n    user: userTwo,\n})));\nawait hardhat_network_helpers_1.time.increase(calculations_1.ONE_YEAR);\nconst krAsset = krAssets[0];\n(0, chai_1.expect)(await hardhat_1.default.Diamond.isAccountLiquidatable(userTwo.address)).to.be.false;\nawait (0, chai_1.expect)(hardhat_1.default.Diamond.connect(liquidator).liquidateInterest(userTwo.address, krAsset.address, this.collateral.address)).to.be.revertedWith(errors_1.Error.NOT_LIQUIDATABLE);",
                  "err": {},
                  "uuid": "ec69dc28-904a-4332-9611-564fea56823a",
                  "parentUUID": "32c1672d-e3ea-452f-995d-14af5f68d072",
                  "isHook": false,
                  "skipped": false
                },
                {
                  "title": "cannot batch liquidate accrued interest of healthy account",
                  "fullTitle": "Stability Rates #stability rate - liquidation cannot batch liquidate accrued interest of healthy account",
                  "timedOut": false,
                  "duration": 394,
                  "state": "passed",
                  "speed": "slow",
                  "pass": true,
                  "fail": false,
                  "pending": false,
                  "context": null,
                  "code": "await this.collateral.setBalance(userTwo, depositAmount);\n// Deposit a bit more to cover the mints\nawait (0, collaterals_1.depositCollateral)({\n    asset: this.collateral,\n    amount: depositAmount,\n    user: userTwo,\n});\n// mint each krasset\nawait Promise.all(krAssets.map(krAsset => (0, krassets_1.mintKrAsset)({\n    asset: krAsset,\n    amount: mintAmount,\n    user: userTwo,\n})));\nawait hardhat_network_helpers_1.time.increase(calculations_1.ONE_YEAR);\n(0, chai_1.expect)(await hardhat_1.default.Diamond.isAccountLiquidatable(userTwo.address)).to.be.false;\nawait (0, chai_1.expect)(hardhat_1.default.Diamond.connect(liquidator).batchLiquidateInterest(userTwo.address, this.collateral.address)).to.be.revertedWith(errors_1.Error.NOT_LIQUIDATABLE);",
                  "err": {},
                  "uuid": "e9dbf295-763e-4bdb-918e-40164b9f0ca7",
                  "parentUUID": "32c1672d-e3ea-452f-995d-14af5f68d072",
                  "isHook": false,
                  "skipped": false
                },
                {
                  "title": "can liquidate accrued interest of unhealthy account",
                  "fullTitle": "Stability Rates #stability rate - liquidation can liquidate accrued interest of unhealthy account",
                  "timedOut": false,
                  "duration": 924,
                  "state": "passed",
                  "speed": "slow",
                  "pass": true,
                  "fail": false,
                  "pending": false,
                  "context": null,
                  "code": "const KISS = await hardhat_1.default.getContractOrFork(\"KISS\");\nawait KISS.connect(liquidator).approve(hardhat_1.default.Diamond.address, hardhat_1.default.ethers.constants.MaxUint256);\nawait this.collateral.setBalance(userTwo, depositAmount);\n// Deposit a bit more to cover the mints\nawait (0, collaterals_1.depositCollateral)({\n    asset: this.collateral,\n    amount: depositAmount,\n    user: userTwo,\n});\n// mint each krasset\nawait Promise.all(krAssets.map(krAsset => (0, krassets_1.mintKrAsset)({\n    asset: krAsset,\n    amount: mintAmount,\n    user: userTwo,\n})));\n// Up the asset prices\nconst newPrice = 15;\nkrAssets.map(asset => asset.setPrice(newPrice));\n// increase time so account is liquidatable\n(0, chai_1.expect)(await hardhat_1.default.Diamond.isAccountLiquidatable(userTwo.address)).to.be.false;\nawait hardhat_network_helpers_1.time.increase(calculations_1.ONE_YEAR * 4);\n// should be liquidatable\n(0, chai_1.expect)(await hardhat_1.default.Diamond.isAccountLiquidatable(userTwo.address)).to.be.true;\n// Asset to liquidate\nconst krAsset = krAssets[0];\nconst interestUSDTotal = await hardhat_1.default.Diamond.kreskoAssetDebtInterestTotal(userTwo.address);\n// Liquidator mints KISS\nawait (0, krassets_1.mintKrAsset)({\n    asset: KISS,\n    amount: interestUSDTotal.add((0, lib_1.toBig)(1)),\n    user: liquidator,\n});\n// liquidatable value total before\nconst accruedKissInterest = (0, hardhat_1.fromBig)((await hardhat_1.default.Diamond.kreskoAssetDebtInterest(userTwo.address, krAsset.address)).kissAmount);\nconst accountCollateralBefore = await hardhat_1.default.Diamond.collateralDeposits(userTwo.address, this.collateral.address);\n// Wipe seized collateral balance before liquidation for easy comparison\nawait this.collateral.setBalance(liquidator, (0, lib_1.toBig)(0));\n// Liquidate\nconst tx = await hardhat_1.default.Diamond.connect(liquidator).liquidateInterest(userTwo.address, krAsset.address, this.collateral.address);\n// Should all be wiped\nconst interestAccruedAfterLiq = await hardhat_1.default.Diamond.kreskoAssetDebtInterest(userTwo.address, krAsset.address);\n(0, chai_1.expect)(interestAccruedAfterLiq.kissAmount).to.eq(0);\n(0, chai_1.expect)(interestAccruedAfterLiq.assetAmount).to.eq(0);\nconst accountCollateralAfter = await hardhat_1.default.Diamond.collateralDeposits(userTwo.address, this.collateral.address);\nconst event = await (0, protocol_ts_1.getInternalEvent)(tx, hardhat_1.default.Diamond, \"InterestLiquidationOccurred\");\n// validate interest accrual changes\n(0, chai_1.expect)(accountCollateralAfter).to.equal(accountCollateralBefore.sub(event.collateralSent));\nconst liquidationIncentive = (0, hardhat_1.fromBig)((await hardhat_1.default.Diamond.liquidationIncentiveMultiplier()).rawValue);\nconst expectedCollateral = (accruedKissInterest / (0, hardhat_1.fromBig)(await this.collateral.getPrice(), 8)) * liquidationIncentive;\n// event validation\n(0, chai_1.expect)(event.account).to.equal(userTwo.address);\n(0, chai_1.expect)(event.liquidator).to.equal(liquidator.address);\n(0, chai_1.expect)(event.repayKreskoAsset).to.equal(krAsset.address);\n(0, chai_1.expect)(event.seizedCollateralAsset).to.equal(this.collateral.address);\n(0, chai_1.expect)((0, hardhat_1.fromBig)(event.collateralSent).toFixed(6)).to.equal(expectedCollateral.toFixed(6));\n(0, chai_1.expect)((0, hardhat_1.fromBig)(event.repayUSD)).to.closeTo(accruedKissInterest, 0.0001);\n// liquidator received collateral\n(0, chai_1.expect)(await this.collateral.contract.balanceOf(liquidator.address)).to.equal(event.collateralSent);",
                  "err": {},
                  "uuid": "7ebc95bf-51fd-4245-a069-8cb087190b04",
                  "parentUUID": "32c1672d-e3ea-452f-995d-14af5f68d072",
                  "isHook": false,
                  "skipped": false
                },
                {
                  "title": "can batch liquidate accrued interest of unhealthy account",
                  "fullTitle": "Stability Rates #stability rate - liquidation can batch liquidate accrued interest of unhealthy account",
                  "timedOut": false,
                  "duration": 1138,
                  "state": "passed",
                  "speed": "slow",
                  "pass": true,
                  "fail": false,
                  "pending": false,
                  "context": null,
                  "code": "const KISS = await hardhat_1.default.getContractOrFork(\"KISS\");\nawait KISS.connect(liquidator).approve(hardhat_1.default.Diamond.address, hardhat_1.default.ethers.constants.MaxUint256);\nawait this.collateral.setBalance(userTwo, depositAmount);\n// Deposit a bit more to cover the mints\nawait (0, collaterals_1.depositCollateral)({\n    asset: this.collateral,\n    amount: depositAmount,\n    user: userTwo,\n});\n// mint each krasset\nawait Promise.all(krAssets.map(krAsset => (0, krassets_1.mintKrAsset)({\n    asset: krAsset,\n    amount: mintAmount,\n    user: userTwo,\n})));\n// Up the asset prices\nconst newPrice = 15;\nkrAssets.map(asset => asset.setPrice(newPrice));\n// increase time so account is liquidatable\n(0, chai_1.expect)(await hardhat_1.default.Diamond.isAccountLiquidatable(userTwo.address)).to.be.false;\nawait hardhat_network_helpers_1.time.increase(calculations_1.ONE_YEAR * 4);\n// should be liquidatable\n(0, chai_1.expect)(await hardhat_1.default.Diamond.isAccountLiquidatable(userTwo.address)).to.be.true;\nconst interestKissTotal = (0, hardhat_1.fromBig)(await hardhat_1.default.Diamond.kreskoAssetDebtInterestTotal(userTwo.address));\n// Liquidator mints KISS\nawait (0, krassets_1.mintKrAsset)({\n    asset: KISS,\n    amount: interestKissTotal + 1,\n    user: liquidator,\n});\n// Wipe seized collateral balance before liquidation for easy comparison\nawait this.collateral.setBalance(liquidator, (0, lib_1.toBig)(0));\n// Liquidate\nconst tx = await hardhat_1.default.Diamond.connect(liquidator).batchLiquidateInterest(userTwo.address, this.collateral.address);\nconst interestKissTotalAfter = (0, hardhat_1.fromBig)(await hardhat_1.default.Diamond.kreskoAssetDebtInterestTotal(userTwo.address));\n(0, chai_1.expect)(await hardhat_1.default.Diamond.isAccountLiquidatable(userTwo.address)).to.be.false;\nconst event = await (0, protocol_ts_1.getInternalEvent)(tx, hardhat_1.default.Diamond, \"BatchInterestLiquidationOccurred\");\nconst repayUSD = (0, hardhat_1.fromBig)(event.repayUSD);\n// interest accrued changes\n(0, chai_1.expect)(interestKissTotalAfter).to.closeTo(interestKissTotal - (0, hardhat_1.fromBig)(event.repayUSD), 0.0001);\nconst liquidationIncentive = (0, hardhat_1.fromBig)((await hardhat_1.default.Diamond.liquidationIncentiveMultiplier()).rawValue);\nconst expectedCollateral = (repayUSD / (0, hardhat_1.fromBig)(await this.collateral.getPrice(), 8)) * liquidationIncentive;\n// event validation\n(0, chai_1.expect)(event.account).to.equal(userTwo.address);\n(0, chai_1.expect)(event.liquidator).to.equal(liquidator.address);\n(0, chai_1.expect)(event.seizedCollateralAsset).to.equal(this.collateral.address);\n(0, chai_1.expect)((0, hardhat_1.fromBig)(event.collateralSent)).to.closeTo(expectedCollateral, 0.0001);\n(0, chai_1.expect)(repayUSD).to.closeTo(interestKissTotal - interestKissTotalAfter, 0.0001);\n// liquidator received collateral\n(0, chai_1.expect)(await this.collateral.contract.balanceOf(liquidator.address)).to.equal(event.collateralSent);",
                  "err": {},
                  "uuid": "64a17238-8502-40cc-bc8e-4491dff1f9b8",
                  "parentUUID": "32c1672d-e3ea-452f-995d-14af5f68d072",
                  "isHook": false,
                  "skipped": false
                }
              ],
              "suites": [],
              "passes": [
                "ec69dc28-904a-4332-9611-564fea56823a",
                "e9dbf295-763e-4bdb-918e-40164b9f0ca7",
                "7ebc95bf-51fd-4245-a069-8cb087190b04",
                "64a17238-8502-40cc-bc8e-4491dff1f9b8"
              ],
              "failures": [],
              "pending": [],
              "skipped": [],
              "duration": 2823,
              "root": false,
              "rootEmpty": false,
              "_timeout": 15000
            }
          ],
          "passes": [],
          "failures": [],
          "pending": [],
          "skipped": [],
          "duration": 0,
          "root": false,
          "rootEmpty": false,
          "_timeout": 15000
        }
      ],
      "passes": [],
      "failures": [],
      "pending": [],
      "skipped": [],
      "duration": 0,
      "root": true,
      "rootEmpty": true,
      "_timeout": 15000
    }
  ],
  "meta": {
    "mocha": {
      "version": "10.1.0"
    },
    "mochawesome": {
      "options": {
        "quiet": false,
        "reportFilename": "mochawesome",
        "saveHtml": true,
        "saveJson": true,
        "consoleReporter": "spec",
        "useInlineDiffs": false,
        "code": true
      },
      "version": "7.1.3"
    },
    "marge": {
      "options": null,
      "version": "6.2.0"
    }
  }
}