{
  "stats": {
    "suites": 90,
    "tests": 265,
    "passes": 257,
    "pending": 8,
    "failures": 0,
    "start": "2023-05-19T12:02:45.433Z",
    "end": "2023-05-19T12:05:30.554Z",
    "duration": 165121,
    "testsRegistered": 265,
    "passPercent": 100,
    "pendingPercent": 3.018867924528302,
    "other": 0,
    "hasOther": false,
    "skipped": 0,
    "hasSkipped": false
  },
  "results": [
    {
      "uuid": "b19f451a-dec2-49e7-96d2-f846db765537",
      "title": "",
      "fullFile": "",
      "file": "",
      "beforeHooks": [],
      "afterHooks": [],
      "tests": [],
      "suites": [
        {
          "uuid": "9e772b0d-dbd7-4875-865f-865981480a81",
          "title": "Asset Amounts & Values",
          "fullFile": "/Users/panukettunen/Projects/kresko-protocol/src/test/asset-values/00-asset-values.ts",
          "file": "/src/test/asset-values/00-asset-values.ts",
          "beforeHooks": [
            {
              "title": "\"before each\" hook in \"Asset Amounts & Values\"",
              "fullTitle": "Asset Amounts & Values \"before each\" hook in \"Asset Amounts & Values\"",
              "timedOut": false,
              "duration": 18,
              "state": null,
              "speed": null,
              "pass": false,
              "fail": false,
              "pending": false,
              "context": null,
              "code": "const fixture = await _hardhat.default.deployments.createFixture(async (hre)=>{\n    const result = await hre.deployments.fixture(fixtureName);\n    if (result.Diamond) {\n        hre.Diamond = await hre.getContractOrFork(\"Kresko\");\n    }\n    return {\n        facets: result.Diamond ? result.Diamond.facets : [],\n        collaterals: hre.collaterals,\n        krAssets: hre.krAssets\n    };\n})();\nthis.facets = fixture.facets || [];\nthis.collaterals = fixture.collaterals;\nthis.krAssets = fixture.krAssets;",
              "err": {},
              "uuid": "06579eba-6eca-4b27-b3cb-dda35dd74ef2",
              "parentUUID": "9e772b0d-dbd7-4875-865f-865981480a81",
              "isHook": true,
              "skipped": false
            },
            {
              "title": "\"before each\" hook in \"Asset Amounts & Values\"",
              "fullTitle": "Asset Amounts & Values \"before each\" hook in \"Asset Amounts & Values\"",
              "timedOut": false,
              "duration": 3129,
              "state": null,
              "speed": null,
              "pass": false,
              "fail": false,
              "pending": false,
              "context": null,
              "code": "user = _hardhat.default.users.testUserSeven;\noracleDecimals = await _hardhat.default.Diamond.extOracleDecimals();\nKreskoAsset = await (0, _krassets.addMockKreskoAsset)({\n    name: \"KreskoAssetPrice10USD\",\n    price: collateralPrice,\n    symbol: \"KreskoAssetPrice10USD\",\n    closeFee: 0.1,\n    openFee: 0.1,\n    marketOpen: true,\n    factor: 2,\n    supplyLimit: 10\n});\nCollateralAsset = await (0, _collaterals.addMockCollateralAsset)({\n    name: \"Collateral18Dec\",\n    price: kreskoAssetPrice,\n    factor: 0.5,\n    decimals: 18\n});\nCollateralAsset8Dec = await (0, _collaterals.addMockCollateralAsset)({\n    name: \"Collateral8Dec\",\n    price: kreskoAssetPrice,\n    factor: 0.5,\n    decimals: 8\n});\nCollateralAsset21Dec = await (0, _collaterals.addMockCollateralAsset)({\n    name: \"Collateral21Dec\",\n    price: kreskoAssetPrice,\n    factor: 0.5,\n    decimals: 21\n});\nawait CollateralAsset.setBalance(user, (0, _lib.toBig)(startingBalance));\nawait CollateralAsset8Dec.setBalance(user, (0, _lib.toBig)(startingBalance, 8));\nawait CollateralAsset21Dec.setBalance(user, (0, _lib.toBig)(startingBalance, 21));\nawait CollateralAsset.contract.connect(user).approve(_hardhat.default.Diamond.address, _hardhat.default.ethers.constants.MaxUint256);\nawait CollateralAsset8Dec.contract.connect(user).approve(_hardhat.default.Diamond.address, _hardhat.default.ethers.constants.MaxUint256);\nawait CollateralAsset21Dec.contract.connect(user).approve(_hardhat.default.Diamond.address, _hardhat.default.ethers.constants.MaxUint256);",
              "err": {},
              "uuid": "05e97014-c119-4910-93c9-08e0a3b8ad30",
              "parentUUID": "9e772b0d-dbd7-4875-865f-865981480a81",
              "isHook": true,
              "skipped": false
            }
          ],
          "afterHooks": [],
          "tests": [],
          "suites": [
            {
              "uuid": "319ad703-449b-48e6-8d53-10bf2a6897f3",
              "title": "#Collateral Deposit Values",
              "fullFile": "/Users/panukettunen/Projects/kresko-protocol/src/test/asset-values/00-asset-values.ts",
              "file": "/src/test/asset-values/00-asset-values.ts",
              "beforeHooks": [],
              "afterHooks": [],
              "tests": [
                {
                  "title": "should return the correct deposit value with 18 decimals",
                  "fullTitle": "Asset Amounts & Values #Collateral Deposit Values should return the correct deposit value with 18 decimals",
                  "timedOut": false,
                  "duration": 19,
                  "state": "passed",
                  "speed": "fast",
                  "pass": true,
                  "fail": false,
                  "pending": false,
                  "context": null,
                  "code": "const depositAmount = (0, _lib.toBig)(10);\nconst expectedDepositValue = (0, _lib.toBig)(50, oracleDecimals); // cfactor = 0.5, collateralPrice = 10, depositAmount = 10\nawait _hardhat.default.Diamond.connect(user).depositCollateral(user.address, CollateralAsset.address, depositAmount);\nconst depositValue = await _hardhat.default.Diamond.getAccountCollateralValue(user.address);\n(0, _chai.expect)(depositValue).to.equal(expectedDepositValue);",
                  "err": {},
                  "uuid": "572e218f-1ee3-47c5-b4ba-7a91c1d4ddd1",
                  "parentUUID": "319ad703-449b-48e6-8d53-10bf2a6897f3",
                  "isHook": false,
                  "skipped": false
                },
                {
                  "title": "should return the correct deposit value with less than 18 decimals",
                  "fullTitle": "Asset Amounts & Values #Collateral Deposit Values should return the correct deposit value with less than 18 decimals",
                  "timedOut": false,
                  "duration": 19,
                  "state": "passed",
                  "speed": "fast",
                  "pass": true,
                  "fail": false,
                  "pending": false,
                  "context": null,
                  "code": "const depositAmount = (0, _lib.toBig)(10, 8);\nconst expectedDepositValue = (0, _lib.toBig)(50, oracleDecimals); // cfactor = 0.5, collateralPrice = 10, depositAmount = 10\nawait _hardhat.default.Diamond.connect(user).depositCollateral(user.address, CollateralAsset8Dec.address, depositAmount);\nconst depositValue = await _hardhat.default.Diamond.getAccountCollateralValue(user.address);\n(0, _chai.expect)(depositValue).to.equal(expectedDepositValue);",
                  "err": {},
                  "uuid": "cbffc6f8-0327-40df-b6f3-73ad05f5d6b4",
                  "parentUUID": "319ad703-449b-48e6-8d53-10bf2a6897f3",
                  "isHook": false,
                  "skipped": false
                },
                {
                  "title": "should return the correct deposit value with over 18 decimals",
                  "fullTitle": "Asset Amounts & Values #Collateral Deposit Values should return the correct deposit value with over 18 decimals",
                  "timedOut": false,
                  "duration": 21,
                  "state": "passed",
                  "speed": "fast",
                  "pass": true,
                  "fail": false,
                  "pending": false,
                  "context": null,
                  "code": "const depositAmount = (0, _lib.toBig)(10, 21);\nconst expectedDepositValue = (0, _lib.toBig)(50, oracleDecimals); // cfactor = 0.5, collateralPrice = 10, depositAmount = 10\nawait _hardhat.default.Diamond.connect(user).depositCollateral(user.address, CollateralAsset21Dec.address, depositAmount);\nconst depositValue = await _hardhat.default.Diamond.getAccountCollateralValue(user.address);\n(0, _chai.expect)(depositValue).to.equal(expectedDepositValue);",
                  "err": {},
                  "uuid": "7f1a5791-b4bd-47e6-8c29-60f91aa94ff0",
                  "parentUUID": "319ad703-449b-48e6-8d53-10bf2a6897f3",
                  "isHook": false,
                  "skipped": false
                },
                {
                  "title": "should return the correct deposit value combination of different decimals",
                  "fullTitle": "Asset Amounts & Values #Collateral Deposit Values should return the correct deposit value combination of different decimals",
                  "timedOut": false,
                  "duration": 54,
                  "state": "passed",
                  "speed": "medium",
                  "pass": true,
                  "fail": false,
                  "pending": false,
                  "context": null,
                  "code": "await _hardhat.default.Diamond.connect(user).depositCollateral(user.address, CollateralAsset.address, (0, _lib.toBig)(10));\nawait _hardhat.default.Diamond.connect(user).depositCollateral(user.address, CollateralAsset8Dec.address, (0, _lib.toBig)(10, 8));\nawait _hardhat.default.Diamond.connect(user).depositCollateral(user.address, CollateralAsset21Dec.address, (0, _lib.toBig)(10, 21));\nconst expectedDepositValue = (0, _lib.toBig)(150, oracleDecimals); // cfactor = 0.5, collateralPrice = 10, depositAmount = 30\nconst depositValue = await _hardhat.default.Diamond.getAccountCollateralValue(user.address);\n(0, _chai.expect)(depositValue).to.equal(expectedDepositValue);",
                  "err": {},
                  "uuid": "a4fa268d-218c-43c9-a61f-c93f8ed9947e",
                  "parentUUID": "319ad703-449b-48e6-8d53-10bf2a6897f3",
                  "isHook": false,
                  "skipped": false
                }
              ],
              "suites": [],
              "passes": [
                "572e218f-1ee3-47c5-b4ba-7a91c1d4ddd1",
                "cbffc6f8-0327-40df-b6f3-73ad05f5d6b4",
                "7f1a5791-b4bd-47e6-8c29-60f91aa94ff0",
                "a4fa268d-218c-43c9-a61f-c93f8ed9947e"
              ],
              "failures": [],
              "pending": [],
              "skipped": [],
              "duration": 113,
              "root": false,
              "rootEmpty": false,
              "_timeout": 15000
            },
            {
              "uuid": "0d6fa59d-d728-454e-bcb7-d66db57e7a71",
              "title": "#Collateral Deposit Amount",
              "fullFile": "/Users/panukettunen/Projects/kresko-protocol/src/test/asset-values/00-asset-values.ts",
              "file": "/src/test/asset-values/00-asset-values.ts",
              "beforeHooks": [],
              "afterHooks": [],
              "tests": [
                {
                  "title": "should return the correct deposit amount with 18 decimals",
                  "fullTitle": "Asset Amounts & Values #Collateral Deposit Amount should return the correct deposit amount with 18 decimals",
                  "timedOut": false,
                  "duration": 52,
                  "state": "passed",
                  "speed": "medium",
                  "pass": true,
                  "fail": false,
                  "pending": false,
                  "context": null,
                  "code": "const depositAmount = (0, _lib.toBig)(10);\nawait _hardhat.default.Diamond.connect(user).depositCollateral(user.address, CollateralAsset.address, depositAmount);\nconst withdrawIndex = await _hardhat.default.Diamond.getDepositedCollateralAssetIndex(user.address, CollateralAsset.address);\nconst deposits = await _hardhat.default.Diamond.collateralDeposits(user.address, CollateralAsset.address);\n(0, _chai.expect)(deposits).to.equal(depositAmount);\nawait _hardhat.default.Diamond.connect(user).withdrawCollateral(user.address, CollateralAsset.address, depositAmount, withdrawIndex);\nconst balance = await CollateralAsset.contract.balanceOf(user.address);\n(0, _chai.expect)(balance).to.equal((0, _lib.toBig)(startingBalance));",
                  "err": {},
                  "uuid": "76292733-ef87-496e-8853-81fc29b83ca6",
                  "parentUUID": "0d6fa59d-d728-454e-bcb7-d66db57e7a71",
                  "isHook": false,
                  "skipped": false
                },
                {
                  "title": "should return the correct deposit amount with less than 18 decimals",
                  "fullTitle": "Asset Amounts & Values #Collateral Deposit Amount should return the correct deposit amount with less than 18 decimals",
                  "timedOut": false,
                  "duration": 51,
                  "state": "passed",
                  "speed": "medium",
                  "pass": true,
                  "fail": false,
                  "pending": false,
                  "context": null,
                  "code": "const depositAmount = (0, _lib.toBig)(10, 8);\nawait _hardhat.default.Diamond.connect(user).depositCollateral(user.address, CollateralAsset8Dec.address, depositAmount);\nconst withdrawIndex = await _hardhat.default.Diamond.getDepositedCollateralAssetIndex(user.address, CollateralAsset8Dec.address);\nconst deposits = await _hardhat.default.Diamond.collateralDeposits(user.address, CollateralAsset8Dec.address);\n(0, _chai.expect)(deposits).to.equal(depositAmount);\nawait _hardhat.default.Diamond.connect(user).withdrawCollateral(user.address, CollateralAsset8Dec.address, depositAmount, withdrawIndex);\nconst balance = await CollateralAsset8Dec.contract.balanceOf(user.address);\n(0, _chai.expect)(balance).to.equal((0, _lib.toBig)(startingBalance, 8));",
                  "err": {},
                  "uuid": "189e8e21-00fa-4246-8e39-3338944ccf93",
                  "parentUUID": "0d6fa59d-d728-454e-bcb7-d66db57e7a71",
                  "isHook": false,
                  "skipped": false
                },
                {
                  "title": "should return the correct deposit value with over 18 decimals",
                  "fullTitle": "Asset Amounts & Values #Collateral Deposit Amount should return the correct deposit value with over 18 decimals",
                  "timedOut": false,
                  "duration": 54,
                  "state": "passed",
                  "speed": "medium",
                  "pass": true,
                  "fail": false,
                  "pending": false,
                  "context": null,
                  "code": "const depositAmount = (0, _lib.toBig)(10, 21);\nawait _hardhat.default.Diamond.connect(user).depositCollateral(user.address, CollateralAsset21Dec.address, depositAmount);\nconst withdrawIndex = await _hardhat.default.Diamond.getDepositedCollateralAssetIndex(user.address, CollateralAsset21Dec.address);\nconst deposits = await _hardhat.default.Diamond.collateralDeposits(user.address, CollateralAsset21Dec.address);\n(0, _chai.expect)(deposits).to.equal(depositAmount);\nawait _hardhat.default.Diamond.connect(user).withdrawCollateral(user.address, CollateralAsset21Dec.address, depositAmount, withdrawIndex);\nconst balance = await CollateralAsset21Dec.contract.balanceOf(user.address);\n(0, _chai.expect)(balance).to.equal((0, _lib.toBig)(startingBalance, 21));",
                  "err": {},
                  "uuid": "e9c1968d-281c-46e9-a908-124127582891",
                  "parentUUID": "0d6fa59d-d728-454e-bcb7-d66db57e7a71",
                  "isHook": false,
                  "skipped": false
                }
              ],
              "suites": [],
              "passes": [
                "76292733-ef87-496e-8853-81fc29b83ca6",
                "189e8e21-00fa-4246-8e39-3338944ccf93",
                "e9c1968d-281c-46e9-a908-124127582891"
              ],
              "failures": [],
              "pending": [],
              "skipped": [],
              "duration": 157,
              "root": false,
              "rootEmpty": false,
              "_timeout": 15000
            },
            {
              "uuid": "7134f43a-57dd-416f-ae7d-d7eb4aa400cf",
              "title": "#Kresko Asset Debt Values",
              "fullFile": "/Users/panukettunen/Projects/kresko-protocol/src/test/asset-values/00-asset-values.ts",
              "file": "/src/test/asset-values/00-asset-values.ts",
              "beforeHooks": [],
              "afterHooks": [],
              "tests": [
                {
                  "title": "should return the correct debt value (+CR) with 18 decimal collateral",
                  "fullTitle": "Asset Amounts & Values #Kresko Asset Debt Values should return the correct debt value (+CR) with 18 decimal collateral",
                  "timedOut": false,
                  "duration": 148,
                  "state": "passed",
                  "speed": "slow",
                  "pass": true,
                  "fail": false,
                  "pending": false,
                  "context": null,
                  "code": "const depositAmount = (0, _lib.toBig)(10);\nawait _hardhat.default.Diamond.connect(user).depositCollateral(user.address, CollateralAsset.address, depositAmount);\nconst mintAmount = (0, _lib.toBig)(1);\nconst expectedMintValue = (0, _lib.toBig)(20, oracleDecimals); // kFactor = 2, krAssetPrice = 10, mintAmount = 1, openFee = 0.1\nawait _hardhat.default.Diamond.connect(user).mintKreskoAsset(user.address, KreskoAsset.address, mintAmount);\nconst expectedDepositValue = (0, _lib.toBig)(49.5, oracleDecimals); // cfactor = 0.5, collateralPrice = 10, depositAmount = 10, openFee = 0.1\nconst depositValue = await _hardhat.default.Diamond.getAccountCollateralValue(user.address);\n(0, _chai.expect)(depositValue).to.equal(expectedDepositValue);\nconst mintValue = await _hardhat.default.Diamond.getAccountKrAssetValue(user.address);\n(0, _chai.expect)(mintValue).to.equal(expectedMintValue);\nconst assetValue = await _hardhat.default.Diamond.getKrAssetValue(KreskoAsset.address, mintAmount, true);\nconst kFactor = (await _hardhat.default.Diamond.kreskoAsset(KreskoAsset.address)).kFactor;\n(0, _chai.expect)(assetValue).to.equal(expectedMintValue.wadDiv(kFactor));\nconst collateralRatio = await (0, _liquidations.getCR)(user.address, true); // big\n(0, _chai.expect)(collateralRatio).to.equal(expectedDepositValue.wadDiv(expectedMintValue)); // 2.475",
                  "err": {},
                  "uuid": "357dbca5-c181-49f9-83a6-951025854c9f",
                  "parentUUID": "7134f43a-57dd-416f-ae7d-d7eb4aa400cf",
                  "isHook": false,
                  "skipped": false
                },
                {
                  "title": "should return the correct debt value (+CR) with less than 18 decimal collateral",
                  "fullTitle": "Asset Amounts & Values #Kresko Asset Debt Values should return the correct debt value (+CR) with less than 18 decimal collateral",
                  "timedOut": false,
                  "duration": 165,
                  "state": "passed",
                  "speed": "slow",
                  "pass": true,
                  "fail": false,
                  "pending": false,
                  "context": null,
                  "code": "const depositAmount = (0, _lib.toBig)(10, 8);\nawait _hardhat.default.Diamond.connect(user).depositCollateral(user.address, CollateralAsset8Dec.address, depositAmount);\nconst mintAmount = (0, _lib.toBig)(1);\nconst expectedMintValue = (0, _lib.toBig)(20, oracleDecimals); // kFactor = 2, krAssetPrice = 10, mintAmount = 1, openFee = 0.1\nawait _hardhat.default.Diamond.connect(user).mintKreskoAsset(user.address, KreskoAsset.address, mintAmount);\nconst expectedDepositValue = (0, _lib.toBig)(49.5, oracleDecimals); // cfactor = 0.5, collateralPrice = 10, depositAmount = 10, openFee = 0.1\nconst depositValue = await _hardhat.default.Diamond.getAccountCollateralValue(user.address);\n(0, _chai.expect)(depositValue).to.equal(expectedDepositValue);\nconst mintValue = await _hardhat.default.Diamond.getAccountKrAssetValue(user.address);\n(0, _chai.expect)(mintValue).to.equal(expectedMintValue);\nconst assetValue = await _hardhat.default.Diamond.getKrAssetValue(KreskoAsset.address, mintAmount, true);\nconst kFactor = (await _hardhat.default.Diamond.kreskoAsset(KreskoAsset.address)).kFactor;\n(0, _chai.expect)(assetValue).to.equal(expectedMintValue.wadDiv(kFactor));\nconst collateralRatio = await (0, _liquidations.getCR)(user.address, true); // big\n(0, _chai.expect)(collateralRatio).to.equal(expectedDepositValue.wadDiv(expectedMintValue)); // 2.475",
                  "err": {},
                  "uuid": "23de3029-249b-4a8d-b1b8-2573405ee088",
                  "parentUUID": "7134f43a-57dd-416f-ae7d-d7eb4aa400cf",
                  "isHook": false,
                  "skipped": false
                },
                {
                  "title": "should return the correct debt value (+CR) with more than 18 decimal collateral",
                  "fullTitle": "Asset Amounts & Values #Kresko Asset Debt Values should return the correct debt value (+CR) with more than 18 decimal collateral",
                  "timedOut": false,
                  "duration": 171,
                  "state": "passed",
                  "speed": "slow",
                  "pass": true,
                  "fail": false,
                  "pending": false,
                  "context": null,
                  "code": "const depositAmount = (0, _lib.toBig)(10, 21);\nawait _hardhat.default.Diamond.connect(user).depositCollateral(user.address, CollateralAsset21Dec.address, depositAmount);\nconst mintAmount = (0, _lib.toBig)(1);\nconst expectedMintValue = (0, _lib.toBig)(20, oracleDecimals); // kFactor = 2, krAssetPrice = 10, mintAmount = 1, openFee = 0.1\nawait _hardhat.default.Diamond.connect(user).mintKreskoAsset(user.address, KreskoAsset.address, mintAmount);\nconst expectedDepositValue = (0, _lib.toBig)(49.5, oracleDecimals); // cfactor = 0.5, collateralPrice = 10, depositAmount = 10, openFee = 0.1\nconst depositValue = await _hardhat.default.Diamond.getAccountCollateralValue(user.address);\n(0, _chai.expect)(depositValue).to.equal(expectedDepositValue);\nconst mintValue = await _hardhat.default.Diamond.getAccountKrAssetValue(user.address);\n(0, _chai.expect)(mintValue).to.equal(expectedMintValue);\nconst assetValue = await _hardhat.default.Diamond.getKrAssetValue(KreskoAsset.address, mintAmount, true);\nconst kFactor = (await _hardhat.default.Diamond.kreskoAsset(KreskoAsset.address)).kFactor;\n(0, _chai.expect)(assetValue).to.equal(expectedMintValue.wadDiv(kFactor));\nconst collateralRatio = await (0, _liquidations.getCR)(user.address, true); // big\n(0, _chai.expect)(collateralRatio).to.equal(expectedDepositValue.wadDiv(expectedMintValue)); // 2.475",
                  "err": {},
                  "uuid": "fb6dc722-6da9-4ab2-ab79-bc50a2340313",
                  "parentUUID": "7134f43a-57dd-416f-ae7d-d7eb4aa400cf",
                  "isHook": false,
                  "skipped": false
                }
              ],
              "suites": [],
              "passes": [
                "357dbca5-c181-49f9-83a6-951025854c9f",
                "23de3029-249b-4a8d-b1b8-2573405ee088",
                "fb6dc722-6da9-4ab2-ab79-bc50a2340313"
              ],
              "failures": [],
              "pending": [],
              "skipped": [],
              "duration": 484,
              "root": false,
              "rootEmpty": false,
              "_timeout": 15000
            }
          ],
          "passes": [],
          "failures": [],
          "pending": [],
          "skipped": [],
          "duration": 0,
          "root": false,
          "rootEmpty": false,
          "_timeout": 15000
        },
        {
          "uuid": "a1c0a224-f930-4218-9ff1-531be9ccc07e",
          "title": "Diamond",
          "fullFile": "/Users/panukettunen/Projects/kresko-protocol/src/test/diamond/00-init.ts",
          "file": "/src/test/diamond/00-init.ts",
          "beforeHooks": [
            {
              "title": "\"before each\" hook in \"Diamond\"",
              "fullTitle": "Diamond \"before each\" hook in \"Diamond\"",
              "timedOut": false,
              "duration": 17,
              "state": null,
              "speed": null,
              "pass": false,
              "fail": false,
              "pending": false,
              "context": null,
              "code": "const fixture = await _hardhat.default.deployments.createFixture(async (hre)=>{\n    const result = await hre.deployments.fixture(fixtureName);\n    if (result.Diamond) {\n        hre.Diamond = await hre.getContractOrFork(\"Kresko\");\n    }\n    return {\n        facets: result.Diamond ? result.Diamond.facets : [],\n        collaterals: hre.collaterals,\n        krAssets: hre.krAssets\n    };\n})();\nthis.facets = fixture.facets || [];\nthis.collaterals = fixture.collaterals;\nthis.krAssets = fixture.krAssets;",
              "err": {},
              "uuid": "52071b9f-f023-4bce-9e75-a2febac7975c",
              "parentUUID": "a1c0a224-f930-4218-9ff1-531be9ccc07e",
              "isHook": true,
              "skipped": false
            }
          ],
          "afterHooks": [],
          "tests": [],
          "suites": [
            {
              "uuid": "cd57ad45-9ba0-4bce-b3d7-cefdf3454fc1",
              "title": "#initialization",
              "fullFile": "/Users/panukettunen/Projects/kresko-protocol/src/test/diamond/00-init.ts",
              "file": "/src/test/diamond/00-init.ts",
              "beforeHooks": [],
              "afterHooks": [],
              "tests": [
                {
                  "title": "sets correct state",
                  "fullTitle": "Diamond #initialization sets correct state",
                  "timedOut": false,
                  "duration": 12,
                  "state": "passed",
                  "speed": "fast",
                  "pass": true,
                  "fail": false,
                  "pending": false,
                  "context": null,
                  "code": "(0, _chai.expect)(await _hardhat.default.Diamond.owner()).to.equal(_hardhat.default.users.deployer.address);\n(0, _chai.expect)(await _hardhat.default.Diamond.initialized()).to.equal(true);",
                  "err": {},
                  "uuid": "636618bb-7a6c-48e7-bdda-09f41edc626d",
                  "parentUUID": "cd57ad45-9ba0-4bce-b3d7-cefdf3454fc1",
                  "isHook": false,
                  "skipped": false
                },
                {
                  "title": "sets standard facet addresses",
                  "fullTitle": "Diamond #initialization sets standard facet addresses",
                  "timedOut": false,
                  "duration": 31,
                  "state": "passed",
                  "speed": "fast",
                  "pass": true,
                  "fail": false,
                  "pending": false,
                  "context": null,
                  "code": "const facetAddressesOnChain = (await _hardhat.default.Diamond.facets()).map((f)=>f.facetAddress);\nconst facetAddressesArtifact = this.facets.map((f)=>f.facetAddress);\n(0, _chai.expect)(facetAddressesOnChain.length).to.equal(facetAddressesArtifact.length);\n(0, _chai.expect)(facetAddressesOnChain).to.have.members(facetAddressesArtifact);",
                  "err": {},
                  "uuid": "63648613-f079-41de-acf6-c8c3024ae920",
                  "parentUUID": "cd57ad45-9ba0-4bce-b3d7-cefdf3454fc1",
                  "isHook": false,
                  "skipped": false
                },
                {
                  "title": "sets selectors of standard facets",
                  "fullTitle": "Diamond #initialization sets selectors of standard facets",
                  "timedOut": false,
                  "duration": 31,
                  "state": "passed",
                  "speed": "fast",
                  "pass": true,
                  "fail": false,
                  "pending": false,
                  "context": null,
                  "code": "const facetsSelectorsOnChain = (await _hardhat.default.Diamond.facets()).flatMap((f)=>f.functionSelectors);\nconst facetSelectorsOnArtifact = this.facets.flatMap((f)=>f.functionSelectors);\n(0, _chai.expect)(facetsSelectorsOnChain.length).to.equal(facetSelectorsOnArtifact.length);\n(0, _chai.expect)(facetsSelectorsOnChain).to.have.members(facetSelectorsOnArtifact);",
                  "err": {},
                  "uuid": "e29c461a-5430-42a4-af42-71fdcc70270c",
                  "parentUUID": "cd57ad45-9ba0-4bce-b3d7-cefdf3454fc1",
                  "isHook": false,
                  "skipped": false
                }
              ],
              "suites": [],
              "passes": [
                "636618bb-7a6c-48e7-bdda-09f41edc626d",
                "63648613-f079-41de-acf6-c8c3024ae920",
                "e29c461a-5430-42a4-af42-71fdcc70270c"
              ],
              "failures": [],
              "pending": [],
              "skipped": [],
              "duration": 74,
              "root": false,
              "rootEmpty": false,
              "_timeout": 15000
            }
          ],
          "passes": [],
          "failures": [],
          "pending": [],
          "skipped": [],
          "duration": 0,
          "root": false,
          "rootEmpty": false,
          "_timeout": 15000
        },
        {
          "uuid": "ab36cec7-53de-4e07-9a35-05762a75f1c5",
          "title": "Diamond",
          "fullFile": "/Users/panukettunen/Projects/kresko-protocol/src/test/diamond/01-ownership.ts",
          "file": "/src/test/diamond/01-ownership.ts",
          "beforeHooks": [
            {
              "title": "\"before each\" hook in \"Diamond\"",
              "fullTitle": "Diamond \"before each\" hook in \"Diamond\"",
              "timedOut": false,
              "duration": 16,
              "state": null,
              "speed": null,
              "pass": false,
              "fail": false,
              "pending": false,
              "context": null,
              "code": "const fixture = await _hardhat.default.deployments.createFixture(async (hre)=>{\n    const result = await hre.deployments.fixture(fixtureName);\n    if (result.Diamond) {\n        hre.Diamond = await hre.getContractOrFork(\"Kresko\");\n    }\n    return {\n        facets: result.Diamond ? result.Diamond.facets : [],\n        collaterals: hre.collaterals,\n        krAssets: hre.krAssets\n    };\n})();\nthis.facets = fixture.facets || [];\nthis.collaterals = fixture.collaterals;\nthis.krAssets = fixture.krAssets;",
              "err": {},
              "uuid": "8ef5e2a0-2f79-48f3-ae23-393fb9e169f5",
              "parentUUID": "ab36cec7-53de-4e07-9a35-05762a75f1c5",
              "isHook": true,
              "skipped": false
            }
          ],
          "afterHooks": [],
          "tests": [],
          "suites": [
            {
              "uuid": "5d2ace90-1ad2-4ed3-8dc1-038aae139e22",
              "title": "#ownership",
              "fullFile": "/Users/panukettunen/Projects/kresko-protocol/src/test/diamond/01-ownership.ts",
              "file": "/src/test/diamond/01-ownership.ts",
              "beforeHooks": [],
              "afterHooks": [],
              "tests": [
                {
                  "title": "sets correct owner",
                  "fullTitle": "Diamond #ownership sets correct owner",
                  "timedOut": false,
                  "duration": 8,
                  "state": "passed",
                  "speed": "fast",
                  "pass": true,
                  "fail": false,
                  "pending": false,
                  "context": null,
                  "code": "(0, _chai.expect)(await _hardhat.default.Diamond.owner()).to.equal(_hardhat.default.addr.deployer);",
                  "err": {},
                  "uuid": "325e94ff-40d6-4fad-a12b-7285dce2b029",
                  "parentUUID": "5d2ace90-1ad2-4ed3-8dc1-038aae139e22",
                  "isHook": false,
                  "skipped": false
                },
                {
                  "title": "sets correct default admin role",
                  "fullTitle": "Diamond #ownership sets correct default admin role",
                  "timedOut": false,
                  "duration": 7,
                  "state": "passed",
                  "speed": "fast",
                  "pass": true,
                  "fail": false,
                  "pending": false,
                  "context": null,
                  "code": "(0, _chai.expect)(await _hardhat.default.Diamond.hasRole(_test.Role.ADMIN, _hardhat.default.addr.deployer)).to.equal(true);",
                  "err": {},
                  "uuid": "29656e99-957a-4d70-be6c-e4a1e00bde17",
                  "parentUUID": "5d2ace90-1ad2-4ed3-8dc1-038aae139e22",
                  "isHook": false,
                  "skipped": false
                },
                {
                  "title": "sets a new pending owner",
                  "fullTitle": "Diamond #ownership sets a new pending owner",
                  "timedOut": false,
                  "duration": 16,
                  "state": "passed",
                  "speed": "fast",
                  "pass": true,
                  "fail": false,
                  "pending": false,
                  "context": null,
                  "code": "const pendingOwner = _hardhat.default.users.userOne;\nawait _hardhat.default.Diamond.transferOwnership(pendingOwner.address);\n(0, _chai.expect)(await _hardhat.default.Diamond.pendingOwner()).to.equal(pendingOwner.address);",
                  "err": {},
                  "uuid": "812f7166-51e0-4e22-9f99-c4d3a0244573",
                  "parentUUID": "5d2ace90-1ad2-4ed3-8dc1-038aae139e22",
                  "isHook": false,
                  "skipped": false
                },
                {
                  "title": "sets the pending owner as new owner",
                  "fullTitle": "Diamond #ownership sets the pending owner as new owner",
                  "timedOut": false,
                  "duration": 25,
                  "state": "passed",
                  "speed": "fast",
                  "pass": true,
                  "fail": false,
                  "pending": false,
                  "context": null,
                  "code": "const pendingOwner = _hardhat.default.users.userOne;\nawait _hardhat.default.Diamond.transferOwnership(pendingOwner.address);\nawait _hardhat.default.Diamond.connect(pendingOwner).acceptOwnership();\n(0, _chai.expect)(await _hardhat.default.Diamond.owner()).to.equal(pendingOwner.address);",
                  "err": {},
                  "uuid": "ffc271dd-654d-48f8-923d-45de6cea4ad1",
                  "parentUUID": "5d2ace90-1ad2-4ed3-8dc1-038aae139e22",
                  "isHook": false,
                  "skipped": false
                }
              ],
              "suites": [],
              "passes": [
                "325e94ff-40d6-4fad-a12b-7285dce2b029",
                "29656e99-957a-4d70-be6c-e4a1e00bde17",
                "812f7166-51e0-4e22-9f99-c4d3a0244573",
                "ffc271dd-654d-48f8-923d-45de6cea4ad1"
              ],
              "failures": [],
              "pending": [],
              "skipped": [],
              "duration": 56,
              "root": false,
              "rootEmpty": false,
              "_timeout": 15000
            }
          ],
          "passes": [],
          "failures": [],
          "pending": [],
          "skipped": [],
          "duration": 0,
          "root": false,
          "rootEmpty": false,
          "_timeout": 15000
        },
        {
          "uuid": "0897fb42-b7c1-4c60-b4ff-ffd998023bc4",
          "title": "Diamond",
          "fullFile": "/Users/panukettunen/Projects/kresko-protocol/src/test/diamond/02-upgrades.ts",
          "file": "/src/test/diamond/02-upgrades.ts",
          "beforeHooks": [
            {
              "title": "\"before each\" hook in \"Diamond\"",
              "fullTitle": "Diamond \"before each\" hook in \"Diamond\"",
              "timedOut": false,
              "duration": 20,
              "state": null,
              "speed": null,
              "pass": false,
              "fail": false,
              "pending": false,
              "context": null,
              "code": "const fixture = await _hardhat.default.deployments.createFixture(async (hre)=>{\n    const result = await hre.deployments.fixture(fixtureName);\n    if (result.Diamond) {\n        hre.Diamond = await hre.getContractOrFork(\"Kresko\");\n    }\n    return {\n        facets: result.Diamond ? result.Diamond.facets : [],\n        collaterals: hre.collaterals,\n        krAssets: hre.krAssets\n    };\n})();\nthis.facets = fixture.facets || [];\nthis.collaterals = fixture.collaterals;\nthis.krAssets = fixture.krAssets;",
              "err": {},
              "uuid": "ca003f3a-d416-4340-933f-59c04574bd53",
              "parentUUID": "0897fb42-b7c1-4c60-b4ff-ffd998023bc4",
              "isHook": true,
              "skipped": false
            }
          ],
          "afterHooks": [],
          "tests": [],
          "suites": [
            {
              "uuid": "0ad5ee2f-4618-4f6b-876d-2d85f36b8715",
              "title": "#upgrades",
              "fullFile": "/Users/panukettunen/Projects/kresko-protocol/src/test/diamond/02-upgrades.ts",
              "file": "/src/test/diamond/02-upgrades.ts",
              "beforeHooks": [],
              "afterHooks": [],
              "tests": [
                {
                  "title": "can add a new facet",
                  "fullTitle": "Diamond #upgrades can add a new facet",
                  "timedOut": false,
                  "duration": 344,
                  "state": "passed",
                  "speed": "slow",
                  "pass": true,
                  "fail": false,
                  "pending": false,
                  "context": null,
                  "code": "const Factory = await _smock.smock.mock(\"SmockFacet\");\nconst SmockFacet = await Factory.deploy();\nconst [SmockInitializer] = await _hardhat.default.deploy(\"SmockInit\");\nconst signatures = _hardhat.default.getSignatures([\n    ..._typechain.SmockFacet__factory.abi\n]);\nconst Cut = {\n    facetAddress: SmockFacet.address,\n    functionSelectors: signatures,\n    action: _types.FacetCutAction.Add\n};\nconst initData = await SmockInitializer.populateTransaction.initialize(_hardhat.default.addr.userOne);\nawait _hardhat.default.Diamond.diamondCut([\n    Cut\n], initData.to, initData.data);\nconst TEST_OPERATOR_ROLE = _hardhat.default.ethers.utils.id(\"kresko.test.operator\");\nconst isTestOperator = await _hardhat.default.Diamond.hasRole(TEST_OPERATOR_ROLE, _hardhat.default.addr.userOne);\n// Succesfully added the new operator through the initialization contract\n(0, _chai.expect)(isTestOperator).to.equal(true);\nconst Facet = await _hardhat.default.ethers.getContractAt([\n    ..._typechain.SmockFacet__factory.abi\n], _hardhat.default.Diamond.address);\n// Ensure facet has it's own storage\nconst operatorFromNewStorage = await Facet.operator(); // Retrieved from SmockStorage\n(0, _chai.expect)(operatorFromNewStorage).to.equal(_hardhat.default.addr.userOne);",
                  "err": {},
                  "uuid": "5f401b2c-b94e-417d-a462-2940117b0b5b",
                  "parentUUID": "0ad5ee2f-4618-4f6b-876d-2d85f36b8715",
                  "isHook": false,
                  "skipped": false
                },
                {
                  "title": "can remove a facet",
                  "fullTitle": "Diamond #upgrades can remove a facet",
                  "timedOut": false,
                  "duration": 366,
                  "state": "passed",
                  "speed": "slow",
                  "pass": true,
                  "fail": false,
                  "pending": false,
                  "context": null,
                  "code": "const NewFacet = await (0, _addfacet.addFacet)({\n    name: \"SmockFacet\",\n    initializerName: \"SmockInit\",\n    initializerArgs: _hardhat.default.addr.userOne\n});\nconst facetsBefore = await _hardhat.default.Diamond.facets();\n(0, _chai.expect)(facetsBefore.filter((f)=>f.facetAddress === NewFacet.address).length).to.equal(1);\nawait (0, _removefacet.removeFacet)({\n    name: \"SmockFacet\"\n});\nconst facetsAfter = await _hardhat.default.Diamond.facets();\n(0, _chai.expect)(facetsBefore.length - facetsAfter.length).to.equal(1);\n(0, _chai.expect)(facetsAfter).to.not.deep.contain(NewFacet.address);",
                  "err": {},
                  "uuid": "1e08e913-23b9-4ca4-b17a-a6d173e89503",
                  "parentUUID": "0ad5ee2f-4618-4f6b-876d-2d85f36b8715",
                  "isHook": false,
                  "skipped": false
                },
                {
                  "title": "can remove a function",
                  "fullTitle": "Diamond #upgrades can remove a function",
                  "timedOut": false,
                  "duration": 162,
                  "state": "passed",
                  "speed": "slow",
                  "pass": true,
                  "fail": false,
                  "pending": false,
                  "context": null,
                  "code": "// Delete acceptOwnership from DiamondOwnershipFacet\n// Check there is no pending owner\nlet pendingOwner = await _hardhat.default.Diamond.pendingOwner();\n(0, _chai.expect)(pendingOwner).to.equal(_hardhat.default.ethers.constants.AddressZero);\n// Transfer to eg. wrong address\nconst wrongOwner = _hardhat.default.addr.nonadmin;\nawait _hardhat.default.Diamond.transferOwnership(wrongOwner);\n// Ensure\npendingOwner = await _hardhat.default.Diamond.pendingOwner();\n(0, _chai.expect)(pendingOwner).to.equal(wrongOwner);\n// Fragment and signature for acceptOwnersip\nconst functionFragment = _hardhat.default.Diamond.interface.functions[\"acceptOwnership()\"];\nconst signature = _hardhat.default.ethers.utils.Interface.getSighash(functionFragment);\nconst facetAddress = await _hardhat.default.Diamond.facetAddress(signature);\nconst functions = await _hardhat.default.Diamond.facetFunctionSelectors(facetAddress);\nconst Cut = {\n    facetAddress: _hardhat.default.ethers.constants.AddressZero,\n    action: _types.FacetCutAction.Remove,\n    functionSelectors: [\n        signature\n    ]\n};\n// We will set a correct owner with delegatecall into the Diamond itself with the cut transaction\nconst correctOwner = _hardhat.default.addr.userOne;\nconst initData = await _hardhat.default.Diamond.populateTransaction.transferOwnership(correctOwner);\nconst tx = await _hardhat.default.Diamond.diamondCut([\n    Cut\n], initData.to, initData.data);\nawait tx.wait();\n// Ensure rest of the functions remain\nconst functionsAfterCut = await _hardhat.default.Diamond.facetFunctionSelectors(facetAddress);\n(0, _chai.expect)(functionsAfterCut.length).to.equal(functions.length - 1);\n// Ensure delegatecall did set the correct pending owner with the cut\nconst filter = _hardhat.default.Diamond.filters[\"PendingOwnershipTransfer(address,address)\"](_hardhat.default.addr.deployer, correctOwner);\nconst [event] = await _hardhat.default.Diamond.queryFilter(filter);\nconst { previousOwner , newOwner  } = event.args;\n(0, _chai.expect)(previousOwner).to.equal(_hardhat.default.addr.deployer);\n(0, _chai.expect)(newOwner).to.equal(correctOwner);\n// Ensure there is no function to accept the ownership\nawait (0, _chai.expect)(_hardhat.default.Diamond.connect(_hardhat.default.users.nonadmin).acceptOwnership()).to.be.revertedWith(_test.Error.DIAMOND_INVALID_FUNCTION_SIGNATURE);",
                  "err": {},
                  "uuid": "ed462ca0-fdd9-426f-8794-69940da93e59",
                  "parentUUID": "0ad5ee2f-4618-4f6b-876d-2d85f36b8715",
                  "isHook": false,
                  "skipped": false
                },
                {
                  "title": "can replace a function",
                  "fullTitle": "Diamond #upgrades can replace a function",
                  "timedOut": false,
                  "duration": 102,
                  "state": "passed",
                  "speed": "slow",
                  "pass": true,
                  "fail": false,
                  "pending": false,
                  "context": null,
                  "code": "// Same as above but instead replace the function\n// Check there is no pending owner\nlet pendingOwner = await _hardhat.default.Diamond.pendingOwner();\n(0, _chai.expect)(pendingOwner).to.equal(_hardhat.default.ethers.constants.AddressZero);\n// Transfer to eg. wrong address\nconst wrongOwner = _hardhat.default.addr.nonadmin;\nawait _hardhat.default.Diamond.transferOwnership(wrongOwner);\n// Ensure\npendingOwner = await _hardhat.default.Diamond.pendingOwner();\n(0, _chai.expect)(pendingOwner).to.equal(wrongOwner);\n// Fragment and signature for acceptOwnersip\nconst functionFragment = _hardhat.default.Diamond.interface.functions[\"acceptOwnership()\"];\nconst signature = _hardhat.default.ethers.utils.Interface.getSighash(functionFragment);\nconst OldOwnershipFacet = await _hardhat.default.Diamond.facetAddress(signature);\nconst [NewOwnershipFacet, allOwnershipFacetSignatures] = await _hardhat.default.deploy(\"DiamondOwnershipFacet\", {\n    deploymentName: \"DiamondOwnershipFacet2\"\n});\n// Only replace a single function, we could replace all of them\nconst Cut = {\n    facetAddress: NewOwnershipFacet.address,\n    action: _types.FacetCutAction.Replace,\n    functionSelectors: [\n        signature\n    ]\n};\n// We will set a correct owner with delegatecall into the Diamond itself with the cut transaction\nconst correctOwner = _hardhat.default.addr.userOne;\nconst initData = await _hardhat.default.Diamond.populateTransaction.transferOwnership(correctOwner);\nconst tx = await _hardhat.default.Diamond.diamondCut([\n    Cut\n], initData.to, initData.data);\nawait tx.wait();\n// Ensure function exists and revert is for invalid address instead of missing function\nawait (0, _chai.expect)(_hardhat.default.Diamond.connect(_hardhat.default.users.nonadmin).acceptOwnership()).to.be.revertedWith(_test.Error.DIAMOND_INVALID_PENDING_OWNER);\n// Ensure one function is contained in the new facet\nconst functionsNewFacet = await _hardhat.default.Diamond.facetFunctionSelectors(NewOwnershipFacet.address);\n(0, _chai.expect)(functionsNewFacet.length).to.equal(1);\n(0, _chai.expect)(functionsNewFacet).to.have.members([\n    signature\n]);\n// Ensure rest are in the previous one\nconst functionsOldFacet = await _hardhat.default.Diamond.facetFunctionSelectors(OldOwnershipFacet);\n(0, _chai.expect)(functionsOldFacet).to.not.have.members([\n    signature\n]);\n(0, _chai.expect)(functionsOldFacet.length).to.equal(allOwnershipFacetSignatures.length - 1);\n// Ensure correct owner can now accept the ownership\n(0, _chai.expect)(_hardhat.default.Diamond.connect(_hardhat.default.users.userOne).acceptOwnership());\nconst currentOwner = await _hardhat.default.Diamond.owner();\n(0, _chai.expect)(currentOwner).to.equal(correctOwner);",
                  "err": {},
                  "uuid": "41dbab30-c3d8-4b73-bc8b-355cdf0833dd",
                  "parentUUID": "0ad5ee2f-4618-4f6b-876d-2d85f36b8715",
                  "isHook": false,
                  "skipped": false
                },
                {
                  "title": "can upgrade state",
                  "fullTitle": "Diamond #upgrades can upgrade state",
                  "timedOut": false,
                  "duration": 383,
                  "state": "passed",
                  "speed": "slow",
                  "pass": true,
                  "fail": false,
                  "pending": false,
                  "context": null,
                  "code": "(0, _chai.expect)(await _hardhat.default.Diamond.initialized()).to.equal(true);\nconst Factory = await _smock.smock.mock(\"SmockInit\");\nconst SmockInit = await Factory.deploy();\nconst tx = await SmockInit.populateTransaction.upgradeState();\nawait _hardhat.default.Diamond.upgradeState(tx.to, tx.data);\n(0, _chai.expect)(await _hardhat.default.Diamond.initialized()).to.equal(false);",
                  "err": {},
                  "uuid": "90c7b90d-bfbb-4583-ac15-2837fa2dfda2",
                  "parentUUID": "0ad5ee2f-4618-4f6b-876d-2d85f36b8715",
                  "isHook": false,
                  "skipped": false
                },
                {
                  "title": "can preserve old state when extending storage layout",
                  "fullTitle": "Diamond #upgrades can preserve old state when extending storage layout",
                  "timedOut": false,
                  "duration": 717,
                  "state": "passed",
                  "speed": "slow",
                  "pass": true,
                  "fail": false,
                  "pending": false,
                  "context": null,
                  "code": "(0, _chai.expect)(await _hardhat.default.Diamond.initialized()).to.equal(true);\n// Add the first facet\nconst Factory = await _smock.smock.mock(\"SmockFacet\");\nconst SmockFacet = await Factory.deploy();\nconst [SmockInitializer] = await _hardhat.default.deploy(\"SmockInit\");\nconst signatures = _hardhat.default.getSignatures([\n    ..._typechain.SmockFacet__factory.abi\n]);\nconst Cut = {\n    facetAddress: SmockFacet.address,\n    functionSelectors: signatures,\n    action: _types.FacetCutAction.Add\n};\nconst initData = await SmockInitializer.populateTransaction.initialize(_hardhat.default.addr.userOne);\nawait _hardhat.default.Diamond.diamondCut([\n    Cut\n], initData.to, initData.data);\nconst Diamond = await _hardhat.default.ethers.getContractAt(\"SmockFacet\", _hardhat.default.Diamond.address);\nconst isInitialized = await Diamond.smockInitialized();\n(0, _chai.expect)(isInitialized).to.equal(true);\n// Add facet with extended state\n// Add the first facet\nconst Factory2 = await _smock.smock.mock(\"SmockFacet2\");\nconst SmockFacet2 = await Factory2.deploy();\nconst signatures2 = _hardhat.default.getSignatures([\n    ..._typechain.SmockFacet2__factory.abi\n]);\nconst Cut2 = {\n    facetAddress: SmockFacet2.address,\n    functionSelectors: signatures2,\n    action: _types.FacetCutAction.Add\n};\n// Initializer only sets the new extended value, does not touch old storage\nconst initData2 = await SmockFacet2.populateTransaction.initialize();\nawait _hardhat.default.Diamond.diamondCut([\n    Cut2\n], initData2.to, initData2.data);\n// Here we have appended the storage layout with the `extended` bool property.\nconst DiamondExtended = await _hardhat.default.ethers.getContractAt(\"SmockFacet2\", _hardhat.default.Diamond.address);\nconst initializedAfterExtend = await DiamondExtended.getOldStructValueFromExtended();\nconst extendedValue = await DiamondExtended.getNewStructValueFromExtended();\n// Old values remain\n(0, _chai.expect)(initializedAfterExtend).to.equal(true);\n// And we get new ones\n(0, _chai.expect)(extendedValue).to.equal(true);",
                  "err": {},
                  "uuid": "6524842b-d6d9-4dd8-8221-31c7b9327e5e",
                  "parentUUID": "0ad5ee2f-4618-4f6b-876d-2d85f36b8715",
                  "isHook": false,
                  "skipped": false
                }
              ],
              "suites": [],
              "passes": [
                "5f401b2c-b94e-417d-a462-2940117b0b5b",
                "1e08e913-23b9-4ca4-b17a-a6d173e89503",
                "ed462ca0-fdd9-426f-8794-69940da93e59",
                "41dbab30-c3d8-4b73-bc8b-355cdf0833dd",
                "90c7b90d-bfbb-4583-ac15-2837fa2dfda2",
                "6524842b-d6d9-4dd8-8221-31c7b9327e5e"
              ],
              "failures": [],
              "pending": [],
              "skipped": [],
              "duration": 2074,
              "root": false,
              "rootEmpty": false,
              "_timeout": 15000
            }
          ],
          "passes": [],
          "failures": [],
          "pending": [],
          "skipped": [],
          "duration": 0,
          "root": false,
          "rootEmpty": false,
          "_timeout": 15000
        },
        {
          "uuid": "a5ef5b79-0e63-45b6-8db2-f75c3eceb722",
          "title": "Forking",
          "fullFile": "/Users/panukettunen/Projects/kresko-protocol/src/test/forking/00-setup.ts",
          "file": "/src/test/forking/00-setup.ts",
          "beforeHooks": [],
          "afterHooks": [],
          "tests": [],
          "suites": [
            {
              "uuid": "9d278604-4ac8-4872-a866-6db262c0b1dc",
              "title": "#setup",
              "fullFile": "/Users/panukettunen/Projects/kresko-protocol/src/test/forking/00-setup.ts",
              "file": "/src/test/forking/00-setup.ts",
              "beforeHooks": [],
              "afterHooks": [],
              "tests": [
                {
                  "title": "should get Kresko from the companion network locally",
                  "fullTitle": "Forking #setup should get Kresko from the companion network locally",
                  "timedOut": false,
                  "duration": 0,
                  "state": "pending",
                  "speed": null,
                  "pass": false,
                  "fail": false,
                  "pending": true,
                  "context": null,
                  "code": "",
                  "err": {},
                  "uuid": "ceb92fe1-4e6d-45c7-a6a0-3fc945e8377a",
                  "parentUUID": "9d278604-4ac8-4872-a866-6db262c0b1dc",
                  "isHook": false,
                  "skipped": false
                }
              ],
              "suites": [],
              "passes": [],
              "failures": [],
              "pending": [
                "ceb92fe1-4e6d-45c7-a6a0-3fc945e8377a"
              ],
              "skipped": [],
              "duration": 0,
              "root": false,
              "rootEmpty": false,
              "_timeout": 15000
            },
            {
              "uuid": "0f317d05-e828-4206-b21e-84e0673bd7b3",
              "title": "#rate-upgrade-11-04-2023",
              "fullFile": "/Users/panukettunen/Projects/kresko-protocol/src/test/forking/00-setup.ts",
              "file": "/src/test/forking/00-setup.ts",
              "beforeHooks": [],
              "afterHooks": [],
              "tests": [
                {
                  "title": "should be able to deploy facets",
                  "fullTitle": "Forking #rate-upgrade-11-04-2023 should be able to deploy facets",
                  "timedOut": false,
                  "duration": 0,
                  "state": "pending",
                  "speed": null,
                  "pass": false,
                  "fail": false,
                  "pending": true,
                  "context": null,
                  "code": "",
                  "err": {},
                  "uuid": "64c39a8c-4b2f-4822-8eca-a4e608806eb0",
                  "parentUUID": "0f317d05-e828-4206-b21e-84e0673bd7b3",
                  "isHook": false,
                  "skipped": false
                }
              ],
              "suites": [],
              "passes": [],
              "failures": [],
              "pending": [
                "64c39a8c-4b2f-4822-8eca-a4e608806eb0"
              ],
              "skipped": [],
              "duration": 0,
              "root": false,
              "rootEmpty": false,
              "_timeout": 15000
            },
            {
              "uuid": "d928f7b1-ad70-4e7f-b6f8-4d58dc2e0653",
              "title": "#facet-upgrade-16-05-2023",
              "fullFile": "/Users/panukettunen/Projects/kresko-protocol/src/test/forking/00-setup.ts",
              "file": "/src/test/forking/00-setup.ts",
              "beforeHooks": [],
              "afterHooks": [],
              "tests": [
                {
                  "title": "works",
                  "fullTitle": "Forking #facet-upgrade-16-05-2023 works",
                  "timedOut": false,
                  "duration": 0,
                  "state": "pending",
                  "speed": null,
                  "pass": false,
                  "fail": false,
                  "pending": true,
                  "context": null,
                  "code": "",
                  "err": {},
                  "uuid": "68c51e00-aafe-44ef-a6d9-fe86b6497119",
                  "parentUUID": "d928f7b1-ad70-4e7f-b6f8-4d58dc2e0653",
                  "isHook": false,
                  "skipped": false
                }
              ],
              "suites": [],
              "passes": [],
              "failures": [],
              "pending": [
                "68c51e00-aafe-44ef-a6d9-fe86b6497119"
              ],
              "skipped": [],
              "duration": 0,
              "root": false,
              "rootEmpty": false,
              "_timeout": 15000
            }
          ],
          "passes": [],
          "failures": [],
          "pending": [],
          "skipped": [],
          "duration": 0,
          "root": false,
          "rootEmpty": false,
          "_timeout": 15000
        },
        {
          "uuid": "b1294d78-3dba-4d2c-bc6d-6c7e379636b9",
          "title": "KreskoAsset",
          "fullFile": "/Users/panukettunen/Projects/kresko-protocol/src/test/krasset/00-init.ts",
          "file": "/src/test/krasset/00-init.ts",
          "beforeHooks": [
            {
              "title": "\"before each\" hook in \"KreskoAsset\"",
              "fullTitle": "KreskoAsset \"before each\" hook in \"KreskoAsset\"",
              "timedOut": false,
              "duration": 17,
              "state": null,
              "speed": null,
              "pass": false,
              "fail": false,
              "pending": false,
              "context": null,
              "code": "const fixture = await _hardhat.default.deployments.createFixture(async (hre)=>{\n    const result = await hre.deployments.fixture(fixtureName);\n    if (result.Diamond) {\n        hre.Diamond = await hre.getContractOrFork(\"Kresko\");\n    }\n    return {\n        facets: result.Diamond ? result.Diamond.facets : [],\n        collaterals: hre.collaterals,\n        krAssets: hre.krAssets\n    };\n})();\nthis.facets = fixture.facets || [];\nthis.collaterals = fixture.collaterals;\nthis.krAssets = fixture.krAssets;",
              "err": {},
              "uuid": "4d9663bf-0c55-461c-925f-24536f8f7a2c",
              "parentUUID": "b1294d78-3dba-4d2c-bc6d-6c7e379636b9",
              "isHook": true,
              "skipped": false
            }
          ],
          "afterHooks": [],
          "tests": [],
          "suites": [
            {
              "uuid": "b0ce2f83-2e1a-4969-bfbd-876f66280e27",
              "title": "#initialization - anchor",
              "fullFile": "/Users/panukettunen/Projects/kresko-protocol/src/test/krasset/00-init.ts",
              "file": "/src/test/krasset/00-init.ts",
              "beforeHooks": [
                {
                  "title": "\"before each\" hook in \"#initialization - anchor\"",
                  "fullTitle": "KreskoAsset #initialization - anchor \"before each\" hook in \"#initialization - anchor\"",
                  "timedOut": false,
                  "duration": 0,
                  "state": null,
                  "speed": null,
                  "pass": false,
                  "fail": false,
                  "pending": false,
                  "context": null,
                  "code": "const deployment = this.krAssets.find((k)=>k.deployArgs.name === name);\nKreskoAsset = deployment.contract;\nKreskoAssetAnchor = deployment.anchor;",
                  "err": {},
                  "uuid": "1c451c60-955b-4793-a871-5b7d7f886989",
                  "parentUUID": "b0ce2f83-2e1a-4969-bfbd-876f66280e27",
                  "isHook": true,
                  "skipped": false
                }
              ],
              "afterHooks": [],
              "tests": [
                {
                  "title": "cant initialize twice",
                  "fullTitle": "KreskoAsset #initialization - anchor cant initialize twice",
                  "timedOut": false,
                  "duration": 14,
                  "state": "passed",
                  "speed": "fast",
                  "pass": true,
                  "fail": false,
                  "pending": false,
                  "context": null,
                  "code": "await (0, _chai.expect)(KreskoAsset.initialize(name, symbol, 18, _hardhat.default.addr.deployer, _hardhat.default.Diamond.address)).to.be.revertedWith(_test.Error.ALREADY_INITIALIZED_OZ);",
                  "err": {},
                  "uuid": "2cda9f28-221c-4782-bc14-6de0c48d6641",
                  "parentUUID": "b0ce2f83-2e1a-4969-bfbd-876f66280e27",
                  "isHook": false,
                  "skipped": false
                },
                {
                  "title": "cant initialize implementation",
                  "fullTitle": "KreskoAsset #initialization - anchor cant initialize implementation",
                  "timedOut": false,
                  "duration": 23,
                  "state": "passed",
                  "speed": "fast",
                  "pass": true,
                  "fail": false,
                  "pending": false,
                  "context": null,
                  "code": "const deployment = await _hardhat.default.deployments.get(symbol);\nconst implementationAddress = deployment.implementation;\n(0, _chai.expect)(implementationAddress).to.not.equal(_hardhat.default.ethers.constants.AddressZero);\nconst KreskoAssetImpl = await _hardhat.default.ethers.getContractAt(\"KreskoAsset\", implementationAddress);\nawait (0, _chai.expect)(KreskoAssetImpl.initialize(name, symbol, 18, _hardhat.default.addr.deployer, _hardhat.default.Diamond.address)).to.be.revertedWith(_test.Error.ALREADY_INITIALIZED_OZ);",
                  "err": {},
                  "uuid": "a8f97ad9-fcaf-4a97-b05b-6ac41c217b85",
                  "parentUUID": "b0ce2f83-2e1a-4969-bfbd-876f66280e27",
                  "isHook": false,
                  "skipped": false
                },
                {
                  "title": "sets correct state",
                  "fullTitle": "KreskoAsset #initialization - anchor sets correct state",
                  "timedOut": false,
                  "duration": 42,
                  "state": "passed",
                  "speed": "medium",
                  "pass": true,
                  "fail": false,
                  "pending": false,
                  "context": null,
                  "code": "(0, _chai.expect)(await KreskoAsset.name()).to.equal(name);\n(0, _chai.expect)(await KreskoAsset.symbol()).to.equal(symbol);\n(0, _chai.expect)(await KreskoAsset.kresko()).to.equal(_hardhat.default.Diamond.address);\n(0, _chai.expect)(await KreskoAsset.hasRole(_test.Role.ADMIN, _hardhat.default.addr.deployer)).to.equal(true);\n(0, _chai.expect)(await KreskoAsset.hasRole(_test.Role.OPERATOR, _hardhat.default.Diamond.address)).to.equal(true);\n(0, _chai.expect)(await KreskoAsset.totalSupply()).to.equal(\"200000000000000000000\");\n(0, _chai.expect)(await KreskoAsset.isRebased()).to.equal(false);\nconst rebaseInfo = await KreskoAsset.rebaseInfo();\n(0, _chai.expect)(rebaseInfo.denominator).to.equal(0);\n(0, _chai.expect)(rebaseInfo.positive).to.equal(false);",
                  "err": {},
                  "uuid": "5ee81532-a01c-4b6d-90fc-b5a37945e3a1",
                  "parentUUID": "b0ce2f83-2e1a-4969-bfbd-876f66280e27",
                  "isHook": false,
                  "skipped": false
                },
                {
                  "title": "can reinitialize metadata",
                  "fullTitle": "KreskoAsset #initialization - anchor can reinitialize metadata",
                  "timedOut": false,
                  "duration": 24,
                  "state": "passed",
                  "speed": "fast",
                  "pass": true,
                  "fail": false,
                  "pending": false,
                  "context": null,
                  "code": "const newName = \"foo\";\nconst newSymbol = \"bar\";\nawait (0, _chai.expect)(KreskoAsset.reinitializeERC20(newName, newSymbol, 2)).to.not.be.revertedWith(_test.Error.ALREADY_INITIALIZED_OZ);\n(0, _chai.expect)(await KreskoAsset.name()).to.equal(newName);\n(0, _chai.expect)(await KreskoAsset.symbol()).to.equal(newSymbol);",
                  "err": {},
                  "uuid": "4df1766a-f707-4994-becb-cf73f132be31",
                  "parentUUID": "b0ce2f83-2e1a-4969-bfbd-876f66280e27",
                  "isHook": false,
                  "skipped": false
                }
              ],
              "suites": [],
              "passes": [
                "2cda9f28-221c-4782-bc14-6de0c48d6641",
                "a8f97ad9-fcaf-4a97-b05b-6ac41c217b85",
                "5ee81532-a01c-4b6d-90fc-b5a37945e3a1",
                "4df1766a-f707-4994-becb-cf73f132be31"
              ],
              "failures": [],
              "pending": [],
              "skipped": [],
              "duration": 103,
              "root": false,
              "rootEmpty": false,
              "_timeout": 15000
            },
            {
              "uuid": "4292d87f-c996-45b7-aa23-33b0c42c57ee",
              "title": "#initialization - wrapped",
              "fullFile": "/Users/panukettunen/Projects/kresko-protocol/src/test/krasset/00-init.ts",
              "file": "/src/test/krasset/00-init.ts",
              "beforeHooks": [
                {
                  "title": "\"before each\" hook in \"#initialization - wrapped\"",
                  "fullTitle": "KreskoAsset #initialization - wrapped \"before each\" hook in \"#initialization - wrapped\"",
                  "timedOut": false,
                  "duration": 0,
                  "state": null,
                  "speed": null,
                  "pass": false,
                  "fail": false,
                  "pending": false,
                  "context": null,
                  "code": "const deployment = _hardhat.default.krAssets.find((k)=>k.deployArgs.name === name);\nKreskoAsset = deployment.contract;\nKreskoAssetAnchor = deployment.anchor;",
                  "err": {},
                  "uuid": "7b1bf213-11cf-4dc8-8c73-f4db5aa17cbc",
                  "parentUUID": "4292d87f-c996-45b7-aa23-33b0c42c57ee",
                  "isHook": true,
                  "skipped": false
                }
              ],
              "afterHooks": [],
              "tests": [
                {
                  "title": "cant initialize twice",
                  "fullTitle": "KreskoAsset #initialization - wrapped cant initialize twice",
                  "timedOut": false,
                  "duration": 11,
                  "state": "passed",
                  "speed": "fast",
                  "pass": true,
                  "fail": false,
                  "pending": false,
                  "context": null,
                  "code": "await (0, _chai.expect)(KreskoAssetAnchor.initialize(KreskoAsset.address, name, symbol, _hardhat.default.addr.deployer)).to.be.revertedWith(_test.Error.ALREADY_INITIALIZED_OZ);",
                  "err": {},
                  "uuid": "1b71e11f-e7ff-4448-9f65-cbce9d9f2b75",
                  "parentUUID": "4292d87f-c996-45b7-aa23-33b0c42c57ee",
                  "isHook": false,
                  "skipped": false
                },
                {
                  "title": "cant initialize implementation",
                  "fullTitle": "KreskoAsset #initialization - wrapped cant initialize implementation",
                  "timedOut": false,
                  "duration": 23,
                  "state": "passed",
                  "speed": "fast",
                  "pass": true,
                  "fail": false,
                  "pending": false,
                  "context": null,
                  "code": "const deployment = await _hardhat.default.deployments.get(_shared.anchorTokenPrefix + symbol);\nconst implementationAddress = deployment.implementation;\n(0, _chai.expect)(implementationAddress).to.not.equal(_hardhat.default.ethers.constants.AddressZero);\nconst KreskoAssetAnchorImpl = await _hardhat.default.ethers.getContractAt(\"KreskoAssetAnchor\", implementationAddress);\nawait (0, _chai.expect)(KreskoAssetAnchorImpl.initialize(KreskoAsset.address, name, symbol, _hardhat.default.addr.deployer)).to.be.revertedWith(_test.Error.ALREADY_INITIALIZED_OZ);",
                  "err": {},
                  "uuid": "cea8ca05-24d1-4263-8e1b-b65a6523eed7",
                  "parentUUID": "4292d87f-c996-45b7-aa23-33b0c42c57ee",
                  "isHook": false,
                  "skipped": false
                },
                {
                  "title": "can reinitialize metadata",
                  "fullTitle": "KreskoAsset #initialization - wrapped can reinitialize metadata",
                  "timedOut": false,
                  "duration": 20,
                  "state": "passed",
                  "speed": "fast",
                  "pass": true,
                  "fail": false,
                  "pending": false,
                  "context": null,
                  "code": "const newName = \"foo\";\nconst newSymbol = \"bar\";\nawait (0, _chai.expect)(KreskoAssetAnchor.reinitializeERC20(newName, newSymbol, 2)).to.not.be.revertedWith(_test.Error.ALREADY_INITIALIZED_OZ);\n(0, _chai.expect)(await KreskoAssetAnchor.name()).to.equal(newName);\n(0, _chai.expect)(await KreskoAssetAnchor.symbol()).to.equal(newSymbol);",
                  "err": {},
                  "uuid": "71ac8574-792e-4504-8a68-d3f59db26824",
                  "parentUUID": "4292d87f-c996-45b7-aa23-33b0c42c57ee",
                  "isHook": false,
                  "skipped": false
                },
                {
                  "title": "sets correct state",
                  "fullTitle": "KreskoAsset #initialization - wrapped sets correct state",
                  "timedOut": false,
                  "duration": 45,
                  "state": "passed",
                  "speed": "medium",
                  "pass": true,
                  "fail": false,
                  "pending": false,
                  "context": null,
                  "code": "(0, _chai.expect)(await KreskoAssetAnchor.name()).to.equal(name);\n(0, _chai.expect)(await KreskoAssetAnchor.symbol()).to.equal(_shared.anchorTokenPrefix + symbol);\n(0, _chai.expect)(await KreskoAssetAnchor.asset()).to.equal(KreskoAsset.address);\n(0, _chai.expect)(await KreskoAssetAnchor.hasRole(_test.Role.ADMIN, _hardhat.default.addr.deployer)).to.equal(true);\n(0, _chai.expect)(await KreskoAssetAnchor.hasRole(_test.Role.OPERATOR, _hardhat.default.Diamond.address)).to.equal(true);\n(0, _chai.expect)(await KreskoAssetAnchor.totalSupply()).to.equal(\"200000000000000000000\");\n(0, _chai.expect)(await KreskoAssetAnchor.totalAssets()).to.equal(await KreskoAsset.totalSupply());\nconst rebaseInfo = await KreskoAsset.rebaseInfo();\n(0, _chai.expect)(rebaseInfo.denominator).to.equal(0);\n(0, _chai.expect)(rebaseInfo.positive).to.equal(false);",
                  "err": {},
                  "uuid": "ee0ca73c-b150-4fcf-9507-60f1b0ad3dd0",
                  "parentUUID": "4292d87f-c996-45b7-aa23-33b0c42c57ee",
                  "isHook": false,
                  "skipped": false
                }
              ],
              "suites": [],
              "passes": [
                "1b71e11f-e7ff-4448-9f65-cbce9d9f2b75",
                "cea8ca05-24d1-4263-8e1b-b65a6523eed7",
                "71ac8574-792e-4504-8a68-d3f59db26824",
                "ee0ca73c-b150-4fcf-9507-60f1b0ad3dd0"
              ],
              "failures": [],
              "pending": [],
              "skipped": [],
              "duration": 99,
              "root": false,
              "rootEmpty": false,
              "_timeout": 15000
            }
          ],
          "passes": [],
          "failures": [],
          "pending": [],
          "skipped": [],
          "duration": 0,
          "root": false,
          "rootEmpty": false,
          "_timeout": 15000
        },
        {
          "uuid": "d1d49388-21cd-4559-b5c4-75bb7845f2f8",
          "title": "KreskoAsset",
          "fullFile": "/Users/panukettunen/Projects/kresko-protocol/src/test/krasset/01-erc20.ts",
          "file": "/src/test/krasset/01-erc20.ts",
          "beforeHooks": [
            {
              "title": "\"before each\" hook in \"KreskoAsset\"",
              "fullTitle": "KreskoAsset \"before each\" hook in \"KreskoAsset\"",
              "timedOut": false,
              "duration": 17,
              "state": null,
              "speed": null,
              "pass": false,
              "fail": false,
              "pending": false,
              "context": null,
              "code": "const fixture = await _hardhat.default.deployments.createFixture(async (hre)=>{\n    const result = await hre.deployments.fixture(fixtureName);\n    if (result.Diamond) {\n        hre.Diamond = await hre.getContractOrFork(\"Kresko\");\n    }\n    return {\n        facets: result.Diamond ? result.Diamond.facets : [],\n        collaterals: hre.collaterals,\n        krAssets: hre.krAssets\n    };\n})();\nthis.facets = fixture.facets || [];\nthis.collaterals = fixture.collaterals;\nthis.krAssets = fixture.krAssets;",
              "err": {},
              "uuid": "38fd7ef1-94a3-4487-99d9-f952153cb8ad",
              "parentUUID": "d1d49388-21cd-4559-b5c4-75bb7845f2f8",
              "isHook": true,
              "skipped": false
            },
            {
              "title": "\"before each\" hook in \"KreskoAsset\"",
              "fullTitle": "KreskoAsset \"before each\" hook in \"KreskoAsset\"",
              "timedOut": false,
              "duration": 17,
              "state": null,
              "speed": null,
              "pass": false,
              "fail": false,
              "pending": false,
              "context": null,
              "code": "this.owner = _hardhat.default.users.deployer;\nthis.krAsset = _hardhat.default.krAssets.find((asset)=>asset.deployArgs.symbol === _test.defaultKrAssetArgs.symbol);\nthis.mintAmount = 125;\nawait this.krAsset.contract.grantRole(_test.Role.OPERATOR, this.owner.address);",
              "err": {},
              "uuid": "267a6f54-6022-45de-923d-0f50e10905ec",
              "parentUUID": "d1d49388-21cd-4559-b5c4-75bb7845f2f8",
              "isHook": true,
              "skipped": false
            }
          ],
          "afterHooks": [],
          "tests": [],
          "suites": [
            {
              "uuid": "cff33cce-e64a-41b8-a656-29af4e73e0b4",
              "title": "#mint",
              "fullFile": "/Users/panukettunen/Projects/kresko-protocol/src/test/krasset/01-erc20.ts",
              "file": "/src/test/krasset/01-erc20.ts",
              "beforeHooks": [],
              "afterHooks": [],
              "tests": [
                {
                  "title": "should allow the owner to mint to their own address",
                  "fullTitle": "KreskoAsset #mint should allow the owner to mint to their own address",
                  "timedOut": false,
                  "duration": 27,
                  "state": "passed",
                  "speed": "fast",
                  "pass": true,
                  "fail": false,
                  "pending": false,
                  "context": null,
                  "code": "(0, _chai.expect)(await this.krAsset.contract.totalSupply()).to.equal(0);\n(0, _chai.expect)(await this.krAsset.contract.balanceOf(this.owner.address)).to.equal(0);\nawait this.krAsset.contract.connect(this.owner).mint(this.owner.address, this.mintAmount);\n// Check total supply and owner's balances increased\n(0, _chai.expect)(await this.krAsset.contract.totalSupply()).to.equal(this.mintAmount);\n(0, _chai.expect)(await this.krAsset.contract.balanceOf(this.owner.address)).to.equal(this.mintAmount);",
                  "err": {},
                  "uuid": "30da0efb-f60d-464a-8504-42a258c1945c",
                  "parentUUID": "cff33cce-e64a-41b8-a656-29af4e73e0b4",
                  "isHook": false,
                  "skipped": false
                },
                {
                  "title": "should allow the asset owner to mint to another address",
                  "fullTitle": "KreskoAsset #mint should allow the asset owner to mint to another address",
                  "timedOut": false,
                  "duration": 29,
                  "state": "passed",
                  "speed": "fast",
                  "pass": true,
                  "fail": false,
                  "pending": false,
                  "context": null,
                  "code": "(0, _chai.expect)(await this.krAsset.contract.totalSupply()).to.equal(0);\n(0, _chai.expect)(await this.krAsset.contract.balanceOf(_hardhat.default.users.userOne.address)).to.equal(0);\nawait this.krAsset.contract.connect(this.owner).mint(_hardhat.default.users.userOne.address, this.mintAmount);\n// Check total supply and user's balances increased\n(0, _chai.expect)(await this.krAsset.contract.totalSupply()).to.equal(this.mintAmount);\n(0, _chai.expect)(await this.krAsset.contract.balanceOf(_hardhat.default.users.userOne.address)).to.equal(this.mintAmount);",
                  "err": {},
                  "uuid": "7cb1213a-8ae7-4bfc-a220-4760ec288084",
                  "parentUUID": "cff33cce-e64a-41b8-a656-29af4e73e0b4",
                  "isHook": false,
                  "skipped": false
                },
                {
                  "title": "should not allow non-owner addresses to mint tokens",
                  "fullTitle": "KreskoAsset #mint should not allow non-owner addresses to mint tokens",
                  "timedOut": false,
                  "duration": 34,
                  "state": "passed",
                  "speed": "fast",
                  "pass": true,
                  "fail": false,
                  "pending": false,
                  "context": null,
                  "code": "(0, _chai.expect)(await this.krAsset.contract.totalSupply()).to.equal(0);\n(0, _chai.expect)(await this.krAsset.contract.balanceOf(this.owner.address)).to.equal(0);\nawait (0, _chai.expect)(this.krAsset.contract.connect(_hardhat.default.users.userOne).mint(this.owner.address, this.mintAmount)).to.be.revertedWith(`AccessControl: account ${_hardhat.default.users.userOne.address.toLowerCase()} is missing role 0x112e48a576fb3a75acc75d9fcf6e0bc670b27b1dbcd2463502e10e68cf57d6fd`);\n// Check total supply and all account balances unchanged\n(0, _chai.expect)(await this.krAsset.contract.totalSupply()).to.equal(0);\n(0, _chai.expect)(await this.krAsset.contract.balanceOf(this.owner.address)).to.equal(0);\n(0, _chai.expect)(await this.krAsset.contract.balanceOf(_hardhat.default.users.userOne.address)).to.equal(0);",
                  "err": {},
                  "uuid": "a9410c9c-57a7-4fd5-9b41-c515031b787c",
                  "parentUUID": "cff33cce-e64a-41b8-a656-29af4e73e0b4",
                  "isHook": false,
                  "skipped": false
                },
                {
                  "title": "should not allow admin to mint tokens",
                  "fullTitle": "KreskoAsset #mint should not allow admin to mint tokens",
                  "timedOut": false,
                  "duration": 76,
[...]
                  "err": {},
                  "uuid": "e70a5901-aaac-438b-bb7f-ffa9f244c06b",
                  "parentUUID": "fdeb2a27-e2ff-4ffc-9e60-6d9b41877479",
                  "isHook": false,
                  "skipped": false
                }
              ],
              "suites": [],
              "passes": [
                "77bd9ea3-b311-4003-ab67-e277926f866d",
                "f8e63e43-d030-4ac7-b140-bf06cf047c51",
                "26b19cdd-e490-4484-9c47-3fe572123f13",
                "792f2ab2-60a0-4651-a5c9-63122b08734b",
                "de700846-4f2b-4684-842e-c962df32310a",
                "5098caca-d723-45be-aa8b-064b0a4ba4f5",
                "6c78a37f-b777-4811-b87a-94261a35543a",
                "552f9303-e4da-4b82-b695-dac681d9975d",
                "fe4b3ad6-7814-4ffc-8881-79aaf9bf6810",
                "15b19b41-ce0c-4c88-99ff-b95c4ef57f47",
                "e70a5901-aaac-438b-bb7f-ffa9f244c06b"
              ],
              "failures": [],
              "pending": [],
              "skipped": [],
              "duration": 17516,
              "root": false,
              "rootEmpty": false,
              "_timeout": 15000
            }
          ],
          "passes": [],
          "failures": [],
          "pending": [],
          "skipped": [],
          "duration": 0,
          "root": false,
          "rootEmpty": false,
          "_timeout": 15000
        },
        {
          "uuid": "759fdd96-9210-4f63-a74c-67a6c6ee8cae",
          "title": "Stability Rates",
          "fullFile": "/Users/panukettunen/Projects/kresko-protocol/src/test/stability-rate/03-liquidation.ts",
          "file": "/src/test/stability-rate/03-liquidation.ts",
          "beforeHooks": [
            {
              "title": "\"before each\" hook in \"Stability Rates\"",
              "fullTitle": "Stability Rates \"before each\" hook in \"Stability Rates\"",
              "timedOut": false,
              "duration": 18,
              "state": null,
              "speed": null,
              "pass": false,
              "fail": false,
              "pending": false,
              "context": null,
              "code": "const fixture = await _hardhat.default.deployments.createFixture(async (hre)=>{\n    const result = await hre.deployments.fixture(fixtureName);\n    if (result.Diamond) {\n        hre.Diamond = await hre.getContractOrFork(\"Kresko\");\n    }\n    return {\n        facets: result.Diamond ? result.Diamond.facets : [],\n        collaterals: hre.collaterals,\n        krAssets: hre.krAssets\n    };\n})();\nthis.facets = fixture.facets || [];\nthis.collaterals = fixture.collaterals;\nthis.krAssets = fixture.krAssets;",
              "err": {},
              "uuid": "b97af4fc-aa9d-430d-a061-4c4ff50559ab",
              "parentUUID": "759fdd96-9210-4f63-a74c-67a6c6ee8cae",
              "isHook": true,
              "skipped": false
            },
            {
              "title": "\"before each\" hook in \"Stability Rates\"",
              "fullTitle": "Stability Rates \"before each\" hook in \"Stability Rates\"",
              "timedOut": false,
              "duration": 449,
              "state": null,
              "speed": null,
              "pass": false,
              "fail": false,
              "pending": false,
              "context": null,
              "code": "liquidator = _hardhat.default.users.deployer;\nuserTwo = _hardhat.default.users.userTwo;\nthis.krAsset = _hardhat.default.krAssets.find((c)=>c.deployArgs.name === _test.defaultKrAssetArgs.name);\nthis.collateral = _hardhat.default.collaterals.find((c)=>c.deployArgs.name === _test.defaultCollateralArgs.name);\nconst krAssetOraclePrice = 10;\nthis.krAsset.setPrice(krAssetOraclePrice);\nconst cLiq = (0, _lib.toBig)(1000);\nconst kLiq = (0, _lib.toBig)(100);\nawait this.collateral.setBalance(liquidator, cLiq.mul(2));\nawait (0, _collaterals.depositCollateral)({\n    asset: this.collateral,\n    amount: cLiq,\n    user: liquidator\n});\nawait (0, _krassets.mintKrAsset)({\n    asset: this.krAsset,\n    amount: kLiq,\n    user: liquidator\n});\nconst anchorBalance = await this.krAsset.anchor.balanceOf(_hardhat.default.Diamond.address);\n(0, _chai.expect)(anchorBalance).to.equal(kLiq);\n// 1000/100 = krAsset amm price 10\nconst pair = await (0, _amm.addLiquidity)({\n    user: liquidator,\n    router: _hardhat.default.UniV2Router,\n    amount0: cLiq,\n    amount1: kLiq,\n    token0: this.collateral,\n    token1: this.krAsset\n});\nupdateTWAP = (0, _amm.getTWAPUpdaterFor)(pair.address);\nawait _hardhat.default.UniV2Oracle.initPair(pair.address, this.krAsset.address, 60 * 60);\nawait updateTWAP();",
              "err": {},
              "uuid": "5d3fff17-a87c-46a4-92f8-9361b780a398",
              "parentUUID": "759fdd96-9210-4f63-a74c-67a6c6ee8cae",
              "isHook": true,
              "skipped": false
            }
          ],
          "afterHooks": [],
          "tests": [],
          "suites": [
            {
              "uuid": "26c4b3ec-321d-4555-8f6b-b6db960c1361",
              "title": "#stability rate - liquidation",
              "fullFile": "/Users/panukettunen/Projects/kresko-protocol/src/test/stability-rate/03-liquidation.ts",
              "file": "/src/test/stability-rate/03-liquidation.ts",
              "beforeHooks": [
                {
                  "title": "\"before each\" hook in \"#stability rate - liquidation\"",
                  "fullTitle": "Stability Rates #stability rate - liquidation \"before each\" hook in \"#stability rate - liquidation\"",
                  "timedOut": false,
                  "duration": 3663,
                  "state": null,
                  "speed": null,
                  "pass": false,
                  "fail": false,
                  "pending": false,
                  "context": null,
                  "code": "await this.collateral.setBalance(userTwo, depositAmount);\n// Create few krAssets\nkrAssets = await Promise.all([\n    \"krasset2\",\n    \"krasset3\",\n    \"krasset4\"\n].map(async (name)=>await (0, _krassets.addMockKreskoAsset)({\n        name: name,\n        symbol: name,\n        marketOpen: true,\n        factor: 1.1,\n        closeFee: 0,\n        openFee: 0,\n        price: 10,\n        supplyLimit: 2000,\n        stabilityRateBase: _test.BASIS_POINT.mul(1000)\n    })));",
                  "err": {},
                  "uuid": "11e48ab6-c639-459b-8e29-371a8084c124",
                  "parentUUID": "26c4b3ec-321d-4555-8f6b-b6db960c1361",
                  "isHook": true,
                  "skipped": false
                }
              ],
              "afterHooks": [],
              "tests": [
                {
                  "title": "cannot liquidate accrued interest of healthy account",
                  "fullTitle": "Stability Rates #stability rate - liquidation cannot liquidate accrued interest of healthy account",
                  "timedOut": false,
                  "duration": 545,
                  "state": "passed",
                  "speed": "slow",
                  "pass": true,
                  "fail": false,
                  "pending": false,
                  "context": null,
                  "code": "await this.collateral.setBalance(userTwo, depositAmount);\n// Deposit a bit more to cover the mints\nawait (0, _collaterals.depositCollateral)({\n    asset: this.collateral,\n    amount: depositAmount,\n    user: userTwo\n});\n// mint each krasset\nawait Promise.all(krAssets.map((krAsset)=>(0, _krassets.mintKrAsset)({\n        asset: krAsset,\n        amount: mintAmount,\n        user: userTwo\n    })));\nawait _hardhatnetworkhelpers.time.increase(_calculations.ONE_YEAR);\nconst krAsset = krAssets[0];\n(0, _chai.expect)(await _hardhat.default.Diamond.isAccountLiquidatable(userTwo.address)).to.be.false;\nawait (0, _chai.expect)(_hardhat.default.Diamond.connect(liquidator).liquidateInterest(userTwo.address, krAsset.address, this.collateral.address)).to.be.revertedWith(_errors.Error.NOT_LIQUIDATABLE);",
                  "err": {},
                  "uuid": "94c23982-ecc1-48c3-83ae-58e5b00c7b6f",
                  "parentUUID": "26c4b3ec-321d-4555-8f6b-b6db960c1361",
                  "isHook": false,
                  "skipped": false
                },
                {
                  "title": "cannot batch liquidate accrued interest of healthy account",
                  "fullTitle": "Stability Rates #stability rate - liquidation cannot batch liquidate accrued interest of healthy account",
                  "timedOut": false,
                  "duration": 554,
                  "state": "passed",
                  "speed": "slow",
                  "pass": true,
                  "fail": false,
                  "pending": false,
                  "context": null,
                  "code": "await this.collateral.setBalance(userTwo, depositAmount);\n// Deposit a bit more to cover the mints\nawait (0, _collaterals.depositCollateral)({\n    asset: this.collateral,\n    amount: depositAmount,\n    user: userTwo\n});\n// mint each krasset\nawait Promise.all(krAssets.map((krAsset)=>(0, _krassets.mintKrAsset)({\n        asset: krAsset,\n        amount: mintAmount,\n        user: userTwo\n    })));\nawait _hardhatnetworkhelpers.time.increase(_calculations.ONE_YEAR);\n(0, _chai.expect)(await _hardhat.default.Diamond.isAccountLiquidatable(userTwo.address)).to.be.false;\nawait (0, _chai.expect)(_hardhat.default.Diamond.connect(liquidator).batchLiquidateInterest(userTwo.address, this.collateral.address)).to.be.revertedWith(_errors.Error.NOT_LIQUIDATABLE);",
                  "err": {},
                  "uuid": "1a06ca37-98ff-4f2a-807a-d6576c00800c",
                  "parentUUID": "26c4b3ec-321d-4555-8f6b-b6db960c1361",
                  "isHook": false,
                  "skipped": false
                },
                {
                  "title": "can liquidate accrued interest of unhealthy account",
                  "fullTitle": "Stability Rates #stability rate - liquidation can liquidate accrued interest of unhealthy account",
                  "timedOut": false,
                  "duration": 1216,
                  "state": "passed",
                  "speed": "slow",
                  "pass": true,
                  "fail": false,
                  "pending": false,
                  "context": null,
                  "code": "const KISS = await _hardhat.default.getContractOrFork(\"KISS\");\n// mint each krasset\nawait Promise.all([\n    await KISS.connect(liquidator).approve(_hardhat.default.Diamond.address, _hardhat.default.ethers.constants.MaxUint256),\n    await this.collateral.setBalance(userTwo, depositAmount),\n    // Deposit a bit more to cover the mints\n    await (0, _collaterals.depositCollateral)({\n        asset: this.collateral,\n        amount: depositAmount,\n        user: userTwo\n    }),\n    ...krAssets.map((krAsset)=>(0, _krassets.mintKrAsset)({\n            asset: krAsset,\n            amount: mintAmount,\n            user: userTwo\n        }))\n]);\n// Up the asset prices\nconst newPrice = 15;\nkrAssets.map((asset)=>asset.setPrice(newPrice));\n// increase time so account is liquidatable\n(0, _chai.expect)(await _hardhat.default.Diamond.isAccountLiquidatable(userTwo.address)).to.be.false;\nawait _hardhatnetworkhelpers.time.increase(_calculations.ONE_YEAR * 4);\n// should be liquidatable\n(0, _chai.expect)(await _hardhat.default.Diamond.isAccountLiquidatable(userTwo.address)).to.be.true;\n// Asset to liquidate\nconst krAsset = krAssets[0];\nconst interestUSDTotal = await _hardhat.default.Diamond.kreskoAssetDebtInterestTotal(userTwo.address);\n// Liquidator mints KISS\nawait (0, _krassets.mintKrAsset)({\n    asset: KISS,\n    amount: interestUSDTotal.add((0, _lib.toBig)(1)),\n    user: liquidator\n});\n// liquidatable value total before\nconst accruedKissInterest = (0, _lib.fromBig)((await _hardhat.default.Diamond.kreskoAssetDebtInterest(userTwo.address, krAsset.address)).kissAmount);\nconst accountCollateralBefore = await _hardhat.default.Diamond.collateralDeposits(userTwo.address, this.collateral.address);\n// Wipe seized collateral balance before liquidation for easy comparison\nawait this.collateral.setBalance(liquidator, (0, _lib.toBig)(0));\n// Liquidate\nconst tx = await _hardhat.default.Diamond.connect(liquidator).liquidateInterest(userTwo.address, krAsset.address, this.collateral.address);\n// Should all be wiped\nconst interestAccruedAfterLiq = await _hardhat.default.Diamond.kreskoAssetDebtInterest(userTwo.address, krAsset.address);\n(0, _chai.expect)(interestAccruedAfterLiq.kissAmount).to.eq(0);\n(0, _chai.expect)(interestAccruedAfterLiq.assetAmount).to.eq(0);\nconst accountCollateralAfter = await _hardhat.default.Diamond.collateralDeposits(userTwo.address, this.collateral.address);\nconst event = await (0, _lib.getInternalEvent)(tx, _hardhat.default.Diamond, \"InterestLiquidationOccurred\");\n// validate interest accrual changes\n(0, _chai.expect)(accountCollateralAfter).to.equal(accountCollateralBefore.sub(event.collateralSent));\nconst liquidationIncentive = (0, _lib.fromBig)((await _hardhat.default.Diamond.collateralAsset(this.collateral.address)).liquidationIncentive);\nconst expectedCollateral = accruedKissInterest / (0, _lib.fromBig)(await this.collateral.getPrice(), 8) * liquidationIncentive;\n// event validation\n(0, _chai.expect)(event.account).to.equal(userTwo.address);\n(0, _chai.expect)(event.liquidator).to.equal(liquidator.address);\n(0, _chai.expect)(event.repayKreskoAsset).to.equal(krAsset.address);\n(0, _chai.expect)(event.seizedCollateralAsset).to.equal(this.collateral.address);\n(0, _chai.expect)((0, _lib.fromBig)(event.repayUSD)).to.closeTo(accruedKissInterest, 0.0001);\n(0, _chai.expect)((0, _lib.fromBig)(event.collateralSent).toFixed(6)).to.equal(expectedCollateral.toFixed(6));\n// liquidator received collateral\n(0, _chai.expect)(await this.collateral.contract.balanceOf(liquidator.address)).to.equal(event.collateralSent);",
                  "err": {},
                  "uuid": "c5cf7a20-29cb-4454-a7b6-e664b9c7f073",
                  "parentUUID": "26c4b3ec-321d-4555-8f6b-b6db960c1361",
                  "isHook": false,
                  "skipped": false
                },
                {
                  "title": "can batch liquidate accrued interest of unhealthy account",
                  "fullTitle": "Stability Rates #stability rate - liquidation can batch liquidate accrued interest of unhealthy account",
                  "timedOut": false,
                  "duration": 1440,
                  "state": "passed",
                  "speed": "slow",
                  "pass": true,
                  "fail": false,
                  "pending": false,
                  "context": null,
                  "code": "const KISS = await _hardhat.default.getContractOrFork(\"KISS\");\nawait KISS.connect(liquidator).approve(_hardhat.default.Diamond.address, _hardhat.default.ethers.constants.MaxUint256);\nawait this.collateral.setBalance(userTwo, depositAmount);\n// Deposit a bit more to cover the mints\nawait (0, _collaterals.depositCollateral)({\n    asset: this.collateral,\n    amount: depositAmount,\n    user: userTwo\n});\n// mint each krasset\nawait Promise.all(krAssets.map((krAsset)=>(0, _krassets.mintKrAsset)({\n        asset: krAsset,\n        amount: mintAmount,\n        user: userTwo\n    })));\n// Up the asset prices\nconst newPrice = 15;\nkrAssets.map((asset)=>asset.setPrice(newPrice));\n// increase time so account is liquidatable\n(0, _chai.expect)(await _hardhat.default.Diamond.isAccountLiquidatable(userTwo.address)).to.be.false;\nawait _hardhatnetworkhelpers.time.increase(_calculations.ONE_YEAR * 4);\n// should be liquidatable\n(0, _chai.expect)(await _hardhat.default.Diamond.isAccountLiquidatable(userTwo.address)).to.be.true;\nconst interestKissTotal = (0, _lib.fromBig)(await _hardhat.default.Diamond.kreskoAssetDebtInterestTotal(userTwo.address));\n// Liquidator mints KISS\nawait (0, _krassets.mintKrAsset)({\n    asset: KISS,\n    amount: interestKissTotal + 1,\n    user: liquidator\n});\n// Wipe seized collateral balance before liquidation for easy comparison\nawait this.collateral.setBalance(liquidator, (0, _lib.toBig)(0));\n// Liquidate\nconst tx = await _hardhat.default.Diamond.connect(liquidator).batchLiquidateInterest(userTwo.address, this.collateral.address);\nconst interestKissTotalAfter = (0, _lib.fromBig)(await _hardhat.default.Diamond.kreskoAssetDebtInterestTotal(userTwo.address));\n(0, _chai.expect)(await _hardhat.default.Diamond.isAccountLiquidatable(userTwo.address)).to.be.false;\nconst event = await (0, _lib.getInternalEvent)(tx, _hardhat.default.Diamond, \"BatchInterestLiquidationOccurred\");\nconst repayUSD = (0, _lib.fromBig)(event.repayUSD);\n// interest accrued changes\n(0, _chai.expect)(interestKissTotalAfter).to.closeTo(interestKissTotal - (0, _lib.fromBig)(event.repayUSD), 0.0001);\nconst liquidationIncentive = (0, _lib.fromBig)((await _hardhat.default.Diamond.collateralAsset(this.collateral.address)).liquidationIncentive);\nconst expectedCollateral = repayUSD / (0, _lib.fromBig)(await this.collateral.getPrice(), 8) * liquidationIncentive;\n// event validation\n(0, _chai.expect)(event.account).to.equal(userTwo.address);\n(0, _chai.expect)(event.liquidator).to.equal(liquidator.address);\n(0, _chai.expect)(event.seizedCollateralAsset).to.equal(this.collateral.address);\n(0, _chai.expect)((0, _lib.fromBig)(event.collateralSent)).to.closeTo(expectedCollateral, 0.0001);\n(0, _chai.expect)(repayUSD).to.closeTo(interestKissTotal - interestKissTotalAfter, 0.0001);\n// liquidator received collateral\n(0, _chai.expect)(await this.collateral.contract.balanceOf(liquidator.address)).to.equal(event.collateralSent);",
                  "err": {},
                  "uuid": "9be5d877-6c04-4a49-859b-7e469905b3ab",
                  "parentUUID": "26c4b3ec-321d-4555-8f6b-b6db960c1361",
                  "isHook": false,
                  "skipped": false
                }
              ],
              "suites": [],
              "passes": [
                "94c23982-ecc1-48c3-83ae-58e5b00c7b6f",
                "1a06ca37-98ff-4f2a-807a-d6576c00800c",
                "c5cf7a20-29cb-4454-a7b6-e664b9c7f073",
                "9be5d877-6c04-4a49-859b-7e469905b3ab"
              ],
              "failures": [],
              "pending": [],
              "skipped": [],
              "duration": 3755,
              "root": false,
              "rootEmpty": false,
              "_timeout": 15000
            }
          ],
          "passes": [],
          "failures": [],
          "pending": [],
          "skipped": [],
          "duration": 0,
          "root": false,
          "rootEmpty": false,
          "_timeout": 15000
        }
      ],
      "passes": [],
      "failures": [],
      "pending": [],
      "skipped": [],
      "duration": 0,
      "root": true,
      "rootEmpty": true,
      "_timeout": 15000
    }
  ],
  "meta": {
    "mocha": {
      "version": "10.2.0"
    },
    "mochawesome": {
      "options": {
        "quiet": false,
        "reportFilename": "mochawesome",
        "saveHtml": true,
        "saveJson": true,
        "consoleReporter": "spec",
        "useInlineDiffs": false,
        "code": true
      },
      "version": "7.1.3"
    },
    "marge": {
      "options": null,
      "version": "6.2.0"
    }
  }
}