{
  "stats": {
    "suites": 88,
    "tests": 264,
    "passes": 236,
    "pending": 24,
    "failures": 4,
    "start": "2023-10-04T02:38:41.015Z",
    "end": "2023-10-04T02:40:17.989Z",
    "duration": 96974,
    "testsRegistered": 264,
    "passPercent": 98.33333333333333,
    "pendingPercent": 9.090909090909092,
    "other": 0,
    "hasOther": false,
    "skipped": 0,
    "hasSkipped": false
  },
  "results": [
    {
      "uuid": "69ba5d53-0f4a-4d33-9561-30cee04d9b1a",
      "title": "",
      "fullFile": "",
      "file": "",
      "beforeHooks": [],
      "afterHooks": [],
      "tests": [],
      "suites": [
        {
          "uuid": "e9538e64-973b-4287-81f5-b551fea99936",
          "title": "Asset Amounts & Values",
          "fullFile": "/Users/panukettunen/Projects/kresko-protocol/src/test/asset-values/00-asset-values.ts",
          "file": "/src/test/asset-values/00-asset-values.ts",
          "beforeHooks": [
            {
              "title": "\"before each\" hook in \"Asset Amounts & Values\"",
              "fullTitle": "Asset Amounts & Values \"before each\" hook in \"Asset Amounts & Values\"",
              "timedOut": false,
              "duration": 18,
              "state": null,
              "speed": null,
              "pass": false,
              "fail": false,
              "pending": false,
              "context": null,
              "code": "f = await (0, _fixtures.assetValuesFixture)();\nf.user = hre.users.testUserSeven;\nUser = (0, _redstone.wrapKresko)(hre.Diamond, f.user);",
              "err": {},
              "uuid": "8a54ef54-2364-4f79-996c-bc25ec613e05",
              "parentUUID": "e9538e64-973b-4287-81f5-b551fea99936",
              "isHook": true,
              "skipped": false
            }
          ],
          "afterHooks": [],
          "tests": [],
          "suites": [
            {
              "uuid": "995f1d44-02bb-4c7e-8e46-145c4484834d",
              "title": "#Collateral Deposit Values",
              "fullFile": "/Users/panukettunen/Projects/kresko-protocol/src/test/asset-values/00-asset-values.ts",
              "file": "/src/test/asset-values/00-asset-values.ts",
              "beforeHooks": [],
              "afterHooks": [],
              "tests": [
                {
                  "title": "should return the correct deposit value with 18 decimals",
                  "fullTitle": "Asset Amounts & Values #Collateral Deposit Values should return the correct deposit value with 18 decimals",
                  "timedOut": false,
                  "duration": 106,
                  "state": "passed",
                  "speed": "slow",
                  "pass": true,
                  "fail": false,
                  "pending": false,
                  "context": null,
                  "code": "const depositAmount = (0, _values.toBig)(10);\nconst expectedDepositValue = (0, _values.toBig)(50, f.oracleDecimals); // cfactor = 0.5, collateralPrice = 10, depositAmount = 10\nawait User.depositCollateral(f.user.address, f.CollateralAsset.address, depositAmount);\nconst depositValue = await hre.Diamond.getAccountTotalCollateralValue(f.user.address);\n(0, _chai.expect)(depositValue).to.equal(expectedDepositValue);",
                  "err": {},
                  "uuid": "82c605da-c9ca-48bc-9957-61d4c427c014",
                  "parentUUID": "995f1d44-02bb-4c7e-8e46-145c4484834d",
                  "isHook": false,
                  "skipped": false
                },
                {
                  "title": "should return the correct deposit value with less than 18 decimals",
                  "fullTitle": "Asset Amounts & Values #Collateral Deposit Values should return the correct deposit value with less than 18 decimals",
                  "timedOut": false,
                  "duration": 103,
                  "state": "passed",
                  "speed": "slow",
                  "pass": true,
                  "fail": false,
                  "pending": false,
                  "context": null,
                  "code": "const depositAmount = (0, _values.toBig)(10, 8);\nconst expectedDepositValue = (0, _values.toBig)(50, f.oracleDecimals); // cfactor = 0.5, collateralPrice = 10, depositAmount = 10\nawait User.depositCollateral(f.user.address, f.CollateralAsset8Dec.address, depositAmount);\nconst depositValue = await hre.Diamond.getAccountTotalCollateralValue(f.user.address);\n(0, _chai.expect)(depositValue).to.equal(expectedDepositValue);",
                  "err": {},
                  "uuid": "af2770af-bb57-4080-9e6e-45ad6dac8a82",
                  "parentUUID": "995f1d44-02bb-4c7e-8e46-145c4484834d",
                  "isHook": false,
                  "skipped": false
                },
                {
                  "title": "should return the correct deposit value with over 18 decimals",
                  "fullTitle": "Asset Amounts & Values #Collateral Deposit Values should return the correct deposit value with over 18 decimals",
                  "timedOut": false,
                  "duration": 108,
                  "state": "passed",
                  "speed": "slow",
                  "pass": true,
                  "fail": false,
                  "pending": false,
                  "context": null,
                  "code": "const depositAmount = (0, _values.toBig)(10, 21);\nconst expectedDepositValue = (0, _values.toBig)(50, f.oracleDecimals); // cfactor = 0.5, collateralPrice = 10, depositAmount = 10\nawait User.depositCollateral(f.user.address, f.CollateralAsset21Dec.address, depositAmount);\nconst depositValue = await hre.Diamond.getAccountTotalCollateralValue(f.user.address);\n(0, _chai.expect)(depositValue).to.equal(expectedDepositValue);",
                  "err": {},
                  "uuid": "4df21c6c-d911-4135-b6b3-d2f4b1e21853",
                  "parentUUID": "995f1d44-02bb-4c7e-8e46-145c4484834d",
                  "isHook": false,
                  "skipped": false
                },
                {
                  "title": "should return the correct deposit value combination of different decimals",
                  "fullTitle": "Asset Amounts & Values #Collateral Deposit Values should return the correct deposit value combination of different decimals",
                  "timedOut": false,
                  "duration": 251,
                  "state": "passed",
                  "speed": "slow",
                  "pass": true,
                  "fail": false,
                  "pending": false,
                  "context": null,
                  "code": "await User.depositCollateral(f.user.address, f.CollateralAsset.address, (0, _values.toBig)(10));\nawait User.depositCollateral(f.user.address, f.CollateralAsset8Dec.address, (0, _values.toBig)(10, 8));\nawait User.depositCollateral(f.user.address, f.CollateralAsset21Dec.address, (0, _values.toBig)(10, 21));\nconst expectedDepositValue = (0, _values.toBig)(150, f.oracleDecimals); // cfactor = 0.5, collateralPrice = 10, depositAmount = 30\nconst depositValue = await hre.Diamond.getAccountTotalCollateralValue(f.user.address);\n(0, _chai.expect)(depositValue).to.equal(expectedDepositValue);",
                  "err": {},
                  "uuid": "b16eb971-8d0f-48ac-93a6-4e968beed07d",
                  "parentUUID": "995f1d44-02bb-4c7e-8e46-145c4484834d",
                  "isHook": false,
                  "skipped": false
                }
              ],
              "suites": [],
              "passes": [
                "82c605da-c9ca-48bc-9957-61d4c427c014",
                "af2770af-bb57-4080-9e6e-45ad6dac8a82",
                "4df21c6c-d911-4135-b6b3-d2f4b1e21853",
                "b16eb971-8d0f-48ac-93a6-4e968beed07d"
              ],
              "failures": [],
              "pending": [],
              "skipped": [],
              "duration": 568,
              "root": false,
              "rootEmpty": false,
              "_timeout": 30000
            },
            {
              "uuid": "fba7431e-fc4d-45d2-bc62-c48089f16171",
              "title": "#Collateral Deposit Amount",
              "fullFile": "/Users/panukettunen/Projects/kresko-protocol/src/test/asset-values/00-asset-values.ts",
              "file": "/src/test/asset-values/00-asset-values.ts",
              "beforeHooks": [],
              "afterHooks": [],
              "tests": [
                {
                  "title": "should return the correct deposit amount with 18 decimals",
                  "fullTitle": "Asset Amounts & Values #Collateral Deposit Amount should return the correct deposit amount with 18 decimals",
                  "timedOut": false,
                  "duration": 118,
                  "state": "passed",
                  "speed": "slow",
                  "pass": true,
                  "fail": false,
                  "pending": false,
                  "context": null,
                  "code": "const depositAmount = (0, _values.toBig)(10);\nawait User.depositCollateral(f.user.address, f.CollateralAsset.address, depositAmount);\nconst withdrawIndex = await _optimizations.default.getAccountDepositIndex(f.user.address, f.CollateralAsset.address);\nconst deposits = await hre.Diamond.getAccountCollateralAmount(f.user.address, f.CollateralAsset.address);\n(0, _chai.expect)(deposits).to.equal(depositAmount);\nawait User.withdrawCollateral(f.user.address, f.CollateralAsset.address, depositAmount, withdrawIndex);\nconst balance = await f.CollateralAsset.balanceOf(f.user.address);\n(0, _chai.expect)(balance).to.equal((0, _values.toBig)(f.startingBalance));",
                  "err": {},
                  "uuid": "874fcd14-26ea-44ba-98b1-cf0d8c012e75",
                  "parentUUID": "fba7431e-fc4d-45d2-bc62-c48089f16171",
                  "isHook": false,
                  "skipped": false
                },
                {
                  "title": "should return the correct deposit amount with less than 18 decimals",
                  "fullTitle": "Asset Amounts & Values #Collateral Deposit Amount should return the correct deposit amount with less than 18 decimals",
                  "timedOut": false,
                  "duration": 112,
                  "state": "passed",
                  "speed": "slow",
                  "pass": true,
                  "fail": false,
                  "pending": false,
                  "context": null,
                  "code": "const depositAmount = (0, _values.toBig)(10, 8);\nawait User.depositCollateral(f.user.address, f.CollateralAsset8Dec.address, depositAmount);\nconst withdrawIndex = await _optimizations.default.getAccountDepositIndex(f.user.address, f.CollateralAsset8Dec.address);\nconst deposits = await hre.Diamond.getAccountCollateralAmount(f.user.address, f.CollateralAsset8Dec.address);\n(0, _chai.expect)(deposits).to.equal(depositAmount);\nawait User.withdrawCollateral(f.user.address, f.CollateralAsset8Dec.address, depositAmount, withdrawIndex);\nconst balance = await f.CollateralAsset8Dec.balanceOf(f.user.address);\n(0, _chai.expect)(balance).to.equal((0, _values.toBig)(f.startingBalance, 8));",
                  "err": {},
                  "uuid": "abc2050b-d05d-4508-a7ce-4189da8e17d9",
                  "parentUUID": "fba7431e-fc4d-45d2-bc62-c48089f16171",
                  "isHook": false,
                  "skipped": false
                },
                {
                  "title": "should return the correct deposit value with over 18 decimals",
                  "fullTitle": "Asset Amounts & Values #Collateral Deposit Amount should return the correct deposit value with over 18 decimals",
                  "timedOut": false,
                  "duration": 108,
                  "state": "passed",
                  "speed": "slow",
                  "pass": true,
                  "fail": false,
                  "pending": false,
                  "context": null,
                  "code": "const depositAmount = (0, _values.toBig)(10, 21);\nawait User.depositCollateral(f.user.address, f.CollateralAsset21Dec.address, depositAmount);\nconst withdrawIndex = await _optimizations.default.getAccountDepositIndex(f.user.address, f.CollateralAsset21Dec.address);\nconst deposits = await hre.Diamond.getAccountCollateralAmount(f.user.address, f.CollateralAsset21Dec.address);\n(0, _chai.expect)(deposits).to.equal(depositAmount);\nawait User.withdrawCollateral(f.user.address, f.CollateralAsset21Dec.address, depositAmount, withdrawIndex);\nconst balance = await f.CollateralAsset21Dec.balanceOf(f.user.address);\n(0, _chai.expect)(balance).to.equal((0, _values.toBig)(f.startingBalance, 21));",
                  "err": {},
                  "uuid": "7119527c-afe9-478f-bc42-17d6cc03fca1",
                  "parentUUID": "fba7431e-fc4d-45d2-bc62-c48089f16171",
                  "isHook": false,
                  "skipped": false
                }
              ],
              "suites": [],
              "passes": [
                "874fcd14-26ea-44ba-98b1-cf0d8c012e75",
                "abc2050b-d05d-4508-a7ce-4189da8e17d9",
                "7119527c-afe9-478f-bc42-17d6cc03fca1"
              ],
              "failures": [],
              "pending": [],
              "skipped": [],
              "duration": 338,
              "root": false,
              "rootEmpty": false,
              "_timeout": 30000
            },
            {
              "uuid": "4a0c14e3-9fc9-4101-b9c5-592f055962ff",
              "title": "#Kresko Asset Debt Values",
              "fullFile": "/Users/panukettunen/Projects/kresko-protocol/src/test/asset-values/00-asset-values.ts",
              "file": "/src/test/asset-values/00-asset-values.ts",
              "beforeHooks": [],
              "afterHooks": [],
              "tests": [
                {
                  "title": "should return the correct debt value (+CR) with 18 decimal collateral",
                  "fullTitle": "Asset Amounts & Values #Kresko Asset Debt Values should return the correct debt value (+CR) with 18 decimal collateral",
                  "timedOut": false,
                  "duration": 660,
                  "state": "passed",
                  "speed": "slow",
                  "pass": true,
                  "fail": false,
                  "pending": false,
                  "context": null,
                  "code": "const depositAmount = (0, _values.toBig)(10);\nawait User.depositCollateral(f.user.address, f.CollateralAsset.address, depositAmount);\nconst mintAmount = (0, _values.toBig)(1);\nconst expectedMintValue = (0, _values.toBig)(20, f.oracleDecimals); // kFactor = 2, krAssetPrice = 10, mintAmount = 1, openFee = 0.1\nawait User.mintKreskoAsset(f.user.address, f.KreskoAsset.address, mintAmount);\nconst expectedDepositValue = (0, _values.toBig)(49.5, f.oracleDecimals); // cfactor = 0.5, collateralPrice = 10, depositAmount = 10, openFee = 0.1\nconst depositValue = await hre.Diamond.getAccountTotalCollateralValue(f.user.address);\n(0, _chai.expect)(depositValue).to.equal(expectedDepositValue);\nconst mintValue = await hre.Diamond.getAccountTotalDebtValue(f.user.address);\n(0, _chai.expect)(mintValue).to.equal(expectedMintValue);\nconst assetValue = await hre.Diamond.getValue(f.KreskoAsset.address, mintAmount);\nconst kFactor = (await hre.Diamond.getAsset(f.KreskoAsset.address)).kFactor;\n(0, _chai.expect)(assetValue).to.equal(expectedMintValue.percentDiv(kFactor));\nconst collateralRatio = await hre.Diamond.getAccountCollateralRatio(f.user.address);\n(0, _chai.expect)(collateralRatio).to.equal(expectedDepositValue.percentDiv(expectedMintValue)); // 2.475",
                  "err": {},
                  "uuid": "66cc9f2a-3b2f-498c-805e-d804ad844f83",
                  "parentUUID": "4a0c14e3-9fc9-4101-b9c5-592f055962ff",
                  "isHook": false,
                  "skipped": false
                },
                {
                  "title": "should return the correct debt value (+CR) with less than 18 decimal collateral",
                  "fullTitle": "Asset Amounts & Values #Kresko Asset Debt Values should return the correct debt value (+CR) with less than 18 decimal collateral",
                  "timedOut": false,
                  "duration": 666,
                  "state": "passed",
                  "speed": "slow",
                  "pass": true,
                  "fail": false,
                  "pending": false,
                  "context": null,
                  "code": "const depositAmount = (0, _values.toBig)(10, 8);\nawait User.depositCollateral(f.user.address, f.CollateralAsset8Dec.address, depositAmount);\nconst mintAmount = (0, _values.toBig)(1);\nconst expectedMintValue = (0, _values.toBig)(20, f.oracleDecimals); // kFactor = 2, krAssetPrice = 10, mintAmount = 1, openFee = 0.1\nawait User.mintKreskoAsset(f.user.address, f.KreskoAsset.address, mintAmount);\nconst expectedDepositValue = (0, _values.toBig)(49.5, f.oracleDecimals); // cfactor = 0.5, collateralPrice = 10, depositAmount = 10, openFee = 0.1\nconst depositValue = await hre.Diamond.getAccountTotalCollateralValue(f.user.address);\n(0, _chai.expect)(depositValue).to.equal(expectedDepositValue);\nconst mintValue = await hre.Diamond.getAccountTotalDebtValue(f.user.address);\n(0, _chai.expect)(mintValue).to.equal(expectedMintValue);\nconst assetValue = await hre.Diamond.getValue(f.KreskoAsset.address, mintAmount);\nconst kFactor = (await hre.Diamond.getAsset(f.KreskoAsset.address)).kFactor;\n(0, _chai.expect)(assetValue).to.equal(expectedMintValue.percentDiv(kFactor));\nconst collateralRatio = await hre.Diamond.getAccountCollateralRatio(f.user.address);\n(0, _chai.expect)(collateralRatio).to.equal(expectedDepositValue.percentDiv(expectedMintValue)); // 2.475",
                  "err": {},
                  "uuid": "d2c4085e-1fb6-4ab5-a5cb-fcdd0facadae",
                  "parentUUID": "4a0c14e3-9fc9-4101-b9c5-592f055962ff",
                  "isHook": false,
                  "skipped": false
                },
                {
                  "title": "should return the correct debt value (+CR) with more than 18 decimal collateral",
                  "fullTitle": "Asset Amounts & Values #Kresko Asset Debt Values should return the correct debt value (+CR) with more than 18 decimal collateral",
                  "timedOut": false,
                  "duration": 682,
                  "state": "passed",
                  "speed": "slow",
                  "pass": true,
                  "fail": false,
                  "pending": false,
                  "context": null,
                  "code": "const depositAmount = (0, _values.toBig)(10, 21);\nawait User.depositCollateral(f.user.address, f.CollateralAsset21Dec.address, depositAmount);\nconst mintAmount = (0, _values.toBig)(1);\nconst expectedMintValue = (0, _values.toBig)(20, f.oracleDecimals); // kFactor = 2, krAssetPrice = 10, mintAmount = 1, openFee = 0.1\nawait User.mintKreskoAsset(f.user.address, f.KreskoAsset.address, mintAmount);\nconst expectedDepositValue = (0, _values.toBig)(49.5, f.oracleDecimals); // cfactor = 0.5, collateralPrice = 10, depositAmount = 10, openFee = 0.1\nconst depositValue = await hre.Diamond.getAccountTotalCollateralValue(f.user.address);\n(0, _chai.expect)(depositValue).to.equal(expectedDepositValue);\nconst mintValue = await hre.Diamond.getAccountTotalDebtValue(f.user.address);\n(0, _chai.expect)(mintValue).to.equal(expectedMintValue);\nconst assetValue = await hre.Diamond.getValue(f.KreskoAsset.address, mintAmount);\nconst kFactor = (await hre.Diamond.getAsset(f.KreskoAsset.address)).kFactor;\n(0, _chai.expect)(assetValue).to.equal(expectedMintValue.percentDiv(kFactor));\nconst collateralRatio = await hre.Diamond.getAccountCollateralRatio(f.user.address);\n(0, _chai.expect)(collateralRatio).to.equal(expectedDepositValue.percentDiv(expectedMintValue)); // 2.475",
                  "err": {},
                  "uuid": "67535998-db73-49d5-8689-553d6e9fd62f",
                  "parentUUID": "4a0c14e3-9fc9-4101-b9c5-592f055962ff",
                  "isHook": false,
                  "skipped": false
                }
              ],
              "suites": [],
              "passes": [
                "66cc9f2a-3b2f-498c-805e-d804ad844f83",
                "d2c4085e-1fb6-4ab5-a5cb-fcdd0facadae",
                "67535998-db73-49d5-8689-553d6e9fd62f"
              ],
              "failures": [],
              "pending": [],
              "skipped": [],
              "duration": 2008,
              "root": false,
              "rootEmpty": false,
              "_timeout": 30000
            }
          ],
          "passes": [],
          "failures": [],
          "pending": [],
          "skipped": [],
          "duration": 0,
          "root": false,
          "rootEmpty": false,
          "_timeout": 30000
        },
        {
          "uuid": "739506f9-8af6-444f-8576-ea7d47271c68",
          "title": "Diamond",
          "fullFile": "/Users/panukettunen/Projects/kresko-protocol/src/test/diamond/00-init.ts",
          "file": "/src/test/diamond/00-init.ts",
          "beforeHooks": [
            {
              "title": "\"before each\" hook in \"Diamond\"",
              "fullTitle": "Diamond \"before each\" hook in \"Diamond\"",
              "timedOut": false,
              "duration": 1,
              "state": null,
              "speed": null,
              "pass": false,
              "fail": false,
              "pending": false,
              "context": null,
              "code": "f = await (0, _fixtures.diamondFixture)();",
              "err": {},
              "uuid": "d6914813-9b71-4499-8bc7-60880abfb830",
              "parentUUID": "739506f9-8af6-444f-8576-ea7d47271c68",
              "isHook": true,
              "skipped": false
            }
          ],
          "afterHooks": [],
          "tests": [],
          "suites": [
            {
              "uuid": "63915d62-0594-4e2d-b31b-307e4004d10b",
              "title": "#initialization",
              "fullFile": "/Users/panukettunen/Projects/kresko-protocol/src/test/diamond/00-init.ts",
              "file": "/src/test/diamond/00-init.ts",
              "beforeHooks": [],
              "afterHooks": [],
              "tests": [
                {
                  "title": "sets correct state",
                  "fullTitle": "Diamond #initialization sets correct state",
                  "timedOut": false,
                  "duration": 75,
                  "state": "passed",
                  "speed": "medium",
                  "pass": true,
                  "fail": false,
                  "pending": false,
                  "context": null,
                  "code": "(0, _chai.expect)(await _hardhat.default.Diamond.owner()).to.equal(_hardhat.default.users.deployer.address);\n(0, _chai.expect)(await _hardhat.default.Diamond.initialized()).to.equal(true);",
                  "err": {},
                  "uuid": "e6d58738-cc0f-411a-a379-d08fc56baf62",
                  "parentUUID": "63915d62-0594-4e2d-b31b-307e4004d10b",
                  "isHook": false,
                  "skipped": false
                },
                {
                  "title": "sets standard facet addresses",
                  "fullTitle": "Diamond #initialization sets standard facet addresses",
                  "timedOut": false,
                  "duration": 84,
                  "state": "passed",
                  "speed": "slow",
                  "pass": true,
                  "fail": false,
                  "pending": false,
                  "context": null,
                  "code": "const facetAddressesOnChain = (await _hardhat.default.Diamond.facets()).map((f)=>f.facetAddress);\nconst facetAddressesArtifact = f.facets.map((f)=>f.facetAddress);\n(0, _chai.expect)(facetAddressesOnChain.length).to.equal(facetAddressesArtifact.length);\n(0, _chai.expect)(facetAddressesOnChain).to.have.members(facetAddressesArtifact);",
                  "err": {},
                  "uuid": "1b8a7de6-19db-41ec-9642-91b6fc933a96",
                  "parentUUID": "63915d62-0594-4e2d-b31b-307e4004d10b",
                  "isHook": false,
                  "skipped": false
                },
                {
                  "title": "sets selectors of standard facets",
                  "fullTitle": "Diamond #initialization sets selectors of standard facets",
                  "timedOut": false,
                  "duration": 83,
                  "state": "passed",
                  "speed": "slow",
                  "pass": true,
                  "fail": false,
                  "pending": false,
                  "context": null,
                  "code": "const facetsSelectorsOnChain = (await _hardhat.default.Diamond.facets()).flatMap((f)=>f.functionSelectors);\nconst facetSelectorsOnArtifact = f.facets.flatMap((f)=>f.functionSelectors);\n(0, _chai.expect)(facetsSelectorsOnChain.length).to.equal(facetSelectorsOnArtifact.length);\n(0, _chai.expect)(facetsSelectorsOnChain).to.have.members(facetSelectorsOnArtifact);",
                  "err": {},
                  "uuid": "6eb5d57f-66cd-48b2-b1f0-b3d15a3add13",
                  "parentUUID": "63915d62-0594-4e2d-b31b-307e4004d10b",
                  "isHook": false,
                  "skipped": false
                }
              ],
              "suites": [],
              "passes": [
                "e6d58738-cc0f-411a-a379-d08fc56baf62",
                "1b8a7de6-19db-41ec-9642-91b6fc933a96",
                "6eb5d57f-66cd-48b2-b1f0-b3d15a3add13"
              ],
              "failures": [],
              "pending": [],
              "skipped": [],
              "duration": 242,
              "root": false,
              "rootEmpty": false,
              "_timeout": 30000
            }
          ],
          "passes": [],
          "failures": [],
          "pending": [],
          "skipped": [],
          "duration": 0,
          "root": false,
          "rootEmpty": false,
          "_timeout": 30000
        },
        {
          "uuid": "704fa348-0b27-447f-b486-d89db6817b47",
          "title": "Diamond",
          "fullFile": "/Users/panukettunen/Projects/kresko-protocol/src/test/diamond/01-ownership.ts",
          "file": "/src/test/diamond/01-ownership.ts",
          "beforeHooks": [
            {
              "title": "\"before each\" hook in \"Diamond\"",
              "fullTitle": "Diamond \"before each\" hook in \"Diamond\"",
              "timedOut": false,
              "duration": 1,
              "state": null,
              "speed": null,
              "pass": false,
              "fail": false,
              "pending": false,
              "context": null,
              "code": "await (0, _fixtures.diamondFixture)();",
              "err": {},
              "uuid": "5baddd0e-4b86-4740-ba81-905cf1611585",
              "parentUUID": "704fa348-0b27-447f-b486-d89db6817b47",
              "isHook": true,
              "skipped": false
            }
          ],
          "afterHooks": [],
          "tests": [],
          "suites": [
            {
              "uuid": "99984964-bf06-41e5-b965-1f70c8dc21a3",
              "title": "#ownership",
              "fullFile": "/Users/panukettunen/Projects/kresko-protocol/src/test/diamond/01-ownership.ts",
              "file": "/src/test/diamond/01-ownership.ts",
              "beforeHooks": [],
              "afterHooks": [],
              "tests": [
                {
                  "title": "sets correct owner",
                  "fullTitle": "Diamond #ownership sets correct owner",
                  "timedOut": false,
                  "duration": 35,
                  "state": "passed",
                  "speed": "fast",
                  "pass": true,
                  "fail": false,
                  "pending": false,
                  "context": null,
                  "code": "(0, _chai.expect)(await hre.Diamond.owner()).to.equal(hre.addr.deployer);",
                  "err": {},
                  "uuid": "ae2267c1-3422-4c24-87cf-4cd979de2e0d",
                  "parentUUID": "99984964-bf06-41e5-b965-1f70c8dc21a3",
                  "isHook": false,
                  "skipped": false
                },
                {
                  "title": "sets correct default admin role",
                  "fullTitle": "Diamond #ownership sets correct default admin role",
                  "timedOut": false,
                  "duration": 37,
                  "state": "passed",
                  "speed": "fast",
                  "pass": true,
                  "fail": false,
                  "pending": false,
                  "context": null,
                  "code": "(0, _chai.expect)(await hre.Diamond.hasRole(_roles.default.ADMIN, hre.addr.deployer)).to.equal(true);",
                  "err": {},
                  "uuid": "b954c7c6-4f7f-4314-8019-50c7ad51507d",
                  "parentUUID": "99984964-bf06-41e5-b965-1f70c8dc21a3",
                  "isHook": false,
                  "skipped": false
                },
                {
                  "title": "sets a new pending owner",
                  "fullTitle": "Diamond #ownership sets a new pending owner",
                  "timedOut": false,
                  "duration": 76,
                  "state": "passed",
                  "speed": "slow",
                  "pass": true,
                  "fail": false,
                  "pending": false,
                  "context": null,
                  "code": "const pendingOwner = hre.users.userOne;\nawait hre.Diamond.transferOwnership(pendingOwner.address);\n(0, _chai.expect)(await hre.Diamond.pendingOwner()).to.equal(pendingOwner.address);",
                  "err": {},
                  "uuid": "7b909731-5326-4094-bbb1-84d8547bb538",
                  "parentUUID": "99984964-bf06-41e5-b965-1f70c8dc21a3",
                  "isHook": false,
                  "skipped": false
                },
                {
                  "title": "sets the pending owner as new owner",
                  "fullTitle": "Diamond #ownership sets the pending owner as new owner",
                  "timedOut": false,
                  "duration": 133,
                  "state": "passed",
                  "speed": "slow",
                  "pass": true,
                  "fail": false,
                  "pending": false,
                  "context": null,
                  "code": "const pendingOwner = hre.users.userOne;\nawait hre.Diamond.transferOwnership(pendingOwner.address);\nawait (0, _general.wrapContractWithSigner)(hre.Diamond, pendingOwner).acceptOwnership();\n(0, _chai.expect)(await hre.Diamond.owner()).to.equal(pendingOwner.address);",
                  "err": {},
                  "uuid": "41305738-5f4b-45c4-b8ef-047a4bc3c950",
                  "parentUUID": "99984964-bf06-41e5-b965-1f70c8dc21a3",
                  "isHook": false,
                  "skipped": false
                }
              ],
              "suites": [],
              "passes": [
                "ae2267c1-3422-4c24-87cf-4cd979de2e0d",
                "b954c7c6-4f7f-4314-8019-50c7ad51507d",
                "7b909731-5326-4094-bbb1-84d8547bb538",
                "41305738-5f4b-45c4-b8ef-047a4bc3c950"
              ],
              "failures": [],
              "pending": [],
              "skipped": [],
              "duration": 281,
              "root": false,
              "rootEmpty": false,
              "_timeout": 30000
            }
          ],
          "passes": [],
          "failures": [],
          "pending": [],
          "skipped": [],
          "duration": 0,
          "root": false,
          "rootEmpty": false,
          "_timeout": 30000
        },
        {
          "uuid": "c33be9b8-d7de-44d4-868a-5e1dbc168a79",
          "title": "Diamond",
          "fullFile": "/Users/panukettunen/Projects/kresko-protocol/src/test/diamond/02-upgrades.ts",
          "file": "/src/test/diamond/02-upgrades.ts",
          "beforeHooks": [
            {
              "title": "\"before each\" hook in \"Diamond\"",
              "fullTitle": "Diamond \"before each\" hook in \"Diamond\"",
              "timedOut": false,
              "duration": 0,
              "state": null,
              "speed": null,
              "pass": false,
              "fail": false,
              "pending": false,
              "context": null,
              "code": "await (0, _fixtures.diamondFixture)();",
              "err": {},
              "uuid": "7250ccea-5a45-4303-858b-8253ac177abd",
              "parentUUID": "c33be9b8-d7de-44d4-868a-5e1dbc168a79",
              "isHook": true,
              "skipped": false
            }
          ],
          "afterHooks": [],
          "tests": [],
          "suites": [
            {
              "uuid": "a227096b-8572-4183-94a5-19505f6ba392",
              "title": "#upgrades",
              "fullFile": "/Users/panukettunen/Projects/kresko-protocol/src/test/diamond/02-upgrades.ts",
              "file": "/src/test/diamond/02-upgrades.ts",
              "beforeHooks": [],
              "afterHooks": [],
              "tests": [
                {
                  "title": "can add a new facet",
                  "fullTitle": "Diamond #upgrades can add a new facet",
                  "timedOut": false,
                  "duration": 424,
                  "state": "passed",
                  "speed": "slow",
                  "pass": true,
                  "fail": false,
                  "pending": false,
                  "context": null,
                  "code": "const Factory = await _smock.smock.mock(\"SmockFacet\");\nconst SmockFacet = await Factory.deploy();\nconst [SmockInitializer] = await hre.deploy(\"SmockInit\");\nconst signatures = hre.getSignatures([\n    ..._typechain.SmockFacet__factory.abi\n]);\nconst Cut = {\n    facetAddress: SmockFacet.address,\n    functionSelectors: signatures,\n    action: _types.FacetCutAction.Add\n};\nconst initData = await SmockInitializer.populateTransaction.initialize(hre.addr.userOne);\nawait hre.Diamond.diamondCut([\n    Cut\n], initData.to, initData.data);\nconst TEST_OPERATOR_ROLE = hre.ethers.utils.id(\"kresko.test.operator\");\nconst isTestOperator = await hre.Diamond.hasRole(TEST_OPERATOR_ROLE, hre.addr.userOne);\n// Succesfully added the new operator through the initialization contract\n(0, _chai.expect)(isTestOperator).to.equal(true);\nconst Facet = await hre.ethers.getContractAt([\n    ..._typechain.SmockFacet__factory.abi\n], hre.Diamond.address);\n// Ensure facet has it's own storage\nconst operatorFromNewStorage = await Facet.operator(); // Retrieved from SmockStorage\n(0, _chai.expect)(operatorFromNewStorage).to.equal(hre.addr.userOne);",
                  "err": {},
                  "uuid": "d78fea89-f501-4c8e-a8c4-5fabe7af88ac",
                  "parentUUID": "a227096b-8572-4183-94a5-19505f6ba392",
                  "isHook": false,
                  "skipped": false
                },
                {
                  "title": "can remove a facet",
                  "fullTitle": "Diamond #upgrades can remove a facet",
                  "timedOut": false,
                  "duration": 585,
                  "state": "passed",
                  "speed": "slow",
                  "pass": true,
                  "fail": false,
                  "pending": false,
                  "context": null,
                  "code": "const NewFacet = await (0, _addfacet.addFacet)({\n    name: \"SmockFacet\",\n    initializerName: \"SmockInit\",\n    initializerArgs: hre.addr.userOne\n});\nconst facetsBefore = await hre.Diamond.facets();\n(0, _chai.expect)(facetsBefore.filter((f)=>f.facetAddress === NewFacet.address).length).to.equal(1);\nawait (0, _removefacet.removeFacet)({\n    name: \"SmockFacet\"\n});\nconst facetsAfter = await hre.Diamond.facets();\n(0, _chai.expect)(facetsBefore.length - facetsAfter.length).to.equal(1);\n(0, _chai.expect)(facetsAfter).to.not.deep.contain(NewFacet.address);",
                  "err": {},
                  "uuid": "37de20c9-da20-41e5-930e-2990e2b4eb32",
                  "parentUUID": "a227096b-8572-4183-94a5-19505f6ba392",
                  "isHook": false,
                  "skipped": false
                },
                {
                  "title": "can remove a function",
                  "fullTitle": "Diamond #upgrades can remove a function",
                  "timedOut": false,
                  "duration": 165,
                  "state": "passed",
                  "speed": "slow",
                  "pass": true,
                  "fail": false,
                  "pending": false,
                  "context": null,
                  "code": "// Delete acceptOwnership from DiamondOwnershipFacet\n// Check there is no pending owner\nlet pendingOwner = await hre.Diamond.pendingOwner();\n(0, _chai.expect)(pendingOwner).to.equal(hre.ethers.constants.AddressZero);\n// Transfer to eg. wrong address\nconst wrongOwner = hre.addr.nonadmin;\nawait hre.Diamond.transferOwnership(wrongOwner);\n// Ensure\npendingOwner = await hre.Diamond.pendingOwner();\n(0, _chai.expect)(pendingOwner).to.equal(wrongOwner);\n// Fragment and signature for acceptOwnersip\nconst functionFragment = hre.Diamond.interface.functions[\"acceptOwnership()\"];\nconst signature = hre.ethers.utils.Interface.getSighash(functionFragment);\nconst facetAddress = await hre.Diamond.facetAddress(signature);\nconst functions = await hre.Diamond.facetFunctionSelectors(facetAddress);\nconst Cut = {\n    facetAddress: hre.ethers.constants.AddressZero,\n    action: _types.FacetCutAction.Remove,\n    functionSelectors: [\n        signature\n    ]\n};\n// We will set a correct owner with delegatecall into the Diamond itself with the cut transaction\nconst correctOwner = hre.addr.userOne;\nconst initData = await hre.Diamond.populateTransaction.transferOwnership(correctOwner);\nconst tx = await hre.Diamond.diamondCut([\n    Cut\n], initData.to, initData.data);\nawait tx.wait();\n// Ensure rest of the functions remain\nconst functionsAfterCut = await hre.Diamond.facetFunctionSelectors(facetAddress);\n(0, _chai.expect)(functionsAfterCut.length).to.equal(functions.length - 1);\n// Ensure delegatecall did set the correct pending owner with the cut\nconst contract = await hre.ethers.getContractAt(\"AuthEvent\", hre.Diamond.address);\nconst filter = contract.filters.PendingOwnershipTransfer(hre.addr.deployer, correctOwner);\nconst [event] = await contract.queryFilter(filter);\nconst { previousOwner, newOwner } = event.args;\n(0, _chai.expect)(previousOwner).to.equal(hre.addr.deployer);\n(0, _chai.expect)(newOwner).to.equal(correctOwner);\n// Ensure there is no function to accept the ownership\nawait (0, _chai.expect)((0, _general.wrapContractWithSigner)(hre.Diamond, hre.users.nonadmin).acceptOwnership()).to.be.reverted;",
                  "err": {},
                  "uuid": "974d46d7-14cd-4767-9e08-d20ad27bcc45",
                  "parentUUID": "a227096b-8572-4183-94a5-19505f6ba392",
                  "isHook": false,
                  "skipped": false
                },
                {
                  "title": "can replace a function",
                  "fullTitle": "Diamond #upgrades can replace a function",
                  "timedOut": false,
                  "duration": 232,
                  "state": "passed",
                  "speed": "slow",
                  "pass": true,
                  "fail": false,
                  "pending": false,
                  "context": null,
                  "code": "// Same as above but instead replace the function\n// Check there is no pending owner\nlet pendingOwner = await hre.Diamond.pendingOwner();\n(0, _chai.expect)(pendingOwner).to.equal(hre.ethers.constants.AddressZero);\n// Transfer to eg. wrong address\nconst wrongOwner = hre.addr.nonadmin;\nawait hre.Diamond.transferOwnership(wrongOwner);\n// Ensure\npendingOwner = await hre.Diamond.pendingOwner();\n(0, _chai.expect)(pendingOwner).to.equal(wrongOwner);\n// Fragment and signature for acceptOwnersip\nconst functionFragment = hre.Diamond.interface.functions[\"acceptOwnership()\"];\nconst signature = hre.ethers.utils.Interface.getSighash(functionFragment);\nconst OldOwnershipFacet = await hre.Diamond.facetAddress(signature);\nconst [NewOwnershipFacet, allOwnershipFacetSignatures] = await hre.deploy(\"DiamondOwnershipFacet\", {\n    deploymentName: \"DiamondOwnershipFacet2\"\n});\n// Only replace a single function, we could replace all of them\nconst Cut = {\n    facetAddress: NewOwnershipFacet.address,\n    action: _types.FacetCutAction.Replace,\n    functionSelectors: [\n        signature\n    ]\n};\n// We will set a correct owner with delegatecall into the Diamond itself with the cut transaction\nconst correctOwner = hre.addr.userOne;\nconst initData = await hre.Diamond.populateTransaction.transferOwnership(correctOwner);\nconst tx = await hre.Diamond.diamondCut([\n    Cut\n], initData.to, initData.data);\nawait tx.wait();\n// Ensure function exists and revert is for invalid address instead of missing function\nawait (0, _chai.expect)((0, _general.wrapContractWithSigner)(hre.Diamond, hre.users.nonadmin).acceptOwnership()).to.be.reverted;\n// Ensure one function is contained in the new facet\nconst functionsNewFacet = await hre.Diamond.facetFunctionSelectors(NewOwnershipFacet.address);\n(0, _chai.expect)(functionsNewFacet.length).to.equal(1);\n(0, _chai.expect)(functionsNewFacet).to.have.members([\n    signature\n]);\n// Ensure rest are in the previous one\nconst functionsOldFacet = await hre.Diamond.facetFunctionSelectors(OldOwnershipFacet);\n(0, _chai.expect)(functionsOldFacet).to.not.have.members([\n    signature\n]);\n(0, _chai.expect)(functionsOldFacet.length).to.equal(allOwnershipFacetSignatures.length - 1);\n// Ensure correct owner can now accept the ownership\n(0, _chai.expect)((0, _general.wrapContractWithSigner)(hre.Diamond, hre.users.userOne).acceptOwnership());\nconst currentOwner = await hre.Diamond.owner();\n(0, _chai.expect)(currentOwner).to.equal(correctOwner);",
                  "err": {},
                  "uuid": "1ab12f74-1652-4e6a-bc19-e47810431aac",
                  "parentUUID": "a227096b-8572-4183-94a5-19505f6ba392",
                  "isHook": false,
                  "skipped": false
                },
                {
                  "title": "can upgrade state",
                  "fullTitle": "Diamond #upgrades can upgrade state",
                  "timedOut": false,
                  "duration": 318,
                  "state": "passed",
                  "speed": "slow",
                  "pass": true,
                  "fail": false,
                  "pending": false,
                  "context": null,
                  "code": "(0, _chai.expect)(await hre.Diamond.initialized()).to.equal(true);\nconst Factory = await _smock.smock.mock(\"SmockInit\");\nconst SmockInit = await Factory.deploy();\nconst tx = await SmockInit.populateTransaction.upgradeState();\nawait hre.Diamond.upgradeState(tx.to, tx.data);\n(0, _chai.expect)(await hre.Diamond.initialized()).to.equal(false);",
                  "err": {},
                  "uuid": "7bf6bd89-20cf-4ede-9de8-ed5064e1a8ce",
                  "parentUUID": "a227096b-8572-4183-94a5-19505f6ba392",
                  "isHook": false,
                  "skipped": false
                },
                {
                  "title": "can preserve old state when extending storage layout",
                  "fullTitle": "Diamond #upgrades can preserve old state when extending storage layout",
                  "timedOut": false,
                  "duration": 650,
                  "state": "passed",
                  "speed": "slow",
                  "pass": true,
                  "fail": false,
                  "pending": false,
                  "context": null,
                  "code": "(0, _chai.expect)(await hre.Diamond.initialized()).to.equal(true);\n// Add the first facet\nconst Factory = await _smock.smock.mock(\"SmockFacet\");\nconst SmockFacet = await Factory.deploy();\nconst [SmockInitializer] = await hre.deploy(\"SmockInit\");\nconst signatures = hre.getSignatures([\n    ..._typechain.SmockFacet__factory.abi\n]);\nconst Cut = {\n    facetAddress: SmockFacet.address,\n    functionSelectors: signatures,\n    action: _types.FacetCutAction.Add\n};\nconst initData = await SmockInitializer.populateTransaction.initialize(hre.addr.userOne);\nawait hre.Diamond.diamondCut([\n    Cut\n], initData.to, initData.data);\nconst Diamond = await hre.ethers.getContractAt(\"SmockFacet\", hre.Diamond.address);\nconst isInitialized = await Diamond.smockInitialized();\n(0, _chai.expect)(isInitialized).to.equal(true);\n// Add facet with extended state\n// Add the first facet\nconst Factory2 = await _smock.smock.mock(\"SmockFacet2\");\nconst SmockFacet2 = await Factory2.deploy();\nconst signatures2 = hre.getSignatures([\n    ..._typechain.SmockFacet2__factory.abi\n]);\nconst Cut2 = {\n    facetAddress: SmockFacet2.address,\n    functionSelectors: signatures2,\n    action: _types.FacetCutAction.Add\n};\n// Initializer only sets the new extended value, does not touch old storage\nconst initData2 = await SmockFacet2.populateTransaction.initialize();\nawait hre.Diamond.diamondCut([\n    Cut2\n], initData2.to, initData2.data);\n// Here we have appended the storage layout with the `extended` bool property.\nconst DiamondExtended = await hre.ethers.getContractAt(\"SmockFacet2\", hre.Diamond.address);\nconst initializedAfterExtend = await DiamondExtended.getOldStructValueFromExtended();\nconst extendedValue = await DiamondExtended.getNewStructValueFromExtended();\n// Old values remain\n(0, _chai.expect)(initializedAfterExtend).to.equal(true);\n// And we get new ones\n(0, _chai.expect)(extendedValue).to.equal(true);",
                  "err": {},
                  "uuid": "c4d38e8d-6226-4c68-9a6c-b949f6c76ab7",
                  "parentUUID": "a227096b-8572-4183-94a5-19505f6ba392",
                  "isHook": false,
                  "skipped": false
                }
              ],
              "suites": [],
              "passes": [
                "d78fea89-f501-4c8e-a8c4-5fabe7af88ac",
                "37de20c9-da20-41e5-930e-2990e2b4eb32",
                "974d46d7-14cd-4767-9e08-d20ad27bcc45",
                "1ab12f74-1652-4e6a-bc19-e47810431aac",
                "7bf6bd89-20cf-4ede-9de8-ed5064e1a8ce",
                "c4d38e8d-6226-4c68-9a6c-b949f6c76ab7"
              ],
              "failures": [],
              "pending": [],
              "skipped": [],
              "duration": 2374,
              "root": false,
              "rootEmpty": false,
              "_timeout": 30000
            }
          ],
          "passes": [],
          "failures": [],
          "pending": [],
          "skipped": [],
          "duration": 0,
          "root": false,
          "rootEmpty": false,
          "_timeout": 30000
        },
        {
          "uuid": "3e4cf1eb-fca3-444b-9c59-5e1d160bf8c1",
          "title": "Diamond",
          "fullFile": "/Users/panukettunen/Projects/kresko-protocol/src/test/diamond/03-protocol.ts",
          "file": "/src/test/diamond/03-protocol.ts",
          "beforeHooks": [
            {
              "title": "\"before each\" hook in \"Diamond\"",
              "fullTitle": "Diamond \"before each\" hook in \"Diamond\"",
              "timedOut": false,
              "duration": 0,
              "state": null,
              "speed": null,
              "pass": false,
              "fail": false,
              "pending": false,
              "context": null,
              "code": "await (0, _fixtures.defaultFixture)();",
              "err": {},
              "uuid": "c09c0feb-5601-478e-a3a3-a75bdb81a1fb",
              "parentUUID": "3e4cf1eb-fca3-444b-9c59-5e1d160bf8c1",
              "isHook": true,
              "skipped": false
            }
          ],
          "afterHooks": [],
          "tests": [],
          "suites": [
            {
              "uuid": "748f4682-48de-4414-b3bb-243132b0b74d",
              "title": "#protocol initialization",
              "fullFile": "/Users/panukettunen/Projects/kresko-protocol/src/test/diamond/03-protocol.ts",
              "file": "/src/test/diamond/03-protocol.ts",
              "beforeHooks": [],
              "afterHooks": [],
              "tests": [
                {
                  "title": "initialized all facets",
                  "fullTitle": "Diamond #protocol initialization initialized all facets",
                  "timedOut": false,
                  "duration": 79,
                  "state": "passed",
                  "speed": "slow",
                  "pass": true,
                  "fail": false,
                  "pending": false,
                  "context": null,
                  "code": "const facetsOnChain = (await hre.Diamond.facets()).map(([facetAddress, functionSelectors])=>({\n        facetAddress,\n        functionSelectors\n    }));\nconst expectedFacets = await Promise.all([\n    ..._shared.minterFacets,\n    ..._shared.diamondFacets,\n    ..._shared.scdpFacets,\n    ..._shared.commonFacets\n].map(async (name)=>{\n    const deployment = await hre.deployments.get(name);\n    return {\n        facetAddress: deployment.address,\n        functionSelectors: facetsOnChain.find((f)=>f.facetAddress === deployment.address).functionSelectors\n    };\n}));\n(0, _chai.expect)(facetsOnChain).to.have.deep.members(expectedFacets);",
                  "err": {},
                  "uuid": "7231c873-833a-4596-9175-c68217e5d4b7",
                  "parentUUID": "748f4682-48de-4414-b3bb-243132b0b74d",
                  "isHook": false,
                  "skipped": false
                },
                {
                  "title": "initialized correct state",
                  "fullTitle": "Diamond #protocol initialization initialized correct state",
                  "timedOut": false,
                  "duration": 276,
                  "state": "passed",
                  "speed": "slow",
                  "pass": true,
                  "fail": false,
                  "pending": false,
                  "context": null,
                  "code": "(0, _chai.expect)(await hre.Diamond.getStorageVersion()).to.equal(4);\nconst { args } = await (0, _shared.getCommonInitializer)(hre);\nconst { args: minterArgs } = await (0, _shared.getMinterInitializer)(hre);\nconst { args: scdpArgs } = await (0, _shared.getSCDPInitializer)(hre);\n(0, _chai.expect)(await hre.Diamond.hasRole(_roles.Role.ADMIN, args.admin)).to.equal(true);\n(0, _chai.expect)(await hre.Diamond.hasRole(_roles.Role.SAFETY_COUNCIL, hre.Multisig.address)).to.equal(true);\n(0, _chai.expect)(await hre.Diamond.getFeeRecipient()).to.equal(args.treasury);\n(0, _chai.expect)(await hre.Diamond.getMinCollateralRatio()).to.equal(minterArgs.minCollateralRatio);\nconst scdpParams = await hre.Diamond.getCurrentParametersSCDP();\n(0, _chai.expect)(scdpParams.minCollateralRatio).to.equal(scdpArgs.minCollateralRatio);\n(0, _chai.expect)(scdpParams.liquidationThreshold).to.equal(scdpArgs.liquidationThreshold);\n(0, _chai.expect)(scdpParams.swapFeeRecipient).to.equal(scdpArgs.swapFeeRecipient);\n(0, _chai.expect)(await hre.Diamond.getMinDebtValue()).to.equal(args.minDebtValue);\n(0, _chai.expect)(await hre.Diamond.getOracleDeviationPct()).to.equal(args.oracleDeviationPct);",
                  "err": {},
                  "uuid": "bd683bd9-74c8-4156-8d80-be08d6d38efa",
                  "parentUUID": "748f4682-48de-4414-b3bb-243132b0b74d",
                  "isHook": false,
                  "skipped": false
                }
              ],
              "suites": [],
              "passes": [
                "7231c873-833a-4596-9175-c68217e5d4b7",
                "bd683bd9-74c8-4156-8d80-be08d6d38efa"
              ],
              "failures": [],
              "pending": [],
              "skipped": [],
              "duration": 355,
              "root": false,
              "rootEmpty": false,
              "_timeout": 30000
            }
          ],
          "passes": [],
          "failures": [],
          "pending": [],
          "skipped": [],
          "duration": 0,
          "root": false,
          "rootEmpty": false,
          "_timeout": 30000
        },
        {
          "uuid": "90ed0933-9dd6-4f01-a425-4a26e69f1d3e",
          "title": "Forking",
          "fullFile": "/Users/panukettunen/Projects/kresko-protocol/src/test/forking/00-setup.ts",
          "file": "/src/test/forking/00-setup.ts",
          "beforeHooks": [],
          "afterHooks": [],
          "tests": [],
          "suites": [
            {
              "uuid": "34a93691-885d-4bb4-981a-9082eb8354e6",
              "title": "#setup",
              "fullFile": "/Users/panukettunen/Projects/kresko-protocol/src/test/forking/00-setup.ts",
              "file": "/src/test/forking/00-setup.ts",
              "beforeHooks": [],
              "afterHooks": [],
              "tests": [
                {
                  "title": "should get Kresko from the companion network locally",
                  "fullTitle": "Forking #setup should get Kresko from the companion network locally",
                  "timedOut": false,
                  "duration": 0,
                  "state": "pending",
                  "speed": null,
                  "pass": false,
                  "fail": false,
                  "pending": true,
                  "context": null,
                  "code": "",
                  "err": {},
                  "uuid": "5882cc84-97cd-4d28-b04c-854e5d35371c",
                  "parentUUID": "34a93691-885d-4bb4-981a-9082eb8354e6",
                  "isHook": false,
                  "skipped": false
                }
              ],
              "suites": [],
              "passes": [],
              "failures": [],
              "pending": [
                "5882cc84-97cd-4d28-b04c-854e5d35371c"
              ],
              "skipped": [],
              "duration": 0,
              "root": false,
              "rootEmpty": false,
              "_timeout": 30000
            },
            {
              "uuid": "98c3521c-fbf2-460f-afe4-9e47977d392e",
              "title": "#rate-upgrade-11-04-2023",
              "fullFile": "/Users/panukettunen/Projects/kresko-protocol/src/test/forking/00-setup.ts",
              "file": "/src/test/forking/00-setup.ts",
              "beforeHooks": [],
              "afterHooks": [],
              "tests": [
                {
                  "title": "should be able to deploy facets",
                  "fullTitle": "Forking #rate-upgrade-11-04-2023 should be able to deploy facets",
                  "timedOut": false,
                  "duration": 0,
                  "state": "pending",
                  "speed": null,
                  "pass": false,
                  "fail": false,
                  "pending": true,
                  "context": null,
                  "code": "",
                  "err": {},
                  "uuid": "b09740bb-fd7c-43d8-bbe9-02f4cc42a7db",
                  "parentUUID": "98c3521c-fbf2-460f-afe4-9e47977d392e",
                  "isHook": false,
                  "skipped": false
                }
              ],
              "suites": [],
              "passes": [],
              "failures": [],
              "pending": [
                "b09740bb-fd7c-43d8-bbe9-02f4cc42a7db"
              ],
              "skipped": [],
              "duration": 0,
              "root": false,
              "rootEmpty": false,
              "_timeout": 30000
            },
            {
              "uuid": "43894157-c790-4746-a924-681468adedb5",
              "title": "#facet-upgrade-16-05-2023",
              "fullFile": "/Users/panukettunen/Projects/kresko-protocol/src/test/forking/00-setup.ts",
              "file": "/src/test/forking/00-setup.ts",
              "beforeHooks": [],
              "afterHooks": [],
              "tests": [
                {
                  "title": "works",
                  "fullTitle": "Forking #facet-upgrade-16-05-2023 works",
                  "timedOut": false,
                  "duration": 0,
                  "state": "pending",
                  "speed": null,
                  "pass": false,
                  "fail": false,
                  "pending": true,
                  "context": null,
                  "code": "",
                  "err": {},
                  "uuid": "d69bf581-a18f-4563-8ee9-72fae6d37115",
                  "parentUUID": "43894157-c790-4746-a924-681468adedb5",
                  "isHook": false,
                  "skipped": false
                }
              ],
              "suites": [],
              "passes": [],
              "failures": [],
              "pending": [
                "d69bf581-a18f-4563-8ee9-72fae6d37115"
              ],
              "skipped": [],
              "duration": 0,
              "root": false,
              "rootEmpty": false,
              "_timeout": 30000
            }
          ],
          "passes": [],
          "failures": [],
          "pending": [],
          "skipped": [],
          "duration": 0,
          "root": false,
          "rootEmpty": false,
          "_timeout": 30000
        },
        {
          "uuid": "5fb736c2-5749-4140-8460-70d59ce10d51",
          "title": "KreskoAsset",
          "fullFile": "/Users/panukettunen/Projects/kresko-protocol/src/test/krasset/00-init.ts",
          "file": "/src/test/krasset/00-init.ts",
          "beforeHooks": [],
          "afterHooks": [],
          "tests": [],
          "suites": [
            {
              "uuid": "2da4c0a1-d70c-41e9-b751-23455c65fdd8",
              "title": "#initialization - anchor",
              "fullFile": "/Users/panukettunen/Projects/kresko-protocol/src/test/krasset/00-init.ts",
              "file": "/src/test/krasset/00-init.ts",
              "beforeHooks": [
                {
                  "title": "\"before each\" hook in \"#initialization - anchor\"",
                  "fullTitle": "KreskoAsset #initialization - anchor \"before each\" hook in \"#initialization - anchor\"",
                  "timedOut": false,
                  "duration": 12,
                  "state": null,
                  "speed": null,
                  "pass": false,
                  "fail": false,
                  "pending": false,
                  "context": null,
                  "code": "f = await (0, _fixtures.kreskoAssetFixture)({\n    name,\n    symbol\n});\nconsole.debug({\n    symbol: await f.KreskoAsset.symbol(),\n    name: await f.KreskoAsset.name(),\n    anchorSymbol: await f.KreskoAssetAnchor.symbol(),\n    anchorName: await f.KreskoAssetAnchor.name()\n});",
                  "err": {},
                  "uuid": "6602b863-1348-47d3-9a41-a4b6b0b24e77",
                  "parentUUID": "2da4c0a1-d70c-41e9-b751-23455c65fdd8",
                  "isHook": true,
                  "skipped": false
                }
              ],
              "afterHooks": [],
              "tests": [
                {
                  "title": "cant initialize twice",
                  "fullTitle": "KreskoAsset #initialization - anchor cant initialize twice",
                  "timedOut": false,
                  "duration": 9,
                  "state": "passed",
                  "speed": "fast",
                  "pass": true,
                  "fail": false,
                  "pending": false,
                  "context": null,
                  "code": "await (0, _chai.expect)(f.KreskoAsset.initialize(name, symbol, 18, hre.addr.deployer, hre.Diamond.address)).to.be.reverted;",
                  "err": {},
                  "uuid": "d76ad914-f3a8-4c37-9572-06ac3b2f1ce0",
                  "parentUUID": "2da4c0a1-d70c-41e9-b751-23455c65fdd8",
                  "isHook": false,
                  "skipped": false
                },
                {
                  "title": "cant initialize implementation",
                  "fullTitle": "KreskoAsset #initialization - anchor cant initialize implementation",
                  "timedOut": false,
                  "duration": 0,
                  "state": "pending",
                  "speed": null,
                  "pass": false,
                  "fail": false,
                  "pending": true,
                  "context": null,
                  "code": "",
                  "err": {},
                  "uuid": "11d8882f-9113-47a7-a9d3-70cf8033fec3",
                  "parentUUID": "2da4c0a1-d70c-41e9-b751-23455c65fdd8",
                  "isHook": false,
                  "skipped": false
                },
                {
                  "title": "sets correct state",
                  "fullTitle": "KreskoAsset #initialization - anchor sets correct state",
                  "timedOut": false,
                  "duration": 26,
                  "state": "passed",
                  "speed": "fast",
                  "pass": true,
                  "fail": false,
                  "pending": false,
                  "context": null,
                  "code": "(0, _chai.expect)(await f.KreskoAsset.name()).to.equal(name);\n(0, _chai.expect)(await f.KreskoAsset.symbol()).to.equal(symbol);\n(0, _chai.expect)(await f.KreskoAsset.kresko()).to.equal(hre.Diamond.address);\n(0, _chai.expect)(await f.KreskoAsset.hasRole(_roles.default.ADMIN, hre.addr.deployer)).to.equal(true);\n(0, _chai.expect)(await f.KreskoAsset.hasRole(_roles.default.OPERATOR, hre.Diamond.address)).to.equal(true);\n(0, _chai.expect)(await f.KreskoAsset.totalSupply()).to.equal(0);\n(0, _chai.expect)(await f.KreskoAsset.isRebased()).to.equal(false);\nconst rebaseInfo = await f.KreskoAsset.rebaseInfo();\n(0, _chai.expect)(rebaseInfo.denominator).to.equal(0);\n(0, _chai.expect)(rebaseInfo.positive).to.equal(false);",
                  "err": {},
                  "uuid": "df75d66d-db6a-42c9-ac93-7d05be6e4703",
                  "parentUUID": "2da4c0a1-d70c-41e9-b751-23455c65fdd8",
                  "isHook": false,
                  "skipped": false
                },
                {
                  "title": "can reinitialize metadata",
                  "fullTitle": "KreskoAsset #initialization - anchor can reinitialize metadata",
                  "timedOut": false,
                  "duration": 16,
                  "state": "passed",
                  "speed": "fast",
                  "pass": true,
                  "fail": false,
                  "pending": false,
                  "context": null,
                  "code": "const newName = \"foo\";\nconst newSymbol = \"bar\";\nawait (0, _chai.expect)(f.KreskoAsset.reinitializeERC20(newName, newSymbol, 2)).to.not.be.reverted;\n(0, _chai.expect)(await f.KreskoAsset.name()).to.equal(newName);\n(0, _chai.expect)(await f.KreskoAsset.symbol()).to.equal(newSymbol);",
                  "err": {},
                  "uuid": "3b8a71d9-14f2-4801-8811-f3288283e67c",
                  "parentUUID": "2da4c0a1-d70c-41e9-b751-23455c65fdd8",
                  "isHook": false,
                  "skipped": false
                }
              ],
              "suites": [],
              "passes": [
                "d76ad914-f3a8-4c37-9572-06ac3b2f1ce0",
                "df75d66d-db6a-42c9-ac93-7d05be6e4703",
                "3b8a71d9-14f2-4801-8811-f3288283e67c"
              ],
              "failures": [],
              "pending": [
                "11d8882f-9113-47a7-a9d3-70cf8033fec3"
              ],
              "skipped": [],
              "duration": 51,
              "root": false,
              "rootEmpty": false,
              "_timeout": 30000
            },
            {
              "uuid": "26a30d7a-1c58-4971-9324-290a9f57f3fc",
              "title": "#initialization - wrapped",
              "fullFile": "/Users/panukettunen/Projects/kresko-protocol/src/test/krasset/00-init.ts",
              "file": "/src/test/krasset/00-init.ts",
              "beforeHooks": [],
              "afterHooks": [],
              "tests": [
                {
                  "title": "cant initialize twice",
                  "fullTitle": "KreskoAsset #initialization - wrapped cant initialize twice",
                  "timedOut": false,
                  "duration": 7,
                  "state": "passed",
                  "speed": "fast",
                  "pass": true,
                  "fail": false,
                  "pending": false,
                  "context": null,
                  "code": "await (0, _chai.expect)(f.KreskoAssetAnchor.initialize(f.KreskoAsset.address, name, symbol, hre.addr.deployer)).to.be.reverted;",
                  "err": {},
                  "uuid": "a349b274-d5d6-413b-896f-a16fde630392",
                  "parentUUID": "26a30d7a-1c58-4971-9324-290a9f57f3fc",
                  "isHook": false,
                  "skipped": false
                },
                {
                  "title": "sets correct state",
                  "fullTitle": "KreskoAsset #initialization - wrapped sets correct state",
                  "timedOut": false,
                  "duration": 33,
                  "state": "passed",
                  "speed": "fast",
                  "pass": true,
                  "fail": false,
                  "pending": false,
                  "context": null,
                  "code": "(0, _chai.expect)(await f.KreskoAssetAnchor.name()).to.equal(anchorName);\n(0, _chai.expect)(await f.KreskoAssetAnchor.symbol()).to.equal(anchorSymbol);\n(0, _chai.expect)(await f.KreskoAssetAnchor.asset()).to.equal(f.KreskoAsset.address);\n(0, _chai.expect)(await f.KreskoAssetAnchor.hasRole(_roles.default.ADMIN, hre.addr.deployer)).to.equal(true);\n(0, _chai.expect)(await f.KreskoAssetAnchor.hasRole(_roles.default.OPERATOR, hre.Diamond.address)).to.equal(true);\n(0, _chai.expect)(await f.KreskoAssetAnchor.totalSupply()).to.equal(0);\n(0, _chai.expect)(await f.KreskoAssetAnchor.totalAssets()).to.equal(await f.KreskoAsset.totalSupply());\nconst rebaseInfo = await f.KreskoAsset.rebaseInfo();\n(0, _chai.expect)(rebaseInfo.denominator).to.equal(0);\n(0, _chai.expect)(rebaseInfo.positive).to.equal(false);",
                  "err": {},
                  "uuid": "5778223c-8be8-4ba6-a26c-555bc0c2dfa5",
                  "parentUUID": "26a30d7a-1c58-4971-9324-290a9f57f3fc",
                  "isHook": false,
                  "skipped": false
                },
                {
                  "title": "cant initialize implementation",
                  "fullTitle": "KreskoAsset #initialization - wrapped cant initialize implementation",
                  "timedOut": false,
                  "duration": 0,
                  "state": "pending",
                  "speed": null,
                  "pass": false,
                  "fail": false,
                  "pending": true,
                  "context": null,
                  "code": "",
                  "err": {},
                  "uuid": "614e2105-ee7b-435b-a212-798caae28004",
                  "parentUUID": "26a30d7a-1c58-4971-9324-290a9f57f3fc",
                  "isHook": false,
                  "skipped": false
                },
                {
                  "title": "can reinitialize metadata",
                  "fullTitle": "KreskoAsset #initialization - wrapped can reinitialize metadata",
                  "timedOut": false,
                  "duration": 25,
                  "state": "passed",
                  "speed": "fast",
                  "pass": true,
                  "fail": false,
                  "pending": false,
                  "context": null,
                  "code": "const newName = \"foo\";\nconst newSymbol = \"bar\";\nawait (0, _chai.expect)(f.KreskoAssetAnchor.reinitializeERC20(newName, newSymbol, 2)).to.not.be.reverted;\n(0, _chai.expect)(await f.KreskoAssetAnchor.name()).to.equal(newName);\n(0, _chai.expect)(await f.KreskoAssetAnchor.symbol()).to.equal(newSymbol);\nawait f.KreskoAssetAnchor.reinitializeERC20(name, symbol, 3);",
                  "err": {},
                  "uuid": "f0270a27-08c3-41bf-9946-8e059cbe9f88",
                  "parentUUID": "26a30d7a-1c58-4971-9324-290a9f57f3fc",
                  "isHook": false,
                  "skipped": false
                }
              ],
              "suites": [],
              "passes": [
                "a349b274-d5d6-413b-896f-a16fde630392",
                "5778223c-8be8-4ba6-a26c-555bc0c2dfa5",
                "f0270a27-08c3-41bf-9946-8e059cbe9f88"
              ],
              "failures": [],
              "pending": [
                "614e2105-ee7b-435b-a212-798caae28004"
              ],
              "skipped": [],
              "duration": 65,
              "root": false,
              "rootEmpty": false,
              "_timeout": 30000
            }
          ],
          "passes": [],
          "failures": [],
          "pending": [],
          "skipped": [],
          "duration": 0,
          "root": false,
          "rootEmpty": false,
          "_timeout": 30000
        },
        {
          "uuid": "6f78c633-232f-4882-9bcb-255adfee1aef",
          "title": "KreskoAsset",
          "fullFile": "/Users/panukettunen/Projects/kresko-protocol/src/test/krasset/01-erc20.ts",
          "file": "/src/test/krasset/01-erc20.ts",
          "beforeHooks": [
            {
              "title": "\"before each\" hook in \"KreskoAsset\"",
              "fullTitle": "KreskoAsset \"before each\" hook in \"KreskoAsset\"",
              "timedOut": false,
              "duration": 6,
              "state": null,
              "speed": null,
              "pass": false,
              "fail": false,
              "pending": false,
              "context": null,
              "code": "({ KreskoAsset } = await (0, _fixtures.kreskoAssetFixture)({\n    name: \"Ether\",\n    symbol: \"krETH\"\n}));\nthis.owner = hre.users.deployer;\nthis.mintAmount = 125;\nawait KreskoAsset.grantRole(_roles.default.OPERATOR, this.owner.address);",
              "err": {},
              "uuid": "3cee465f-476e-4b7f-bfd2-ae2db6eb402e",
              "parentUUID": "6f78c633-232f-4882-9bcb-255adfee1aef",
              "isHook": true,
              "skipped": false
            }
          ],
          "afterHooks": [],
          "tests": [],
          "suites": [
            {
              "uuid": "613b5fca-3a42-4144-917f-43777b72714d",
              "title": "#mint",
              "fullFile": "/Users/panukettunen/Projects/kresko-protocol/src/test/krasset/01-erc20.ts",
              "file": "/src/test/krasset/01-erc20.ts",
              "beforeHooks": [],
              "afterHooks": [],
              "tests": [
                {
                  "title": "should allow the owner to mint to their own address",
                  "fullTitle": "KreskoAsset #mint should allow the owner to mint to their own address",
                  "timedOut": false,
                  "duration": 21,
                  "state": "passed",
                  "speed": "fast",
                  "pass": true,
                  "fail": false,
                  "pending": false,
                  "context": null,
                  "code": "(0, _chai.expect)(await KreskoAsset.totalSupply()).to.equal(0);\n(0, _chai.expect)(await KreskoAsset.balanceOf(this.owner.address)).to.equal(0);\nawait KreskoAsset.connect(this.owner).mint(this.owner.address, this.mintAmount);\n// Check total supply and owner's balances increased\n(0, _chai.expect)(await KreskoAsset.totalSupply()).to.equal(this.mintAmount);\n(0, _chai.expect)(await KreskoAsset.balanceOf(this.owner.address)).to.equal(this.mintAmount);",
                  "err": {},
                  "uuid": "e5e58be8-fc4f-459f-b101-0ec50ada89fc",
                  "parentUUID": "613b5fca-3a42-4144-917f-43777b72714d",
                  "isHook": false,
                  "skipped": false
                },
                {
                  "title": "should allow the asset owner to mint to another address",
                  "fullTitle": "KreskoAsset #mint should allow the asset owner to mint to another address",
                  "timedOut": false,
                  "duration": 22,
                  "state": "passed",
                  "speed": "fast",
                  "pass": true,
                  "fail": false,
                  "pending": false,
                  "context": null,
                  "code": "(0, _chai.expect)(await KreskoAsset.totalSupply()).to.equal(0);\n(0, _chai.expect)(await KreskoAsset.balanceOf(hre.users.userOne.address)).to.equal(0);\nawait KreskoAsset.connect(this.owner).mint(hre.users.userOne.address, this.mintAmount);\n// Check total supply and user's balances increased\n(0, _chai.expect)(await KreskoAsset.totalSupply()).to.equal(this.mintAmount);\n(0, _chai.expect)(await KreskoAsset.balanceOf(hre.users.userOne.address)).to.equal(this.mintAmount);",
                  "err": {},
                  "uuid": "945dbf5a-d745-4c87-bb89-2e2688d370b0",
                  "parentUUID": "613b5fca-3a42-4144-917f-43777b72714d",
                  "isHook": false,
                  "skipped": false
                },
                {
                  "title": "should not allow non-owner addresses to mint tokens",
                  "fullTitle": "KreskoAsset #mint should not allow non-owner addresses to mint tokens",
                  "timedOut": false,
                  "duration": 42,
                  "state": "passed",
                  "speed": "medium",
                  "pass": true,
                  "fail": false,
                  "pending": false,
                  "context": null,
                  "code": "(0, _chai.expect)(await KreskoAsset.totalSupply()).to.equal(0);\n(0, _chai.expect)(await KreskoAsset.balanceOf(this.owner.address)).to.equal(0);\nawait (0, _chai.expect)(KreskoAsset.connect(hre.users.userOne).mint(this.owner.address, this.mintAmount)).to.be.reverted;\n// Check total supply and all account balances unchanged\n(0, _chai.expect)(await KreskoAsset.totalSupply()).to.equal(0);\n(0, _chai.expect)(await KreskoAsset.balanceOf(this.owner.address)).to.equal(0);\n(0, _chai.expect)(await KreskoAsset.balanceOf(hre.users.userOne.address)).to.equal(0);",
                  "err": {},
                  "uuid": "6c17eeba-a525-4de7-8bff-67ffb65ed37d",
                  "parentUUID": "613b5fca-3a42-4144-917f-43777b72714d",
                  "isHook": false,
                  "skipped": false
                },
                {
                  "title": "should not allow admin to mint tokens",
                  "fullTitle": "KreskoAsset #mint should not allow admin to mint tokens",
                  "timedOut": false,
                  "duration": 31,
                  "state": "passed",
                  "speed": "fast",
                  "pass": true,
                  "fail": false,
                  "pending": false,
                  "context": null,
                  "code": "await KreskoAsset.renounceRole(_roles.default.OPERATOR, this.owner.address);\nawait (0, _chai.expect)(KreskoAsset.connect(hre.users.admin).mint(this.owner.address, this.mintAmount)).to.be.reverted;",
                  "err": {},
                  "uuid": "051a5467-0373-4baa-ad4a-d9bbca9f5303",
                  "parentUUID": "613b5fca-3a42-4144-917f-43777b72714d",
                  "isHook": false,
                  "skipped": false
                }
              ],
              "suites": [],
              "passes": [
                "e5e58be8-fc4f-459f-b101-0ec50ada89fc",
                "945dbf5a-d745-4c87-bb89-2e2688d370b0",
                "6c17eeba-a525-4de7-8bff-67ffb65ed37d",
                "051a5467-0373-4baa-ad4a-d9bbca9f5303"
              ],
              "failures": [],
              "pending": [],
              "skipped": [],
              "duration": 116,
              "root": false,
              "rootEmpty": false,
              "_timeout": 30000
            },
            {
              "uuid": "bfe8f71e-8f7b-4d86-9a84-286ca56e0280",
              "title": "#burn",
              "fullFile": "/Users/panukettunen/Projects/kresko-protocol/src/test/krasset/01-erc20.ts",
              "file": "/src/test/krasset/01-erc20.ts",
              "beforeHooks": [
                {
                  "title": "\"before each\" hook in \"#burn\"",
                  "fullTitle": "KreskoAsset #burn \"before each\" hook in \"#burn\"",
                  "timedOut": false,
                  "duration": 6,
                  "state": null,
                  "speed": null,
                  "pass": false,
                  "fail": false,
                  "pending": false,
                  "context": null,
                  "code": "this.mintAmount = 250;\nawait KreskoAsset.connect(this.owner).mint(hre.users.userOne.address, this.mintAmount);",
                  "err": {},
                  "uuid": "5b3ea1e4-3ac4-4dd4-986d-5c03098e4665",
                  "parentUUID": "bfe8f71e-8f7b-4d86-9a84-286ca56e0280",
                  "isHook": true,
                  "skipped": false
                }
              ],
              "afterHooks": [],
              "tests": [
                {
                  "title": "should allow the owner to burn tokens from user's address (without token allowance)",
                  "fullTitle": "KreskoAsset #burn should allow the owner to burn tokens from user's address (without token allowance)",
                  "timedOut": false,
                  "duration": 20,
                  "state": "passed",
                  "speed": "fast",
                  "pass": true,
                  "fail": false,
                  "pending": false,
                  "context": null,
                  "code": "(0, _chai.expect)(await KreskoAsset.totalSupply()).to.equal(this.mintAmount);\nawait KreskoAsset.connect(this.owner).burn(hre.users.userOne.address, this.mintAmount);\n// Check total supply and user's balances decreased\n(0, _chai.expect)(await KreskoAsset.totalSupply()).to.equal(0);\n(0, _chai.expect)(await KreskoAsset.balanceOf(this.owner.address)).to.equal(0);\n// Confirm that owner doesn't hold any tokens\n(0, _chai.expect)(await KreskoAsset.balanceOf(hre.users.userOne.address)).to.equal(0);",
                  "err": {},
                  "uuid": "d76e86e5-fa6d-43b9-bb0a-48fce5539ef4",
                  "parentUUID": "bfe8f71e-8f7b-4d86-9a84-286ca56e0280",
                  "isHook": false,
                  "skipped": false
                },
                {
                  "title": "should allow the operator to burn tokens from user's address without changing existing allowances",
                  "fullTitle": "KreskoAsset #burn should allow the operator to burn tokens from user's address without changing existing allowances",
                  "timedOut": false,
                  "duration": 30,
                  "state": "passed",
                  "speed": "fast",
                  "pass": true,
                  "fail": false,
                  "pending": false,
                  "context": null,
[...]
                      "parentUUID": "64d6a368-e23f-4a64-a6f0-07b76feabee9",
                      "isHook": false,
                      "skipped": false
                    },
                    {
                      "title": "should identify if the pool is underwater",
                      "fullTitle": "SCDP #Test #Liquidations should identify if the pool is underwater",
                      "timedOut": false,
                      "duration": 840,
                      "state": "passed",
                      "speed": "fast",
                      "pass": true,
                      "fail": false,
                      "pending": false,
                      "context": null,
                      "code": "const swapAmount = (0, _values.toBig)(ONE_USD * 2600);\nawait KreskoSwapper.swapSCDP(swapper.address, f.KISS.address, f.KrAsset2.address, swapAmount, 0);\nf.Collateral.setPrice(collateralPrice / 1000);\nf.Collateral8Dec.setPrice(collateralPrice / 1000);\nconst [stats, params, liquidatable] = await Promise.all([\n    hre.Diamond.getStatisticsSCDP(),\n    hre.Diamond.getCurrentParametersSCDP(),\n    hre.Diamond.getLiquidatableSCDP()\n]);\n(0, _chai.expect)(stats.cr).to.be.lt(params.liquidationThreshold);\n(0, _chai.expect)(liquidatable).to.be.true;",
                      "err": {},
                      "uuid": "e5f9653c-d4cc-485e-8901-bf57cc308c46",
                      "parentUUID": "64d6a368-e23f-4a64-a6f0-07b76feabee9",
                      "isHook": false,
                      "skipped": false
                    },
                    {
                      "title": "should allow liquidating the underwater pool",
                      "fullTitle": "SCDP #Test #Liquidations should allow liquidating the underwater pool",
                      "timedOut": false,
                      "duration": 2611,
                      "state": "passed",
                      "speed": "medium",
                      "pass": true,
                      "fail": false,
                      "pending": false,
                      "context": null,
                      "code": "const swapAmount = (0, _values.toBig)(ONE_USD * 2600);\nawait KreskoSwapper.swapSCDP(swapper.address, f.KISS.address, f.KrAsset2.address, swapAmount, 0);\nconst newKreskoAssetPrice = 500;\nf.KrAsset2.setPrice(newKreskoAssetPrice);\nconst [scdpParams, maxLiquidatable, krAssetPrice, statsBefore] = await Promise.all([\n    hre.Diamond.getCurrentParametersSCDP(),\n    hre.Diamond.getMaxLiqValueSCDP(f.KrAsset2.address, f.Collateral8Dec.address),\n    f.KrAsset2.getPrice(),\n    hre.Diamond.getStatisticsSCDP()\n]);\nconst repayAmount = maxLiquidatable.repayValue.wadDiv(krAssetPrice);\nawait f.KrAsset2.setBalance(hre.users.liquidator, repayAmount.add(1e18.toString()));\n(0, _chai.expect)(statsBefore.cr).to.lt(scdpParams.liquidationThreshold);\n(0, _chai.expect)(statsBefore.cr).to.gt(1e4);\nconst tx = await KreskoLiquidator.liquidateSCDP(f.KrAsset2.address, repayAmount, f.Collateral8Dec.address);\nconst [statsAfter, liquidatableAfter] = await Promise.all([\n    hre.Diamond.getStatisticsSCDP(),\n    hre.Diamond.getLiquidatableSCDP()\n]);\n(0, _chai.expect)(statsAfter.cr).to.gt(scdpParams.liquidationThreshold);\n(0, _chai.expect)(statsAfter.crDebtValueAdjusted).to.eq(2.01e4);\n(0, _chai.expect)(liquidatableAfter).to.eq(false);\nawait (0, _chai.expect)(KreskoLiquidator.liquidateSCDP(f.KrAsset2.address, repayAmount, f.Collateral8Dec.address)).to.be.revertedWithCustomError((0, _errors.CError)(hre), \"CANNOT_LIQUIDATE\");\nconst event = await (0, _events.getNamedEvent)(tx, \"SCDPLiquidationOccured\");\nconst expectedSeizeAmount = repayAmount.wadMul((0, _values.toBig)(newKreskoAssetPrice, 8)).percentMul(1.05e4).wadDiv((0, _values.toBig)(collateralPrice, 8)).div(10 ** 10);\n(0, _chai.expect)(event.args.liquidator).to.eq(hre.users.liquidator.address);\n(0, _chai.expect)(event.args.seizeAmount).to.eq(expectedSeizeAmount);\n(0, _chai.expect)(event.args.repayAmount).to.eq(repayAmount);\n(0, _chai.expect)(event.args.seizeCollateral).to.eq(f.Collateral8Dec.address);\n(0, _chai.expect)(event.args.repayKreskoAsset).to.eq(f.KrAsset2.address);\nconst expectedDepositsAfter = depositAmount8Dec.sub(event.args.seizeAmount);\n(0, _chai.expect)(expectedDepositsAfter).to.be.lt(depositAmount8Dec);\nconst [principalDeposits, depositsWithFees, params] = await Promise.all([\n    hre.Diamond.getAccountDepositSCDP(depositor.address, f.Collateral8Dec.address),\n    hre.Diamond.getAccountScaledDepositsSCDP(depositor.address, f.Collateral8Dec.address),\n    hre.Diamond.getCurrentParametersSCDP()\n]);\n(0, _chai.expect)(principalDeposits).to.eq(expectedDepositsAfter);\n(0, _chai.expect)(depositsWithFees).to.eq(expectedDepositsAfter);\nawait KreskoDepositor.depositSCDP(depositor.address, f.Collateral.address, depositAmount18Dec.mul(10));\nconst stats = await hre.Diamond.getStatisticsSCDP();\n(0, _chai.expect)(stats.cr).to.gt(params.minCollateralRatio);\nawait (0, _chai.expect)(KreskoDepositor.withdrawSCDP(depositor.address, f.Collateral8Dec.address, expectedDepositsAfter)).to.not.be.reverted;\nconst [principalEnd, depositsWithFeesEnd] = await Promise.all([\n    hre.Diamond.getAccountDepositSCDP(depositor.address, f.Collateral8Dec.address),\n    hre.Diamond.getAccountScaledDepositsSCDP(depositor.address, f.Collateral8Dec.address)\n]);\n(0, _chai.expect)(principalEnd).to.eq(0);\n(0, _chai.expect)(depositsWithFeesEnd).to.eq(0);",
                      "err": {},
                      "uuid": "68da68d2-a8ae-4594-b58f-2590aa2502a0",
                      "parentUUID": "64d6a368-e23f-4a64-a6f0-07b76feabee9",
                      "isHook": false,
                      "skipped": false
                    }
                  ],
                  "suites": [],
                  "passes": [
                    "403e2883-7d40-4212-9ef9-f393a6c1fffd",
                    "8ecb8e3f-4f28-4aa9-b652-2ec4405e9c7f",
                    "e5f9653c-d4cc-485e-8901-bf57cc308c46",
                    "68da68d2-a8ae-4594-b58f-2590aa2502a0"
                  ],
                  "failures": [],
                  "pending": [],
                  "skipped": [],
                  "duration": 4712,
                  "root": false,
                  "rootEmpty": false,
                  "_timeout": 30000
                },
                {
                  "uuid": "7b36d073-a66f-4d31-9759-094fdbe510e4",
                  "title": "#Error",
                  "fullFile": "/Users/panukettunen/Projects/kresko-protocol/src/test/scdp/00-scdp.ts",
                  "file": "/src/test/scdp/00-scdp.ts",
                  "beforeHooks": [
                    {
                      "title": "\"before each\" hook in \"#Error\"",
                      "fullTitle": "SCDP #Test #Error \"before each\" hook in \"#Error\"",
                      "timedOut": false,
                      "duration": 77,
                      "state": null,
                      "speed": null,
                      "pass": false,
                      "fail": false,
                      "pending": false,
                      "context": null,
                      "code": "await Promise.all(f.usersArr.map((signer)=>f.Collateral.setBalance(signer, (0, _values.toBig)(1_000_000))));\nawait f.KISS.setBalance(swapper, (0, _values.toBig)(10_000));\nawait f.KISS.setBalance(depositor, _hardhat.ethers.BigNumber.from(1));\nawait Promise.all([\n    KreskoDepositor.depositSCDP(depositor.address, f.KISS.address, 1),\n    KreskoDepositor.depositSCDP(depositor.address, f.Collateral.address, depositAmount18Dec)\n]);",
                      "err": {},
                      "uuid": "43223985-369b-4ec7-b9fc-99c0e4dc2863",
                      "parentUUID": "7b36d073-a66f-4d31-9759-094fdbe510e4",
                      "isHook": true,
                      "skipped": false
                    }
                  ],
                  "afterHooks": [],
                  "tests": [
                    {
                      "title": "should revert depositing unsupported tokens",
                      "fullTitle": "SCDP #Test #Error should revert depositing unsupported tokens",
                      "timedOut": false,
                      "duration": 84,
                      "state": "passed",
                      "speed": "fast",
                      "pass": true,
                      "fail": false,
                      "pending": false,
                      "context": null,
                      "code": "const [UnsupportedToken] = await hre.deploy(\"MockERC20\", {\n    args: [\n        \"UnsupportedToken\",\n        \"UnsupportedToken\",\n        18,\n        (0, _values.toBig)(1)\n    ]\n});\nawait UnsupportedToken.approve(hre.Diamond.address, hre.ethers.constants.MaxUint256);\nconst { deployer } = await hre.getNamedAccounts();\nawait (0, _chai.expect)(hre.Diamond.depositSCDP(deployer, UnsupportedToken.address, 1)).to.be.revertedWithCustomError((0, _errors.CError)(hre), \"INVALID_DEPOSIT_ASSET\").withArgs(UnsupportedToken.address);",
                      "err": {},
                      "uuid": "08813342-61c2-4eae-b28e-6fa2b2384dce",
                      "parentUUID": "7b36d073-a66f-4d31-9759-094fdbe510e4",
                      "isHook": false,
                      "skipped": false
                    },
                    {
                      "title": "should revert withdrawing without deposits",
                      "fullTitle": "SCDP #Test #Error should revert withdrawing without deposits",
                      "timedOut": false,
                      "duration": 36,
                      "state": "passed",
                      "speed": "fast",
                      "pass": true,
                      "fail": false,
                      "pending": false,
                      "context": null,
                      "code": "await (0, _chai.expect)(KreskoSwapper.withdrawSCDP(depositor.address, f.Collateral.address, 1)).to.be.revertedWithCustomError((0, _errors.CError)(hre), \"SCDP_WITHDRAWAL_VIOLATION\").withArgs(f.Collateral.address, 1, 0, 0);",
                      "err": {},
                      "uuid": "25a6dfb1-a6e6-496a-9410-112f66448819",
                      "parentUUID": "7b36d073-a66f-4d31-9759-094fdbe510e4",
                      "isHook": false,
                      "skipped": false
                    },
                    {
                      "title": "should revert withdrawals below MCR",
                      "fullTitle": "SCDP #Test #Error should revert withdrawals below MCR",
                      "timedOut": false,
                      "duration": 422,
                      "state": "passed",
                      "speed": "fast",
                      "pass": true,
                      "fail": false,
                      "pending": false,
                      "context": null,
                      "code": "const swapAmount = (0, _values.toBig)(ONE_USD).mul(1000); // $1000\nawait KreskoSwapper.swapSCDP(swapper.address, f.KISS.address, f.KrAsset2.address, swapAmount, 0); // generates the debt\nconst deposits = await KreskoSwapper.getAccountDepositSCDP(depositor.address, f.Collateral.address);\nawait (0, _chai.expect)(KreskoDepositor.withdrawSCDP(depositor.address, f.Collateral.address, deposits)).to.be.revertedWithCustomError((0, _errors.CError)(hre), \"DEBT_EXCEEDS_COLLATERAL\").withArgs(960e8, 4800e8, 5e4);",
                      "err": {},
                      "uuid": "5c7edbc4-ecc7-497d-b1fb-2c998ccaf504",
                      "parentUUID": "7b36d073-a66f-4d31-9759-094fdbe510e4",
                      "isHook": false,
                      "skipped": false
                    },
                    {
                      "title": "should revert withdrawals of swap owned collateral deposits",
                      "fullTitle": "SCDP #Test #Error should revert withdrawals of swap owned collateral deposits",
                      "timedOut": false,
                      "duration": 388,
                      "state": "passed",
                      "speed": "fast",
                      "pass": true,
                      "fail": false,
                      "pending": false,
                      "context": null,
                      "code": "const swapAmount = (0, _values.toBig)(1);\nawait f.KrAsset2.setBalance(swapper, swapAmount);\nawait KreskoSwapper.swapSCDP(swapper.address, f.KrAsset2.address, f.KISS.address, swapAmount, 0);\nconst deposits = await KreskoSwapper.getSwapDepositsSCDP(f.KrAsset2.address);\n(0, _chai.expect)(deposits).to.be.gt(0);\nawait (0, _chai.expect)(KreskoSwapper.withdrawSCDP(swapper.address, f.KrAsset2.address, deposits)).to.be.revertedWithCustomError((0, _errors.CError)(hre), \"SCDP_WITHDRAWAL_VIOLATION\").withArgs(f.KrAsset2.address, swapAmount, 0, 0);",
                      "err": {},
                      "uuid": "ed4d1a59-49a7-4ecd-b134-ecce549aeda7",
                      "parentUUID": "7b36d073-a66f-4d31-9759-094fdbe510e4",
                      "isHook": false,
                      "skipped": false
                    },
                    {
                      "title": "should revert swapping with price below minAmountOut",
                      "fullTitle": "SCDP #Test #Error should revert swapping with price below minAmountOut",
                      "timedOut": false,
                      "duration": 266,
                      "state": "passed",
                      "speed": "fast",
                      "pass": true,
                      "fail": false,
                      "pending": false,
                      "context": null,
                      "code": "const swapAmount = (0, _values.toBig)(1);\nawait f.KrAsset2.setBalance(swapper, swapAmount);\nconst [amountOut] = await KreskoSwapper.previewSwapSCDP(f.KrAsset2.address, f.KISS.address, swapAmount);\nawait (0, _chai.expect)(KreskoSwapper.swapSCDP(swapper.address, f.KrAsset2.address, f.KISS.address, swapAmount, amountOut.add(1))).to.be.revertedWithCustomError((0, _errors.CError)(hre), \"SWAP_SLIPPAGE\").withArgs(amountOut, amountOut.add(1));",
                      "err": {},
                      "uuid": "fd81c783-43e5-4c5f-b249-177a3382e529",
                      "parentUUID": "7b36d073-a66f-4d31-9759-094fdbe510e4",
                      "isHook": false,
                      "skipped": false
                    },
                    {
                      "title": "should revert swapping unsupported asset",
                      "fullTitle": "SCDP #Test #Error should revert swapping unsupported asset",
                      "timedOut": false,
                      "duration": 38,
                      "state": "passed",
                      "speed": "fast",
                      "pass": true,
                      "fail": false,
                      "pending": false,
                      "context": null,
                      "code": "const swapAmount = (0, _values.toBig)(1);\nawait f.KrAsset2.setBalance(swapper, swapAmount);\nawait (0, _chai.expect)(KreskoSwapper.swapSCDP(swapper.address, f.KrAsset2.address, f.Collateral.address, swapAmount, 0)).to.be.revertedWithCustomError((0, _errors.CError)(hre), \"INVALID_ASSET\").withArgs(f.Collateral.address);",
                      "err": {},
                      "uuid": "a7e8680b-72d5-44ef-8529-4a2b747a7432",
                      "parentUUID": "7b36d073-a66f-4d31-9759-094fdbe510e4",
                      "isHook": false,
                      "skipped": false
                    },
                    {
                      "title": "should revert swapping a disabled route",
                      "fullTitle": "SCDP #Test #Error should revert swapping a disabled route",
                      "timedOut": false,
                      "duration": 75,
                      "state": "passed",
                      "speed": "fast",
                      "pass": true,
                      "fail": false,
                      "pending": false,
                      "context": null,
                      "code": "const swapAmount = (0, _values.toBig)(1);\nawait f.KrAsset2.setBalance(swapper, swapAmount);\nawait hre.Diamond.setSwapPairsSingle({\n    assetIn: f.KrAsset2.address,\n    assetOut: f.KISS.address,\n    enabled: false\n});\nawait (0, _chai.expect)(KreskoSwapper.swapSCDP(swapper.address, f.KrAsset2.address, f.KISS.address, swapAmount, 0)).to.be.revertedWithCustomError((0, _errors.CError)(hre), \"SWAP_NOT_ENABLED\").withArgs(f.KrAsset2.address, f.KISS.address);",
                      "err": {},
                      "uuid": "8fd23446-acfa-4c04-bedf-c1feb0f27318",
                      "parentUUID": "7b36d073-a66f-4d31-9759-094fdbe510e4",
                      "isHook": false,
                      "skipped": false
                    },
                    {
                      "title": "should revert swapping causes CDP to go below MCR",
                      "fullTitle": "SCDP #Test #Error should revert swapping causes CDP to go below MCR",
                      "timedOut": false,
                      "duration": 334,
                      "state": "passed",
                      "speed": "fast",
                      "pass": true,
                      "fail": false,
                      "pending": false,
                      "context": null,
                      "code": "const swapAmount = (0, _values.toBig)(1_500_000);\nawait f.KrAsset2.setBalance(swapper, swapAmount);\nconst tx = KreskoSwapper.swapSCDP(swapper.address, f.KrAsset2.address, f.KISS.address, swapAmount, 0);\nawait (0, _chai.expect)(tx).to.be.revertedWithCustomError((0, _errors.CError)(hre), \"DEBT_EXCEEDS_COLLATERAL\").withArgs(\"15001000000000000\", \"75000000000000000\", 5e4);",
                      "err": {},
                      "uuid": "886cda98-c424-4a28-81eb-fc6520ccac7f",
                      "parentUUID": "7b36d073-a66f-4d31-9759-094fdbe510e4",
                      "isHook": false,
                      "skipped": false
                    }
                  ],
                  "suites": [],
                  "passes": [
                    "08813342-61c2-4eae-b28e-6fa2b2384dce",
                    "25a6dfb1-a6e6-496a-9410-112f66448819",
                    "5c7edbc4-ecc7-497d-b1fb-2c998ccaf504",
                    "ed4d1a59-49a7-4ecd-b134-ecce549aeda7",
                    "fd81c783-43e5-4c5f-b249-177a3382e529",
                    "a7e8680b-72d5-44ef-8529-4a2b747a7432",
                    "8fd23446-acfa-4c04-bedf-c1feb0f27318",
                    "886cda98-c424-4a28-81eb-fc6520ccac7f"
                  ],
                  "failures": [],
                  "pending": [],
                  "skipped": [],
                  "duration": 1643,
                  "root": false,
                  "rootEmpty": false,
                  "_timeout": 30000
                }
              ],
              "passes": [],
              "failures": [],
              "pending": [],
              "skipped": [],
              "duration": 0,
              "root": false,
              "rootEmpty": false,
              "_timeout": 30000
            }
          ],
          "passes": [],
          "failures": [],
          "pending": [],
          "skipped": [],
          "duration": 0,
          "root": false,
          "rootEmpty": false,
          "_timeout": 30000
        }
      ],
      "passes": [],
      "failures": [],
      "pending": [],
      "skipped": [],
      "duration": 0,
      "root": true,
      "rootEmpty": true,
      "_timeout": 30000
    }
  ],
  "meta": {
    "mocha": {
      "version": "10.2.0"
    },
    "mochawesome": {
      "options": {
        "quiet": false,
        "reportFilename": "mochawesome",
        "saveHtml": true,
        "saveJson": true,
        "consoleReporter": "spec",
        "useInlineDiffs": false,
        "code": true
      },
      "version": "7.1.3"
    },
    "marge": {
      "options": null,
      "version": "6.2.0"
    }
  }
}