{
  "stats": {
    "suites": 3,
    "tests": 1,
    "passes": 1,
    "pending": 0,
    "failures": 0,
    "start": "2023-05-08T12:35:09.466Z",
    "end": "2023-05-08T12:35:09.725Z",
    "duration": 259,
    "testsRegistered": 1,
    "passPercent": 100,
    "pendingPercent": 0,
    "other": 0,
    "hasOther": false,
    "skipped": 0,
    "hasSkipped": false
  },
  "results": [
    {
      "uuid": "9553c734-0fe5-4211-b67e-f3d05e7ba335",
      "title": "",
      "fullFile": "/Users/panukettunen/Projects/kresko-protocol/src/test/minter/03-liquidation.ts",
      "file": "/src/test/minter/03-liquidation.ts",
      "beforeHooks": [],
      "afterHooks": [],
      "tests": [],
      "suites": [
        {
          "uuid": "63f0dd51-6b10-4594-bf01-1ba16e82b7e2",
          "title": "Minter",
          "fullFile": "/Users/panukettunen/Projects/kresko-protocol/src/test/minter/03-liquidation.ts",
          "file": "/src/test/minter/03-liquidation.ts",
          "beforeHooks": [
            {
              "title": "\"before each\" hook in \"Minter\"",
              "fullTitle": "Minter \"before each\" hook in \"Minter\"",
              "timedOut": false,
              "duration": 25,
              "state": null,
              "speed": null,
              "pass": false,
              "fail": false,
              "pending": false,
              "context": null,
              "code": "const fixture = await hardhat_1.default.deployments.createFixture(async (hre) => {\n    const result = await hre.deployments.fixture(fixtureName);\n    if (result.Diamond) {\n        hre.Diamond = await hre.getContractOrFork(\"Kresko\");\n    }\n    return {\n        facets: result.Diamond ? result.Diamond.facets : [],\n        collaterals: hre.collaterals,\n        krAssets: hre.krAssets,\n    };\n})();\nthis.facets = fixture.facets || [];\nthis.collaterals = fixture.collaterals;\nthis.krAssets = fixture.krAssets;",
              "err": {},
              "uuid": "c9410d7c-5c7c-4345-be21-84c748d5c434",
              "parentUUID": "63f0dd51-6b10-4594-bf01-1ba16e82b7e2",
              "isHook": true,
              "skipped": false
            },
            {
              "title": "\"before each\" hook in \"Minter\"",
              "fullTitle": "Minter \"before each\" hook in \"Minter\"",
              "timedOut": false,
              "duration": 104,
              "state": null,
              "speed": null,
              "pass": false,
              "fail": false,
              "pending": false,
              "context": null,
              "code": "// -------------------------------- Set up mock assets --------------------------------\nconst collateralArgs = {\n    name: \"CollateralAsset\",\n    price: 10,\n    factor: 1,\n    decimals: 18,\n};\nthis.collateral = hardhat_1.default.collaterals.find(c => c.deployArgs.name === _test_utils_1.defaultCollateralArgs.name);\nthis.collateral = await this.collateral.update(collateralArgs);\nthis.collateral.setPrice(collateralArgs.price);\n// Set up mock KreskoAsset\nconst krAssetArgs = {\n    name: \"KreskoAsset\",\n    price: 11,\n    factor: 1,\n    supplyLimit: 100000000,\n    closeFee: _test_utils_1.defaultCloseFee,\n    openFee: _test_utils_1.defaultOpenFee,\n};\nthis.krAsset = hardhat_1.default.krAssets.find(c => c.deployArgs.name === _test_utils_1.defaultKrAssetArgs.name);\nthis.krAsset.setPrice(krAssetArgs.price);\n// grant operator role to deployer for rebases\nawait this.krAsset.contract.grantRole(_test_utils_1.Role.OPERATOR, hardhat_1.default.users.deployer.address);\nconst assetInfo = await this.krAsset.kresko();\n// Add krAsset as a collateral with anchor and cFactor of 1\nawait hardhat_1.default.Diamond.connect(hardhat_1.default.users.deployer).addCollateralAsset(this.krAsset.contract.address, this.krAsset.anchor.address, hardhat_1.default.toBig(1), assetInfo.oracle, assetInfo.oracle);\n// -------------------------------- Set up userOne deposit/debt --------------------------------\nawait this.collateral.setBalance(hardhat_1.default.users.liquidator, hardhat_1.default.toBig(100000000));\nawait this.collateral.mocks.contract.setVariable(\"_allowances\", {\n    [hardhat_1.default.users.liquidator.address]: {\n        [hardhat_1.default.Diamond.address]: hardhat_1.default.toBig(100000000),\n    },\n});\n// Deposit collateral\nthis.defaultDepositAmount = 20; // 20 * $10 = $200 in collateral asset value\nawait this.collateral.setBalance(hardhat_1.default.users.userOne, hardhat_1.default.toBig(this.defaultDepositAmount));\nawait this.collateral.mocks.contract.setVariable(\"_allowances\", {\n    [hardhat_1.default.users.userOne.address]: {\n        [hardhat_1.default.Diamond.address]: hardhat_1.default.toBig(this.defaultDepositAmount),\n    },\n});\nawait (0, collaterals_1.depositCollateral)({\n    user: hardhat_1.default.users.userOne,\n    amount: this.defaultDepositAmount,\n    asset: this.collateral,\n});\n// // Mint KrAsset\nthis.defaultMintAmount = 10; // 10 * $11 = $110 in debt value\nawait (0, krassets_1.mintKrAsset)({\n    user: hardhat_1.default.users.userOne,\n    amount: this.defaultMintAmount,\n    asset: this.krAsset,\n});",
              "err": {},
              "uuid": "9fd61709-261a-4849-b8d1-9448156a228e",
              "parentUUID": "63f0dd51-6b10-4594-bf01-1ba16e82b7e2",
              "isHook": true,
              "skipped": false
            }
          ],
          "afterHooks": [],
          "tests": [],
          "suites": [
            {
              "uuid": "a5fb4de2-143f-4bcc-a400-62667d3c8faf",
              "title": "#liquidation",
              "fullFile": "/Users/panukettunen/Projects/kresko-protocol/src/test/minter/03-liquidation.ts",
              "file": "/src/test/minter/03-liquidation.ts",
              "beforeHooks": [],
              "afterHooks": [],
              "tests": [],
              "suites": [
                {
                  "uuid": "c12813a9-7d7a-4e22-ad86-3b83c69fa0d4",
                  "title": "#liquidate",
                  "fullFile": "/Users/panukettunen/Projects/kresko-protocol/src/test/minter/03-liquidation.ts",
                  "file": "/src/test/minter/03-liquidation.ts",
                  "beforeHooks": [
                    {
                      "title": "\"before each\" hook in \"#liquidate\"",
                      "fullTitle": "Minter #liquidation #liquidate \"before each\" hook in \"#liquidate\"",
                      "timedOut": false,
                      "duration": 0,
                      "state": null,
                      "speed": null,
                      "pass": false,
                      "fail": false,
                      "pending": false,
                      "context": null,
                      "code": "// Grant userTwo tokens to use for liquidation\nawait this.krAsset.mocks.contract.setVariable(\"_balances\", {\n    [hardhat_1.default.users.userTwo.address]: hardhat_1.default.toBig(10000),\n});\n// Update collateral price from $10 to $7.5\nconst newCollateralPrice = 7.5;\nthis.collateral.setPrice(newCollateralPrice);",
                      "err": {},
                      "uuid": "d4803fe8-59f9-4651-a72b-b5451d3f295f",
                      "parentUUID": "c12813a9-7d7a-4e22-ad86-3b83c69fa0d4",
                      "isHook": true,
                      "skipped": false
                    }
                  ],
                  "afterHooks": [],
                  "tests": [
                    {
                      "title": "should emit LiquidationOccurred event",
                      "fullTitle": "Minter #liquidation #liquidate should emit LiquidationOccurred event",
                      "timedOut": false,
                      "duration": 128,
                      "state": "passed",
                      "speed": "slow",
                      "pass": true,
                      "fail": false,
                      "pending": false,
                      "context": null,
                      "code": "// Attempt liquidation\nconst collateralIndex = await hardhat_1.default.Diamond.getDepositedCollateralAssetIndex(hardhat_1.default.users.userOne.address, this.collateral.address);\nconst krAsset = await this.krAsset.kresko();\nconst coll = await this.collateral.kresko();\nconsole.log((0, lib_1.fromBig)(krAsset.kFactor.rawValue));\nconsole.log(coll.factor.rawValue);\nconst mintedKreskoAssetIndex = await hardhat_1.default.Diamond.getMintedKreskoAssetsIndex(hardhat_1.default.users.userOne.address, this.krAsset.address);\nconst crBefore = await hardhat_1.default.Diamond.getAccountCollateralRatio(hardhat_1.default.users.userOne.address);\nconst maxLiqValue = +(await hardhat_1.default.Diamond.calculateMaxLiquidatableValueForAssets(hardhat_1.default.users.userOne.address, this.krAsset.address)).rawValue / 1e8;\nconst repayAmount = (0, lib_1.toBig)(maxLiqValue / (+(await this.krAsset.getPrice()) / 1e8));\nconsole.log(\"KrAsset price\", +(await this.krAsset.getPrice()) / 1e8);\nconsole.log(\"Max Repay USD\", maxLiqValue);\nconsole.log(\"Max Repay Amount\", (0, lib_1.fromBig)(repayAmount));\nconsole.log(\"CR Before Liq\", Number(crBefore.rawValue) / 10 ** 18);\nconst tx = await hardhat_1.default.Diamond.connect(hardhat_1.default.users.userTwo).liquidate(hardhat_1.default.users.userOne.address, this.krAsset.address, repayAmount, this.collateral.address, mintedKreskoAssetIndex, collateralIndex);\nconst event = await (0, lib_1.getInternalEvent)(tx, typechain_1.MinterEvent__factory.connect(hardhat_1.default.Diamond.address, hardhat_1.default.users.userTwo), \"LiquidationOccurred\");\n(0, chai_1.expect)(event.account).to.equal(hardhat_1.default.users.userOne.address);\n(0, chai_1.expect)(event.liquidator).to.equal(hardhat_1.default.users.userTwo.address);\n(0, chai_1.expect)(event.repayKreskoAsset).to.equal(this.krAsset.address);\n(0, chai_1.expect)(event.repayAmount).to.equal(repayAmount);\n(0, chai_1.expect)(event.seizedCollateralAsset).to.equal(this.collateral.address);\nconsole.log(\"Collateral Seized\", Number(event.collateralSent) / 1e18, \"price\", +(await this.collateral.getPrice()) / 1e8, \"USD\", ((Number(event.collateralSent) / 1e18) * +(await this.collateral.getPrice())) / 1e8);\nconst crAfter = await hardhat_1.default.Diamond.getAccountCollateralRatio(hardhat_1.default.users.userOne.address);\nconsole.log(\"CR After\", Number(crAfter.rawValue) / 10 ** 18);",
                      "err": {},
                      "uuid": "b050a944-3d50-476b-91b5-6dad9313cf9d",
                      "parentUUID": "c12813a9-7d7a-4e22-ad86-3b83c69fa0d4",
                      "isHook": false,
                      "skipped": false
                    }
                  ],
                  "suites": [],
                  "passes": [
                    "b050a944-3d50-476b-91b5-6dad9313cf9d"
                  ],
                  "failures": [],
                  "pending": [],
                  "skipped": [],
                  "duration": 128,
                  "root": false,
                  "rootEmpty": false,
                  "_timeout": 15000
                }
              ],
              "passes": [],
              "failures": [],
              "pending": [],
              "skipped": [],
              "duration": 0,
              "root": false,
              "rootEmpty": false,
              "_timeout": 15000
            }
          ],
          "passes": [],
          "failures": [],
          "pending": [],
          "skipped": [],
          "duration": 0,
          "root": false,
          "rootEmpty": false,
          "_timeout": 15000
        }
      ],
      "passes": [],
      "failures": [],
      "pending": [],
      "skipped": [],
      "duration": 0,
      "root": true,
      "rootEmpty": true,
      "_timeout": 15000
    }
  ],
  "meta": {
    "mocha": {
      "version": "10.2.0"
    },
    "mochawesome": {
      "options": {
        "quiet": false,
        "reportFilename": "mochawesome",
        "saveHtml": true,
        "saveJson": true,
        "consoleReporter": "spec",
        "useInlineDiffs": false,
        "code": true
      },
      "version": "7.1.3"
    },
    "marge": {
      "options": null,
      "version": "6.2.0"
    }
  }
}