{
  "stats": {
    "suites": 5,
    "tests": 10,
    "passes": 10,
    "pending": 0,
    "failures": 0,
    "start": "2023-04-11T12:42:55.412Z",
    "end": "2023-04-11T12:43:01.133Z",
    "duration": 5721,
    "testsRegistered": 10,
    "passPercent": 100,
    "pendingPercent": 0,
    "other": 0,
    "hasOther": false,
    "skipped": 0,
    "hasSkipped": false
  },
  "results": [
    {
      "uuid": "a8ee119b-1ec7-4232-aa51-8b8199655062",
      "title": "",
      "fullFile": "/Users/panukettunen/Projects/kresko-protocol/src/test/stability-rate/01-rates.ts",
      "file": "/src/test/stability-rate/01-rates.ts",
      "beforeHooks": [],
      "afterHooks": [],
      "tests": [],
      "suites": [
        {
          "uuid": "f3abc9f0-321f-4a1c-ace4-09ac1283b4ab",
          "title": "Stability Rates",
          "fullFile": "/Users/panukettunen/Projects/kresko-protocol/src/test/stability-rate/01-rates.ts",
          "file": "/src/test/stability-rate/01-rates.ts",
          "beforeHooks": [
            {
              "title": "\"before each\" hook in \"Stability Rates\"",
              "fullTitle": "Stability Rates \"before each\" hook in \"Stability Rates\"",
              "timedOut": false,
              "duration": 18,
              "state": null,
              "speed": null,
              "pass": false,
              "fail": false,
              "pending": false,
              "context": null,
              "code": "const fixture = await hardhat_1.default.deployments.createFixture(async (hre) => {\n    const result = await hre.deployments.fixture(fixtureName);\n    if (result.Diamond) {\n        hre.Diamond = await hre.getContractOrFork(\"Kresko\");\n    }\n    return {\n        facets: result.Diamond ? result.Diamond.facets : [],\n        collaterals: hre.collaterals,\n        krAssets: hre.krAssets,\n    };\n})();\nthis.facets = fixture.facets || [];\nthis.collaterals = fixture.collaterals;\nthis.krAssets = fixture.krAssets;",
              "err": {},
              "uuid": "cda1ec32-6cdf-440c-aadc-0689ba7b2170",
              "parentUUID": "f3abc9f0-321f-4a1c-ace4-09ac1283b4ab",
              "isHook": true,
              "skipped": false
            },
            {
              "title": "\"before each\" hook in \"Stability Rates\"",
              "fullTitle": "Stability Rates \"before each\" hook in \"Stability Rates\"",
              "timedOut": false,
              "duration": 193,
              "state": null,
              "speed": null,
              "pass": false,
              "fail": false,
              "pending": false,
              "context": null,
              "code": "userOne = hardhat_1.default.users.deployer;\nthis.krAsset = this.krAssets.find(c => c.deployArgs.name === test_1.defaultKrAssetArgs.name);\nthis.collateral = this.collaterals.find(c => c.deployArgs.name === test_1.defaultCollateralArgs.name);\n[UniMath] = await hardhat_1.default.deploy(\"UniswapMath\", {\n    from: hardhat_1.default.users.deployer.address,\n    args: [hardhat_1.default.UniV2Factory.address, hardhat_1.default.UniV2Router.address],\n});\nconst krAssetOraclePrice = 10;\nthis.krAsset.setPrice(krAssetOraclePrice);\nconst cLiq = (0, lib_1.toBig)(1000);\nconst kLiq = (0, lib_1.toBig)(100);\nawait this.collateral.setBalance(userOne, cLiq.mul(2));\nawait (0, collaterals_1.depositCollateral)({\n    asset: this.collateral,\n    amount: cLiq,\n    user: userOne,\n});\nawait (0, krassets_1.mintKrAsset)({ user: userOne, asset: this.krAsset, amount: kLiq });\n// 1000/100 = krAsset amm price 10\nconst pair = await (0, amm_1.addLiquidity)({\n    user: userOne,\n    router: hardhat_1.default.UniV2Router,\n    amount0: cLiq,\n    amount1: kLiq,\n    token0: this.collateral,\n    token1: this.krAsset,\n});\nupdateTWAP = (0, amm_1.getTWAPUpdaterFor)(pair.address);\nawait hardhat_1.default.UniV2Oracle.initPair(pair.address, this.krAsset.address, 60 * 60);\nawait updateTWAP();",
              "err": {},
              "uuid": "2c73b5c4-cdee-4766-a134-db32f20314ad",
              "parentUUID": "f3abc9f0-321f-4a1c-ace4-09ac1283b4ab",
              "isHook": true,
              "skipped": false
            }
          ],
          "afterHooks": [],
          "tests": [],
          "suites": [
            {
              "uuid": "1c7e4a7e-3c42-4213-8f0c-ff8f2f850cb0",
              "title": "#no-amm-prices",
              "fullFile": "/Users/panukettunen/Projects/kresko-protocol/src/test/stability-rate/01-rates.ts",
              "file": "/src/test/stability-rate/01-rates.ts",
              "beforeHooks": [],
              "afterHooks": [],
              "tests": [
                {
                  "title": "calculates correct rates and debt when there is no amm price",
                  "fullTitle": "Stability Rates #no-amm-prices calculates correct rates and debt when there is no amm price",
                  "timedOut": false,
                  "duration": 2621,
                  "state": "passed",
                  "speed": "slow",
                  "pass": true,
                  "fail": false,
                  "pending": false,
                  "context": null,
                  "code": "const krAssetAmount = (0, lib_1.toBig)(1);\nconst krAssetNoBaseRate = await (0, krassets_1.addMockKreskoAsset)({\n    name: \"krasset2\",\n    symbol: \"krasset2\",\n    marketOpen: true,\n    factor: 1,\n    closeFee: 0,\n    openFee: 0,\n    stabilityRateBase: ethers_1.BigNumber.from(0),\n    price: 10,\n    supplyLimit: 2000,\n});\nconst krAssetWithBaseRate = await (0, krassets_1.addMockKreskoAsset)({\n    name: \"krasset2\",\n    symbol: \"krasset2\",\n    marketOpen: true,\n    factor: 1,\n    closeFee: 0,\n    openFee: 0,\n    stabilityRateBase: test_1.BASIS_POINT.mul(20),\n    price: 10,\n    supplyLimit: 2000,\n});\n// Asset\nawait (0, krassets_1.mintKrAsset)({\n    user: userOne,\n    asset: krAssetNoBaseRate,\n    amount: krAssetAmount,\n});\nawait (0, krassets_1.mintKrAsset)({\n    user: userOne,\n    asset: krAssetWithBaseRate,\n    amount: krAssetAmount,\n});\nconst lastUpdateTimestamp = await (0, calculations_1.getBlockTimestamp)();\nconst debtIndexBefore = await hardhat_1.default.Diamond.getDebtIndexForAsset(krAssetWithBaseRate.address);\nawait hardhat_network_helpers_1.time.increase(+lib_1.ONE_YEAR);\n// asset with no base rate and no amm price\nconst debtIndexNoBaseRate = await hardhat_1.default.Diamond.getDebtIndexForAsset(krAssetNoBaseRate.address);\nconst debtScaledNoBaseRate = await hardhat_1.default.Diamond.kreskoAssetDebt(userOne.address, krAssetNoBaseRate.address);\nconst debtPrincipalNoBaseRate = await hardhat_1.default.Diamond.kreskoAssetDebtPrincipal(userOne.address, krAssetNoBaseRate.address);\nconst debtInterestNoBaseRate = await hardhat_1.default.Diamond.kreskoAssetDebtInterest(userOne.address, krAssetNoBaseRate.address);\n(0, chai_1.expect)(debtIndexNoBaseRate).to.equal(lib_1.oneRay);\n(0, chai_1.expect)(debtScaledNoBaseRate).to.equal(debtPrincipalNoBaseRate);\n(0, chai_1.expect)(debtInterestNoBaseRate.kissAmount).to.equal(0);\n(0, chai_1.expect)(debtInterestNoBaseRate.assetAmount).to.equal(0);\n// asset with base rate and no amm price\nconst debtIndexWithBaseRate = await hardhat_1.default.Diamond.getDebtIndexForAsset(krAssetWithBaseRate.address);\nconst debtScaledWithBaseRate = await hardhat_1.default.Diamond.kreskoAssetDebt(userOne.address, krAssetWithBaseRate.address);\nconst debtPrincipalWithBaseRate = await hardhat_1.default.Diamond.kreskoAssetDebtPrincipal(userOne.address, krAssetWithBaseRate.address);\nconst debtInterestWithBaseRate = await hardhat_1.default.Diamond.kreskoAssetDebtInterest(userOne.address, krAssetWithBaseRate.address);\nconst expectedScaledDebt = await (0, calculations_1.toScaledAmount)(debtPrincipalWithBaseRate, krAssetWithBaseRate);\nconst expectedDebtIndex = await (0, calculations_1.calcDebtIndex)(krAssetWithBaseRate, debtIndexBefore, lastUpdateTimestamp);\nconst expectedAssetInterest = debtScaledWithBaseRate.sub(debtPrincipalWithBaseRate);\nconst expectedKissInterestAmount = await (0, calculations_1.oraclePriceToWad)(hardhat_1.default.Diamond.getKrAssetValue(krAssetWithBaseRate.address, expectedAssetInterest, true));\n(0, chai_1.expect)(debtIndexWithBaseRate).to.equal(expectedDebtIndex);\n(0, chai_1.expect)(debtScaledWithBaseRate).to.equal(expectedScaledDebt);\n(0, chai_1.expect)(debtInterestWithBaseRate.assetAmount).to.equal(expectedAssetInterest);\n(0, chai_1.expect)(debtInterestWithBaseRate.kissAmount).to.equal(expectedKissInterestAmount);",
                  "err": {},
                  "uuid": "0880ba2b-4980-4a67-89ab-0d4a460a73d8",
                  "parentUUID": "1c7e4a7e-3c42-4213-8f0c-ff8f2f850cb0",
                  "isHook": false,
                  "skipped": false
                }
              ],
              "suites": [],
              "passes": [
                "0880ba2b-4980-4a67-89ab-0d4a460a73d8"
              ],
              "failures": [],
              "pending": [],
              "skipped": [],
              "duration": 2621,
              "root": false,
              "rootEmpty": false,
              "_timeout": 15000
            },
            {
              "uuid": "eb68dc2e-bec3-44f3-b18d-188af4748df6",
              "title": "#price-rate",
              "fullFile": "/Users/panukettunen/Projects/kresko-protocol/src/test/stability-rate/01-rates.ts",
              "file": "/src/test/stability-rate/01-rates.ts",
              "beforeHooks": [],
              "afterHooks": [],
              "tests": [
                {
                  "title": "calculates correct price rates when amm == oracle",
                  "fullTitle": "Stability Rates #price-rate calculates correct price rates when amm == oracle",
                  "timedOut": false,
                  "duration": 43,
                  "state": "passed",
                  "speed": "medium",
                  "pass": true,
                  "fail": false,
                  "pending": false,
                  "context": null,
                  "code": "await hardhat_1.default.Diamond.updateStabilityRateAndIndexForAsset(this.krAsset.address);\nconst ammPricesOptimal = await (0, amm_1.getAMMPrices)(this.collateral, this.krAsset);\n(0, chai_1.expect)(ammPricesOptimal.price0).to.be.closeTo(this.krAsset.deployArgs.price, 0.05);\nconst priceRate = await hardhat_1.default.Diamond.getPriceRateForAsset(this.krAsset.address);\n(0, chai_1.expect)(priceRate).to.bignumber.equal(lib_1.oneRay);",
                  "err": {},
                  "uuid": "c6e98a8d-ecc6-4958-a49e-13c47a220683",
                  "parentUUID": "eb68dc2e-bec3-44f3-b18d-188af4748df6",
                  "isHook": false,
                  "skipped": false
                },
                {
                  "title": "calculates correct price rates when amm > oracle",
                  "fullTitle": "Stability Rates #price-rate calculates correct price rates when amm > oracle",
                  "timedOut": false,
                  "duration": 75,
                  "state": "passed",
                  "speed": "medium",
                  "pass": true,
                  "fail": false,
                  "pending": false,
                  "context": null,
                  "code": "const premiumPercentage = 105; // 105% eg. 5% premium\nconst expectedPriceRate = test_1.ONE_PERCENT.mul(premiumPercentage).mul(997).div(1000);\nconst expectedPrice = this.krAsset.deployArgs.price * (premiumPercentage / 100);\nconst krAssetAmount = (0, lib_1.toBig)(1);\nconst collateralAmount = (0, lib_1.toBig)(1).mul(premiumPercentage).div(this.krAsset.deployArgs.price);\nconst [amountIn] = await UniMath.profitMaximizingTrade(this.collateral.address, this.krAsset.address, collateralAmount, krAssetAmount);\nawait this.collateral.setBalance(userOne, amountIn);\nawait (0, amm_1.swap)({\n    amount: amountIn,\n    route: [this.collateral.address, this.krAsset.address],\n    router: hardhat_1.default.UniV2Router,\n    user: userOne,\n});\nconst ammPricesUpPremium = await (0, amm_1.getAMMPrices)(this.collateral, this.krAsset);\n(0, chai_1.expect)(ammPricesUpPremium.price0).to.be.closeTo(expectedPrice, 0.05);\nawait updateTWAP();\nconst priceRate = await hardhat_1.default.Diamond.getPriceRateForAsset(this.krAsset.address);\n(0, chai_1.expect)(priceRate).to.bignumber.closeTo(expectedPriceRate, test_1.BASIS_POINT);",
                  "err": {},
                  "uuid": "e1f9b3ec-8451-4911-8fe3-ff55c472810b",
                  "parentUUID": "eb68dc2e-bec3-44f3-b18d-188af4748df6",
                  "isHook": false,
                  "skipped": false
                },
                {
                  "title": "calculates correct price rates when amm < oracle ",
                  "fullTitle": "Stability Rates #price-rate calculates correct price rates when amm < oracle ",
                  "timedOut": false,
                  "duration": 150,
                  "state": "passed",
                  "speed": "slow",
                  "pass": true,
                  "fail": false,
                  "pending": false,
                  "context": null,
                  "code": "const premiumPercentage = 95; // 95% eg. 5% below oracle price\nconst expectedPriceRate = test_1.ONE_PERCENT.mul(premiumPercentage).mul(1003).div(1000);\nconst expectedPrice = this.krAsset.deployArgs.price * (premiumPercentage / 100);\nconst krAssetAmount = (0, lib_1.toBig)(1);\nconst collateralAmount = (0, lib_1.toBig)(1).mul(premiumPercentage).div(this.krAsset.deployArgs.price);\nconst [amountIn] = await UniMath.profitMaximizingTrade(this.collateral.address, this.krAsset.address, collateralAmount, krAssetAmount);\nawait (0, krassets_1.mintKrAsset)({\n    user: userOne,\n    asset: this.krAsset,\n    amount: amountIn,\n});\nawait (0, amm_1.swap)({\n    amount: amountIn,\n    route: [this.krAsset.address, this.collateral.address],\n    router: hardhat_1.default.UniV2Router,\n    user: userOne,\n});\nconst ammRates = await (0, amm_1.getAMMPrices)(this.collateral, this.krAsset);\n(0, chai_1.expect)(ammRates.price0).to.be.closeTo(expectedPrice, 0.05);\nawait updateTWAP();\nconst priceRate = await hardhat_1.default.Diamond.getPriceRateForAsset(this.krAsset.address);\n(0, chai_1.expect)(priceRate).to.bignumber.closeTo(expectedPriceRate, test_1.BASIS_POINT);",
                  "err": {},
                  "uuid": "c44d09c9-cd68-4452-a0fa-87519eaa4e4f",
                  "parentUUID": "eb68dc2e-bec3-44f3-b18d-188af4748df6",
                  "isHook": false,
                  "skipped": false
                }
              ],
              "suites": [],
              "passes": [
                "c6e98a8d-ecc6-4958-a49e-13c47a220683",
                "e1f9b3ec-8451-4911-8fe3-ff55c472810b",
                "c44d09c9-cd68-4452-a0fa-87519eaa4e4f"
              ],
              "failures": [],
              "pending": [],
              "skipped": [],
              "duration": 268,
              "root": false,
              "rootEmpty": false,
              "_timeout": 15000
            },
            {
              "uuid": "6c7bdf99-bf41-428c-827a-e07b5a7bab4c",
              "title": "#stability-rate",
              "fullFile": "/Users/panukettunen/Projects/kresko-protocol/src/test/stability-rate/01-rates.ts",
              "file": "/src/test/stability-rate/01-rates.ts",
              "beforeHooks": [],
              "afterHooks": [],
              "tests": [
                {
                  "title": "calculates correct stability rate when amm == oracle",
                  "fullTitle": "Stability Rates #stability-rate calculates correct stability rate when amm == oracle",
                  "timedOut": false,
                  "duration": 26,
                  "state": "passed",
                  "speed": "fast",
                  "pass": true,
                  "fail": false,
                  "pending": false,
                  "context": null,
                  "code": "await updateTWAP();\nconst stabilityRate = await hardhat_1.default.Diamond.getStabilityRateForAsset(this.krAsset.address);\nconst priceRate = await hardhat_1.default.Diamond.getPriceRateForAsset(this.krAsset.address);\n(0, chai_1.expect)(priceRate).to.bignumber.equal(lib_1.oneRay);\n(0, chai_1.expect)(stabilityRate).to.bignumber.equal((0, calculations_1.getExpectedStabilityRate)(priceRate, test_1.defaultKrAssetArgs.stabilityRates));",
                  "err": {},
                  "uuid": "b75a7e82-8d6b-4ff7-85f4-293031c91b57",
                  "parentUUID": "6c7bdf99-bf41-428c-827a-e07b5a7bab4c",
                  "isHook": false,
                  "skipped": false
                },
                {
                  "title": "calculates correct stability rate when amm > oracle",
                  "fullTitle": "Stability Rates #stability-rate calculates correct stability rate when amm > oracle",
                  "timedOut": false,
                  "duration": 67,
                  "state": "passed",
                  "speed": "medium",
                  "pass": true,
                  "fail": false,
                  "pending": false,
                  "context": null,
                  "code": "const premiumPercentage = 105; // 105% eg. 5% premium\nconst krAssetAmount = (0, lib_1.toBig)(1);\nconst collateralAmount = (0, lib_1.toBig)(1).mul(premiumPercentage).div(this.krAsset.deployArgs.price);\nconst [amountIn] = await UniMath.profitMaximizingTrade(this.collateral.address, this.krAsset.address, collateralAmount, krAssetAmount);\nawait this.collateral.setBalance(userOne, amountIn);\nawait (0, amm_1.swap)({\n    amount: amountIn,\n    route: [this.collateral.address, this.krAsset.address],\n    router: hardhat_1.default.UniV2Router,\n    user: userOne,\n});\nawait updateTWAP();\nconst priceRateActual = await hardhat_1.default.Diamond.getPriceRateForAsset(this.krAsset.address);\nconst priceRateDecimal = (0, lib_1.fromBig)(priceRateActual, 27);\nconst expectedPriceRateDecimal = (0, lib_1.fromBig)(test_1.ONE_PERCENT.mul(premiumPercentage).mul(997).div(1000), 27);\n(0, chai_1.expect)(priceRateDecimal).to.closeTo(expectedPriceRateDecimal, BPS);\nconst expectedStabilityRate = (0, calculations_1.getExpectedStabilityRate)(priceRateActual, test_1.defaultKrAssetArgs.stabilityRates);\nconst stabilityRate = await hardhat_1.default.Diamond.getStabilityRateForAsset(this.krAsset.address);\n(0, chai_1.expect)(stabilityRate).to.bignumber.equal(expectedStabilityRate);",
                  "err": {},
                  "uuid": "b56d4f7d-664c-474d-b509-4a8d188e13aa",
                  "parentUUID": "6c7bdf99-bf41-428c-827a-e07b5a7bab4c",
                  "isHook": false,
                  "skipped": false
                },
                {
                  "title": "calculates correct stability rates when amm < oracle ",
                  "fullTitle": "Stability Rates #stability-rate calculates correct stability rates when amm < oracle ",
                  "timedOut": false,
                  "duration": 145,
                  "state": "passed",
                  "speed": "slow",
                  "pass": true,
                  "fail": false,
                  "pending": false,
                  "context": null,
                  "code": "const premiumPercentage = 95; // 95% eg. -5% premium\nconst krAssetAmount = (0, lib_1.toBig)(1);\nconst collateralAmount = (0, lib_1.toBig)(1).mul(premiumPercentage).div(this.krAsset.deployArgs.price);\nconst [amountIn] = await UniMath.profitMaximizingTrade(this.collateral.address, this.krAsset.address, collateralAmount, krAssetAmount);\nawait (0, krassets_1.mintKrAsset)({\n    user: userOne,\n    asset: this.krAsset,\n    amount: amountIn,\n});\nawait (0, amm_1.swap)({\n    amount: amountIn,\n    route: [this.krAsset.address, this.collateral.address],\n    router: hardhat_1.default.UniV2Router,\n    user: userOne,\n});\nawait updateTWAP();\nconst priceRateActual = await hardhat_1.default.Diamond.getPriceRateForAsset(this.krAsset.address);\nconst priceRateDecimal = (0, lib_1.fromBig)(priceRateActual, 27);\nconst expectedPriceRateDecimal = (0, lib_1.fromBig)(test_1.ONE_PERCENT.mul(premiumPercentage).mul(1003).div(1000), 27);\n(0, chai_1.expect)(priceRateDecimal).to.closeTo(expectedPriceRateDecimal, BPS);\nconst expectedStabilityRate = (0, calculations_1.getExpectedStabilityRate)(priceRateActual, test_1.defaultKrAssetArgs.stabilityRates);\nconst stabilityRate = await hardhat_1.default.Diamond.getStabilityRateForAsset(this.krAsset.address);\n(0, chai_1.expect)(stabilityRate).to.bignumber.equal(expectedStabilityRate);",
                  "err": {},
                  "uuid": "c4d359b1-7608-437c-9bd3-5e426de11e8c",
                  "parentUUID": "6c7bdf99-bf41-428c-827a-e07b5a7bab4c",
                  "isHook": false,
                  "skipped": false
                }
              ],
              "suites": [],
              "passes": [
                "b75a7e82-8d6b-4ff7-85f4-293031c91b57",
                "b56d4f7d-664c-474d-b509-4a8d188e13aa",
                "c4d359b1-7608-437c-9bd3-5e426de11e8c"
              ],
              "failures": [],
              "pending": [],
              "skipped": [],
              "duration": 238,
              "root": false,
              "rootEmpty": false,
              "_timeout": 15000
            },
            {
              "uuid": "783a58be-a88e-4d39-a456-630ccaa36436",
              "title": "#debt-index",
              "fullFile": "/Users/panukettunen/Projects/kresko-protocol/src/test/stability-rate/01-rates.ts",
              "file": "/src/test/stability-rate/01-rates.ts",
              "beforeHooks": [],
              "afterHooks": [],
              "tests": [
                {
                  "title": "calculates correct debt index after a year when amm price > oracle",
                  "fullTitle": "Stability Rates #debt-index calculates correct debt index after a year when amm price > oracle",
                  "timedOut": false,
                  "duration": 164,
                  "state": "passed",
                  "speed": "slow",
                  "pass": true,
                  "fail": false,
                  "pending": false,
                  "context": null,
                  "code": "await hardhat_1.default.Diamond.updateStabilityRateAndIndexForAsset(this.krAsset.address);\nconst premiumPercentage = 105; // 105% eg. 5% premium\nconst krAssetAmount = (0, lib_1.toBig)(1);\nconst collateralAmount = (0, lib_1.toBig)(1).mul(premiumPercentage).div(this.krAsset.deployArgs.price);\nconst [amountIn] = await UniMath.profitMaximizingTrade(this.collateral.address, this.krAsset.address, collateralAmount, krAssetAmount);\nawait (0, krassets_1.mintKrAsset)({\n    user: userOne,\n    asset: this.krAsset,\n    amount: amountIn,\n});\nawait (0, amm_1.swap)({\n    amount: amountIn,\n    route: [this.krAsset.address, this.collateral.address],\n    router: hardhat_1.default.UniV2Router,\n    user: userOne,\n});\nawait updateTWAP();\nawait hardhat_1.default.Diamond.updateStabilityRateAndIndexForAsset(this.krAsset.address);\nconst debtIndexBefore = await hardhat_1.default.Diamond.getDebtIndexForAsset(this.krAsset.address);\nconst lastUpdateTimestamp = await (0, calculations_1.getBlockTimestamp)();\nawait hardhat_network_helpers_1.time.increase(+lib_1.ONE_YEAR);\nconst debtIndexAfter = await hardhat_1.default.Diamond.getDebtIndexForAsset(this.krAsset.address);\n(0, chai_1.expect)(debtIndexAfter).to.not.equal(debtIndexBefore);\n(0, chai_1.expect)(debtIndexAfter).to.be.bignumber.equal(await (0, calculations_1.calcDebtIndex)(this.krAsset, debtIndexBefore, lastUpdateTimestamp));",
                  "err": {},
                  "uuid": "55708e4f-956e-4564-a2df-da65d7ee9662",
                  "parentUUID": "783a58be-a88e-4d39-a456-630ccaa36436",
                  "isHook": false,
                  "skipped": false
                },
                {
                  "title": "calculates correct debt index after year when amm price < oracle",
                  "fullTitle": "Stability Rates #debt-index calculates correct debt index after year when amm price < oracle",
                  "timedOut": false,
                  "duration": 143,
                  "state": "passed",
                  "speed": "slow",
                  "pass": true,
                  "fail": false,
                  "pending": false,
                  "context": null,
                  "code": "await hardhat_1.default.Diamond.updateStabilityRateAndIndexForAsset(this.krAsset.address);\nconst premiumPercentage = 90; // 90% eg. -10% premium\nconst krAssetAmount = (0, lib_1.toBig)(1);\nconst collateralAmount = (0, lib_1.toBig)(1).mul(premiumPercentage).div(this.krAsset.deployArgs.price);\nconst [amountIn] = await UniMath.profitMaximizingTrade(this.collateral.address, this.krAsset.address, collateralAmount, krAssetAmount);\nawait (0, krassets_1.mintKrAsset)({\n    user: userOne,\n    asset: this.krAsset,\n    amount: amountIn,\n});\nawait (0, amm_1.swap)({\n    amount: amountIn,\n    route: [this.krAsset.address, this.collateral.address],\n    router: hardhat_1.default.UniV2Router,\n    user: userOne,\n});\nawait updateTWAP();\nawait hardhat_1.default.Diamond.updateStabilityRateAndIndexForAsset(this.krAsset.address);\nconst debtIndexBefore = await hardhat_1.default.Diamond.getDebtIndexForAsset(this.krAsset.address);\nconst lastUpdateTimestamp = await (0, calculations_1.getBlockTimestamp)();\nawait hardhat_network_helpers_1.time.increase(+lib_1.ONE_YEAR);\nconst debtIndexAfter = await hardhat_1.default.Diamond.getDebtIndexForAsset(this.krAsset.address);\n(0, chai_1.expect)(debtIndexAfter).to.not.equal(debtIndexBefore);\n(0, chai_1.expect)(debtIndexAfter).to.be.bignumber.equal(await (0, calculations_1.calcDebtIndex)(this.krAsset, debtIndexBefore, lastUpdateTimestamp));",
                  "err": {},
                  "uuid": "7c8b1323-ee0c-420d-b899-92b9d94dfdef",
                  "parentUUID": "783a58be-a88e-4d39-a456-630ccaa36436",
                  "isHook": false,
                  "skipped": false
                },
                {
                  "title": "calculates correct debt index after a year for amm price == oracle",
                  "fullTitle": "Stability Rates #debt-index calculates correct debt index after a year for amm price == oracle",
                  "timedOut": false,
                  "duration": 40,
                  "state": "passed",
                  "speed": "medium",
                  "pass": true,
                  "fail": false,
                  "pending": false,
                  "context": null,
                  "code": "await updateTWAP();\nawait hardhat_1.default.Diamond.updateStabilityRateAndIndexForAsset(this.krAsset.address);\nconst debtIndexBefore = await hardhat_1.default.Diamond.getDebtIndexForAsset(this.krAsset.address);\nconst lastUpdateTimestamp = await (0, calculations_1.getBlockTimestamp)();\nawait hardhat_network_helpers_1.time.increase(+lib_1.ONE_YEAR);\nconst debtIndexAfter = await hardhat_1.default.Diamond.getDebtIndexForAsset(this.krAsset.address);\n(0, chai_1.expect)(debtIndexAfter).to.not.equal(debtIndexBefore);\n(0, chai_1.expect)(debtIndexAfter).to.be.bignumber.equal(await (0, calculations_1.calcDebtIndex)(this.krAsset, debtIndexBefore, lastUpdateTimestamp));",
                  "err": {},
                  "uuid": "16177ef7-c263-44ac-b347-6679ddd2a286",
                  "parentUUID": "783a58be-a88e-4d39-a456-630ccaa36436",
                  "isHook": false,
                  "skipped": false
                }
              ],
              "suites": [],
              "passes": [
                "55708e4f-956e-4564-a2df-da65d7ee9662",
                "7c8b1323-ee0c-420d-b899-92b9d94dfdef",
                "16177ef7-c263-44ac-b347-6679ddd2a286"
              ],
              "failures": [],
              "pending": [],
              "skipped": [],
              "duration": 347,
              "root": false,
              "rootEmpty": false,
              "_timeout": 15000
            }
          ],
          "passes": [],
          "failures": [],
          "pending": [],
          "skipped": [],
          "duration": 0,
          "root": false,
          "rootEmpty": false,
          "_timeout": 15000
        }
      ],
      "passes": [],
      "failures": [],
      "pending": [],
      "skipped": [],
      "duration": 0,
      "root": true,
      "rootEmpty": true,
      "_timeout": 15000
    }
  ],
  "meta": {
    "mocha": {
      "version": "10.2.0"
    },
    "mochawesome": {
      "options": {
        "quiet": false,
        "reportFilename": "mochawesome",
        "saveHtml": true,
        "saveJson": true,
        "consoleReporter": "spec",
        "useInlineDiffs": false,
        "code": true
      },
      "version": "7.1.3"
    },
    "marge": {
      "options": null,
      "version": "6.2.0"
    }
  }
}