{
  "stats": {
    "suites": 92,
    "tests": 278,
    "passes": 248,
    "pending": 30,
    "failures": 0,
    "start": "2023-06-26T15:01:26.051Z",
    "end": "2023-06-26T15:05:00.847Z",
    "duration": 214796,
    "testsRegistered": 278,
    "passPercent": 100,
    "pendingPercent": 10.79136690647482,
    "other": 0,
    "hasOther": false,
    "skipped": 0,
    "hasSkipped": false
  },
  "results": [
    {
      "uuid": "a000fc6d-f89d-43fa-948d-baf637fa33ee",
      "title": "",
      "fullFile": "",
      "file": "",
      "beforeHooks": [],
      "afterHooks": [],
      "tests": [],
      "suites": [
        {
          "uuid": "b40cfbea-0167-402f-95bb-1426fd46e68d",
          "title": "Asset Amounts & Values",
          "fullFile": "/Users/tabishshaikh/work/kresko/kresko-protocol/src/test/asset-values/00-asset-values.ts",
          "file": "/src/test/asset-values/00-asset-values.ts",
          "beforeHooks": [
            {
              "title": "\"before each\" hook in \"Asset Amounts & Values\"",
              "fullTitle": "Asset Amounts & Values \"before each\" hook in \"Asset Amounts & Values\"",
              "timedOut": false,
              "duration": 26,
              "state": null,
              "speed": null,
              "pass": false,
              "fail": false,
              "pending": false,
              "context": null,
              "code": "const fixture = await _hardhat.default.deployments.createFixture(async (hre)=>{\n    const result = await hre.deployments.fixture(fixtureName);\n    if (result.Diamond) {\n        hre.Diamond = _evmconnector.WrapperBuilder.wrap(await hre.getContractOrFork(\"Kresko\")).usingSimpleNumericMock({\n            mockSignersCount: 1,\n            timestampMilliseconds: Date.now(),\n            dataPoints: [\n                {\n                    dataFeedId: \"DAI\",\n                    value: 0\n                },\n                {\n                    dataFeedId: \"USDC\",\n                    value: 0\n                },\n                {\n                    dataFeedId: \"TSLA\",\n                    value: 0\n                },\n                {\n                    dataFeedId: \"ETH\",\n                    value: 0\n                },\n                {\n                    dataFeedId: \"BTC\",\n                    value: 0\n                }\n            ]\n        });\n    }\n    return {\n        facets: result.Diamond ? result.Diamond.facets : [],\n        collaterals: hre.collaterals,\n        krAssets: hre.krAssets\n    };\n})();\nthis.facets = fixture.facets || [];\nthis.collaterals = fixture.collaterals;\nthis.krAssets = fixture.krAssets;",
              "err": {},
              "uuid": "7299ba7c-3188-4d96-a041-d7a5a30eaa45",
              "parentUUID": "b40cfbea-0167-402f-95bb-1426fd46e68d",
              "isHook": true,
              "skipped": false
            },
            {
              "title": "\"before each\" hook in \"Asset Amounts & Values\"",
              "fullTitle": "Asset Amounts & Values \"before each\" hook in \"Asset Amounts & Values\"",
              "timedOut": false,
              "duration": 3109,
              "state": null,
              "speed": null,
              "pass": false,
              "fail": false,
              "pending": false,
              "context": null,
              "code": "user = _hardhat.default.users.testUserSeven;\noracleDecimals = await _hardhat.default.Diamond.extOracleDecimals();\nKreskoAsset = await (0, _krassets.addMockKreskoAsset)({\n    name: \"KreskoAssetPrice10USD\",\n    price: collateralPrice,\n    symbol: \"KreskoAssetPrice10USD\",\n    closeFee: 0.1,\n    openFee: 0.1,\n    marketOpen: true,\n    factor: 2,\n    supplyLimit: 10\n});\nCollateralAsset = await (0, _collaterals.addMockCollateralAsset)({\n    name: \"Collateral18Dec\",\n    price: kreskoAssetPrice,\n    factor: 0.5,\n    decimals: 18\n});\nCollateralAsset8Dec = await (0, _collaterals.addMockCollateralAsset)({\n    name: \"Collateral8Dec\",\n    price: kreskoAssetPrice,\n    factor: 0.5,\n    decimals: 8\n});\nCollateralAsset21Dec = await (0, _collaterals.addMockCollateralAsset)({\n    name: \"Collateral21Dec\",\n    price: kreskoAssetPrice,\n    factor: 0.5,\n    decimals: 21\n});\nawait CollateralAsset.setBalance(user, (0, _lib.toBig)(startingBalance));\nawait CollateralAsset8Dec.setBalance(user, (0, _lib.toBig)(startingBalance, 8));\nawait CollateralAsset21Dec.setBalance(user, (0, _lib.toBig)(startingBalance, 21));\nawait CollateralAsset.contract.connect(user).approve(_hardhat.default.Diamond.address, _hardhat.default.ethers.constants.MaxUint256);\nawait CollateralAsset8Dec.contract.connect(user).approve(_hardhat.default.Diamond.address, _hardhat.default.ethers.constants.MaxUint256);\nawait CollateralAsset21Dec.contract.connect(user).approve(_hardhat.default.Diamond.address, _hardhat.default.ethers.constants.MaxUint256);",
              "err": {},
              "uuid": "40a9e84e-857b-4358-8396-9c0576d7148a",
              "parentUUID": "b40cfbea-0167-402f-95bb-1426fd46e68d",
              "isHook": true,
              "skipped": false
            }
          ],
          "afterHooks": [],
          "tests": [],
          "suites": [
            {
              "uuid": "20ccb06a-7cc3-4e21-84da-a814b9efc29e",
              "title": "#Collateral Deposit Values",
              "fullFile": "/Users/tabishshaikh/work/kresko/kresko-protocol/src/test/asset-values/00-asset-values.ts",
              "file": "/src/test/asset-values/00-asset-values.ts",
              "beforeHooks": [],
              "afterHooks": [],
              "tests": [
                {
                  "title": "should return the correct deposit value with 18 decimals",
                  "fullTitle": "Asset Amounts & Values #Collateral Deposit Values should return the correct deposit value with 18 decimals",
                  "timedOut": false,
                  "duration": 49,
                  "state": "passed",
                  "speed": "medium",
                  "pass": true,
                  "fail": false,
                  "pending": false,
                  "context": null,
                  "code": "const depositAmount = (0, _lib.toBig)(10);\nconst expectedDepositValue = (0, _lib.toBig)(50, oracleDecimals); // cfactor = 0.5, collateralPrice = 10, depositAmount = 10\nawait (0, _test.wrapContractWithSigner)(_hardhat.default.Diamond, user).depositCollateral(user.address, CollateralAsset.address, depositAmount);\nconst depositValue = await _hardhat.default.Diamond.getAccountCollateralValue(user.address);\n(0, _chai.expect)(depositValue).to.equal(expectedDepositValue);",
                  "err": {},
                  "uuid": "09827044-e735-4859-9371-38ca8d5aa9b4",
                  "parentUUID": "20ccb06a-7cc3-4e21-84da-a814b9efc29e",
                  "isHook": false,
                  "skipped": false
                },
                {
                  "title": "should return the correct deposit value with less than 18 decimals",
                  "fullTitle": "Asset Amounts & Values #Collateral Deposit Values should return the correct deposit value with less than 18 decimals",
                  "timedOut": false,
                  "duration": 51,
                  "state": "passed",
                  "speed": "medium",
                  "pass": true,
                  "fail": false,
                  "pending": false,
                  "context": null,
                  "code": "const depositAmount = (0, _lib.toBig)(10, 8);\nconst expectedDepositValue = (0, _lib.toBig)(50, oracleDecimals); // cfactor = 0.5, collateralPrice = 10, depositAmount = 10\nawait (0, _test.wrapContractWithSigner)(_hardhat.default.Diamond, user).depositCollateral(user.address, CollateralAsset8Dec.address, depositAmount);\nconst depositValue = await _hardhat.default.Diamond.getAccountCollateralValue(user.address);\n(0, _chai.expect)(depositValue).to.equal(expectedDepositValue);",
                  "err": {},
                  "uuid": "bc51a856-2a5b-4cc8-894a-656a92c770e4",
                  "parentUUID": "20ccb06a-7cc3-4e21-84da-a814b9efc29e",
                  "isHook": false,
                  "skipped": false
                },
                {
                  "title": "should return the correct deposit value with over 18 decimals",
                  "fullTitle": "Asset Amounts & Values #Collateral Deposit Values should return the correct deposit value with over 18 decimals",
                  "timedOut": false,
                  "duration": 59,
                  "state": "passed",
                  "speed": "medium",
                  "pass": true,
                  "fail": false,
                  "pending": false,
                  "context": null,
                  "code": "const depositAmount = (0, _lib.toBig)(10, 21);\nconst expectedDepositValue = (0, _lib.toBig)(50, oracleDecimals); // cfactor = 0.5, collateralPrice = 10, depositAmount = 10\nawait (0, _test.wrapContractWithSigner)(_hardhat.default.Diamond, user).depositCollateral(user.address, CollateralAsset21Dec.address, depositAmount);\nconst depositValue = await _hardhat.default.Diamond.getAccountCollateralValue(user.address);\n(0, _chai.expect)(depositValue).to.equal(expectedDepositValue);",
                  "err": {},
                  "uuid": "e0edb90f-5ef6-40d5-ade6-67af80d835b6",
                  "parentUUID": "20ccb06a-7cc3-4e21-84da-a814b9efc29e",
                  "isHook": false,
                  "skipped": false
                },
                {
                  "title": "should return the correct deposit value combination of different decimals",
                  "fullTitle": "Asset Amounts & Values #Collateral Deposit Values should return the correct deposit value combination of different decimals",
                  "timedOut": false,
                  "duration": 120,
                  "state": "passed",
                  "speed": "slow",
                  "pass": true,
                  "fail": false,
                  "pending": false,
                  "context": null,
                  "code": "await (0, _test.wrapContractWithSigner)(_hardhat.default.Diamond, user).depositCollateral(user.address, CollateralAsset.address, (0, _lib.toBig)(10));\nawait (0, _test.wrapContractWithSigner)(_hardhat.default.Diamond, user).depositCollateral(user.address, CollateralAsset8Dec.address, (0, _lib.toBig)(10, 8));\nawait (0, _test.wrapContractWithSigner)(_hardhat.default.Diamond, user).depositCollateral(user.address, CollateralAsset21Dec.address, (0, _lib.toBig)(10, 21));\nconst expectedDepositValue = (0, _lib.toBig)(150, oracleDecimals); // cfactor = 0.5, collateralPrice = 10, depositAmount = 30\nconst depositValue = await _hardhat.default.Diamond.getAccountCollateralValue(user.address);\n(0, _chai.expect)(depositValue).to.equal(expectedDepositValue);",
                  "err": {},
                  "uuid": "8723a7f1-8d45-4beb-945f-9e2cc8712bbb",
                  "parentUUID": "20ccb06a-7cc3-4e21-84da-a814b9efc29e",
                  "isHook": false,
                  "skipped": false
                }
              ],
              "suites": [],
              "passes": [
                "09827044-e735-4859-9371-38ca8d5aa9b4",
                "bc51a856-2a5b-4cc8-894a-656a92c770e4",
                "e0edb90f-5ef6-40d5-ade6-67af80d835b6",
                "8723a7f1-8d45-4beb-945f-9e2cc8712bbb"
              ],
              "failures": [],
              "pending": [],
              "skipped": [],
              "duration": 279,
              "root": false,
              "rootEmpty": false,
              "_timeout": 15000
            },
            {
              "uuid": "cdda2c14-d6c7-4ec6-bc96-22f66d82916d",
              "title": "#Collateral Deposit Amount",
              "fullFile": "/Users/tabishshaikh/work/kresko/kresko-protocol/src/test/asset-values/00-asset-values.ts",
              "file": "/src/test/asset-values/00-asset-values.ts",
              "beforeHooks": [],
              "afterHooks": [],
              "tests": [
                {
                  "title": "should return the correct deposit amount with 18 decimals",
                  "fullTitle": "Asset Amounts & Values #Collateral Deposit Amount should return the correct deposit amount with 18 decimals",
                  "timedOut": false,
                  "duration": 109,
                  "state": "passed",
                  "speed": "slow",
                  "pass": true,
                  "fail": false,
                  "pending": false,
                  "context": null,
                  "code": "const depositAmount = (0, _lib.toBig)(10);\nawait (0, _test.wrapContractWithSigner)(_hardhat.default.Diamond, user).depositCollateral(user.address, CollateralAsset.address, depositAmount);\nconst withdrawIndex = await _hardhat.default.Diamond.getDepositedCollateralAssetIndex(user.address, CollateralAsset.address);\nconst deposits = await _hardhat.default.Diamond.collateralDeposits(user.address, CollateralAsset.address);\n(0, _chai.expect)(deposits).to.equal(depositAmount);\nawait (0, _test.wrapContractWithSigner)(_hardhat.default.Diamond, user).withdrawCollateral(user.address, CollateralAsset.address, depositAmount, withdrawIndex);\nconst balance = await CollateralAsset.contract.balanceOf(user.address);\n(0, _chai.expect)(balance).to.equal((0, _lib.toBig)(startingBalance));",
                  "err": {},
                  "uuid": "e4945d94-94ea-4f8f-93b2-04ef128dc09a",
                  "parentUUID": "cdda2c14-d6c7-4ec6-bc96-22f66d82916d",
                  "isHook": false,
                  "skipped": false
                },
                {
                  "title": "should return the correct deposit amount with less than 18 decimals",
                  "fullTitle": "Asset Amounts & Values #Collateral Deposit Amount should return the correct deposit amount with less than 18 decimals",
                  "timedOut": false,
                  "duration": 122,
                  "state": "passed",
                  "speed": "slow",
                  "pass": true,
                  "fail": false,
                  "pending": false,
                  "context": null,
                  "code": "const depositAmount = (0, _lib.toBig)(10, 8);\nawait (0, _test.wrapContractWithSigner)(_hardhat.default.Diamond, user).depositCollateral(user.address, CollateralAsset8Dec.address, depositAmount);\nconst withdrawIndex = await _hardhat.default.Diamond.getDepositedCollateralAssetIndex(user.address, CollateralAsset8Dec.address);\nconst deposits = await _hardhat.default.Diamond.collateralDeposits(user.address, CollateralAsset8Dec.address);\n(0, _chai.expect)(deposits).to.equal(depositAmount);\nawait (0, _test.wrapContractWithSigner)(_hardhat.default.Diamond, user).withdrawCollateral(user.address, CollateralAsset8Dec.address, depositAmount, withdrawIndex);\nconst balance = await CollateralAsset8Dec.contract.balanceOf(user.address);\n(0, _chai.expect)(balance).to.equal((0, _lib.toBig)(startingBalance, 8));",
                  "err": {},
                  "uuid": "ce17d8cd-89f1-4e39-90b5-198cf2ee754f",
                  "parentUUID": "cdda2c14-d6c7-4ec6-bc96-22f66d82916d",
                  "isHook": false,
                  "skipped": false
                },
                {
                  "title": "should return the correct deposit value with over 18 decimals",
                  "fullTitle": "Asset Amounts & Values #Collateral Deposit Amount should return the correct deposit value with over 18 decimals",
                  "timedOut": false,
                  "duration": 118,
                  "state": "passed",
                  "speed": "slow",
                  "pass": true,
                  "fail": false,
                  "pending": false,
                  "context": null,
                  "code": "const depositAmount = (0, _lib.toBig)(10, 21);\nawait (0, _test.wrapContractWithSigner)(_hardhat.default.Diamond, user).depositCollateral(user.address, CollateralAsset21Dec.address, depositAmount);\nconst withdrawIndex = await _hardhat.default.Diamond.getDepositedCollateralAssetIndex(user.address, CollateralAsset21Dec.address);\nconst deposits = await _hardhat.default.Diamond.collateralDeposits(user.address, CollateralAsset21Dec.address);\n(0, _chai.expect)(deposits).to.equal(depositAmount);\nawait (0, _test.wrapContractWithSigner)(_hardhat.default.Diamond, user).withdrawCollateral(user.address, CollateralAsset21Dec.address, depositAmount, withdrawIndex);\nconst balance = await CollateralAsset21Dec.contract.balanceOf(user.address);\n(0, _chai.expect)(balance).to.equal((0, _lib.toBig)(startingBalance, 21));",
                  "err": {},
                  "uuid": "cdf5eda4-a694-476b-8725-5ed774b764cb",
                  "parentUUID": "cdda2c14-d6c7-4ec6-bc96-22f66d82916d",
                  "isHook": false,
                  "skipped": false
                }
              ],
              "suites": [],
              "passes": [
                "e4945d94-94ea-4f8f-93b2-04ef128dc09a",
                "ce17d8cd-89f1-4e39-90b5-198cf2ee754f",
                "cdf5eda4-a694-476b-8725-5ed774b764cb"
              ],
              "failures": [],
              "pending": [],
              "skipped": [],
              "duration": 349,
              "root": false,
              "rootEmpty": false,
              "_timeout": 15000
            },
            {
              "uuid": "4be4109e-41bf-4f11-9169-128e65f60fdf",
              "title": "#Kresko Asset Debt Values",
              "fullFile": "/Users/tabishshaikh/work/kresko/kresko-protocol/src/test/asset-values/00-asset-values.ts",
              "file": "/src/test/asset-values/00-asset-values.ts",
              "beforeHooks": [],
              "afterHooks": [],
              "tests": [
                {
                  "title": "should return the correct debt value (+CR) with 18 decimal collateral",
                  "fullTitle": "Asset Amounts & Values #Kresko Asset Debt Values should return the correct debt value (+CR) with 18 decimal collateral",
                  "timedOut": false,
                  "duration": 349,
                  "state": "passed",
                  "speed": "slow",
                  "pass": true,
                  "fail": false,
                  "pending": false,
                  "context": null,
                  "code": "const depositAmount = (0, _lib.toBig)(10);\nawait (0, _test.wrapContractWithSigner)(_hardhat.default.Diamond, user).depositCollateral(user.address, CollateralAsset.address, depositAmount);\nconst mintAmount = (0, _lib.toBig)(1);\nconst expectedMintValue = (0, _lib.toBig)(20, oracleDecimals); // kFactor = 2, krAssetPrice = 10, mintAmount = 1, openFee = 0.1\nawait (0, _test.wrapContractWithSigner)(_hardhat.default.Diamond, user).mintKreskoAsset(user.address, KreskoAsset.address, mintAmount);\nconst expectedDepositValue = (0, _lib.toBig)(49.5, oracleDecimals); // cfactor = 0.5, collateralPrice = 10, depositAmount = 10, openFee = 0.1\nconst depositValue = await _hardhat.default.Diamond.getAccountCollateralValue(user.address);\n(0, _chai.expect)(depositValue).to.equal(expectedDepositValue);\nconst mintValue = await _hardhat.default.Diamond.getAccountKrAssetValue(user.address);\n(0, _chai.expect)(mintValue).to.equal(expectedMintValue);\nconst assetValue = await _hardhat.default.Diamond.getKrAssetValue(KreskoAsset.address, mintAmount, true);\nconst kFactor = (await _hardhat.default.Diamond.kreskoAsset(KreskoAsset.address)).kFactor;\n(0, _chai.expect)(assetValue).to.equal(expectedMintValue.wadDiv(kFactor));\nconst collateralRatio = await (0, _liquidations.getCR)(user.address, true); // big\n(0, _chai.expect)(collateralRatio).to.equal(expectedDepositValue.wadDiv(expectedMintValue)); // 2.475",
                  "err": {},
                  "uuid": "36b3c923-f7b7-49bb-99f6-d0c29749fd46",
                  "parentUUID": "4be4109e-41bf-4f11-9169-128e65f60fdf",
                  "isHook": false,
                  "skipped": false
                },
                {
                  "title": "should return the correct debt value (+CR) with less than 18 decimal collateral",
                  "fullTitle": "Asset Amounts & Values #Kresko Asset Debt Values should return the correct debt value (+CR) with less than 18 decimal collateral",
                  "timedOut": false,
                  "duration": 349,
                  "state": "passed",
                  "speed": "slow",
                  "pass": true,
                  "fail": false,
                  "pending": false,
                  "context": null,
                  "code": "const depositAmount = (0, _lib.toBig)(10, 8);\nawait (0, _test.wrapContractWithSigner)(_hardhat.default.Diamond, user).depositCollateral(user.address, CollateralAsset8Dec.address, depositAmount);\nconst mintAmount = (0, _lib.toBig)(1);\nconst expectedMintValue = (0, _lib.toBig)(20, oracleDecimals); // kFactor = 2, krAssetPrice = 10, mintAmount = 1, openFee = 0.1\nawait (0, _test.wrapContractWithSigner)(_hardhat.default.Diamond, user).mintKreskoAsset(user.address, KreskoAsset.address, mintAmount);\nconst expectedDepositValue = (0, _lib.toBig)(49.5, oracleDecimals); // cfactor = 0.5, collateralPrice = 10, depositAmount = 10, openFee = 0.1\nconst depositValue = await _hardhat.default.Diamond.getAccountCollateralValue(user.address);\n(0, _chai.expect)(depositValue).to.equal(expectedDepositValue);\nconst mintValue = await _hardhat.default.Diamond.getAccountKrAssetValue(user.address);\n(0, _chai.expect)(mintValue).to.equal(expectedMintValue);\nconst assetValue = await _hardhat.default.Diamond.getKrAssetValue(KreskoAsset.address, mintAmount, true);\nconst kFactor = (await _hardhat.default.Diamond.kreskoAsset(KreskoAsset.address)).kFactor;\n(0, _chai.expect)(assetValue).to.equal(expectedMintValue.wadDiv(kFactor));\nconst collateralRatio = await (0, _liquidations.getCR)(user.address, true); // big\n(0, _chai.expect)(collateralRatio).to.equal(expectedDepositValue.wadDiv(expectedMintValue)); // 2.475",
                  "err": {},
                  "uuid": "09c841a2-1b2b-48f9-8454-006e18fb9409",
                  "parentUUID": "4be4109e-41bf-4f11-9169-128e65f60fdf",
                  "isHook": false,
                  "skipped": false
                },
                {
                  "title": "should return the correct debt value (+CR) with more than 18 decimal collateral",
                  "fullTitle": "Asset Amounts & Values #Kresko Asset Debt Values should return the correct debt value (+CR) with more than 18 decimal collateral",
                  "timedOut": false,
                  "duration": 360,
                  "state": "passed",
                  "speed": "slow",
                  "pass": true,
                  "fail": false,
                  "pending": false,
                  "context": null,
                  "code": "const depositAmount = (0, _lib.toBig)(10, 21);\nawait (0, _test.wrapContractWithSigner)(_hardhat.default.Diamond, user).depositCollateral(user.address, CollateralAsset21Dec.address, depositAmount);\nconst mintAmount = (0, _lib.toBig)(1);\nconst expectedMintValue = (0, _lib.toBig)(20, oracleDecimals); // kFactor = 2, krAssetPrice = 10, mintAmount = 1, openFee = 0.1\nawait (0, _test.wrapContractWithSigner)(_hardhat.default.Diamond, user).mintKreskoAsset(user.address, KreskoAsset.address, mintAmount);\nconst expectedDepositValue = (0, _lib.toBig)(49.5, oracleDecimals); // cfactor = 0.5, collateralPrice = 10, depositAmount = 10, openFee = 0.1\nconst depositValue = await _hardhat.default.Diamond.getAccountCollateralValue(user.address);\n(0, _chai.expect)(depositValue).to.equal(expectedDepositValue);\nconst mintValue = await _hardhat.default.Diamond.getAccountKrAssetValue(user.address);\n(0, _chai.expect)(mintValue).to.equal(expectedMintValue);\nconst assetValue = await _hardhat.default.Diamond.getKrAssetValue(KreskoAsset.address, mintAmount, true);\nconst kFactor = (await _hardhat.default.Diamond.kreskoAsset(KreskoAsset.address)).kFactor;\n(0, _chai.expect)(assetValue).to.equal(expectedMintValue.wadDiv(kFactor));\nconst collateralRatio = await (0, _liquidations.getCR)(user.address, true); // big\n(0, _chai.expect)(collateralRatio).to.equal(expectedDepositValue.wadDiv(expectedMintValue)); // 2.475",
                  "err": {},
                  "uuid": "83e3641e-d166-4693-baee-e0bae48fd9ae",
                  "parentUUID": "4be4109e-41bf-4f11-9169-128e65f60fdf",
                  "isHook": false,
                  "skipped": false
                }
              ],
              "suites": [],
              "passes": [
                "36b3c923-f7b7-49bb-99f6-d0c29749fd46",
                "09c841a2-1b2b-48f9-8454-006e18fb9409",
                "83e3641e-d166-4693-baee-e0bae48fd9ae"
              ],
              "failures": [],
              "pending": [],
              "skipped": [],
              "duration": 1058,
              "root": false,
              "rootEmpty": false,
              "_timeout": 15000
            }
          ],
          "passes": [],
          "failures": [],
          "pending": [],
          "skipped": [],
          "duration": 0,
          "root": false,
          "rootEmpty": false,
          "_timeout": 15000
        },
        {
          "uuid": "60e934b4-6a94-4922-82dc-9aa18010a6fe",
          "title": "Diamond",
          "fullFile": "/Users/tabishshaikh/work/kresko/kresko-protocol/src/test/diamond/00-init.ts",
          "file": "/src/test/diamond/00-init.ts",
          "beforeHooks": [
            {
              "title": "\"before each\" hook in \"Diamond\"",
              "fullTitle": "Diamond \"before each\" hook in \"Diamond\"",
              "timedOut": false,
              "duration": 26,
              "state": null,
              "speed": null,
              "pass": false,
              "fail": false,
              "pending": false,
              "context": null,
              "code": "const fixture = await _hardhat.default.deployments.createFixture(async (hre)=>{\n    const result = await hre.deployments.fixture(fixtureName);\n    if (result.Diamond) {\n        hre.Diamond = _evmconnector.WrapperBuilder.wrap(await hre.getContractOrFork(\"Kresko\")).usingSimpleNumericMock({\n            mockSignersCount: 1,\n            timestampMilliseconds: Date.now(),\n            dataPoints: [\n                {\n                    dataFeedId: \"DAI\",\n                    value: 0\n                },\n                {\n                    dataFeedId: \"USDC\",\n                    value: 0\n                },\n                {\n                    dataFeedId: \"TSLA\",\n                    value: 0\n                },\n                {\n                    dataFeedId: \"ETH\",\n                    value: 0\n                },\n                {\n                    dataFeedId: \"BTC\",\n                    value: 0\n                }\n            ]\n        });\n    }\n    return {\n        facets: result.Diamond ? result.Diamond.facets : [],\n        collaterals: hre.collaterals,\n        krAssets: hre.krAssets\n    };\n})();\nthis.facets = fixture.facets || [];\nthis.collaterals = fixture.collaterals;\nthis.krAssets = fixture.krAssets;",
              "err": {},
              "uuid": "ddd42cd8-1471-44c4-94de-8c77af4b47d3",
              "parentUUID": "60e934b4-6a94-4922-82dc-9aa18010a6fe",
              "isHook": true,
              "skipped": false
            }
          ],
          "afterHooks": [],
          "tests": [],
          "suites": [
            {
              "uuid": "4b05e3cd-6aa0-4204-b885-a70e1cf0d0b8",
              "title": "#initialization",
              "fullFile": "/Users/tabishshaikh/work/kresko/kresko-protocol/src/test/diamond/00-init.ts",
              "file": "/src/test/diamond/00-init.ts",
              "beforeHooks": [],
              "afterHooks": [],
              "tests": [
                {
                  "title": "sets correct state",
                  "fullTitle": "Diamond #initialization sets correct state",
                  "timedOut": false,
                  "duration": 39,
                  "state": "passed",
                  "speed": "medium",
                  "pass": true,
                  "fail": false,
                  "pending": false,
                  "context": null,
                  "code": "(0, _chai.expect)(await _hardhat.default.Diamond.owner()).to.equal(_hardhat.default.users.deployer.address);\n(0, _chai.expect)(await _hardhat.default.Diamond.initialized()).to.equal(true);",
                  "err": {},
                  "uuid": "f123e4d3-f147-465f-b439-359e7c40a05a",
                  "parentUUID": "4b05e3cd-6aa0-4204-b885-a70e1cf0d0b8",
                  "isHook": false,
                  "skipped": false
                },
                {
                  "title": "sets standard facet addresses",
                  "fullTitle": "Diamond #initialization sets standard facet addresses",
                  "timedOut": false,
                  "duration": 38,
                  "state": "passed",
                  "speed": "medium",
                  "pass": true,
                  "fail": false,
                  "pending": false,
                  "context": null,
                  "code": "const facetAddressesOnChain = (await _hardhat.default.Diamond.facets()).map((f)=>f.facetAddress);\nconst facetAddressesArtifact = this.facets.map((f)=>f.facetAddress);\n(0, _chai.expect)(facetAddressesOnChain.length).to.equal(facetAddressesArtifact.length);\n(0, _chai.expect)(facetAddressesOnChain).to.have.members(facetAddressesArtifact);",
                  "err": {},
                  "uuid": "feeb0685-38f8-4f0a-8277-86dd7c1294cb",
                  "parentUUID": "4b05e3cd-6aa0-4204-b885-a70e1cf0d0b8",
                  "isHook": false,
                  "skipped": false
                },
                {
                  "title": "sets selectors of standard facets",
                  "fullTitle": "Diamond #initialization sets selectors of standard facets",
                  "timedOut": false,
                  "duration": 40,
                  "state": "passed",
                  "speed": "medium",
                  "pass": true,
                  "fail": false,
                  "pending": false,
                  "context": null,
                  "code": "const facetsSelectorsOnChain = (await _hardhat.default.Diamond.facets()).flatMap((f)=>f.functionSelectors);\nconst facetSelectorsOnArtifact = this.facets.flatMap((f)=>f.functionSelectors);\n(0, _chai.expect)(facetsSelectorsOnChain.length).to.equal(facetSelectorsOnArtifact.length);\n(0, _chai.expect)(facetsSelectorsOnChain).to.have.members(facetSelectorsOnArtifact);",
                  "err": {},
                  "uuid": "adc9d869-5a04-4d5b-9626-6339abd6d5d9",
                  "parentUUID": "4b05e3cd-6aa0-4204-b885-a70e1cf0d0b8",
                  "isHook": false,
                  "skipped": false
                }
              ],
              "suites": [],
              "passes": [
                "f123e4d3-f147-465f-b439-359e7c40a05a",
                "feeb0685-38f8-4f0a-8277-86dd7c1294cb",
                "adc9d869-5a04-4d5b-9626-6339abd6d5d9"
              ],
              "failures": [],
              "pending": [],
              "skipped": [],
              "duration": 117,
              "root": false,
              "rootEmpty": false,
              "_timeout": 15000
            }
          ],
          "passes": [],
          "failures": [],
          "pending": [],
          "skipped": [],
          "duration": 0,
          "root": false,
          "rootEmpty": false,
          "_timeout": 15000
        },
        {
          "uuid": "37fae33a-8bd9-4f9f-8df7-030eb774cdaf",
          "title": "Diamond",
          "fullFile": "/Users/tabishshaikh/work/kresko/kresko-protocol/src/test/diamond/01-ownership.ts",
          "file": "/src/test/diamond/01-ownership.ts",
          "beforeHooks": [
            {
              "title": "\"before each\" hook in \"Diamond\"",
              "fullTitle": "Diamond \"before each\" hook in \"Diamond\"",
              "timedOut": false,
              "duration": 26,
              "state": null,
              "speed": null,
              "pass": false,
              "fail": false,
              "pending": false,
              "context": null,
              "code": "const fixture = await _hardhat.default.deployments.createFixture(async (hre)=>{\n    const result = await hre.deployments.fixture(fixtureName);\n    if (result.Diamond) {\n        hre.Diamond = _evmconnector.WrapperBuilder.wrap(await hre.getContractOrFork(\"Kresko\")).usingSimpleNumericMock({\n            mockSignersCount: 1,\n            timestampMilliseconds: Date.now(),\n            dataPoints: [\n                {\n                    dataFeedId: \"DAI\",\n                    value: 0\n                },\n                {\n                    dataFeedId: \"USDC\",\n                    value: 0\n                },\n                {\n                    dataFeedId: \"TSLA\",\n                    value: 0\n                },\n                {\n                    dataFeedId: \"ETH\",\n                    value: 0\n                },\n                {\n                    dataFeedId: \"BTC\",\n                    value: 0\n                }\n            ]\n        });\n    }\n    return {\n        facets: result.Diamond ? result.Diamond.facets : [],\n        collaterals: hre.collaterals,\n        krAssets: hre.krAssets\n    };\n})();\nthis.facets = fixture.facets || [];\nthis.collaterals = fixture.collaterals;\nthis.krAssets = fixture.krAssets;",
              "err": {},
              "uuid": "98536e27-d44d-4206-a634-45e5bee4965e",
              "parentUUID": "37fae33a-8bd9-4f9f-8df7-030eb774cdaf",
              "isHook": true,
              "skipped": false
            }
          ],
          "afterHooks": [],
          "tests": [],
          "suites": [
            {
              "uuid": "2baccee1-34a6-4a59-9699-2af9443d2623",
              "title": "#ownership",
              "fullFile": "/Users/tabishshaikh/work/kresko/kresko-protocol/src/test/diamond/01-ownership.ts",
              "file": "/src/test/diamond/01-ownership.ts",
              "beforeHooks": [],
              "afterHooks": [],
              "tests": [
                {
                  "title": "sets correct owner",
                  "fullTitle": "Diamond #ownership sets correct owner",
                  "timedOut": false,
                  "duration": 20,
                  "state": "passed",
                  "speed": "fast",
                  "pass": true,
                  "fail": false,
                  "pending": false,
                  "context": null,
                  "code": "(0, _chai.expect)(await _hardhat.default.Diamond.owner()).to.equal(_hardhat.default.addr.deployer);",
                  "err": {},
                  "uuid": "d0522a0a-e3dd-4c62-ae93-b909513a141a",
                  "parentUUID": "2baccee1-34a6-4a59-9699-2af9443d2623",
                  "isHook": false,
                  "skipped": false
                },
                {
                  "title": "sets correct default admin role",
                  "fullTitle": "Diamond #ownership sets correct default admin role",
                  "timedOut": false,
                  "duration": 20,
                  "state": "passed",
                  "speed": "fast",
                  "pass": true,
                  "fail": false,
                  "pending": false,
                  "context": null,
                  "code": "(0, _chai.expect)(await _hardhat.default.Diamond.hasRole(_test.Role.ADMIN, _hardhat.default.addr.deployer)).to.equal(true);",
                  "err": {},
                  "uuid": "88bcacf6-5cfe-4d3c-adec-0fdcf9d5e99e",
                  "parentUUID": "2baccee1-34a6-4a59-9699-2af9443d2623",
                  "isHook": false,
                  "skipped": false
                },
                {
                  "title": "sets a new pending owner",
                  "fullTitle": "Diamond #ownership sets a new pending owner",
                  "timedOut": false,
                  "duration": 39,
                  "state": "passed",
                  "speed": "medium",
                  "pass": true,
                  "fail": false,
                  "pending": false,
                  "context": null,
                  "code": "const pendingOwner = _hardhat.default.users.userOne;\nawait _hardhat.default.Diamond.transferOwnership(pendingOwner.address);\n(0, _chai.expect)(await _hardhat.default.Diamond.pendingOwner()).to.equal(pendingOwner.address);",
                  "err": {},
                  "uuid": "6743f239-f5a4-47e6-a441-970443e5a869",
                  "parentUUID": "2baccee1-34a6-4a59-9699-2af9443d2623",
                  "isHook": false,
                  "skipped": false
                },
                {
                  "title": "sets the pending owner as new owner",
                  "fullTitle": "Diamond #ownership sets the pending owner as new owner",
                  "timedOut": false,
                  "duration": 61,
                  "state": "passed",
                  "speed": "medium",
                  "pass": true,
                  "fail": false,
                  "pending": false,
                  "context": null,
                  "code": "const pendingOwner = _hardhat.default.users.userOne;\nawait _hardhat.default.Diamond.transferOwnership(pendingOwner.address);\nawait (0, _test.wrapContractWithSigner)(_hardhat.default.Diamond, pendingOwner).acceptOwnership();\n(0, _chai.expect)(await _hardhat.default.Diamond.owner()).to.equal(pendingOwner.address);",
                  "err": {},
                  "uuid": "20b12fc1-4351-4724-b6a5-1da8b4eaf297",
                  "parentUUID": "2baccee1-34a6-4a59-9699-2af9443d2623",
                  "isHook": false,
                  "skipped": false
                }
              ],
              "suites": [],
              "passes": [
                "d0522a0a-e3dd-4c62-ae93-b909513a141a",
                "88bcacf6-5cfe-4d3c-adec-0fdcf9d5e99e",
                "6743f239-f5a4-47e6-a441-970443e5a869",
                "20b12fc1-4351-4724-b6a5-1da8b4eaf297"
              ],
              "failures": [],
              "pending": [],
              "skipped": [],
              "duration": 140,
              "root": false,
              "rootEmpty": false,
              "_timeout": 15000
            }
          ],
          "passes": [],
          "failures": [],
          "pending": [],
          "skipped": [],
          "duration": 0,
          "root": false,
          "rootEmpty": false,
          "_timeout": 15000
        },
        {
          "uuid": "d990a7b6-4a0e-4541-8df8-c7e48ccfe9f1",
          "title": "Diamond",
          "fullFile": "/Users/tabishshaikh/work/kresko/kresko-protocol/src/test/diamond/02-upgrades.ts",
          "file": "/src/test/diamond/02-upgrades.ts",
          "beforeHooks": [
            {
              "title": "\"before each\" hook in \"Diamond\"",
              "fullTitle": "Diamond \"before each\" hook in \"Diamond\"",
              "timedOut": false,
              "duration": 26,
              "state": null,
              "speed": null,
              "pass": false,
              "fail": false,
              "pending": false,
              "context": null,
              "code": "const fixture = await _hardhat.default.deployments.createFixture(async (hre)=>{\n    const result = await hre.deployments.fixture(fixtureName);\n    if (result.Diamond) {\n        hre.Diamond = _evmconnector.WrapperBuilder.wrap(await hre.getContractOrFork(\"Kresko\")).usingSimpleNumericMock({\n            mockSignersCount: 1,\n            timestampMilliseconds: Date.now(),\n            dataPoints: [\n                {\n                    dataFeedId: \"DAI\",\n                    value: 0\n                },\n                {\n                    dataFeedId: \"USDC\",\n                    value: 0\n                },\n                {\n                    dataFeedId: \"TSLA\",\n                    value: 0\n                },\n                {\n                    dataFeedId: \"ETH\",\n                    value: 0\n                },\n                {\n                    dataFeedId: \"BTC\",\n                    value: 0\n                }\n            ]\n        });\n    }\n    return {\n        facets: result.Diamond ? result.Diamond.facets : [],\n        collaterals: hre.collaterals,\n        krAssets: hre.krAssets\n    };\n})();\nthis.facets = fixture.facets || [];\nthis.collaterals = fixture.collaterals;\nthis.krAssets = fixture.krAssets;",
              "err": {},
              "uuid": "3f275381-e830-498d-8c95-4f844695aad3",
              "parentUUID": "d990a7b6-4a0e-4541-8df8-c7e48ccfe9f1",
              "isHook": true,
              "skipped": false
            }
          ],
          "afterHooks": [],
          "tests": [],
          "suites": [
            {
              "uuid": "3898ec7a-940a-4ddf-acc4-8651e3028a67",
              "title": "#upgrades",
              "fullFile": "/Users/tabishshaikh/work/kresko/kresko-protocol/src/test/diamond/02-upgrades.ts",
              "file": "/src/test/diamond/02-upgrades.ts",
              "beforeHooks": [],
              "afterHooks": [],
              "tests": [
                {
                  "title": "can add a new facet",
                  "fullTitle": "Diamond #upgrades can add a new facet",
                  "timedOut": false,
                  "duration": 394,
                  "state": "passed",
                  "speed": "slow",
                  "pass": true,
                  "fail": false,
                  "pending": false,
                  "context": null,
                  "code": "const Factory = await _smock.smock.mock(\"SmockFacet\");\nconst SmockFacet = await Factory.deploy();\nconst [SmockInitializer] = await _hardhat.default.deploy(\"SmockInit\");\nconst signatures = _hardhat.default.getSignatures([\n    ..._typechain.SmockFacet__factory.abi\n]);\nconst Cut = {\n    facetAddress: SmockFacet.address,\n    functionSelectors: signatures,\n    action: _types.FacetCutAction.Add\n};\nconst initData = await SmockInitializer.populateTransaction.initialize(_hardhat.default.addr.userOne);\nawait _hardhat.default.Diamond.diamondCut([\n    Cut\n], initData.to, initData.data);\nconst TEST_OPERATOR_ROLE = _hardhat.default.ethers.utils.id(\"kresko.test.operator\");\nconst isTestOperator = await _hardhat.default.Diamond.hasRole(TEST_OPERATOR_ROLE, _hardhat.default.addr.userOne);\n// Succesfully added the new operator through the initialization contract\n(0, _chai.expect)(isTestOperator).to.equal(true);\nconst Facet = await _hardhat.default.ethers.getContractAt([\n    ..._typechain.SmockFacet__factory.abi\n], _hardhat.default.Diamond.address);\n// Ensure facet has it's own storage\nconst operatorFromNewStorage = await Facet.operator(); // Retrieved from SmockStorage\n(0, _chai.expect)(operatorFromNewStorage).to.equal(_hardhat.default.addr.userOne);",
                  "err": {},
                  "uuid": "468a5ada-a88f-42af-95b2-806a74de2361",
                  "parentUUID": "3898ec7a-940a-4ddf-acc4-8651e3028a67",
                  "isHook": false,
                  "skipped": false
                },
                {
                  "title": "can remove a facet",
                  "fullTitle": "Diamond #upgrades can remove a facet",
                  "timedOut": false,
                  "duration": 384,
                  "state": "passed",
                  "speed": "slow",
                  "pass": true,
                  "fail": false,
                  "pending": false,
                  "context": null,
                  "code": "const NewFacet = await (0, _addfacet.addFacet)({\n    name: \"SmockFacet\",\n    initializerName: \"SmockInit\",\n    initializerArgs: _hardhat.default.addr.userOne\n});\nconst facetsBefore = await _hardhat.default.Diamond.facets();\n(0, _chai.expect)(facetsBefore.filter((f)=>f.facetAddress === NewFacet.address).length).to.equal(1);\nawait (0, _removefacet.removeFacet)({\n    name: \"SmockFacet\"\n});\nconst facetsAfter = await _hardhat.default.Diamond.facets();\n(0, _chai.expect)(facetsBefore.length - facetsAfter.length).to.equal(1);\n(0, _chai.expect)(facetsAfter).to.not.deep.contain(NewFacet.address);",
                  "err": {},
                  "uuid": "a92dcc63-2f9a-4819-b768-fcf6f43a1adc",
                  "parentUUID": "3898ec7a-940a-4ddf-acc4-8651e3028a67",
                  "isHook": false,
                  "skipped": false
                },
                {
                  "title": "can remove a function",
                  "fullTitle": "Diamond #upgrades can remove a function",
                  "timedOut": false,
                  "duration": 182,
                  "state": "passed",
                  "speed": "slow",
                  "pass": true,
                  "fail": false,
                  "pending": false,
                  "context": null,
                  "code": "// Delete acceptOwnership from DiamondOwnershipFacet\n// Check there is no pending owner\nlet pendingOwner = await _hardhat.default.Diamond.pendingOwner();\n(0, _chai.expect)(pendingOwner).to.equal(_hardhat.default.ethers.constants.AddressZero);\n// Transfer to eg. wrong address\nconst wrongOwner = _hardhat.default.addr.nonadmin;\nawait _hardhat.default.Diamond.transferOwnership(wrongOwner);\n// Ensure\npendingOwner = await _hardhat.default.Diamond.pendingOwner();\n(0, _chai.expect)(pendingOwner).to.equal(wrongOwner);\n// Fragment and signature for acceptOwnersip\nconst functionFragment = _hardhat.default.Diamond.interface.functions[\"acceptOwnership()\"];\nconst signature = _hardhat.default.ethers.utils.Interface.getSighash(functionFragment);\nconst facetAddress = await _hardhat.default.Diamond.facetAddress(signature);\nconst functions = await _hardhat.default.Diamond.facetFunctionSelectors(facetAddress);\nconst Cut = {\n    facetAddress: _hardhat.default.ethers.constants.AddressZero,\n    action: _types.FacetCutAction.Remove,\n    functionSelectors: [\n        signature\n    ]\n};\n// We will set a correct owner with delegatecall into the Diamond itself with the cut transaction\nconst correctOwner = _hardhat.default.addr.userOne;\nconst initData = await _hardhat.default.Diamond.populateTransaction.transferOwnership(correctOwner);\nconst tx = await _hardhat.default.Diamond.diamondCut([\n    Cut\n], initData.to, initData.data);\nawait tx.wait();\n// Ensure rest of the functions remain\nconst functionsAfterCut = await _hardhat.default.Diamond.facetFunctionSelectors(facetAddress);\n(0, _chai.expect)(functionsAfterCut.length).to.equal(functions.length - 1);\n// Ensure delegatecall did set the correct pending owner with the cut\nconst filter = _hardhat.default.Diamond.filters[\"PendingOwnershipTransfer(address,address)\"](_hardhat.default.addr.deployer, correctOwner);\nconst [event] = await _hardhat.default.Diamond.queryFilter(filter);\nconst { previousOwner , newOwner  } = event.args;\n(0, _chai.expect)(previousOwner).to.equal(_hardhat.default.addr.deployer);\n(0, _chai.expect)(newOwner).to.equal(correctOwner);\n// Ensure there is no function to accept the ownership\nawait (0, _chai.expect)((0, _test.wrapContractWithSigner)(_hardhat.default.Diamond, _hardhat.default.users.nonadmin).acceptOwnership()).to.be.revertedWith(_test.Error.DIAMOND_INVALID_FUNCTION_SIGNATURE);",
                  "err": {},
                  "uuid": "d35d37fb-664b-4b24-88f8-22c72f25f4fd",
                  "parentUUID": "3898ec7a-940a-4ddf-acc4-8651e3028a67",
                  "isHook": false,
                  "skipped": false
                },
                {
                  "title": "can replace a function",
                  "fullTitle": "Diamond #upgrades can replace a function",
                  "timedOut": false,
                  "duration": 236,
                  "state": "passed",
                  "speed": "slow",
                  "pass": true,
                  "fail": false,
                  "pending": false,
                  "context": null,
                  "code": "// Same as above but instead replace the function\n// Check there is no pending owner\nlet pendingOwner = await _hardhat.default.Diamond.pendingOwner();\n(0, _chai.expect)(pendingOwner).to.equal(_hardhat.default.ethers.constants.AddressZero);\n// Transfer to eg. wrong address\nconst wrongOwner = _hardhat.default.addr.nonadmin;\nawait _hardhat.default.Diamond.transferOwnership(wrongOwner);\n// Ensure\npendingOwner = await _hardhat.default.Diamond.pendingOwner();\n(0, _chai.expect)(pendingOwner).to.equal(wrongOwner);\n// Fragment and signature for acceptOwnersip\nconst functionFragment = _hardhat.default.Diamond.interface.functions[\"acceptOwnership()\"];\nconst signature = _hardhat.default.ethers.utils.Interface.getSighash(functionFragment);\nconst OldOwnershipFacet = await _hardhat.default.Diamond.facetAddress(signature);\nconst [NewOwnershipFacet, allOwnershipFacetSignatures] = await _hardhat.default.deploy(\"DiamondOwnershipFacet\", {\n    deploymentName: \"DiamondOwnershipFacet2\"\n});\n// Only replace a single function, we could replace all of them\nconst Cut = {\n    facetAddress: NewOwnershipFacet.address,\n    action: _types.FacetCutAction.Replace,\n    functionSelectors: [\n        signature\n    ]\n};\n// We will set a correct owner with delegatecall into the Diamond itself with the cut transaction\nconst correctOwner = _hardhat.default.addr.userOne;\nconst initData = await _hardhat.default.Diamond.populateTransaction.transferOwnership(correctOwner);\nconst tx = await _hardhat.default.Diamond.diamondCut([\n    Cut\n], initData.to, initData.data);\nawait tx.wait();\n// Ensure function exists and revert is for invalid address instead of missing function\nawait (0, _chai.expect)((0, _test.wrapContractWithSigner)(_hardhat.default.Diamond, _hardhat.default.users.nonadmin).acceptOwnership()).to.be.revertedWith(_test.Error.DIAMOND_INVALID_PENDING_OWNER);\n// Ensure one function is contained in the new facet\nconst functionsNewFacet = await _hardhat.default.Diamond.facetFunctionSelectors(NewOwnershipFacet.address);\n(0, _chai.expect)(functionsNewFacet.length).to.equal(1);\n(0, _chai.expect)(functionsNewFacet).to.have.members([\n    signature\n]);\n// Ensure rest are in the previous one\nconst functionsOldFacet = await _hardhat.default.Diamond.facetFunctionSelectors(OldOwnershipFacet);\n(0, _chai.expect)(functionsOldFacet).to.not.have.members([\n    signature\n]);\n(0, _chai.expect)(functionsOldFacet.length).to.equal(allOwnershipFacetSignatures.length - 1);\n// Ensure correct owner can now accept the ownership\n(0, _chai.expect)((0, _test.wrapContractWithSigner)(_hardhat.default.Diamond, _hardhat.default.users.userOne).acceptOwnership());\nconst currentOwner = await _hardhat.default.Diamond.owner();\n(0, _chai.expect)(currentOwner).to.equal(correctOwner);",
                  "err": {},
                  "uuid": "c263cc0b-cbc8-40a4-b971-ff4be813a027",
                  "parentUUID": "3898ec7a-940a-4ddf-acc4-8651e3028a67",
                  "isHook": false,
                  "skipped": false
                },
                {
                  "title": "can upgrade state",
                  "fullTitle": "Diamond #upgrades can upgrade state",
                  "timedOut": false,
                  "duration": 359,
                  "state": "passed",
                  "speed": "slow",
                  "pass": true,
                  "fail": false,
                  "pending": false,
                  "context": null,
                  "code": "(0, _chai.expect)(await _hardhat.default.Diamond.initialized()).to.equal(true);\nconst Factory = await _smock.smock.mock(\"SmockInit\");\nconst SmockInit = await Factory.deploy();\nconst tx = await SmockInit.populateTransaction.upgradeState();\nawait _hardhat.default.Diamond.upgradeState(tx.to, tx.data);\n(0, _chai.expect)(await _hardhat.default.Diamond.initialized()).to.equal(false);",
                  "err": {},
                  "uuid": "4b5f5808-66ff-4c35-b3c9-ba222d2d294d",
                  "parentUUID": "3898ec7a-940a-4ddf-acc4-8651e3028a67",
                  "isHook": false,
                  "skipped": false
                },
                {
                  "title": "can preserve old state when extending storage layout",
                  "fullTitle": "Diamond #upgrades can preserve old state when extending storage layout",
                  "timedOut": false,
                  "duration": 738,
                  "state": "passed",
                  "speed": "slow",
                  "pass": true,
                  "fail": false,
                  "pending": false,
                  "context": null,
                  "code": "(0, _chai.expect)(await _hardhat.default.Diamond.initialized()).to.equal(true);\n// Add the first facet\nconst Factory = await _smock.smock.mock(\"SmockFacet\");\nconst SmockFacet = await Factory.deploy();\nconst [SmockInitializer] = await _hardhat.default.deploy(\"SmockInit\");\nconst signatures = _hardhat.default.getSignatures([\n    ..._typechain.SmockFacet__factory.abi\n]);\nconst Cut = {\n    facetAddress: SmockFacet.address,\n    functionSelectors: signatures,\n    action: _types.FacetCutAction.Add\n};\nconst initData = await SmockInitializer.populateTransaction.initialize(_hardhat.default.addr.userOne);\nawait _hardhat.default.Diamond.diamondCut([\n    Cut\n], initData.to, initData.data);\nconst Diamond = await _hardhat.default.ethers.getContractAt(\"SmockFacet\", _hardhat.default.Diamond.address);\nconst isInitialized = await Diamond.smockInitialized();\n(0, _chai.expect)(isInitialized).to.equal(true);\n// Add facet with extended state\n// Add the first facet\nconst Factory2 = await _smock.smock.mock(\"SmockFacet2\");\nconst SmockFacet2 = await Factory2.deploy();\nconst signatures2 = _hardhat.default.getSignatures([\n    ..._typechain.SmockFacet2__factory.abi\n]);\nconst Cut2 = {\n    facetAddress: SmockFacet2.address,\n    functionSelectors: signatures2,\n    action: _types.FacetCutAction.Add\n};\n// Initializer only sets the new extended value, does not touch old storage\nconst initData2 = await SmockFacet2.populateTransaction.initialize();\nawait _hardhat.default.Diamond.diamondCut([\n    Cut2\n], initData2.to, initData2.data);\n// Here we have appended the storage layout with the `extended` bool property.\nconst DiamondExtended = await _hardhat.default.ethers.getContractAt(\"SmockFacet2\", _hardhat.default.Diamond.address);\nconst initializedAfterExtend = await DiamondExtended.getOldStructValueFromExtended();\nconst extendedValue = await DiamondExtended.getNewStructValueFromExtended();\n// Old values remain\n(0, _chai.expect)(initializedAfterExtend).to.equal(true);\n// And we get new ones\n(0, _chai.expect)(extendedValue).to.equal(true);",
                  "err": {},
                  "uuid": "064ba05e-d494-49de-af8e-a6aebc89ff6a",
                  "parentUUID": "3898ec7a-940a-4ddf-acc4-8651e3028a67",
                  "isHook": false,
                  "skipped": false
                }
              ],
              "suites": [],
              "passes": [
                "468a5ada-a88f-42af-95b2-806a74de2361",
                "a92dcc63-2f9a-4819-b768-fcf6f43a1adc",
                "d35d37fb-664b-4b24-88f8-22c72f25f4fd",
                "c263cc0b-cbc8-40a4-b971-ff4be813a027",
                "4b5f5808-66ff-4c35-b3c9-ba222d2d294d",
                "064ba05e-d494-49de-af8e-a6aebc89ff6a"
              ],
              "failures": [],
              "pending": [],
              "skipped": [],
              "duration": 2293,
              "root": false,
              "rootEmpty": false,
              "_timeout": 15000
            }
          ],
          "passes": [],
          "failures": [],
          "pending": [],
          "skipped": [],
          "duration": 0,
          "root": false,
          "rootEmpty": false,
          "_timeout": 15000
        },
        {
          "uuid": "e70bbe83-52aa-454b-8fdc-e4b9cf1b7790",
          "title": "Forking",
          "fullFile": "/Users/tabishshaikh/work/kresko/kresko-protocol/src/test/forking/00-setup.ts",
          "file": "/src/test/forking/00-setup.ts",
          "beforeHooks": [],
          "afterHooks": [],
          "tests": [],
          "suites": [
            {
              "uuid": "6e279def-a959-41c9-a44b-f23be2664387",
              "title": "#setup",
              "fullFile": "/Users/tabishshaikh/work/kresko/kresko-protocol/src/test/forking/00-setup.ts",
              "file": "/src/test/forking/00-setup.ts",
              "beforeHooks": [],
              "afterHooks": [],
              "tests": [
                {
                  "title": "should get Kresko from the companion network locally",
                  "fullTitle": "Forking #setup should get Kresko from the companion network locally",
                  "timedOut": false,
                  "duration": 0,
                  "state": "pending",
                  "speed": null,
                  "pass": false,
                  "fail": false,
                  "pending": true,
                  "context": null,
                  "code": "",
                  "err": {},
                  "uuid": "1c213b78-1149-4ab1-8522-37b65c359ffe",
                  "parentUUID": "6e279def-a959-41c9-a44b-f23be2664387",
                  "isHook": false,
                  "skipped": false
                }
              ],
              "suites": [],
              "passes": [],
              "failures": [],
              "pending": [
                "1c213b78-1149-4ab1-8522-37b65c359ffe"
              ],
              "skipped": [],
              "duration": 0,
              "root": false,
              "rootEmpty": false,
              "_timeout": 15000
            },
            {
              "uuid": "70ce0e50-7943-46ed-a038-734a4d1ea389",
              "title": "#rate-upgrade-11-04-2023",
              "fullFile": "/Users/tabishshaikh/work/kresko/kresko-protocol/src/test/forking/00-setup.ts",
              "file": "/src/test/forking/00-setup.ts",
              "beforeHooks": [],
              "afterHooks": [],
              "tests": [
                {
                  "title": "should be able to deploy facets",
                  "fullTitle": "Forking #rate-upgrade-11-04-2023 should be able to deploy facets",
                  "timedOut": false,
                  "duration": 0,
                  "state": "pending",
                  "speed": null,
                  "pass": false,
                  "fail": false,
                  "pending": true,
                  "context": null,
                  "code": "",
                  "err": {},
                  "uuid": "e764f491-5a17-4774-a7f0-59f471308d3d",
                  "parentUUID": "70ce0e50-7943-46ed-a038-734a4d1ea389",
                  "isHook": false,
                  "skipped": false
                }
              ],
              "suites": [],
              "passes": [],
              "failures": [],
              "pending": [
                "e764f491-5a17-4774-a7f0-59f471308d3d"
              ],
              "skipped": [],
              "duration": 0,
              "root": false,
              "rootEmpty": false,
              "_timeout": 15000
            },
            {
              "uuid": "3c119401-6dd8-469d-b1e7-393e4fb4d6f8",
              "title": "#facet-upgrade-16-05-2023",
              "fullFile": "/Users/tabishshaikh/work/kresko/kresko-protocol/src/test/forking/00-setup.ts",
              "file": "/src/test/forking/00-setup.ts",
              "beforeHooks": [],
              "afterHooks": [],
              "tests": [
                {
                  "title": "works",
                  "fullTitle": "Forking #facet-upgrade-16-05-2023 works",
                  "timedOut": false,
                  "duration": 0,
                  "state": "pending",
                  "speed": null,
                  "pass": false,
                  "fail": false,
                  "pending": true,
                  "context": null,
                  "code": "",
                  "err": {},
                  "uuid": "42221872-8dff-4812-8e24-59eb1b8d39b5",
                  "parentUUID": "3c119401-6dd8-469d-b1e7-393e4fb4d6f8",
                  "isHook": false,
                  "skipped": false
                }
              ],
              "suites": [],
              "passes": [],
              "failures": [],
              "pending": [
                "42221872-8dff-4812-8e24-59eb1b8d39b5"
              ],
              "skipped": [],
              "duration": 0,
              "root": false,
              "rootEmpty": false,
              "_timeout": 15000
            }
          ],
          "passes": [],
          "failures": [],
          "pending": [],
          "skipped": [],
          "duration": 0,
          "root": false,
          "rootEmpty": false,
          "_timeout": 15000
        },
        {
          "uuid": "a4987bf1-4578-4393-8db0-f5f9a2bd7092",
          "title": "KreskoAsset",
          "fullFile": "/Users/tabishshaikh/work/kresko/kresko-protocol/src/test/krasset/00-init.ts",
          "file": "/src/test/krasset/00-init.ts",
          "beforeHooks": [
            {
              "title": "\"before each\" hook in \"KreskoAsset\"",
              "fullTitle": "KreskoAsset \"before each\" hook in \"KreskoAsset\"",
              "timedOut": false,
              "duration": 26,
              "state": null,
              "speed": null,
              "pass": false,
              "fail": false,
              "pending": false,
              "context": null,
              "code": "const fixture = await _hardhat.default.deployments.createFixture(async (hre)=>{\n    const result = await hre.deployments.fixture(fixtureName);\n    if (result.Diamond) {\n        hre.Diamond = _evmconnector.WrapperBuilder.wrap(await hre.getContractOrFork(\"Kresko\")).usingSimpleNumericMock({\n            mockSignersCount: 1,\n            timestampMilliseconds: Date.now(),\n            dataPoints: [\n                {\n                    dataFeedId: \"DAI\",\n                    value: 0\n                },\n                {\n                    dataFeedId: \"USDC\",\n                    value: 0\n                },\n                {\n                    dataFeedId: \"TSLA\",\n                    value: 0\n                },\n                {\n                    dataFeedId: \"ETH\",\n                    value: 0\n                },\n                {\n                    dataFeedId: \"BTC\",\n                    value: 0\n                }\n            ]\n        });\n    }\n    return {\n        facets: result.Diamond ? result.Diamond.facets : [],\n        collaterals: hre.collaterals,\n        krAssets: hre.krAssets\n    };\n})();\nthis.facets = fixture.facets || [];\nthis.collaterals = fixture.collaterals;\nthis.krAssets = fixture.krAssets;",
              "err": {},
              "uuid": "b92687f8-0c83-48d7-bc0d-9504c4c2f443",
              "parentUUID": "a4987bf1-4578-4393-8db0-f5f9a2bd7092",
              "isHook": true,
              "skipped": false
            }
          ],
          "afterHooks": [],
          "tests": [],
          "suites": [
            {
              "uuid": "812c93aa-a74f-4a0a-bdbb-6e2ab92ecfb8",
              "title": "#initialization - anchor",
              "fullFile": "/Users/tabishshaikh/work/kresko/kresko-protocol/src/test/krasset/00-init.ts",
              "file": "/src/test/krasset/00-init.ts",
              "beforeHooks": [
                {
                  "title": "\"before each\" hook in \"#initialization - anchor\"",
                  "fullTitle": "KreskoAsset #initialization - anchor \"before each\" hook in \"#initialization - anchor\"",
                  "timedOut": false,
                  "duration": 0,
                  "state": null,
                  "speed": null,
                  "pass": false,
                  "fail": false,
                  "pending": false,
                  "context": null,
                  "code": "const deployment = this.krAssets.find((k)=>k.deployArgs.name === name);\nKreskoAsset = deployment.contract;\nKreskoAssetAnchor = deployment.anchor;",
                  "err": {},
                  "uuid": "44bfd89a-96c2-4ed4-814c-4ea8bec9a53b",
                  "parentUUID": "812c93aa-a74f-4a0a-bdbb-6e2ab92ecfb8",
                  "isHook": true,
                  "skipped": false
                }
              ],
              "afterHooks": [],
              "tests": [
                {
                  "title": "cant initialize twice",
                  "fullTitle": "KreskoAsset #initialization - anchor cant initialize twice",
                  "timedOut": false,
                  "duration": 10,
                  "state": "passed",
                  "speed": "fast",
                  "pass": true,
                  "fail": false,
                  "pending": false,
                  "context": null,
                  "code": "await (0, _chai.expect)(KreskoAsset.initialize(name, symbol, 18, _hardhat.default.addr.deployer, _hardhat.default.Diamond.address)).to.be.revertedWith(_test.Error.ALREADY_INITIALIZED_OZ);",
                  "err": {},
                  "uuid": "f4e5b1fb-08be-4b9f-aea3-48dedaab825e",
                  "parentUUID": "812c93aa-a74f-4a0a-bdbb-6e2ab92ecfb8",
                  "isHook": false,
                  "skipped": false
                },
                {
                  "title": "cant initialize implementation",
                  "fullTitle": "KreskoAsset #initialization - anchor cant initialize implementation",
                  "timedOut": false,
                  "duration": 22,
                  "state": "passed",
                  "speed": "fast",
                  "pass": true,
                  "fail": false,
                  "pending": false,
                  "context": null,
                  "code": "const deployment = await _hardhat.default.deployments.get(symbol);\nconst implementationAddress = deployment.implementation;\n(0, _chai.expect)(implementationAddress).to.not.equal(_hardhat.default.ethers.constants.AddressZero);\nconst KreskoAssetImpl = await _hardhat.default.ethers.getContractAt(\"KreskoAsset\", implementationAddress);\nawait (0, _chai.expect)(KreskoAssetImpl.initialize(name, symbol, 18, _hardhat.default.addr.deployer, _hardhat.default.Diamond.address)).to.be.revertedWith(_test.Error.ALREADY_INITIALIZED_OZ);",
                  "err": {},
                  "uuid": "8078a5ca-0121-4ba1-992f-cee7f17db2ce",
                  "parentUUID": "812c93aa-a74f-4a0a-bdbb-6e2ab92ecfb8",
                  "isHook": false,
                  "skipped": false
                },
                {
                  "title": "sets correct state",
                  "fullTitle": "KreskoAsset #initialization - anchor sets correct state",
                  "timedOut": false,
                  "duration": 31,
                  "state": "passed",
                  "speed": "fast",
                  "pass": true,
                  "fail": false,
                  "pending": false,
                  "context": null,
                  "code": "(0, _chai.expect)(await KreskoAsset.name()).to.equal(name);\n(0, _chai.expect)(await KreskoAsset.symbol()).to.equal(symbol);\n(0, _chai.expect)(await KreskoAsset.kresko()).to.equal(_hardhat.default.Diamond.address);\n(0, _chai.expect)(await KreskoAsset.hasRole(_test.Role.ADMIN, _hardhat.default.addr.deployer)).to.equal(true);\n(0, _chai.expect)(await KreskoAsset.hasRole(_test.Role.OPERATOR, _hardhat.default.Diamond.address)).to.equal(true);\n(0, _chai.expect)(await KreskoAsset.totalSupply()).to.equal(\"200000000000000000000\");\n(0, _chai.expect)(await KreskoAsset.isRebased()).to.equal(false);\nconst rebaseInfo = await KreskoAsset.rebaseInfo();\n(0, _chai.expect)(rebaseInfo.denominator).to.equal(0);\n(0, _chai.expect)(rebaseInfo.positive).to.equal(false);",
                  "err": {},
                  "uuid": "65b2b1a3-2597-49d7-9664-ae4b0545e7a2",
                  "parentUUID": "812c93aa-a74f-4a0a-bdbb-6e2ab92ecfb8",
                  "isHook": false,
                  "skipped": false
                },
                {
                  "title": "can reinitialize metadata",
                  "fullTitle": "KreskoAsset #initialization - anchor can reinitialize metadata",
                  "timedOut": false,
                  "duration": 19,
                  "state": "passed",
                  "speed": "fast",
                  "pass": true,
                  "fail": false,
                  "pending": false,
                  "context": null,
                  "code": "const newName = \"foo\";\nconst newSymbol = \"bar\";\nawait (0, _chai.expect)(KreskoAsset.reinitializeERC20(newName, newSymbol, 2)).to.not.be.revertedWith(_test.Error.ALREADY_INITIALIZED_OZ);\n(0, _chai.expect)(await KreskoAsset.name()).to.equal(newName);\n(0, _chai.expect)(await KreskoAsset.symbol()).to.equal(newSymbol);",
                  "err": {},
                  "uuid": "0e8d908c-510b-4e97-b054-46bbdb3a3c8f",
                  "parentUUID": "812c93aa-a74f-4a0a-bdbb-6e2ab92ecfb8",
                  "isHook": false,
                  "skipped": false
                }
              ],
              "suites": [],
              "passes": [
                "f4e5b1fb-08be-4b9f-aea3-48dedaab825e",
                "8078a5ca-0121-4ba1-992f-cee7f17db2ce",
                "65b2b1a3-2597-49d7-9664-ae4b0545e7a2",
                "0e8d908c-510b-4e97-b054-46bbdb3a3c8f"
              ],
              "failures": [],
              "pending": [],
              "skipped": [],
              "duration": 82,
              "root": false,
              "rootEmpty": false,
              "_timeout": 15000
            },
            {
              "uuid": "94adae4e-d4c6-460c-b10a-0bb589443144",
              "title": "#initialization - wrapped",
              "fullFile": "/Users/tabishshaikh/work/kresko/kresko-protocol/src/test/krasset/00-init.ts",
              "file": "/src/test/krasset/00-init.ts",
              "beforeHooks": [
                {
                  "title": "\"before each\" hook in \"#initialization - wrapped\"",
                  "fullTitle": "KreskoAsset #initialization - wrapped \"before each\" hook in \"#initialization - wrapped\"",
                  "timedOut": false,
                  "duration": 0,
                  "state": null,
                  "speed": null,
                  "pass": false,
                  "fail": false,
                  "pending": false,
                  "context": null,
                  "code": "const deployment = _hardhat.default.krAssets.find((k)=>k.deployArgs.name === name);\nKreskoAsset = deployment.contract;\nKreskoAssetAnchor = deployment.anchor;",
                  "err": {},
                  "uuid": "d5a7b773-e575-4614-ba5c-0131b8f86ac4",
                  "parentUUID": "94adae4e-d4c6-460c-b10a-0bb589443144",
                  "isHook": true,
                  "skipped": false
                }
              ],
              "afterHooks": [],
              "tests": [
                {
                  "title": "cant initialize twice",
                  "fullTitle": "KreskoAsset #initialization - wrapped cant initialize twice",
                  "timedOut": false,
                  "duration": 7,
                  "state": "passed",
                  "speed": "fast",
                  "pass": true,
                  "fail": false,
                  "pending": false,
                  "context": null,
                  "code": "await (0, _chai.expect)(KreskoAssetAnchor.initialize(KreskoAsset.address, name, symbol, _hardhat.default.addr.deployer)).to.be.revertedWith(_test.Error.ALREADY_INITIALIZED_OZ);",
                  "err": {},
                  "uuid": "70c1d00a-ac67-4a54-be41-e65b0242c47e",
                  "parentUUID": "94adae4e-d4c6-460c-b10a-0bb589443144",
                  "isHook": false,
                  "skipped": false
                },
                {
                  "title": "cant initialize implementation",
                  "fullTitle": "KreskoAsset #initialization - wrapped cant initialize implementation",
                  "timedOut": false,
                  "duration": 20,
                  "state": "passed",
                  "speed": "fast",
                  "pass": true,
                  "fail": false,
                  "pending": false,
                  "context": null,
                  "code": "const deployment = await _hardhat.default.deployments.get(_shared.anchorTokenPrefix + symbol);\nconst implementationAddress = deployment.implementation;\n(0, _chai.expect)(implementationAddress).to.not.equal(_hardhat.default.ethers.constants.AddressZero);\nconst KreskoAssetAnchorImpl = await _hardhat.default.ethers.getContractAt(\"KreskoAssetAnchor\", implementationAddress);\nawait (0, _chai.expect)(KreskoAssetAnchorImpl.initialize(KreskoAsset.address, name, symbol, _hardhat.default.addr.deployer)).to.be.revertedWith(_test.Error.ALREADY_INITIALIZED_OZ);",
                  "err": {},
                  "uuid": "9c8d3b9c-4980-4af3-af4b-72c477186196",
                  "parentUUID": "94adae4e-d4c6-460c-b10a-0bb589443144",
                  "isHook": false,
                  "skipped": false
                },
                {
                  "title": "can reinitialize metadata",
                  "fullTitle": "KreskoAsset #initialization - wrapped can reinitialize metadata",
                  "timedOut": false,
                  "duration": 17,
                  "state": "passed",
                  "speed": "fast",
                  "pass": true,
                  "fail": false,
                  "pending": false,
                  "context": null,
                  "code": "const newName = \"foo\";\nconst newSymbol = \"bar\";\nawait (0, _chai.expect)(KreskoAssetAnchor.reinitializeERC20(newName, newSymbol, 2)).to.not.be.revertedWith(_test.Error.ALREADY_INITIALIZED_OZ);\n(0, _chai.expect)(await KreskoAssetAnchor.name()).to.equal(newName);\n(0, _chai.expect)(await KreskoAssetAnchor.symbol()).to.equal(newSymbol);",
                  "err": {},
                  "uuid": "9aa9a47c-0a43-4ee5-8ee9-719a5445a5c0",
                  "parentUUID": "94adae4e-d4c6-460c-b10a-0bb589443144",
                  "isHook": false,
                  "skipped": false
                },
                {
                  "title": "sets correct state",
                  "fullTitle": "KreskoAsset #initialization - wrapped sets correct state",
                  "timedOut": false,
                  "duration": 37,
                  "state": "passed",
                  "speed": "fast",
                  "pass": true,
                  "fail": false,
                  "pending": false,
                  "context": null,
                  "code": "(0, _chai.expect)(await KreskoAssetAnchor.name()).to.equal(name);\n(0, _chai.expect)(await KreskoAssetAnchor.symbol()).to.equal(_shared.anchorTokenPrefix + symbol);\n(0, _chai.expect)(await KreskoAssetAnchor.asset()).to.equal(KreskoAsset.address);\n(0, _chai.expect)(await KreskoAssetAnchor.hasRole(_test.Role.ADMIN, _hardhat.default.addr.deployer)).to.equal(true);\n(0, _chai.expect)(await KreskoAssetAnchor.hasRole(_test.Role.OPERATOR, _hardhat.default.Diamond.address)).to.equal(true);\n(0, _chai.expect)(await KreskoAssetAnchor.totalSupply()).to.equal(\"200000000000000000000\");\n(0, _chai.expect)(await KreskoAssetAnchor.totalAssets()).to.equal(await KreskoAsset.totalSupply());\nconst rebaseInfo = await KreskoAsset.rebaseInfo();\n(0, _chai.expect)(rebaseInfo.denominator).to.equal(0);\n(0, _chai.expect)(rebaseInfo.positive).to.equal(false);",
                  "err": {},
                  "uuid": "f935b546-049f-47db-97ae-534314c12e04",
                  "parentUUID": "94adae4e-d4c6-460c-b10a-0bb589443144",
                  "isHook": false,
                  "skipped": false
                }
              ],
              "suites": [],
              "passes": [
                "70c1d00a-ac67-4a54-be41-e65b0242c47e",
                "9c8d3b9c-4980-4af3-af4b-72c477186196",
                "9aa9a47c-0a43-4ee5-8ee9-719a5445a5c0",
                "f935b546-049f-47db-97ae-534314c12e04"
              ],
              "failures": [],
              "pending": [],
              "skipped": [],
              "duration": 81,
              "root": false,
              "rootEmpty": false,
              "_timeout": 15000
            }
          ],
          "passes": [],
          "failures": [],
          "pending": [],
          "skipped": [],
          "duration": 0,
          "root": false,
          "rootEmpty": false,
          "_timeout": 15000
        },
        {
          "uuid": "28ccfa9b-9c5b-4766-ba1a-33f3a6cb048b",
          "title": "KreskoAsset",
          "fullFile": "/Users/tabishshaikh/work/kresko/kresko-protocol/src/test/krasset/01-erc20.ts",
          "file": "/src/test/krasset/01-erc20.ts",
          "beforeHooks": [
            {
              "title": "\"before each\" hook in \"KreskoAsset\"",
              "fullTitle": "KreskoAsset \"before each\" hook in \"KreskoAsset\"",
              "timedOut": false,
              "duration": 26,
              "state": null,
              "speed": null,
              "pass": false,
              "fail": false,
              "pending": false,
              "context": null,
              "code": "const fixture = await _hardhat.default.deployments.createFixture(async (hre)=>{\n    const result = await hre.deployments.fixture(fixtureName);\n    if (result.Diamond) {\n        hre.Diamond = _evmconnector.WrapperBuilder.wrap(await hre.getContractOrFork(\"Kresko\")).usingSimpleNumericMock({\n            mockSignersCount: 1,\n            timestampMilliseconds: Date.now(),\n            dataPoints: [\n                {\n                    dataFeedId: \"DAI\",\n                    value: 0\n                },\n                {\n                    dataFeedId: \"USDC\",\n                    value: 0\n                },\n                {\n                    dataFeedId: \"TSLA\",\n                    value: 0\n                },\n                {\n                    dataFeedId: \"ETH\",\n                    value: 0\n                },\n                {\n                    dataFeedId: \"BTC\",\n                    value: 0\n                }\n            ]\n        });\n    }\n    return {\n        facets: result.Diamond ? result.Diamond.facets : [],\n        collaterals: hre.collaterals,\n        krAssets: hre.krAssets\n    };\n})();\nthis.facets = fixture.facets || [];\nthis.collaterals = fixture.collaterals;\nthis.krAssets = fixture.krAssets;",
              "err": {},
              "uuid": "6fee2d50-ccd6-4031-8345-3255589a5b2e",
              "parentUUID": "28ccfa9b-9c5b-4766-ba1a-33f3a6cb048b",
              "isHook": true,
              "skipped": false
            },
            {
              "title": "\"before each\" hook in \"KreskoAsset\"",
              "fullTitle": "KreskoAsset \"before each\" hook in \"KreskoAsset\"",
              "timedOut": false,
              "duration": 13,
              "state": null,
              "speed": null,
              "pass": false,
              "fail": false,
              "pending": false,
              "context": null,
[...]
              "err": {},
              "uuid": "7668b4f4-1ed9-4060-b409-1f6eb1e4c91a",
              "parentUUID": "a400fbc7-7bde-401f-92c7-301007eff203",
              "isHook": true,
              "skipped": false
            },
            {
              "title": "\"before each\" hook in \"Stability Rates\"",
              "fullTitle": "Stability Rates \"before each\" hook in \"Stability Rates\"",
              "timedOut": false,
              "duration": 596,
              "state": null,
              "speed": null,
              "pass": false,
              "fail": false,
              "pending": false,
              "context": null,
              "code": "liquidator = _hardhat.default.users.deployer;\nuserTwo = _hardhat.default.users.userTwo;\nthis.krAsset = _hardhat.default.krAssets.find((c)=>c.deployArgs.name === _test.defaultKrAssetArgs.name);\nthis.collateral = _hardhat.default.collaterals.find((c)=>c.deployArgs.name === _test.defaultCollateralArgs.name);\nconst krAssetOraclePrice = 10;\nthis.krAsset.setPrice(krAssetOraclePrice);\nconst cLiq = (0, _lib.toBig)(1000);\nconst kLiq = (0, _lib.toBig)(100);\nawait this.collateral.setBalance(liquidator, cLiq.mul(2));\nawait (0, _collaterals.depositCollateral)({\n    asset: this.collateral,\n    amount: cLiq,\n    user: liquidator\n});\nawait (0, _krassets.mintKrAsset)({\n    asset: this.krAsset,\n    amount: kLiq,\n    user: liquidator\n});\nconst anchorBalance = await this.krAsset.anchor.balanceOf(_hardhat.default.Diamond.address);\n(0, _chai.expect)(anchorBalance).to.equal(kLiq);\n// 1000/100 = krAsset amm price 10\nconst pair = await (0, _amm.addLiquidity)({\n    user: liquidator,\n    router: _hardhat.default.UniV2Router,\n    amount0: cLiq,\n    amount1: kLiq,\n    token0: this.collateral,\n    token1: this.krAsset\n});\nupdateTWAP = (0, _amm.getTWAPUpdaterFor)(pair.address);\nawait _hardhat.default.UniV2Oracle.initPair(pair.address, this.krAsset.address, 60 * 60);\nawait updateTWAP();",
              "err": {},
              "uuid": "44bfdb96-bf7c-45e7-9aeb-fdc343da871d",
              "parentUUID": "a400fbc7-7bde-401f-92c7-301007eff203",
              "isHook": true,
              "skipped": false
            }
          ],
          "afterHooks": [],
          "tests": [],
          "suites": [
            {
              "uuid": "7e95b186-8151-4684-a57c-2e10320438f9",
              "title": "#stability rate - liquidation",
              "fullFile": "/Users/tabishshaikh/work/kresko/kresko-protocol/src/test/stability-rate/03-liquidation.ts",
              "file": "/src/test/stability-rate/03-liquidation.ts",
              "beforeHooks": [
                {
                  "title": "\"before each\" hook in \"#stability rate - liquidation\"",
                  "fullTitle": "Stability Rates #stability rate - liquidation \"before each\" hook in \"#stability rate - liquidation\"",
                  "timedOut": false,
                  "duration": 3344,
                  "state": null,
                  "speed": null,
                  "pass": false,
                  "fail": false,
                  "pending": false,
                  "context": null,
                  "code": "await this.collateral.setBalance(userTwo, depositAmount);\n// Create few krAssets\nkrAssets = await Promise.all([\n    \"krasset2\",\n    \"krasset3\",\n    \"krasset4\"\n].map(async (name)=>await (0, _krassets.addMockKreskoAsset)({\n        name: name,\n        symbol: name,\n        marketOpen: true,\n        factor: 1.1,\n        closeFee: 0,\n        openFee: 0,\n        price: 10,\n        supplyLimit: 2000,\n        stabilityRateBase: _test.BASIS_POINT.mul(1000)\n    })));",
                  "err": {},
                  "uuid": "f0a9f313-010b-40b2-854e-93bc14892d5e",
                  "parentUUID": "7e95b186-8151-4684-a57c-2e10320438f9",
                  "isHook": true,
                  "skipped": false
                }
              ],
              "afterHooks": [],
              "tests": [
                {
                  "title": "cannot liquidate accrued interest of healthy account",
                  "fullTitle": "Stability Rates #stability rate - liquidation cannot liquidate accrued interest of healthy account",
                  "timedOut": false,
                  "duration": 955,
                  "state": "passed",
                  "speed": "slow",
                  "pass": true,
                  "fail": false,
                  "pending": false,
                  "context": null,
                  "code": "await this.collateral.setBalance(userTwo, depositAmount);\n// Deposit a bit more to cover the mints\nawait (0, _collaterals.depositCollateral)({\n    asset: this.collateral,\n    amount: depositAmount,\n    user: userTwo\n});\n// mint each krasset\nawait Promise.all(krAssets.map((krAsset)=>(0, _krassets.mintKrAsset)({\n        asset: krAsset,\n        amount: mintAmount,\n        user: userTwo\n    })));\nawait _hardhatnetworkhelpers.time.increase(_calculations.ONE_YEAR);\nconst krAsset = krAssets[0];\n(0, _chai.expect)(await _hardhat.default.Diamond.isAccountLiquidatable(userTwo.address)).to.be.false;\nawait (0, _chai.expect)((0, _test.wrapContractWithSigner)(_hardhat.default.Diamond, liquidator).liquidateInterest(userTwo.address, krAsset.address, this.collateral.address, false)).to.be.revertedWith(_errors.Error.NOT_LIQUIDATABLE);",
                  "err": {},
                  "uuid": "fa53653f-3cbf-448e-972e-463844a7f004",
                  "parentUUID": "7e95b186-8151-4684-a57c-2e10320438f9",
                  "isHook": false,
                  "skipped": false
                },
                {
                  "title": "cannot batch liquidate accrued interest of healthy account",
                  "fullTitle": "Stability Rates #stability rate - liquidation cannot batch liquidate accrued interest of healthy account",
                  "timedOut": false,
                  "duration": 1011,
                  "state": "passed",
                  "speed": "slow",
                  "pass": true,
                  "fail": false,
                  "pending": false,
                  "context": null,
                  "code": "await this.collateral.setBalance(userTwo, depositAmount);\n// Deposit a bit more to cover the mints\nawait (0, _collaterals.depositCollateral)({\n    asset: this.collateral,\n    amount: depositAmount,\n    user: userTwo\n});\n// mint each krasset\nawait Promise.all(krAssets.map((krAsset)=>(0, _krassets.mintKrAsset)({\n        asset: krAsset,\n        amount: mintAmount,\n        user: userTwo\n    })));\nawait _hardhatnetworkhelpers.time.increase(_calculations.ONE_YEAR);\n(0, _chai.expect)(await _hardhat.default.Diamond.isAccountLiquidatable(userTwo.address)).to.be.false;\nawait (0, _chai.expect)((0, _test.wrapContractWithSigner)(_hardhat.default.Diamond, liquidator).batchLiquidateInterest(userTwo.address, this.collateral.address, false)).to.be.revertedWith(_errors.Error.NOT_LIQUIDATABLE);",
                  "err": {},
                  "uuid": "08f3a56f-be4e-4dc2-b900-98ee720c9df4",
                  "parentUUID": "7e95b186-8151-4684-a57c-2e10320438f9",
                  "isHook": false,
                  "skipped": false
                },
                {
                  "title": "can liquidate accrued interest of unhealthy account",
                  "fullTitle": "Stability Rates #stability rate - liquidation can liquidate accrued interest of unhealthy account",
                  "timedOut": false,
                  "duration": 2172,
                  "state": "passed",
                  "speed": "slow",
                  "pass": true,
                  "fail": false,
                  "pending": false,
                  "context": null,
                  "code": "const KISS = await _hardhat.default.getContractOrFork(\"KISS\");\n// mint each krasset\nawait Promise.all([\n    await KISS.connect(liquidator).approve(_hardhat.default.Diamond.address, _hardhat.default.ethers.constants.MaxUint256),\n    await this.collateral.setBalance(userTwo, depositAmount),\n    // Deposit a bit more to cover the mints\n    await (0, _collaterals.depositCollateral)({\n        asset: this.collateral,\n        amount: depositAmount,\n        user: userTwo\n    }),\n    ...krAssets.map((krAsset)=>(0, _krassets.mintKrAsset)({\n            asset: krAsset,\n            amount: mintAmount,\n            user: userTwo\n        }))\n]);\n// Up the asset prices\nconst newPrice = 15;\nkrAssets.map((asset)=>asset.setPrice(newPrice));\n// increase time so account is liquidatable\n(0, _chai.expect)(await _hardhat.default.Diamond.isAccountLiquidatable(userTwo.address)).to.be.false;\nawait _hardhatnetworkhelpers.time.increase(_calculations.ONE_YEAR * 4);\n// should be liquidatable\n(0, _chai.expect)(await _hardhat.default.Diamond.isAccountLiquidatable(userTwo.address)).to.be.true;\n// Asset to liquidate\nconst krAsset = krAssets[0];\nconst interestUSDTotal = await _hardhat.default.Diamond.kreskoAssetDebtInterestTotal(userTwo.address);\n// Liquidator mints KISS\nawait (0, _krassets.mintKrAsset)({\n    asset: KISS,\n    amount: interestUSDTotal.add((0, _lib.toBig)(1)),\n    user: liquidator\n});\n// liquidatable value total before\nconst accruedKissInterest = (0, _lib.fromBig)((await _hardhat.default.Diamond.kreskoAssetDebtInterest(userTwo.address, krAsset.address)).kissAmount);\nconst accountCollateralBefore = await _hardhat.default.Diamond.collateralDeposits(userTwo.address, this.collateral.address);\n// Wipe seized collateral balance before liquidation for easy comparison\nawait this.collateral.setBalance(liquidator, (0, _lib.toBig)(0));\n// Liquidate\nconst tx = await (0, _test.wrapContractWithSigner)(_hardhat.default.Diamond, liquidator).liquidateInterest(userTwo.address, krAsset.address, this.collateral.address, false);\n// Should all be wiped\nconst interestAccruedAfterLiq = await _hardhat.default.Diamond.kreskoAssetDebtInterest(userTwo.address, krAsset.address);\n(0, _chai.expect)(interestAccruedAfterLiq.kissAmount).to.eq(0);\n(0, _chai.expect)(interestAccruedAfterLiq.assetAmount).to.eq(0);\nconst accountCollateralAfter = await _hardhat.default.Diamond.collateralDeposits(userTwo.address, this.collateral.address);\nconst event = await (0, _lib.getInternalEvent)(tx, _hardhat.default.Diamond, \"InterestLiquidationOccurred\");\n// validate interest accrual changes\n(0, _chai.expect)(accountCollateralAfter).to.equal(accountCollateralBefore.sub(event.collateralSent));\nconst liquidationIncentive = (0, _lib.fromBig)((await _hardhat.default.Diamond.collateralAsset(this.collateral.address)).liquidationIncentive);\nconst expectedCollateral = accruedKissInterest / (0, _lib.fromBig)(await this.collateral.getPrice(), 8) * liquidationIncentive;\n// event validation\n(0, _chai.expect)(event.account).to.equal(userTwo.address);\n(0, _chai.expect)(event.liquidator).to.equal(liquidator.address);\n(0, _chai.expect)(event.repayKreskoAsset).to.equal(krAsset.address);\n(0, _chai.expect)(event.seizedCollateralAsset).to.equal(this.collateral.address);\n(0, _chai.expect)((0, _lib.fromBig)(event.repayUSD)).to.closeTo(accruedKissInterest, 0.0001);\n(0, _chai.expect)((0, _lib.fromBig)(event.collateralSent).toFixed(6)).to.equal(expectedCollateral.toFixed(6));\n// liquidator received collateral\n(0, _chai.expect)(await this.collateral.contract.balanceOf(liquidator.address)).to.equal(event.collateralSent);",
                  "err": {},
                  "uuid": "ba14107b-1dbe-4916-b9e4-1993e5876f0a",
                  "parentUUID": "7e95b186-8151-4684-a57c-2e10320438f9",
                  "isHook": false,
                  "skipped": false
                },
                {
                  "title": "cannot underflow seized collateral without liquidators permission",
                  "fullTitle": "Stability Rates #stability rate - liquidation cannot underflow seized collateral without liquidators permission",
                  "timedOut": false,
                  "duration": 2022,
                  "state": "passed",
                  "speed": "slow",
                  "pass": true,
                  "fail": false,
                  "pending": false,
                  "context": null,
                  "code": "const KISS = await _hardhat.default.getContractOrFork(\"KISS\");\n// mint each krasset\nawait Promise.all([\n    await KISS.connect(liquidator).approve(_hardhat.default.Diamond.address, _hardhat.default.ethers.constants.MaxUint256),\n    await this.collateral.setBalance(userTwo, depositAmount),\n    // Deposit a bit more to cover the mints\n    await (0, _collaterals.depositCollateral)({\n        asset: this.collateral,\n        amount: depositAmount,\n        user: userTwo\n    }),\n    ...krAssets.map((krAsset)=>(0, _krassets.mintKrAsset)({\n            asset: krAsset,\n            amount: mintAmount,\n            user: userTwo\n        }))\n]);\n// Up the asset prices\nconst newPrice = 15;\nkrAssets.map((asset)=>asset.setPrice(newPrice));\n// increase time by a lot, so account is liquidatable and seized collateral will underflow\n(0, _chai.expect)(await _hardhat.default.Diamond.isAccountLiquidatable(userTwo.address)).to.be.false;\nawait _hardhatnetworkhelpers.time.increase(_calculations.ONE_YEAR * 40);\n// should be liquidatable\n(0, _chai.expect)(await _hardhat.default.Diamond.isAccountLiquidatable(userTwo.address)).to.be.true;\n// Asset to liquidate\nconst krAsset = krAssets[0];\nconst interestUSDTotal = await _hardhat.default.Diamond.kreskoAssetDebtInterestTotal(userTwo.address);\n// Liquidator mints KISS\nawait (0, _krassets.mintKrAsset)({\n    asset: KISS,\n    amount: interestUSDTotal.add((0, _lib.toBig)(1)),\n    user: liquidator\n});\n// Wipe seized collateral balance before liquidation for easy comparison\nawait this.collateral.setBalance(liquidator, (0, _lib.toBig)(0));\n// Liquidate\nawait (0, _chai.expect)((0, _test.wrapContractWithSigner)(_hardhat.default.Diamond, liquidator).liquidateInterest(userTwo.address, krAsset.address, this.collateral.address, false)).to.be.revertedWith(_errors.Error.SEIZED_COLLATERAL_UNDERFLOW);",
                  "err": {},
                  "uuid": "058d089d-60a6-4728-b94c-a804e54c76d5",
                  "parentUUID": "7e95b186-8151-4684-a57c-2e10320438f9",
                  "isHook": false,
                  "skipped": false
                },
                {
                  "title": "can batch liquidate accrued interest of unhealthy account",
                  "fullTitle": "Stability Rates #stability rate - liquidation can batch liquidate accrued interest of unhealthy account",
                  "timedOut": false,
                  "duration": 2707,
                  "state": "passed",
                  "speed": "slow",
                  "pass": true,
                  "fail": false,
                  "pending": false,
                  "context": null,
                  "code": "const KISS = await _hardhat.default.getContractOrFork(\"KISS\");\nawait KISS.connect(liquidator).approve(_hardhat.default.Diamond.address, _hardhat.default.ethers.constants.MaxUint256);\nawait this.collateral.setBalance(userTwo, depositAmount);\n// Deposit a bit more to cover the mints\nawait (0, _collaterals.depositCollateral)({\n    asset: this.collateral,\n    amount: depositAmount,\n    user: userTwo\n});\n// mint each krasset\nawait Promise.all(krAssets.map((krAsset)=>(0, _krassets.mintKrAsset)({\n        asset: krAsset,\n        amount: mintAmount,\n        user: userTwo\n    })));\n// Up the asset prices\nconst newPrice = 15;\nkrAssets.map((asset)=>asset.setPrice(newPrice));\n// increase time so account is liquidatable\n(0, _chai.expect)(await _hardhat.default.Diamond.isAccountLiquidatable(userTwo.address)).to.be.false;\nawait _hardhatnetworkhelpers.time.increase(_calculations.ONE_YEAR * 4);\n// should be liquidatable\n(0, _chai.expect)(await _hardhat.default.Diamond.isAccountLiquidatable(userTwo.address)).to.be.true;\nconst interestKissTotal = (0, _lib.fromBig)(await _hardhat.default.Diamond.kreskoAssetDebtInterestTotal(userTwo.address));\n// Liquidator mints KISS\nawait (0, _krassets.mintKrAsset)({\n    asset: KISS,\n    amount: interestKissTotal + 1,\n    user: liquidator\n});\n// Wipe seized collateral balance before liquidation for easy comparison\nawait this.collateral.setBalance(liquidator, (0, _lib.toBig)(0));\n// Liquidate\nconst tx = await (0, _test.wrapContractWithSigner)(_hardhat.default.Diamond, liquidator).batchLiquidateInterest(userTwo.address, this.collateral.address, false);\nconst interestKissTotalAfter = (0, _lib.fromBig)(await _hardhat.default.Diamond.kreskoAssetDebtInterestTotal(userTwo.address));\n(0, _chai.expect)(await _hardhat.default.Diamond.isAccountLiquidatable(userTwo.address)).to.be.false;\nconst event = await (0, _lib.getInternalEvent)(tx, _hardhat.default.Diamond, \"BatchInterestLiquidationOccurred\");\nconst repayUSD = (0, _lib.fromBig)(event.repayUSD);\n// interest accrued changes\n(0, _chai.expect)(interestKissTotalAfter).to.closeTo(interestKissTotal - (0, _lib.fromBig)(event.repayUSD), 0.0001);\nconst liquidationIncentive = (0, _lib.fromBig)((await _hardhat.default.Diamond.collateralAsset(this.collateral.address)).liquidationIncentive);\nconst expectedCollateral = repayUSD / (0, _lib.fromBig)(await this.collateral.getPrice(), 8) * liquidationIncentive;\n// event validation\n(0, _chai.expect)(event.account).to.equal(userTwo.address);\n(0, _chai.expect)(event.liquidator).to.equal(liquidator.address);\n(0, _chai.expect)(event.seizedCollateralAsset).to.equal(this.collateral.address);\n(0, _chai.expect)((0, _lib.fromBig)(event.collateralSent)).to.closeTo(expectedCollateral, 0.0001);\n(0, _chai.expect)(repayUSD).to.closeTo(interestKissTotal - interestKissTotalAfter, 0.0001);\n// liquidator received collateral\n(0, _chai.expect)(await this.collateral.contract.balanceOf(liquidator.address)).to.equal(event.collateralSent);",
                  "err": {},
                  "uuid": "e6136727-e208-421a-882a-a566207dde24",
                  "parentUUID": "7e95b186-8151-4684-a57c-2e10320438f9",
                  "isHook": false,
                  "skipped": false
                }
              ],
              "suites": [],
              "passes": [
                "fa53653f-3cbf-448e-972e-463844a7f004",
                "08f3a56f-be4e-4dc2-b900-98ee720c9df4",
                "ba14107b-1dbe-4916-b9e4-1993e5876f0a",
                "058d089d-60a6-4728-b94c-a804e54c76d5",
                "e6136727-e208-421a-882a-a566207dde24"
              ],
              "failures": [],
              "pending": [],
              "skipped": [],
              "duration": 8867,
              "root": false,
              "rootEmpty": false,
              "_timeout": 15000
            }
          ],
          "passes": [],
          "failures": [],
          "pending": [],
          "skipped": [],
          "duration": 0,
          "root": false,
          "rootEmpty": false,
          "_timeout": 15000
        }
      ],
      "passes": [],
      "failures": [],
      "pending": [],
      "skipped": [],
      "duration": 0,
      "root": true,
      "rootEmpty": true,
      "_timeout": 15000
    }
  ],
  "meta": {
    "mocha": {
      "version": "10.2.0"
    },
    "mochawesome": {
      "options": {
        "quiet": false,
        "reportFilename": "mochawesome",
        "saveHtml": true,
        "saveJson": true,
        "consoleReporter": "spec",
        "useInlineDiffs": false,
        "code": true
      },
      "version": "7.1.3"
    },
    "marge": {
      "options": null,
      "version": "6.2.0"
    }
  }
}