{
  "stats": {
    "suites": 90,
    "tests": 265,
    "passes": 257,
    "pending": 8,
    "failures": 0,
    "start": "2023-05-19T12:56:09.278Z",
    "end": "2023-05-19T12:58:54.658Z",
    "duration": 165380,
    "testsRegistered": 265,
    "passPercent": 100,
    "pendingPercent": 3.018867924528302,
    "other": 0,
    "hasOther": false,
    "skipped": 0,
    "hasSkipped": false
  },
  "results": [
    {
      "uuid": "6ca884cd-bb0d-4e8e-a038-35aedbebfae5",
      "title": "",
      "fullFile": "",
      "file": "",
      "beforeHooks": [],
      "afterHooks": [],
      "tests": [],
      "suites": [
        {
          "uuid": "4c313dc2-a564-4e1b-9d7f-9a5c1314950a",
          "title": "Asset Amounts & Values",
          "fullFile": "/Users/panukettunen/Projects/kresko-protocol/src/test/asset-values/00-asset-values.ts",
          "file": "/src/test/asset-values/00-asset-values.ts",
          "beforeHooks": [
            {
              "title": "\"before each\" hook in \"Asset Amounts & Values\"",
              "fullTitle": "Asset Amounts & Values \"before each\" hook in \"Asset Amounts & Values\"",
              "timedOut": false,
              "duration": 18,
              "state": null,
              "speed": null,
              "pass": false,
              "fail": false,
              "pending": false,
              "context": null,
              "code": "const fixture = await _hardhat.default.deployments.createFixture(async (hre)=>{\n    const result = await hre.deployments.fixture(fixtureName);\n    if (result.Diamond) {\n        hre.Diamond = await hre.getContractOrFork(\"Kresko\");\n    }\n    return {\n        facets: result.Diamond ? result.Diamond.facets : [],\n        collaterals: hre.collaterals,\n        krAssets: hre.krAssets\n    };\n})();\nthis.facets = fixture.facets || [];\nthis.collaterals = fixture.collaterals;\nthis.krAssets = fixture.krAssets;",
              "err": {},
              "uuid": "e8d59c77-8e9d-48e2-97a7-92897ff00806",
              "parentUUID": "4c313dc2-a564-4e1b-9d7f-9a5c1314950a",
              "isHook": true,
              "skipped": false
            },
            {
              "title": "\"before each\" hook in \"Asset Amounts & Values\"",
              "fullTitle": "Asset Amounts & Values \"before each\" hook in \"Asset Amounts & Values\"",
              "timedOut": false,
              "duration": 3067,
              "state": null,
              "speed": null,
              "pass": false,
              "fail": false,
              "pending": false,
              "context": null,
              "code": "user = _hardhat.default.users.testUserSeven;\noracleDecimals = await _hardhat.default.Diamond.extOracleDecimals();\nKreskoAsset = await (0, _krassets.addMockKreskoAsset)({\n    name: \"KreskoAssetPrice10USD\",\n    price: collateralPrice,\n    symbol: \"KreskoAssetPrice10USD\",\n    closeFee: 0.1,\n    openFee: 0.1,\n    marketOpen: true,\n    factor: 2,\n    supplyLimit: 10\n});\nCollateralAsset = await (0, _collaterals.addMockCollateralAsset)({\n    name: \"Collateral18Dec\",\n    price: kreskoAssetPrice,\n    factor: 0.5,\n    decimals: 18\n});\nCollateralAsset8Dec = await (0, _collaterals.addMockCollateralAsset)({\n    name: \"Collateral8Dec\",\n    price: kreskoAssetPrice,\n    factor: 0.5,\n    decimals: 8\n});\nCollateralAsset21Dec = await (0, _collaterals.addMockCollateralAsset)({\n    name: \"Collateral21Dec\",\n    price: kreskoAssetPrice,\n    factor: 0.5,\n    decimals: 21\n});\nawait CollateralAsset.setBalance(user, (0, _lib.toBig)(startingBalance));\nawait CollateralAsset8Dec.setBalance(user, (0, _lib.toBig)(startingBalance, 8));\nawait CollateralAsset21Dec.setBalance(user, (0, _lib.toBig)(startingBalance, 21));\nawait CollateralAsset.contract.connect(user).approve(_hardhat.default.Diamond.address, _hardhat.default.ethers.constants.MaxUint256);\nawait CollateralAsset8Dec.contract.connect(user).approve(_hardhat.default.Diamond.address, _hardhat.default.ethers.constants.MaxUint256);\nawait CollateralAsset21Dec.contract.connect(user).approve(_hardhat.default.Diamond.address, _hardhat.default.ethers.constants.MaxUint256);",
              "err": {},
              "uuid": "effcbc07-decf-428c-978c-f92c322c8c28",
              "parentUUID": "4c313dc2-a564-4e1b-9d7f-9a5c1314950a",
              "isHook": true,
              "skipped": false
            }
          ],
          "afterHooks": [],
          "tests": [],
          "suites": [
            {
              "uuid": "00fa7448-7a72-490c-96a7-f483ad2438d1",
              "title": "#Collateral Deposit Values",
              "fullFile": "/Users/panukettunen/Projects/kresko-protocol/src/test/asset-values/00-asset-values.ts",
              "file": "/src/test/asset-values/00-asset-values.ts",
              "beforeHooks": [],
              "afterHooks": [],
              "tests": [
                {
                  "title": "should return the correct deposit value with 18 decimals",
                  "fullTitle": "Asset Amounts & Values #Collateral Deposit Values should return the correct deposit value with 18 decimals",
                  "timedOut": false,
                  "duration": 17,
                  "state": "passed",
                  "speed": "fast",
                  "pass": true,
                  "fail": false,
                  "pending": false,
                  "context": null,
                  "code": "const depositAmount = (0, _lib.toBig)(10);\nconst expectedDepositValue = (0, _lib.toBig)(50, oracleDecimals); // cfactor = 0.5, collateralPrice = 10, depositAmount = 10\nawait _hardhat.default.Diamond.connect(user).depositCollateral(user.address, CollateralAsset.address, depositAmount);\nconst depositValue = await _hardhat.default.Diamond.getAccountCollateralValue(user.address);\n(0, _chai.expect)(depositValue).to.equal(expectedDepositValue);",
                  "err": {},
                  "uuid": "b4fc838e-7d73-4ede-a702-8563756c363d",
                  "parentUUID": "00fa7448-7a72-490c-96a7-f483ad2438d1",
                  "isHook": false,
                  "skipped": false
                },
                {
                  "title": "should return the correct deposit value with less than 18 decimals",
                  "fullTitle": "Asset Amounts & Values #Collateral Deposit Values should return the correct deposit value with less than 18 decimals",
                  "timedOut": false,
                  "duration": 22,
                  "state": "passed",
                  "speed": "fast",
                  "pass": true,
                  "fail": false,
                  "pending": false,
                  "context": null,
                  "code": "const depositAmount = (0, _lib.toBig)(10, 8);\nconst expectedDepositValue = (0, _lib.toBig)(50, oracleDecimals); // cfactor = 0.5, collateralPrice = 10, depositAmount = 10\nawait _hardhat.default.Diamond.connect(user).depositCollateral(user.address, CollateralAsset8Dec.address, depositAmount);\nconst depositValue = await _hardhat.default.Diamond.getAccountCollateralValue(user.address);\n(0, _chai.expect)(depositValue).to.equal(expectedDepositValue);",
                  "err": {},
                  "uuid": "9db48f14-c8c6-4b2a-a6cd-df03a7f4f20d",
                  "parentUUID": "00fa7448-7a72-490c-96a7-f483ad2438d1",
                  "isHook": false,
                  "skipped": false
                },
                {
                  "title": "should return the correct deposit value with over 18 decimals",
                  "fullTitle": "Asset Amounts & Values #Collateral Deposit Values should return the correct deposit value with over 18 decimals",
                  "timedOut": false,
                  "duration": 22,
                  "state": "passed",
                  "speed": "fast",
                  "pass": true,
                  "fail": false,
                  "pending": false,
                  "context": null,
                  "code": "const depositAmount = (0, _lib.toBig)(10, 21);\nconst expectedDepositValue = (0, _lib.toBig)(50, oracleDecimals); // cfactor = 0.5, collateralPrice = 10, depositAmount = 10\nawait _hardhat.default.Diamond.connect(user).depositCollateral(user.address, CollateralAsset21Dec.address, depositAmount);\nconst depositValue = await _hardhat.default.Diamond.getAccountCollateralValue(user.address);\n(0, _chai.expect)(depositValue).to.equal(expectedDepositValue);",
                  "err": {},
                  "uuid": "9aeb323b-a26a-4978-92e3-b6b89a4a3589",
                  "parentUUID": "00fa7448-7a72-490c-96a7-f483ad2438d1",
                  "isHook": false,
                  "skipped": false
                },
                {
                  "title": "should return the correct deposit value combination of different decimals",
                  "fullTitle": "Asset Amounts & Values #Collateral Deposit Values should return the correct deposit value combination of different decimals",
                  "timedOut": false,
                  "duration": 56,
                  "state": "passed",
                  "speed": "medium",
                  "pass": true,
                  "fail": false,
                  "pending": false,
                  "context": null,
                  "code": "await _hardhat.default.Diamond.connect(user).depositCollateral(user.address, CollateralAsset.address, (0, _lib.toBig)(10));\nawait _hardhat.default.Diamond.connect(user).depositCollateral(user.address, CollateralAsset8Dec.address, (0, _lib.toBig)(10, 8));\nawait _hardhat.default.Diamond.connect(user).depositCollateral(user.address, CollateralAsset21Dec.address, (0, _lib.toBig)(10, 21));\nconst expectedDepositValue = (0, _lib.toBig)(150, oracleDecimals); // cfactor = 0.5, collateralPrice = 10, depositAmount = 30\nconst depositValue = await _hardhat.default.Diamond.getAccountCollateralValue(user.address);\n(0, _chai.expect)(depositValue).to.equal(expectedDepositValue);",
                  "err": {},
                  "uuid": "6f2c32b1-d229-4912-8d0b-2a1c5c7da0b1",
                  "parentUUID": "00fa7448-7a72-490c-96a7-f483ad2438d1",
                  "isHook": false,
                  "skipped": false
                }
              ],
              "suites": [],
              "passes": [
                "b4fc838e-7d73-4ede-a702-8563756c363d",
                "9db48f14-c8c6-4b2a-a6cd-df03a7f4f20d",
                "9aeb323b-a26a-4978-92e3-b6b89a4a3589",
                "6f2c32b1-d229-4912-8d0b-2a1c5c7da0b1"
              ],
              "failures": [],
              "pending": [],
              "skipped": [],
              "duration": 117,
              "root": false,
              "rootEmpty": false,
              "_timeout": 15000
            },
            {
              "uuid": "e2b70c0b-37a3-468f-8048-1a0a04398904",
              "title": "#Collateral Deposit Amount",
              "fullFile": "/Users/panukettunen/Projects/kresko-protocol/src/test/asset-values/00-asset-values.ts",
              "file": "/src/test/asset-values/00-asset-values.ts",
              "beforeHooks": [],
              "afterHooks": [],
              "tests": [
                {
                  "title": "should return the correct deposit amount with 18 decimals",
                  "fullTitle": "Asset Amounts & Values #Collateral Deposit Amount should return the correct deposit amount with 18 decimals",
                  "timedOut": false,
                  "duration": 47,
                  "state": "passed",
                  "speed": "medium",
                  "pass": true,
                  "fail": false,
                  "pending": false,
                  "context": null,
                  "code": "const depositAmount = (0, _lib.toBig)(10);\nawait _hardhat.default.Diamond.connect(user).depositCollateral(user.address, CollateralAsset.address, depositAmount);\nconst withdrawIndex = await _hardhat.default.Diamond.getDepositedCollateralAssetIndex(user.address, CollateralAsset.address);\nconst deposits = await _hardhat.default.Diamond.collateralDeposits(user.address, CollateralAsset.address);\n(0, _chai.expect)(deposits).to.equal(depositAmount);\nawait _hardhat.default.Diamond.connect(user).withdrawCollateral(user.address, CollateralAsset.address, depositAmount, withdrawIndex);\nconst balance = await CollateralAsset.contract.balanceOf(user.address);\n(0, _chai.expect)(balance).to.equal((0, _lib.toBig)(startingBalance));",
                  "err": {},
                  "uuid": "8efde66f-a2d6-456a-9487-c125d7163662",
                  "parentUUID": "e2b70c0b-37a3-468f-8048-1a0a04398904",
                  "isHook": false,
                  "skipped": false
                },
                {
                  "title": "should return the correct deposit amount with less than 18 decimals",
                  "fullTitle": "Asset Amounts & Values #Collateral Deposit Amount should return the correct deposit amount with less than 18 decimals",
                  "timedOut": false,
                  "duration": 49,
                  "state": "passed",
                  "speed": "medium",
                  "pass": true,
                  "fail": false,
                  "pending": false,
                  "context": null,
                  "code": "const depositAmount = (0, _lib.toBig)(10, 8);\nawait _hardhat.default.Diamond.connect(user).depositCollateral(user.address, CollateralAsset8Dec.address, depositAmount);\nconst withdrawIndex = await _hardhat.default.Diamond.getDepositedCollateralAssetIndex(user.address, CollateralAsset8Dec.address);\nconst deposits = await _hardhat.default.Diamond.collateralDeposits(user.address, CollateralAsset8Dec.address);\n(0, _chai.expect)(deposits).to.equal(depositAmount);\nawait _hardhat.default.Diamond.connect(user).withdrawCollateral(user.address, CollateralAsset8Dec.address, depositAmount, withdrawIndex);\nconst balance = await CollateralAsset8Dec.contract.balanceOf(user.address);\n(0, _chai.expect)(balance).to.equal((0, _lib.toBig)(startingBalance, 8));",
                  "err": {},
                  "uuid": "c308ef9a-7160-43d4-9d2f-d0d6a95a3cef",
                  "parentUUID": "e2b70c0b-37a3-468f-8048-1a0a04398904",
                  "isHook": false,
                  "skipped": false
                },
                {
                  "title": "should return the correct deposit value with over 18 decimals",
                  "fullTitle": "Asset Amounts & Values #Collateral Deposit Amount should return the correct deposit value with over 18 decimals",
                  "timedOut": false,
                  "duration": 54,
                  "state": "passed",
                  "speed": "medium",
                  "pass": true,
                  "fail": false,
                  "pending": false,
                  "context": null,
                  "code": "const depositAmount = (0, _lib.toBig)(10, 21);\nawait _hardhat.default.Diamond.connect(user).depositCollateral(user.address, CollateralAsset21Dec.address, depositAmount);\nconst withdrawIndex = await _hardhat.default.Diamond.getDepositedCollateralAssetIndex(user.address, CollateralAsset21Dec.address);\nconst deposits = await _hardhat.default.Diamond.collateralDeposits(user.address, CollateralAsset21Dec.address);\n(0, _chai.expect)(deposits).to.equal(depositAmount);\nawait _hardhat.default.Diamond.connect(user).withdrawCollateral(user.address, CollateralAsset21Dec.address, depositAmount, withdrawIndex);\nconst balance = await CollateralAsset21Dec.contract.balanceOf(user.address);\n(0, _chai.expect)(balance).to.equal((0, _lib.toBig)(startingBalance, 21));",
                  "err": {},
                  "uuid": "4d9b44ca-9d04-4bdb-b296-e91304384c99",
                  "parentUUID": "e2b70c0b-37a3-468f-8048-1a0a04398904",
                  "isHook": false,
                  "skipped": false
                }
              ],
              "suites": [],
              "passes": [
                "8efde66f-a2d6-456a-9487-c125d7163662",
                "c308ef9a-7160-43d4-9d2f-d0d6a95a3cef",
                "4d9b44ca-9d04-4bdb-b296-e91304384c99"
              ],
              "failures": [],
              "pending": [],
              "skipped": [],
              "duration": 150,
              "root": false,
              "rootEmpty": false,
              "_timeout": 15000
            },
            {
              "uuid": "50e991fc-5314-4248-9c93-8a1e9de25bb6",
              "title": "#Kresko Asset Debt Values",
              "fullFile": "/Users/panukettunen/Projects/kresko-protocol/src/test/asset-values/00-asset-values.ts",
              "file": "/src/test/asset-values/00-asset-values.ts",
              "beforeHooks": [],
              "afterHooks": [],
              "tests": [
                {
                  "title": "should return the correct debt value (+CR) with 18 decimal collateral",
                  "fullTitle": "Asset Amounts & Values #Kresko Asset Debt Values should return the correct debt value (+CR) with 18 decimal collateral",
                  "timedOut": false,
                  "duration": 142,
                  "state": "passed",
                  "speed": "slow",
                  "pass": true,
                  "fail": false,
                  "pending": false,
                  "context": null,
                  "code": "const depositAmount = (0, _lib.toBig)(10);\nawait _hardhat.default.Diamond.connect(user).depositCollateral(user.address, CollateralAsset.address, depositAmount);\nconst mintAmount = (0, _lib.toBig)(1);\nconst expectedMintValue = (0, _lib.toBig)(20, oracleDecimals); // kFactor = 2, krAssetPrice = 10, mintAmount = 1, openFee = 0.1\nawait _hardhat.default.Diamond.connect(user).mintKreskoAsset(user.address, KreskoAsset.address, mintAmount);\nconst expectedDepositValue = (0, _lib.toBig)(49.5, oracleDecimals); // cfactor = 0.5, collateralPrice = 10, depositAmount = 10, openFee = 0.1\nconst depositValue = await _hardhat.default.Diamond.getAccountCollateralValue(user.address);\n(0, _chai.expect)(depositValue).to.equal(expectedDepositValue);\nconst mintValue = await _hardhat.default.Diamond.getAccountKrAssetValue(user.address);\n(0, _chai.expect)(mintValue).to.equal(expectedMintValue);\nconst assetValue = await _hardhat.default.Diamond.getKrAssetValue(KreskoAsset.address, mintAmount, true);\nconst kFactor = (await _hardhat.default.Diamond.kreskoAsset(KreskoAsset.address)).kFactor;\n(0, _chai.expect)(assetValue).to.equal(expectedMintValue.wadDiv(kFactor));\nconst collateralRatio = await (0, _liquidations.getCR)(user.address, true); // big\n(0, _chai.expect)(collateralRatio).to.equal(expectedDepositValue.wadDiv(expectedMintValue)); // 2.475",
                  "err": {},
                  "uuid": "abf43b1b-b16b-4f85-ad4b-2b9275b2f9e9",
                  "parentUUID": "50e991fc-5314-4248-9c93-8a1e9de25bb6",
                  "isHook": false,
                  "skipped": false
                },
                {
                  "title": "should return the correct debt value (+CR) with less than 18 decimal collateral",
                  "fullTitle": "Asset Amounts & Values #Kresko Asset Debt Values should return the correct debt value (+CR) with less than 18 decimal collateral",
                  "timedOut": false,
                  "duration": 154,
                  "state": "passed",
                  "speed": "slow",
                  "pass": true,
                  "fail": false,
                  "pending": false,
                  "context": null,
                  "code": "const depositAmount = (0, _lib.toBig)(10, 8);\nawait _hardhat.default.Diamond.connect(user).depositCollateral(user.address, CollateralAsset8Dec.address, depositAmount);\nconst mintAmount = (0, _lib.toBig)(1);\nconst expectedMintValue = (0, _lib.toBig)(20, oracleDecimals); // kFactor = 2, krAssetPrice = 10, mintAmount = 1, openFee = 0.1\nawait _hardhat.default.Diamond.connect(user).mintKreskoAsset(user.address, KreskoAsset.address, mintAmount);\nconst expectedDepositValue = (0, _lib.toBig)(49.5, oracleDecimals); // cfactor = 0.5, collateralPrice = 10, depositAmount = 10, openFee = 0.1\nconst depositValue = await _hardhat.default.Diamond.getAccountCollateralValue(user.address);\n(0, _chai.expect)(depositValue).to.equal(expectedDepositValue);\nconst mintValue = await _hardhat.default.Diamond.getAccountKrAssetValue(user.address);\n(0, _chai.expect)(mintValue).to.equal(expectedMintValue);\nconst assetValue = await _hardhat.default.Diamond.getKrAssetValue(KreskoAsset.address, mintAmount, true);\nconst kFactor = (await _hardhat.default.Diamond.kreskoAsset(KreskoAsset.address)).kFactor;\n(0, _chai.expect)(assetValue).to.equal(expectedMintValue.wadDiv(kFactor));\nconst collateralRatio = await (0, _liquidations.getCR)(user.address, true); // big\n(0, _chai.expect)(collateralRatio).to.equal(expectedDepositValue.wadDiv(expectedMintValue)); // 2.475",
                  "err": {},
                  "uuid": "ffe47332-3b2e-484a-9758-9cfa96e226f4",
                  "parentUUID": "50e991fc-5314-4248-9c93-8a1e9de25bb6",
                  "isHook": false,
                  "skipped": false
                },
                {
                  "title": "should return the correct debt value (+CR) with more than 18 decimal collateral",
                  "fullTitle": "Asset Amounts & Values #Kresko Asset Debt Values should return the correct debt value (+CR) with more than 18 decimal collateral",
                  "timedOut": false,
                  "duration": 166,
                  "state": "passed",
                  "speed": "slow",
                  "pass": true,
                  "fail": false,
                  "pending": false,
                  "context": null,
                  "code": "const depositAmount = (0, _lib.toBig)(10, 21);\nawait _hardhat.default.Diamond.connect(user).depositCollateral(user.address, CollateralAsset21Dec.address, depositAmount);\nconst mintAmount = (0, _lib.toBig)(1);\nconst expectedMintValue = (0, _lib.toBig)(20, oracleDecimals); // kFactor = 2, krAssetPrice = 10, mintAmount = 1, openFee = 0.1\nawait _hardhat.default.Diamond.connect(user).mintKreskoAsset(user.address, KreskoAsset.address, mintAmount);\nconst expectedDepositValue = (0, _lib.toBig)(49.5, oracleDecimals); // cfactor = 0.5, collateralPrice = 10, depositAmount = 10, openFee = 0.1\nconst depositValue = await _hardhat.default.Diamond.getAccountCollateralValue(user.address);\n(0, _chai.expect)(depositValue).to.equal(expectedDepositValue);\nconst mintValue = await _hardhat.default.Diamond.getAccountKrAssetValue(user.address);\n(0, _chai.expect)(mintValue).to.equal(expectedMintValue);\nconst assetValue = await _hardhat.default.Diamond.getKrAssetValue(KreskoAsset.address, mintAmount, true);\nconst kFactor = (await _hardhat.default.Diamond.kreskoAsset(KreskoAsset.address)).kFactor;\n(0, _chai.expect)(assetValue).to.equal(expectedMintValue.wadDiv(kFactor));\nconst collateralRatio = await (0, _liquidations.getCR)(user.address, true); // big\n(0, _chai.expect)(collateralRatio).to.equal(expectedDepositValue.wadDiv(expectedMintValue)); // 2.475",
                  "err": {},
                  "uuid": "5a263223-f63e-4bbf-bbc0-79a161928664",
                  "parentUUID": "50e991fc-5314-4248-9c93-8a1e9de25bb6",
                  "isHook": false,
                  "skipped": false
                }
              ],
              "suites": [],
              "passes": [
                "abf43b1b-b16b-4f85-ad4b-2b9275b2f9e9",
                "ffe47332-3b2e-484a-9758-9cfa96e226f4",
                "5a263223-f63e-4bbf-bbc0-79a161928664"
              ],
              "failures": [],
              "pending": [],
              "skipped": [],
              "duration": 462,
              "root": false,
              "rootEmpty": false,
              "_timeout": 15000
            }
          ],
          "passes": [],
          "failures": [],
          "pending": [],
          "skipped": [],
          "duration": 0,
          "root": false,
          "rootEmpty": false,
          "_timeout": 15000
        },
        {
          "uuid": "a9de474a-57ee-4985-b263-a10b3307f15b",
          "title": "Diamond",
          "fullFile": "/Users/panukettunen/Projects/kresko-protocol/src/test/diamond/00-init.ts",
          "file": "/src/test/diamond/00-init.ts",
          "beforeHooks": [
            {
              "title": "\"before each\" hook in \"Diamond\"",
              "fullTitle": "Diamond \"before each\" hook in \"Diamond\"",
              "timedOut": false,
              "duration": 18,
              "state": null,
              "speed": null,
              "pass": false,
              "fail": false,
              "pending": false,
              "context": null,
              "code": "const fixture = await _hardhat.default.deployments.createFixture(async (hre)=>{\n    const result = await hre.deployments.fixture(fixtureName);\n    if (result.Diamond) {\n        hre.Diamond = await hre.getContractOrFork(\"Kresko\");\n    }\n    return {\n        facets: result.Diamond ? result.Diamond.facets : [],\n        collaterals: hre.collaterals,\n        krAssets: hre.krAssets\n    };\n})();\nthis.facets = fixture.facets || [];\nthis.collaterals = fixture.collaterals;\nthis.krAssets = fixture.krAssets;",
              "err": {},
              "uuid": "e027d280-55fc-4cdf-a0b0-1352ec41aad1",
              "parentUUID": "a9de474a-57ee-4985-b263-a10b3307f15b",
              "isHook": true,
              "skipped": false
            }
          ],
          "afterHooks": [],
          "tests": [],
          "suites": [
            {
              "uuid": "7f67b5d5-f0c9-4996-920b-35ddb890100b",
              "title": "#initialization",
              "fullFile": "/Users/panukettunen/Projects/kresko-protocol/src/test/diamond/00-init.ts",
              "file": "/src/test/diamond/00-init.ts",
              "beforeHooks": [],
              "afterHooks": [],
              "tests": [
                {
                  "title": "sets correct state",
                  "fullTitle": "Diamond #initialization sets correct state",
                  "timedOut": false,
                  "duration": 11,
                  "state": "passed",
                  "speed": "fast",
                  "pass": true,
                  "fail": false,
                  "pending": false,
                  "context": null,
                  "code": "(0, _chai.expect)(await _hardhat.default.Diamond.owner()).to.equal(_hardhat.default.users.deployer.address);\n(0, _chai.expect)(await _hardhat.default.Diamond.initialized()).to.equal(true);",
                  "err": {},
                  "uuid": "92981dc7-fd3d-412c-846c-8d118196b816",
                  "parentUUID": "7f67b5d5-f0c9-4996-920b-35ddb890100b",
                  "isHook": false,
                  "skipped": false
                },
                {
                  "title": "sets standard facet addresses",
                  "fullTitle": "Diamond #initialization sets standard facet addresses",
                  "timedOut": false,
                  "duration": 29,
                  "state": "passed",
                  "speed": "fast",
                  "pass": true,
                  "fail": false,
                  "pending": false,
                  "context": null,
                  "code": "const facetAddressesOnChain = (await _hardhat.default.Diamond.facets()).map((f)=>f.facetAddress);\nconst facetAddressesArtifact = this.facets.map((f)=>f.facetAddress);\n(0, _chai.expect)(facetAddressesOnChain.length).to.equal(facetAddressesArtifact.length);\n(0, _chai.expect)(facetAddressesOnChain).to.have.members(facetAddressesArtifact);",
                  "err": {},
                  "uuid": "2a593c07-95f3-4580-99da-d3d67aea6350",
                  "parentUUID": "7f67b5d5-f0c9-4996-920b-35ddb890100b",
                  "isHook": false,
                  "skipped": false
                },
                {
                  "title": "sets selectors of standard facets",
                  "fullTitle": "Diamond #initialization sets selectors of standard facets",
                  "timedOut": false,
                  "duration": 28,
                  "state": "passed",
                  "speed": "fast",
                  "pass": true,
                  "fail": false,
                  "pending": false,
                  "context": null,
                  "code": "const facetsSelectorsOnChain = (await _hardhat.default.Diamond.facets()).flatMap((f)=>f.functionSelectors);\nconst facetSelectorsOnArtifact = this.facets.flatMap((f)=>f.functionSelectors);\n(0, _chai.expect)(facetsSelectorsOnChain.length).to.equal(facetSelectorsOnArtifact.length);\n(0, _chai.expect)(facetsSelectorsOnChain).to.have.members(facetSelectorsOnArtifact);",
                  "err": {},
                  "uuid": "83369d74-fc58-4f63-bdc2-68b0094c3645",
                  "parentUUID": "7f67b5d5-f0c9-4996-920b-35ddb890100b",
                  "isHook": false,
                  "skipped": false
                }
              ],
              "suites": [],
              "passes": [
                "92981dc7-fd3d-412c-846c-8d118196b816",
                "2a593c07-95f3-4580-99da-d3d67aea6350",
                "83369d74-fc58-4f63-bdc2-68b0094c3645"
              ],
              "failures": [],
              "pending": [],
              "skipped": [],
              "duration": 68,
              "root": false,
              "rootEmpty": false,
              "_timeout": 15000
            }
          ],
          "passes": [],
          "failures": [],
          "pending": [],
          "skipped": [],
          "duration": 0,
          "root": false,
          "rootEmpty": false,
          "_timeout": 15000
        },
        {
          "uuid": "258bdd16-9575-4048-a96e-ac0ab6a3fc40",
          "title": "Diamond",
          "fullFile": "/Users/panukettunen/Projects/kresko-protocol/src/test/diamond/01-ownership.ts",
          "file": "/src/test/diamond/01-ownership.ts",
          "beforeHooks": [
            {
              "title": "\"before each\" hook in \"Diamond\"",
              "fullTitle": "Diamond \"before each\" hook in \"Diamond\"",
              "timedOut": false,
              "duration": 16,
              "state": null,
              "speed": null,
              "pass": false,
              "fail": false,
              "pending": false,
              "context": null,
              "code": "const fixture = await _hardhat.default.deployments.createFixture(async (hre)=>{\n    const result = await hre.deployments.fixture(fixtureName);\n    if (result.Diamond) {\n        hre.Diamond = await hre.getContractOrFork(\"Kresko\");\n    }\n    return {\n        facets: result.Diamond ? result.Diamond.facets : [],\n        collaterals: hre.collaterals,\n        krAssets: hre.krAssets\n    };\n})();\nthis.facets = fixture.facets || [];\nthis.collaterals = fixture.collaterals;\nthis.krAssets = fixture.krAssets;",
              "err": {},
              "uuid": "dc99de14-5cdc-40bd-a99e-79bce649bb9a",
              "parentUUID": "258bdd16-9575-4048-a96e-ac0ab6a3fc40",
              "isHook": true,
              "skipped": false
            }
          ],
          "afterHooks": [],
          "tests": [],
          "suites": [
            {
              "uuid": "5daaa1a6-7406-4189-bbb0-dd34136b0dcf",
              "title": "#ownership",
              "fullFile": "/Users/panukettunen/Projects/kresko-protocol/src/test/diamond/01-ownership.ts",
              "file": "/src/test/diamond/01-ownership.ts",
              "beforeHooks": [],
              "afterHooks": [],
              "tests": [
                {
                  "title": "sets correct owner",
                  "fullTitle": "Diamond #ownership sets correct owner",
                  "timedOut": false,
                  "duration": 7,
                  "state": "passed",
                  "speed": "fast",
                  "pass": true,
                  "fail": false,
                  "pending": false,
                  "context": null,
                  "code": "(0, _chai.expect)(await _hardhat.default.Diamond.owner()).to.equal(_hardhat.default.addr.deployer);",
                  "err": {},
                  "uuid": "518d78f1-2923-46ca-97a6-9bbc268ffeeb",
                  "parentUUID": "5daaa1a6-7406-4189-bbb0-dd34136b0dcf",
                  "isHook": false,
                  "skipped": false
                },
                {
                  "title": "sets correct default admin role",
                  "fullTitle": "Diamond #ownership sets correct default admin role",
                  "timedOut": false,
                  "duration": 8,
                  "state": "passed",
                  "speed": "fast",
                  "pass": true,
                  "fail": false,
                  "pending": false,
                  "context": null,
                  "code": "(0, _chai.expect)(await _hardhat.default.Diamond.hasRole(_test.Role.ADMIN, _hardhat.default.addr.deployer)).to.equal(true);",
                  "err": {},
                  "uuid": "839f0324-5ee9-4e37-85da-26e95b2da885",
                  "parentUUID": "5daaa1a6-7406-4189-bbb0-dd34136b0dcf",
                  "isHook": false,
                  "skipped": false
                },
                {
                  "title": "sets a new pending owner",
                  "fullTitle": "Diamond #ownership sets a new pending owner",
                  "timedOut": false,
                  "duration": 14,
                  "state": "passed",
                  "speed": "fast",
                  "pass": true,
                  "fail": false,
                  "pending": false,
                  "context": null,
                  "code": "const pendingOwner = _hardhat.default.users.userOne;\nawait _hardhat.default.Diamond.transferOwnership(pendingOwner.address);\n(0, _chai.expect)(await _hardhat.default.Diamond.pendingOwner()).to.equal(pendingOwner.address);",
                  "err": {},
                  "uuid": "918782c5-10a5-462f-97da-f7b9dc7f4cc1",
                  "parentUUID": "5daaa1a6-7406-4189-bbb0-dd34136b0dcf",
                  "isHook": false,
                  "skipped": false
                },
                {
                  "title": "sets the pending owner as new owner",
                  "fullTitle": "Diamond #ownership sets the pending owner as new owner",
                  "timedOut": false,
                  "duration": 23,
                  "state": "passed",
                  "speed": "fast",
                  "pass": true,
                  "fail": false,
                  "pending": false,
                  "context": null,
                  "code": "const pendingOwner = _hardhat.default.users.userOne;\nawait _hardhat.default.Diamond.transferOwnership(pendingOwner.address);\nawait _hardhat.default.Diamond.connect(pendingOwner).acceptOwnership();\n(0, _chai.expect)(await _hardhat.default.Diamond.owner()).to.equal(pendingOwner.address);",
                  "err": {},
                  "uuid": "aaaf5eca-5b4a-4926-979c-4f267f2067b8",
                  "parentUUID": "5daaa1a6-7406-4189-bbb0-dd34136b0dcf",
                  "isHook": false,
                  "skipped": false
                }
              ],
              "suites": [],
              "passes": [
                "518d78f1-2923-46ca-97a6-9bbc268ffeeb",
                "839f0324-5ee9-4e37-85da-26e95b2da885",
                "918782c5-10a5-462f-97da-f7b9dc7f4cc1",
                "aaaf5eca-5b4a-4926-979c-4f267f2067b8"
              ],
              "failures": [],
              "pending": [],
              "skipped": [],
              "duration": 52,
              "root": false,
              "rootEmpty": false,
              "_timeout": 15000
            }
          ],
          "passes": [],
          "failures": [],
          "pending": [],
          "skipped": [],
          "duration": 0,
          "root": false,
          "rootEmpty": false,
          "_timeout": 15000
        },
        {
          "uuid": "97a329e8-f1ba-4c69-bc4f-580c6a13ebc2",
          "title": "Diamond",
          "fullFile": "/Users/panukettunen/Projects/kresko-protocol/src/test/diamond/02-upgrades.ts",
          "file": "/src/test/diamond/02-upgrades.ts",
          "beforeHooks": [
            {
              "title": "\"before each\" hook in \"Diamond\"",
              "fullTitle": "Diamond \"before each\" hook in \"Diamond\"",
              "timedOut": false,
              "duration": 18,
              "state": null,
              "speed": null,
              "pass": false,
              "fail": false,
              "pending": false,
              "context": null,
              "code": "const fixture = await _hardhat.default.deployments.createFixture(async (hre)=>{\n    const result = await hre.deployments.fixture(fixtureName);\n    if (result.Diamond) {\n        hre.Diamond = await hre.getContractOrFork(\"Kresko\");\n    }\n    return {\n        facets: result.Diamond ? result.Diamond.facets : [],\n        collaterals: hre.collaterals,\n        krAssets: hre.krAssets\n    };\n})();\nthis.facets = fixture.facets || [];\nthis.collaterals = fixture.collaterals;\nthis.krAssets = fixture.krAssets;",
              "err": {},
              "uuid": "82be2bdf-6809-497a-9507-ac2291cca615",
              "parentUUID": "97a329e8-f1ba-4c69-bc4f-580c6a13ebc2",
              "isHook": true,
              "skipped": false
            }
          ],
          "afterHooks": [],
          "tests": [],
          "suites": [
            {
              "uuid": "84f46e4a-f07d-41cc-a044-cfc7fb429f0f",
              "title": "#upgrades",
              "fullFile": "/Users/panukettunen/Projects/kresko-protocol/src/test/diamond/02-upgrades.ts",
              "file": "/src/test/diamond/02-upgrades.ts",
              "beforeHooks": [],
              "afterHooks": [],
              "tests": [
                {
                  "title": "can add a new facet",
                  "fullTitle": "Diamond #upgrades can add a new facet",
                  "timedOut": false,
                  "duration": 330,
                  "state": "passed",
                  "speed": "slow",
                  "pass": true,
                  "fail": false,
                  "pending": false,
                  "context": null,
                  "code": "const Factory = await _smock.smock.mock(\"SmockFacet\");\nconst SmockFacet = await Factory.deploy();\nconst [SmockInitializer] = await _hardhat.default.deploy(\"SmockInit\");\nconst signatures = _hardhat.default.getSignatures([\n    ..._typechain.SmockFacet__factory.abi\n]);\nconst Cut = {\n    facetAddress: SmockFacet.address,\n    functionSelectors: signatures,\n    action: _types.FacetCutAction.Add\n};\nconst initData = await SmockInitializer.populateTransaction.initialize(_hardhat.default.addr.userOne);\nawait _hardhat.default.Diamond.diamondCut([\n    Cut\n], initData.to, initData.data);\nconst TEST_OPERATOR_ROLE = _hardhat.default.ethers.utils.id(\"kresko.test.operator\");\nconst isTestOperator = await _hardhat.default.Diamond.hasRole(TEST_OPERATOR_ROLE, _hardhat.default.addr.userOne);\n// Succesfully added the new operator through the initialization contract\n(0, _chai.expect)(isTestOperator).to.equal(true);\nconst Facet = await _hardhat.default.ethers.getContractAt([\n    ..._typechain.SmockFacet__factory.abi\n], _hardhat.default.Diamond.address);\n// Ensure facet has it's own storage\nconst operatorFromNewStorage = await Facet.operator(); // Retrieved from SmockStorage\n(0, _chai.expect)(operatorFromNewStorage).to.equal(_hardhat.default.addr.userOne);",
                  "err": {},
                  "uuid": "3c589f4f-ad35-4f3c-9f61-045daf012ec9",
                  "parentUUID": "84f46e4a-f07d-41cc-a044-cfc7fb429f0f",
                  "isHook": false,
                  "skipped": false
                },
                {
                  "title": "can remove a facet",
                  "fullTitle": "Diamond #upgrades can remove a facet",
                  "timedOut": false,
                  "duration": 448,
                  "state": "passed",
                  "speed": "slow",
                  "pass": true,
                  "fail": false,
                  "pending": false,
                  "context": null,
                  "code": "const NewFacet = await (0, _addfacet.addFacet)({\n    name: \"SmockFacet\",\n    initializerName: \"SmockInit\",\n    initializerArgs: _hardhat.default.addr.userOne\n});\nconst facetsBefore = await _hardhat.default.Diamond.facets();\n(0, _chai.expect)(facetsBefore.filter((f)=>f.facetAddress === NewFacet.address).length).to.equal(1);\nawait (0, _removefacet.removeFacet)({\n    name: \"SmockFacet\"\n});\nconst facetsAfter = await _hardhat.default.Diamond.facets();\n(0, _chai.expect)(facetsBefore.length - facetsAfter.length).to.equal(1);\n(0, _chai.expect)(facetsAfter).to.not.deep.contain(NewFacet.address);",
                  "err": {},
                  "uuid": "e7fe838f-4c95-462c-a331-6b99f6b5cbce",
                  "parentUUID": "84f46e4a-f07d-41cc-a044-cfc7fb429f0f",
                  "isHook": false,
                  "skipped": false
                },
                {
                  "title": "can remove a function",
                  "fullTitle": "Diamond #upgrades can remove a function",
                  "timedOut": false,
                  "duration": 63,
                  "state": "passed",
                  "speed": "medium",
                  "pass": true,
                  "fail": false,
                  "pending": false,
                  "context": null,
                  "code": "// Delete acceptOwnership from DiamondOwnershipFacet\n// Check there is no pending owner\nlet pendingOwner = await _hardhat.default.Diamond.pendingOwner();\n(0, _chai.expect)(pendingOwner).to.equal(_hardhat.default.ethers.constants.AddressZero);\n// Transfer to eg. wrong address\nconst wrongOwner = _hardhat.default.addr.nonadmin;\nawait _hardhat.default.Diamond.transferOwnership(wrongOwner);\n// Ensure\npendingOwner = await _hardhat.default.Diamond.pendingOwner();\n(0, _chai.expect)(pendingOwner).to.equal(wrongOwner);\n// Fragment and signature for acceptOwnersip\nconst functionFragment = _hardhat.default.Diamond.interface.functions[\"acceptOwnership()\"];\nconst signature = _hardhat.default.ethers.utils.Interface.getSighash(functionFragment);\nconst facetAddress = await _hardhat.default.Diamond.facetAddress(signature);\nconst functions = await _hardhat.default.Diamond.facetFunctionSelectors(facetAddress);\nconst Cut = {\n    facetAddress: _hardhat.default.ethers.constants.AddressZero,\n    action: _types.FacetCutAction.Remove,\n    functionSelectors: [\n        signature\n    ]\n};\n// We will set a correct owner with delegatecall into the Diamond itself with the cut transaction\nconst correctOwner = _hardhat.default.addr.userOne;\nconst initData = await _hardhat.default.Diamond.populateTransaction.transferOwnership(correctOwner);\nconst tx = await _hardhat.default.Diamond.diamondCut([\n    Cut\n], initData.to, initData.data);\nawait tx.wait();\n// Ensure rest of the functions remain\nconst functionsAfterCut = await _hardhat.default.Diamond.facetFunctionSelectors(facetAddress);\n(0, _chai.expect)(functionsAfterCut.length).to.equal(functions.length - 1);\n// Ensure delegatecall did set the correct pending owner with the cut\nconst filter = _hardhat.default.Diamond.filters[\"PendingOwnershipTransfer(address,address)\"](_hardhat.default.addr.deployer, correctOwner);\nconst [event] = await _hardhat.default.Diamond.queryFilter(filter);\nconst { previousOwner , newOwner  } = event.args;\n(0, _chai.expect)(previousOwner).to.equal(_hardhat.default.addr.deployer);\n(0, _chai.expect)(newOwner).to.equal(correctOwner);\n// Ensure there is no function to accept the ownership\nawait (0, _chai.expect)(_hardhat.default.Diamond.connect(_hardhat.default.users.nonadmin).acceptOwnership()).to.be.revertedWith(_test.Error.DIAMOND_INVALID_FUNCTION_SIGNATURE);",
                  "err": {},
                  "uuid": "52c6506f-5ad8-4987-b08e-9e4002a564a4",
                  "parentUUID": "84f46e4a-f07d-41cc-a044-cfc7fb429f0f",
                  "isHook": false,
                  "skipped": false
                },
                {
                  "title": "can replace a function",
                  "fullTitle": "Diamond #upgrades can replace a function",
                  "timedOut": false,
                  "duration": 103,
                  "state": "passed",
                  "speed": "slow",
                  "pass": true,
                  "fail": false,
                  "pending": false,
                  "context": null,
                  "code": "// Same as above but instead replace the function\n// Check there is no pending owner\nlet pendingOwner = await _hardhat.default.Diamond.pendingOwner();\n(0, _chai.expect)(pendingOwner).to.equal(_hardhat.default.ethers.constants.AddressZero);\n// Transfer to eg. wrong address\nconst wrongOwner = _hardhat.default.addr.nonadmin;\nawait _hardhat.default.Diamond.transferOwnership(wrongOwner);\n// Ensure\npendingOwner = await _hardhat.default.Diamond.pendingOwner();\n(0, _chai.expect)(pendingOwner).to.equal(wrongOwner);\n// Fragment and signature for acceptOwnersip\nconst functionFragment = _hardhat.default.Diamond.interface.functions[\"acceptOwnership()\"];\nconst signature = _hardhat.default.ethers.utils.Interface.getSighash(functionFragment);\nconst OldOwnershipFacet = await _hardhat.default.Diamond.facetAddress(signature);\nconst [NewOwnershipFacet, allOwnershipFacetSignatures] = await _hardhat.default.deploy(\"DiamondOwnershipFacet\", {\n    deploymentName: \"DiamondOwnershipFacet2\"\n});\n// Only replace a single function, we could replace all of them\nconst Cut = {\n    facetAddress: NewOwnershipFacet.address,\n    action: _types.FacetCutAction.Replace,\n    functionSelectors: [\n        signature\n    ]\n};\n// We will set a correct owner with delegatecall into the Diamond itself with the cut transaction\nconst correctOwner = _hardhat.default.addr.userOne;\nconst initData = await _hardhat.default.Diamond.populateTransaction.transferOwnership(correctOwner);\nconst tx = await _hardhat.default.Diamond.diamondCut([\n    Cut\n], initData.to, initData.data);\nawait tx.wait();\n// Ensure function exists and revert is for invalid address instead of missing function\nawait (0, _chai.expect)(_hardhat.default.Diamond.connect(_hardhat.default.users.nonadmin).acceptOwnership()).to.be.revertedWith(_test.Error.DIAMOND_INVALID_PENDING_OWNER);\n// Ensure one function is contained in the new facet\nconst functionsNewFacet = await _hardhat.default.Diamond.facetFunctionSelectors(NewOwnershipFacet.address);\n(0, _chai.expect)(functionsNewFacet.length).to.equal(1);\n(0, _chai.expect)(functionsNewFacet).to.have.members([\n    signature\n]);\n// Ensure rest are in the previous one\nconst functionsOldFacet = await _hardhat.default.Diamond.facetFunctionSelectors(OldOwnershipFacet);\n(0, _chai.expect)(functionsOldFacet).to.not.have.members([\n    signature\n]);\n(0, _chai.expect)(functionsOldFacet.length).to.equal(allOwnershipFacetSignatures.length - 1);\n// Ensure correct owner can now accept the ownership\n(0, _chai.expect)(_hardhat.default.Diamond.connect(_hardhat.default.users.userOne).acceptOwnership());\nconst currentOwner = await _hardhat.default.Diamond.owner();\n(0, _chai.expect)(currentOwner).to.equal(correctOwner);",
                  "err": {},
                  "uuid": "ec17b278-a762-40fd-8ff1-c559940b2988",
                  "parentUUID": "84f46e4a-f07d-41cc-a044-cfc7fb429f0f",
                  "isHook": false,
                  "skipped": false
                },
                {
                  "title": "can upgrade state",
                  "fullTitle": "Diamond #upgrades can upgrade state",
                  "timedOut": false,
                  "duration": 386,
                  "state": "passed",
                  "speed": "slow",
                  "pass": true,
                  "fail": false,
                  "pending": false,
                  "context": null,
                  "code": "(0, _chai.expect)(await _hardhat.default.Diamond.initialized()).to.equal(true);\nconst Factory = await _smock.smock.mock(\"SmockInit\");\nconst SmockInit = await Factory.deploy();\nconst tx = await SmockInit.populateTransaction.upgradeState();\nawait _hardhat.default.Diamond.upgradeState(tx.to, tx.data);\n(0, _chai.expect)(await _hardhat.default.Diamond.initialized()).to.equal(false);",
                  "err": {},
                  "uuid": "46296c3d-fdf4-41df-bbe7-a073723197d7",
                  "parentUUID": "84f46e4a-f07d-41cc-a044-cfc7fb429f0f",
                  "isHook": false,
                  "skipped": false
                },
                {
                  "title": "can preserve old state when extending storage layout",
                  "fullTitle": "Diamond #upgrades can preserve old state when extending storage layout",
                  "timedOut": false,
                  "duration": 713,
                  "state": "passed",
                  "speed": "slow",
                  "pass": true,
                  "fail": false,
                  "pending": false,
                  "context": null,
                  "code": "(0, _chai.expect)(await _hardhat.default.Diamond.initialized()).to.equal(true);\n// Add the first facet\nconst Factory = await _smock.smock.mock(\"SmockFacet\");\nconst SmockFacet = await Factory.deploy();\nconst [SmockInitializer] = await _hardhat.default.deploy(\"SmockInit\");\nconst signatures = _hardhat.default.getSignatures([\n    ..._typechain.SmockFacet__factory.abi\n]);\nconst Cut = {\n    facetAddress: SmockFacet.address,\n    functionSelectors: signatures,\n    action: _types.FacetCutAction.Add\n};\nconst initData = await SmockInitializer.populateTransaction.initialize(_hardhat.default.addr.userOne);\nawait _hardhat.default.Diamond.diamondCut([\n    Cut\n], initData.to, initData.data);\nconst Diamond = await _hardhat.default.ethers.getContractAt(\"SmockFacet\", _hardhat.default.Diamond.address);\nconst isInitialized = await Diamond.smockInitialized();\n(0, _chai.expect)(isInitialized).to.equal(true);\n// Add facet with extended state\n// Add the first facet\nconst Factory2 = await _smock.smock.mock(\"SmockFacet2\");\nconst SmockFacet2 = await Factory2.deploy();\nconst signatures2 = _hardhat.default.getSignatures([\n    ..._typechain.SmockFacet2__factory.abi\n]);\nconst Cut2 = {\n    facetAddress: SmockFacet2.address,\n    functionSelectors: signatures2,\n    action: _types.FacetCutAction.Add\n};\n// Initializer only sets the new extended value, does not touch old storage\nconst initData2 = await SmockFacet2.populateTransaction.initialize();\nawait _hardhat.default.Diamond.diamondCut([\n    Cut2\n], initData2.to, initData2.data);\n// Here we have appended the storage layout with the `extended` bool property.\nconst DiamondExtended = await _hardhat.default.ethers.getContractAt(\"SmockFacet2\", _hardhat.default.Diamond.address);\nconst initializedAfterExtend = await DiamondExtended.getOldStructValueFromExtended();\nconst extendedValue = await DiamondExtended.getNewStructValueFromExtended();\n// Old values remain\n(0, _chai.expect)(initializedAfterExtend).to.equal(true);\n// And we get new ones\n(0, _chai.expect)(extendedValue).to.equal(true);",
                  "err": {},
                  "uuid": "f4808bc2-de53-4980-b7a6-8209af13f2b1",
                  "parentUUID": "84f46e4a-f07d-41cc-a044-cfc7fb429f0f",
                  "isHook": false,
                  "skipped": false
                }
              ],
              "suites": [],
              "passes": [
                "3c589f4f-ad35-4f3c-9f61-045daf012ec9",
                "e7fe838f-4c95-462c-a331-6b99f6b5cbce",
                "52c6506f-5ad8-4987-b08e-9e4002a564a4",
                "ec17b278-a762-40fd-8ff1-c559940b2988",
                "46296c3d-fdf4-41df-bbe7-a073723197d7",
                "f4808bc2-de53-4980-b7a6-8209af13f2b1"
              ],
              "failures": [],
              "pending": [],
              "skipped": [],
              "duration": 2043,
              "root": false,
              "rootEmpty": false,
              "_timeout": 15000
            }
          ],
          "passes": [],
          "failures": [],
          "pending": [],
          "skipped": [],
          "duration": 0,
          "root": false,
          "rootEmpty": false,
          "_timeout": 15000
        },
        {
          "uuid": "f72734d9-dcdf-4633-b60e-25d2f424ceab",
          "title": "Forking",
          "fullFile": "/Users/panukettunen/Projects/kresko-protocol/src/test/forking/00-setup.ts",
          "file": "/src/test/forking/00-setup.ts",
          "beforeHooks": [],
          "afterHooks": [],
          "tests": [],
          "suites": [
            {
              "uuid": "4e0ca4d5-fa24-46c8-b43b-3c12225533c1",
              "title": "#setup",
              "fullFile": "/Users/panukettunen/Projects/kresko-protocol/src/test/forking/00-setup.ts",
              "file": "/src/test/forking/00-setup.ts",
              "beforeHooks": [],
              "afterHooks": [],
              "tests": [
                {
                  "title": "should get Kresko from the companion network locally",
                  "fullTitle": "Forking #setup should get Kresko from the companion network locally",
                  "timedOut": false,
                  "duration": 0,
                  "state": "pending",
                  "speed": null,
                  "pass": false,
                  "fail": false,
                  "pending": true,
                  "context": null,
                  "code": "",
                  "err": {},
                  "uuid": "05109e48-f457-4156-b7fa-e19d5a96dc69",
                  "parentUUID": "4e0ca4d5-fa24-46c8-b43b-3c12225533c1",
                  "isHook": false,
                  "skipped": false
                }
              ],
              "suites": [],
              "passes": [],
              "failures": [],
              "pending": [
                "05109e48-f457-4156-b7fa-e19d5a96dc69"
              ],
              "skipped": [],
              "duration": 0,
              "root": false,
              "rootEmpty": false,
              "_timeout": 15000
            },
            {
              "uuid": "ab5bda7c-4462-4864-bd56-47ef21c87059",
              "title": "#rate-upgrade-11-04-2023",
              "fullFile": "/Users/panukettunen/Projects/kresko-protocol/src/test/forking/00-setup.ts",
              "file": "/src/test/forking/00-setup.ts",
              "beforeHooks": [],
              "afterHooks": [],
              "tests": [
                {
                  "title": "should be able to deploy facets",
                  "fullTitle": "Forking #rate-upgrade-11-04-2023 should be able to deploy facets",
                  "timedOut": false,
                  "duration": 0,
                  "state": "pending",
                  "speed": null,
                  "pass": false,
                  "fail": false,
                  "pending": true,
                  "context": null,
                  "code": "",
                  "err": {},
                  "uuid": "2de0b33f-5568-4000-b7fd-e2d759990f86",
                  "parentUUID": "ab5bda7c-4462-4864-bd56-47ef21c87059",
                  "isHook": false,
                  "skipped": false
                }
              ],
              "suites": [],
              "passes": [],
              "failures": [],
              "pending": [
                "2de0b33f-5568-4000-b7fd-e2d759990f86"
              ],
              "skipped": [],
              "duration": 0,
              "root": false,
              "rootEmpty": false,
              "_timeout": 15000
            },
            {
              "uuid": "6bf0d7a3-64e4-457c-9bb8-acc76a8759dc",
              "title": "#facet-upgrade-16-05-2023",
              "fullFile": "/Users/panukettunen/Projects/kresko-protocol/src/test/forking/00-setup.ts",
              "file": "/src/test/forking/00-setup.ts",
              "beforeHooks": [],
              "afterHooks": [],
              "tests": [
                {
                  "title": "works",
                  "fullTitle": "Forking #facet-upgrade-16-05-2023 works",
                  "timedOut": false,
                  "duration": 0,
                  "state": "pending",
                  "speed": null,
                  "pass": false,
                  "fail": false,
                  "pending": true,
                  "context": null,
                  "code": "",
                  "err": {},
                  "uuid": "ff3ce159-10ce-4bc5-bf20-5d82335e06e7",
                  "parentUUID": "6bf0d7a3-64e4-457c-9bb8-acc76a8759dc",
                  "isHook": false,
                  "skipped": false
                }
              ],
              "suites": [],
              "passes": [],
              "failures": [],
              "pending": [
                "ff3ce159-10ce-4bc5-bf20-5d82335e06e7"
              ],
              "skipped": [],
              "duration": 0,
              "root": false,
              "rootEmpty": false,
              "_timeout": 15000
            }
          ],
          "passes": [],
          "failures": [],
          "pending": [],
          "skipped": [],
          "duration": 0,
          "root": false,
          "rootEmpty": false,
          "_timeout": 15000
        },
        {
          "uuid": "2d05c2f8-a98a-4a34-b9e5-2913ba106437",
          "title": "KreskoAsset",
          "fullFile": "/Users/panukettunen/Projects/kresko-protocol/src/test/krasset/00-init.ts",
          "file": "/src/test/krasset/00-init.ts",
          "beforeHooks": [
            {
              "title": "\"before each\" hook in \"KreskoAsset\"",
              "fullTitle": "KreskoAsset \"before each\" hook in \"KreskoAsset\"",
              "timedOut": false,
              "duration": 18,
              "state": null,
              "speed": null,
              "pass": false,
              "fail": false,
              "pending": false,
              "context": null,
              "code": "const fixture = await _hardhat.default.deployments.createFixture(async (hre)=>{\n    const result = await hre.deployments.fixture(fixtureName);\n    if (result.Diamond) {\n        hre.Diamond = await hre.getContractOrFork(\"Kresko\");\n    }\n    return {\n        facets: result.Diamond ? result.Diamond.facets : [],\n        collaterals: hre.collaterals,\n        krAssets: hre.krAssets\n    };\n})();\nthis.facets = fixture.facets || [];\nthis.collaterals = fixture.collaterals;\nthis.krAssets = fixture.krAssets;",
              "err": {},
              "uuid": "ef1aed72-ff29-4190-9e9c-bdebe6b6f3f2",
              "parentUUID": "2d05c2f8-a98a-4a34-b9e5-2913ba106437",
              "isHook": true,
              "skipped": false
            }
          ],
          "afterHooks": [],
          "tests": [],
          "suites": [
            {
              "uuid": "77e76460-e55f-4aa5-b62c-4a9e5577ba63",
              "title": "#initialization - anchor",
              "fullFile": "/Users/panukettunen/Projects/kresko-protocol/src/test/krasset/00-init.ts",
              "file": "/src/test/krasset/00-init.ts",
              "beforeHooks": [
                {
                  "title": "\"before each\" hook in \"#initialization - anchor\"",
                  "fullTitle": "KreskoAsset #initialization - anchor \"before each\" hook in \"#initialization - anchor\"",
                  "timedOut": false,
                  "duration": 0,
                  "state": null,
                  "speed": null,
                  "pass": false,
                  "fail": false,
                  "pending": false,
                  "context": null,
                  "code": "const deployment = this.krAssets.find((k)=>k.deployArgs.name === name);\nKreskoAsset = deployment.contract;\nKreskoAssetAnchor = deployment.anchor;",
                  "err": {},
                  "uuid": "907c275d-b116-4d0b-adc7-2cb0d089548b",
                  "parentUUID": "77e76460-e55f-4aa5-b62c-4a9e5577ba63",
                  "isHook": true,
                  "skipped": false
                }
              ],
              "afterHooks": [],
              "tests": [
                {
                  "title": "cant initialize twice",
                  "fullTitle": "KreskoAsset #initialization - anchor cant initialize twice",
                  "timedOut": false,
                  "duration": 12,
                  "state": "passed",
                  "speed": "fast",
                  "pass": true,
                  "fail": false,
                  "pending": false,
                  "context": null,
                  "code": "await (0, _chai.expect)(KreskoAsset.initialize(name, symbol, 18, _hardhat.default.addr.deployer, _hardhat.default.Diamond.address)).to.be.revertedWith(_test.Error.ALREADY_INITIALIZED_OZ);",
                  "err": {},
                  "uuid": "0ab342aa-1363-41dc-b7d1-a51d6b20fd21",
                  "parentUUID": "77e76460-e55f-4aa5-b62c-4a9e5577ba63",
                  "isHook": false,
                  "skipped": false
                },
                {
                  "title": "cant initialize implementation",
                  "fullTitle": "KreskoAsset #initialization - anchor cant initialize implementation",
                  "timedOut": false,
                  "duration": 21,
                  "state": "passed",
                  "speed": "fast",
                  "pass": true,
                  "fail": false,
                  "pending": false,
                  "context": null,
                  "code": "const deployment = await _hardhat.default.deployments.get(symbol);\nconst implementationAddress = deployment.implementation;\n(0, _chai.expect)(implementationAddress).to.not.equal(_hardhat.default.ethers.constants.AddressZero);\nconst KreskoAssetImpl = await _hardhat.default.ethers.getContractAt(\"KreskoAsset\", implementationAddress);\nawait (0, _chai.expect)(KreskoAssetImpl.initialize(name, symbol, 18, _hardhat.default.addr.deployer, _hardhat.default.Diamond.address)).to.be.revertedWith(_test.Error.ALREADY_INITIALIZED_OZ);",
                  "err": {},
                  "uuid": "0aecb689-918c-4df9-bcd2-1f15b62d9453",
                  "parentUUID": "77e76460-e55f-4aa5-b62c-4a9e5577ba63",
                  "isHook": false,
                  "skipped": false
                },
                {
                  "title": "sets correct state",
                  "fullTitle": "KreskoAsset #initialization - anchor sets correct state",
                  "timedOut": false,
                  "duration": 41,
                  "state": "passed",
                  "speed": "medium",
                  "pass": true,
                  "fail": false,
                  "pending": false,
                  "context": null,
                  "code": "(0, _chai.expect)(await KreskoAsset.name()).to.equal(name);\n(0, _chai.expect)(await KreskoAsset.symbol()).to.equal(symbol);\n(0, _chai.expect)(await KreskoAsset.kresko()).to.equal(_hardhat.default.Diamond.address);\n(0, _chai.expect)(await KreskoAsset.hasRole(_test.Role.ADMIN, _hardhat.default.addr.deployer)).to.equal(true);\n(0, _chai.expect)(await KreskoAsset.hasRole(_test.Role.OPERATOR, _hardhat.default.Diamond.address)).to.equal(true);\n(0, _chai.expect)(await KreskoAsset.totalSupply()).to.equal(\"200000000000000000000\");\n(0, _chai.expect)(await KreskoAsset.isRebased()).to.equal(false);\nconst rebaseInfo = await KreskoAsset.rebaseInfo();\n(0, _chai.expect)(rebaseInfo.denominator).to.equal(0);\n(0, _chai.expect)(rebaseInfo.positive).to.equal(false);",
                  "err": {},
                  "uuid": "16542c59-9e74-4c53-a905-61ac35b70b36",
                  "parentUUID": "77e76460-e55f-4aa5-b62c-4a9e5577ba63",
                  "isHook": false,
                  "skipped": false
                },
                {
                  "title": "can reinitialize metadata",
                  "fullTitle": "KreskoAsset #initialization - anchor can reinitialize metadata",
                  "timedOut": false,
                  "duration": 22,
                  "state": "passed",
                  "speed": "fast",
                  "pass": true,
                  "fail": false,
                  "pending": false,
                  "context": null,
                  "code": "const newName = \"foo\";\nconst newSymbol = \"bar\";\nawait (0, _chai.expect)(KreskoAsset.reinitializeERC20(newName, newSymbol, 2)).to.not.be.revertedWith(_test.Error.ALREADY_INITIALIZED_OZ);\n(0, _chai.expect)(await KreskoAsset.name()).to.equal(newName);\n(0, _chai.expect)(await KreskoAsset.symbol()).to.equal(newSymbol);",
                  "err": {},
                  "uuid": "760a2087-7a10-4c33-8909-c10eae0d172e",
                  "parentUUID": "77e76460-e55f-4aa5-b62c-4a9e5577ba63",
                  "isHook": false,
                  "skipped": false
                }
              ],
              "suites": [],
              "passes": [
                "0ab342aa-1363-41dc-b7d1-a51d6b20fd21",
                "0aecb689-918c-4df9-bcd2-1f15b62d9453",
                "16542c59-9e74-4c53-a905-61ac35b70b36",
                "760a2087-7a10-4c33-8909-c10eae0d172e"
              ],
              "failures": [],
              "pending": [],
              "skipped": [],
              "duration": 96,
              "root": false,
              "rootEmpty": false,
              "_timeout": 15000
            },
            {
              "uuid": "1811d9da-72d0-4b6f-8876-f98a4890c951",
              "title": "#initialization - wrapped",
              "fullFile": "/Users/panukettunen/Projects/kresko-protocol/src/test/krasset/00-init.ts",
              "file": "/src/test/krasset/00-init.ts",
              "beforeHooks": [
                {
                  "title": "\"before each\" hook in \"#initialization - wrapped\"",
                  "fullTitle": "KreskoAsset #initialization - wrapped \"before each\" hook in \"#initialization - wrapped\"",
                  "timedOut": false,
                  "duration": 0,
                  "state": null,
                  "speed": null,
                  "pass": false,
                  "fail": false,
                  "pending": false,
                  "context": null,
                  "code": "const deployment = _hardhat.default.krAssets.find((k)=>k.deployArgs.name === name);\nKreskoAsset = deployment.contract;\nKreskoAssetAnchor = deployment.anchor;",
                  "err": {},
                  "uuid": "4c160f80-d56b-419b-bbc9-7bdda010f2b7",
                  "parentUUID": "1811d9da-72d0-4b6f-8876-f98a4890c951",
                  "isHook": true,
                  "skipped": false
                }
              ],
              "afterHooks": [],
              "tests": [
                {
                  "title": "cant initialize twice",
                  "fullTitle": "KreskoAsset #initialization - wrapped cant initialize twice",
                  "timedOut": false,
                  "duration": 9,
                  "state": "passed",
                  "speed": "fast",
                  "pass": true,
                  "fail": false,
                  "pending": false,
                  "context": null,
                  "code": "await (0, _chai.expect)(KreskoAssetAnchor.initialize(KreskoAsset.address, name, symbol, _hardhat.default.addr.deployer)).to.be.revertedWith(_test.Error.ALREADY_INITIALIZED_OZ);",
                  "err": {},
                  "uuid": "c8d42612-ef15-4cd0-ba4a-3e7259adccef",
                  "parentUUID": "1811d9da-72d0-4b6f-8876-f98a4890c951",
                  "isHook": false,
                  "skipped": false
                },
                {
                  "title": "cant initialize implementation",
                  "fullTitle": "KreskoAsset #initialization - wrapped cant initialize implementation",
                  "timedOut": false,
                  "duration": 21,
                  "state": "passed",
                  "speed": "fast",
                  "pass": true,
                  "fail": false,
                  "pending": false,
                  "context": null,
                  "code": "const deployment = await _hardhat.default.deployments.get(_shared.anchorTokenPrefix + symbol);\nconst implementationAddress = deployment.implementation;\n(0, _chai.expect)(implementationAddress).to.not.equal(_hardhat.default.ethers.constants.AddressZero);\nconst KreskoAssetAnchorImpl = await _hardhat.default.ethers.getContractAt(\"KreskoAssetAnchor\", implementationAddress);\nawait (0, _chai.expect)(KreskoAssetAnchorImpl.initialize(KreskoAsset.address, name, symbol, _hardhat.default.addr.deployer)).to.be.revertedWith(_test.Error.ALREADY_INITIALIZED_OZ);",
                  "err": {},
                  "uuid": "12444c3a-f818-4719-8666-af2b5c17e1a0",
                  "parentUUID": "1811d9da-72d0-4b6f-8876-f98a4890c951",
                  "isHook": false,
                  "skipped": false
                },
                {
                  "title": "can reinitialize metadata",
                  "fullTitle": "KreskoAsset #initialization - wrapped can reinitialize metadata",
                  "timedOut": false,
                  "duration": 20,
                  "state": "passed",
                  "speed": "fast",
                  "pass": true,
                  "fail": false,
                  "pending": false,
                  "context": null,
                  "code": "const newName = \"foo\";\nconst newSymbol = \"bar\";\nawait (0, _chai.expect)(KreskoAssetAnchor.reinitializeERC20(newName, newSymbol, 2)).to.not.be.revertedWith(_test.Error.ALREADY_INITIALIZED_OZ);\n(0, _chai.expect)(await KreskoAssetAnchor.name()).to.equal(newName);\n(0, _chai.expect)(await KreskoAssetAnchor.symbol()).to.equal(newSymbol);",
                  "err": {},
                  "uuid": "75a40165-fb3c-4732-86a9-20f830cc2067",
                  "parentUUID": "1811d9da-72d0-4b6f-8876-f98a4890c951",
                  "isHook": false,
                  "skipped": false
                },
                {
                  "title": "sets correct state",
                  "fullTitle": "KreskoAsset #initialization - wrapped sets correct state",
                  "timedOut": false,
                  "duration": 45,
                  "state": "passed",
                  "speed": "medium",
                  "pass": true,
                  "fail": false,
                  "pending": false,
                  "context": null,
                  "code": "(0, _chai.expect)(await KreskoAssetAnchor.name()).to.equal(name);\n(0, _chai.expect)(await KreskoAssetAnchor.symbol()).to.equal(_shared.anchorTokenPrefix + symbol);\n(0, _chai.expect)(await KreskoAssetAnchor.asset()).to.equal(KreskoAsset.address);\n(0, _chai.expect)(await KreskoAssetAnchor.hasRole(_test.Role.ADMIN, _hardhat.default.addr.deployer)).to.equal(true);\n(0, _chai.expect)(await KreskoAssetAnchor.hasRole(_test.Role.OPERATOR, _hardhat.default.Diamond.address)).to.equal(true);\n(0, _chai.expect)(await KreskoAssetAnchor.totalSupply()).to.equal(\"200000000000000000000\");\n(0, _chai.expect)(await KreskoAssetAnchor.totalAssets()).to.equal(await KreskoAsset.totalSupply());\nconst rebaseInfo = await KreskoAsset.rebaseInfo();\n(0, _chai.expect)(rebaseInfo.denominator).to.equal(0);\n(0, _chai.expect)(rebaseInfo.positive).to.equal(false);",
                  "err": {},
                  "uuid": "8de4fe50-eace-4c97-8d72-22ed0bae67fc",
                  "parentUUID": "1811d9da-72d0-4b6f-8876-f98a4890c951",
                  "isHook": false,
                  "skipped": false
                }
              ],
              "suites": [],
              "passes": [
                "c8d42612-ef15-4cd0-ba4a-3e7259adccef",
                "12444c3a-f818-4719-8666-af2b5c17e1a0",
                "75a40165-fb3c-4732-86a9-20f830cc2067",
                "8de4fe50-eace-4c97-8d72-22ed0bae67fc"
              ],
              "failures": [],
              "pending": [],
              "skipped": [],
              "duration": 95,
              "root": false,
              "rootEmpty": false,
              "_timeout": 15000
            }
          ],
          "passes": [],
          "failures": [],
          "pending": [],
          "skipped": [],
          "duration": 0,
          "root": false,
          "rootEmpty": false,
          "_timeout": 15000
        },
        {
          "uuid": "c6b07f4d-3123-4e63-87af-9cb426c428a9",
          "title": "KreskoAsset",
          "fullFile": "/Users/panukettunen/Projects/kresko-protocol/src/test/krasset/01-erc20.ts",
          "file": "/src/test/krasset/01-erc20.ts",
          "beforeHooks": [
            {
              "title": "\"before each\" hook in \"KreskoAsset\"",
              "fullTitle": "KreskoAsset \"before each\" hook in \"KreskoAsset\"",
              "timedOut": false,
              "duration": 17,
              "state": null,
              "speed": null,
              "pass": false,
              "fail": false,
              "pending": false,
              "context": null,
              "code": "const fixture = await _hardhat.default.deployments.createFixture(async (hre)=>{\n    const result = await hre.deployments.fixture(fixtureName);\n    if (result.Diamond) {\n        hre.Diamond = await hre.getContractOrFork(\"Kresko\");\n    }\n    return {\n        facets: result.Diamond ? result.Diamond.facets : [],\n        collaterals: hre.collaterals,\n        krAssets: hre.krAssets\n    };\n})();\nthis.facets = fixture.facets || [];\nthis.collaterals = fixture.collaterals;\nthis.krAssets = fixture.krAssets;",
              "err": {},
              "uuid": "4c879f15-c514-4350-8a72-d97ab4632bdd",
              "parentUUID": "c6b07f4d-3123-4e63-87af-9cb426c428a9",
              "isHook": true,
              "skipped": false
            },
            {
              "title": "\"before each\" hook in \"KreskoAsset\"",
              "fullTitle": "KreskoAsset \"before each\" hook in \"KreskoAsset\"",
              "timedOut": false,
              "duration": 19,
              "state": null,
              "speed": null,
              "pass": false,
              "fail": false,
              "pending": false,
              "context": null,
              "code": "this.owner = _hardhat.default.users.deployer;\nthis.krAsset = _hardhat.default.krAssets.find((asset)=>asset.deployArgs.symbol === _test.defaultKrAssetArgs.symbol);\nthis.mintAmount = 125;\nawait this.krAsset.contract.grantRole(_test.Role.OPERATOR, this.owner.address);",
              "err": {},
              "uuid": "a2c52999-3063-4f20-b5c8-65d15a4cb265",
              "parentUUID": "c6b07f4d-3123-4e63-87af-9cb426c428a9",
              "isHook": true,
              "skipped": false
            }
          ],
          "afterHooks": [],
          "tests": [],
          "suites": [
            {
              "uuid": "8a9bc1ff-9145-4ba7-bdbf-d34bab6b39f8",
              "title": "#mint",
              "fullFile": "/Users/panukettunen/Projects/kresko-protocol/src/test/krasset/01-erc20.ts",
              "file": "/src/test/krasset/01-erc20.ts",
              "beforeHooks": [],
              "afterHooks": [],
              "tests": [
                {
                  "title": "should allow the owner to mint to their own address",
                  "fullTitle": "KreskoAsset #mint should allow the owner to mint to their own address",
                  "timedOut": false,
                  "duration": 26,
                  "state": "passed",
                  "speed": "fast",
                  "pass": true,
                  "fail": false,
                  "pending": false,
                  "context": null,
                  "code": "(0, _chai.expect)(await this.krAsset.contract.totalSupply()).to.equal(0);\n(0, _chai.expect)(await this.krAsset.contract.balanceOf(this.owner.address)).to.equal(0);\nawait this.krAsset.contract.connect(this.owner).mint(this.owner.address, this.mintAmount);\n// Check total supply and owner's balances increased\n(0, _chai.expect)(await this.krAsset.contract.totalSupply()).to.equal(this.mintAmount);\n(0, _chai.expect)(await this.krAsset.contract.balanceOf(this.owner.address)).to.equal(this.mintAmount);",
                  "err": {},
                  "uuid": "d5addc55-3a71-479e-9b89-1cf8f839eaa2",
                  "parentUUID": "8a9bc1ff-9145-4ba7-bdbf-d34bab6b39f8",
                  "isHook": false,
                  "skipped": false
                },
                {
                  "title": "should allow the asset owner to mint to another address",
                  "fullTitle": "KreskoAsset #mint should allow the asset owner to mint to another address",
                  "timedOut": false,
                  "duration": 25,
                  "state": "passed",
                  "speed": "fast",
                  "pass": true,
                  "fail": false,
                  "pending": false,
                  "context": null,
                  "code": "(0, _chai.expect)(await this.krAsset.contract.totalSupply()).to.equal(0);\n(0, _chai.expect)(await this.krAsset.contract.balanceOf(_hardhat.default.users.userOne.address)).to.equal(0);\nawait this.krAsset.contract.connect(this.owner).mint(_hardhat.default.users.userOne.address, this.mintAmount);\n// Check total supply and user's balances increased\n(0, _chai.expect)(await this.krAsset.contract.totalSupply()).to.equal(this.mintAmount);\n(0, _chai.expect)(await this.krAsset.contract.balanceOf(_hardhat.default.users.userOne.address)).to.equal(this.mintAmount);",
                  "err": {},
                  "uuid": "0700b000-bff7-401b-9ab5-a803ecb0f58b",
                  "parentUUID": "8a9bc1ff-9145-4ba7-bdbf-d34bab6b39f8",
                  "isHook": false,
                  "skipped": false
                },
                {
                  "title": "should not allow non-owner addresses to mint tokens",
                  "fullTitle": "KreskoAsset #mint should not allow non-owner addresses to mint tokens",
                  "timedOut": false,
                  "duration": 32,
                  "state": "passed",
                  "speed": "fast",
                  "pass": true,
                  "fail": false,
                  "pending": false,
                  "context": null,
                  "code": "(0, _chai.expect)(await this.krAsset.contract.totalSupply()).to.equal(0);\n(0, _chai.expect)(await this.krAsset.contract.balanceOf(this.owner.address)).to.equal(0);\nawait (0, _chai.expect)(this.krAsset.contract.connect(_hardhat.default.users.userOne).mint(this.owner.address, this.mintAmount)).to.be.revertedWith(`AccessControl: account ${_hardhat.default.users.userOne.address.toLowerCase()} is missing role 0x112e48a576fb3a75acc75d9fcf6e0bc670b27b1dbcd2463502e10e68cf57d6fd`);\n// Check total supply and all account balances unchanged\n(0, _chai.expect)(await this.krAsset.contract.totalSupply()).to.equal(0);\n(0, _chai.expect)(await this.krAsset.contract.balanceOf(this.owner.address)).to.equal(0);\n(0, _chai.expect)(await this.krAsset.contract.balanceOf(_hardhat.default.users.userOne.address)).to.equal(0);",
                  "err": {},
                  "uuid": "516d4fcb-1079-4bfd-a2f9-ea3f5762be5b",
                  "parentUUID": "8a9bc1ff-9145-4ba7-bdbf-d34bab6b39f8",
                  "isHook": false,
                  "skipped": false
                },
                {
                  "title": "should not allow admin to mint tokens",
                  "fullTitle": "KreskoAsset #mint should not allow admin to mint tokens",
                  "timedOut": false,
                  "duration": 70,
[...]
                  "err": {},
                  "uuid": "8fc30d12-0fa4-4e9d-9e4d-8a1f54ffc094",
                  "parentUUID": "50acf02f-461d-4db3-8232-2282306be5fd",
                  "isHook": false,
                  "skipped": false
                }
              ],
              "suites": [],
              "passes": [
                "da8cc7ce-f422-4eec-8187-9725ce4bf117",
                "48a822df-1828-45f7-9cea-9bce06ba0b83",
                "aa0901ad-97e0-443d-924f-943c0fbcebb1",
                "103dec03-5f76-4c42-a865-bfd8ab11dee7",
                "988888b7-1c1f-41b8-9f42-45fc1b8fd4b1",
                "43c1ab22-84c2-411a-b323-8ac8a4a4be62",
                "604e71d0-6235-42b3-80f6-e762eedb7ad1",
                "f6c7e045-1159-437d-bc5e-fd6bb10c37d4",
                "8cc6d82c-a500-4e46-81b2-e2e57102aa61",
                "e9221d18-4d75-459c-9d78-cd9f947190ee",
                "8fc30d12-0fa4-4e9d-9e4d-8a1f54ffc094"
              ],
              "failures": [],
              "pending": [],
              "skipped": [],
              "duration": 17867,
              "root": false,
              "rootEmpty": false,
              "_timeout": 15000
            }
          ],
          "passes": [],
          "failures": [],
          "pending": [],
          "skipped": [],
          "duration": 0,
          "root": false,
          "rootEmpty": false,
          "_timeout": 15000
        },
        {
          "uuid": "4259c221-5409-42cd-a2f6-a58e442d44eb",
          "title": "Stability Rates",
          "fullFile": "/Users/panukettunen/Projects/kresko-protocol/src/test/stability-rate/03-liquidation.ts",
          "file": "/src/test/stability-rate/03-liquidation.ts",
          "beforeHooks": [
            {
              "title": "\"before each\" hook in \"Stability Rates\"",
              "fullTitle": "Stability Rates \"before each\" hook in \"Stability Rates\"",
              "timedOut": false,
              "duration": 18,
              "state": null,
              "speed": null,
              "pass": false,
              "fail": false,
              "pending": false,
              "context": null,
              "code": "const fixture = await _hardhat.default.deployments.createFixture(async (hre)=>{\n    const result = await hre.deployments.fixture(fixtureName);\n    if (result.Diamond) {\n        hre.Diamond = await hre.getContractOrFork(\"Kresko\");\n    }\n    return {\n        facets: result.Diamond ? result.Diamond.facets : [],\n        collaterals: hre.collaterals,\n        krAssets: hre.krAssets\n    };\n})();\nthis.facets = fixture.facets || [];\nthis.collaterals = fixture.collaterals;\nthis.krAssets = fixture.krAssets;",
              "err": {},
              "uuid": "ada21890-2d00-41ca-bcee-1d037abb7edf",
              "parentUUID": "4259c221-5409-42cd-a2f6-a58e442d44eb",
              "isHook": true,
              "skipped": false
            },
            {
              "title": "\"before each\" hook in \"Stability Rates\"",
              "fullTitle": "Stability Rates \"before each\" hook in \"Stability Rates\"",
              "timedOut": false,
              "duration": 444,
              "state": null,
              "speed": null,
              "pass": false,
              "fail": false,
              "pending": false,
              "context": null,
              "code": "liquidator = _hardhat.default.users.deployer;\nuserTwo = _hardhat.default.users.userTwo;\nthis.krAsset = _hardhat.default.krAssets.find((c)=>c.deployArgs.name === _test.defaultKrAssetArgs.name);\nthis.collateral = _hardhat.default.collaterals.find((c)=>c.deployArgs.name === _test.defaultCollateralArgs.name);\nconst krAssetOraclePrice = 10;\nthis.krAsset.setPrice(krAssetOraclePrice);\nconst cLiq = (0, _lib.toBig)(1000);\nconst kLiq = (0, _lib.toBig)(100);\nawait this.collateral.setBalance(liquidator, cLiq.mul(2));\nawait (0, _collaterals.depositCollateral)({\n    asset: this.collateral,\n    amount: cLiq,\n    user: liquidator\n});\nawait (0, _krassets.mintKrAsset)({\n    asset: this.krAsset,\n    amount: kLiq,\n    user: liquidator\n});\nconst anchorBalance = await this.krAsset.anchor.balanceOf(_hardhat.default.Diamond.address);\n(0, _chai.expect)(anchorBalance).to.equal(kLiq);\n// 1000/100 = krAsset amm price 10\nconst pair = await (0, _amm.addLiquidity)({\n    user: liquidator,\n    router: _hardhat.default.UniV2Router,\n    amount0: cLiq,\n    amount1: kLiq,\n    token0: this.collateral,\n    token1: this.krAsset\n});\nupdateTWAP = (0, _amm.getTWAPUpdaterFor)(pair.address);\nawait _hardhat.default.UniV2Oracle.initPair(pair.address, this.krAsset.address, 60 * 60);\nawait updateTWAP();",
              "err": {},
              "uuid": "17997306-249d-48da-941e-a3dfe2ce90d9",
              "parentUUID": "4259c221-5409-42cd-a2f6-a58e442d44eb",
              "isHook": true,
              "skipped": false
            }
          ],
          "afterHooks": [],
          "tests": [],
          "suites": [
            {
              "uuid": "ef8ce53d-b70c-497c-b251-a2c92c0d05bd",
              "title": "#stability rate - liquidation",
              "fullFile": "/Users/panukettunen/Projects/kresko-protocol/src/test/stability-rate/03-liquidation.ts",
              "file": "/src/test/stability-rate/03-liquidation.ts",
              "beforeHooks": [
                {
                  "title": "\"before each\" hook in \"#stability rate - liquidation\"",
                  "fullTitle": "Stability Rates #stability rate - liquidation \"before each\" hook in \"#stability rate - liquidation\"",
                  "timedOut": false,
                  "duration": 3719,
                  "state": null,
                  "speed": null,
                  "pass": false,
                  "fail": false,
                  "pending": false,
                  "context": null,
                  "code": "await this.collateral.setBalance(userTwo, depositAmount);\n// Create few krAssets\nkrAssets = await Promise.all([\n    \"krasset2\",\n    \"krasset3\",\n    \"krasset4\"\n].map(async (name)=>await (0, _krassets.addMockKreskoAsset)({\n        name: name,\n        symbol: name,\n        marketOpen: true,\n        factor: 1.1,\n        closeFee: 0,\n        openFee: 0,\n        price: 10,\n        supplyLimit: 2000,\n        stabilityRateBase: _test.BASIS_POINT.mul(1000)\n    })));",
                  "err": {},
                  "uuid": "dfbcce11-6362-4c79-bae5-3284875d2abc",
                  "parentUUID": "ef8ce53d-b70c-497c-b251-a2c92c0d05bd",
                  "isHook": true,
                  "skipped": false
                }
              ],
              "afterHooks": [],
              "tests": [
                {
                  "title": "cannot liquidate accrued interest of healthy account",
                  "fullTitle": "Stability Rates #stability rate - liquidation cannot liquidate accrued interest of healthy account",
                  "timedOut": false,
                  "duration": 570,
                  "state": "passed",
                  "speed": "slow",
                  "pass": true,
                  "fail": false,
                  "pending": false,
                  "context": null,
                  "code": "await this.collateral.setBalance(userTwo, depositAmount);\n// Deposit a bit more to cover the mints\nawait (0, _collaterals.depositCollateral)({\n    asset: this.collateral,\n    amount: depositAmount,\n    user: userTwo\n});\n// mint each krasset\nawait Promise.all(krAssets.map((krAsset)=>(0, _krassets.mintKrAsset)({\n        asset: krAsset,\n        amount: mintAmount,\n        user: userTwo\n    })));\nawait _hardhatnetworkhelpers.time.increase(_calculations.ONE_YEAR);\nconst krAsset = krAssets[0];\n(0, _chai.expect)(await _hardhat.default.Diamond.isAccountLiquidatable(userTwo.address)).to.be.false;\nawait (0, _chai.expect)(_hardhat.default.Diamond.connect(liquidator).liquidateInterest(userTwo.address, krAsset.address, this.collateral.address)).to.be.revertedWith(_errors.Error.NOT_LIQUIDATABLE);",
                  "err": {},
                  "uuid": "2e41aa3d-3eb2-428b-8aa2-8be0590cfc63",
                  "parentUUID": "ef8ce53d-b70c-497c-b251-a2c92c0d05bd",
                  "isHook": false,
                  "skipped": false
                },
                {
                  "title": "cannot batch liquidate accrued interest of healthy account",
                  "fullTitle": "Stability Rates #stability rate - liquidation cannot batch liquidate accrued interest of healthy account",
                  "timedOut": false,
                  "duration": 566,
                  "state": "passed",
                  "speed": "slow",
                  "pass": true,
                  "fail": false,
                  "pending": false,
                  "context": null,
                  "code": "await this.collateral.setBalance(userTwo, depositAmount);\n// Deposit a bit more to cover the mints\nawait (0, _collaterals.depositCollateral)({\n    asset: this.collateral,\n    amount: depositAmount,\n    user: userTwo\n});\n// mint each krasset\nawait Promise.all(krAssets.map((krAsset)=>(0, _krassets.mintKrAsset)({\n        asset: krAsset,\n        amount: mintAmount,\n        user: userTwo\n    })));\nawait _hardhatnetworkhelpers.time.increase(_calculations.ONE_YEAR);\n(0, _chai.expect)(await _hardhat.default.Diamond.isAccountLiquidatable(userTwo.address)).to.be.false;\nawait (0, _chai.expect)(_hardhat.default.Diamond.connect(liquidator).batchLiquidateInterest(userTwo.address, this.collateral.address)).to.be.revertedWith(_errors.Error.NOT_LIQUIDATABLE);",
                  "err": {},
                  "uuid": "8b6661ce-3c05-457b-b9c0-94d8ba332cdf",
                  "parentUUID": "ef8ce53d-b70c-497c-b251-a2c92c0d05bd",
                  "isHook": false,
                  "skipped": false
                },
                {
                  "title": "can liquidate accrued interest of unhealthy account",
                  "fullTitle": "Stability Rates #stability rate - liquidation can liquidate accrued interest of unhealthy account",
                  "timedOut": false,
                  "duration": 1206,
                  "state": "passed",
                  "speed": "slow",
                  "pass": true,
                  "fail": false,
                  "pending": false,
                  "context": null,
                  "code": "const KISS = await _hardhat.default.getContractOrFork(\"KISS\");\n// mint each krasset\nawait Promise.all([\n    await KISS.connect(liquidator).approve(_hardhat.default.Diamond.address, _hardhat.default.ethers.constants.MaxUint256),\n    await this.collateral.setBalance(userTwo, depositAmount),\n    // Deposit a bit more to cover the mints\n    await (0, _collaterals.depositCollateral)({\n        asset: this.collateral,\n        amount: depositAmount,\n        user: userTwo\n    }),\n    ...krAssets.map((krAsset)=>(0, _krassets.mintKrAsset)({\n            asset: krAsset,\n            amount: mintAmount,\n            user: userTwo\n        }))\n]);\n// Up the asset prices\nconst newPrice = 15;\nkrAssets.map((asset)=>asset.setPrice(newPrice));\n// increase time so account is liquidatable\n(0, _chai.expect)(await _hardhat.default.Diamond.isAccountLiquidatable(userTwo.address)).to.be.false;\nawait _hardhatnetworkhelpers.time.increase(_calculations.ONE_YEAR * 4);\n// should be liquidatable\n(0, _chai.expect)(await _hardhat.default.Diamond.isAccountLiquidatable(userTwo.address)).to.be.true;\n// Asset to liquidate\nconst krAsset = krAssets[0];\nconst interestUSDTotal = await _hardhat.default.Diamond.kreskoAssetDebtInterestTotal(userTwo.address);\n// Liquidator mints KISS\nawait (0, _krassets.mintKrAsset)({\n    asset: KISS,\n    amount: interestUSDTotal.add((0, _lib.toBig)(1)),\n    user: liquidator\n});\n// liquidatable value total before\nconst accruedKissInterest = (0, _lib.fromBig)((await _hardhat.default.Diamond.kreskoAssetDebtInterest(userTwo.address, krAsset.address)).kissAmount);\nconst accountCollateralBefore = await _hardhat.default.Diamond.collateralDeposits(userTwo.address, this.collateral.address);\n// Wipe seized collateral balance before liquidation for easy comparison\nawait this.collateral.setBalance(liquidator, (0, _lib.toBig)(0));\n// Liquidate\nconst tx = await _hardhat.default.Diamond.connect(liquidator).liquidateInterest(userTwo.address, krAsset.address, this.collateral.address);\n// Should all be wiped\nconst interestAccruedAfterLiq = await _hardhat.default.Diamond.kreskoAssetDebtInterest(userTwo.address, krAsset.address);\n(0, _chai.expect)(interestAccruedAfterLiq.kissAmount).to.eq(0);\n(0, _chai.expect)(interestAccruedAfterLiq.assetAmount).to.eq(0);\nconst accountCollateralAfter = await _hardhat.default.Diamond.collateralDeposits(userTwo.address, this.collateral.address);\nconst event = await (0, _lib.getInternalEvent)(tx, _hardhat.default.Diamond, \"InterestLiquidationOccurred\");\n// validate interest accrual changes\n(0, _chai.expect)(accountCollateralAfter).to.equal(accountCollateralBefore.sub(event.collateralSent));\nconst liquidationIncentive = (0, _lib.fromBig)((await _hardhat.default.Diamond.collateralAsset(this.collateral.address)).liquidationIncentive);\nconst expectedCollateral = accruedKissInterest / (0, _lib.fromBig)(await this.collateral.getPrice(), 8) * liquidationIncentive;\n// event validation\n(0, _chai.expect)(event.account).to.equal(userTwo.address);\n(0, _chai.expect)(event.liquidator).to.equal(liquidator.address);\n(0, _chai.expect)(event.repayKreskoAsset).to.equal(krAsset.address);\n(0, _chai.expect)(event.seizedCollateralAsset).to.equal(this.collateral.address);\n(0, _chai.expect)((0, _lib.fromBig)(event.repayUSD)).to.closeTo(accruedKissInterest, 0.0001);\n(0, _chai.expect)((0, _lib.fromBig)(event.collateralSent).toFixed(6)).to.equal(expectedCollateral.toFixed(6));\n// liquidator received collateral\n(0, _chai.expect)(await this.collateral.contract.balanceOf(liquidator.address)).to.equal(event.collateralSent);",
                  "err": {},
                  "uuid": "afb3633d-9deb-4f36-81a1-20d42df8741a",
                  "parentUUID": "ef8ce53d-b70c-497c-b251-a2c92c0d05bd",
                  "isHook": false,
                  "skipped": false
                },
                {
                  "title": "can batch liquidate accrued interest of unhealthy account",
                  "fullTitle": "Stability Rates #stability rate - liquidation can batch liquidate accrued interest of unhealthy account",
                  "timedOut": false,
                  "duration": 1444,
                  "state": "passed",
                  "speed": "slow",
                  "pass": true,
                  "fail": false,
                  "pending": false,
                  "context": null,
                  "code": "const KISS = await _hardhat.default.getContractOrFork(\"KISS\");\nawait KISS.connect(liquidator).approve(_hardhat.default.Diamond.address, _hardhat.default.ethers.constants.MaxUint256);\nawait this.collateral.setBalance(userTwo, depositAmount);\n// Deposit a bit more to cover the mints\nawait (0, _collaterals.depositCollateral)({\n    asset: this.collateral,\n    amount: depositAmount,\n    user: userTwo\n});\n// mint each krasset\nawait Promise.all(krAssets.map((krAsset)=>(0, _krassets.mintKrAsset)({\n        asset: krAsset,\n        amount: mintAmount,\n        user: userTwo\n    })));\n// Up the asset prices\nconst newPrice = 15;\nkrAssets.map((asset)=>asset.setPrice(newPrice));\n// increase time so account is liquidatable\n(0, _chai.expect)(await _hardhat.default.Diamond.isAccountLiquidatable(userTwo.address)).to.be.false;\nawait _hardhatnetworkhelpers.time.increase(_calculations.ONE_YEAR * 4);\n// should be liquidatable\n(0, _chai.expect)(await _hardhat.default.Diamond.isAccountLiquidatable(userTwo.address)).to.be.true;\nconst interestKissTotal = (0, _lib.fromBig)(await _hardhat.default.Diamond.kreskoAssetDebtInterestTotal(userTwo.address));\n// Liquidator mints KISS\nawait (0, _krassets.mintKrAsset)({\n    asset: KISS,\n    amount: interestKissTotal + 1,\n    user: liquidator\n});\n// Wipe seized collateral balance before liquidation for easy comparison\nawait this.collateral.setBalance(liquidator, (0, _lib.toBig)(0));\n// Liquidate\nconst tx = await _hardhat.default.Diamond.connect(liquidator).batchLiquidateInterest(userTwo.address, this.collateral.address);\nconst interestKissTotalAfter = (0, _lib.fromBig)(await _hardhat.default.Diamond.kreskoAssetDebtInterestTotal(userTwo.address));\n(0, _chai.expect)(await _hardhat.default.Diamond.isAccountLiquidatable(userTwo.address)).to.be.false;\nconst event = await (0, _lib.getInternalEvent)(tx, _hardhat.default.Diamond, \"BatchInterestLiquidationOccurred\");\nconst repayUSD = (0, _lib.fromBig)(event.repayUSD);\n// interest accrued changes\n(0, _chai.expect)(interestKissTotalAfter).to.closeTo(interestKissTotal - (0, _lib.fromBig)(event.repayUSD), 0.0001);\nconst liquidationIncentive = (0, _lib.fromBig)((await _hardhat.default.Diamond.collateralAsset(this.collateral.address)).liquidationIncentive);\nconst expectedCollateral = repayUSD / (0, _lib.fromBig)(await this.collateral.getPrice(), 8) * liquidationIncentive;\n// event validation\n(0, _chai.expect)(event.account).to.equal(userTwo.address);\n(0, _chai.expect)(event.liquidator).to.equal(liquidator.address);\n(0, _chai.expect)(event.seizedCollateralAsset).to.equal(this.collateral.address);\n(0, _chai.expect)((0, _lib.fromBig)(event.collateralSent)).to.closeTo(expectedCollateral, 0.0001);\n(0, _chai.expect)(repayUSD).to.closeTo(interestKissTotal - interestKissTotalAfter, 0.0001);\n// liquidator received collateral\n(0, _chai.expect)(await this.collateral.contract.balanceOf(liquidator.address)).to.equal(event.collateralSent);",
                  "err": {},
                  "uuid": "84c0b91e-1984-4c82-a7c9-dcce31c3b775",
                  "parentUUID": "ef8ce53d-b70c-497c-b251-a2c92c0d05bd",
                  "isHook": false,
                  "skipped": false
                }
              ],
              "suites": [],
              "passes": [
                "2e41aa3d-3eb2-428b-8aa2-8be0590cfc63",
                "8b6661ce-3c05-457b-b9c0-94d8ba332cdf",
                "afb3633d-9deb-4f36-81a1-20d42df8741a",
                "84c0b91e-1984-4c82-a7c9-dcce31c3b775"
              ],
              "failures": [],
              "pending": [],
              "skipped": [],
              "duration": 3786,
              "root": false,
              "rootEmpty": false,
              "_timeout": 15000
            }
          ],
          "passes": [],
          "failures": [],
          "pending": [],
          "skipped": [],
          "duration": 0,
          "root": false,
          "rootEmpty": false,
          "_timeout": 15000
        }
      ],
      "passes": [],
      "failures": [],
      "pending": [],
      "skipped": [],
      "duration": 0,
      "root": true,
      "rootEmpty": true,
      "_timeout": 15000
    }
  ],
  "meta": {
    "mocha": {
      "version": "10.2.0"
    },
    "mochawesome": {
      "options": {
        "quiet": false,
        "reportFilename": "mochawesome",
        "saveHtml": true,
        "saveJson": true,
        "consoleReporter": "spec",
        "useInlineDiffs": false,
        "code": true
      },
      "version": "7.1.3"
    },
    "marge": {
      "options": null,
      "version": "6.2.0"
    }
  }
}