{
  "stats": {
    "suites": 88,
    "tests": 280,
    "passes": 248,
    "pending": 32,
    "failures": 0,
    "start": "2023-09-18T09:23:55.117Z",
    "end": "2023-09-18T09:38:20.131Z",
    "duration": 865014,
    "testsRegistered": 280,
    "passPercent": 100,
    "pendingPercent": 11.428571428571429,
    "other": 0,
    "hasOther": false,
    "skipped": 0,
    "hasSkipped": false
  },
  "results": [
    {
      "uuid": "83252310-3572-4b55-a96a-b21ca88f3d8b",
      "title": "",
      "fullFile": "",
      "file": "",
      "beforeHooks": [],
      "afterHooks": [],
      "tests": [],
      "suites": [
        {
          "uuid": "1b395f10-a287-4461-ae1b-f3418249a50a",
          "title": "Asset Amounts & Values",
          "fullFile": "/Users/tabishshaikh/work/kresko/kresko-protocol/src/test/asset-values/00-asset-values.ts",
          "file": "/src/test/asset-values/00-asset-values.ts",
          "beforeHooks": [
            {
              "title": "\"before each\" hook in \"Asset Amounts & Values\"",
              "fullTitle": "Asset Amounts & Values \"before each\" hook in \"Asset Amounts & Values\"",
              "timedOut": false,
              "duration": 31,
              "state": null,
              "speed": null,
              "pass": false,
              "fail": false,
              "pending": false,
              "context": null,
              "code": "const fixture = await _hardhat.default.deployments.createFixture(async (hre)=>{\n    const result = await hre.deployments.fixture(fixtureName);\n    if (result.Diamond) {\n        hre.Diamond = _evmconnector.WrapperBuilder.wrap(await hre.getContractOrFork(\"Kresko\")).usingSimpleNumericMock({\n            mockSignersCount: 1,\n            timestampMilliseconds: Date.now(),\n            dataPoints: [\n                {\n                    dataFeedId: \"DAI\",\n                    value: 0\n                },\n                {\n                    dataFeedId: \"USDC\",\n                    value: 0\n                },\n                {\n                    dataFeedId: \"TSLA\",\n                    value: 0\n                },\n                {\n                    dataFeedId: \"ETH\",\n                    value: 0\n                },\n                {\n                    dataFeedId: \"BTC\",\n                    value: 0\n                }\n            ]\n        });\n    }\n    return {\n        facets: result.Diamond ? result.Diamond.facets : [],\n        collaterals: hre.collaterals,\n        krAssets: hre.krAssets\n    };\n})();\nthis.facets = fixture.facets || [];\nthis.collaterals = fixture.collaterals;\nthis.krAssets = fixture.krAssets;",
              "err": {},
              "uuid": "2cbdd57f-4a2c-48a8-83a5-7841c380feff",
              "parentUUID": "1b395f10-a287-4461-ae1b-f3418249a50a",
              "isHook": true,
              "skipped": false
            },
            {
              "title": "\"before each\" hook in \"Asset Amounts & Values\"",
              "fullTitle": "Asset Amounts & Values \"before each\" hook in \"Asset Amounts & Values\"",
              "timedOut": false,
              "duration": 3708,
              "state": null,
              "speed": null,
              "pass": false,
              "fail": false,
              "pending": false,
              "context": null,
              "code": "user = _hardhat.default.users.testUserSeven;\noracleDecimals = await (0, _test.wrapContractWithSigner)(_hardhat.default.Diamond, _hardhat.default.users.deployer).extOracleDecimals();\nKreskoAsset = await (0, _krassets.addMockKreskoAsset)({\n    name: \"KreskoAssetPrice10USD\",\n    price: collateralPrice,\n    symbol: \"KreskoAssetPrice10USD\",\n    closeFee: 0.1,\n    openFee: 0.1,\n    marketOpen: true,\n    factor: 2,\n    supplyLimit: 10\n});\nCollateralAsset = await (0, _collaterals.addMockCollateralAsset)({\n    name: \"Collateral18Dec\",\n    price: kreskoAssetPrice,\n    factor: 0.5,\n    decimals: 18\n});\nCollateralAsset8Dec = await (0, _collaterals.addMockCollateralAsset)({\n    name: \"Collateral8Dec\",\n    price: kreskoAssetPrice,\n    factor: 0.5,\n    decimals: 8\n});\nCollateralAsset21Dec = await (0, _collaterals.addMockCollateralAsset)({\n    name: \"Collateral21Dec\",\n    price: kreskoAssetPrice,\n    factor: 0.5,\n    decimals: 21\n});\nawait CollateralAsset.setBalance(user, (0, _lib.toBig)(startingBalance));\nawait CollateralAsset8Dec.setBalance(user, (0, _lib.toBig)(startingBalance, 8));\nawait CollateralAsset21Dec.setBalance(user, (0, _lib.toBig)(startingBalance, 21));\nawait CollateralAsset.contract.connect(user).approve(_hardhat.default.Diamond.address, _hardhat.default.ethers.constants.MaxUint256);\nawait CollateralAsset8Dec.contract.connect(user).approve(_hardhat.default.Diamond.address, _hardhat.default.ethers.constants.MaxUint256);\nawait CollateralAsset21Dec.contract.connect(user).approve(_hardhat.default.Diamond.address, _hardhat.default.ethers.constants.MaxUint256);",
              "err": {},
              "uuid": "6ddfe028-3bc1-4c04-9d27-c8439b4a130c",
              "parentUUID": "1b395f10-a287-4461-ae1b-f3418249a50a",
              "isHook": true,
              "skipped": false
            }
          ],
          "afterHooks": [],
          "tests": [],
          "suites": [
            {
              "uuid": "d1c1bae7-1c4f-4ad5-b6cf-5f50c4defd71",
              "title": "#Collateral Deposit Values",
              "fullFile": "/Users/tabishshaikh/work/kresko/kresko-protocol/src/test/asset-values/00-asset-values.ts",
              "file": "/src/test/asset-values/00-asset-values.ts",
              "beforeHooks": [],
              "afterHooks": [],
              "tests": [
                {
                  "title": "should return the correct deposit value with 18 decimals",
                  "fullTitle": "Asset Amounts & Values #Collateral Deposit Values should return the correct deposit value with 18 decimals",
                  "timedOut": false,
                  "duration": 126,
                  "state": "passed",
                  "speed": "slow",
                  "pass": true,
                  "fail": false,
                  "pending": false,
                  "context": null,
                  "code": "const depositAmount = (0, _lib.toBig)(10);\nconst expectedDepositValue = (0, _lib.toBig)(50, oracleDecimals); // cfactor = 0.5, collateralPrice = 10, depositAmount = 10\nawait (0, _test.wrapContractWithSigner)(_hardhat.default.Diamond, user).depositCollateral(user.address, CollateralAsset.address, depositAmount);\nconst depositValue = await (0, _test.wrapContractWithSigner)(_hardhat.default.Diamond, _hardhat.default.users.deployer).getAccountCollateralValue(user.address);\n(0, _chai.expect)(depositValue).to.equal(expectedDepositValue);",
                  "err": {},
                  "uuid": "e0594462-3a92-49db-b5c4-5040790fb34f",
                  "parentUUID": "d1c1bae7-1c4f-4ad5-b6cf-5f50c4defd71",
                  "isHook": false,
                  "skipped": false
                },
                {
                  "title": "should return the correct deposit value with less than 18 decimals",
                  "fullTitle": "Asset Amounts & Values #Collateral Deposit Values should return the correct deposit value with less than 18 decimals",
                  "timedOut": false,
                  "duration": 132,
                  "state": "passed",
                  "speed": "slow",
                  "pass": true,
                  "fail": false,
                  "pending": false,
                  "context": null,
                  "code": "const depositAmount = (0, _lib.toBig)(10, 8);\nconst expectedDepositValue = (0, _lib.toBig)(50, oracleDecimals); // cfactor = 0.5, collateralPrice = 10, depositAmount = 10\nawait (0, _test.wrapContractWithSigner)(_hardhat.default.Diamond, user).depositCollateral(user.address, CollateralAsset8Dec.address, depositAmount);\nconst depositValue = await (0, _test.wrapContractWithSigner)(_hardhat.default.Diamond, _hardhat.default.users.deployer).getAccountCollateralValue(user.address);\n(0, _chai.expect)(depositValue).to.equal(expectedDepositValue);",
                  "err": {},
                  "uuid": "7b51a682-77a9-4a25-8652-867a1a7244cd",
                  "parentUUID": "d1c1bae7-1c4f-4ad5-b6cf-5f50c4defd71",
                  "isHook": false,
                  "skipped": false
                },
                {
                  "title": "should return the correct deposit value with over 18 decimals",
                  "fullTitle": "Asset Amounts & Values #Collateral Deposit Values should return the correct deposit value with over 18 decimals",
                  "timedOut": false,
                  "duration": 135,
                  "state": "passed",
                  "speed": "slow",
                  "pass": true,
                  "fail": false,
                  "pending": false,
                  "context": null,
                  "code": "const depositAmount = (0, _lib.toBig)(10, 21);\nconst expectedDepositValue = (0, _lib.toBig)(50, oracleDecimals); // cfactor = 0.5, collateralPrice = 10, depositAmount = 10\nawait (0, _test.wrapContractWithSigner)(_hardhat.default.Diamond, user).depositCollateral(user.address, CollateralAsset21Dec.address, depositAmount);\nconst depositValue = await (0, _test.wrapContractWithSigner)(_hardhat.default.Diamond, _hardhat.default.users.deployer).getAccountCollateralValue(user.address);\n(0, _chai.expect)(depositValue).to.equal(expectedDepositValue);",
                  "err": {},
                  "uuid": "6897c6c7-4197-4829-8ff2-ed06ddaebb41",
                  "parentUUID": "d1c1bae7-1c4f-4ad5-b6cf-5f50c4defd71",
                  "isHook": false,
                  "skipped": false
                },
                {
                  "title": "should return the correct deposit value combination of different decimals",
                  "fullTitle": "Asset Amounts & Values #Collateral Deposit Values should return the correct deposit value combination of different decimals",
                  "timedOut": false,
                  "duration": 323,
                  "state": "passed",
                  "speed": "slow",
                  "pass": true,
                  "fail": false,
                  "pending": false,
                  "context": null,
                  "code": "await (0, _test.wrapContractWithSigner)(_hardhat.default.Diamond, user).depositCollateral(user.address, CollateralAsset.address, (0, _lib.toBig)(10));\nawait (0, _test.wrapContractWithSigner)(_hardhat.default.Diamond, user).depositCollateral(user.address, CollateralAsset8Dec.address, (0, _lib.toBig)(10, 8));\nawait (0, _test.wrapContractWithSigner)(_hardhat.default.Diamond, user).depositCollateral(user.address, CollateralAsset21Dec.address, (0, _lib.toBig)(10, 21));\nconst expectedDepositValue = (0, _lib.toBig)(150, oracleDecimals); // cfactor = 0.5, collateralPrice = 10, depositAmount = 30\nconst depositValue = await (0, _test.wrapContractWithSigner)(_hardhat.default.Diamond, _hardhat.default.users.deployer).getAccountCollateralValue(user.address);\n(0, _chai.expect)(depositValue).to.equal(expectedDepositValue);",
                  "err": {},
                  "uuid": "0fdd6c5b-8f1d-4250-a9ec-8e02889afa17",
                  "parentUUID": "d1c1bae7-1c4f-4ad5-b6cf-5f50c4defd71",
                  "isHook": false,
                  "skipped": false
                }
              ],
              "suites": [],
              "passes": [
                "e0594462-3a92-49db-b5c4-5040790fb34f",
                "7b51a682-77a9-4a25-8652-867a1a7244cd",
                "6897c6c7-4197-4829-8ff2-ed06ddaebb41",
                "0fdd6c5b-8f1d-4250-a9ec-8e02889afa17"
              ],
              "failures": [],
              "pending": [],
              "skipped": [],
              "duration": 716,
              "root": false,
              "rootEmpty": false,
              "_timeout": 30000
            },
            {
              "uuid": "aafe877a-8be3-445c-b21f-b09c782a7192",
              "title": "#Collateral Deposit Amount",
              "fullFile": "/Users/tabishshaikh/work/kresko/kresko-protocol/src/test/asset-values/00-asset-values.ts",
              "file": "/src/test/asset-values/00-asset-values.ts",
              "beforeHooks": [],
              "afterHooks": [],
              "tests": [
                {
                  "title": "should return the correct deposit amount with 18 decimals",
                  "fullTitle": "Asset Amounts & Values #Collateral Deposit Amount should return the correct deposit amount with 18 decimals",
                  "timedOut": false,
                  "duration": 292,
                  "state": "passed",
                  "speed": "slow",
                  "pass": true,
                  "fail": false,
                  "pending": false,
                  "context": null,
                  "code": "const depositAmount = (0, _lib.toBig)(10);\nawait (0, _test.wrapContractWithSigner)(_hardhat.default.Diamond, user).depositCollateral(user.address, CollateralAsset.address, depositAmount);\nconst withdrawIndex = await (0, _test.wrapContractWithSigner)(_hardhat.default.Diamond, _hardhat.default.users.deployer).getDepositedCollateralAssetIndex(user.address, CollateralAsset.address);\nconst deposits = await (0, _test.wrapContractWithSigner)(_hardhat.default.Diamond, _hardhat.default.users.deployer).collateralDeposits(user.address, CollateralAsset.address);\n(0, _chai.expect)(deposits).to.equal(depositAmount);\nawait (0, _test.wrapContractWithSigner)(_hardhat.default.Diamond, user).withdrawCollateral(user.address, CollateralAsset.address, depositAmount, withdrawIndex);\nconst balance = await CollateralAsset.contract.balanceOf(user.address);\n(0, _chai.expect)(balance).to.equal((0, _lib.toBig)(startingBalance));",
                  "err": {},
                  "uuid": "1c9ba2e2-ebc5-4230-a025-c24c0ad78f1a",
                  "parentUUID": "aafe877a-8be3-445c-b21f-b09c782a7192",
                  "isHook": false,
                  "skipped": false
                },
                {
                  "title": "should return the correct deposit amount with less than 18 decimals",
                  "fullTitle": "Asset Amounts & Values #Collateral Deposit Amount should return the correct deposit amount with less than 18 decimals",
                  "timedOut": false,
                  "duration": 294,
                  "state": "passed",
                  "speed": "slow",
                  "pass": true,
                  "fail": false,
                  "pending": false,
                  "context": null,
                  "code": "const depositAmount = (0, _lib.toBig)(10, 8);\nawait (0, _test.wrapContractWithSigner)(_hardhat.default.Diamond, user).depositCollateral(user.address, CollateralAsset8Dec.address, depositAmount);\nconst withdrawIndex = await (0, _test.wrapContractWithSigner)(_hardhat.default.Diamond, _hardhat.default.users.deployer).getDepositedCollateralAssetIndex(user.address, CollateralAsset8Dec.address);\nconst deposits = await (0, _test.wrapContractWithSigner)(_hardhat.default.Diamond, _hardhat.default.users.deployer).collateralDeposits(user.address, CollateralAsset8Dec.address);\n(0, _chai.expect)(deposits).to.equal(depositAmount);\nawait (0, _test.wrapContractWithSigner)(_hardhat.default.Diamond, user).withdrawCollateral(user.address, CollateralAsset8Dec.address, depositAmount, withdrawIndex);\nconst balance = await CollateralAsset8Dec.contract.balanceOf(user.address);\n(0, _chai.expect)(balance).to.equal((0, _lib.toBig)(startingBalance, 8));",
                  "err": {},
                  "uuid": "d084ea9f-bfb3-45f1-9cbd-4b948e947201",
                  "parentUUID": "aafe877a-8be3-445c-b21f-b09c782a7192",
                  "isHook": false,
                  "skipped": false
                },
                {
                  "title": "should return the correct deposit value with over 18 decimals",
                  "fullTitle": "Asset Amounts & Values #Collateral Deposit Amount should return the correct deposit value with over 18 decimals",
                  "timedOut": false,
                  "duration": 294,
                  "state": "passed",
                  "speed": "slow",
                  "pass": true,
                  "fail": false,
                  "pending": false,
                  "context": null,
                  "code": "const depositAmount = (0, _lib.toBig)(10, 21);\nawait (0, _test.wrapContractWithSigner)(_hardhat.default.Diamond, user).depositCollateral(user.address, CollateralAsset21Dec.address, depositAmount);\nconst withdrawIndex = await (0, _test.wrapContractWithSigner)(_hardhat.default.Diamond, _hardhat.default.users.deployer).getDepositedCollateralAssetIndex(user.address, CollateralAsset21Dec.address);\nconst deposits = await (0, _test.wrapContractWithSigner)(_hardhat.default.Diamond, _hardhat.default.users.deployer).collateralDeposits(user.address, CollateralAsset21Dec.address);\n(0, _chai.expect)(deposits).to.equal(depositAmount);\nawait (0, _test.wrapContractWithSigner)(_hardhat.default.Diamond, user).withdrawCollateral(user.address, CollateralAsset21Dec.address, depositAmount, withdrawIndex);\nconst balance = await CollateralAsset21Dec.contract.balanceOf(user.address);\n(0, _chai.expect)(balance).to.equal((0, _lib.toBig)(startingBalance, 21));",
                  "err": {},
                  "uuid": "25738536-c7ac-4251-9078-586d3f1eaa91",
                  "parentUUID": "aafe877a-8be3-445c-b21f-b09c782a7192",
                  "isHook": false,
                  "skipped": false
                }
              ],
              "suites": [],
              "passes": [
                "1c9ba2e2-ebc5-4230-a025-c24c0ad78f1a",
                "d084ea9f-bfb3-45f1-9cbd-4b948e947201",
                "25738536-c7ac-4251-9078-586d3f1eaa91"
              ],
              "failures": [],
              "pending": [],
              "skipped": [],
              "duration": 880,
              "root": false,
              "rootEmpty": false,
              "_timeout": 30000
            },
            {
              "uuid": "e99b512b-6d2b-400e-813c-7252e645fb02",
              "title": "#Kresko Asset Debt Values",
              "fullFile": "/Users/tabishshaikh/work/kresko/kresko-protocol/src/test/asset-values/00-asset-values.ts",
              "file": "/src/test/asset-values/00-asset-values.ts",
              "beforeHooks": [],
              "afterHooks": [],
              "tests": [
                {
                  "title": "should return the correct debt value (+CR) with 18 decimal collateral",
                  "fullTitle": "Asset Amounts & Values #Kresko Asset Debt Values should return the correct debt value (+CR) with 18 decimal collateral",
                  "timedOut": false,
                  "duration": 862,
                  "state": "passed",
                  "speed": "slow",
                  "pass": true,
                  "fail": false,
                  "pending": false,
                  "context": null,
                  "code": "const depositAmount = (0, _lib.toBig)(10);\nawait (0, _test.wrapContractWithSigner)(_hardhat.default.Diamond, user).depositCollateral(user.address, CollateralAsset.address, depositAmount);\nconst mintAmount = (0, _lib.toBig)(1);\nconst expectedMintValue = (0, _lib.toBig)(20, oracleDecimals); // kFactor = 2, krAssetPrice = 10, mintAmount = 1, openFee = 0.1\nawait (0, _test.wrapContractWithSigner)(_hardhat.default.Diamond, user).mintKreskoAsset(user.address, KreskoAsset.address, mintAmount);\nconst expectedDepositValue = (0, _lib.toBig)(49.5, oracleDecimals); // cfactor = 0.5, collateralPrice = 10, depositAmount = 10, openFee = 0.1\nconst depositValue = await (0, _test.wrapContractWithSigner)(_hardhat.default.Diamond, _hardhat.default.users.deployer).getAccountCollateralValue(user.address);\n(0, _chai.expect)(depositValue).to.equal(expectedDepositValue);\nconst mintValue = await (0, _test.wrapContractWithSigner)(_hardhat.default.Diamond, _hardhat.default.users.deployer).getAccountKrAssetValue(user.address);\n(0, _chai.expect)(mintValue).to.equal(expectedMintValue);\nconst assetValue = await (0, _test.wrapContractWithSigner)(_hardhat.default.Diamond, _hardhat.default.users.deployer).getKrAssetValue(KreskoAsset.address, mintAmount, true);\nconst kFactor = (await (0, _test.wrapContractWithSigner)(_hardhat.default.Diamond, _hardhat.default.users.deployer).kreskoAsset(KreskoAsset.address)).kFactor;\n(0, _chai.expect)(assetValue).to.equal(expectedMintValue.wadDiv(kFactor));\nconst collateralRatio = await (0, _liquidations.getCR)(user.address, true); // big\n(0, _chai.expect)(collateralRatio).to.equal(expectedDepositValue.wadDiv(expectedMintValue)); // 2.475",
                  "err": {},
                  "uuid": "2bfb5e66-2b68-4ee2-92af-831205f7995c",
                  "parentUUID": "e99b512b-6d2b-400e-813c-7252e645fb02",
                  "isHook": false,
                  "skipped": false
                },
                {
                  "title": "should return the correct debt value (+CR) with less than 18 decimal collateral",
                  "fullTitle": "Asset Amounts & Values #Kresko Asset Debt Values should return the correct debt value (+CR) with less than 18 decimal collateral",
                  "timedOut": false,
                  "duration": 910,
                  "state": "passed",
                  "speed": "slow",
                  "pass": true,
                  "fail": false,
                  "pending": false,
                  "context": null,
                  "code": "const depositAmount = (0, _lib.toBig)(10, 8);\nawait (0, _test.wrapContractWithSigner)(_hardhat.default.Diamond, user).depositCollateral(user.address, CollateralAsset8Dec.address, depositAmount);\nconst mintAmount = (0, _lib.toBig)(1);\nconst expectedMintValue = (0, _lib.toBig)(20, oracleDecimals); // kFactor = 2, krAssetPrice = 10, mintAmount = 1, openFee = 0.1\nawait (0, _test.wrapContractWithSigner)(_hardhat.default.Diamond, user).mintKreskoAsset(user.address, KreskoAsset.address, mintAmount);\nconst expectedDepositValue = (0, _lib.toBig)(49.5, oracleDecimals); // cfactor = 0.5, collateralPrice = 10, depositAmount = 10, openFee = 0.1\nconst depositValue = await (0, _test.wrapContractWithSigner)(_hardhat.default.Diamond, _hardhat.default.users.deployer).getAccountCollateralValue(user.address);\n(0, _chai.expect)(depositValue).to.equal(expectedDepositValue);\nconst mintValue = await (0, _test.wrapContractWithSigner)(_hardhat.default.Diamond, _hardhat.default.users.deployer).getAccountKrAssetValue(user.address);\n(0, _chai.expect)(mintValue).to.equal(expectedMintValue);\nconst assetValue = await (0, _test.wrapContractWithSigner)(_hardhat.default.Diamond, _hardhat.default.users.deployer).getKrAssetValue(KreskoAsset.address, mintAmount, true);\nconst kFactor = (await (0, _test.wrapContractWithSigner)(_hardhat.default.Diamond, _hardhat.default.users.deployer).kreskoAsset(KreskoAsset.address)).kFactor;\n(0, _chai.expect)(assetValue).to.equal(expectedMintValue.wadDiv(kFactor));\nconst collateralRatio = await (0, _liquidations.getCR)(user.address, true); // big\n(0, _chai.expect)(collateralRatio).to.equal(expectedDepositValue.wadDiv(expectedMintValue)); // 2.475",
                  "err": {},
                  "uuid": "287af45d-5dc5-4222-8ab6-5ad1e6775f92",
                  "parentUUID": "e99b512b-6d2b-400e-813c-7252e645fb02",
                  "isHook": false,
                  "skipped": false
                },
                {
                  "title": "should return the correct debt value (+CR) with more than 18 decimal collateral",
                  "fullTitle": "Asset Amounts & Values #Kresko Asset Debt Values should return the correct debt value (+CR) with more than 18 decimal collateral",
                  "timedOut": false,
                  "duration": 912,
                  "state": "passed",
                  "speed": "slow",
                  "pass": true,
                  "fail": false,
                  "pending": false,
                  "context": null,
                  "code": "const depositAmount = (0, _lib.toBig)(10, 21);\nawait (0, _test.wrapContractWithSigner)(_hardhat.default.Diamond, user).depositCollateral(user.address, CollateralAsset21Dec.address, depositAmount);\nconst mintAmount = (0, _lib.toBig)(1);\nconst expectedMintValue = (0, _lib.toBig)(20, oracleDecimals); // kFactor = 2, krAssetPrice = 10, mintAmount = 1, openFee = 0.1\nawait (0, _test.wrapContractWithSigner)(_hardhat.default.Diamond, user).mintKreskoAsset(user.address, KreskoAsset.address, mintAmount);\nconst expectedDepositValue = (0, _lib.toBig)(49.5, oracleDecimals); // cfactor = 0.5, collateralPrice = 10, depositAmount = 10, openFee = 0.1\nconst depositValue = await (0, _test.wrapContractWithSigner)(_hardhat.default.Diamond, _hardhat.default.users.deployer).getAccountCollateralValue(user.address);\n(0, _chai.expect)(depositValue).to.equal(expectedDepositValue);\nconst mintValue = await (0, _test.wrapContractWithSigner)(_hardhat.default.Diamond, _hardhat.default.users.deployer).getAccountKrAssetValue(user.address);\n(0, _chai.expect)(mintValue).to.equal(expectedMintValue);\nconst assetValue = await (0, _test.wrapContractWithSigner)(_hardhat.default.Diamond, _hardhat.default.users.deployer).getKrAssetValue(KreskoAsset.address, mintAmount, true);\nconst kFactor = (await (0, _test.wrapContractWithSigner)(_hardhat.default.Diamond, _hardhat.default.users.deployer).kreskoAsset(KreskoAsset.address)).kFactor;\n(0, _chai.expect)(assetValue).to.equal(expectedMintValue.wadDiv(kFactor));\nconst collateralRatio = await (0, _liquidations.getCR)(user.address, true); // big\n(0, _chai.expect)(collateralRatio).to.equal(expectedDepositValue.wadDiv(expectedMintValue)); // 2.475",
                  "err": {},
                  "uuid": "a4457ce5-b98a-4b85-bd2c-20195dc2aa44",
                  "parentUUID": "e99b512b-6d2b-400e-813c-7252e645fb02",
                  "isHook": false,
                  "skipped": false
                }
              ],
              "suites": [],
              "passes": [
                "2bfb5e66-2b68-4ee2-92af-831205f7995c",
                "287af45d-5dc5-4222-8ab6-5ad1e6775f92",
                "a4457ce5-b98a-4b85-bd2c-20195dc2aa44"
              ],
              "failures": [],
              "pending": [],
              "skipped": [],
              "duration": 2684,
              "root": false,
              "rootEmpty": false,
              "_timeout": 30000
            }
          ],
          "passes": [],
          "failures": [],
          "pending": [],
          "skipped": [],
          "duration": 0,
          "root": false,
          "rootEmpty": false,
          "_timeout": 30000
        },
        {
          "uuid": "ccda749c-4aa0-47d8-9e74-6965f4c829b8",
          "title": "Collateral Pool",
          "fullFile": "/Users/tabishshaikh/work/kresko/kresko-protocol/src/test/collateral-pool/00-collateral-pool.ts",
          "file": "/src/test/collateral-pool/00-collateral-pool.ts",
          "beforeHooks": [
            {
              "title": "\"before each\" hook in \"Collateral Pool\"",
              "fullTitle": "Collateral Pool \"before each\" hook in \"Collateral Pool\"",
              "timedOut": false,
              "duration": 30,
              "state": null,
              "speed": null,
              "pass": false,
              "fail": false,
              "pending": false,
              "context": null,
              "code": "const fixture = await _hardhat.default.deployments.createFixture(async (hre)=>{\n    const result = await hre.deployments.fixture(fixtureName);\n    if (result.Diamond) {\n        hre.Diamond = _evmconnector.WrapperBuilder.wrap(await hre.getContractOrFork(\"Kresko\")).usingSimpleNumericMock({\n            mockSignersCount: 1,\n            timestampMilliseconds: Date.now(),\n            dataPoints: [\n                {\n                    dataFeedId: \"DAI\",\n                    value: 0\n                },\n                {\n                    dataFeedId: \"USDC\",\n                    value: 0\n                },\n                {\n                    dataFeedId: \"TSLA\",\n                    value: 0\n                },\n                {\n                    dataFeedId: \"ETH\",\n                    value: 0\n                },\n                {\n                    dataFeedId: \"BTC\",\n                    value: 0\n                }\n            ]\n        });\n    }\n    return {\n        facets: result.Diamond ? result.Diamond.facets : [],\n        collaterals: hre.collaterals,\n        krAssets: hre.krAssets\n    };\n})();\nthis.facets = fixture.facets || [];\nthis.collaterals = fixture.collaterals;\nthis.krAssets = fixture.krAssets;",
              "err": {},
              "uuid": "b55109c6-45ea-4802-a594-27b8afa3d461",
              "parentUUID": "ccda749c-4aa0-47d8-9e74-6965f4c829b8",
              "isHook": true,
              "skipped": false
            },
            {
              "title": "\"before each\" hook in \"Collateral Pool\"",
              "fullTitle": "Collateral Pool \"before each\" hook in \"Collateral Pool\"",
              "timedOut": false,
              "duration": 3748,
              "state": null,
              "speed": null,
              "pass": false,
              "fail": false,
              "pending": false,
              "context": null,
              "code": "users = [\n    _hardhat.default.users.testUserFive,\n    _hardhat.default.users.testUserSix,\n    _hardhat.default.users.testUserSeven\n];\n[KreskoAsset, CollateralAsset, CollateralAsset8Dec] = await Promise.all([\n    (0, _krassets.addMockKreskoAsset)({\n        name: \"KreskoAssetPrice10USD\",\n        price: collateralPrice,\n        symbol: \"KreskoAssetPrice10USD\",\n        closeFee: 0.1,\n        openFee: 0.1,\n        marketOpen: true,\n        factor: 1.25,\n        supplyLimit: 100000\n    }, true),\n    (0, _collaterals.addMockCollateralAsset)({\n        name: \"Collateral18Dec\",\n        price: collateralPrice,\n        factor: 1,\n        decimals: 18\n    }),\n    (0, _collaterals.addMockCollateralAsset)({\n        name: \"Collateral8Dec\",\n        price: collateralPrice,\n        factor: 0.8,\n        decimals: 8\n    })\n]);\nfor (const user of users){\n    await Promise.all([\n        await CollateralAsset.setBalance(user, depositAmount18Dec),\n        await CollateralAsset8Dec.setBalance(user, depositAmount8Dec),\n        await CollateralAsset.contract.connect(user).approve(_hardhat.default.Diamond.address, _hardhat.default.ethers.constants.MaxUint256),\n        await CollateralAsset8Dec.contract.connect(user).approve(_hardhat.default.Diamond.address, _hardhat.default.ethers.constants.MaxUint256)\n    ]);\n}",
              "err": {},
              "uuid": "9f818dc6-304a-4fa8-ae09-f5459823bc28",
              "parentUUID": "ccda749c-4aa0-47d8-9e74-6965f4c829b8",
              "isHook": true,
              "skipped": false
            }
          ],
          "afterHooks": [],
          "tests": [],
          "suites": [
            {
              "uuid": "69466e34-070a-4d6d-9025-f417e84990ee",
              "title": "#Configuration",
              "fullFile": "/Users/tabishshaikh/work/kresko/kresko-protocol/src/test/collateral-pool/00-collateral-pool.ts",
              "file": "/src/test/collateral-pool/00-collateral-pool.ts",
              "beforeHooks": [],
              "afterHooks": [],
              "tests": [
                {
                  "title": "should be initialized with correct params",
                  "fullTitle": "Collateral Pool #Configuration should be initialized with correct params",
                  "timedOut": false,
                  "duration": 65,
                  "state": "passed",
                  "speed": "medium",
                  "pass": true,
                  "fail": false,
                  "pending": false,
                  "context": null,
                  "code": "const { args  } = await (0, _shared.getCollateralPoolInitializer)(_hardhat.default);\nconst configuration = await (0, _test.wrapContractWithSigner)(_hardhat.default.Diamond, _hardhat.default.users.deployer).getCollateralPoolConfig();\n(0, _chai.expect)(configuration.swapFeeRecipient).to.equal(args.swapFeeRecipient);\n(0, _chai.expect)(configuration.lt).to.equal(args.lt);\n(0, _chai.expect)(configuration.mcr).to.equal(args.mcr);",
                  "err": {},
                  "uuid": "625a06ad-a992-431b-a81a-f92760400eb1",
                  "parentUUID": "69466e34-070a-4d6d-9025-f417e84990ee",
                  "isHook": false,
                  "skipped": false
                },
                {
                  "title": "should be able to add whitelisted collateral",
                  "fullTitle": "Collateral Pool #Configuration should be able to add whitelisted collateral",
                  "timedOut": false,
                  "duration": 261,
                  "state": "passed",
                  "speed": "slow",
                  "pass": true,
                  "fail": false,
                  "pending": false,
                  "context": null,
                  "code": "const configuration = {\n    decimals: 18,\n    liquidationIncentive: (0, _lib.toBig)(1.1),\n    depositLimit: _hardhat.ethers.constants.MaxUint256,\n    liquidityIndex: _lib.RAY\n};\nawait (0, _test.wrapContractWithSigner)(_hardhat.default.Diamond, _hardhat.default.users.deployer).enablePoolCollaterals([\n    CollateralAsset.address\n], [\n    configuration\n]);\nconst collateral = await (0, _test.wrapContractWithSigner)(_hardhat.default.Diamond, _hardhat.default.users.deployer).getPoolCollateral(CollateralAsset.address);\n(0, _chai.expect)(collateral.decimals).to.equal(configuration.decimals);\n(0, _chai.expect)(collateral.liquidationIncentive).to.equal(configuration.liquidationIncentive);\n(0, _chai.expect)(collateral.liquidityIndex).to.equal(_lib.RAY);\n(0, _chai.expect)(collateral.depositLimit).to.equal(configuration.depositLimit);\nconst collaterals = await (0, _test.wrapContractWithSigner)(_hardhat.default.Diamond, _hardhat.default.users.deployer).getPoolCollateralAssets();\n(0, _chai.expect)(collaterals).to.deep.equal([\n    CollateralAsset.address\n]);\n(0, _chai.expect)(await (0, _test.wrapContractWithSigner)(_hardhat.default.Diamond, _hardhat.default.users.deployer).getPoolAssetIsEnabled(CollateralAsset.address)).to.equal(true);",
                  "err": {},
                  "uuid": "62ca97f9-98a2-4eb8-959a-481ca98438e7",
                  "parentUUID": "69466e34-070a-4d6d-9025-f417e84990ee",
                  "isHook": false,
                  "skipped": false
                },
                {
                  "title": "should be able to update a whitelisted collateral",
                  "fullTitle": "Collateral Pool #Configuration should be able to update a whitelisted collateral",
                  "timedOut": false,
                  "duration": 220,
                  "state": "passed",
                  "speed": "slow",
                  "pass": true,
                  "fail": false,
                  "pending": false,
                  "context": null,
                  "code": "const configuration = {\n    decimals: 18,\n    liquidationIncentive: (0, _lib.toBig)(1.1),\n    depositLimit: _hardhat.ethers.constants.MaxUint256,\n    liquidityIndex: _lib.RAY\n};\nawait (0, _test.wrapContractWithSigner)(_hardhat.default.Diamond, _hardhat.default.users.deployer).enablePoolCollaterals([\n    CollateralAsset.address\n], [\n    configuration\n]);\nawait (0, _test.wrapContractWithSigner)(_hardhat.default.Diamond, _hardhat.default.users.deployer).updatePoolCollateral(CollateralAsset.address, (0, _lib.toBig)(1.05), 1);\nconst collateral = await (0, _test.wrapContractWithSigner)(_hardhat.default.Diamond, _hardhat.default.users.deployer).getPoolCollateral(CollateralAsset.address);\n(0, _chai.expect)(collateral.decimals).to.equal(configuration.decimals);\n(0, _chai.expect)(collateral.liquidationIncentive).to.equal((0, _lib.toBig)(1.05));\n(0, _chai.expect)(collateral.liquidityIndex).to.equal(_lib.RAY);\n(0, _chai.expect)(collateral.depositLimit).to.equal(1);",
                  "err": {},
                  "uuid": "2cf3c976-4d4c-4d57-aff3-38388096008c",
                  "parentUUID": "69466e34-070a-4d6d-9025-f417e84990ee",
                  "isHook": false,
                  "skipped": false
                },
                {
                  "title": "should be able to disable a whitelisted collateral asset",
                  "fullTitle": "Collateral Pool #Configuration should be able to disable a whitelisted collateral asset",
                  "timedOut": false,
                  "duration": 278,
                  "state": "passed",
                  "speed": "slow",
                  "pass": true,
                  "fail": false,
                  "pending": false,
                  "context": null,
                  "code": "const configuration = {\n    decimals: 18,\n    liquidationIncentive: (0, _lib.toBig)(1.1),\n    depositLimit: _hardhat.ethers.constants.MaxUint256,\n    liquidityIndex: _lib.RAY\n};\nawait (0, _test.wrapContractWithSigner)(_hardhat.default.Diamond, _hardhat.default.users.deployer).enablePoolCollaterals([\n    CollateralAsset.address\n], [\n    configuration\n]);\nawait (0, _test.wrapContractWithSigner)(_hardhat.default.Diamond, _hardhat.default.users.deployer).disablePoolCollaterals([\n    CollateralAsset.address\n]);\nconst collaterals = await (0, _test.wrapContractWithSigner)(_hardhat.default.Diamond, _hardhat.default.users.deployer).getPoolCollateralAssets();\n(0, _chai.expect)(collaterals).to.deep.equal([\n    CollateralAsset.address\n]);\n(0, _chai.expect)(await (0, _test.wrapContractWithSigner)(_hardhat.default.Diamond, _hardhat.default.users.deployer).getPoolAssetIsEnabled(CollateralAsset.address)).to.equal(false);",
                  "err": {},
                  "uuid": "6919c3dc-ff6c-4d68-a51c-498dc4974e22",
                  "parentUUID": "69466e34-070a-4d6d-9025-f417e84990ee",
                  "isHook": false,
                  "skipped": false
                },
                {
                  "title": "should be able to remove a collateral asset",
                  "fullTitle": "Collateral Pool #Configuration should be able to remove a collateral asset",
                  "timedOut": false,
                  "duration": 274,
                  "state": "passed",
                  "speed": "slow",
                  "pass": true,
                  "fail": false,
                  "pending": false,
                  "context": null,
                  "code": "const configuration = {\n    decimals: 18,\n    liquidationIncentive: (0, _lib.toBig)(1.1),\n    depositLimit: _hardhat.ethers.constants.MaxUint256,\n    liquidityIndex: _lib.RAY\n};\nawait (0, _test.wrapContractWithSigner)(_hardhat.default.Diamond, _hardhat.default.users.deployer).enablePoolCollaterals([\n    CollateralAsset.address\n], [\n    configuration\n]);\nawait (0, _test.wrapContractWithSigner)(_hardhat.default.Diamond, _hardhat.default.users.deployer).removePoolCollaterals([\n    CollateralAsset.address\n]);\nconst collaterals = await (0, _test.wrapContractWithSigner)(_hardhat.default.Diamond, _hardhat.default.users.deployer).getPoolCollateralAssets();\n(0, _chai.expect)(collaterals).to.deep.equal([]);\n(0, _chai.expect)(await (0, _test.wrapContractWithSigner)(_hardhat.default.Diamond, _hardhat.default.users.deployer).getPoolAssetIsEnabled(CollateralAsset.address)).to.equal(false);",
                  "err": {},
                  "uuid": "a730ca5d-abc3-4172-ac46-f670f9463e37",
                  "parentUUID": "69466e34-070a-4d6d-9025-f417e84990ee",
                  "isHook": false,
                  "skipped": false
                },
                {
                  "title": "should be able to add whitelisted kresko asset",
                  "fullTitle": "Collateral Pool #Configuration should be able to add whitelisted kresko asset",
                  "timedOut": false,
                  "duration": 274,
                  "state": "passed",
                  "speed": "slow",
                  "pass": true,
                  "fail": false,
                  "pending": false,
                  "context": null,
                  "code": "const configuration = {\n    openFee: (0, _lib.toBig)(0.01),\n    closeFee: (0, _lib.toBig)(0.01),\n    protocolFee: (0, _lib.toBig)(0.25),\n    supplyLimit: (0, _lib.toBig)(1000000)\n};\nawait (0, _test.wrapContractWithSigner)(_hardhat.default.Diamond, _hardhat.default.users.deployer).enablePoolKrAssets([\n    KreskoAsset.address\n], [\n    configuration\n]);\nconst kreskoAsset = await (0, _test.wrapContractWithSigner)(_hardhat.default.Diamond, _hardhat.default.users.deployer).getPoolKrAsset(KreskoAsset.address);\n(0, _chai.expect)(kreskoAsset.openFee).to.equal(configuration.openFee);\n(0, _chai.expect)(kreskoAsset.closeFee).to.equal(configuration.closeFee);\n(0, _chai.expect)(kreskoAsset.protocolFee).to.equal(configuration.protocolFee);\n(0, _chai.expect)(kreskoAsset.supplyLimit).to.equal(configuration.supplyLimit);\nconst krAssets = await (0, _test.wrapContractWithSigner)(_hardhat.default.Diamond, _hardhat.default.users.deployer).getPoolKrAssets();\n(0, _chai.expect)(krAssets).to.deep.equal([\n    KreskoAsset.address\n]);\n(0, _chai.expect)(await (0, _test.wrapContractWithSigner)(_hardhat.default.Diamond, _hardhat.default.users.deployer).getPoolAssetIsEnabled(KreskoAsset.address)).to.equal(true);",
                  "err": {},
                  "uuid": "331b7759-50f6-4f2d-8483-a8d7357778ae",
                  "parentUUID": "69466e34-070a-4d6d-9025-f417e84990ee",
                  "isHook": false,
                  "skipped": false
                },
                {
                  "title": "should be able to update a whitelisted kresko asset",
                  "fullTitle": "Collateral Pool #Configuration should be able to update a whitelisted kresko asset",
                  "timedOut": false,
                  "duration": 333,
                  "state": "passed",
                  "speed": "slow",
                  "pass": true,
                  "fail": false,
                  "pending": false,
                  "context": null,
                  "code": "const configuration = {\n    openFee: (0, _lib.toBig)(0.01),\n    closeFee: (0, _lib.toBig)(0.01),\n    protocolFee: (0, _lib.toBig)(0.25),\n    supplyLimit: (0, _lib.toBig)(1000000)\n};\nawait (0, _test.wrapContractWithSigner)(_hardhat.default.Diamond, _hardhat.default.users.deployer).enablePoolKrAssets([\n    KreskoAsset.address\n], [\n    configuration\n]);\nconst update = {\n    openFee: (0, _lib.toBig)(0.05),\n    closeFee: (0, _lib.toBig)(0.05),\n    protocolFee: (0, _lib.toBig)(0.4),\n    supplyLimit: (0, _lib.toBig)(50000)\n};\nawait (0, _test.wrapContractWithSigner)(_hardhat.default.Diamond, _hardhat.default.users.deployer).updatePoolKrAsset(KreskoAsset.address, update);\nconst kreskoAsset = await (0, _test.wrapContractWithSigner)(_hardhat.default.Diamond, _hardhat.default.users.deployer).getPoolKrAsset(KreskoAsset.address);\n(0, _chai.expect)(kreskoAsset.openFee).to.equal(update.openFee);\n(0, _chai.expect)(kreskoAsset.closeFee).to.equal(update.closeFee);\n(0, _chai.expect)(kreskoAsset.protocolFee).to.equal(update.protocolFee);\n(0, _chai.expect)(kreskoAsset.supplyLimit).to.equal(update.supplyLimit);\nconst krAssets = await (0, _test.wrapContractWithSigner)(_hardhat.default.Diamond, _hardhat.default.users.deployer).getPoolKrAssets();\n(0, _chai.expect)(krAssets).to.deep.equal([\n    KreskoAsset.address\n]);\n(0, _chai.expect)(await (0, _test.wrapContractWithSigner)(_hardhat.default.Diamond, _hardhat.default.users.deployer).getPoolAssetIsEnabled(KreskoAsset.address)).to.equal(true);",
                  "err": {},
                  "uuid": "3100b63a-6b1b-416a-b448-57fd855ce6fb",
                  "parentUUID": "69466e34-070a-4d6d-9025-f417e84990ee",
                  "isHook": false,
                  "skipped": false
                },
                {
                  "title": "should be able to disable a whitelisted kresko asset",
                  "fullTitle": "Collateral Pool #Configuration should be able to disable a whitelisted kresko asset",
                  "timedOut": false,
                  "duration": 282,
                  "state": "passed",
                  "speed": "slow",
                  "pass": true,
                  "fail": false,
                  "pending": false,
                  "context": null,
                  "code": "const configuration = {\n    openFee: (0, _lib.toBig)(0.01),\n    closeFee: (0, _lib.toBig)(0.01),\n    protocolFee: (0, _lib.toBig)(0.25),\n    supplyLimit: (0, _lib.toBig)(1000000)\n};\nawait (0, _test.wrapContractWithSigner)(_hardhat.default.Diamond, _hardhat.default.users.deployer).enablePoolKrAssets([\n    KreskoAsset.address\n], [\n    configuration\n]);\nawait (0, _test.wrapContractWithSigner)(_hardhat.default.Diamond, _hardhat.default.users.deployer).disablePoolKrAssets([\n    KreskoAsset.address\n]);\nconst krAssets = await (0, _test.wrapContractWithSigner)(_hardhat.default.Diamond, _hardhat.default.users.deployer).getPoolKrAssets();\n(0, _chai.expect)(krAssets).to.deep.equal([\n    KreskoAsset.address\n]);\n(0, _chai.expect)(await (0, _test.wrapContractWithSigner)(_hardhat.default.Diamond, _hardhat.default.users.deployer).getPoolAssetIsEnabled(KreskoAsset.address)).to.equal(false);",
                  "err": {},
                  "uuid": "2a1ae502-b003-4927-96cf-896a159258bf",
                  "parentUUID": "69466e34-070a-4d6d-9025-f417e84990ee",
                  "isHook": false,
                  "skipped": false
                },
                {
                  "title": "should be able to remove a whitelisted kresko asset",
                  "fullTitle": "Collateral Pool #Configuration should be able to remove a whitelisted kresko asset",
                  "timedOut": false,
                  "duration": 289,
                  "state": "passed",
                  "speed": "slow",
                  "pass": true,
                  "fail": false,
                  "pending": false,
                  "context": null,
                  "code": "const configuration = {\n    openFee: (0, _lib.toBig)(0.01),\n    closeFee: (0, _lib.toBig)(0.01),\n    protocolFee: (0, _lib.toBig)(0.25),\n    supplyLimit: (0, _lib.toBig)(1000000)\n};\nawait (0, _test.wrapContractWithSigner)(_hardhat.default.Diamond, _hardhat.default.users.deployer).enablePoolKrAssets([\n    KreskoAsset.address\n], [\n    configuration\n]);\nawait (0, _test.wrapContractWithSigner)(_hardhat.default.Diamond, _hardhat.default.users.deployer).removePoolKrAssets([\n    KreskoAsset.address\n]);\nconst krAssets = await (0, _test.wrapContractWithSigner)(_hardhat.default.Diamond, _hardhat.default.users.deployer).getPoolKrAssets();\n(0, _chai.expect)(krAssets).to.deep.equal([]);\n(0, _chai.expect)(await (0, _test.wrapContractWithSigner)(_hardhat.default.Diamond, _hardhat.default.users.deployer).getPoolAssetIsEnabled(KreskoAsset.address)).to.equal(false);",
                  "err": {},
                  "uuid": "fcd42e08-b121-461c-980f-cd28fe7514f8",
                  "parentUUID": "69466e34-070a-4d6d-9025-f417e84990ee",
                  "isHook": false,
                  "skipped": false
                },
                {
                  "title": "should be able to enable and disable swap pairs",
                  "fullTitle": "Collateral Pool #Configuration should be able to enable and disable swap pairs",
                  "timedOut": false,
                  "duration": 333,
                  "state": "passed",
                  "speed": "slow",
                  "pass": true,
                  "fail": false,
                  "pending": false,
                  "context": null,
                  "code": "const swapPairsEnabled = [\n    {\n        assetIn: CollateralAsset.address,\n        assetOut: KreskoAsset.address,\n        enabled: true\n    }\n];\nawait (0, _test.wrapContractWithSigner)(_hardhat.default.Diamond, _hardhat.default.users.deployer).setSwapPairs(swapPairsEnabled);\n(0, _chai.expect)(await (0, _test.wrapContractWithSigner)(_hardhat.default.Diamond, _hardhat.default.users.deployer).getPoolIsSwapEnabled(CollateralAsset.address, KreskoAsset.address)).to.equal(true);\n(0, _chai.expect)(await (0, _test.wrapContractWithSigner)(_hardhat.default.Diamond, _hardhat.default.users.deployer).getPoolIsSwapEnabled(KreskoAsset.address, CollateralAsset.address)).to.equal(true);\nconst swapPairsDisabled = [\n    {\n        assetIn: CollateralAsset.address,\n        assetOut: KreskoAsset.address,\n        enabled: false\n    }\n];\nawait (0, _test.wrapContractWithSigner)(_hardhat.default.Diamond, _hardhat.default.users.deployer).setSwapPairs(swapPairsDisabled);\n(0, _chai.expect)(await (0, _test.wrapContractWithSigner)(_hardhat.default.Diamond, _hardhat.default.users.deployer).getPoolIsSwapEnabled(CollateralAsset.address, KreskoAsset.address)).to.equal(false);\n(0, _chai.expect)(await (0, _test.wrapContractWithSigner)(_hardhat.default.Diamond, _hardhat.default.users.deployer).getPoolIsSwapEnabled(KreskoAsset.address, CollateralAsset.address)).to.equal(false);",
                  "err": {},
                  "uuid": "e7cbf5ca-d24d-4362-8cec-2d49079bd19c",
                  "parentUUID": "69466e34-070a-4d6d-9025-f417e84990ee",
                  "isHook": false,
                  "skipped": false
                }
              ],
              "suites": [],
              "passes": [
                "625a06ad-a992-431b-a81a-f92760400eb1",
                "62ca97f9-98a2-4eb8-959a-481ca98438e7",
                "2cf3c976-4d4c-4d57-aff3-38388096008c",
                "6919c3dc-ff6c-4d68-a51c-498dc4974e22",
                "a730ca5d-abc3-4172-ac46-f670f9463e37",
                "331b7759-50f6-4f2d-8483-a8d7357778ae",
                "3100b63a-6b1b-416a-b448-57fd855ce6fb",
                "2a1ae502-b003-4927-96cf-896a159258bf",
                "fcd42e08-b121-461c-980f-cd28fe7514f8",
                "e7cbf5ca-d24d-4362-8cec-2d49079bd19c"
              ],
              "failures": [],
              "pending": [],
              "skipped": [],
              "duration": 2609,
              "root": false,
              "rootEmpty": false,
              "_timeout": 30000
            },
            {
              "uuid": "a019cc74-b44c-4741-ab78-332ba7e8f856",
              "title": "#Deposit",
              "fullFile": "/Users/tabishshaikh/work/kresko/kresko-protocol/src/test/collateral-pool/00-collateral-pool.ts",
              "file": "/src/test/collateral-pool/00-collateral-pool.ts",
              "beforeHooks": [
                {
                  "title": "\"before each\" hook in \"#Deposit\"",
                  "fullTitle": "Collateral Pool #Deposit \"before each\" hook in \"#Deposit\"",
                  "timedOut": false,
                  "duration": 350,
                  "state": null,
                  "speed": null,
                  "pass": false,
                  "fail": false,
                  "pending": false,
                  "context": null,
                  "code": "await Promise.all([\n    await (0, _test.wrapContractWithSigner)(_hardhat.default.Diamond, _hardhat.default.users.deployer).enablePoolCollaterals([\n        CollateralAsset.address,\n        CollateralAsset8Dec.address\n    ], [\n        {\n            decimals: 18,\n            liquidationIncentive: (0, _lib.toBig)(1.1),\n            depositLimit: _hardhat.ethers.constants.MaxUint256,\n            liquidityIndex: _lib.RAY\n        },\n        {\n            decimals: 8,\n            liquidationIncentive: (0, _lib.toBig)(1.05),\n            depositLimit: _hardhat.ethers.constants.MaxUint256,\n            liquidityIndex: _lib.RAY\n        }\n    ]),\n    await (0, _test.wrapContractWithSigner)(_hardhat.default.Diamond, _hardhat.default.users.deployer).enablePoolKrAssets([\n        KreskoAsset.address\n    ], [\n        {\n            openFee: (0, _lib.toBig)(0.01),\n            closeFee: (0, _lib.toBig)(0.01),\n            protocolFee: (0, _lib.toBig)(0.25),\n            supplyLimit: (0, _lib.toBig)(1000000)\n        }\n    ])\n]);",
                  "err": {},
                  "uuid": "cc803f2e-f088-41b8-97b9-6025de27a61c",
                  "parentUUID": "a019cc74-b44c-4741-ab78-332ba7e8f856",
                  "isHook": true,
                  "skipped": false
                }
              ],
              "afterHooks": [],
              "tests": [
                {
                  "title": "should be able to deposit collateral, calculate correct deposit values, not touching individual deposits",
                  "fullTitle": "Collateral Pool #Deposit should be able to deposit collateral, calculate correct deposit values, not touching individual deposits",
                  "timedOut": false,
                  "duration": 3251,
                  "state": "passed",
                  "speed": "slow",
                  "pass": true,
                  "fail": false,
                  "pending": false,
                  "context": null,
                  "code": "const expectedValueUnadjusted = (0, _lib.toBig)(collateralPrice * depositAmount, 8);\nconst expectedValueAdjusted = (0, _lib.toBig)(collateralPrice / 1 * depositAmount, 8); // cfactor = 1\nconst WITH_FACTORS = false;\nconst WITHOUT_FACTORS = true;\nfor (const user of users){\n    const Kresko = (0, _test.wrapContractWithSigner)(_hardhat.default.Diamond, user);\n    await Kresko.poolDeposit(user.address, CollateralAsset.address, depositAmount18Dec);\n    (0, _chai.expect)(await CollateralAsset.contract.balanceOf(user.address)).to.equal(0);\n    (0, _chai.expect)(await Kresko.getPoolAccountDepositsWithFees(user.address, CollateralAsset.address)).to.equal(depositAmount18Dec);\n    (0, _chai.expect)(await Kresko.getPoolAccountPrincipalDeposits(user.address, CollateralAsset.address)).to.equal(depositAmount18Dec);\n    // Unadjusted\n    (0, _chai.expect)(await Kresko.getPoolAccountDepositsValue(user.address, CollateralAsset.address, WITHOUT_FACTORS)).to.equal(expectedValueUnadjusted);\n    (0, _chai.expect)(await Kresko.getPoolAccountTotalDepositsValue(user.address, WITHOUT_FACTORS)).to.equal(expectedValueUnadjusted);\n    // Adjusted\n    (0, _chai.expect)(await Kresko.getPoolAccountTotalDepositsValue(user.address, WITH_FACTORS)).to.equal(expectedValueAdjusted);\n    (0, _chai.expect)(await Kresko.getPoolAccountDepositsValue(user.address, CollateralAsset.address, WITH_FACTORS)).to.equal(expectedValueAdjusted);\n    // regular collateral deposits should be 0\n    (0, _chai.expect)(await Kresko.collateralDeposits(user.address, CollateralAsset.address)).to.equal(0);\n}\n(0, _chai.expect)(await CollateralAsset.contract.balanceOf(_hardhat.default.Diamond.address)).to.equal(depositAmount18Dec.mul(users.length));\n(0, _chai.expect)(await (0, _test.wrapContractWithSigner)(_hardhat.default.Diamond, _hardhat.default.users.deployer).getPoolDeposits(CollateralAsset.address)).to.equal(depositAmount18Dec.mul(users.length));\n// Unadjusted\nconst globalUnadjusted = await (0, _test.wrapContractWithSigner)(_hardhat.default.Diamond, _hardhat.default.users.deployer).getPoolStats(WITHOUT_FACTORS);\n(0, _chai.expect)(await (0, _test.wrapContractWithSigner)(_hardhat.default.Diamond, _hardhat.default.users.deployer).getPoolDepositsValue(CollateralAsset.address, WITHOUT_FACTORS)).to.equal(expectedValueUnadjusted.mul(users.length));\n(0, _chai.expect)(globalUnadjusted.collateralValue).to.equal(expectedValueUnadjusted.mul(users.length));\n(0, _chai.expect)(globalUnadjusted.debtValue).to.equal(0);\n(0, _chai.expect)(globalUnadjusted.cr).to.equal(0);\n// Adjusted\nconst globalAdjusted = await (0, _test.wrapContractWithSigner)(_hardhat.default.Diamond, _hardhat.default.users.deployer).getPoolStats(WITH_FACTORS);\n(0, _chai.expect)(await (0, _test.wrapContractWithSigner)(_hardhat.default.Diamond, _hardhat.default.users.deployer).getPoolDepositsValue(CollateralAsset.address, WITH_FACTORS)).to.equal(expectedValueAdjusted.mul(users.length));\n(0, _chai.expect)(globalAdjusted.collateralValue).to.equal(expectedValueUnadjusted.mul(users.length));\n(0, _chai.expect)(globalAdjusted.debtValue).to.equal(0);\n(0, _chai.expect)(globalAdjusted.cr).to.equal(0);",
                  "err": {},
                  "uuid": "578066c4-b164-46f9-9b05-ff8fe1c155e8",
                  "parentUUID": "a019cc74-b44c-4741-ab78-332ba7e8f856",
                  "isHook": false,
                  "skipped": false
                },
                {
                  "title": "should be able to deposit multiple collaterals, calculate correct deposit values, not touching individual deposits",
                  "fullTitle": "Collateral Pool #Deposit should be able to deposit multiple collaterals, calculate correct deposit values, not touching individual deposits",
                  "timedOut": false,
                  "duration": 4542,
                  "state": "passed",
                  "speed": "slow",
                  "pass": true,
                  "fail": false,
                  "pending": false,
                  "context": null,
                  "code": "const expectedValueUnadjusted = (0, _lib.toBig)(collateralPrice * depositAmount, 8);\nconst expectedValueAdjusted = (0, _lib.toBig)(collateralPrice / 1 * depositAmount, 8); // cfactor = 1\nconst expectedValueUnadjusted8Dec = (0, _lib.toBig)(collateralPrice * depositAmount, 8);\nconst expectedValueAdjusted8Dec = (0, _lib.toBig)(collateralPrice * 0.8 * depositAmount, 8); // cfactor = 0.8\nconst WITH_FACTORS = false;\nconst WITHOUT_FACTORS = true;\nfor (const user of users){\n    const Kresko = (0, _test.wrapContractWithSigner)(_hardhat.default.Diamond, user);\n    await Kresko.poolDeposit(user.address, CollateralAsset.address, depositAmount18Dec);\n    await Kresko.poolDeposit(user.address, CollateralAsset8Dec.address, depositAmount8Dec);\n    (0, _chai.expect)(await Kresko.getPoolAccountDepositsWithFees(user.address, CollateralAsset.address)).to.equal(depositAmount18Dec);\n    (0, _chai.expect)(await Kresko.getPoolAccountDepositsWithFees(user.address, CollateralAsset8Dec.address)).to.equal(depositAmount8Dec);\n    // WITHOUT_FACTORS\n    (0, _chai.expect)(await Kresko.getPoolAccountDepositsValue(user.address, CollateralAsset.address, WITHOUT_FACTORS)).to.equal(expectedValueUnadjusted);\n    (0, _chai.expect)(await Kresko.getPoolAccountDepositsValue(user.address, CollateralAsset8Dec.address, WITHOUT_FACTORS)).to.equal(expectedValueUnadjusted8Dec);\n    (0, _chai.expect)(await Kresko.getPoolAccountTotalDepositsValue(user.address, WITHOUT_FACTORS)).to.equal(expectedValueUnadjusted.add(expectedValueUnadjusted8Dec));\n    // WITH_FACTORS\n    (0, _chai.expect)(await Kresko.getPoolAccountDepositsValue(user.address, CollateralAsset.address, WITH_FACTORS)).to.equal(expectedValueAdjusted);\n    (0, _chai.expect)(await Kresko.getPoolAccountDepositsValue(user.address, CollateralAsset8Dec.address, WITH_FACTORS)).to.equal(expectedValueAdjusted8Dec);\n    (0, _chai.expect)(await Kresko.getPoolAccountTotalDepositsValue(user.address, WITH_FACTORS)).to.equal(expectedValueAdjusted.add(expectedValueAdjusted8Dec));\n    // regular collateral deposits should be 0\n    (0, _chai.expect)(await Kresko.collateralDeposits(user.address, CollateralAsset.address)).to.equal(0);\n    (0, _chai.expect)(await Kresko.collateralDeposits(user.address, CollateralAsset8Dec.address)).to.equal(0);\n}\n(0, _chai.expect)(await (0, _test.wrapContractWithSigner)(_hardhat.default.Diamond, _hardhat.default.users.deployer).getPoolDeposits(CollateralAsset.address)).to.equal(depositAmount18Dec.mul(users.length));\n(0, _chai.expect)(await (0, _test.wrapContractWithSigner)(_hardhat.default.Diamond, _hardhat.default.users.deployer).getPoolDeposits(CollateralAsset8Dec.address)).to.equal(depositAmount8Dec.mul(users.length));\n// WITH_FACTORS global\nconst valueTotalAdjusted = expectedValueAdjusted.mul(users.length);\nconst valueTotalAdjusted8Dec = expectedValueAdjusted8Dec.mul(users.length);\nconst valueAdjusted = valueTotalAdjusted.add(valueTotalAdjusted8Dec);\n(0, _chai.expect)(await (0, _test.wrapContractWithSigner)(_hardhat.default.Diamond, _hardhat.default.users.deployer).getPoolDepositsValue(CollateralAsset.address, WITH_FACTORS)).to.equal(valueTotalAdjusted);\n(0, _chai.expect)(await (0, _test.wrapContractWithSigner)(_hardhat.default.Diamond, _hardhat.default.users.deployer).getPoolDepositsValue(CollateralAsset8Dec.address, WITH_FACTORS)).to.equal(valueTotalAdjusted8Dec);\nconst globalAdjusted = await (0, _test.wrapContractWithSigner)(_hardhat.default.Diamond, _hardhat.default.users.deployer).getPoolStats(WITH_FACTORS);\n(0, _chai.expect)(globalAdjusted.collateralValue).to.equal(valueAdjusted);\n(0, _chai.expect)(globalAdjusted.debtValue).to.equal(0);\n(0, _chai.expect)(globalAdjusted.cr).to.equal(0);\n// WITHOUT_FACTORS global\nconst valueTotalUnadjusted = expectedValueUnadjusted.mul(users.length);\nconst valueTotalUnadjusted8Dec = expectedValueUnadjusted8Dec.mul(users.length);\nconst valueUnadjusted = valueTotalUnadjusted.add(valueTotalUnadjusted8Dec);\n(0, _chai.expect)(await (0, _test.wrapContractWithSigner)(_hardhat.default.Diamond, _hardhat.default.users.deployer).getPoolDepositsValue(CollateralAsset.address, WITHOUT_FACTORS)).to.equal(valueTotalUnadjusted);\n(0, _chai.expect)(await (0, _test.wrapContractWithSigner)(_hardhat.default.Diamond, _hardhat.default.users.deployer).getPoolDepositsValue(CollateralAsset8Dec.address, WITHOUT_FACTORS)).to.equal(valueTotalUnadjusted8Dec);\nconst globalUnadjusted = await (0, _test.wrapContractWithSigner)(_hardhat.default.Diamond, _hardhat.default.users.deployer).getPoolStats(WITHOUT_FACTORS);\n(0, _chai.expect)(globalUnadjusted.collateralValue).to.equal(valueUnadjusted);\n(0, _chai.expect)(globalUnadjusted.debtValue).to.equal(0);\n(0, _chai.expect)(globalUnadjusted.cr).to.equal(0);",
                  "err": {},
                  "uuid": "9605bfc4-740d-4ae2-b063-dcce0523b3f1",
                  "parentUUID": "a019cc74-b44c-4741-ab78-332ba7e8f856",
                  "isHook": false,
                  "skipped": false
                }
              ],
              "suites": [],
              "passes": [
                "578066c4-b164-46f9-9b05-ff8fe1c155e8",
                "9605bfc4-740d-4ae2-b063-dcce0523b3f1"
              ],
              "failures": [],
              "pending": [],
              "skipped": [],
              "duration": 7793,
              "root": false,
              "rootEmpty": false,
              "_timeout": 30000
            },
            {
              "uuid": "1a31b94d-dfc6-4f7e-8bd6-cf9d28ce568d",
              "title": "#Withdraw",
              "fullFile": "/Users/tabishshaikh/work/kresko/kresko-protocol/src/test/collateral-pool/00-collateral-pool.ts",
              "file": "/src/test/collateral-pool/00-collateral-pool.ts",
              "beforeHooks": [
                {
                  "title": "\"before each\" hook in \"#Withdraw\"",
                  "fullTitle": "Collateral Pool #Withdraw \"before each\" hook in \"#Withdraw\"",
                  "timedOut": false,
                  "duration": 370,
                  "state": null,
                  "speed": null,
                  "pass": false,
                  "fail": false,
                  "pending": false,
                  "context": null,
                  "code": "await Promise.all([\n    await (0, _test.wrapContractWithSigner)(_hardhat.default.Diamond, _hardhat.default.users.deployer).enablePoolCollaterals([\n        CollateralAsset.address,\n        CollateralAsset8Dec.address\n    ], [\n        {\n            decimals: 18,\n            liquidationIncentive: (0, _lib.toBig)(1.1),\n            depositLimit: _hardhat.ethers.constants.MaxUint256,\n            liquidityIndex: _lib.RAY\n        },\n        {\n            decimals: 18,\n            liquidationIncentive: (0, _lib.toBig)(1.05),\n            depositLimit: _hardhat.ethers.constants.MaxUint256,\n            liquidityIndex: _lib.RAY\n        }\n    ]),\n    await (0, _test.wrapContractWithSigner)(_hardhat.default.Diamond, _hardhat.default.users.deployer).enablePoolKrAssets([\n        KreskoAsset.address\n    ], [\n        {\n            openFee: (0, _lib.toBig)(0.01),\n            closeFee: (0, _lib.toBig)(0.01),\n            protocolFee: (0, _lib.toBig)(0.25),\n            supplyLimit: (0, _lib.toBig)(1000000)\n        }\n    ])\n]);",
                  "err": {},
                  "uuid": "3b4d9ca1-57c3-456c-bbff-4ebf5b556c3e",
                  "parentUUID": "1a31b94d-dfc6-4f7e-8bd6-cf9d28ce568d",
                  "isHook": true,
                  "skipped": false
                }
              ],
              "afterHooks": [],
              "tests": [
                {
                  "title": "should be able to withdraw full collateral of multiple assets",
                  "fullTitle": "Collateral Pool #Withdraw should be able to withdraw full collateral of multiple assets",
                  "timedOut": false,
                  "duration": 5020,
                  "state": "passed",
                  "speed": "slow",
                  "pass": true,
                  "fail": false,
                  "pending": false,
                  "context": null,
                  "code": "for (const user of users){\n    const Kresko = (0, _test.wrapContractWithSigner)(_hardhat.default.Diamond, user);\n    await Kresko.poolDeposit(user.address, CollateralAsset.address, depositAmount18Dec);\n    await Kresko.poolDeposit(user.address, CollateralAsset8Dec.address, depositAmount8Dec);\n    (0, _chai.expect)(await Kresko.getPoolAccountDepositsWithFees(user.address, CollateralAsset.address)).to.equal(depositAmount18Dec);\n    await Kresko.poolWithdraw(user.address, CollateralAsset.address, depositAmount18Dec);\n    await Kresko.poolWithdraw(user.address, CollateralAsset8Dec.address, depositAmount8Dec);\n    (0, _chai.expect)(await CollateralAsset.contract.balanceOf(Kresko.address)).to.equal(0);\n    (0, _chai.expect)(await CollateralAsset.contract.balanceOf(user.address)).to.equal(depositAmount18Dec);\n    (0, _chai.expect)(await Kresko.getPoolAccountDepositsWithFees(user.address, CollateralAsset.address)).to.equal(0);\n    (0, _chai.expect)(await Kresko.getPoolAccountPrincipalDeposits(user.address, CollateralAsset.address)).to.equal(0);\n    (0, _chai.expect)(await Kresko.getPoolAccountDepositsWithFees(user.address, CollateralAsset8Dec.address)).to.equal(0);\n    (0, _chai.expect)(await Kresko.getPoolAccountPrincipalDeposits(user.address, CollateralAsset8Dec.address)).to.equal(0);\n    (0, _chai.expect)(await (0, _test.wrapContractWithSigner)(_hardhat.default.Diamond, _hardhat.default.users.deployer).getPoolAccountTotalDepositsValue(user.address, false)).to.equal(0);\n    (0, _chai.expect)(await (0, _test.wrapContractWithSigner)(_hardhat.default.Diamond, _hardhat.default.users.deployer).getPoolAccountTotalDepositsValue(user.address, true)).to.equal(0);\n}\n(0, _chai.expect)(await (0, _test.wrapContractWithSigner)(_hardhat.default.Diamond, _hardhat.default.users.deployer).getPoolDeposits(CollateralAsset.address)).to.equal(0);\n(0, _chai.expect)(await (0, _test.wrapContractWithSigner)(_hardhat.default.Diamond, _hardhat.default.users.deployer).getPoolDeposits(CollateralAsset8Dec.address)).to.equal(0);\n(0, _chai.expect)(await (0, _test.wrapContractWithSigner)(_hardhat.default.Diamond, _hardhat.default.users.deployer).getPoolDepositsValue(CollateralAsset.address, true)).to.equal(0);\n(0, _chai.expect)(await (0, _test.wrapContractWithSigner)(_hardhat.default.Diamond, _hardhat.default.users.deployer).getPoolDepositsValue(CollateralAsset.address, false)).to.equal(0);\n(0, _chai.expect)(await (0, _test.wrapContractWithSigner)(_hardhat.default.Diamond, _hardhat.default.users.deployer).getPoolDepositsValue(CollateralAsset8Dec.address, true)).to.equal(0);\n(0, _chai.expect)(await (0, _test.wrapContractWithSigner)(_hardhat.default.Diamond, _hardhat.default.users.deployer).getPoolDepositsValue(CollateralAsset8Dec.address, false)).to.equal(0);\nconst globals = await (0, _test.wrapContractWithSigner)(_hardhat.default.Diamond, _hardhat.default.users.deployer).getPoolStats(true);\n(0, _chai.expect)(globals.collateralValue).to.equal(0);\n(0, _chai.expect)(globals.debtValue).to.equal(0);\n(0, _chai.expect)(globals.cr).to.equal(0);",
                  "err": {},
                  "uuid": "7ca7d18e-744a-4c2f-b17f-35e4f205e104",
                  "parentUUID": "1a31b94d-dfc6-4f7e-8bd6-cf9d28ce568d",
                  "isHook": false,
                  "skipped": false
                },
                {
                  "title": "should be able to withdraw partial collateral of multiple assets",
                  "fullTitle": "Collateral Pool #Withdraw should be able to withdraw partial collateral of multiple assets",
                  "timedOut": false,
                  "duration": 5100,
                  "state": "passed",
                  "speed": "slow",
                  "pass": true,
                  "fail": false,
                  "pending": false,
                  "context": null,
                  "code": "const partialWithdraw = depositAmount18Dec.div(users.length);\nconst partialWithdraw8Dec = depositAmount8Dec.div(users.length);\nconst expectedValueUnadjusted = (0, _lib.toBig)(collateralPrice * depositAmount, 8).mul(200).div(300);\nconst expectedValueAdjusted = (0, _lib.toBig)(collateralPrice * 1 * depositAmount, 8).mul(200).div(300); // cfactor = 1\nconst expectedValueUnadjusted8Dec = (0, _lib.toBig)(collateralPrice * depositAmount, 8).mul(200).div(300);\nconst expectedValueAdjusted8Dec = (0, _lib.toBig)(collateralPrice * 0.8 * depositAmount, 8).mul(200).div(300); // cfactor = 0.8\nfor (const user of users){\n    const Kresko = (0, _test.wrapContractWithSigner)(_hardhat.default.Diamond, user);\n    await Kresko.poolDeposit(user.address, CollateralAsset.address, depositAmount18Dec);\n    await Kresko.poolDeposit(user.address, CollateralAsset8Dec.address, depositAmount8Dec);\n    (0, _chai.expect)(await Kresko.getPoolAccountDepositsWithFees(user.address, CollateralAsset.address)).to.equal(depositAmount18Dec);\n    await Kresko.poolWithdraw(user.address, CollateralAsset.address, partialWithdraw);\n    await Kresko.poolWithdraw(user.address, CollateralAsset8Dec.address, partialWithdraw8Dec);\n    (0, _chai.expect)(await CollateralAsset.contract.balanceOf(user.address)).to.equal(partialWithdraw);\n    (0, _chai.expect)(await CollateralAsset8Dec.contract.balanceOf(user.address)).to.equal(partialWithdraw8Dec);\n    (0, _chai.expect)(await Kresko.getPoolAccountDepositsWithFees(user.address, CollateralAsset.address)).to.equal(depositAmount18Dec.sub(partialWithdraw));\n    (0, _chai.expect)(await Kresko.getPoolAccountPrincipalDeposits(user.address, CollateralAsset.address)).to.equal(depositAmount18Dec.sub(partialWithdraw));\n    (0, _chai.expect)(await Kresko.getPoolAccountDepositsWithFees(user.address, CollateralAsset8Dec.address)).to.equal(depositAmount8Dec.sub(partialWithdraw8Dec));\n    (0, _chai.expect)(await Kresko.getPoolAccountPrincipalDeposits(user.address, CollateralAsset8Dec.address)).to.equal(depositAmount8Dec.sub(partialWithdraw8Dec));\n    (0, _chai.expect)(await (0, _test.wrapContractWithSigner)(_hardhat.default.Diamond, _hardhat.default.users.deployer).getPoolAccountTotalDepositsValue(user.address, false)).to.closeTo(expectedValueAdjusted.add(expectedValueAdjusted8Dec), (0, _lib.toBig)(0.00001, 8));\n    (0, _chai.expect)(await (0, _test.wrapContractWithSigner)(_hardhat.default.Diamond, _hardhat.default.users.deployer).getPoolAccountTotalDepositsValue(user.address, true)).to.closeTo(expectedValueUnadjusted.add(expectedValueUnadjusted8Dec), (0, _lib.toBig)(0.00001, 8));\n}\n(0, _chai.expect)(await CollateralAsset.contract.balanceOf(_hardhat.default.Diamond.address)).to.closeTo((0, _lib.toBig)(2000), 1);\n(0, _chai.expect)(await CollateralAsset8Dec.contract.balanceOf(_hardhat.default.Diamond.address)).to.closeTo((0, _lib.toBig)(2000, 8), 1);\n(0, _chai.expect)(await (0, _test.wrapContractWithSigner)(_hardhat.default.Diamond, _hardhat.default.users.deployer).getPoolDeposits(CollateralAsset.address)).to.closeTo((0, _lib.toBig)(2000), 1);\n(0, _chai.expect)(await (0, _test.wrapContractWithSigner)(_hardhat.default.Diamond, _hardhat.default.users.deployer).getPoolDeposits(CollateralAsset8Dec.address)).to.closeTo((0, _lib.toBig)(2000, 8), 1);\n(0, _chai.expect)(await (0, _test.wrapContractWithSigner)(_hardhat.default.Diamond, _hardhat.default.users.deployer).getPoolDepositsValue(CollateralAsset.address, true)).to.closeTo(expectedValueUnadjusted.mul(users.length), 20);\n(0, _chai.expect)(await (0, _test.wrapContractWithSigner)(_hardhat.default.Diamond, _hardhat.default.users.deployer).getPoolDepositsValue(CollateralAsset.address, false)).to.closeTo(expectedValueAdjusted.mul(users.length), 20);\n(0, _chai.expect)(await (0, _test.wrapContractWithSigner)(_hardhat.default.Diamond, _hardhat.default.users.deployer).getPoolDepositsValue(CollateralAsset8Dec.address, true)).to.closeTo(expectedValueUnadjusted8Dec.mul(users.length), 20);\n(0, _chai.expect)(await (0, _test.wrapContractWithSigner)(_hardhat.default.Diamond, _hardhat.default.users.deployer).getPoolDepositsValue(CollateralAsset8Dec.address, false)).to.closeTo(expectedValueAdjusted8Dec.mul(users.length), 20);\nconst totalValueRemaining = expectedValueUnadjusted8Dec.mul(users.length).add(expectedValueUnadjusted.mul(users.length));\nconst globals = await (0, _test.wrapContractWithSigner)(_hardhat.default.Diamond, _hardhat.default.users.deployer).getPoolStats(true);\n(0, _chai.expect)(globals.collateralValue).to.closeTo(totalValueRemaining, 20);\n(0, _chai.expect)(globals.debtValue).to.equal(0);\n(0, _chai.expect)(globals.cr).to.equal(0);",
                  "err": {},
                  "uuid": "ebd82119-7308-4d69-9052-18f2fad8d6e9",
                  "parentUUID": "1a31b94d-dfc6-4f7e-8bd6-cf9d28ce568d",
                  "isHook": false,
                  "skipped": false
                }
              ],
              "suites": [],
              "passes": [
                "7ca7d18e-744a-4c2f-b17f-35e4f205e104",
                "ebd82119-7308-4d69-9052-18f2fad8d6e9"
              ],
              "failures": [],
              "pending": [],
              "skipped": [],
              "duration": 10120,
              "root": false,
              "rootEmpty": false,
              "_timeout": 30000
            },
            {
              "uuid": "fb0eec11-9cc5-4954-bd4e-7054897058bd",
              "title": "#Fee Distribution",
              "fullFile": "/Users/tabishshaikh/work/kresko/kresko-protocol/src/test/collateral-pool/00-collateral-pool.ts",
              "file": "/src/test/collateral-pool/00-collateral-pool.ts",
              "beforeHooks": [
                {
                  "title": "\"before each\" hook in \"#Fee Distribution\"",
                  "fullTitle": "Collateral Pool #Fee Distribution \"before each\" hook in \"#Fee Distribution\"",
                  "timedOut": false,
                  "duration": 412,
                  "state": null,
                  "speed": null,
                  "pass": false,
                  "fail": false,
                  "pending": false,
                  "context": null,
                  "code": "incomeCumulator = _hardhat.default.users.admin;\nawait CollateralAsset.setBalance(incomeCumulator, depositAmount18Dec.mul(users.length));\nawait CollateralAsset.contract.connect(incomeCumulator).approve(_hardhat.default.Diamond.address, _hardhat.default.ethers.constants.MaxUint256);\nawait Promise.all([\n    await (0, _test.wrapContractWithSigner)(_hardhat.default.Diamond, _hardhat.default.users.deployer).enablePoolCollaterals([\n        CollateralAsset.address,\n        CollateralAsset8Dec.address\n    ], [\n        {\n            decimals: 18,\n            liquidationIncentive: (0, _lib.toBig)(1.1),\n            depositLimit: _hardhat.ethers.constants.MaxUint256,\n            liquidityIndex: _lib.RAY\n        },\n        {\n            decimals: 8,\n            liquidationIncentive: (0, _lib.toBig)(1.05),\n            depositLimit: _hardhat.ethers.constants.MaxUint256,\n            liquidityIndex: _lib.RAY\n        }\n    ]),\n    await (0, _test.wrapContractWithSigner)(_hardhat.default.Diamond, _hardhat.default.users.deployer).enablePoolKrAssets([\n        KreskoAsset.address\n    ], [\n        {\n            openFee: (0, _lib.toBig)(0.01),\n            closeFee: (0, _lib.toBig)(0.01),\n            protocolFee: (0, _lib.toBig)(0.25),\n            supplyLimit: (0, _lib.toBig)(1000000)\n        }\n    ])\n]);",
                  "err": {},
                  "uuid": "a0779de7-9d1f-44a0-aa66-20a932595adf",
                  "parentUUID": "fb0eec11-9cc5-4954-bd4e-7054897058bd",
                  "isHook": true,
                  "skipped": false
                }
              ],
              "afterHooks": [],
              "tests": [
                {
                  "title": "should be able to cumulate fees into deposits",
                  "fullTitle": "Collateral Pool #Fee Distribution should be able to cumulate fees into deposits",
                  "timedOut": false,
                  "duration": 9735,
                  "state": "passed",
                  "speed": "slow",
                  "pass": true,
                  "fail": false,
                  "pending": false,
                  "context": null,
[...]
                  "passes": [
                    "21ab95ce-5a00-43d7-aac1-cccb6fa70c41",
                    "cae8b4af-65a3-4d05-9be0-845e14b96f58",
                    "4ad2814f-e6c8-4c0b-921b-b7883e71dd8e"
                  ],
                  "failures": [],
                  "pending": [],
                  "skipped": [],
                  "duration": 469,
                  "root": false,
                  "rootEmpty": false,
                  "_timeout": 30000
                },
                {
                  "uuid": "34bf2375-f061-4993-a1cd-a2130c35d76d",
                  "title": "duration based pausing",
                  "fullFile": "/Users/tabishshaikh/work/kresko/kresko-protocol/src/test/safety/00-council.ts",
                  "file": "/src/test/safety/00-council.ts",
                  "beforeHooks": [],
                  "afterHooks": [],
                  "tests": [
                    {
                      "title": "can optionally set a timeout on a given pause command",
                      "fullTitle": "Safety Council #toggleAssetsPaused duration based pausing can optionally set a timeout on a given pause command",
                      "timedOut": false,
                      "duration": 139,
                      "state": "passed",
                      "speed": "slow",
                      "pass": true,
                      "fail": false,
                      "pending": false,
                      "context": null,
                      "code": "const duration = 100000000;\nawait (0, _execution.executeContractCallWithSigners)(_hardhat.default.Multisig, _hardhat.default.Diamond, \"toggleAssetsPaused\", [\n    [\n        this.collateral.address\n    ],\n    _testutils.Action.DEPOSIT,\n    true,\n    duration\n], [\n    this.deployer,\n    this.devTwo,\n    this.extOne\n]);\nconst depositSafetyState = await _hardhat.default.Diamond.safetyStateFor(this.collateral.address, _testutils.Action.DEPOSIT);\n(0, _chai.expect)(depositSafetyState.length).to.equal(1);\n// Blocktime timestamp + duration should be equal to final timestamp\n(0, _chai.expect)(depositSafetyState[0].timestamp0.add(duration)).eq(depositSafetyState[0].timestamp1);",
                      "err": {},
                      "uuid": "11cf19cf-0986-450a-b5d1-37a929675f53",
                      "parentUUID": "34bf2375-f061-4993-a1cd-a2130c35d76d",
                      "isHook": false,
                      "skipped": false
                    },
                    {
                      "title": "duration based pause functionality should expire after the duration has passed",
                      "fullTitle": "Safety Council #toggleAssetsPaused duration based pausing duration based pause functionality should expire after the duration has passed",
                      "timedOut": false,
                      "duration": 145,
                      "state": "passed",
                      "speed": "slow",
                      "pass": true,
                      "fail": false,
                      "pending": false,
                      "context": null,
                      "code": "const duration = 100000;\nawait (0, _execution.executeContractCallWithSigners)(_hardhat.default.Multisig, _hardhat.default.Diamond, \"toggleAssetsPaused\", [\n    [\n        this.collateral.address\n    ],\n    _testutils.Action.DEPOSIT,\n    true,\n    duration\n], [\n    this.deployer,\n    this.devTwo,\n    this.extOne\n]);\nconst depositSafetyState = await _hardhat.default.Diamond.safetyStateFor(this.collateral.address, _testutils.Action.DEPOSIT);\n(0, _chai.expect)(depositSafetyState.length).to.equal(1);\n// Blocktime timestamp + duration should be equal to final timestamp\n(0, _chai.expect)(depositSafetyState[0].timestamp0.add(duration)).eq(depositSafetyState[0].timestamp1);\n// Confirm that the current blocktime is within the pause action's duration\nconst blockNumBefore = await _hardhat.default.ethers.provider.getBlockNumber();\nconst blockBefore = await _hardhat.default.ethers.provider.getBlock(blockNumBefore);\nconst timestampBefore = blockBefore.timestamp;\n(0, _chai.expect)(Number(depositSafetyState[0].timestamp1)).to.be.greaterThan(timestampBefore);\n// Increase time by seven days\nconst sevenDays = 7 * 24 * 60 * 60;\nawait _hardhat.default.ethers.provider.send(\"evm_increaseTime\", [\n    sevenDays\n]);\nawait _hardhat.default.ethers.provider.send(\"evm_mine\", []);\n// Confirm that block time has increased as expected\nconst blockNumAfter = await _hardhat.default.ethers.provider.getBlockNumber();\nconst blockAfter = await _hardhat.default.ethers.provider.getBlock(blockNumAfter);\nconst timestampAfter = blockAfter.timestamp;\n(0, _chai.expect)(blockNumAfter).to.be.equal(blockNumBefore + 1);\n(0, _chai.expect)(timestampAfter).to.be.equal(timestampBefore + sevenDays);\n// Confirm that the current blocktime is after the pause action's duration\n(0, _chai.expect)(timestampAfter).to.be.greaterThan(Number(depositSafetyState[0].timestamp1));\n            // NOTE: now we can test any functionality that should have now expired",
                      "err": {},
                      "uuid": "2135961f-c137-4c6b-b11e-a5530fa100c7",
                      "parentUUID": "34bf2375-f061-4993-a1cd-a2130c35d76d",
                      "isHook": false,
                      "skipped": false
                    }
                  ],
                  "suites": [],
                  "passes": [
                    "11cf19cf-0986-450a-b5d1-37a929675f53",
                    "2135961f-c137-4c6b-b11e-a5530fa100c7"
                  ],
                  "failures": [],
                  "pending": [],
                  "skipped": [],
                  "duration": 284,
                  "root": false,
                  "rootEmpty": false,
                  "_timeout": 30000
                },
                {
                  "uuid": "c183a69d-7929-4e52-b1d2-fdcfc717dde5",
                  "title": "toggle all possible actions: DEPOSIT, WITHDRAW, REPAY, BORROW, LIQUIDATION",
                  "fullFile": "/Users/tabishshaikh/work/kresko/kresko-protocol/src/test/safety/00-council.ts",
                  "file": "/src/test/safety/00-council.ts",
                  "beforeHooks": [],
                  "afterHooks": [],
                  "tests": [
                    {
                      "title": "can toggle action DEPOSIT pause status on and off",
                      "fullTitle": "Safety Council #toggleAssetsPaused toggle all possible actions: DEPOSIT, WITHDRAW, REPAY, BORROW, LIQUIDATION can toggle action DEPOSIT pause status on and off",
                      "timedOut": false,
                      "duration": 269,
                      "state": "passed",
                      "speed": "slow",
                      "pass": true,
                      "fail": false,
                      "pending": false,
                      "context": null,
                      "code": "await (0, _execution.executeContractCallWithSigners)(_hardhat.default.Multisig, _hardhat.default.Diamond, \"toggleAssetsPaused\", [\n    [\n        this.collateral.address\n    ],\n    _testutils.Action.DEPOSIT,\n    false,\n    0\n], [\n    this.deployer,\n    this.devTwo,\n    this.extOne\n]);\nlet isPaused = await _hardhat.default.Diamond.assetActionPaused(_testutils.Action.DEPOSIT.toString(), this.collateral.address);\n(0, _chai.expect)(isPaused).to.equal(true);\nawait (0, _execution.executeContractCallWithSigners)(_hardhat.default.Multisig, _hardhat.default.Diamond, \"toggleAssetsPaused\", [\n    [\n        this.collateral.address\n    ],\n    _testutils.Action.DEPOSIT,\n    false,\n    0\n], [\n    this.deployer,\n    this.devTwo,\n    this.extOne\n]);\nisPaused = await _hardhat.default.Diamond.assetActionPaused(_testutils.Action.DEPOSIT.toString(), this.collateral.address);\n(0, _chai.expect)(isPaused).to.equal(false);",
                      "err": {},
                      "uuid": "18ea010d-05ca-4447-ad25-06bab89f8bd8",
                      "parentUUID": "c183a69d-7929-4e52-b1d2-fdcfc717dde5",
                      "isHook": false,
                      "skipped": false
                    },
                    {
                      "title": "can toggle action WITHDRAW pause status on and off",
                      "fullTitle": "Safety Council #toggleAssetsPaused toggle all possible actions: DEPOSIT, WITHDRAW, REPAY, BORROW, LIQUIDATION can toggle action WITHDRAW pause status on and off",
                      "timedOut": false,
                      "duration": 268,
                      "state": "passed",
                      "speed": "slow",
                      "pass": true,
                      "fail": false,
                      "pending": false,
                      "context": null,
                      "code": "await (0, _execution.executeContractCallWithSigners)(_hardhat.default.Multisig, _hardhat.default.Diamond, \"toggleAssetsPaused\", [\n    [\n        this.collateral.address\n    ],\n    _testutils.Action.WITHDRAW,\n    false,\n    0\n], [\n    this.deployer,\n    this.devTwo,\n    this.extOne\n]);\nlet isPaused = await _hardhat.default.Diamond.assetActionPaused(_testutils.Action.WITHDRAW.toString(), this.collateral.address);\n(0, _chai.expect)(isPaused).to.equal(true);\nawait (0, _execution.executeContractCallWithSigners)(_hardhat.default.Multisig, _hardhat.default.Diamond, \"toggleAssetsPaused\", [\n    [\n        this.collateral.address\n    ],\n    _testutils.Action.WITHDRAW,\n    false,\n    0\n], [\n    this.deployer,\n    this.devTwo,\n    this.extOne\n]);\nisPaused = await _hardhat.default.Diamond.assetActionPaused(_testutils.Action.WITHDRAW.toString(), this.collateral.address);\n(0, _chai.expect)(isPaused).to.equal(false);",
                      "err": {},
                      "uuid": "a6919783-45a1-418d-b9e6-43f1ba9afab4",
                      "parentUUID": "c183a69d-7929-4e52-b1d2-fdcfc717dde5",
                      "isHook": false,
                      "skipped": false
                    },
                    {
                      "title": "can toggle action REPAY pause status on and off",
                      "fullTitle": "Safety Council #toggleAssetsPaused toggle all possible actions: DEPOSIT, WITHDRAW, REPAY, BORROW, LIQUIDATION can toggle action REPAY pause status on and off",
                      "timedOut": false,
                      "duration": 301,
                      "state": "passed",
                      "speed": "slow",
                      "pass": true,
                      "fail": false,
                      "pending": false,
                      "context": null,
                      "code": "await (0, _execution.executeContractCallWithSigners)(_hardhat.default.Multisig, _hardhat.default.Diamond, \"toggleAssetsPaused\", [\n    [\n        this.collateral.address\n    ],\n    _testutils.Action.REPAY,\n    false,\n    0\n], [\n    this.deployer,\n    this.devTwo,\n    this.extOne\n]);\nlet isPaused = await _hardhat.default.Diamond.assetActionPaused(_testutils.Action.REPAY.toString(), this.collateral.address);\n(0, _chai.expect)(isPaused).to.equal(true);\nawait (0, _execution.executeContractCallWithSigners)(_hardhat.default.Multisig, _hardhat.default.Diamond, \"toggleAssetsPaused\", [\n    [\n        this.collateral.address\n    ],\n    _testutils.Action.REPAY,\n    false,\n    0\n], [\n    this.deployer,\n    this.devTwo,\n    this.extOne\n]);\nisPaused = await _hardhat.default.Diamond.assetActionPaused(_testutils.Action.REPAY.toString(), this.collateral.address);\n(0, _chai.expect)(isPaused).to.equal(false);",
                      "err": {},
                      "uuid": "858b26e1-41d0-4e70-be74-35d9a732dc86",
                      "parentUUID": "c183a69d-7929-4e52-b1d2-fdcfc717dde5",
                      "isHook": false,
                      "skipped": false
                    },
                    {
                      "title": "can toggle action BORROW pause status on and off",
                      "fullTitle": "Safety Council #toggleAssetsPaused toggle all possible actions: DEPOSIT, WITHDRAW, REPAY, BORROW, LIQUIDATION can toggle action BORROW pause status on and off",
                      "timedOut": false,
                      "duration": 288,
                      "state": "passed",
                      "speed": "slow",
                      "pass": true,
                      "fail": false,
                      "pending": false,
                      "context": null,
                      "code": "await (0, _execution.executeContractCallWithSigners)(_hardhat.default.Multisig, _hardhat.default.Diamond, \"toggleAssetsPaused\", [\n    [\n        this.collateral.address\n    ],\n    _testutils.Action.BORROW,\n    false,\n    0\n], [\n    this.deployer,\n    this.devTwo,\n    this.extOne\n]);\nlet isPaused = await _hardhat.default.Diamond.assetActionPaused(_testutils.Action.BORROW.toString(), this.collateral.address);\n(0, _chai.expect)(isPaused).to.equal(true);\nawait (0, _execution.executeContractCallWithSigners)(_hardhat.default.Multisig, _hardhat.default.Diamond, \"toggleAssetsPaused\", [\n    [\n        this.collateral.address\n    ],\n    _testutils.Action.BORROW,\n    false,\n    0\n], [\n    this.deployer,\n    this.devTwo,\n    this.extOne\n]);\nisPaused = await _hardhat.default.Diamond.assetActionPaused(_testutils.Action.BORROW.toString(), this.collateral.address);\n(0, _chai.expect)(isPaused).to.equal(false);",
                      "err": {},
                      "uuid": "00c185c2-8973-416b-a867-b2ee1a41dbd5",
                      "parentUUID": "c183a69d-7929-4e52-b1d2-fdcfc717dde5",
                      "isHook": false,
                      "skipped": false
                    },
                    {
                      "title": "can toggle action LIQUIDATION pause status on and off",
                      "fullTitle": "Safety Council #toggleAssetsPaused toggle all possible actions: DEPOSIT, WITHDRAW, REPAY, BORROW, LIQUIDATION can toggle action LIQUIDATION pause status on and off",
                      "timedOut": false,
                      "duration": 279,
                      "state": "passed",
                      "speed": "slow",
                      "pass": true,
                      "fail": false,
                      "pending": false,
                      "context": null,
                      "code": "await (0, _execution.executeContractCallWithSigners)(_hardhat.default.Multisig, _hardhat.default.Diamond, \"toggleAssetsPaused\", [\n    [\n        this.collateral.address\n    ],\n    _testutils.Action.LIQUIDATION,\n    false,\n    0\n], [\n    this.deployer,\n    this.devTwo,\n    this.extOne\n]);\nlet isPaused = await _hardhat.default.Diamond.assetActionPaused(_testutils.Action.LIQUIDATION.toString(), this.collateral.address);\n(0, _chai.expect)(isPaused).to.equal(true);\nawait (0, _execution.executeContractCallWithSigners)(_hardhat.default.Multisig, _hardhat.default.Diamond, \"toggleAssetsPaused\", [\n    [\n        this.collateral.address\n    ],\n    _testutils.Action.LIQUIDATION,\n    false,\n    0\n], [\n    this.deployer,\n    this.devTwo,\n    this.extOne\n]);\nisPaused = await _hardhat.default.Diamond.assetActionPaused(_testutils.Action.LIQUIDATION.toString(), this.collateral.address);\n(0, _chai.expect)(isPaused).to.equal(false);",
                      "err": {},
                      "uuid": "e7c74fa7-2d5c-43ef-9446-4ed8e4f3af07",
                      "parentUUID": "c183a69d-7929-4e52-b1d2-fdcfc717dde5",
                      "isHook": false,
                      "skipped": false
                    }
                  ],
                  "suites": [],
                  "passes": [
                    "18ea010d-05ca-4447-ad25-06bab89f8bd8",
                    "a6919783-45a1-418d-b9e6-43f1ba9afab4",
                    "858b26e1-41d0-4e70-be74-35d9a732dc86",
                    "00c185c2-8973-416b-a867-b2ee1a41dbd5",
                    "e7c74fa7-2d5c-43ef-9446-4ed8e4f3af07"
                  ],
                  "failures": [],
                  "pending": [],
                  "skipped": [],
                  "duration": 1405,
                  "root": false,
                  "rootEmpty": false,
                  "_timeout": 30000
                },
                {
                  "uuid": "20541bab-403e-4d85-88f8-9702e1a92ac4",
                  "title": "event emission",
                  "fullFile": "/Users/tabishshaikh/work/kresko/kresko-protocol/src/test/safety/00-council.ts",
                  "file": "/src/test/safety/00-council.ts",
                  "beforeHooks": [],
                  "afterHooks": [],
                  "tests": [
                    {
                      "title": "should emit event MinterEvent.SafetyStateChange on action changed containing action, asset, and description",
                      "fullTitle": "Safety Council #toggleAssetsPaused event emission should emit event MinterEvent.SafetyStateChange on action changed containing action, asset, and description",
                      "timedOut": false,
                      "duration": 101,
                      "state": "passed",
                      "speed": "slow",
                      "pass": true,
                      "fail": false,
                      "pending": false,
                      "context": null,
                      "code": "const tx = await (0, _execution.executeContractCallWithSigners)(_hardhat.default.Multisig, _hardhat.default.Diamond, \"toggleAssetsPaused\", [\n    [\n        this.collateral.address\n    ],\n    _testutils.Action.DEPOSIT,\n    false,\n    0\n], [\n    this.deployer,\n    this.devTwo,\n    this.extOne\n]);\nconst event = await (0, _lib.getInternalEvent)(tx, _hardhat.default.Diamond, \"SafetyStateChange\");\n(0, _chai.expect)(event.action).to.equal(_testutils.Action.DEPOSIT);\n(0, _chai.expect)(event.asset).to.equal(this.collateral.address);\n// @ts-ignore\n(0, _chai.expect)(event.description.hash).to.equal(_hardhat.default.ethers.utils.keccak256(_hardhat.default.ethers.utils.toUtf8Bytes(\"paused\")));",
                      "err": {},
                      "uuid": "c76bc509-3adb-47cb-98dd-b379cbf36878",
                      "parentUUID": "20541bab-403e-4d85-88f8-9702e1a92ac4",
                      "isHook": false,
                      "skipped": false
                    }
                  ],
                  "suites": [],
                  "passes": [
                    "c76bc509-3adb-47cb-98dd-b379cbf36878"
                  ],
                  "failures": [],
                  "pending": [],
                  "skipped": [],
                  "duration": 101,
                  "root": false,
                  "rootEmpty": false,
                  "_timeout": 30000
                }
              ],
              "passes": [],
              "failures": [],
              "pending": [],
              "skipped": [],
              "duration": 0,
              "root": false,
              "rootEmpty": false,
              "_timeout": 30000
            }
          ],
          "passes": [],
          "failures": [],
          "pending": [],
          "skipped": [],
          "duration": 0,
          "root": false,
          "rootEmpty": false,
          "_timeout": 30000
        }
      ],
      "passes": [],
      "failures": [],
      "pending": [],
      "skipped": [],
      "duration": 0,
      "root": true,
      "rootEmpty": true,
      "_timeout": 30000
    }
  ],
  "meta": {
    "mocha": {
      "version": "10.2.0"
    },
    "mochawesome": {
      "options": {
        "quiet": false,
        "reportFilename": "mochawesome",
        "saveHtml": true,
        "saveJson": true,
        "consoleReporter": "spec",
        "useInlineDiffs": false,
        "code": true
      },
      "version": "7.1.3"
    },
    "marge": {
      "options": null,
      "version": "6.2.0"
    }
  }
}