{
  "stats": {
    "suites": 87,
    "tests": 266,
    "passes": 246,
    "pending": 18,
    "failures": 2,
    "start": "2023-09-01T23:19:57.646Z",
    "end": "2023-09-01T23:32:03.337Z",
    "duration": 725691,
    "testsRegistered": 266,
    "passPercent": 99.19354838709677,
    "pendingPercent": 6.7669172932330826,
    "other": 0,
    "hasOther": false,
    "skipped": 0,
    "hasSkipped": false
  },
  "results": [
    {
      "uuid": "c8a15eb3-fff8-4d42-bcab-f8fd8201d624",
      "title": "",
      "fullFile": "",
      "file": "",
      "beforeHooks": [],
      "afterHooks": [],
      "tests": [],
      "suites": [
        {
          "uuid": "2edd7f5b-01b1-4c1b-9bd4-b80ce97f3a8e",
          "title": "Asset Amounts & Values",
          "fullFile": "/Users/panukettunen/Projects/kresko-protocol/src/test/asset-values/00-asset-values.ts",
          "file": "/src/test/asset-values/00-asset-values.ts",
          "beforeHooks": [
            {
              "title": "\"before each\" hook in \"Asset Amounts & Values\"",
              "fullTitle": "Asset Amounts & Values \"before each\" hook in \"Asset Amounts & Values\"",
              "timedOut": false,
              "duration": 40,
              "state": null,
              "speed": null,
              "pass": false,
              "fail": false,
              "pending": false,
              "context": null,
              "code": "const fixture = await getFixture(fixtureName);\nthis.facets = fixture.facets || [];\nthis.collaterals = fixture.collaterals;\nthis.krAssets = fixture.krAssets;",
              "err": {},
              "uuid": "6dae4d12-4da9-4de0-b46d-cd424a8b6529",
              "parentUUID": "2edd7f5b-01b1-4c1b-9bd4-b80ce97f3a8e",
              "isHook": true,
              "skipped": false
            },
            {
              "title": "\"before each\" hook in \"Asset Amounts & Values\"",
              "fullTitle": "Asset Amounts & Values \"before each\" hook in \"Asset Amounts & Values\"",
              "timedOut": false,
              "duration": 6360,
              "state": null,
              "speed": null,
              "pass": false,
              "fail": false,
              "pending": false,
              "context": null,
              "code": "user = _hardhat.default.users.testUserSeven;\noracleDecimals = await _hardhat.default.Diamond.extOracleDecimals();\nKreskoAsset = await (0, _krassets.addMockKreskoAsset)({\n    name: \"KreskoAssetPrice10USD\",\n    price: collateralPrice,\n    symbol: \"KreskoAssetPrice10USD\",\n    closeFee: 0.1,\n    openFee: 0.1,\n    marketOpen: true,\n    factor: 2,\n    supplyLimit: 10\n});\nCollateralAsset = await (0, _collaterals.addMockCollateralAsset)({\n    name: \"Collateral18Dec\",\n    price: kreskoAssetPrice,\n    factor: 0.5,\n    decimals: 18\n});\nCollateralAsset8Dec = await (0, _collaterals.addMockCollateralAsset)({\n    name: \"Collateral8Dec\",\n    price: kreskoAssetPrice,\n    factor: 0.5,\n    decimals: 8\n});\nCollateralAsset21Dec = await (0, _collaterals.addMockCollateralAsset)({\n    name: \"Collateral21Dec\",\n    price: kreskoAssetPrice,\n    factor: 0.5,\n    decimals: 21\n});\nawait CollateralAsset.setBalance(user, (0, _lib.toBig)(startingBalance));\nawait CollateralAsset8Dec.setBalance(user, (0, _lib.toBig)(startingBalance, 8));\nawait CollateralAsset21Dec.setBalance(user, (0, _lib.toBig)(startingBalance, 21));\nawait CollateralAsset.contract.connect(user).approve(_hardhat.default.Diamond.address, _hardhat.default.ethers.constants.MaxUint256);\nawait CollateralAsset8Dec.contract.connect(user).approve(_hardhat.default.Diamond.address, _hardhat.default.ethers.constants.MaxUint256);\nawait CollateralAsset21Dec.contract.connect(user).approve(_hardhat.default.Diamond.address, _hardhat.default.ethers.constants.MaxUint256);",
              "err": {},
              "uuid": "db19e37e-e1cf-4e32-8f37-70a6cd61aa1c",
              "parentUUID": "2edd7f5b-01b1-4c1b-9bd4-b80ce97f3a8e",
              "isHook": true,
              "skipped": false
            }
          ],
          "afterHooks": [],
          "tests": [],
          "suites": [
            {
              "uuid": "62a1a6d2-c7ea-4939-8b73-f1c48b1d8c2c",
              "title": "#Collateral Deposit Values",
              "fullFile": "/Users/panukettunen/Projects/kresko-protocol/src/test/asset-values/00-asset-values.ts",
              "file": "/src/test/asset-values/00-asset-values.ts",
              "beforeHooks": [],
              "afterHooks": [],
              "tests": [
                {
                  "title": "should return the correct deposit value with 18 decimals",
                  "fullTitle": "Asset Amounts & Values #Collateral Deposit Values should return the correct deposit value with 18 decimals",
                  "timedOut": false,
                  "duration": 66,
                  "state": "passed",
                  "speed": "medium",
                  "pass": true,
                  "fail": false,
                  "pending": false,
                  "context": null,
                  "code": "const depositAmount = (0, _lib.toBig)(10);\nconst expectedDepositValue = (0, _lib.toBig)(50, oracleDecimals); // cfactor = 0.5, collateralPrice = 10, depositAmount = 10\nawait (0, _test.wrapContractWithSigner)(_hardhat.default.Diamond, user).depositCollateral(user.address, CollateralAsset.address, depositAmount);\nconst depositValue = await _hardhat.default.Diamond.getAccountCollateralValue(user.address);\n(0, _chai.expect)(depositValue).to.equal(expectedDepositValue);",
                  "err": {},
                  "uuid": "b3c4aa7a-ee77-4de1-91b3-e39f68367619",
                  "parentUUID": "62a1a6d2-c7ea-4939-8b73-f1c48b1d8c2c",
                  "isHook": false,
                  "skipped": false
                },
                {
                  "title": "should return the correct deposit value with less than 18 decimals",
                  "fullTitle": "Asset Amounts & Values #Collateral Deposit Values should return the correct deposit value with less than 18 decimals",
                  "timedOut": false,
                  "duration": 70,
                  "state": "passed",
                  "speed": "medium",
                  "pass": true,
                  "fail": false,
                  "pending": false,
                  "context": null,
                  "code": "const depositAmount = (0, _lib.toBig)(10, 8);\nconst expectedDepositValue = (0, _lib.toBig)(50, oracleDecimals); // cfactor = 0.5, collateralPrice = 10, depositAmount = 10\nawait (0, _test.wrapContractWithSigner)(_hardhat.default.Diamond, user).depositCollateral(user.address, CollateralAsset8Dec.address, depositAmount);\nconst depositValue = await _hardhat.default.Diamond.getAccountCollateralValue(user.address);\n(0, _chai.expect)(depositValue).to.equal(expectedDepositValue);",
                  "err": {},
                  "uuid": "ef2f7636-2e93-4fce-97e7-3c7a9dff2b33",
                  "parentUUID": "62a1a6d2-c7ea-4939-8b73-f1c48b1d8c2c",
                  "isHook": false,
                  "skipped": false
                },
                {
                  "title": "should return the correct deposit value with over 18 decimals",
                  "fullTitle": "Asset Amounts & Values #Collateral Deposit Values should return the correct deposit value with over 18 decimals",
                  "timedOut": false,
                  "duration": 70,
                  "state": "passed",
                  "speed": "medium",
                  "pass": true,
                  "fail": false,
                  "pending": false,
                  "context": null,
                  "code": "const depositAmount = (0, _lib.toBig)(10, 21);\nconst expectedDepositValue = (0, _lib.toBig)(50, oracleDecimals); // cfactor = 0.5, collateralPrice = 10, depositAmount = 10\nawait (0, _test.wrapContractWithSigner)(_hardhat.default.Diamond, user).depositCollateral(user.address, CollateralAsset21Dec.address, depositAmount);\nconst depositValue = await _hardhat.default.Diamond.getAccountCollateralValue(user.address);\n(0, _chai.expect)(depositValue).to.equal(expectedDepositValue);",
                  "err": {},
                  "uuid": "ed828237-f9c9-4da3-b715-7bc20331dc7f",
                  "parentUUID": "62a1a6d2-c7ea-4939-8b73-f1c48b1d8c2c",
                  "isHook": false,
                  "skipped": false
                },
                {
                  "title": "should return the correct deposit value combination of different decimals",
                  "fullTitle": "Asset Amounts & Values #Collateral Deposit Values should return the correct deposit value combination of different decimals",
                  "timedOut": false,
                  "duration": 166,
                  "state": "passed",
                  "speed": "slow",
                  "pass": true,
                  "fail": false,
                  "pending": false,
                  "context": null,
                  "code": "await (0, _test.wrapContractWithSigner)(_hardhat.default.Diamond, user).depositCollateral(user.address, CollateralAsset.address, (0, _lib.toBig)(10));\nawait (0, _test.wrapContractWithSigner)(_hardhat.default.Diamond, user).depositCollateral(user.address, CollateralAsset8Dec.address, (0, _lib.toBig)(10, 8));\nawait (0, _test.wrapContractWithSigner)(_hardhat.default.Diamond, user).depositCollateral(user.address, CollateralAsset21Dec.address, (0, _lib.toBig)(10, 21));\nconst expectedDepositValue = (0, _lib.toBig)(150, oracleDecimals); // cfactor = 0.5, collateralPrice = 10, depositAmount = 30\nconst depositValue = await _hardhat.default.Diamond.getAccountCollateralValue(user.address);\n(0, _chai.expect)(depositValue).to.equal(expectedDepositValue);",
                  "err": {},
                  "uuid": "8cc3b603-1053-4223-819f-197c21dfcf89",
                  "parentUUID": "62a1a6d2-c7ea-4939-8b73-f1c48b1d8c2c",
                  "isHook": false,
                  "skipped": false
                }
              ],
              "suites": [],
              "passes": [
                "b3c4aa7a-ee77-4de1-91b3-e39f68367619",
                "ef2f7636-2e93-4fce-97e7-3c7a9dff2b33",
                "ed828237-f9c9-4da3-b715-7bc20331dc7f",
                "8cc3b603-1053-4223-819f-197c21dfcf89"
              ],
              "failures": [],
              "pending": [],
              "skipped": [],
              "duration": 372,
              "root": false,
              "rootEmpty": false,
              "_timeout": 15000
            },
            {
              "uuid": "1b48d412-b05e-4f51-b1a6-805ce32ea2ad",
              "title": "#Collateral Deposit Amount",
              "fullFile": "/Users/panukettunen/Projects/kresko-protocol/src/test/asset-values/00-asset-values.ts",
              "file": "/src/test/asset-values/00-asset-values.ts",
              "beforeHooks": [],
              "afterHooks": [],
              "tests": [
                {
                  "title": "should return the correct deposit amount with 18 decimals",
                  "fullTitle": "Asset Amounts & Values #Collateral Deposit Amount should return the correct deposit amount with 18 decimals",
                  "timedOut": false,
                  "duration": 136,
                  "state": "passed",
                  "speed": "slow",
                  "pass": true,
                  "fail": false,
                  "pending": false,
                  "context": null,
                  "code": "const depositAmount = (0, _lib.toBig)(10);\nawait (0, _test.wrapContractWithSigner)(_hardhat.default.Diamond, user).depositCollateral(user.address, CollateralAsset.address, depositAmount);\nconst withdrawIndex = await _hardhat.default.Diamond.getDepositedCollateralAssetIndex(user.address, CollateralAsset.address);\nconst deposits = await _hardhat.default.Diamond.collateralDeposits(user.address, CollateralAsset.address);\n(0, _chai.expect)(deposits).to.equal(depositAmount);\nawait (0, _test.wrapContractWithSigner)(_hardhat.default.Diamond, user).withdrawCollateral(user.address, CollateralAsset.address, depositAmount, withdrawIndex);\nconst balance = await CollateralAsset.contract.balanceOf(user.address);\n(0, _chai.expect)(balance).to.equal((0, _lib.toBig)(startingBalance));",
                  "err": {},
                  "uuid": "453cc4a2-82d4-4e1c-a9af-7e9ad3b767ca",
                  "parentUUID": "1b48d412-b05e-4f51-b1a6-805ce32ea2ad",
                  "isHook": false,
                  "skipped": false
                },
                {
                  "title": "should return the correct deposit amount with less than 18 decimals",
                  "fullTitle": "Asset Amounts & Values #Collateral Deposit Amount should return the correct deposit amount with less than 18 decimals",
                  "timedOut": false,
                  "duration": 139,
                  "state": "passed",
                  "speed": "slow",
                  "pass": true,
                  "fail": false,
                  "pending": false,
                  "context": null,
                  "code": "const depositAmount = (0, _lib.toBig)(10, 8);\nawait (0, _test.wrapContractWithSigner)(_hardhat.default.Diamond, user).depositCollateral(user.address, CollateralAsset8Dec.address, depositAmount);\nconst withdrawIndex = await _hardhat.default.Diamond.getDepositedCollateralAssetIndex(user.address, CollateralAsset8Dec.address);\nconst deposits = await _hardhat.default.Diamond.collateralDeposits(user.address, CollateralAsset8Dec.address);\n(0, _chai.expect)(deposits).to.equal(depositAmount);\nawait (0, _test.wrapContractWithSigner)(_hardhat.default.Diamond, user).withdrawCollateral(user.address, CollateralAsset8Dec.address, depositAmount, withdrawIndex);\nconst balance = await CollateralAsset8Dec.contract.balanceOf(user.address);\n(0, _chai.expect)(balance).to.equal((0, _lib.toBig)(startingBalance, 8));",
                  "err": {},
                  "uuid": "936d24a5-2b74-4634-92af-0c9fb63a42e7",
                  "parentUUID": "1b48d412-b05e-4f51-b1a6-805ce32ea2ad",
                  "isHook": false,
                  "skipped": false
                },
                {
                  "title": "should return the correct deposit value with over 18 decimals",
                  "fullTitle": "Asset Amounts & Values #Collateral Deposit Amount should return the correct deposit value with over 18 decimals",
                  "timedOut": false,
                  "duration": 138,
                  "state": "passed",
                  "speed": "slow",
                  "pass": true,
                  "fail": false,
                  "pending": false,
                  "context": null,
                  "code": "const depositAmount = (0, _lib.toBig)(10, 21);\nawait (0, _test.wrapContractWithSigner)(_hardhat.default.Diamond, user).depositCollateral(user.address, CollateralAsset21Dec.address, depositAmount);\nconst withdrawIndex = await _hardhat.default.Diamond.getDepositedCollateralAssetIndex(user.address, CollateralAsset21Dec.address);\nconst deposits = await _hardhat.default.Diamond.collateralDeposits(user.address, CollateralAsset21Dec.address);\n(0, _chai.expect)(deposits).to.equal(depositAmount);\nawait (0, _test.wrapContractWithSigner)(_hardhat.default.Diamond, user).withdrawCollateral(user.address, CollateralAsset21Dec.address, depositAmount, withdrawIndex);\nconst balance = await CollateralAsset21Dec.contract.balanceOf(user.address);\n(0, _chai.expect)(balance).to.equal((0, _lib.toBig)(startingBalance, 21));",
                  "err": {},
                  "uuid": "75a1dc5e-adb0-42f4-98e0-ecd509ead23b",
                  "parentUUID": "1b48d412-b05e-4f51-b1a6-805ce32ea2ad",
                  "isHook": false,
                  "skipped": false
                }
              ],
              "suites": [],
              "passes": [
                "453cc4a2-82d4-4e1c-a9af-7e9ad3b767ca",
                "936d24a5-2b74-4634-92af-0c9fb63a42e7",
                "75a1dc5e-adb0-42f4-98e0-ecd509ead23b"
              ],
              "failures": [],
              "pending": [],
              "skipped": [],
              "duration": 413,
              "root": false,
              "rootEmpty": false,
              "_timeout": 15000
            },
            {
              "uuid": "2798f512-dc0e-4ce0-9053-65d213ac5850",
              "title": "#Kresko Asset Debt Values",
              "fullFile": "/Users/panukettunen/Projects/kresko-protocol/src/test/asset-values/00-asset-values.ts",
              "file": "/src/test/asset-values/00-asset-values.ts",
              "beforeHooks": [],
              "afterHooks": [],
              "tests": [
                {
                  "title": "should return the correct debt value (+CR) with 18 decimal collateral",
                  "fullTitle": "Asset Amounts & Values #Kresko Asset Debt Values should return the correct debt value (+CR) with 18 decimal collateral",
                  "timedOut": false,
                  "duration": 401,
                  "state": "passed",
                  "speed": "slow",
                  "pass": true,
                  "fail": false,
                  "pending": false,
                  "context": null,
                  "code": "const depositAmount = (0, _lib.toBig)(10);\nawait (0, _test.wrapContractWithSigner)(_hardhat.default.Diamond, user).depositCollateral(user.address, CollateralAsset.address, depositAmount);\nconst mintAmount = (0, _lib.toBig)(1);\nconst expectedMintValue = (0, _lib.toBig)(20, oracleDecimals); // kFactor = 2, krAssetPrice = 10, mintAmount = 1, openFee = 0.1\nawait (0, _test.wrapContractWithSigner)(_hardhat.default.Diamond, user).mintKreskoAsset(user.address, KreskoAsset.address, mintAmount);\nconst expectedDepositValue = (0, _lib.toBig)(49.5, oracleDecimals); // cfactor = 0.5, collateralPrice = 10, depositAmount = 10, openFee = 0.1\nconst depositValue = await _hardhat.default.Diamond.getAccountCollateralValue(user.address);\n(0, _chai.expect)(depositValue).to.equal(expectedDepositValue);\nconst mintValue = await _hardhat.default.Diamond.getAccountKrAssetValue(user.address);\n(0, _chai.expect)(mintValue).to.equal(expectedMintValue);\nconst assetValue = await _hardhat.default.Diamond.getKrAssetValue(KreskoAsset.address, mintAmount, true);\nconst kFactor = (await _hardhat.default.Diamond.kreskoAsset(KreskoAsset.address)).kFactor;\n(0, _chai.expect)(assetValue).to.equal(expectedMintValue.wadDiv(kFactor));\nconst collateralRatio = await (0, _liquidations.getCR)(user.address, true); // big\n(0, _chai.expect)(collateralRatio).to.equal(expectedDepositValue.wadDiv(expectedMintValue)); // 2.475",
                  "err": {},
                  "uuid": "1c2db8c4-147d-46ee-9e15-f90b40aa1e1a",
                  "parentUUID": "2798f512-dc0e-4ce0-9053-65d213ac5850",
                  "isHook": false,
                  "skipped": false
                },
                {
                  "title": "should return the correct debt value (+CR) with less than 18 decimal collateral",
                  "fullTitle": "Asset Amounts & Values #Kresko Asset Debt Values should return the correct debt value (+CR) with less than 18 decimal collateral",
                  "timedOut": false,
                  "duration": 419,
                  "state": "passed",
                  "speed": "slow",
                  "pass": true,
                  "fail": false,
                  "pending": false,
                  "context": null,
                  "code": "const depositAmount = (0, _lib.toBig)(10, 8);\nawait (0, _test.wrapContractWithSigner)(_hardhat.default.Diamond, user).depositCollateral(user.address, CollateralAsset8Dec.address, depositAmount);\nconst mintAmount = (0, _lib.toBig)(1);\nconst expectedMintValue = (0, _lib.toBig)(20, oracleDecimals); // kFactor = 2, krAssetPrice = 10, mintAmount = 1, openFee = 0.1\nawait (0, _test.wrapContractWithSigner)(_hardhat.default.Diamond, user).mintKreskoAsset(user.address, KreskoAsset.address, mintAmount);\nconst expectedDepositValue = (0, _lib.toBig)(49.5, oracleDecimals); // cfactor = 0.5, collateralPrice = 10, depositAmount = 10, openFee = 0.1\nconst depositValue = await _hardhat.default.Diamond.getAccountCollateralValue(user.address);\n(0, _chai.expect)(depositValue).to.equal(expectedDepositValue);\nconst mintValue = await _hardhat.default.Diamond.getAccountKrAssetValue(user.address);\n(0, _chai.expect)(mintValue).to.equal(expectedMintValue);\nconst assetValue = await _hardhat.default.Diamond.getKrAssetValue(KreskoAsset.address, mintAmount, true);\nconst kFactor = (await _hardhat.default.Diamond.kreskoAsset(KreskoAsset.address)).kFactor;\n(0, _chai.expect)(assetValue).to.equal(expectedMintValue.wadDiv(kFactor));\nconst collateralRatio = await (0, _liquidations.getCR)(user.address, true); // big\n(0, _chai.expect)(collateralRatio).to.equal(expectedDepositValue.wadDiv(expectedMintValue)); // 2.475",
                  "err": {},
                  "uuid": "2c146fbf-59dd-48e4-b11e-ad72b0b5e14c",
                  "parentUUID": "2798f512-dc0e-4ce0-9053-65d213ac5850",
                  "isHook": false,
                  "skipped": false
                },
                {
                  "title": "should return the correct debt value (+CR) with more than 18 decimal collateral",
                  "fullTitle": "Asset Amounts & Values #Kresko Asset Debt Values should return the correct debt value (+CR) with more than 18 decimal collateral",
                  "timedOut": false,
                  "duration": 440,
                  "state": "passed",
                  "speed": "slow",
                  "pass": true,
                  "fail": false,
                  "pending": false,
                  "context": null,
                  "code": "const depositAmount = (0, _lib.toBig)(10, 21);\nawait (0, _test.wrapContractWithSigner)(_hardhat.default.Diamond, user).depositCollateral(user.address, CollateralAsset21Dec.address, depositAmount);\nconst mintAmount = (0, _lib.toBig)(1);\nconst expectedMintValue = (0, _lib.toBig)(20, oracleDecimals); // kFactor = 2, krAssetPrice = 10, mintAmount = 1, openFee = 0.1\nawait (0, _test.wrapContractWithSigner)(_hardhat.default.Diamond, user).mintKreskoAsset(user.address, KreskoAsset.address, mintAmount);\nconst expectedDepositValue = (0, _lib.toBig)(49.5, oracleDecimals); // cfactor = 0.5, collateralPrice = 10, depositAmount = 10, openFee = 0.1\nconst depositValue = await _hardhat.default.Diamond.getAccountCollateralValue(user.address);\n(0, _chai.expect)(depositValue).to.equal(expectedDepositValue);\nconst mintValue = await _hardhat.default.Diamond.getAccountKrAssetValue(user.address);\n(0, _chai.expect)(mintValue).to.equal(expectedMintValue);\nconst assetValue = await _hardhat.default.Diamond.getKrAssetValue(KreskoAsset.address, mintAmount, true);\nconst kFactor = (await _hardhat.default.Diamond.kreskoAsset(KreskoAsset.address)).kFactor;\n(0, _chai.expect)(assetValue).to.equal(expectedMintValue.wadDiv(kFactor));\nconst collateralRatio = await (0, _liquidations.getCR)(user.address, true); // big\n(0, _chai.expect)(collateralRatio).to.equal(expectedDepositValue.wadDiv(expectedMintValue)); // 2.475",
                  "err": {},
                  "uuid": "c55050c6-f8d9-4353-962c-d9e59e3ada10",
                  "parentUUID": "2798f512-dc0e-4ce0-9053-65d213ac5850",
                  "isHook": false,
                  "skipped": false
                }
              ],
              "suites": [],
              "passes": [
                "1c2db8c4-147d-46ee-9e15-f90b40aa1e1a",
                "2c146fbf-59dd-48e4-b11e-ad72b0b5e14c",
                "c55050c6-f8d9-4353-962c-d9e59e3ada10"
              ],
              "failures": [],
              "pending": [],
              "skipped": [],
              "duration": 1260,
              "root": false,
              "rootEmpty": false,
              "_timeout": 15000
            }
          ],
          "passes": [],
          "failures": [],
          "pending": [],
          "skipped": [],
          "duration": 0,
          "root": false,
          "rootEmpty": false,
          "_timeout": 15000
        },
        {
          "uuid": "04f3aede-2170-4067-a44d-c7141f95c40a",
          "title": "Diamond",
          "fullFile": "/Users/panukettunen/Projects/kresko-protocol/src/test/diamond/00-init.ts",
          "file": "/src/test/diamond/00-init.ts",
          "beforeHooks": [
            {
              "title": "\"before each\" hook in \"Diamond\"",
              "fullTitle": "Diamond \"before each\" hook in \"Diamond\"",
              "timedOut": false,
              "duration": 40,
              "state": null,
              "speed": null,
              "pass": false,
              "fail": false,
              "pending": false,
              "context": null,
              "code": "const fixture = await getFixture(fixtureName);\nthis.facets = fixture.facets || [];\nthis.collaterals = fixture.collaterals;\nthis.krAssets = fixture.krAssets;",
              "err": {},
              "uuid": "ebfbedde-8edd-4dbb-bd54-9b77d7d76eec",
              "parentUUID": "04f3aede-2170-4067-a44d-c7141f95c40a",
              "isHook": true,
              "skipped": false
            }
          ],
          "afterHooks": [],
          "tests": [],
          "suites": [
            {
              "uuid": "b64a9d9e-f41d-45a1-a30d-3774752ad4ab",
              "title": "#initialization",
              "fullFile": "/Users/panukettunen/Projects/kresko-protocol/src/test/diamond/00-init.ts",
              "file": "/src/test/diamond/00-init.ts",
              "beforeHooks": [],
              "afterHooks": [],
              "tests": [
                {
                  "title": "sets correct state",
                  "fullTitle": "Diamond #initialization sets correct state",
                  "timedOut": false,
                  "duration": 40,
                  "state": "passed",
                  "speed": "medium",
                  "pass": true,
                  "fail": false,
                  "pending": false,
                  "context": null,
                  "code": "(0, _chai.expect)(await _hardhat.default.Diamond.owner()).to.equal(_hardhat.default.users.deployer.address);\n(0, _chai.expect)(await _hardhat.default.Diamond.initialized()).to.equal(true);",
                  "err": {},
                  "uuid": "3eacb8b2-bbf4-4dac-a799-b702c8ac23ec",
                  "parentUUID": "b64a9d9e-f41d-45a1-a30d-3774752ad4ab",
                  "isHook": false,
                  "skipped": false
                },
                {
                  "title": "sets standard facet addresses",
                  "fullTitle": "Diamond #initialization sets standard facet addresses",
                  "timedOut": false,
                  "duration": 66,
                  "state": "passed",
                  "speed": "medium",
                  "pass": true,
                  "fail": false,
                  "pending": false,
                  "context": null,
                  "code": "const facetAddressesOnChain = (await _hardhat.default.Diamond.facets()).map((f)=>f.facetAddress);\nconst facetAddressesArtifact = this.facets.map((f)=>f.facetAddress);\n(0, _chai.expect)(facetAddressesOnChain.length).to.equal(facetAddressesArtifact.length);\n(0, _chai.expect)(facetAddressesOnChain).to.have.members(facetAddressesArtifact);",
                  "err": {},
                  "uuid": "6df9c23d-c3e8-449d-8c9e-29eec9462d23",
                  "parentUUID": "b64a9d9e-f41d-45a1-a30d-3774752ad4ab",
                  "isHook": false,
                  "skipped": false
                },
                {
                  "title": "sets selectors of standard facets",
                  "fullTitle": "Diamond #initialization sets selectors of standard facets",
                  "timedOut": false,
                  "duration": 67,
                  "state": "passed",
                  "speed": "medium",
                  "pass": true,
                  "fail": false,
                  "pending": false,
                  "context": null,
                  "code": "const facetsSelectorsOnChain = (await _hardhat.default.Diamond.facets()).flatMap((f)=>f.functionSelectors);\nconst facetSelectorsOnArtifact = this.facets.flatMap((f)=>f.functionSelectors);\n(0, _chai.expect)(facetsSelectorsOnChain.length).to.equal(facetSelectorsOnArtifact.length);\n(0, _chai.expect)(facetsSelectorsOnChain).to.have.members(facetSelectorsOnArtifact);",
                  "err": {},
                  "uuid": "e19796b4-fbdd-45c0-83fd-ddb573587b3c",
                  "parentUUID": "b64a9d9e-f41d-45a1-a30d-3774752ad4ab",
                  "isHook": false,
                  "skipped": false
                }
              ],
              "suites": [],
              "passes": [
                "3eacb8b2-bbf4-4dac-a799-b702c8ac23ec",
                "6df9c23d-c3e8-449d-8c9e-29eec9462d23",
                "e19796b4-fbdd-45c0-83fd-ddb573587b3c"
              ],
              "failures": [],
              "pending": [],
              "skipped": [],
              "duration": 173,
              "root": false,
              "rootEmpty": false,
              "_timeout": 15000
            }
          ],
          "passes": [],
          "failures": [],
          "pending": [],
          "skipped": [],
          "duration": 0,
          "root": false,
          "rootEmpty": false,
          "_timeout": 15000
        },
        {
          "uuid": "39b59b91-bb89-450b-83b8-ac280b7247b4",
          "title": "Diamond",
          "fullFile": "/Users/panukettunen/Projects/kresko-protocol/src/test/diamond/01-ownership.ts",
          "file": "/src/test/diamond/01-ownership.ts",
          "beforeHooks": [
            {
              "title": "\"before each\" hook in \"Diamond\"",
              "fullTitle": "Diamond \"before each\" hook in \"Diamond\"",
              "timedOut": false,
              "duration": 42,
              "state": null,
              "speed": null,
              "pass": false,
              "fail": false,
              "pending": false,
              "context": null,
              "code": "const fixture = await getFixture(fixtureName);\nthis.facets = fixture.facets || [];\nthis.collaterals = fixture.collaterals;\nthis.krAssets = fixture.krAssets;",
              "err": {},
              "uuid": "7ad52281-fba5-41a9-9edb-df5c9be20917",
              "parentUUID": "39b59b91-bb89-450b-83b8-ac280b7247b4",
              "isHook": true,
              "skipped": false
            }
          ],
          "afterHooks": [],
          "tests": [],
          "suites": [
            {
              "uuid": "d17aa3d2-9e0a-4980-8423-b41ce53071ca",
              "title": "#ownership",
              "fullFile": "/Users/panukettunen/Projects/kresko-protocol/src/test/diamond/01-ownership.ts",
              "file": "/src/test/diamond/01-ownership.ts",
              "beforeHooks": [],
              "afterHooks": [],
              "tests": [
                {
                  "title": "sets correct owner",
                  "fullTitle": "Diamond #ownership sets correct owner",
                  "timedOut": false,
                  "duration": 18,
                  "state": "passed",
                  "speed": "fast",
                  "pass": true,
                  "fail": false,
                  "pending": false,
                  "context": null,
                  "code": "(0, _chai.expect)(await _hardhat.default.Diamond.owner()).to.equal(_hardhat.default.addr.deployer);",
                  "err": {},
                  "uuid": "6a56539b-903e-4ff0-af11-97c0c8c96d89",
                  "parentUUID": "d17aa3d2-9e0a-4980-8423-b41ce53071ca",
                  "isHook": false,
                  "skipped": false
                },
                {
                  "title": "sets correct default admin role",
                  "fullTitle": "Diamond #ownership sets correct default admin role",
                  "timedOut": false,
                  "duration": 20,
                  "state": "passed",
                  "speed": "fast",
                  "pass": true,
                  "fail": false,
                  "pending": false,
                  "context": null,
                  "code": "(0, _chai.expect)(await _hardhat.default.Diamond.hasRole(_test.Role.ADMIN, _hardhat.default.addr.deployer)).to.equal(true);",
                  "err": {},
                  "uuid": "a0fbbc31-367d-44f8-934d-0e6de85e2470",
                  "parentUUID": "d17aa3d2-9e0a-4980-8423-b41ce53071ca",
                  "isHook": false,
                  "skipped": false
                },
                {
                  "title": "sets a new pending owner",
                  "fullTitle": "Diamond #ownership sets a new pending owner",
                  "timedOut": false,
                  "duration": 43,
                  "state": "passed",
                  "speed": "medium",
                  "pass": true,
                  "fail": false,
                  "pending": false,
                  "context": null,
                  "code": "const pendingOwner = _hardhat.default.users.userOne;\nawait _hardhat.default.Diamond.transferOwnership(pendingOwner.address);\n(0, _chai.expect)(await _hardhat.default.Diamond.pendingOwner()).to.equal(pendingOwner.address);",
                  "err": {},
                  "uuid": "0b29b5a0-1582-4358-8f99-d792ed30cce7",
                  "parentUUID": "d17aa3d2-9e0a-4980-8423-b41ce53071ca",
                  "isHook": false,
                  "skipped": false
                },
                {
                  "title": "sets the pending owner as new owner",
                  "fullTitle": "Diamond #ownership sets the pending owner as new owner",
                  "timedOut": false,
                  "duration": 68,
                  "state": "passed",
                  "speed": "medium",
                  "pass": true,
                  "fail": false,
                  "pending": false,
                  "context": null,
                  "code": "const pendingOwner = _hardhat.default.users.userOne;\nawait _hardhat.default.Diamond.transferOwnership(pendingOwner.address);\nawait (0, _test.wrapContractWithSigner)(_hardhat.default.Diamond, pendingOwner).acceptOwnership();\n(0, _chai.expect)(await _hardhat.default.Diamond.owner()).to.equal(pendingOwner.address);",
                  "err": {},
                  "uuid": "58d3425b-26a1-48d6-b221-5a520f95755b",
                  "parentUUID": "d17aa3d2-9e0a-4980-8423-b41ce53071ca",
                  "isHook": false,
                  "skipped": false
                }
              ],
              "suites": [],
              "passes": [
                "6a56539b-903e-4ff0-af11-97c0c8c96d89",
                "a0fbbc31-367d-44f8-934d-0e6de85e2470",
                "0b29b5a0-1582-4358-8f99-d792ed30cce7",
                "58d3425b-26a1-48d6-b221-5a520f95755b"
              ],
              "failures": [],
              "pending": [],
              "skipped": [],
              "duration": 149,
              "root": false,
              "rootEmpty": false,
              "_timeout": 15000
            }
          ],
          "passes": [],
          "failures": [],
          "pending": [],
          "skipped": [],
          "duration": 0,
          "root": false,
          "rootEmpty": false,
          "_timeout": 15000
        },
        {
          "uuid": "3262d90e-b542-431e-a2f4-482875960db1",
          "title": "Diamond",
          "fullFile": "/Users/panukettunen/Projects/kresko-protocol/src/test/diamond/02-upgrades.ts",
          "file": "/src/test/diamond/02-upgrades.ts",
          "beforeHooks": [
            {
              "title": "\"before each\" hook in \"Diamond\"",
              "fullTitle": "Diamond \"before each\" hook in \"Diamond\"",
              "timedOut": false,
              "duration": 42,
              "state": null,
              "speed": null,
              "pass": false,
              "fail": false,
              "pending": false,
              "context": null,
              "code": "const fixture = await getFixture(fixtureName);\nthis.facets = fixture.facets || [];\nthis.collaterals = fixture.collaterals;\nthis.krAssets = fixture.krAssets;",
              "err": {},
              "uuid": "ee5ae2fe-087b-45e4-87eb-8894d34f91cb",
              "parentUUID": "3262d90e-b542-431e-a2f4-482875960db1",
              "isHook": true,
              "skipped": false
            }
          ],
          "afterHooks": [],
          "tests": [],
          "suites": [
            {
              "uuid": "a24930b6-7d07-40a5-b02f-2d6c70affe0c",
              "title": "#upgrades",
              "fullFile": "/Users/panukettunen/Projects/kresko-protocol/src/test/diamond/02-upgrades.ts",
              "file": "/src/test/diamond/02-upgrades.ts",
              "beforeHooks": [],
              "afterHooks": [],
              "tests": [
                {
                  "title": "can add a new facet",
                  "fullTitle": "Diamond #upgrades can add a new facet",
                  "timedOut": false,
                  "duration": 886,
                  "state": "passed",
                  "speed": "slow",
                  "pass": true,
                  "fail": false,
                  "pending": false,
                  "context": null,
                  "code": "const Factory = await _smock.smock.mock(\"SmockFacet\");\nconst SmockFacet = await Factory.deploy();\nconst [SmockInitializer] = await _hardhat.default.deploy(\"SmockInit\");\nconst signatures = _hardhat.default.getSignatures([\n    ..._typechain.SmockFacet__factory.abi\n]);\nconst Cut = {\n    facetAddress: SmockFacet.address,\n    functionSelectors: signatures,\n    action: _types.FacetCutAction.Add\n};\nconst initData = await SmockInitializer.populateTransaction.initialize(_hardhat.default.addr.userOne);\nawait _hardhat.default.Diamond.diamondCut([\n    Cut\n], initData.to, initData.data);\nconst TEST_OPERATOR_ROLE = _hardhat.default.ethers.utils.id(\"kresko.test.operator\");\nconst isTestOperator = await _hardhat.default.Diamond.hasRole(TEST_OPERATOR_ROLE, _hardhat.default.addr.userOne);\n// Succesfully added the new operator through the initialization contract\n(0, _chai.expect)(isTestOperator).to.equal(true);\nconst Facet = await _hardhat.default.ethers.getContractAt([\n    ..._typechain.SmockFacet__factory.abi\n], _hardhat.default.Diamond.address);\n// Ensure facet has it's own storage\nconst operatorFromNewStorage = await Facet.operator(); // Retrieved from SmockStorage\n(0, _chai.expect)(operatorFromNewStorage).to.equal(_hardhat.default.addr.userOne);",
                  "err": {},
                  "uuid": "c9384518-bca3-4f7c-a652-85d71e050976",
                  "parentUUID": "a24930b6-7d07-40a5-b02f-2d6c70affe0c",
                  "isHook": false,
                  "skipped": false
                },
                {
                  "title": "can remove a facet",
                  "fullTitle": "Diamond #upgrades can remove a facet",
                  "timedOut": false,
                  "duration": 595,
                  "state": "passed",
                  "speed": "slow",
                  "pass": true,
                  "fail": false,
                  "pending": false,
                  "context": null,
                  "code": "const NewFacet = await (0, _addfacet.addFacet)({\n    name: \"SmockFacet\",\n    initializerName: \"SmockInit\",\n    initializerArgs: _hardhat.default.addr.userOne\n});\nconst facetsBefore = await _hardhat.default.Diamond.facets();\n(0, _chai.expect)(facetsBefore.filter((f)=>f.facetAddress === NewFacet.address).length).to.equal(1);\nawait (0, _removefacet.removeFacet)({\n    name: \"SmockFacet\"\n});\nconst facetsAfter = await _hardhat.default.Diamond.facets();\n(0, _chai.expect)(facetsBefore.length - facetsAfter.length).to.equal(1);\n(0, _chai.expect)(facetsAfter).to.not.deep.contain(NewFacet.address);",
                  "err": {},
                  "uuid": "0d09a6e3-e14e-4353-8e9c-79770b63f259",
                  "parentUUID": "a24930b6-7d07-40a5-b02f-2d6c70affe0c",
                  "isHook": false,
                  "skipped": false
                },
                {
                  "title": "can remove a function",
                  "fullTitle": "Diamond #upgrades can remove a function",
                  "timedOut": false,
                  "duration": 209,
                  "state": "passed",
                  "speed": "slow",
                  "pass": true,
                  "fail": false,
                  "pending": false,
                  "context": null,
                  "code": "// Delete acceptOwnership from DiamondOwnershipFacet\n// Check there is no pending owner\nlet pendingOwner = await _hardhat.default.Diamond.pendingOwner();\n(0, _chai.expect)(pendingOwner).to.equal(_hardhat.default.ethers.constants.AddressZero);\n// Transfer to eg. wrong address\nconst wrongOwner = _hardhat.default.addr.nonadmin;\nawait _hardhat.default.Diamond.transferOwnership(wrongOwner);\n// Ensure\npendingOwner = await _hardhat.default.Diamond.pendingOwner();\n(0, _chai.expect)(pendingOwner).to.equal(wrongOwner);\n// Fragment and signature for acceptOwnersip\nconst functionFragment = _hardhat.default.Diamond.interface.functions[\"acceptOwnership()\"];\nconst signature = _hardhat.default.ethers.utils.Interface.getSighash(functionFragment);\nconst facetAddress = await _hardhat.default.Diamond.facetAddress(signature);\nconst functions = await _hardhat.default.Diamond.facetFunctionSelectors(facetAddress);\nconst Cut = {\n    facetAddress: _hardhat.default.ethers.constants.AddressZero,\n    action: _types.FacetCutAction.Remove,\n    functionSelectors: [\n        signature\n    ]\n};\n// We will set a correct owner with delegatecall into the Diamond itself with the cut transaction\nconst correctOwner = _hardhat.default.addr.userOne;\nconst initData = await _hardhat.default.Diamond.populateTransaction.transferOwnership(correctOwner);\nconst tx = await _hardhat.default.Diamond.diamondCut([\n    Cut\n], initData.to, initData.data);\nawait tx.wait();\n// Ensure rest of the functions remain\nconst functionsAfterCut = await _hardhat.default.Diamond.facetFunctionSelectors(facetAddress);\n(0, _chai.expect)(functionsAfterCut.length).to.equal(functions.length - 1);\n// Ensure delegatecall did set the correct pending owner with the cut\nconst contract = await _hardhat.default.ethers.getContractAt(\"AuthEvent\", _hardhat.default.Diamond.address);\nconst filter = contract.filters.PendingOwnershipTransfer(_hardhat.default.addr.deployer, correctOwner);\nconst [event] = await contract.queryFilter(filter);\nconst { previousOwner , newOwner  } = event.args;\n(0, _chai.expect)(previousOwner).to.equal(_hardhat.default.addr.deployer);\n(0, _chai.expect)(newOwner).to.equal(correctOwner);\n// Ensure there is no function to accept the ownership\nawait (0, _chai.expect)((0, _test.wrapContractWithSigner)(_hardhat.default.Diamond, _hardhat.default.users.nonadmin).acceptOwnership()).to.be.revertedWith(_test.Error.DIAMOND_INVALID_FUNCTION_SIGNATURE);",
                  "err": {},
                  "uuid": "e2698644-a538-4624-92ae-b6aa947efec3",
                  "parentUUID": "a24930b6-7d07-40a5-b02f-2d6c70affe0c",
                  "isHook": false,
                  "skipped": false
                },
                {
                  "title": "can replace a function",
                  "fullTitle": "Diamond #upgrades can replace a function",
                  "timedOut": false,
                  "duration": 262,
                  "state": "passed",
                  "speed": "slow",
                  "pass": true,
                  "fail": false,
                  "pending": false,
                  "context": null,
                  "code": "// Same as above but instead replace the function\n// Check there is no pending owner\nlet pendingOwner = await _hardhat.default.Diamond.pendingOwner();\n(0, _chai.expect)(pendingOwner).to.equal(_hardhat.default.ethers.constants.AddressZero);\n// Transfer to eg. wrong address\nconst wrongOwner = _hardhat.default.addr.nonadmin;\nawait _hardhat.default.Diamond.transferOwnership(wrongOwner);\n// Ensure\npendingOwner = await _hardhat.default.Diamond.pendingOwner();\n(0, _chai.expect)(pendingOwner).to.equal(wrongOwner);\n// Fragment and signature for acceptOwnersip\nconst functionFragment = _hardhat.default.Diamond.interface.functions[\"acceptOwnership()\"];\nconst signature = _hardhat.default.ethers.utils.Interface.getSighash(functionFragment);\nconst OldOwnershipFacet = await _hardhat.default.Diamond.facetAddress(signature);\nconst [NewOwnershipFacet, allOwnershipFacetSignatures] = await _hardhat.default.deploy(\"DiamondOwnershipFacet\", {\n    deploymentName: \"DiamondOwnershipFacet2\"\n});\n// Only replace a single function, we could replace all of them\nconst Cut = {\n    facetAddress: NewOwnershipFacet.address,\n    action: _types.FacetCutAction.Replace,\n    functionSelectors: [\n        signature\n    ]\n};\n// We will set a correct owner with delegatecall into the Diamond itself with the cut transaction\nconst correctOwner = _hardhat.default.addr.userOne;\nconst initData = await _hardhat.default.Diamond.populateTransaction.transferOwnership(correctOwner);\nconst tx = await _hardhat.default.Diamond.diamondCut([\n    Cut\n], initData.to, initData.data);\nawait tx.wait();\n// Ensure function exists and revert is for invalid address instead of missing function\nawait (0, _chai.expect)((0, _test.wrapContractWithSigner)(_hardhat.default.Diamond, _hardhat.default.users.nonadmin).acceptOwnership()).to.be.revertedWith(_test.Error.DIAMOND_INVALID_PENDING_OWNER);\n// Ensure one function is contained in the new facet\nconst functionsNewFacet = await _hardhat.default.Diamond.facetFunctionSelectors(NewOwnershipFacet.address);\n(0, _chai.expect)(functionsNewFacet.length).to.equal(1);\n(0, _chai.expect)(functionsNewFacet).to.have.members([\n    signature\n]);\n// Ensure rest are in the previous one\nconst functionsOldFacet = await _hardhat.default.Diamond.facetFunctionSelectors(OldOwnershipFacet);\n(0, _chai.expect)(functionsOldFacet).to.not.have.members([\n    signature\n]);\n(0, _chai.expect)(functionsOldFacet.length).to.equal(allOwnershipFacetSignatures.length - 1);\n// Ensure correct owner can now accept the ownership\n(0, _chai.expect)((0, _test.wrapContractWithSigner)(_hardhat.default.Diamond, _hardhat.default.users.userOne).acceptOwnership());\nconst currentOwner = await _hardhat.default.Diamond.owner();\n(0, _chai.expect)(currentOwner).to.equal(correctOwner);",
                  "err": {},
                  "uuid": "cc4dc653-11fd-4f3e-8675-ba332f01fbe7",
                  "parentUUID": "a24930b6-7d07-40a5-b02f-2d6c70affe0c",
                  "isHook": false,
                  "skipped": false
                },
                {
                  "title": "can upgrade state",
                  "fullTitle": "Diamond #upgrades can upgrade state",
                  "timedOut": false,
                  "duration": 737,
                  "state": "passed",
                  "speed": "slow",
                  "pass": true,
                  "fail": false,
                  "pending": false,
                  "context": null,
                  "code": "(0, _chai.expect)(await _hardhat.default.Diamond.initialized()).to.equal(true);\nconst Factory = await _smock.smock.mock(\"SmockInit\");\nconst SmockInit = await Factory.deploy();\nconst tx = await SmockInit.populateTransaction.upgradeState();\nawait _hardhat.default.Diamond.upgradeState(tx.to, tx.data);\n(0, _chai.expect)(await _hardhat.default.Diamond.initialized()).to.equal(false);",
                  "err": {},
                  "uuid": "f83c773d-23e5-474a-8b8e-cdfff685ae03",
                  "parentUUID": "a24930b6-7d07-40a5-b02f-2d6c70affe0c",
                  "isHook": false,
                  "skipped": false
                },
                {
                  "title": "can preserve old state when extending storage layout",
                  "fullTitle": "Diamond #upgrades can preserve old state when extending storage layout",
                  "timedOut": false,
                  "duration": 1510,
                  "state": "passed",
                  "speed": "slow",
                  "pass": true,
                  "fail": false,
                  "pending": false,
                  "context": null,
                  "code": "(0, _chai.expect)(await _hardhat.default.Diamond.initialized()).to.equal(true);\n// Add the first facet\nconst Factory = await _smock.smock.mock(\"SmockFacet\");\nconst SmockFacet = await Factory.deploy();\nconst [SmockInitializer] = await _hardhat.default.deploy(\"SmockInit\");\nconst signatures = _hardhat.default.getSignatures([\n    ..._typechain.SmockFacet__factory.abi\n]);\nconst Cut = {\n    facetAddress: SmockFacet.address,\n    functionSelectors: signatures,\n    action: _types.FacetCutAction.Add\n};\nconst initData = await SmockInitializer.populateTransaction.initialize(_hardhat.default.addr.userOne);\nawait _hardhat.default.Diamond.diamondCut([\n    Cut\n], initData.to, initData.data);\nconst Diamond = await _hardhat.default.ethers.getContractAt(\"SmockFacet\", _hardhat.default.Diamond.address);\nconst isInitialized = await Diamond.smockInitialized();\n(0, _chai.expect)(isInitialized).to.equal(true);\n// Add facet with extended state\n// Add the first facet\nconst Factory2 = await _smock.smock.mock(\"SmockFacet2\");\nconst SmockFacet2 = await Factory2.deploy();\nconst signatures2 = _hardhat.default.getSignatures([\n    ..._typechain.SmockFacet2__factory.abi\n]);\nconst Cut2 = {\n    facetAddress: SmockFacet2.address,\n    functionSelectors: signatures2,\n    action: _types.FacetCutAction.Add\n};\n// Initializer only sets the new extended value, does not touch old storage\nconst initData2 = await SmockFacet2.populateTransaction.initialize();\nawait _hardhat.default.Diamond.diamondCut([\n    Cut2\n], initData2.to, initData2.data);\n// Here we have appended the storage layout with the `extended` bool property.\nconst DiamondExtended = await _hardhat.default.ethers.getContractAt(\"SmockFacet2\", _hardhat.default.Diamond.address);\nconst initializedAfterExtend = await DiamondExtended.getOldStructValueFromExtended();\nconst extendedValue = await DiamondExtended.getNewStructValueFromExtended();\n// Old values remain\n(0, _chai.expect)(initializedAfterExtend).to.equal(true);\n// And we get new ones\n(0, _chai.expect)(extendedValue).to.equal(true);",
                  "err": {},
                  "uuid": "652f6e38-eaa2-4079-93a3-09cc1bca300b",
                  "parentUUID": "a24930b6-7d07-40a5-b02f-2d6c70affe0c",
                  "isHook": false,
                  "skipped": false
                }
              ],
              "suites": [],
              "passes": [
                "c9384518-bca3-4f7c-a652-85d71e050976",
                "0d09a6e3-e14e-4353-8e9c-79770b63f259",
                "e2698644-a538-4624-92ae-b6aa947efec3",
                "cc4dc653-11fd-4f3e-8675-ba332f01fbe7",
                "f83c773d-23e5-474a-8b8e-cdfff685ae03",
                "652f6e38-eaa2-4079-93a3-09cc1bca300b"
              ],
              "failures": [],
              "pending": [],
              "skipped": [],
              "duration": 4199,
              "root": false,
              "rootEmpty": false,
              "_timeout": 15000
            }
          ],
          "passes": [],
          "failures": [],
          "pending": [],
          "skipped": [],
          "duration": 0,
          "root": false,
          "rootEmpty": false,
          "_timeout": 15000
        },
        {
          "uuid": "f51da98e-e12b-4b81-9680-79850fa80487",
          "title": "Forking",
          "fullFile": "/Users/panukettunen/Projects/kresko-protocol/src/test/forking/00-setup.ts",
          "file": "/src/test/forking/00-setup.ts",
          "beforeHooks": [],
          "afterHooks": [],
          "tests": [],
          "suites": [
            {
              "uuid": "3475dd30-af21-4f43-ae80-065cb1440f92",
              "title": "#setup",
              "fullFile": "/Users/panukettunen/Projects/kresko-protocol/src/test/forking/00-setup.ts",
              "file": "/src/test/forking/00-setup.ts",
              "beforeHooks": [],
              "afterHooks": [],
              "tests": [
                {
                  "title": "should get Kresko from the companion network locally",
                  "fullTitle": "Forking #setup should get Kresko from the companion network locally",
                  "timedOut": false,
                  "duration": 0,
                  "state": "pending",
                  "speed": null,
                  "pass": false,
                  "fail": false,
                  "pending": true,
                  "context": null,
                  "code": "",
                  "err": {},
                  "uuid": "ad4321d9-dfc0-4530-b19b-8739b7f3acf4",
                  "parentUUID": "3475dd30-af21-4f43-ae80-065cb1440f92",
                  "isHook": false,
                  "skipped": false
                }
              ],
              "suites": [],
              "passes": [],
              "failures": [],
              "pending": [
                "ad4321d9-dfc0-4530-b19b-8739b7f3acf4"
              ],
              "skipped": [],
              "duration": 0,
              "root": false,
              "rootEmpty": false,
              "_timeout": 15000
            },
            {
              "uuid": "feeb26ba-06c0-4439-b903-b4985cbd6dd9",
              "title": "#rate-upgrade-11-04-2023",
              "fullFile": "/Users/panukettunen/Projects/kresko-protocol/src/test/forking/00-setup.ts",
              "file": "/src/test/forking/00-setup.ts",
              "beforeHooks": [],
              "afterHooks": [],
              "tests": [
                {
                  "title": "should be able to deploy facets",
                  "fullTitle": "Forking #rate-upgrade-11-04-2023 should be able to deploy facets",
                  "timedOut": false,
                  "duration": 0,
                  "state": "pending",
                  "speed": null,
                  "pass": false,
                  "fail": false,
                  "pending": true,
                  "context": null,
                  "code": "",
                  "err": {},
                  "uuid": "81f7ae53-ba5b-4987-96c5-98202e02d32e",
                  "parentUUID": "feeb26ba-06c0-4439-b903-b4985cbd6dd9",
                  "isHook": false,
                  "skipped": false
                }
              ],
              "suites": [],
              "passes": [],
              "failures": [],
              "pending": [
                "81f7ae53-ba5b-4987-96c5-98202e02d32e"
              ],
              "skipped": [],
              "duration": 0,
              "root": false,
              "rootEmpty": false,
              "_timeout": 15000
            },
            {
              "uuid": "c1af4cfd-27c4-44f3-992b-a36e12a745b1",
              "title": "#facet-upgrade-16-05-2023",
              "fullFile": "/Users/panukettunen/Projects/kresko-protocol/src/test/forking/00-setup.ts",
              "file": "/src/test/forking/00-setup.ts",
              "beforeHooks": [],
              "afterHooks": [],
              "tests": [
                {
                  "title": "works",
                  "fullTitle": "Forking #facet-upgrade-16-05-2023 works",
                  "timedOut": false,
                  "duration": 0,
                  "state": "pending",
                  "speed": null,
                  "pass": false,
                  "fail": false,
                  "pending": true,
                  "context": null,
                  "code": "",
                  "err": {},
                  "uuid": "7cc28c63-bf49-4139-b7d0-3d5957525b32",
                  "parentUUID": "c1af4cfd-27c4-44f3-992b-a36e12a745b1",
                  "isHook": false,
                  "skipped": false
                }
              ],
              "suites": [],
              "passes": [],
              "failures": [],
              "pending": [
                "7cc28c63-bf49-4139-b7d0-3d5957525b32"
              ],
              "skipped": [],
              "duration": 0,
              "root": false,
              "rootEmpty": false,
              "_timeout": 15000
            }
          ],
          "passes": [],
          "failures": [],
          "pending": [],
          "skipped": [],
          "duration": 0,
          "root": false,
          "rootEmpty": false,
          "_timeout": 15000
        },
        {
          "uuid": "d8717310-4a65-44d0-8624-36c5312e8f26",
          "title": "KreskoAsset",
          "fullFile": "/Users/panukettunen/Projects/kresko-protocol/src/test/krasset/00-init.ts",
          "file": "/src/test/krasset/00-init.ts",
          "beforeHooks": [
            {
              "title": "\"before each\" hook in \"KreskoAsset\"",
              "fullTitle": "KreskoAsset \"before each\" hook in \"KreskoAsset\"",
              "timedOut": false,
              "duration": 37,
              "state": null,
              "speed": null,
              "pass": false,
              "fail": false,
              "pending": false,
              "context": null,
              "code": "const fixture = await getFixture(fixtureName);\nthis.facets = fixture.facets || [];\nthis.collaterals = fixture.collaterals;\nthis.krAssets = fixture.krAssets;",
              "err": {},
              "uuid": "5d34455e-ef4c-42b7-87a2-da73121dff02",
              "parentUUID": "d8717310-4a65-44d0-8624-36c5312e8f26",
              "isHook": true,
              "skipped": false
            }
          ],
          "afterHooks": [],
          "tests": [],
          "suites": [
            {
              "uuid": "221d6d1e-a442-4e28-8fef-ca0c7538f4f9",
              "title": "#initialization - anchor",
              "fullFile": "/Users/panukettunen/Projects/kresko-protocol/src/test/krasset/00-init.ts",
              "file": "/src/test/krasset/00-init.ts",
              "beforeHooks": [
                {
                  "title": "\"before each\" hook in \"#initialization - anchor\"",
                  "fullTitle": "KreskoAsset #initialization - anchor \"before each\" hook in \"#initialization - anchor\"",
                  "timedOut": false,
                  "duration": 0,
                  "state": null,
                  "speed": null,
                  "pass": false,
                  "fail": false,
                  "pending": false,
                  "context": null,
                  "code": "const deployment = this.krAssets.find((k)=>k.deployArgs.name === name);\nKreskoAsset = deployment.contract;\nKreskoAssetAnchor = deployment.anchor;",
                  "err": {},
                  "uuid": "4c1972a7-a442-4425-983c-aa1ed4ca66cd",
                  "parentUUID": "221d6d1e-a442-4e28-8fef-ca0c7538f4f9",
                  "isHook": true,
                  "skipped": false
                }
              ],
              "afterHooks": [],
              "tests": [
                {
                  "title": "cant initialize twice",
                  "fullTitle": "KreskoAsset #initialization - anchor cant initialize twice",
                  "timedOut": false,
                  "duration": 10,
                  "state": "passed",
                  "speed": "fast",
                  "pass": true,
                  "fail": false,
                  "pending": false,
                  "context": null,
                  "code": "await (0, _chai.expect)(KreskoAsset.initialize(name, symbol, 18, _hardhat.default.addr.deployer, _hardhat.default.Diamond.address)).to.be.revertedWith(_test.Error.ALREADY_INITIALIZED_OZ);",
                  "err": {},
                  "uuid": "7485790b-3a1a-40a3-b410-f52df86e85ca",
                  "parentUUID": "221d6d1e-a442-4e28-8fef-ca0c7538f4f9",
                  "isHook": false,
                  "skipped": false
                },
                {
                  "title": "cant initialize implementation",
                  "fullTitle": "KreskoAsset #initialization - anchor cant initialize implementation",
                  "timedOut": false,
                  "duration": 28,
                  "state": "failed",
                  "speed": null,
                  "pass": false,
                  "fail": true,
                  "pending": false,
                  "context": null,
                  "code": "const deployment = await _hardhat.default.deployments.get(symbol);\nconst implementationAddress = deployment.implementation;\n(0, _chai.expect)(implementationAddress).to.not.equal(_hardhat.default.ethers.constants.AddressZero);\nconst KreskoAssetImpl = await _hardhat.default.ethers.getContractAt(\"KreskoAsset\", implementationAddress);\nawait (0, _chai.expect)(KreskoAssetImpl.initialize(name, symbol, 18, _hardhat.default.addr.deployer, _hardhat.default.Diamond.address)).to.be.revertedWith(_test.Error.ALREADY_INITIALIZED_OZ);",
                  "err": {
                    "message": "AssertionError: Expected transaction to be reverted",
                    "estack": "AssertionError: Expected transaction to be reverted\n    at onSuccess (node_modules/.pnpm/@ethereum-waffle+chai@3.4.4/node_modules/@ethereum-waffle/chai/dist/cjs/matchers/revertedWith.js:8:18)\n    at runMicrotasks (<anonymous>)\n    at processTicksAndRejections (node:internal/process/task_queues:96:5)\n    at runNextTicks (node:internal/process/task_queues:65:3)\n    at listOnTimeout (node:internal/timers:526:9)\n    at processTimers (node:internal/timers:500:7)\n    at async Context.<anonymous> (src/test/krasset/00-init.ts:33:13)",
                    "diff": "- Transaction NOT reverted.\n+ Transaction reverted.\n"
                  },
                  "uuid": "57cf34f4-402e-49cf-852f-54a213f41749",
                  "parentUUID": "221d6d1e-a442-4e28-8fef-ca0c7538f4f9",
                  "isHook": false,
                  "skipped": false
                },
                {
                  "title": "sets correct state",
                  "fullTitle": "KreskoAsset #initialization - anchor sets correct state",
                  "timedOut": false,
                  "duration": 31,
                  "state": "passed",
                  "speed": "fast",
                  "pass": true,
                  "fail": false,
                  "pending": false,
                  "context": null,
                  "code": "(0, _chai.expect)(await KreskoAsset.name()).to.equal(name);\n(0, _chai.expect)(await KreskoAsset.symbol()).to.equal(symbol);\n(0, _chai.expect)(await KreskoAsset.kresko()).to.equal(_hardhat.default.Diamond.address);\n(0, _chai.expect)(await KreskoAsset.hasRole(_test.Role.ADMIN, _hardhat.default.addr.deployer)).to.equal(true);\n(0, _chai.expect)(await KreskoAsset.hasRole(_test.Role.OPERATOR, _hardhat.default.Diamond.address)).to.equal(true);\n(0, _chai.expect)(await KreskoAsset.totalSupply()).to.equal(\"64000000000000000000\");\n(0, _chai.expect)(await KreskoAsset.isRebased()).to.equal(false);\nconst rebaseInfo = await KreskoAsset.rebaseInfo();\n(0, _chai.expect)(rebaseInfo.denominator).to.equal(0);\n(0, _chai.expect)(rebaseInfo.positive).to.equal(false);",
                  "err": {},
                  "uuid": "014516d7-6652-4494-ae29-2feb90874616",
                  "parentUUID": "221d6d1e-a442-4e28-8fef-ca0c7538f4f9",
                  "isHook": false,
                  "skipped": false
                },
                {
                  "title": "can reinitialize metadata",
                  "fullTitle": "KreskoAsset #initialization - anchor can reinitialize metadata",
                  "timedOut": false,
                  "duration": 17,
                  "state": "passed",
                  "speed": "fast",
                  "pass": true,
                  "fail": false,
                  "pending": false,
                  "context": null,
                  "code": "const newName = \"foo\";\nconst newSymbol = \"bar\";\nawait (0, _chai.expect)(KreskoAsset.reinitializeERC20(newName, newSymbol, 2)).to.not.be.revertedWith(_test.Error.ALREADY_INITIALIZED_OZ);\n(0, _chai.expect)(await KreskoAsset.name()).to.equal(newName);\n(0, _chai.expect)(await KreskoAsset.symbol()).to.equal(newSymbol);",
                  "err": {},
                  "uuid": "7d958b7a-e52e-47a4-8099-e0699c5755f2",
                  "parentUUID": "221d6d1e-a442-4e28-8fef-ca0c7538f4f9",
                  "isHook": false,
                  "skipped": false
                }
              ],
              "suites": [],
              "passes": [
                "7485790b-3a1a-40a3-b410-f52df86e85ca",
                "014516d7-6652-4494-ae29-2feb90874616",
                "7d958b7a-e52e-47a4-8099-e0699c5755f2"
              ],
              "failures": [
                "57cf34f4-402e-49cf-852f-54a213f41749"
              ],
              "pending": [],
              "skipped": [],
              "duration": 86,
              "root": false,
              "rootEmpty": false,
              "_timeout": 15000
            },
            {
              "uuid": "e60dea91-f36a-48a8-be66-95089658b6af",
              "title": "#initialization - wrapped",
              "fullFile": "/Users/panukettunen/Projects/kresko-protocol/src/test/krasset/00-init.ts",
              "file": "/src/test/krasset/00-init.ts",
              "beforeHooks": [
                {
                  "title": "\"before each\" hook in \"#initialization - wrapped\"",
                  "fullTitle": "KreskoAsset #initialization - wrapped \"before each\" hook in \"#initialization - wrapped\"",
                  "timedOut": false,
                  "duration": 0,
                  "state": null,
                  "speed": null,
                  "pass": false,
                  "fail": false,
                  "pending": false,
                  "context": null,
                  "code": "const deployment = _hardhat.default.krAssets.find((k)=>k.deployArgs.name === name);\nKreskoAsset = deployment.contract;\nKreskoAssetAnchor = deployment.anchor;",
                  "err": {},
                  "uuid": "70274cf6-b85d-4a52-bdbf-f97e0f1b3cf4",
                  "parentUUID": "e60dea91-f36a-48a8-be66-95089658b6af",
                  "isHook": true,
                  "skipped": false
                }
              ],
              "afterHooks": [],
              "tests": [
                {
                  "title": "cant initialize twice",
                  "fullTitle": "KreskoAsset #initialization - wrapped cant initialize twice",
                  "timedOut": false,
                  "duration": 9,
                  "state": "passed",
                  "speed": "fast",
                  "pass": true,
                  "fail": false,
                  "pending": false,
                  "context": null,
                  "code": "await (0, _chai.expect)(KreskoAssetAnchor.initialize(KreskoAsset.address, name, symbol, _hardhat.default.addr.deployer)).to.be.revertedWith(_test.Error.ALREADY_INITIALIZED_OZ);",
                  "err": {},
                  "uuid": "ed91b9f8-33ff-45c9-8bc1-bf997eed8074",
                  "parentUUID": "e60dea91-f36a-48a8-be66-95089658b6af",
                  "isHook": false,
                  "skipped": false
                },
                {
                  "title": "cant initialize implementation",
                  "fullTitle": "KreskoAsset #initialization - wrapped cant initialize implementation",
                  "timedOut": false,
                  "duration": 32,
                  "state": "failed",
                  "speed": null,
                  "pass": false,
                  "fail": true,
                  "pending": false,
                  "context": null,
                  "code": "const deployment = await _hardhat.default.deployments.get(_shared.anchorTokenPrefix + symbol);\nconst implementationAddress = deployment.implementation;\n(0, _chai.expect)(implementationAddress).to.not.equal(_hardhat.default.ethers.constants.AddressZero);\nconst KreskoAssetAnchorImpl = await _hardhat.default.ethers.getContractAt(\"KreskoAssetAnchor\", implementationAddress);\nawait (0, _chai.expect)(KreskoAssetAnchorImpl.initialize(KreskoAsset.address, name, symbol, _hardhat.default.addr.deployer)).to.be.revertedWith(_test.Error.ALREADY_INITIALIZED_OZ);",
                  "err": {
                    "message": "AssertionError: Expected transaction to be reverted",
                    "estack": "AssertionError: Expected transaction to be reverted\n    at onSuccess (node_modules/.pnpm/@ethereum-waffle+chai@3.4.4/node_modules/@ethereum-waffle/chai/dist/cjs/matchers/revertedWith.js:8:18)\n    at runMicrotasks (<anonymous>)\n    at processTicksAndRejections (node:internal/process/task_queues:96:5)\n    at runNextTicks (node:internal/process/task_queues:65:3)\n    at listOnTimeout (node:internal/timers:526:9)\n    at processTimers (node:internal/timers:500:7)\n    at async Context.<anonymous> (src/test/krasset/00-init.ts:83:13)",
                    "diff": "- Transaction NOT reverted.\n+ Transaction reverted.\n"
                  },
                  "uuid": "cb678d86-9f74-4e2c-8cda-ac6082cc045d",
                  "parentUUID": "e60dea91-f36a-48a8-be66-95089658b6af",
                  "isHook": false,
                  "skipped": false
                },
                {
                  "title": "can reinitialize metadata",
                  "fullTitle": "KreskoAsset #initialization - wrapped can reinitialize metadata",
                  "timedOut": false,
                  "duration": 16,
                  "state": "passed",
                  "speed": "fast",
                  "pass": true,
                  "fail": false,
                  "pending": false,
                  "context": null,
                  "code": "const newName = \"foo\";\nconst newSymbol = \"bar\";\nawait (0, _chai.expect)(KreskoAssetAnchor.reinitializeERC20(newName, newSymbol, 2)).to.not.be.revertedWith(_test.Error.ALREADY_INITIALIZED_OZ);\n(0, _chai.expect)(await KreskoAssetAnchor.name()).to.equal(newName);\n(0, _chai.expect)(await KreskoAssetAnchor.symbol()).to.equal(newSymbol);",
                  "err": {},
                  "uuid": "2bc2515c-bcf2-4eff-b399-112e66e9f0e9",
                  "parentUUID": "e60dea91-f36a-48a8-be66-95089658b6af",
                  "isHook": false,
                  "skipped": false
                },
                {
                  "title": "sets correct state",
                  "fullTitle": "KreskoAsset #initialization - wrapped sets correct state",
                  "timedOut": false,
                  "duration": 34,
                  "state": "passed",
                  "speed": "fast",
                  "pass": true,
                  "fail": false,
                  "pending": false,
                  "context": null,
                  "code": "(0, _chai.expect)(await KreskoAssetAnchor.name()).to.equal(name);\n(0, _chai.expect)(await KreskoAssetAnchor.symbol()).to.equal(_shared.anchorTokenPrefix + symbol);\n(0, _chai.expect)(await KreskoAssetAnchor.asset()).to.equal(KreskoAsset.address);\n(0, _chai.expect)(await KreskoAssetAnchor.hasRole(_test.Role.ADMIN, _hardhat.default.addr.deployer)).to.equal(true);\n(0, _chai.expect)(await KreskoAssetAnchor.hasRole(_test.Role.OPERATOR, _hardhat.default.Diamond.address)).to.equal(true);\n(0, _chai.expect)(await KreskoAssetAnchor.totalSupply()).to.equal(\"64000000000000000000\");\n(0, _chai.expect)(await KreskoAssetAnchor.totalAssets()).to.equal(await KreskoAsset.totalSupply());\nconst rebaseInfo = await KreskoAsset.rebaseInfo();\n(0, _chai.expect)(rebaseInfo.denominator).to.equal(0);\n(0, _chai.expect)(rebaseInfo.positive).to.equal(false);",
                  "err": {},
                  "uuid": "9943c12e-4635-4992-80c5-b9544f66c40a",
                  "parentUUID": "e60dea91-f36a-48a8-be66-95089658b6af",
                  "isHook": false,
                  "skipped": false
                }
              ],
              "suites": [],
              "passes": [
                "ed91b9f8-33ff-45c9-8bc1-bf997eed8074",
                "2bc2515c-bcf2-4eff-b399-112e66e9f0e9",
                "9943c12e-4635-4992-80c5-b9544f66c40a"
              ],
              "failures": [
                "cb678d86-9f74-4e2c-8cda-ac6082cc045d"
              ],
              "pending": [],
              "skipped": [],
              "duration": 91,
              "root": false,
              "rootEmpty": false,
              "_timeout": 15000
            }
          ],
          "passes": [],
          "failures": [],
          "pending": [],
          "skipped": [],
          "duration": 0,
          "root": false,
          "rootEmpty": false,
          "_timeout": 15000
        },
        {
          "uuid": "2fe4aa6f-670f-4c6c-afe9-8941c4479f46",
          "title": "KreskoAsset",
          "fullFile": "/Users/panukettunen/Projects/kresko-protocol/src/test/krasset/01-erc20.ts",
          "file": "/src/test/krasset/01-erc20.ts",
          "beforeHooks": [
            {
              "title": "\"before each\" hook in \"KreskoAsset\"",
              "fullTitle": "KreskoAsset \"before each\" hook in \"KreskoAsset\"",
              "timedOut": false,
              "duration": 39,
              "state": null,
              "speed": null,
              "pass": false,
              "fail": false,
              "pending": false,
              "context": null,
              "code": "const fixture = await getFixture(fixtureName);\nthis.facets = fixture.facets || [];\nthis.collaterals = fixture.collaterals;\nthis.krAssets = fixture.krAssets;",
              "err": {},
              "uuid": "00557114-c264-4a96-aee5-1d6853c33def",
              "parentUUID": "2fe4aa6f-670f-4c6c-afe9-8941c4479f46",
              "isHook": true,
              "skipped": false
            },
            {
              "title": "\"before each\" hook in \"KreskoAsset\"",
              "fullTitle": "KreskoAsset \"before each\" hook in \"KreskoAsset\"",
              "timedOut": false,
              "duration": 13,
              "state": null,
              "speed": null,
              "pass": false,
              "fail": false,
              "pending": false,
              "context": null,
              "code": "this.owner = _hardhat.default.users.deployer;\nthis.krAsset = _hardhat.default.krAssets.find((asset)=>asset.deployArgs.symbol === _test.defaultKrAssetArgs.symbol);\nthis.mintAmount = 125;\nawait this.krAsset.contract.grantRole(_test.Role.OPERATOR, this.owner.address);",
              "err": {},
              "uuid": "a9a0a419-dcfc-426b-a3df-176ff4f6cfb4",
              "parentUUID": "2fe4aa6f-670f-4c6c-afe9-8941c4479f46",
              "isHook": true,
              "skipped": false
            }
          ],
          "afterHooks": [],
          "tests": [],
          "suites": [
            {
              "uuid": "53e76508-b107-4139-a1bf-d9b1154a6aae",
              "title": "#mint",
              "fullFile": "/Users/panukettunen/Projects/kresko-protocol/src/test/krasset/01-erc20.ts",
              "file": "/src/test/krasset/01-erc20.ts",
              "beforeHooks": [],
              "afterHooks": [],
              "tests": [
                {
                  "title": "should allow the owner to mint to their own address",
                  "fullTitle": "KreskoAsset #mint should allow the owner to mint to their own address",
                  "timedOut": false,
                  "duration": 23,
                  "state": "passed",
                  "speed": "fast",
                  "pass": true,
                  "fail": false,
                  "pending": false,
                  "context": null,
                  "code": "(0, _chai.expect)(await this.krAsset.contract.totalSupply()).to.equal(0);\n(0, _chai.expect)(await this.krAsset.contract.balanceOf(this.owner.address)).to.equal(0);\nawait this.krAsset.contract.connect(this.owner).mint(this.owner.address, this.mintAmount);\n// Check total supply and owner's balances increased\n(0, _chai.expect)(await this.krAsset.contract.totalSupply()).to.equal(this.mintAmount);\n(0, _chai.expect)(await this.krAsset.contract.balanceOf(this.owner.address)).to.equal(this.mintAmount);",
                  "err": {},
                  "uuid": "1b752492-997f-42d2-b424-2113d73ab438",
                  "parentUUID": "53e76508-b107-4139-a1bf-d9b1154a6aae",
                  "isHook": false,
                  "skipped": false
                },
                {
                  "title": "should allow the asset owner to mint to another address",
                  "fullTitle": "KreskoAsset #mint should allow the asset owner to mint to another address",
                  "timedOut": false,
                  "duration": 22,
                  "state": "passed",
                  "speed": "fast",
                  "pass": true,
                  "fail": false,
                  "pending": false,
                  "context": null,
                  "code": "(0, _chai.expect)(await this.krAsset.contract.totalSupply()).to.equal(0);\n(0, _chai.expect)(await this.krAsset.contract.balanceOf(_hardhat.default.users.userOne.address)).to.equal(0);\nawait this.krAsset.contract.connect(this.owner).mint(_hardhat.default.users.userOne.address, this.mintAmount);\n// Check total supply and user's balances increased\n(0, _chai.expect)(await this.krAsset.contract.totalSupply()).to.equal(this.mintAmount);\n(0, _chai.expect)(await this.krAsset.contract.balanceOf(_hardhat.default.users.userOne.address)).to.equal(this.mintAmount);",
                  "err": {},
                  "uuid": "307cafe5-e334-4565-8714-e04491c20fc3",
                  "parentUUID": "53e76508-b107-4139-a1bf-d9b1154a6aae",
                  "isHook": false,
                  "skipped": false
                },
                {
                  "title": "should not allow non-owner addresses to mint tokens",
                  "fullTitle": "KreskoAsset #mint should not allow non-owner addresses to mint tokens",
                  "timedOut": false,
                  "duration": 38,
                  "state": "passed",
                  "speed": "medium",
                  "pass": true,
                  "fail": false,
                  "pending": false,
                  "context": null,
                  "code": "(0, _chai.expect)(await this.krAsset.contract.totalSupply()).to.equal(0);\n(0, _chai.expect)(await this.krAsset.contract.balanceOf(this.owner.address)).to.equal(0);\nawait (0, _chai.expect)(this.krAsset.contract.connect(_hardhat.default.users.userOne).mint(this.owner.address, this.mintAmount)).to.be.revertedWith(`AccessControl: account ${_hardhat.default.users.userOne.address.toLowerCase()} is missing role 0x112e48a576fb3a75acc75d9fcf6e0bc670b27b1dbcd2463502e10e68cf57d6fd`);\n// Check total supply and all account balances unchanged\n(0, _chai.expect)(await this.krAsset.contract.totalSupply()).to.equal(0);\n(0, _chai.expect)(await this.krAsset.contract.balanceOf(this.owner.address)).to.equal(0);\n(0, _chai.expect)(await this.krAsset.contract.balanceOf(_hardhat.default.users.userOne.address)).to.equal(0);",
                  "err": {},
                  "uuid": "c3349dc9-d135-429b-8148-7a197a843df2",
                  "parentUUID": "53e76508-b107-4139-a1bf-d9b1154a6aae",
                  "isHook": false,
                  "skipped": false
                },
                {
                  "title": "should not allow admin to mint tokens",
[...]
                      "duration": 9108,
                      "state": "passed",
                      "speed": "slow",
                      "pass": true,
                      "fail": false,
                      "pending": false,
                      "context": null,
                      "code": "const swapAmount = (0, _lib.toBig)(ONE_USD * 2600);\nawait KreskoSwapper.swap(swapper.address, KISS.address, KreskoAsset2.address, swapAmount, 0);\nconst newKreskoAssetPrice = 500;\nKreskoAsset2.setPrice(newKreskoAssetPrice);\nconst maxLiquidatable = await _hardhat.default.Diamond.getMaxLiquidationSCDP(KreskoAsset2.address, CollateralAsset8Dec.address);\nconst repayAmount = maxLiquidatable.wadDiv(await KreskoAsset2.getPrice());\nawait KreskoAsset2.setBalance(_hardhat.default.users.liquidator, repayAmount.add(1e18.toString()));\n(0, _chai.expect)((await _hardhat.default.Diamond.getPoolStats(true)).cr).to.lt((await _hardhat.default.Diamond.getSCDPConfig()).lt);\nconst tx = await KreskoLiquidator.poolLiquidate(KreskoAsset2.address, repayAmount, CollateralAsset8Dec.address);\n// console.log(\"liq\", (await tx.wait()).gasUsed.toString());\n(0, _chai.expect)((await _hardhat.default.Diamond.getPoolStats(true)).cr).to.gt((await _hardhat.default.Diamond.getSCDPConfig()).lt);\n(0, _chai.expect)(await KreskoLiquidator.poolIsLiquidatable()).to.equal(false);\nawait (0, _chai.expect)(KreskoLiquidator.poolLiquidate(KreskoAsset2.address, repayAmount, CollateralAsset8Dec.address)).to.be.revertedWith(\"not-liquidatable\");\nconst event = await (0, _lib.getNamedEvent)(tx, \"CollateralPoolLiquidationOccured\");\nconst expectedSeizeAmount = repayAmount.wadMul((0, _lib.toBig)(newKreskoAssetPrice, 8)).wadMul((0, _lib.toBig)(1.05)).wadDiv((0, _lib.toBig)(collateralPrice, 8)).div(10 ** 10);\n(0, _chai.expect)(event.args.liquidator).to.eq(_hardhat.default.users.liquidator.address);\n(0, _chai.expect)(event.args.seizeAmount).to.eq(expectedSeizeAmount);\n(0, _chai.expect)(event.args.repayAmount).to.eq(repayAmount);\n(0, _chai.expect)(event.args.seizeCollateral).to.eq(CollateralAsset8Dec.address);\n(0, _chai.expect)(event.args.repayKreskoAsset).to.eq(KreskoAsset2.address);\nconst expectedDepositsAfter = depositAmount8Dec.sub(event.args.seizeAmount);\n(0, _chai.expect)(await _hardhat.default.Diamond.getPoolAccountPrincipalDeposits(depositor.address, CollateralAsset8Dec.address)).to.eq(expectedDepositsAfter);\n(0, _chai.expect)(await _hardhat.default.Diamond.getPoolAccountDepositsWithFees(depositor.address, CollateralAsset8Dec.address)).to.eq(expectedDepositsAfter);\nawait KreskoDepositor.poolDeposit(depositor.address, CollateralAsset.address, depositAmount18Dec.mul(10));\n(0, _chai.expect)((await _hardhat.default.Diamond.getPoolStats(true)).cr).to.gt((await _hardhat.default.Diamond.getSCDPConfig()).mcr);\nawait (0, _chai.expect)(KreskoDepositor.poolWithdraw(depositor.address, CollateralAsset8Dec.address, expectedDepositsAfter)).to.not.be.reverted;\n(0, _chai.expect)(await _hardhat.default.Diamond.getPoolAccountPrincipalDeposits(depositor.address, CollateralAsset8Dec.address)).to.eq(0);\n(0, _chai.expect)(await _hardhat.default.Diamond.getPoolAccountDepositsWithFees(depositor.address, CollateralAsset8Dec.address)).to.eq(0);",
                      "err": {},
                      "uuid": "4afc42ef-640e-4e81-ae0b-1bfa58073611",
                      "parentUUID": "6c4cdbd9-57bf-472f-ad72-3f07684cf1a0",
                      "isHook": false,
                      "skipped": false
                    }
                  ],
                  "suites": [],
                  "passes": [
                    "7f6e3ad4-ff1f-4c8c-9987-48761297380a",
                    "206b7ee8-540b-4fe1-8554-c9600f3f374c",
                    "e5b8c014-d1aa-45b8-967a-f1d101aa6f0d",
                    "4afc42ef-640e-4e81-ae0b-1bfa58073611"
                  ],
                  "failures": [],
                  "pending": [],
                  "skipped": [],
                  "duration": 17238,
                  "root": false,
                  "rootEmpty": false,
                  "_timeout": 15000
                },
                {
                  "uuid": "0e884474-fab7-4834-9b0a-d0143c67047d",
                  "title": "#Error",
                  "fullFile": "/Users/panukettunen/Projects/kresko-protocol/src/test/scdp/00-scdp.ts",
                  "file": "/src/test/scdp/00-scdp.ts",
                  "beforeHooks": [
                    {
                      "title": "\"before each\" hook in \"#Error\"",
                      "fullTitle": "SCDP #Test #Error \"before each\" hook in \"#Error\"",
                      "timedOut": false,
                      "duration": 1296,
                      "state": null,
                      "speed": null,
                      "pass": false,
                      "fail": false,
                      "pending": false,
                      "context": null,
                      "code": "const krAssetConfig = {\n    openFee: (0, _lib.toBig)(0.015),\n    closeFee: (0, _lib.toBig)(0.015),\n    liquidationIncentive: (0, _lib.toBig)(1.05),\n    protocolFee: (0, _lib.toBig)(0.25),\n    supplyLimit: (0, _lib.toBig)(1000000)\n};\nconst KISSConfig = {\n    openFee: (0, _lib.toBig)(0.025),\n    closeFee: (0, _lib.toBig)(0.025),\n    liquidationIncentive: (0, _lib.toBig)(1.05),\n    protocolFee: (0, _lib.toBig)(0.25),\n    supplyLimit: (0, _lib.toBig)(1000000)\n};\nawait Promise.all([\n    _hardhat.default.Diamond.enablePoolCollaterals([\n        CollateralAsset.address,\n        CollateralAsset8Dec.address,\n        KISS.address,\n        KreskoAsset.address,\n        KreskoAsset2.address\n    ], [\n        defaultCollateralConfig,\n        defaultCollateralConfig,\n        defaultCollateralConfig,\n        defaultCollateralConfig,\n        defaultCollateralConfig\n    ]),\n    _hardhat.default.Diamond.enablePoolKrAssets([\n        KreskoAsset.address,\n        KreskoAsset2.address,\n        KISS.address\n    ], [\n        krAssetConfig,\n        krAssetConfig,\n        KISSConfig\n    ]),\n    _hardhat.default.Diamond.setSwapPairs([\n        {\n            assetIn: KreskoAsset2.address,\n            assetOut: KreskoAsset.address,\n            enabled: true\n        },\n        {\n            assetIn: KISS.address,\n            assetOut: KreskoAsset2.address,\n            enabled: true\n        },\n        {\n            assetIn: KreskoAsset.address,\n            assetOut: KISS.address,\n            enabled: true\n        }\n    ])\n]);\n// mint some KISS for users\nfor (const signer of this.usersArr){\n    await CollateralAsset.setBalance(signer, (0, _lib.toBig)(1000000));\n}\nawait KISS.setBalance(swapper, (0, _lib.toBig)(10000));\nawait KISS.setBalance(depositor, _hardhat.ethers.BigNumber.from(1));\nawait Promise.all([\n    KreskoDepositor.poolDeposit(depositor.address, KISS.address, 1),\n    KreskoDepositor.poolDeposit(depositor.address, CollateralAsset.address, depositAmount18Dec)\n]);",
                      "err": {},
                      "uuid": "9a332918-d6aa-4cd1-981f-7cbac3ba643d",
                      "parentUUID": "0e884474-fab7-4834-9b0a-d0143c67047d",
                      "isHook": true,
                      "skipped": false
                    }
                  ],
                  "afterHooks": [],
                  "tests": [
                    {
                      "title": "should revert depositing unsupported tokens",
                      "fullTitle": "SCDP #Test #Error should revert depositing unsupported tokens",
                      "timedOut": false,
                      "duration": 126,
                      "state": "passed",
                      "speed": "slow",
                      "pass": true,
                      "fail": false,
                      "pending": false,
                      "context": null,
                      "code": "const [UnsupportedToken] = await _hardhat.default.deploy(\"MockERC20\", {\n    args: [\n        \"UnsupportedToken\",\n        \"UnsupportedToken\",\n        18,\n        (0, _lib.toBig)(1)\n    ]\n});\nawait UnsupportedToken.approve(_hardhat.default.Diamond.address, _hardhat.default.ethers.constants.MaxUint256);\nconst { deployer  } = await _hardhat.default.getNamedAccounts();\nawait (0, _chai.expect)(_hardhat.default.Diamond.poolDeposit(deployer, UnsupportedToken.address, 1)).to.be.revertedWith(\"asset-disabled\");",
                      "err": {},
                      "uuid": "3f0d9e7b-8fae-4741-8e5e-8f9f335afe6f",
                      "parentUUID": "0e884474-fab7-4834-9b0a-d0143c67047d",
                      "isHook": false,
                      "skipped": false
                    },
                    {
                      "title": "should revert withdrawing without deposits",
                      "fullTitle": "SCDP #Test #Error should revert withdrawing without deposits",
                      "timedOut": false,
                      "duration": 36,
                      "state": "passed",
                      "speed": "fast",
                      "pass": true,
                      "fail": false,
                      "pending": false,
                      "context": null,
                      "code": "await (0, _chai.expect)(KreskoSwapper.poolWithdraw(depositor.address, CollateralAsset.address, 1)).to.be.revertedWith(\"withdrawal-violation\");",
                      "err": {},
                      "uuid": "42d8b417-0ed5-4880-a35e-b3c021be04af",
                      "parentUUID": "0e884474-fab7-4834-9b0a-d0143c67047d",
                      "isHook": false,
                      "skipped": false
                    },
                    {
                      "title": "should revert withdrawals below MCR",
                      "fullTitle": "SCDP #Test #Error should revert withdrawals below MCR",
                      "timedOut": false,
                      "duration": 2261,
                      "state": "passed",
                      "speed": "slow",
                      "pass": true,
                      "fail": false,
                      "pending": false,
                      "context": null,
                      "code": "const swapAmount = (0, _lib.toBig)(ONE_USD).mul(1000); // $1000\nawait KreskoSwapper.swap(swapper.address, KISS.address, KreskoAsset2.address, swapAmount, 0); // generate debt\nconst deposits = await KreskoSwapper.getPoolAccountPrincipalDeposits(depositor.address, CollateralAsset.address);\nawait (0, _chai.expect)(KreskoDepositor.poolWithdraw(depositor.address, CollateralAsset.address, deposits)).to.be.revertedWith(\"withdraw-mcr-violation\");",
                      "err": {},
                      "uuid": "83d515d4-371e-4573-af83-3462e098b373",
                      "parentUUID": "0e884474-fab7-4834-9b0a-d0143c67047d",
                      "isHook": false,
                      "skipped": false
                    },
                    {
                      "title": "should revert withdrawals of swap owned collateral deposits",
                      "fullTitle": "SCDP #Test #Error should revert withdrawals of swap owned collateral deposits",
                      "timedOut": false,
                      "duration": 1728,
                      "state": "passed",
                      "speed": "slow",
                      "pass": true,
                      "fail": false,
                      "pending": false,
                      "context": null,
                      "code": "const swapAmount = (0, _lib.toBig)(1);\nawait KreskoAsset2.setBalance(swapper, swapAmount);\nawait KreskoSwapper.swap(swapper.address, KreskoAsset2.address, KISS.address, swapAmount, 0);\nconst deposits = await KreskoSwapper.getPoolSwapDeposits(KreskoAsset2.address);\n(0, _chai.expect)(deposits).to.be.gt(0);\nawait (0, _chai.expect)(KreskoSwapper.poolWithdraw(swapper.address, KreskoAsset2.address, deposits)).to.be.revertedWith(\"withdrawal-violation\");",
                      "err": {},
                      "uuid": "902a8662-f8d4-46bc-9025-475764be5a13",
                      "parentUUID": "0e884474-fab7-4834-9b0a-d0143c67047d",
                      "isHook": false,
                      "skipped": false
                    },
                    {
                      "title": "should revert swapping with price below minAmountOut",
                      "fullTitle": "SCDP #Test #Error should revert swapping with price below minAmountOut",
                      "timedOut": false,
                      "duration": 1015,
                      "state": "passed",
                      "speed": "slow",
                      "pass": true,
                      "fail": false,
                      "pending": false,
                      "context": null,
                      "code": "const swapAmount = (0, _lib.toBig)(1);\nawait KreskoAsset2.setBalance(swapper, swapAmount);\nconst [amountOut] = await KreskoSwapper.previewSwap(KreskoAsset2.address, KISS.address, swapAmount);\nawait (0, _chai.expect)(KreskoSwapper.swap(swapper.address, KreskoAsset2.address, KISS.address, swapAmount, amountOut.add(1))).to.be.revertedWith(\"swap-slippage\");",
                      "err": {},
                      "uuid": "f0e5cbc7-498c-4ac4-bc38-c4af4637e771",
                      "parentUUID": "0e884474-fab7-4834-9b0a-d0143c67047d",
                      "isHook": false,
                      "skipped": false
                    },
                    {
                      "title": "should revert swapping unsupported route",
                      "fullTitle": "SCDP #Test #Error should revert swapping unsupported route",
                      "timedOut": false,
                      "duration": 113,
                      "state": "passed",
                      "speed": "slow",
                      "pass": true,
                      "fail": false,
                      "pending": false,
                      "context": null,
                      "code": "const swapAmount = (0, _lib.toBig)(1);\nawait KreskoAsset2.setBalance(swapper, swapAmount);\nawait (0, _chai.expect)(KreskoSwapper.swap(swapper.address, KreskoAsset2.address, CollateralAsset.address, swapAmount, 0)).to.be.revertedWith(\"swap-disabled\");",
                      "err": {},
                      "uuid": "e47d33f0-af88-4f29-8387-b2aecb8f5b1d",
                      "parentUUID": "0e884474-fab7-4834-9b0a-d0143c67047d",
                      "isHook": false,
                      "skipped": false
                    },
                    {
                      "title": "should revert swapping if asset in is disabled",
                      "fullTitle": "SCDP #Test #Error should revert swapping if asset in is disabled",
                      "timedOut": false,
                      "duration": 163,
                      "state": "passed",
                      "speed": "slow",
                      "pass": true,
                      "fail": false,
                      "pending": false,
                      "context": null,
                      "code": "const swapAmount = (0, _lib.toBig)(1);\nawait KreskoAsset2.setBalance(swapper, swapAmount);\nawait _hardhat.default.Diamond.disablePoolKrAssets([\n    KreskoAsset2.address\n]);\nawait (0, _chai.expect)(KreskoSwapper.swap(swapper.address, KreskoAsset2.address, KISS.address, swapAmount, 0)).to.be.revertedWith(\"asset-in-disabled\");",
                      "err": {},
                      "uuid": "b3fa643b-fc4a-4a5a-b05f-04391d8f36e2",
                      "parentUUID": "0e884474-fab7-4834-9b0a-d0143c67047d",
                      "isHook": false,
                      "skipped": false
                    },
                    {
                      "title": "should revert swapping if asset out is disabled",
                      "fullTitle": "SCDP #Test #Error should revert swapping if asset out is disabled",
                      "timedOut": false,
                      "duration": 167,
                      "state": "passed",
                      "speed": "slow",
                      "pass": true,
                      "fail": false,
                      "pending": false,
                      "context": null,
                      "code": "const swapAmount = (0, _lib.toBig)(1);\nawait KreskoAsset2.setBalance(swapper, swapAmount);\nawait _hardhat.default.Diamond.disablePoolKrAssets([\n    KreskoAsset2.address\n]);\nawait (0, _chai.expect)(KreskoSwapper.swap(swapper.address, KISS.address, KreskoAsset2.address, swapAmount, 0)).to.be.revertedWith(\"asset-out-disabled\");",
                      "err": {},
                      "uuid": "9f412c5c-8000-42b9-ab99-40d4df15b395",
                      "parentUUID": "0e884474-fab7-4834-9b0a-d0143c67047d",
                      "isHook": false,
                      "skipped": false
                    },
                    {
                      "title": "should revert swapping causes CDP to go below MCR",
                      "fullTitle": "SCDP #Test #Error should revert swapping causes CDP to go below MCR",
                      "timedOut": false,
                      "duration": 1943,
                      "state": "passed",
                      "speed": "slow",
                      "pass": true,
                      "fail": false,
                      "pending": false,
                      "context": null,
                      "code": "const swapAmount = (0, _lib.toBig)(1000000);\nawait KreskoAsset2.setBalance(swapper, swapAmount);\nawait (0, _chai.expect)(KreskoSwapper.swap(swapper.address, KreskoAsset2.address, KISS.address, swapAmount, 0)).to.be.revertedWith(\"swap-mcr-violation\");",
                      "err": {},
                      "uuid": "e3274de8-0bf5-4160-b936-72bb48e0524d",
                      "parentUUID": "0e884474-fab7-4834-9b0a-d0143c67047d",
                      "isHook": false,
                      "skipped": false
                    }
                  ],
                  "suites": [],
                  "passes": [
                    "3f0d9e7b-8fae-4741-8e5e-8f9f335afe6f",
                    "42d8b417-0ed5-4880-a35e-b3c021be04af",
                    "83d515d4-371e-4573-af83-3462e098b373",
                    "902a8662-f8d4-46bc-9025-475764be5a13",
                    "f0e5cbc7-498c-4ac4-bc38-c4af4637e771",
                    "e47d33f0-af88-4f29-8387-b2aecb8f5b1d",
                    "b3fa643b-fc4a-4a5a-b05f-04391d8f36e2",
                    "9f412c5c-8000-42b9-ab99-40d4df15b395",
                    "e3274de8-0bf5-4160-b936-72bb48e0524d"
                  ],
                  "failures": [],
                  "pending": [],
                  "skipped": [],
                  "duration": 7552,
                  "root": false,
                  "rootEmpty": false,
                  "_timeout": 15000
                }
              ],
              "passes": [],
              "failures": [],
              "pending": [],
              "skipped": [],
              "duration": 0,
              "root": false,
              "rootEmpty": false,
              "_timeout": 15000
            }
          ],
          "passes": [],
          "failures": [],
          "pending": [],
          "skipped": [],
          "duration": 0,
          "root": false,
          "rootEmpty": false,
          "_timeout": 15000
        }
      ],
      "passes": [],
      "failures": [],
      "pending": [],
      "skipped": [],
      "duration": 0,
      "root": true,
      "rootEmpty": true,
      "_timeout": 15000
    }
  ],
  "meta": {
    "mocha": {
      "version": "10.2.0"
    },
    "mochawesome": {
      "options": {
        "quiet": false,
        "reportFilename": "mochawesome",
        "saveHtml": true,
        "saveJson": true,
        "consoleReporter": "spec",
        "useInlineDiffs": false,
        "code": true
      },
      "version": "7.1.3"
    },
    "marge": {
      "options": null,
      "version": "6.2.0"
    }
  }
}