{
  "stats": {
    "suites": 2,
    "tests": 2,
    "passes": 2,
    "pending": 0,
    "failures": 0,
    "start": "2023-05-22T13:37:18.725Z",
    "end": "2023-05-22T13:37:27.186Z",
    "duration": 8461,
    "testsRegistered": 2,
    "passPercent": 100,
    "pendingPercent": 0,
    "other": 0,
    "hasOther": false,
    "skipped": 0,
    "hasSkipped": false
  },
  "results": [
    {
      "uuid": "8da01069-14fb-4e15-a5e0-5d02afe14e37",
      "title": "",
      "fullFile": "/Users/panukettunen/Projects/kresko-protocol/src/test/collateral-pool/01-positions.ts",
      "file": "/src/test/collateral-pool/01-positions.ts",
      "beforeHooks": [],
      "afterHooks": [],
      "tests": [],
      "suites": [
        {
          "uuid": "f9b61ee6-df7a-45fa-bc48-dd4fab0475a6",
          "title": "Leverage Positions NFT",
          "fullFile": "/Users/panukettunen/Projects/kresko-protocol/src/test/collateral-pool/01-positions.ts",
          "file": "/src/test/collateral-pool/01-positions.ts",
          "beforeHooks": [
            {
              "title": "\"before each\" hook in \"Leverage Positions NFT\"",
              "fullTitle": "Leverage Positions NFT \"before each\" hook in \"Leverage Positions NFT\"",
              "timedOut": false,
              "duration": 19,
              "state": null,
              "speed": null,
              "pass": false,
              "fail": false,
              "pending": false,
              "context": null,
              "code": "const fixture = await _hardhat.default.deployments.createFixture(async (hre)=>{\n    const result = await hre.deployments.fixture(fixtureName);\n    if (result.Diamond) {\n        hre.Diamond = await hre.getContractOrFork(\"Kresko\");\n    }\n    return {\n        facets: result.Diamond ? result.Diamond.facets : [],\n        collaterals: hre.collaterals,\n        krAssets: hre.krAssets\n    };\n})();\nthis.facets = fixture.facets || [];\nthis.collaterals = fixture.collaterals;\nthis.krAssets = fixture.krAssets;",
              "err": {},
              "uuid": "139ec659-e9a8-48eb-a315-dd94ea223ffd",
              "parentUUID": "f9b61ee6-df7a-45fa-bc48-dd4fab0475a6",
              "isHook": true,
              "skipped": false
            },
            {
              "title": "\"before each\" hook in \"Leverage Positions NFT\"",
              "fullTitle": "Leverage Positions NFT \"before each\" hook in \"Leverage Positions NFT\"",
              "timedOut": false,
              "duration": 3942,
              "state": null,
              "speed": null,
              "pass": false,
              "fail": false,
              "pending": false,
              "context": null,
              "code": "depositor = _hardhat.default.users.testUserOne;\nusers = [\n    _hardhat.default.users.testUserFive,\n    _hardhat.default.users.testUserSix\n];\npositions = await _hardhat.default.getContractOrFork(\"Positions\");\n[KISS, krETH, CollateralAsset, CollateralAsset8Dec] = await Promise.all([\n    (0, _krassets.addMockKreskoAsset)({\n        name: \"KISS\",\n        price: KISSPrice,\n        symbol: \"KISS\",\n        closeFee: 0.1,\n        openFee: 0.1,\n        marketOpen: true,\n        factor: 1,\n        supplyLimit: 100000\n    }, true),\n    (0, _krassets.addMockKreskoAsset)({\n        name: \"krETH\",\n        price: ETHPrice,\n        symbol: \"krETH\",\n        closeFee: 0.1,\n        openFee: 0.1,\n        marketOpen: true,\n        factor: 1,\n        supplyLimit: 100000\n    }, true),\n    (0, _collaterals.addMockCollateralAsset)({\n        name: \"Collateral18Dec\",\n        price: collateralPrice,\n        factor: 1,\n        decimals: 18\n    }),\n    (0, _collaterals.addMockCollateralAsset)({\n        name: \"Collateral8Dec\",\n        price: collateralPrice,\n        factor: 0.8,\n        decimals: 8\n    })\n]);\nawait CollateralAsset.setBalance(depositor, depositAmount18Dec);\nawait CollateralAsset.contract.connect(depositor).approve(_hardhat.default.Diamond.address, _hardhat.default.ethers.constants.MaxUint256);\nawait CollateralAsset8Dec.setBalance(depositor, depositAmount8Dec);\nawait CollateralAsset8Dec.contract.connect(depositor).approve(_hardhat.default.Diamond.address, _hardhat.default.ethers.constants.MaxUint256);\nfor (const user of users){\n    await Promise.all([\n        await CollateralAsset.setBalance(user, depositAmount18Dec),\n        await CollateralAsset8Dec.setBalance(user, depositAmount8Dec),\n        await CollateralAsset.contract.connect(user).approve(_hardhat.default.Diamond.address, _hardhat.default.ethers.constants.MaxUint256),\n        await CollateralAsset8Dec.contract.connect(user).approve(_hardhat.default.Diamond.address, _hardhat.default.ethers.constants.MaxUint256)\n    ]);\n}",
              "err": {},
              "uuid": "8331e7e9-ccde-4abe-a2fa-7ad20f91385e",
              "parentUUID": "f9b61ee6-df7a-45fa-bc48-dd4fab0475a6",
              "isHook": true,
              "skipped": false
            }
          ],
          "afterHooks": [],
          "tests": [],
          "suites": [
            {
              "uuid": "de66f48d-d711-4b09-b0ee-e06d1476a548",
              "title": "Positions",
              "fullFile": "/Users/panukettunen/Projects/kresko-protocol/src/test/collateral-pool/01-positions.ts",
              "file": "/src/test/collateral-pool/01-positions.ts",
              "beforeHooks": [
                {
                  "title": "\"before each\" hook in \"Positions\"",
                  "fullTitle": "Leverage Positions NFT Positions \"before each\" hook in \"Positions\"",
                  "timedOut": false,
                  "duration": 74,
                  "state": null,
                  "speed": null,
                  "pass": false,
                  "fail": false,
                  "pending": false,
                  "context": null,
                  "code": "depositor = _hardhat.default.users.testUserOne;\nconst krETHFee = (0, _lib.toBig)(0.005);\nconst KISSFee = (0, _lib.toBig)(0.005);\nconst leverage = (0, _lib.toBig)(2);\nconst totalFeePct = krETHFee.add(KISSFee).wadMul(leverage);\nconst borrowAmountWithoutFees = (0, _lib.toBig)(1).wadMul(leverage);\nconst fees = borrowAmountWithoutFees.wadMul(totalFeePct);\nposition = {\n    account: users[1].address,\n    leverage: leverage,\n    collateralAsset: KISS.address,\n    collateralAmount: (0, _lib.toBig)(ETHPrice),\n    borrowAsset: krETH.address,\n    borrowAmountMin: borrowAmountWithoutFees.sub(fees)\n};\nawait _hardhat.default.Diamond.enablePoolCollaterals([\n    CollateralAsset.address,\n    CollateralAsset8Dec.address,\n    KISS.address,\n    krETH.address\n], [\n    {\n        decimals: 18,\n        liquidationIncentive: (0, _lib.toBig)(1.05),\n        liquidityIndex: _lib.RAY\n    },\n    {\n        decimals: 8,\n        liquidationIncentive: (0, _lib.toBig)(1.05),\n        liquidityIndex: _lib.RAY\n    },\n    {\n        decimals: 18,\n        liquidationIncentive: (0, _lib.toBig)(1.05),\n        liquidityIndex: _lib.RAY\n    },\n    {\n        decimals: 18,\n        liquidationIncentive: (0, _lib.toBig)(1.05),\n        liquidityIndex: _lib.RAY\n    }\n]);\nawait _hardhat.default.Diamond.enablePoolKrAssets([\n    KISS.address,\n    krETH.address\n], [\n    {\n        openFee: KISSFee,\n        closeFee: KISSFee,\n        protocolFee: (0, _lib.toBig)(0.25),\n        supplyLimit: (0, _lib.toBig)(1000000)\n    },\n    {\n        openFee: krETHFee,\n        closeFee: krETHFee,\n        protocolFee: (0, _lib.toBig)(0.25),\n        supplyLimit: (0, _lib.toBig)(1000000)\n    }\n]);\nawait _hardhat.default.Diamond.setSwapPairs([\n    {\n        assetIn: KISS.address,\n        assetOut: krETH.address,\n        enabled: true\n    }\n]);\nawait _hardhat.default.Diamond.connect(depositor).poolDeposit(depositor.address, CollateralAsset.address, depositAmount18Dec);\nawait KISS.setBalance(users[1], depositAmount18Dec);\nawait KISS.contract.connect(users[1]).approve(_hardhat.default.Diamond.address, _hardhat.default.ethers.constants.MaxUint256);",
                  "err": {},
                  "uuid": "9597d49b-2b73-429d-ae38-526c19f1ef61",
                  "parentUUID": "de66f48d-d711-4b09-b0ee-e06d1476a548",
                  "isHook": true,
                  "skipped": false
                }
              ],
              "afterHooks": [],
              "tests": [
                {
                  "title": "should be able to liquidate a losing position",
                  "fullTitle": "Leverage Positions NFT Positions should be able to liquidate a losing position",
                  "timedOut": false,
                  "duration": 161,
                  "state": "passed",
                  "speed": "slow",
                  "pass": true,
                  "fail": false,
                  "pending": false,
                  "context": null,
                  "code": "const PositionsUser = positions.connect(users[1]);\nawait PositionsUser.createPosition({\n    ...position,\n    leverage: (0, _lib.toBig)(3),\n    borrowAmountMin: 0\n});\nconst liquidator = users[0];\nkrETH.setPrice(1500); // 2.5\nconst [pos, ratio] = await positions.getPosition(0);\n(0, _chai.expect)(ratio).to.be.lt(pos.leverage);\nconst [isLiquidatable] = await positions.isLiquidatable([\n    0\n]);\n(0, _chai.expect)(isLiquidatable).to.be.true;\nconsole.log((0, _lib.fromBig)(await KISS.contract.balanceOf(liquidator.address)));\nawait positions.connect(liquidator).closePosition(0);\nconst poolStatsAfter = await _hardhat.default.Diamond.getPoolStats(true);\nconst debtKISS = await _hardhat.default.Diamond.getPoolDebt(KISS.address);\nconst debtkrETH = await _hardhat.default.Diamond.getPoolDebt(krETH.address);\n(0, _chai.expect)(debtkrETH).to.be.eq(0);\n(0, _chai.expect)(debtKISS).to.be.eq(0);\n(0, _chai.expect)(poolStatsAfter.debtValue).to.be.eq(0);\n(0, _chai.expect)(poolStatsAfter.cr).to.be.eq(0);\nconsole.log((0, _lib.fromBig)(await KISS.contract.balanceOf(liquidator.address)));",
                  "err": {},
                  "uuid": "4bec4c63-7d13-4986-a03e-5c9f0cf4a3aa",
                  "parentUUID": "de66f48d-d711-4b09-b0ee-e06d1476a548",
                  "isHook": false,
                  "skipped": false
                },
                {
                  "title": "should be able to close a winning position",
                  "fullTitle": "Leverage Positions NFT Positions should be able to close a winning position",
                  "timedOut": false,
                  "duration": 206,
                  "state": "passed",
                  "speed": "slow",
                  "pass": true,
                  "fail": false,
                  "pending": false,
                  "context": null,
                  "code": "const PositionsUser = positions.connect(users[1]);\nawait PositionsUser.createPosition({\n    ...position,\n    leverage: (0, _lib.toBig)(3),\n    borrowAmountMin: 0\n});\nconst closer = users[0];\nkrETH.setPrice(2100); // 2.5\nconst [pos, ratio] = await positions.getPosition(0);\n(0, _chai.expect)(ratio).to.be.gt(pos.leverage);\nconst [isClosable] = await positions.isClosable([\n    0\n]);\n(0, _chai.expect)(isClosable).to.be.true;\nconsole.log((0, _lib.fromBig)(await KISS.contract.balanceOf(closer.address)));\nawait positions.connect(closer).closePosition(0);\nconst poolStatsAfter = await _hardhat.default.Diamond.getPoolStats(true);\nconst debtKISS = await _hardhat.default.Diamond.getPoolDebt(KISS.address);\nconst debtkrETH = await _hardhat.default.Diamond.getPoolDebt(krETH.address);\n(0, _chai.expect)(debtkrETH).to.be.eq(0);\n(0, _chai.expect)(debtKISS).to.be.gt(0);\n(0, _chai.expect)(poolStatsAfter.debtValue).to.be.gt(0);\n(0, _chai.expect)(poolStatsAfter.cr).to.be.gt(0);\nconsole.log((0, _lib.fromBig)(await KISS.contract.balanceOf(closer.address)));",
                  "err": {},
                  "uuid": "50de6551-f4e4-4052-b2c3-2af85787c0c6",
                  "parentUUID": "de66f48d-d711-4b09-b0ee-e06d1476a548",
                  "isHook": false,
                  "skipped": false
                }
              ],
              "suites": [],
              "passes": [
                "4bec4c63-7d13-4986-a03e-5c9f0cf4a3aa",
                "50de6551-f4e4-4052-b2c3-2af85787c0c6"
              ],
              "failures": [],
              "pending": [],
              "skipped": [],
              "duration": 367,
              "root": false,
              "rootEmpty": false,
              "_timeout": 15000
            }
          ],
          "passes": [],
          "failures": [],
          "pending": [],
          "skipped": [],
          "duration": 0,
          "root": false,
          "rootEmpty": false,
          "_timeout": 15000
        }
      ],
      "passes": [],
      "failures": [],
      "pending": [],
      "skipped": [],
      "duration": 0,
      "root": true,
      "rootEmpty": true,
      "_timeout": 15000
    }
  ],
  "meta": {
    "mocha": {
      "version": "10.2.0"
    },
    "mochawesome": {
      "options": {
        "quiet": false,
        "reportFilename": "mochawesome",
        "saveHtml": true,
        "saveJson": true,
        "consoleReporter": "spec",
        "useInlineDiffs": false,
        "code": true
      },
      "version": "7.1.3"
    },
    "marge": {
      "options": null,
      "version": "6.2.0"
    }
  }
}