{
  "stats": {
    "suites": 2,
    "tests": 1,
    "passes": 1,
    "pending": 0,
    "failures": 0,
    "start": "2023-05-14T18:11:23.717Z",
    "end": "2023-05-14T18:11:23.747Z",
    "duration": 30,
    "testsRegistered": 1,
    "passPercent": 100,
    "pendingPercent": 0,
    "other": 0,
    "hasOther": false,
    "skipped": 0,
    "hasSkipped": false
  },
  "results": [
    {
      "uuid": "06ad734b-fcf0-45cd-9658-2d9d2298bda2",
      "title": "",
      "fullFile": "/Users/panukettunen/Projects/kresko-protocol/src/test/shared-debt/00-init.ts",
      "file": "/src/test/shared-debt/00-init.ts",
      "beforeHooks": [],
      "afterHooks": [],
      "tests": [],
      "suites": [
        {
          "uuid": "8aa07e43-f962-4965-99ef-e4c8221a788d",
          "title": "Shared Debt",
          "fullFile": "/Users/panukettunen/Projects/kresko-protocol/src/test/shared-debt/00-init.ts",
          "file": "/src/test/shared-debt/00-init.ts",
          "beforeHooks": [
            {
              "title": "\"before each\" hook in \"Shared Debt\"",
              "fullTitle": "Shared Debt \"before each\" hook in \"Shared Debt\"",
              "timedOut": false,
              "duration": 24,
              "state": null,
              "speed": null,
              "pass": false,
              "fail": false,
              "pending": false,
              "context": null,
              "code": "const fixture = await hardhat_1.default.deployments.createFixture(async (hre) => {\n    const result = await hre.deployments.fixture(fixtureName);\n    if (result.Diamond) {\n        hre.Diamond = await hre.getContractOrFork(\"Kresko\");\n    }\n    return {\n        facets: result.Diamond ? result.Diamond.facets : [],\n        collaterals: hre.collaterals,\n        krAssets: hre.krAssets,\n    };\n})();\nthis.facets = fixture.facets || [];\nthis.collaterals = fixture.collaterals;\nthis.krAssets = fixture.krAssets;",
              "err": {},
              "uuid": "f41678bc-4ae6-42e0-9404-227c8cd0dc93",
              "parentUUID": "8aa07e43-f962-4965-99ef-e4c8221a788d",
              "isHook": true,
              "skipped": false
            },
            {
              "title": "\"before each\" hook in \"Shared Debt\"",
              "fullTitle": "Shared Debt \"before each\" hook in \"Shared Debt\"",
              "timedOut": false,
              "duration": 0,
              "state": null,
              "speed": null,
              "pass": false,
              "fail": false,
              "pending": false,
              "context": null,
              "code": "this.krAsset = this.krAssets.find(c => c.deployArgs.name === test_1.defaultKrAssetArgs.name);\nthis.collateral = this.collaterals.find(c => c.deployArgs.name === test_1.defaultCollateralArgs.name);",
              "err": {},
              "uuid": "32f4123c-ba19-49ac-af6f-cf9cdae11383",
              "parentUUID": "8aa07e43-f962-4965-99ef-e4c8221a788d",
              "isHook": true,
              "skipped": false
            }
          ],
          "afterHooks": [],
          "tests": [],
          "suites": [
            {
              "uuid": "e48dee16-9e1a-482e-909c-92e70ce2a460",
              "title": "#init",
              "fullFile": "/Users/panukettunen/Projects/kresko-protocol/src/test/shared-debt/00-init.ts",
              "file": "/src/test/shared-debt/00-init.ts",
              "beforeHooks": [],
              "afterHooks": [],
              "tests": [
                {
                  "title": "runs",
                  "fullTitle": "Shared Debt #init runs",
                  "timedOut": false,
                  "duration": 4,
                  "state": "passed",
                  "speed": "fast",
                  "pass": true,
                  "fail": false,
                  "pending": false,
                  "context": null,
                  "code": "const config = await hardhat_1.default.Diamond.getStabilityRateConfigurationForAsset(this.krAsset.address);\n// default values\n(0, chai_1.expect)(config.debtIndex).to.bignumber.equal(lib_1.oneRay);\n(0, chai_1.expect)(config.stabilityRate).to.bignumber.equal(lib_1.oneRay);",
                  "err": {},
                  "uuid": "353095b7-24d2-4cdf-8a5a-3d8654be38a7",
                  "parentUUID": "e48dee16-9e1a-482e-909c-92e70ce2a460",
                  "isHook": false,
                  "skipped": false
                }
              ],
              "suites": [],
              "passes": [
                "353095b7-24d2-4cdf-8a5a-3d8654be38a7"
              ],
              "failures": [],
              "pending": [],
              "skipped": [],
              "duration": 4,
              "root": false,
              "rootEmpty": false,
              "_timeout": 15000
            }
          ],
          "passes": [],
          "failures": [],
          "pending": [],
          "skipped": [],
          "duration": 0,
          "root": false,
          "rootEmpty": false,
          "_timeout": 15000
        }
      ],
      "passes": [],
      "failures": [],
      "pending": [],
      "skipped": [],
      "duration": 0,
      "root": true,
      "rootEmpty": true,
      "_timeout": 15000
    }
  ],
  "meta": {
    "mocha": {
      "version": "10.2.0"
    },
    "mochawesome": {
      "options": {
        "quiet": false,
        "reportFilename": "mochawesome",
        "saveHtml": true,
        "saveJson": true,
        "consoleReporter": "spec",
        "useInlineDiffs": false,
        "code": true
      },
      "version": "7.1.3"
    },
    "marge": {
      "options": null,
      "version": "6.2.0"
    }
  }
}