{
  "stats": {
    "suites": 90,
    "tests": 265,
    "passes": 257,
    "pending": 8,
    "failures": 0,
    "start": "2023-05-17T00:38:34.858Z",
    "end": "2023-05-17T00:42:02.350Z",
    "duration": 207492,
    "testsRegistered": 265,
    "passPercent": 100,
    "pendingPercent": 3.018867924528302,
    "other": 0,
    "hasOther": false,
    "skipped": 0,
    "hasSkipped": false
  },
  "results": [
    {
      "uuid": "17d17890-9f73-467f-b055-9f713d768b2a",
      "title": "",
      "fullFile": "",
      "file": "",
      "beforeHooks": [],
      "afterHooks": [],
      "tests": [],
      "suites": [
        {
          "uuid": "37e850e2-4c40-4722-9189-0ad8be6611f9",
          "title": "Asset Amounts & Values",
          "fullFile": "/Users/panukettunen/Projects/kresko-protocol/src/test/asset-values/00-asset-values.ts",
          "file": "/src/test/asset-values/00-asset-values.ts",
          "beforeHooks": [
            {
              "title": "\"before each\" hook in \"Asset Amounts & Values\"",
              "fullTitle": "Asset Amounts & Values \"before each\" hook in \"Asset Amounts & Values\"",
              "timedOut": false,
              "duration": 18,
              "state": null,
              "speed": null,
              "pass": false,
              "fail": false,
              "pending": false,
              "context": null,
              "code": "const fixture = await _hardhat.default.deployments.createFixture(async (hre)=>{\n    const result = await hre.deployments.fixture(fixtureName);\n    if (result.Diamond) {\n        hre.Diamond = await hre.getContractOrFork(\"Kresko\");\n    }\n    return {\n        facets: result.Diamond ? result.Diamond.facets : [],\n        collaterals: hre.collaterals,\n        krAssets: hre.krAssets\n    };\n})();\nthis.facets = fixture.facets || [];\nthis.collaterals = fixture.collaterals;\nthis.krAssets = fixture.krAssets;",
              "err": {},
              "uuid": "2ca7cbd9-b55c-4632-bd12-39bc17e1f724",
              "parentUUID": "37e850e2-4c40-4722-9189-0ad8be6611f9",
              "isHook": true,
              "skipped": false
            },
            {
              "title": "\"before each\" hook in \"Asset Amounts & Values\"",
              "fullTitle": "Asset Amounts & Values \"before each\" hook in \"Asset Amounts & Values\"",
              "timedOut": false,
              "duration": 4074,
              "state": null,
              "speed": null,
              "pass": false,
              "fail": false,
              "pending": false,
              "context": null,
              "code": "user = _hardhat.default.users.testUserSeven;\noracleDecimals = await _hardhat.default.Diamond.extOracleDecimals();\nKreskoAsset = await (0, _krassets.addMockKreskoAsset)({\n    name: \"KreskoAssetPrice10USD\",\n    price: collateralPrice,\n    symbol: \"KreskoAssetPrice10USD\",\n    closeFee: 0.1,\n    openFee: 0.1,\n    marketOpen: true,\n    factor: 2,\n    supplyLimit: 10\n});\nCollateralAsset = await (0, _collaterals.addMockCollateralAsset)({\n    name: \"Collateral18Dec\",\n    price: kreskoAssetPrice,\n    factor: 0.5,\n    decimals: 18\n});\nCollateralAsset8Dec = await (0, _collaterals.addMockCollateralAsset)({\n    name: \"Collateral8Dec\",\n    price: kreskoAssetPrice,\n    factor: 0.5,\n    decimals: 8\n});\nCollateralAsset21Dec = await (0, _collaterals.addMockCollateralAsset)({\n    name: \"Collateral21Dec\",\n    price: kreskoAssetPrice,\n    factor: 0.5,\n    decimals: 21\n});\nawait CollateralAsset.setBalance(user, (0, _lib.toBig)(startingBalance));\nawait CollateralAsset8Dec.setBalance(user, (0, _lib.toBig)(startingBalance, 8));\nawait CollateralAsset21Dec.setBalance(user, (0, _lib.toBig)(startingBalance, 21));\nawait CollateralAsset.contract.connect(user).approve(_hardhat.default.Diamond.address, _hardhat.default.ethers.constants.MaxUint256);\nawait CollateralAsset8Dec.contract.connect(user).approve(_hardhat.default.Diamond.address, _hardhat.default.ethers.constants.MaxUint256);\nawait CollateralAsset21Dec.contract.connect(user).approve(_hardhat.default.Diamond.address, _hardhat.default.ethers.constants.MaxUint256);",
              "err": {},
              "uuid": "bffcc580-463f-44ae-b68f-6929dd30a24e",
              "parentUUID": "37e850e2-4c40-4722-9189-0ad8be6611f9",
              "isHook": true,
              "skipped": false
            }
          ],
          "afterHooks": [],
          "tests": [],
          "suites": [
            {
              "uuid": "9d4ec22e-c5c0-4184-a89d-ee9b58ccd764",
              "title": "#Collateral Deposit Values",
              "fullFile": "/Users/panukettunen/Projects/kresko-protocol/src/test/asset-values/00-asset-values.ts",
              "file": "/src/test/asset-values/00-asset-values.ts",
              "beforeHooks": [],
              "afterHooks": [],
              "tests": [
                {
                  "title": "should return the correct deposit value with 18 decimals",
                  "fullTitle": "Asset Amounts & Values #Collateral Deposit Values should return the correct deposit value with 18 decimals",
                  "timedOut": false,
                  "duration": 19,
                  "state": "passed",
                  "speed": "fast",
                  "pass": true,
                  "fail": false,
                  "pending": false,
                  "context": null,
                  "code": "const depositAmount = (0, _lib.toBig)(10);\nconst expectedDepositValue = (0, _lib.toBig)(50, oracleDecimals); // cfactor = 0.5, collateralPrice = 10, depositAmount = 10\nawait _hardhat.default.Diamond.connect(user).depositCollateral(user.address, CollateralAsset.address, depositAmount);\nconst depositValue = await _hardhat.default.Diamond.getAccountCollateralValue(user.address);\n(0, _chai.expect)(depositValue).to.equal(expectedDepositValue);",
                  "err": {},
                  "uuid": "adb705a0-165a-43fb-b275-fa34c868b2ef",
                  "parentUUID": "9d4ec22e-c5c0-4184-a89d-ee9b58ccd764",
                  "isHook": false,
                  "skipped": false
                },
                {
                  "title": "should return the correct deposit value with less than 18 decimals",
                  "fullTitle": "Asset Amounts & Values #Collateral Deposit Values should return the correct deposit value with less than 18 decimals",
                  "timedOut": false,
                  "duration": 19,
                  "state": "passed",
                  "speed": "fast",
                  "pass": true,
                  "fail": false,
                  "pending": false,
                  "context": null,
                  "code": "const depositAmount = (0, _lib.toBig)(10, 8);\nconst expectedDepositValue = (0, _lib.toBig)(50, oracleDecimals); // cfactor = 0.5, collateralPrice = 10, depositAmount = 10\nawait _hardhat.default.Diamond.connect(user).depositCollateral(user.address, CollateralAsset8Dec.address, depositAmount);\nconst depositValue = await _hardhat.default.Diamond.getAccountCollateralValue(user.address);\n(0, _chai.expect)(depositValue).to.equal(expectedDepositValue);",
                  "err": {},
                  "uuid": "d50e3854-98e4-40c4-aac3-1bc73657dc88",
                  "parentUUID": "9d4ec22e-c5c0-4184-a89d-ee9b58ccd764",
                  "isHook": false,
                  "skipped": false
                },
                {
                  "title": "should return the correct deposit value with over 18 decimals",
                  "fullTitle": "Asset Amounts & Values #Collateral Deposit Values should return the correct deposit value with over 18 decimals",
                  "timedOut": false,
                  "duration": 22,
                  "state": "passed",
                  "speed": "fast",
                  "pass": true,
                  "fail": false,
                  "pending": false,
                  "context": null,
                  "code": "const depositAmount = (0, _lib.toBig)(10, 21);\nconst expectedDepositValue = (0, _lib.toBig)(50, oracleDecimals); // cfactor = 0.5, collateralPrice = 10, depositAmount = 10\nawait _hardhat.default.Diamond.connect(user).depositCollateral(user.address, CollateralAsset21Dec.address, depositAmount);\nconst depositValue = await _hardhat.default.Diamond.getAccountCollateralValue(user.address);\n(0, _chai.expect)(depositValue).to.equal(expectedDepositValue);",
                  "err": {},
                  "uuid": "c6f3cb6b-3bb5-45ae-92fa-921385e62682",
                  "parentUUID": "9d4ec22e-c5c0-4184-a89d-ee9b58ccd764",
                  "isHook": false,
                  "skipped": false
                },
                {
                  "title": "should return the correct deposit value combination of different decimals",
                  "fullTitle": "Asset Amounts & Values #Collateral Deposit Values should return the correct deposit value combination of different decimals",
                  "timedOut": false,
                  "duration": 57,
                  "state": "passed",
                  "speed": "medium",
                  "pass": true,
                  "fail": false,
                  "pending": false,
                  "context": null,
                  "code": "await _hardhat.default.Diamond.connect(user).depositCollateral(user.address, CollateralAsset.address, (0, _lib.toBig)(10));\nawait _hardhat.default.Diamond.connect(user).depositCollateral(user.address, CollateralAsset8Dec.address, (0, _lib.toBig)(10, 8));\nawait _hardhat.default.Diamond.connect(user).depositCollateral(user.address, CollateralAsset21Dec.address, (0, _lib.toBig)(10, 21));\nconst expectedDepositValue = (0, _lib.toBig)(150, oracleDecimals); // cfactor = 0.5, collateralPrice = 10, depositAmount = 30\nconst depositValue = await _hardhat.default.Diamond.getAccountCollateralValue(user.address);\n(0, _chai.expect)(depositValue).to.equal(expectedDepositValue);",
                  "err": {},
                  "uuid": "11869f27-28bd-4466-b425-757cd20ccc8b",
                  "parentUUID": "9d4ec22e-c5c0-4184-a89d-ee9b58ccd764",
                  "isHook": false,
                  "skipped": false
                }
              ],
              "suites": [],
              "passes": [
                "adb705a0-165a-43fb-b275-fa34c868b2ef",
                "d50e3854-98e4-40c4-aac3-1bc73657dc88",
                "c6f3cb6b-3bb5-45ae-92fa-921385e62682",
                "11869f27-28bd-4466-b425-757cd20ccc8b"
              ],
              "failures": [],
              "pending": [],
              "skipped": [],
              "duration": 117,
              "root": false,
              "rootEmpty": false,
              "_timeout": 15000
            },
            {
              "uuid": "70b72c64-b20e-4fa6-9eb5-5729b8fffa20",
              "title": "#Collateral Deposit Amount",
              "fullFile": "/Users/panukettunen/Projects/kresko-protocol/src/test/asset-values/00-asset-values.ts",
              "file": "/src/test/asset-values/00-asset-values.ts",
              "beforeHooks": [],
              "afterHooks": [],
              "tests": [
                {
                  "title": "should return the correct deposit amount with 18 decimals",
                  "fullTitle": "Asset Amounts & Values #Collateral Deposit Amount should return the correct deposit amount with 18 decimals",
                  "timedOut": false,
                  "duration": 52,
                  "state": "passed",
                  "speed": "medium",
                  "pass": true,
                  "fail": false,
                  "pending": false,
                  "context": null,
                  "code": "const depositAmount = (0, _lib.toBig)(10);\nawait _hardhat.default.Diamond.connect(user).depositCollateral(user.address, CollateralAsset.address, depositAmount);\nconst withdrawIndex = await _hardhat.default.Diamond.getDepositedCollateralAssetIndex(user.address, CollateralAsset.address);\nconst deposits = await _hardhat.default.Diamond.collateralDeposits(user.address, CollateralAsset.address);\n(0, _chai.expect)(deposits).to.equal(depositAmount);\nawait _hardhat.default.Diamond.connect(user).withdrawCollateral(user.address, CollateralAsset.address, depositAmount, withdrawIndex);\nconst balance = await CollateralAsset.contract.balanceOf(user.address);\n(0, _chai.expect)(balance).to.equal((0, _lib.toBig)(startingBalance));",
                  "err": {},
                  "uuid": "ef954d57-36cc-4dfe-a6a7-78b6fc3d9df9",
                  "parentUUID": "70b72c64-b20e-4fa6-9eb5-5729b8fffa20",
                  "isHook": false,
                  "skipped": false
                },
                {
                  "title": "should return the correct deposit amount with less than 18 decimals",
                  "fullTitle": "Asset Amounts & Values #Collateral Deposit Amount should return the correct deposit amount with less than 18 decimals",
                  "timedOut": false,
                  "duration": 61,
                  "state": "passed",
                  "speed": "medium",
                  "pass": true,
                  "fail": false,
                  "pending": false,
                  "context": null,
                  "code": "const depositAmount = (0, _lib.toBig)(10, 8);\nawait _hardhat.default.Diamond.connect(user).depositCollateral(user.address, CollateralAsset8Dec.address, depositAmount);\nconst withdrawIndex = await _hardhat.default.Diamond.getDepositedCollateralAssetIndex(user.address, CollateralAsset8Dec.address);\nconst deposits = await _hardhat.default.Diamond.collateralDeposits(user.address, CollateralAsset8Dec.address);\n(0, _chai.expect)(deposits).to.equal(depositAmount);\nawait _hardhat.default.Diamond.connect(user).withdrawCollateral(user.address, CollateralAsset8Dec.address, depositAmount, withdrawIndex);\nconst balance = await CollateralAsset8Dec.contract.balanceOf(user.address);\n(0, _chai.expect)(balance).to.equal((0, _lib.toBig)(startingBalance, 8));",
                  "err": {},
                  "uuid": "54be6881-881b-4a64-ac8c-d37705db35a8",
                  "parentUUID": "70b72c64-b20e-4fa6-9eb5-5729b8fffa20",
                  "isHook": false,
                  "skipped": false
                },
                {
                  "title": "should return the correct deposit value with over 18 decimals",
                  "fullTitle": "Asset Amounts & Values #Collateral Deposit Amount should return the correct deposit value with over 18 decimals",
                  "timedOut": false,
                  "duration": 61,
                  "state": "passed",
                  "speed": "medium",
                  "pass": true,
                  "fail": false,
                  "pending": false,
                  "context": null,
                  "code": "const depositAmount = (0, _lib.toBig)(10, 21);\nawait _hardhat.default.Diamond.connect(user).depositCollateral(user.address, CollateralAsset21Dec.address, depositAmount);\nconst withdrawIndex = await _hardhat.default.Diamond.getDepositedCollateralAssetIndex(user.address, CollateralAsset21Dec.address);\nconst deposits = await _hardhat.default.Diamond.collateralDeposits(user.address, CollateralAsset21Dec.address);\n(0, _chai.expect)(deposits).to.equal(depositAmount);\nawait _hardhat.default.Diamond.connect(user).withdrawCollateral(user.address, CollateralAsset21Dec.address, depositAmount, withdrawIndex);\nconst balance = await CollateralAsset21Dec.contract.balanceOf(user.address);\n(0, _chai.expect)(balance).to.equal((0, _lib.toBig)(startingBalance, 21));",
                  "err": {},
                  "uuid": "64038ef4-66da-431e-8e1f-b35bcb3925fc",
                  "parentUUID": "70b72c64-b20e-4fa6-9eb5-5729b8fffa20",
                  "isHook": false,
                  "skipped": false
                }
              ],
              "suites": [],
              "passes": [
                "ef954d57-36cc-4dfe-a6a7-78b6fc3d9df9",
                "54be6881-881b-4a64-ac8c-d37705db35a8",
                "64038ef4-66da-431e-8e1f-b35bcb3925fc"
              ],
              "failures": [],
              "pending": [],
              "skipped": [],
              "duration": 174,
              "root": false,
              "rootEmpty": false,
              "_timeout": 15000
            },
            {
              "uuid": "255e8d99-04de-4d72-8983-0947b6c0b1bd",
              "title": "#Kresko Asset Debt Values",
              "fullFile": "/Users/panukettunen/Projects/kresko-protocol/src/test/asset-values/00-asset-values.ts",
              "file": "/src/test/asset-values/00-asset-values.ts",
              "beforeHooks": [],
              "afterHooks": [],
              "tests": [
                {
                  "title": "should return the correct debt value (+CR) with 18 decimal collateral",
                  "fullTitle": "Asset Amounts & Values #Kresko Asset Debt Values should return the correct debt value (+CR) with 18 decimal collateral",
                  "timedOut": false,
                  "duration": 165,
                  "state": "passed",
                  "speed": "slow",
                  "pass": true,
                  "fail": false,
                  "pending": false,
                  "context": null,
                  "code": "const depositAmount = (0, _lib.toBig)(10);\nawait _hardhat.default.Diamond.connect(user).depositCollateral(user.address, CollateralAsset.address, depositAmount);\nconst mintAmount = (0, _lib.toBig)(1);\nconst expectedMintValue = (0, _lib.toBig)(20, oracleDecimals); // kFactor = 2, krAssetPrice = 10, mintAmount = 1, openFee = 0.1\nawait _hardhat.default.Diamond.connect(user).mintKreskoAsset(user.address, KreskoAsset.address, mintAmount);\nconst expectedDepositValue = (0, _lib.toBig)(49.5, oracleDecimals); // cfactor = 0.5, collateralPrice = 10, depositAmount = 10, openFee = 0.1\nconst depositValue = await _hardhat.default.Diamond.getAccountCollateralValue(user.address);\n(0, _chai.expect)(depositValue).to.equal(expectedDepositValue);\nconst mintValue = await _hardhat.default.Diamond.getAccountKrAssetValue(user.address);\n(0, _chai.expect)(mintValue).to.equal(expectedMintValue);\nconst assetValue = await _hardhat.default.Diamond.getKrAssetValue(KreskoAsset.address, mintAmount, true);\nconst kFactor = (await _hardhat.default.Diamond.kreskoAsset(KreskoAsset.address)).kFactor;\n(0, _chai.expect)(assetValue).to.equal(expectedMintValue.wadDiv(kFactor));\nconst collateralRatio = await (0, _liquidations.getCR)(user.address, true); // big\n(0, _chai.expect)(collateralRatio).to.equal(expectedDepositValue.wadDiv(expectedMintValue)); // 2.475",
                  "err": {},
                  "uuid": "0d9fa6fd-0638-4020-b854-1851d1cb692d",
                  "parentUUID": "255e8d99-04de-4d72-8983-0947b6c0b1bd",
                  "isHook": false,
                  "skipped": false
                },
                {
                  "title": "should return the correct debt value (+CR) with less than 18 decimal collateral",
                  "fullTitle": "Asset Amounts & Values #Kresko Asset Debt Values should return the correct debt value (+CR) with less than 18 decimal collateral",
                  "timedOut": false,
                  "duration": 204,
                  "state": "passed",
                  "speed": "slow",
                  "pass": true,
                  "fail": false,
                  "pending": false,
                  "context": null,
                  "code": "const depositAmount = (0, _lib.toBig)(10, 8);\nawait _hardhat.default.Diamond.connect(user).depositCollateral(user.address, CollateralAsset8Dec.address, depositAmount);\nconst mintAmount = (0, _lib.toBig)(1);\nconst expectedMintValue = (0, _lib.toBig)(20, oracleDecimals); // kFactor = 2, krAssetPrice = 10, mintAmount = 1, openFee = 0.1\nawait _hardhat.default.Diamond.connect(user).mintKreskoAsset(user.address, KreskoAsset.address, mintAmount);\nconst expectedDepositValue = (0, _lib.toBig)(49.5, oracleDecimals); // cfactor = 0.5, collateralPrice = 10, depositAmount = 10, openFee = 0.1\nconst depositValue = await _hardhat.default.Diamond.getAccountCollateralValue(user.address);\n(0, _chai.expect)(depositValue).to.equal(expectedDepositValue);\nconst mintValue = await _hardhat.default.Diamond.getAccountKrAssetValue(user.address);\n(0, _chai.expect)(mintValue).to.equal(expectedMintValue);\nconst assetValue = await _hardhat.default.Diamond.getKrAssetValue(KreskoAsset.address, mintAmount, true);\nconst kFactor = (await _hardhat.default.Diamond.kreskoAsset(KreskoAsset.address)).kFactor;\n(0, _chai.expect)(assetValue).to.equal(expectedMintValue.wadDiv(kFactor));\nconst collateralRatio = await (0, _liquidations.getCR)(user.address, true); // big\n(0, _chai.expect)(collateralRatio).to.equal(expectedDepositValue.wadDiv(expectedMintValue)); // 2.475",
                  "err": {},
                  "uuid": "157844cb-e1ae-4c49-9eb2-880355ac374e",
                  "parentUUID": "255e8d99-04de-4d72-8983-0947b6c0b1bd",
                  "isHook": false,
                  "skipped": false
                },
                {
                  "title": "should return the correct debt value (+CR) with more than 18 decimal collateral",
                  "fullTitle": "Asset Amounts & Values #Kresko Asset Debt Values should return the correct debt value (+CR) with more than 18 decimal collateral",
                  "timedOut": false,
                  "duration": 187,
                  "state": "passed",
                  "speed": "slow",
                  "pass": true,
                  "fail": false,
                  "pending": false,
                  "context": null,
                  "code": "const depositAmount = (0, _lib.toBig)(10, 21);\nawait _hardhat.default.Diamond.connect(user).depositCollateral(user.address, CollateralAsset21Dec.address, depositAmount);\nconst mintAmount = (0, _lib.toBig)(1);\nconst expectedMintValue = (0, _lib.toBig)(20, oracleDecimals); // kFactor = 2, krAssetPrice = 10, mintAmount = 1, openFee = 0.1\nawait _hardhat.default.Diamond.connect(user).mintKreskoAsset(user.address, KreskoAsset.address, mintAmount);\nconst expectedDepositValue = (0, _lib.toBig)(49.5, oracleDecimals); // cfactor = 0.5, collateralPrice = 10, depositAmount = 10, openFee = 0.1\nconst depositValue = await _hardhat.default.Diamond.getAccountCollateralValue(user.address);\n(0, _chai.expect)(depositValue).to.equal(expectedDepositValue);\nconst mintValue = await _hardhat.default.Diamond.getAccountKrAssetValue(user.address);\n(0, _chai.expect)(mintValue).to.equal(expectedMintValue);\nconst assetValue = await _hardhat.default.Diamond.getKrAssetValue(KreskoAsset.address, mintAmount, true);\nconst kFactor = (await _hardhat.default.Diamond.kreskoAsset(KreskoAsset.address)).kFactor;\n(0, _chai.expect)(assetValue).to.equal(expectedMintValue.wadDiv(kFactor));\nconst collateralRatio = await (0, _liquidations.getCR)(user.address, true); // big\n(0, _chai.expect)(collateralRatio).to.equal(expectedDepositValue.wadDiv(expectedMintValue)); // 2.475",
                  "err": {},
                  "uuid": "3a9cc9de-db9f-41d0-bdcb-db36a5593df2",
                  "parentUUID": "255e8d99-04de-4d72-8983-0947b6c0b1bd",
                  "isHook": false,
                  "skipped": false
                }
              ],
              "suites": [],
              "passes": [
                "0d9fa6fd-0638-4020-b854-1851d1cb692d",
                "157844cb-e1ae-4c49-9eb2-880355ac374e",
                "3a9cc9de-db9f-41d0-bdcb-db36a5593df2"
              ],
              "failures": [],
              "pending": [],
              "skipped": [],
              "duration": 556,
              "root": false,
              "rootEmpty": false,
              "_timeout": 15000
            }
          ],
          "passes": [],
          "failures": [],
          "pending": [],
          "skipped": [],
          "duration": 0,
          "root": false,
          "rootEmpty": false,
          "_timeout": 15000
        },
        {
          "uuid": "3323aa36-470e-42dd-b1ce-32caee4270b7",
          "title": "Diamond",
          "fullFile": "/Users/panukettunen/Projects/kresko-protocol/src/test/diamond/00-init.ts",
          "file": "/src/test/diamond/00-init.ts",
          "beforeHooks": [
            {
              "title": "\"before each\" hook in \"Diamond\"",
              "fullTitle": "Diamond \"before each\" hook in \"Diamond\"",
              "timedOut": false,
              "duration": 18,
              "state": null,
              "speed": null,
              "pass": false,
              "fail": false,
              "pending": false,
              "context": null,
              "code": "const fixture = await _hardhat.default.deployments.createFixture(async (hre)=>{\n    const result = await hre.deployments.fixture(fixtureName);\n    if (result.Diamond) {\n        hre.Diamond = await hre.getContractOrFork(\"Kresko\");\n    }\n    return {\n        facets: result.Diamond ? result.Diamond.facets : [],\n        collaterals: hre.collaterals,\n        krAssets: hre.krAssets\n    };\n})();\nthis.facets = fixture.facets || [];\nthis.collaterals = fixture.collaterals;\nthis.krAssets = fixture.krAssets;",
              "err": {},
              "uuid": "ae0cd142-2b2b-436a-8552-455a6581b413",
              "parentUUID": "3323aa36-470e-42dd-b1ce-32caee4270b7",
              "isHook": true,
              "skipped": false
            }
          ],
          "afterHooks": [],
          "tests": [],
          "suites": [
            {
              "uuid": "ac706f13-8fff-4045-994d-8439befc846c",
              "title": "#initialization",
              "fullFile": "/Users/panukettunen/Projects/kresko-protocol/src/test/diamond/00-init.ts",
              "file": "/src/test/diamond/00-init.ts",
              "beforeHooks": [],
              "afterHooks": [],
              "tests": [
                {
                  "title": "sets correct state",
                  "fullTitle": "Diamond #initialization sets correct state",
                  "timedOut": false,
                  "duration": 11,
                  "state": "passed",
                  "speed": "fast",
                  "pass": true,
                  "fail": false,
                  "pending": false,
                  "context": null,
                  "code": "(0, _chai.expect)(await _hardhat.default.Diamond.owner()).to.equal(_hardhat.default.users.deployer.address);\n(0, _chai.expect)(await _hardhat.default.Diamond.initialized()).to.equal(true);",
                  "err": {},
                  "uuid": "c86fe5ea-8c5d-4b04-a56b-c6febbc0ee00",
                  "parentUUID": "ac706f13-8fff-4045-994d-8439befc846c",
                  "isHook": false,
                  "skipped": false
                },
                {
                  "title": "sets standard facet addresses",
                  "fullTitle": "Diamond #initialization sets standard facet addresses",
                  "timedOut": false,
                  "duration": 31,
                  "state": "passed",
                  "speed": "fast",
                  "pass": true,
                  "fail": false,
                  "pending": false,
                  "context": null,
                  "code": "const facetAddressesOnChain = (await _hardhat.default.Diamond.facets()).map((f)=>f.facetAddress);\nconst facetAddressesArtifact = this.facets.map((f)=>f.facetAddress);\n(0, _chai.expect)(facetAddressesOnChain.length).to.equal(facetAddressesArtifact.length);\n(0, _chai.expect)(facetAddressesOnChain).to.have.members(facetAddressesArtifact);",
                  "err": {},
                  "uuid": "ec65c80a-4417-4886-b9a1-9384ca04c930",
                  "parentUUID": "ac706f13-8fff-4045-994d-8439befc846c",
                  "isHook": false,
                  "skipped": false
                },
                {
                  "title": "sets selectors of standard facets",
                  "fullTitle": "Diamond #initialization sets selectors of standard facets",
                  "timedOut": false,
                  "duration": 29,
                  "state": "passed",
                  "speed": "fast",
                  "pass": true,
                  "fail": false,
                  "pending": false,
                  "context": null,
                  "code": "const facetsSelectorsOnChain = (await _hardhat.default.Diamond.facets()).flatMap((f)=>f.functionSelectors);\nconst facetSelectorsOnArtifact = this.facets.flatMap((f)=>f.functionSelectors);\n(0, _chai.expect)(facetsSelectorsOnChain.length).to.equal(facetSelectorsOnArtifact.length);\n(0, _chai.expect)(facetsSelectorsOnChain).to.have.members(facetSelectorsOnArtifact);",
                  "err": {},
                  "uuid": "0b6cf012-a476-49e9-ae8b-f31506575412",
                  "parentUUID": "ac706f13-8fff-4045-994d-8439befc846c",
                  "isHook": false,
                  "skipped": false
                }
              ],
              "suites": [],
              "passes": [
                "c86fe5ea-8c5d-4b04-a56b-c6febbc0ee00",
                "ec65c80a-4417-4886-b9a1-9384ca04c930",
                "0b6cf012-a476-49e9-ae8b-f31506575412"
              ],
              "failures": [],
              "pending": [],
              "skipped": [],
              "duration": 71,
              "root": false,
              "rootEmpty": false,
              "_timeout": 15000
            }
          ],
          "passes": [],
          "failures": [],
          "pending": [],
          "skipped": [],
          "duration": 0,
          "root": false,
          "rootEmpty": false,
          "_timeout": 15000
        },
        {
          "uuid": "ef9801fc-6300-4ced-b190-05373bdfea4f",
          "title": "Diamond",
          "fullFile": "/Users/panukettunen/Projects/kresko-protocol/src/test/diamond/01-ownership.ts",
          "file": "/src/test/diamond/01-ownership.ts",
          "beforeHooks": [
            {
              "title": "\"before each\" hook in \"Diamond\"",
              "fullTitle": "Diamond \"before each\" hook in \"Diamond\"",
              "timedOut": false,
              "duration": 17,
              "state": null,
              "speed": null,
              "pass": false,
              "fail": false,
              "pending": false,
              "context": null,
              "code": "const fixture = await _hardhat.default.deployments.createFixture(async (hre)=>{\n    const result = await hre.deployments.fixture(fixtureName);\n    if (result.Diamond) {\n        hre.Diamond = await hre.getContractOrFork(\"Kresko\");\n    }\n    return {\n        facets: result.Diamond ? result.Diamond.facets : [],\n        collaterals: hre.collaterals,\n        krAssets: hre.krAssets\n    };\n})();\nthis.facets = fixture.facets || [];\nthis.collaterals = fixture.collaterals;\nthis.krAssets = fixture.krAssets;",
              "err": {},
              "uuid": "7efd0e84-8e0f-40cb-8cd7-7e032445ff0e",
              "parentUUID": "ef9801fc-6300-4ced-b190-05373bdfea4f",
              "isHook": true,
              "skipped": false
            }
          ],
          "afterHooks": [],
          "tests": [],
          "suites": [
            {
              "uuid": "8c3e6368-172b-4588-a167-97e0077b75f7",
              "title": "#ownership",
              "fullFile": "/Users/panukettunen/Projects/kresko-protocol/src/test/diamond/01-ownership.ts",
              "file": "/src/test/diamond/01-ownership.ts",
              "beforeHooks": [],
              "afterHooks": [],
              "tests": [
                {
                  "title": "sets correct owner",
                  "fullTitle": "Diamond #ownership sets correct owner",
                  "timedOut": false,
                  "duration": 8,
                  "state": "passed",
                  "speed": "fast",
                  "pass": true,
                  "fail": false,
                  "pending": false,
                  "context": null,
                  "code": "(0, _chai.expect)(await _hardhat.default.Diamond.owner()).to.equal(_hardhat.default.addr.deployer);",
                  "err": {},
                  "uuid": "97e6e775-fa5b-46b5-b188-fc979cb78c0e",
                  "parentUUID": "8c3e6368-172b-4588-a167-97e0077b75f7",
                  "isHook": false,
                  "skipped": false
                },
                {
                  "title": "sets correct default admin role",
                  "fullTitle": "Diamond #ownership sets correct default admin role",
                  "timedOut": false,
                  "duration": 8,
                  "state": "passed",
                  "speed": "fast",
                  "pass": true,
                  "fail": false,
                  "pending": false,
                  "context": null,
                  "code": "(0, _chai.expect)(await _hardhat.default.Diamond.hasRole(_test.Role.ADMIN, _hardhat.default.addr.deployer)).to.equal(true);",
                  "err": {},
                  "uuid": "d6a291e1-59d2-4a33-820b-871a1841611c",
                  "parentUUID": "8c3e6368-172b-4588-a167-97e0077b75f7",
                  "isHook": false,
                  "skipped": false
                },
                {
                  "title": "sets a new pending owner",
                  "fullTitle": "Diamond #ownership sets a new pending owner",
                  "timedOut": false,
                  "duration": 14,
                  "state": "passed",
                  "speed": "fast",
                  "pass": true,
                  "fail": false,
                  "pending": false,
                  "context": null,
                  "code": "const pendingOwner = _hardhat.default.users.userOne;\nawait _hardhat.default.Diamond.transferOwnership(pendingOwner.address);\n(0, _chai.expect)(await _hardhat.default.Diamond.pendingOwner()).to.equal(pendingOwner.address);",
                  "err": {},
                  "uuid": "19832c16-2f1c-4e1d-ae4d-f93c3a97481b",
                  "parentUUID": "8c3e6368-172b-4588-a167-97e0077b75f7",
                  "isHook": false,
                  "skipped": false
                },
                {
                  "title": "sets the pending owner as new owner",
                  "fullTitle": "Diamond #ownership sets the pending owner as new owner",
                  "timedOut": false,
                  "duration": 29,
                  "state": "passed",
                  "speed": "fast",
                  "pass": true,
                  "fail": false,
                  "pending": false,
                  "context": null,
                  "code": "const pendingOwner = _hardhat.default.users.userOne;\nawait _hardhat.default.Diamond.transferOwnership(pendingOwner.address);\nawait _hardhat.default.Diamond.connect(pendingOwner).acceptOwnership();\n(0, _chai.expect)(await _hardhat.default.Diamond.owner()).to.equal(pendingOwner.address);",
                  "err": {},
                  "uuid": "4b6237d9-cef6-4568-b692-9462f81615fa",
                  "parentUUID": "8c3e6368-172b-4588-a167-97e0077b75f7",
                  "isHook": false,
                  "skipped": false
                }
              ],
              "suites": [],
              "passes": [
                "97e6e775-fa5b-46b5-b188-fc979cb78c0e",
                "d6a291e1-59d2-4a33-820b-871a1841611c",
                "19832c16-2f1c-4e1d-ae4d-f93c3a97481b",
                "4b6237d9-cef6-4568-b692-9462f81615fa"
              ],
              "failures": [],
              "pending": [],
              "skipped": [],
              "duration": 59,
              "root": false,
              "rootEmpty": false,
              "_timeout": 15000
            }
          ],
          "passes": [],
          "failures": [],
          "pending": [],
          "skipped": [],
          "duration": 0,
          "root": false,
          "rootEmpty": false,
          "_timeout": 15000
        },
        {
          "uuid": "13b28570-3708-4a93-9163-7db0b8762db9",
          "title": "Diamond",
          "fullFile": "/Users/panukettunen/Projects/kresko-protocol/src/test/diamond/02-upgrades.ts",
          "file": "/src/test/diamond/02-upgrades.ts",
          "beforeHooks": [
            {
              "title": "\"before each\" hook in \"Diamond\"",
              "fullTitle": "Diamond \"before each\" hook in \"Diamond\"",
              "timedOut": false,
              "duration": 18,
              "state": null,
              "speed": null,
              "pass": false,
              "fail": false,
              "pending": false,
              "context": null,
              "code": "const fixture = await _hardhat.default.deployments.createFixture(async (hre)=>{\n    const result = await hre.deployments.fixture(fixtureName);\n    if (result.Diamond) {\n        hre.Diamond = await hre.getContractOrFork(\"Kresko\");\n    }\n    return {\n        facets: result.Diamond ? result.Diamond.facets : [],\n        collaterals: hre.collaterals,\n        krAssets: hre.krAssets\n    };\n})();\nthis.facets = fixture.facets || [];\nthis.collaterals = fixture.collaterals;\nthis.krAssets = fixture.krAssets;",
              "err": {},
              "uuid": "0772790e-aa99-4763-94fe-146c59fb099d",
              "parentUUID": "13b28570-3708-4a93-9163-7db0b8762db9",
              "isHook": true,
              "skipped": false
            }
          ],
          "afterHooks": [],
          "tests": [],
          "suites": [
            {
              "uuid": "39c40895-0ea2-4429-82b4-790baece6758",
              "title": "#upgrades",
              "fullFile": "/Users/panukettunen/Projects/kresko-protocol/src/test/diamond/02-upgrades.ts",
              "file": "/src/test/diamond/02-upgrades.ts",
              "beforeHooks": [],
              "afterHooks": [],
              "tests": [
                {
                  "title": "can add a new facet",
                  "fullTitle": "Diamond #upgrades can add a new facet",
                  "timedOut": false,
                  "duration": 350,
                  "state": "passed",
                  "speed": "slow",
                  "pass": true,
                  "fail": false,
                  "pending": false,
                  "context": null,
                  "code": "const Factory = await _smock.smock.mock(\"SmockFacet\");\nconst SmockFacet = await Factory.deploy();\nconst [SmockInitializer] = await _hardhat.default.deploy(\"SmockInit\");\nconst signatures = _hardhat.default.getSignatures([\n    ..._typechain.SmockFacet__factory.abi\n]);\nconst Cut = {\n    facetAddress: SmockFacet.address,\n    functionSelectors: signatures,\n    action: _types.FacetCutAction.Add\n};\nconst initData = await SmockInitializer.populateTransaction.initialize(_hardhat.default.addr.userOne);\nawait _hardhat.default.Diamond.diamondCut([\n    Cut\n], initData.to, initData.data);\nconst TEST_OPERATOR_ROLE = _hardhat.default.ethers.utils.id(\"kresko.test.operator\");\nconst isTestOperator = await _hardhat.default.Diamond.hasRole(TEST_OPERATOR_ROLE, _hardhat.default.addr.userOne);\n// Succesfully added the new operator through the initialization contract\n(0, _chai.expect)(isTestOperator).to.equal(true);\nconst Facet = await _hardhat.default.ethers.getContractAt([\n    ..._typechain.SmockFacet__factory.abi\n], _hardhat.default.Diamond.address);\n// Ensure facet has it's own storage\nconst operatorFromNewStorage = await Facet.operator(); // Retrieved from SmockStorage\n(0, _chai.expect)(operatorFromNewStorage).to.equal(_hardhat.default.addr.userOne);",
                  "err": {},
                  "uuid": "95024be9-3114-43bb-9539-5ee44735fad7",
                  "parentUUID": "39c40895-0ea2-4429-82b4-790baece6758",
                  "isHook": false,
                  "skipped": false
                },
                {
                  "title": "can remove a facet",
                  "fullTitle": "Diamond #upgrades can remove a facet",
                  "timedOut": false,
                  "duration": 372,
                  "state": "passed",
                  "speed": "slow",
                  "pass": true,
                  "fail": false,
                  "pending": false,
                  "context": null,
                  "code": "const NewFacet = await (0, _addfacet.addFacet)({\n    name: \"SmockFacet\",\n    initializerName: \"SmockInit\",\n    initializerArgs: _hardhat.default.addr.userOne\n});\nconst facetsBefore = await _hardhat.default.Diamond.facets();\n(0, _chai.expect)(facetsBefore.filter((f)=>f.facetAddress === NewFacet.address).length).to.equal(1);\nawait (0, _removefacet.removeFacet)({\n    name: \"SmockFacet\"\n});\nconst facetsAfter = await _hardhat.default.Diamond.facets();\n(0, _chai.expect)(facetsBefore.length - facetsAfter.length).to.equal(1);\n(0, _chai.expect)(facetsAfter).to.not.deep.contain(NewFacet.address);",
                  "err": {},
                  "uuid": "01614ef2-fd60-44ce-9859-83e4ee1fde62",
                  "parentUUID": "39c40895-0ea2-4429-82b4-790baece6758",
                  "isHook": false,
                  "skipped": false
                },
                {
                  "title": "can remove a function",
                  "fullTitle": "Diamond #upgrades can remove a function",
                  "timedOut": false,
                  "duration": 59,
                  "state": "passed",
                  "speed": "medium",
                  "pass": true,
                  "fail": false,
                  "pending": false,
                  "context": null,
                  "code": "// Delete acceptOwnership from DiamondOwnershipFacet\n// Check there is no pending owner\nlet pendingOwner = await _hardhat.default.Diamond.pendingOwner();\n(0, _chai.expect)(pendingOwner).to.equal(_hardhat.default.ethers.constants.AddressZero);\n// Transfer to eg. wrong address\nconst wrongOwner = _hardhat.default.addr.nonadmin;\nawait _hardhat.default.Diamond.transferOwnership(wrongOwner);\n// Ensure\npendingOwner = await _hardhat.default.Diamond.pendingOwner();\n(0, _chai.expect)(pendingOwner).to.equal(wrongOwner);\n// Fragment and signature for acceptOwnersip\nconst functionFragment = _hardhat.default.Diamond.interface.functions[\"acceptOwnership()\"];\nconst signature = _hardhat.default.ethers.utils.Interface.getSighash(functionFragment);\nconst facetAddress = await _hardhat.default.Diamond.facetAddress(signature);\nconst functions = await _hardhat.default.Diamond.facetFunctionSelectors(facetAddress);\nconst Cut = {\n    facetAddress: _hardhat.default.ethers.constants.AddressZero,\n    action: _types.FacetCutAction.Remove,\n    functionSelectors: [\n        signature\n    ]\n};\n// We will set a correct owner with delegatecall into the Diamond itself with the cut transaction\nconst correctOwner = _hardhat.default.addr.userOne;\nconst initData = await _hardhat.default.Diamond.populateTransaction.transferOwnership(correctOwner);\nconst tx = await _hardhat.default.Diamond.diamondCut([\n    Cut\n], initData.to, initData.data);\nawait tx.wait();\n// Ensure rest of the functions remain\nconst functionsAfterCut = await _hardhat.default.Diamond.facetFunctionSelectors(facetAddress);\n(0, _chai.expect)(functionsAfterCut.length).to.equal(functions.length - 1);\n// Ensure delegatecall did set the correct pending owner with the cut\nconst filter = _hardhat.default.Diamond.filters[\"PendingOwnershipTransfer(address,address)\"](_hardhat.default.addr.deployer, correctOwner);\nconst [event] = await _hardhat.default.Diamond.queryFilter(filter);\nconst { previousOwner , newOwner  } = event.args;\n(0, _chai.expect)(previousOwner).to.equal(_hardhat.default.addr.deployer);\n(0, _chai.expect)(newOwner).to.equal(correctOwner);\n// Ensure there is no function to accept the ownership\nawait (0, _chai.expect)(_hardhat.default.Diamond.connect(_hardhat.default.users.nonadmin).acceptOwnership()).to.be.revertedWith(_test.Error.DIAMOND_INVALID_FUNCTION_SIGNATURE);",
                  "err": {},
                  "uuid": "47df8b7a-9a11-4cc6-a309-be87b1318852",
                  "parentUUID": "39c40895-0ea2-4429-82b4-790baece6758",
                  "isHook": false,
                  "skipped": false
                },
                {
                  "title": "can replace a function",
                  "fullTitle": "Diamond #upgrades can replace a function",
                  "timedOut": false,
                  "duration": 355,
                  "state": "passed",
                  "speed": "slow",
                  "pass": true,
                  "fail": false,
                  "pending": false,
                  "context": null,
                  "code": "// Same as above but instead replace the function\n// Check there is no pending owner\nlet pendingOwner = await _hardhat.default.Diamond.pendingOwner();\n(0, _chai.expect)(pendingOwner).to.equal(_hardhat.default.ethers.constants.AddressZero);\n// Transfer to eg. wrong address\nconst wrongOwner = _hardhat.default.addr.nonadmin;\nawait _hardhat.default.Diamond.transferOwnership(wrongOwner);\n// Ensure\npendingOwner = await _hardhat.default.Diamond.pendingOwner();\n(0, _chai.expect)(pendingOwner).to.equal(wrongOwner);\n// Fragment and signature for acceptOwnersip\nconst functionFragment = _hardhat.default.Diamond.interface.functions[\"acceptOwnership()\"];\nconst signature = _hardhat.default.ethers.utils.Interface.getSighash(functionFragment);\nconst OldOwnershipFacet = await _hardhat.default.Diamond.facetAddress(signature);\nconst [NewOwnershipFacet, allOwnershipFacetSignatures] = await _hardhat.default.deploy(\"DiamondOwnershipFacet\", {\n    deploymentName: \"DiamondOwnershipFacet2\"\n});\n// Only replace a single function, we could replace all of them\nconst Cut = {\n    facetAddress: NewOwnershipFacet.address,\n    action: _types.FacetCutAction.Replace,\n    functionSelectors: [\n        signature\n    ]\n};\n// We will set a correct owner with delegatecall into the Diamond itself with the cut transaction\nconst correctOwner = _hardhat.default.addr.userOne;\nconst initData = await _hardhat.default.Diamond.populateTransaction.transferOwnership(correctOwner);\nconst tx = await _hardhat.default.Diamond.diamondCut([\n    Cut\n], initData.to, initData.data);\nawait tx.wait();\n// Ensure function exists and revert is for invalid address instead of missing function\nawait (0, _chai.expect)(_hardhat.default.Diamond.connect(_hardhat.default.users.nonadmin).acceptOwnership()).to.be.revertedWith(_test.Error.DIAMOND_INVALID_PENDING_OWNER);\n// Ensure one function is contained in the new facet\nconst functionsNewFacet = await _hardhat.default.Diamond.facetFunctionSelectors(NewOwnershipFacet.address);\n(0, _chai.expect)(functionsNewFacet.length).to.equal(1);\n(0, _chai.expect)(functionsNewFacet).to.have.members([\n    signature\n]);\n// Ensure rest are in the previous one\nconst functionsOldFacet = await _hardhat.default.Diamond.facetFunctionSelectors(OldOwnershipFacet);\n(0, _chai.expect)(functionsOldFacet).to.not.have.members([\n    signature\n]);\n(0, _chai.expect)(functionsOldFacet.length).to.equal(allOwnershipFacetSignatures.length - 1);\n// Ensure correct owner can now accept the ownership\n(0, _chai.expect)(_hardhat.default.Diamond.connect(_hardhat.default.users.userOne).acceptOwnership());\nconst currentOwner = await _hardhat.default.Diamond.owner();\n(0, _chai.expect)(currentOwner).to.equal(correctOwner);",
                  "err": {},
                  "uuid": "e286da06-2b1c-414b-8b4e-11dde0d65896",
                  "parentUUID": "39c40895-0ea2-4429-82b4-790baece6758",
                  "isHook": false,
                  "skipped": false
                },
                {
                  "title": "can upgrade state",
                  "fullTitle": "Diamond #upgrades can upgrade state",
                  "timedOut": false,
                  "duration": 280,
                  "state": "passed",
                  "speed": "slow",
                  "pass": true,
                  "fail": false,
                  "pending": false,
                  "context": null,
                  "code": "(0, _chai.expect)(await _hardhat.default.Diamond.initialized()).to.equal(true);\nconst Factory = await _smock.smock.mock(\"SmockInit\");\nconst SmockInit = await Factory.deploy();\nconst tx = await SmockInit.populateTransaction.upgradeState();\nawait _hardhat.default.Diamond.upgradeState(tx.to, tx.data);\n(0, _chai.expect)(await _hardhat.default.Diamond.initialized()).to.equal(false);",
                  "err": {},
                  "uuid": "72724db2-76e4-4891-ad2d-9ff46b433835",
                  "parentUUID": "39c40895-0ea2-4429-82b4-790baece6758",
                  "isHook": false,
                  "skipped": false
                },
                {
                  "title": "can preserve old state when extending storage layout",
                  "fullTitle": "Diamond #upgrades can preserve old state when extending storage layout",
                  "timedOut": false,
                  "duration": 866,
                  "state": "passed",
                  "speed": "slow",
                  "pass": true,
                  "fail": false,
                  "pending": false,
                  "context": null,
                  "code": "(0, _chai.expect)(await _hardhat.default.Diamond.initialized()).to.equal(true);\n// Add the first facet\nconst Factory = await _smock.smock.mock(\"SmockFacet\");\nconst SmockFacet = await Factory.deploy();\nconst [SmockInitializer] = await _hardhat.default.deploy(\"SmockInit\");\nconst signatures = _hardhat.default.getSignatures([\n    ..._typechain.SmockFacet__factory.abi\n]);\nconst Cut = {\n    facetAddress: SmockFacet.address,\n    functionSelectors: signatures,\n    action: _types.FacetCutAction.Add\n};\nconst initData = await SmockInitializer.populateTransaction.initialize(_hardhat.default.addr.userOne);\nawait _hardhat.default.Diamond.diamondCut([\n    Cut\n], initData.to, initData.data);\nconst Diamond = await _hardhat.default.ethers.getContractAt(\"SmockFacet\", _hardhat.default.Diamond.address);\nconst isInitialized = await Diamond.smockInitialized();\n(0, _chai.expect)(isInitialized).to.equal(true);\n// Add facet with extended state\n// Add the first facet\nconst Factory2 = await _smock.smock.mock(\"SmockFacet2\");\nconst SmockFacet2 = await Factory2.deploy();\nconst signatures2 = _hardhat.default.getSignatures([\n    ..._typechain.SmockFacet2__factory.abi\n]);\nconst Cut2 = {\n    facetAddress: SmockFacet2.address,\n    functionSelectors: signatures2,\n    action: _types.FacetCutAction.Add\n};\n// Initializer only sets the new extended value, does not touch old storage\nconst initData2 = await SmockFacet2.populateTransaction.initialize();\nawait _hardhat.default.Diamond.diamondCut([\n    Cut2\n], initData2.to, initData2.data);\n// Here we have appended the storage layout with the `extended` bool property.\nconst DiamondExtended = await _hardhat.default.ethers.getContractAt(\"SmockFacet2\", _hardhat.default.Diamond.address);\nconst initializedAfterExtend = await DiamondExtended.getOldStructValueFromExtended();\nconst extendedValue = await DiamondExtended.getNewStructValueFromExtended();\n// Old values remain\n(0, _chai.expect)(initializedAfterExtend).to.equal(true);\n// And we get new ones\n(0, _chai.expect)(extendedValue).to.equal(true);",
                  "err": {},
                  "uuid": "a3021c78-09a8-4dba-9841-244d76baf38c",
                  "parentUUID": "39c40895-0ea2-4429-82b4-790baece6758",
                  "isHook": false,
                  "skipped": false
                }
              ],
              "suites": [],
              "passes": [
                "95024be9-3114-43bb-9539-5ee44735fad7",
                "01614ef2-fd60-44ce-9859-83e4ee1fde62",
                "47df8b7a-9a11-4cc6-a309-be87b1318852",
                "e286da06-2b1c-414b-8b4e-11dde0d65896",
                "72724db2-76e4-4891-ad2d-9ff46b433835",
                "a3021c78-09a8-4dba-9841-244d76baf38c"
              ],
              "failures": [],
              "pending": [],
              "skipped": [],
              "duration": 2282,
              "root": false,
              "rootEmpty": false,
              "_timeout": 15000
            }
          ],
          "passes": [],
          "failures": [],
          "pending": [],
          "skipped": [],
          "duration": 0,
          "root": false,
          "rootEmpty": false,
          "_timeout": 15000
        },
        {
          "uuid": "d7ee7bd4-7684-43cc-9c31-c0c6792def71",
          "title": "Forking",
          "fullFile": "/Users/panukettunen/Projects/kresko-protocol/src/test/forking/00-setup.ts",
          "file": "/src/test/forking/00-setup.ts",
          "beforeHooks": [],
          "afterHooks": [],
          "tests": [],
          "suites": [
            {
              "uuid": "2ef20110-0b26-46db-8618-e9b61e936f2a",
              "title": "#setup",
              "fullFile": "/Users/panukettunen/Projects/kresko-protocol/src/test/forking/00-setup.ts",
              "file": "/src/test/forking/00-setup.ts",
              "beforeHooks": [],
              "afterHooks": [],
              "tests": [
                {
                  "title": "should get Kresko from the companion network locally",
                  "fullTitle": "Forking #setup should get Kresko from the companion network locally",
                  "timedOut": false,
                  "duration": 0,
                  "state": "pending",
                  "speed": null,
                  "pass": false,
                  "fail": false,
                  "pending": true,
                  "context": null,
                  "code": "",
                  "err": {},
                  "uuid": "fe7793da-3339-42f7-b828-5eb3c11b8ce8",
                  "parentUUID": "2ef20110-0b26-46db-8618-e9b61e936f2a",
                  "isHook": false,
                  "skipped": false
                }
              ],
              "suites": [],
              "passes": [],
              "failures": [],
              "pending": [
                "fe7793da-3339-42f7-b828-5eb3c11b8ce8"
              ],
              "skipped": [],
              "duration": 0,
              "root": false,
              "rootEmpty": false,
              "_timeout": 15000
            },
            {
              "uuid": "73a59313-afef-462b-8006-3b8942588528",
              "title": "#rate-upgrade-11-04-2023",
              "fullFile": "/Users/panukettunen/Projects/kresko-protocol/src/test/forking/00-setup.ts",
              "file": "/src/test/forking/00-setup.ts",
              "beforeHooks": [],
              "afterHooks": [],
              "tests": [
                {
                  "title": "should be able to deploy facets",
                  "fullTitle": "Forking #rate-upgrade-11-04-2023 should be able to deploy facets",
                  "timedOut": false,
                  "duration": 0,
                  "state": "pending",
                  "speed": null,
                  "pass": false,
                  "fail": false,
                  "pending": true,
                  "context": null,
                  "code": "",
                  "err": {},
                  "uuid": "2cd44575-2eba-4785-a1ca-44c843c58cf4",
                  "parentUUID": "73a59313-afef-462b-8006-3b8942588528",
                  "isHook": false,
                  "skipped": false
                }
              ],
              "suites": [],
              "passes": [],
              "failures": [],
              "pending": [
                "2cd44575-2eba-4785-a1ca-44c843c58cf4"
              ],
              "skipped": [],
              "duration": 0,
              "root": false,
              "rootEmpty": false,
              "_timeout": 15000
            },
            {
              "uuid": "ffe7a816-7753-4f00-a2c8-0dc905d7351a",
              "title": "#facet-upgrade-16-05-2023",
              "fullFile": "/Users/panukettunen/Projects/kresko-protocol/src/test/forking/00-setup.ts",
              "file": "/src/test/forking/00-setup.ts",
              "beforeHooks": [],
              "afterHooks": [],
              "tests": [
                {
                  "title": "works",
                  "fullTitle": "Forking #facet-upgrade-16-05-2023 works",
                  "timedOut": false,
                  "duration": 0,
                  "state": "pending",
                  "speed": null,
                  "pass": false,
                  "fail": false,
                  "pending": true,
                  "context": null,
                  "code": "",
                  "err": {},
                  "uuid": "9fe82e31-5513-490d-a644-7f5829992661",
                  "parentUUID": "ffe7a816-7753-4f00-a2c8-0dc905d7351a",
                  "isHook": false,
                  "skipped": false
                }
              ],
              "suites": [],
              "passes": [],
              "failures": [],
              "pending": [
                "9fe82e31-5513-490d-a644-7f5829992661"
              ],
              "skipped": [],
              "duration": 0,
              "root": false,
              "rootEmpty": false,
              "_timeout": 15000
            }
          ],
          "passes": [],
          "failures": [],
          "pending": [],
          "skipped": [],
          "duration": 0,
          "root": false,
          "rootEmpty": false,
          "_timeout": 15000
        },
        {
          "uuid": "721cea29-ae7d-4127-8be6-b20caec42cb8",
          "title": "KreskoAsset",
          "fullFile": "/Users/panukettunen/Projects/kresko-protocol/src/test/krasset/00-init.ts",
          "file": "/src/test/krasset/00-init.ts",
          "beforeHooks": [
            {
              "title": "\"before each\" hook in \"KreskoAsset\"",
              "fullTitle": "KreskoAsset \"before each\" hook in \"KreskoAsset\"",
              "timedOut": false,
              "duration": 17,
              "state": null,
              "speed": null,
              "pass": false,
              "fail": false,
              "pending": false,
              "context": null,
              "code": "const fixture = await _hardhat.default.deployments.createFixture(async (hre)=>{\n    const result = await hre.deployments.fixture(fixtureName);\n    if (result.Diamond) {\n        hre.Diamond = await hre.getContractOrFork(\"Kresko\");\n    }\n    return {\n        facets: result.Diamond ? result.Diamond.facets : [],\n        collaterals: hre.collaterals,\n        krAssets: hre.krAssets\n    };\n})();\nthis.facets = fixture.facets || [];\nthis.collaterals = fixture.collaterals;\nthis.krAssets = fixture.krAssets;",
              "err": {},
              "uuid": "401ff5bc-ce8d-4581-a228-6b91f017a1b3",
              "parentUUID": "721cea29-ae7d-4127-8be6-b20caec42cb8",
              "isHook": true,
              "skipped": false
            }
          ],
          "afterHooks": [],
          "tests": [],
          "suites": [
            {
              "uuid": "cfe47eaa-8cbd-448e-a9ed-cac37b90486c",
              "title": "#initialization - anchor",
              "fullFile": "/Users/panukettunen/Projects/kresko-protocol/src/test/krasset/00-init.ts",
              "file": "/src/test/krasset/00-init.ts",
              "beforeHooks": [
                {
                  "title": "\"before each\" hook in \"#initialization - anchor\"",
                  "fullTitle": "KreskoAsset #initialization - anchor \"before each\" hook in \"#initialization - anchor\"",
                  "timedOut": false,
                  "duration": 0,
                  "state": null,
                  "speed": null,
                  "pass": false,
                  "fail": false,
                  "pending": false,
                  "context": null,
                  "code": "const deployment = this.krAssets.find((k)=>k.deployArgs.name === name);\nKreskoAsset = deployment.contract;\nKreskoAssetAnchor = deployment.anchor;",
                  "err": {},
                  "uuid": "3af7365a-7e13-466e-99d1-d36ca1a28ba9",
                  "parentUUID": "cfe47eaa-8cbd-448e-a9ed-cac37b90486c",
                  "isHook": true,
                  "skipped": false
                }
              ],
              "afterHooks": [],
              "tests": [
                {
                  "title": "cant initialize twice",
                  "fullTitle": "KreskoAsset #initialization - anchor cant initialize twice",
                  "timedOut": false,
                  "duration": 13,
                  "state": "passed",
                  "speed": "fast",
                  "pass": true,
                  "fail": false,
                  "pending": false,
                  "context": null,
                  "code": "await (0, _chai.expect)(KreskoAsset.initialize(name, symbol, 18, _hardhat.default.addr.deployer, _hardhat.default.Diamond.address)).to.be.revertedWith(_test.Error.ALREADY_INITIALIZED_OZ);",
                  "err": {},
                  "uuid": "3d626a66-0121-4ba0-a972-9aab5fca80b7",
                  "parentUUID": "cfe47eaa-8cbd-448e-a9ed-cac37b90486c",
                  "isHook": false,
                  "skipped": false
                },
                {
                  "title": "cant initialize implementation",
                  "fullTitle": "KreskoAsset #initialization - anchor cant initialize implementation",
                  "timedOut": false,
                  "duration": 24,
                  "state": "passed",
                  "speed": "fast",
                  "pass": true,
                  "fail": false,
                  "pending": false,
                  "context": null,
                  "code": "const deployment = await _hardhat.default.deployments.get(symbol);\nconst implementationAddress = deployment.implementation;\n(0, _chai.expect)(implementationAddress).to.not.equal(_hardhat.default.ethers.constants.AddressZero);\nconst KreskoAssetImpl = await _hardhat.default.ethers.getContractAt(\"KreskoAsset\", implementationAddress);\nawait (0, _chai.expect)(KreskoAssetImpl.initialize(name, symbol, 18, _hardhat.default.addr.deployer, _hardhat.default.Diamond.address)).to.be.revertedWith(_test.Error.ALREADY_INITIALIZED_OZ);",
                  "err": {},
                  "uuid": "280ac03b-28fc-491b-a98f-6cc30fcca59f",
                  "parentUUID": "cfe47eaa-8cbd-448e-a9ed-cac37b90486c",
                  "isHook": false,
                  "skipped": false
                },
                {
                  "title": "sets correct state",
                  "fullTitle": "KreskoAsset #initialization - anchor sets correct state",
                  "timedOut": false,
                  "duration": 41,
                  "state": "passed",
                  "speed": "medium",
                  "pass": true,
                  "fail": false,
                  "pending": false,
                  "context": null,
                  "code": "(0, _chai.expect)(await KreskoAsset.name()).to.equal(name);\n(0, _chai.expect)(await KreskoAsset.symbol()).to.equal(symbol);\n(0, _chai.expect)(await KreskoAsset.kresko()).to.equal(_hardhat.default.Diamond.address);\n(0, _chai.expect)(await KreskoAsset.hasRole(_test.Role.ADMIN, _hardhat.default.addr.deployer)).to.equal(true);\n(0, _chai.expect)(await KreskoAsset.hasRole(_test.Role.OPERATOR, _hardhat.default.Diamond.address)).to.equal(true);\n(0, _chai.expect)(await KreskoAsset.totalSupply()).to.equal(\"200000000000000000000\");\n(0, _chai.expect)(await KreskoAsset.isRebased()).to.equal(false);\nconst rebaseInfo = await KreskoAsset.rebaseInfo();\n(0, _chai.expect)(rebaseInfo.denominator).to.equal(0);\n(0, _chai.expect)(rebaseInfo.positive).to.equal(false);",
                  "err": {},
                  "uuid": "0d2fc623-8bd0-4def-9520-3327fc7f5fc5",
                  "parentUUID": "cfe47eaa-8cbd-448e-a9ed-cac37b90486c",
                  "isHook": false,
                  "skipped": false
                },
                {
                  "title": "can reinitialize metadata",
                  "fullTitle": "KreskoAsset #initialization - anchor can reinitialize metadata",
                  "timedOut": false,
                  "duration": 22,
                  "state": "passed",
                  "speed": "fast",
                  "pass": true,
                  "fail": false,
                  "pending": false,
                  "context": null,
                  "code": "const newName = \"foo\";\nconst newSymbol = \"bar\";\nawait (0, _chai.expect)(KreskoAsset.reinitializeERC20(newName, newSymbol, 2)).to.not.be.revertedWith(_test.Error.ALREADY_INITIALIZED_OZ);\n(0, _chai.expect)(await KreskoAsset.name()).to.equal(newName);\n(0, _chai.expect)(await KreskoAsset.symbol()).to.equal(newSymbol);",
                  "err": {},
                  "uuid": "56eb5577-5cfe-4bb5-90ee-41042736abe7",
                  "parentUUID": "cfe47eaa-8cbd-448e-a9ed-cac37b90486c",
                  "isHook": false,
                  "skipped": false
                }
              ],
              "suites": [],
              "passes": [
                "3d626a66-0121-4ba0-a972-9aab5fca80b7",
                "280ac03b-28fc-491b-a98f-6cc30fcca59f",
                "0d2fc623-8bd0-4def-9520-3327fc7f5fc5",
                "56eb5577-5cfe-4bb5-90ee-41042736abe7"
              ],
              "failures": [],
              "pending": [],
              "skipped": [],
              "duration": 100,
              "root": false,
              "rootEmpty": false,
              "_timeout": 15000
            },
            {
              "uuid": "aa5b96fa-0203-42f8-a5ec-8718f98ae774",
              "title": "#initialization - wrapped",
              "fullFile": "/Users/panukettunen/Projects/kresko-protocol/src/test/krasset/00-init.ts",
              "file": "/src/test/krasset/00-init.ts",
              "beforeHooks": [
                {
                  "title": "\"before each\" hook in \"#initialization - wrapped\"",
                  "fullTitle": "KreskoAsset #initialization - wrapped \"before each\" hook in \"#initialization - wrapped\"",
                  "timedOut": false,
                  "duration": 0,
                  "state": null,
                  "speed": null,
                  "pass": false,
                  "fail": false,
                  "pending": false,
                  "context": null,
                  "code": "const deployment = _hardhat.default.krAssets.find((k)=>k.deployArgs.name === name);\nKreskoAsset = deployment.contract;\nKreskoAssetAnchor = deployment.anchor;",
                  "err": {},
                  "uuid": "67242fef-cdee-4fc0-b3b8-76ca5791ed2f",
                  "parentUUID": "aa5b96fa-0203-42f8-a5ec-8718f98ae774",
                  "isHook": true,
                  "skipped": false
                }
              ],
              "afterHooks": [],
              "tests": [
                {
                  "title": "cant initialize twice",
                  "fullTitle": "KreskoAsset #initialization - wrapped cant initialize twice",
                  "timedOut": false,
                  "duration": 11,
                  "state": "passed",
                  "speed": "fast",
                  "pass": true,
                  "fail": false,
                  "pending": false,
                  "context": null,
                  "code": "await (0, _chai.expect)(KreskoAssetAnchor.initialize(KreskoAsset.address, name, symbol, _hardhat.default.addr.deployer)).to.be.revertedWith(_test.Error.ALREADY_INITIALIZED_OZ);",
                  "err": {},
                  "uuid": "a145f831-cfc8-4101-a76c-1d3bc930a0af",
                  "parentUUID": "aa5b96fa-0203-42f8-a5ec-8718f98ae774",
                  "isHook": false,
                  "skipped": false
                },
                {
                  "title": "cant initialize implementation",
                  "fullTitle": "KreskoAsset #initialization - wrapped cant initialize implementation",
                  "timedOut": false,
                  "duration": 23,
                  "state": "passed",
                  "speed": "fast",
                  "pass": true,
                  "fail": false,
                  "pending": false,
                  "context": null,
                  "code": "const deployment = await _hardhat.default.deployments.get(_shared.anchorTokenPrefix + symbol);\nconst implementationAddress = deployment.implementation;\n(0, _chai.expect)(implementationAddress).to.not.equal(_hardhat.default.ethers.constants.AddressZero);\nconst KreskoAssetAnchorImpl = await _hardhat.default.ethers.getContractAt(\"KreskoAssetAnchor\", implementationAddress);\nawait (0, _chai.expect)(KreskoAssetAnchorImpl.initialize(KreskoAsset.address, name, symbol, _hardhat.default.addr.deployer)).to.be.revertedWith(_test.Error.ALREADY_INITIALIZED_OZ);",
                  "err": {},
                  "uuid": "7839a8a2-14cc-46c0-a011-fe7f3f90f68b",
                  "parentUUID": "aa5b96fa-0203-42f8-a5ec-8718f98ae774",
                  "isHook": false,
                  "skipped": false
                },
                {
                  "title": "can reinitialize metadata",
                  "fullTitle": "KreskoAsset #initialization - wrapped can reinitialize metadata",
                  "timedOut": false,
                  "duration": 20,
                  "state": "passed",
                  "speed": "fast",
                  "pass": true,
                  "fail": false,
                  "pending": false,
                  "context": null,
                  "code": "const newName = \"foo\";\nconst newSymbol = \"bar\";\nawait (0, _chai.expect)(KreskoAssetAnchor.reinitializeERC20(newName, newSymbol, 2)).to.not.be.revertedWith(_test.Error.ALREADY_INITIALIZED_OZ);\n(0, _chai.expect)(await KreskoAssetAnchor.name()).to.equal(newName);\n(0, _chai.expect)(await KreskoAssetAnchor.symbol()).to.equal(newSymbol);",
                  "err": {},
                  "uuid": "b849b1a5-8c0f-4778-87b2-8f51f537083c",
                  "parentUUID": "aa5b96fa-0203-42f8-a5ec-8718f98ae774",
                  "isHook": false,
                  "skipped": false
                },
                {
                  "title": "sets correct state",
                  "fullTitle": "KreskoAsset #initialization - wrapped sets correct state",
                  "timedOut": false,
                  "duration": 50,
                  "state": "passed",
                  "speed": "medium",
                  "pass": true,
                  "fail": false,
                  "pending": false,
                  "context": null,
                  "code": "(0, _chai.expect)(await KreskoAssetAnchor.name()).to.equal(name);\n(0, _chai.expect)(await KreskoAssetAnchor.symbol()).to.equal(_shared.anchorTokenPrefix + symbol);\n(0, _chai.expect)(await KreskoAssetAnchor.asset()).to.equal(KreskoAsset.address);\n(0, _chai.expect)(await KreskoAssetAnchor.hasRole(_test.Role.ADMIN, _hardhat.default.addr.deployer)).to.equal(true);\n(0, _chai.expect)(await KreskoAssetAnchor.hasRole(_test.Role.OPERATOR, _hardhat.default.Diamond.address)).to.equal(true);\n(0, _chai.expect)(await KreskoAssetAnchor.totalSupply()).to.equal(\"200000000000000000000\");\n(0, _chai.expect)(await KreskoAssetAnchor.totalAssets()).to.equal(await KreskoAsset.totalSupply());\nconst rebaseInfo = await KreskoAsset.rebaseInfo();\n(0, _chai.expect)(rebaseInfo.denominator).to.equal(0);\n(0, _chai.expect)(rebaseInfo.positive).to.equal(false);",
                  "err": {},
                  "uuid": "f37f3155-51ab-4c02-855b-6ac9afab132e",
                  "parentUUID": "aa5b96fa-0203-42f8-a5ec-8718f98ae774",
                  "isHook": false,
                  "skipped": false
                }
              ],
              "suites": [],
              "passes": [
                "a145f831-cfc8-4101-a76c-1d3bc930a0af",
                "7839a8a2-14cc-46c0-a011-fe7f3f90f68b",
                "b849b1a5-8c0f-4778-87b2-8f51f537083c",
                "f37f3155-51ab-4c02-855b-6ac9afab132e"
              ],
              "failures": [],
              "pending": [],
              "skipped": [],
              "duration": 104,
              "root": false,
              "rootEmpty": false,
              "_timeout": 15000
            }
          ],
          "passes": [],
          "failures": [],
          "pending": [],
          "skipped": [],
          "duration": 0,
          "root": false,
          "rootEmpty": false,
          "_timeout": 15000
        },
        {
          "uuid": "c90199f4-18fb-4ccb-9b45-79248351666f",
          "title": "KreskoAsset",
          "fullFile": "/Users/panukettunen/Projects/kresko-protocol/src/test/krasset/01-erc20.ts",
          "file": "/src/test/krasset/01-erc20.ts",
          "beforeHooks": [
            {
              "title": "\"before each\" hook in \"KreskoAsset\"",
              "fullTitle": "KreskoAsset \"before each\" hook in \"KreskoAsset\"",
              "timedOut": false,
              "duration": 17,
              "state": null,
              "speed": null,
              "pass": false,
              "fail": false,
              "pending": false,
              "context": null,
              "code": "const fixture = await _hardhat.default.deployments.createFixture(async (hre)=>{\n    const result = await hre.deployments.fixture(fixtureName);\n    if (result.Diamond) {\n        hre.Diamond = await hre.getContractOrFork(\"Kresko\");\n    }\n    return {\n        facets: result.Diamond ? result.Diamond.facets : [],\n        collaterals: hre.collaterals,\n        krAssets: hre.krAssets\n    };\n})();\nthis.facets = fixture.facets || [];\nthis.collaterals = fixture.collaterals;\nthis.krAssets = fixture.krAssets;",
              "err": {},
              "uuid": "e5545c38-43e1-4a2e-a86b-4f43d1098826",
              "parentUUID": "c90199f4-18fb-4ccb-9b45-79248351666f",
              "isHook": true,
              "skipped": false
            },
            {
              "title": "\"before each\" hook in \"KreskoAsset\"",
              "fullTitle": "KreskoAsset \"before each\" hook in \"KreskoAsset\"",
              "timedOut": false,
              "duration": 20,
              "state": null,
              "speed": null,
              "pass": false,
              "fail": false,
              "pending": false,
              "context": null,
              "code": "this.owner = _hardhat.default.users.deployer;\nthis.krAsset = _hardhat.default.krAssets.find((asset)=>asset.deployArgs.symbol === _test.defaultKrAssetArgs.symbol);\nthis.mintAmount = 125;\nawait this.krAsset.contract.grantRole(_test.Role.OPERATOR, this.owner.address);",
              "err": {},
              "uuid": "cbeaef25-da1c-41e4-bb83-572e680f32eb",
              "parentUUID": "c90199f4-18fb-4ccb-9b45-79248351666f",
              "isHook": true,
              "skipped": false
            }
          ],
          "afterHooks": [],
          "tests": [],
          "suites": [
            {
              "uuid": "ac4f9207-a2da-4f2b-9972-2fcc2ba4716c",
              "title": "#mint",
              "fullFile": "/Users/panukettunen/Projects/kresko-protocol/src/test/krasset/01-erc20.ts",
              "file": "/src/test/krasset/01-erc20.ts",
              "beforeHooks": [],
              "afterHooks": [],
              "tests": [
                {
                  "title": "should allow the owner to mint to their own address",
                  "fullTitle": "KreskoAsset #mint should allow the owner to mint to their own address",
                  "timedOut": false,
                  "duration": 30,
                  "state": "passed",
                  "speed": "fast",
                  "pass": true,
                  "fail": false,
                  "pending": false,
                  "context": null,
                  "code": "(0, _chai.expect)(await this.krAsset.contract.totalSupply()).to.equal(0);\n(0, _chai.expect)(await this.krAsset.contract.balanceOf(this.owner.address)).to.equal(0);\nawait this.krAsset.contract.connect(this.owner).mint(this.owner.address, this.mintAmount);\n// Check total supply and owner's balances increased\n(0, _chai.expect)(await this.krAsset.contract.totalSupply()).to.equal(this.mintAmount);\n(0, _chai.expect)(await this.krAsset.contract.balanceOf(this.owner.address)).to.equal(this.mintAmount);",
                  "err": {},
                  "uuid": "482d1a6d-0526-44ed-95ab-919e34ba25bc",
                  "parentUUID": "ac4f9207-a2da-4f2b-9972-2fcc2ba4716c",
                  "isHook": false,
                  "skipped": false
                },
                {
                  "title": "should allow the asset owner to mint to another address",
                  "fullTitle": "KreskoAsset #mint should allow the asset owner to mint to another address",
                  "timedOut": false,
                  "duration": 26,
                  "state": "passed",
                  "speed": "fast",
                  "pass": true,
                  "fail": false,
                  "pending": false,
                  "context": null,
                  "code": "(0, _chai.expect)(await this.krAsset.contract.totalSupply()).to.equal(0);\n(0, _chai.expect)(await this.krAsset.contract.balanceOf(_hardhat.default.users.userOne.address)).to.equal(0);\nawait this.krAsset.contract.connect(this.owner).mint(_hardhat.default.users.userOne.address, this.mintAmount);\n// Check total supply and user's balances increased\n(0, _chai.expect)(await this.krAsset.contract.totalSupply()).to.equal(this.mintAmount);\n(0, _chai.expect)(await this.krAsset.contract.balanceOf(_hardhat.default.users.userOne.address)).to.equal(this.mintAmount);",
                  "err": {},
                  "uuid": "ce79512f-abf9-4c5a-b795-fdc4169c892f",
                  "parentUUID": "ac4f9207-a2da-4f2b-9972-2fcc2ba4716c",
                  "isHook": false,
                  "skipped": false
                },
                {
                  "title": "should not allow non-owner addresses to mint tokens",
                  "fullTitle": "KreskoAsset #mint should not allow non-owner addresses to mint tokens",
                  "timedOut": false,
                  "duration": 43,
                  "state": "passed",
                  "speed": "medium",
                  "pass": true,
                  "fail": false,
                  "pending": false,
                  "context": null,
                  "code": "(0, _chai.expect)(await this.krAsset.contract.totalSupply()).to.equal(0);\n(0, _chai.expect)(await this.krAsset.contract.balanceOf(this.owner.address)).to.equal(0);\nawait (0, _chai.expect)(this.krAsset.contract.connect(_hardhat.default.users.userOne).mint(this.owner.address, this.mintAmount)).to.be.revertedWith(`AccessControl: account ${_hardhat.default.users.userOne.address.toLowerCase()} is missing role 0x112e48a576fb3a75acc75d9fcf6e0bc670b27b1dbcd2463502e10e68cf57d6fd`);\n// Check total supply and all account balances unchanged\n(0, _chai.expect)(await this.krAsset.contract.totalSupply()).to.equal(0);\n(0, _chai.expect)(await this.krAsset.contract.balanceOf(this.owner.address)).to.equal(0);\n(0, _chai.expect)(await this.krAsset.contract.balanceOf(_hardhat.default.users.userOne.address)).to.equal(0);",
                  "err": {},
                  "uuid": "7416932d-37db-4930-bce1-1c0913c05eff",
                  "parentUUID": "ac4f9207-a2da-4f2b-9972-2fcc2ba4716c",
                  "isHook": false,
                  "skipped": false
                },
                {
                  "title": "should not allow admin to mint tokens",
                  "fullTitle": "KreskoAsset #mint should not allow admin to mint tokens",
                  "timedOut": false,
[...]
                  "err": {},
                  "uuid": "fe213434-3a18-4b9f-8950-6d043babdcd6",
                  "parentUUID": "01481bb4-e71d-4f53-bb0d-fa51cea63829",
                  "isHook": false,
                  "skipped": false
                }
              ],
              "suites": [],
              "passes": [
                "2229e281-6d48-4609-b672-c9ba068dcd27",
                "cd7cae2c-9fd4-43a0-bafe-8e4ebf93f050",
                "da0d050b-236a-40a3-af7a-4e48d1e36124",
                "28b06809-ee73-451e-aaf1-ff77c691c781",
                "3f5b1138-ac76-443f-8664-633d6ad7cc50",
                "8ddc3ea7-fa37-407b-bb19-953140fc5e58",
                "ea538717-ae08-45dc-842e-66f985184689",
                "7c571840-ccba-44d3-a046-9470949875a5",
                "16d507b0-f196-4265-8adb-030ec7d3adba",
                "99962d50-1e74-4a79-b4b9-37a5478960b6",
                "fe213434-3a18-4b9f-8950-6d043babdcd6"
              ],
              "failures": [],
              "pending": [],
              "skipped": [],
              "duration": 20658,
              "root": false,
              "rootEmpty": false,
              "_timeout": 15000
            }
          ],
          "passes": [],
          "failures": [],
          "pending": [],
          "skipped": [],
          "duration": 0,
          "root": false,
          "rootEmpty": false,
          "_timeout": 15000
        },
        {
          "uuid": "c783b34f-49d2-4b34-bed5-e7a4db021724",
          "title": "Stability Rates",
          "fullFile": "/Users/panukettunen/Projects/kresko-protocol/src/test/stability-rate/03-liquidation.ts",
          "file": "/src/test/stability-rate/03-liquidation.ts",
          "beforeHooks": [
            {
              "title": "\"before each\" hook in \"Stability Rates\"",
              "fullTitle": "Stability Rates \"before each\" hook in \"Stability Rates\"",
              "timedOut": false,
              "duration": 19,
              "state": null,
              "speed": null,
              "pass": false,
              "fail": false,
              "pending": false,
              "context": null,
              "code": "const fixture = await _hardhat.default.deployments.createFixture(async (hre)=>{\n    const result = await hre.deployments.fixture(fixtureName);\n    if (result.Diamond) {\n        hre.Diamond = await hre.getContractOrFork(\"Kresko\");\n    }\n    return {\n        facets: result.Diamond ? result.Diamond.facets : [],\n        collaterals: hre.collaterals,\n        krAssets: hre.krAssets\n    };\n})();\nthis.facets = fixture.facets || [];\nthis.collaterals = fixture.collaterals;\nthis.krAssets = fixture.krAssets;",
              "err": {},
              "uuid": "f9bbe41e-8828-45e1-8b7a-53587f787d47",
              "parentUUID": "c783b34f-49d2-4b34-bed5-e7a4db021724",
              "isHook": true,
              "skipped": false
            },
            {
              "title": "\"before each\" hook in \"Stability Rates\"",
              "fullTitle": "Stability Rates \"before each\" hook in \"Stability Rates\"",
              "timedOut": false,
              "duration": 531,
              "state": null,
              "speed": null,
              "pass": false,
              "fail": false,
              "pending": false,
              "context": null,
              "code": "liquidator = _hardhat.default.users.deployer;\nuserTwo = _hardhat.default.users.userTwo;\nthis.krAsset = _hardhat.default.krAssets.find((c)=>c.deployArgs.name === _test.defaultKrAssetArgs.name);\nthis.collateral = _hardhat.default.collaterals.find((c)=>c.deployArgs.name === _test.defaultCollateralArgs.name);\nconst krAssetOraclePrice = 10;\nthis.krAsset.setPrice(krAssetOraclePrice);\nconst cLiq = (0, _lib.toBig)(1000);\nconst kLiq = (0, _lib.toBig)(100);\nawait this.collateral.setBalance(liquidator, cLiq.mul(2));\nawait (0, _collaterals.depositCollateral)({\n    asset: this.collateral,\n    amount: cLiq,\n    user: liquidator\n});\nawait (0, _krassets.mintKrAsset)({\n    asset: this.krAsset,\n    amount: kLiq,\n    user: liquidator\n});\nconst anchorBalance = await this.krAsset.anchor.balanceOf(_hardhat.default.Diamond.address);\n(0, _chai.expect)(anchorBalance).to.equal(kLiq);\n// 1000/100 = krAsset amm price 10\nconst pair = await (0, _amm.addLiquidity)({\n    user: liquidator,\n    router: _hardhat.default.UniV2Router,\n    amount0: cLiq,\n    amount1: kLiq,\n    token0: this.collateral,\n    token1: this.krAsset\n});\nupdateTWAP = (0, _amm.getTWAPUpdaterFor)(pair.address);\nawait _hardhat.default.UniV2Oracle.initPair(pair.address, this.krAsset.address, 60 * 60);\nawait updateTWAP();",
              "err": {},
              "uuid": "57db43a0-78c4-46ef-ba7a-77f0ba82181a",
              "parentUUID": "c783b34f-49d2-4b34-bed5-e7a4db021724",
              "isHook": true,
              "skipped": false
            }
          ],
          "afterHooks": [],
          "tests": [],
          "suites": [
            {
              "uuid": "05d31518-991d-4ad5-b342-78c1172acb39",
              "title": "#stability rate - liquidation",
              "fullFile": "/Users/panukettunen/Projects/kresko-protocol/src/test/stability-rate/03-liquidation.ts",
              "file": "/src/test/stability-rate/03-liquidation.ts",
              "beforeHooks": [
                {
                  "title": "\"before each\" hook in \"#stability rate - liquidation\"",
                  "fullTitle": "Stability Rates #stability rate - liquidation \"before each\" hook in \"#stability rate - liquidation\"",
                  "timedOut": false,
                  "duration": 4680,
                  "state": null,
                  "speed": null,
                  "pass": false,
                  "fail": false,
                  "pending": false,
                  "context": null,
                  "code": "await this.collateral.setBalance(userTwo, depositAmount);\n// Create few krAssets\nkrAssets = await Promise.all([\n    \"krasset2\",\n    \"krasset3\",\n    \"krasset4\"\n].map(async (name)=>await (0, _krassets.addMockKreskoAsset)({\n        name: name,\n        symbol: name,\n        marketOpen: true,\n        factor: 1.1,\n        closeFee: 0,\n        openFee: 0,\n        price: 10,\n        supplyLimit: 2000,\n        stabilityRateBase: _test.BASIS_POINT.mul(1000)\n    })));",
                  "err": {},
                  "uuid": "e8760c97-f31d-40b6-8884-9ffadb75bef9",
                  "parentUUID": "05d31518-991d-4ad5-b342-78c1172acb39",
                  "isHook": true,
                  "skipped": false
                }
              ],
              "afterHooks": [],
              "tests": [
                {
                  "title": "cannot liquidate accrued interest of healthy account",
                  "fullTitle": "Stability Rates #stability rate - liquidation cannot liquidate accrued interest of healthy account",
                  "timedOut": false,
                  "duration": 571,
                  "state": "passed",
                  "speed": "slow",
                  "pass": true,
                  "fail": false,
                  "pending": false,
                  "context": null,
                  "code": "await this.collateral.setBalance(userTwo, depositAmount);\n// Deposit a bit more to cover the mints\nawait (0, _collaterals.depositCollateral)({\n    asset: this.collateral,\n    amount: depositAmount,\n    user: userTwo\n});\n// mint each krasset\nawait Promise.all(krAssets.map((krAsset)=>(0, _krassets.mintKrAsset)({\n        asset: krAsset,\n        amount: mintAmount,\n        user: userTwo\n    })));\nawait _hardhatnetworkhelpers.time.increase(_calculations.ONE_YEAR);\nconst krAsset = krAssets[0];\n(0, _chai.expect)(await _hardhat.default.Diamond.isAccountLiquidatable(userTwo.address)).to.be.false;\nawait (0, _chai.expect)(_hardhat.default.Diamond.connect(liquidator).liquidateInterest(userTwo.address, krAsset.address, this.collateral.address)).to.be.revertedWith(_errors.Error.NOT_LIQUIDATABLE);",
                  "err": {},
                  "uuid": "51b86ecf-aad1-4623-9d48-af0a083096f9",
                  "parentUUID": "05d31518-991d-4ad5-b342-78c1172acb39",
                  "isHook": false,
                  "skipped": false
                },
                {
                  "title": "cannot batch liquidate accrued interest of healthy account",
                  "fullTitle": "Stability Rates #stability rate - liquidation cannot batch liquidate accrued interest of healthy account",
                  "timedOut": false,
                  "duration": 614,
                  "state": "passed",
                  "speed": "slow",
                  "pass": true,
                  "fail": false,
                  "pending": false,
                  "context": null,
                  "code": "await this.collateral.setBalance(userTwo, depositAmount);\n// Deposit a bit more to cover the mints\nawait (0, _collaterals.depositCollateral)({\n    asset: this.collateral,\n    amount: depositAmount,\n    user: userTwo\n});\n// mint each krasset\nawait Promise.all(krAssets.map((krAsset)=>(0, _krassets.mintKrAsset)({\n        asset: krAsset,\n        amount: mintAmount,\n        user: userTwo\n    })));\nawait _hardhatnetworkhelpers.time.increase(_calculations.ONE_YEAR);\n(0, _chai.expect)(await _hardhat.default.Diamond.isAccountLiquidatable(userTwo.address)).to.be.false;\nawait (0, _chai.expect)(_hardhat.default.Diamond.connect(liquidator).batchLiquidateInterest(userTwo.address, this.collateral.address)).to.be.revertedWith(_errors.Error.NOT_LIQUIDATABLE);",
                  "err": {},
                  "uuid": "2726a91b-b779-4c8c-bb4f-dfeda47a4058",
                  "parentUUID": "05d31518-991d-4ad5-b342-78c1172acb39",
                  "isHook": false,
                  "skipped": false
                },
                {
                  "title": "can liquidate accrued interest of unhealthy account",
                  "fullTitle": "Stability Rates #stability rate - liquidation can liquidate accrued interest of unhealthy account",
                  "timedOut": false,
                  "duration": 1485,
                  "state": "passed",
                  "speed": "slow",
                  "pass": true,
                  "fail": false,
                  "pending": false,
                  "context": null,
                  "code": "const KISS = await _hardhat.default.getContractOrFork(\"KISS\");\n// mint each krasset\nawait Promise.all([\n    await KISS.connect(liquidator).approve(_hardhat.default.Diamond.address, _hardhat.default.ethers.constants.MaxUint256),\n    await this.collateral.setBalance(userTwo, depositAmount),\n    // Deposit a bit more to cover the mints\n    await (0, _collaterals.depositCollateral)({\n        asset: this.collateral,\n        amount: depositAmount,\n        user: userTwo\n    }),\n    ...krAssets.map((krAsset)=>(0, _krassets.mintKrAsset)({\n            asset: krAsset,\n            amount: mintAmount,\n            user: userTwo\n        }))\n]);\n// Up the asset prices\nconst newPrice = 15;\nkrAssets.map((asset)=>asset.setPrice(newPrice));\n// increase time so account is liquidatable\n(0, _chai.expect)(await _hardhat.default.Diamond.isAccountLiquidatable(userTwo.address)).to.be.false;\nawait _hardhatnetworkhelpers.time.increase(_calculations.ONE_YEAR * 4);\n// should be liquidatable\n(0, _chai.expect)(await _hardhat.default.Diamond.isAccountLiquidatable(userTwo.address)).to.be.true;\n// Asset to liquidate\nconst krAsset = krAssets[0];\nconst interestUSDTotal = await _hardhat.default.Diamond.kreskoAssetDebtInterestTotal(userTwo.address);\n// Liquidator mints KISS\nawait (0, _krassets.mintKrAsset)({\n    asset: KISS,\n    amount: interestUSDTotal.add((0, _lib.toBig)(1)),\n    user: liquidator\n});\n// liquidatable value total before\nconst accruedKissInterest = (0, _lib.fromBig)((await _hardhat.default.Diamond.kreskoAssetDebtInterest(userTwo.address, krAsset.address)).kissAmount);\nconst accountCollateralBefore = await _hardhat.default.Diamond.collateralDeposits(userTwo.address, this.collateral.address);\n// Wipe seized collateral balance before liquidation for easy comparison\nawait this.collateral.setBalance(liquidator, (0, _lib.toBig)(0));\n// Liquidate\nconst tx = await _hardhat.default.Diamond.connect(liquidator).liquidateInterest(userTwo.address, krAsset.address, this.collateral.address);\n// Should all be wiped\nconst interestAccruedAfterLiq = await _hardhat.default.Diamond.kreskoAssetDebtInterest(userTwo.address, krAsset.address);\n(0, _chai.expect)(interestAccruedAfterLiq.kissAmount).to.eq(0);\n(0, _chai.expect)(interestAccruedAfterLiq.assetAmount).to.eq(0);\nconst accountCollateralAfter = await _hardhat.default.Diamond.collateralDeposits(userTwo.address, this.collateral.address);\nconst event = await (0, _lib.getInternalEvent)(tx, _hardhat.default.Diamond, \"InterestLiquidationOccurred\");\n// validate interest accrual changes\n(0, _chai.expect)(accountCollateralAfter).to.equal(accountCollateralBefore.sub(event.collateralSent));\nconst liquidationIncentive = (0, _lib.fromBig)((await _hardhat.default.Diamond.collateralAsset(this.collateral.address)).liquidationIncentive);\nconst expectedCollateral = accruedKissInterest / (0, _lib.fromBig)(await this.collateral.getPrice(), 8) * liquidationIncentive;\n// event validation\n(0, _chai.expect)(event.account).to.equal(userTwo.address);\n(0, _chai.expect)(event.liquidator).to.equal(liquidator.address);\n(0, _chai.expect)(event.repayKreskoAsset).to.equal(krAsset.address);\n(0, _chai.expect)(event.seizedCollateralAsset).to.equal(this.collateral.address);\n(0, _chai.expect)((0, _lib.fromBig)(event.repayUSD)).to.closeTo(accruedKissInterest, 0.0001);\n(0, _chai.expect)((0, _lib.fromBig)(event.collateralSent).toFixed(6)).to.equal(expectedCollateral.toFixed(6));\n// liquidator received collateral\n(0, _chai.expect)(await this.collateral.contract.balanceOf(liquidator.address)).to.equal(event.collateralSent);",
                  "err": {},
                  "uuid": "d55be198-0572-410b-9200-fbd7a5ae3e97",
                  "parentUUID": "05d31518-991d-4ad5-b342-78c1172acb39",
                  "isHook": false,
                  "skipped": false
                },
                {
                  "title": "can batch liquidate accrued interest of unhealthy account",
                  "fullTitle": "Stability Rates #stability rate - liquidation can batch liquidate accrued interest of unhealthy account",
                  "timedOut": false,
                  "duration": 1828,
                  "state": "passed",
                  "speed": "slow",
                  "pass": true,
                  "fail": false,
                  "pending": false,
                  "context": null,
                  "code": "const KISS = await _hardhat.default.getContractOrFork(\"KISS\");\nawait KISS.connect(liquidator).approve(_hardhat.default.Diamond.address, _hardhat.default.ethers.constants.MaxUint256);\nawait this.collateral.setBalance(userTwo, depositAmount);\n// Deposit a bit more to cover the mints\nawait (0, _collaterals.depositCollateral)({\n    asset: this.collateral,\n    amount: depositAmount,\n    user: userTwo\n});\n// mint each krasset\nawait Promise.all(krAssets.map((krAsset)=>(0, _krassets.mintKrAsset)({\n        asset: krAsset,\n        amount: mintAmount,\n        user: userTwo\n    })));\n// Up the asset prices\nconst newPrice = 15;\nkrAssets.map((asset)=>asset.setPrice(newPrice));\n// increase time so account is liquidatable\n(0, _chai.expect)(await _hardhat.default.Diamond.isAccountLiquidatable(userTwo.address)).to.be.false;\nawait _hardhatnetworkhelpers.time.increase(_calculations.ONE_YEAR * 4);\n// should be liquidatable\n(0, _chai.expect)(await _hardhat.default.Diamond.isAccountLiquidatable(userTwo.address)).to.be.true;\nconst interestKissTotal = (0, _lib.fromBig)(await _hardhat.default.Diamond.kreskoAssetDebtInterestTotal(userTwo.address));\n// Liquidator mints KISS\nawait (0, _krassets.mintKrAsset)({\n    asset: KISS,\n    amount: interestKissTotal + 1,\n    user: liquidator\n});\n// Wipe seized collateral balance before liquidation for easy comparison\nawait this.collateral.setBalance(liquidator, (0, _lib.toBig)(0));\n// Liquidate\nconst tx = await _hardhat.default.Diamond.connect(liquidator).batchLiquidateInterest(userTwo.address, this.collateral.address);\nconst interestKissTotalAfter = (0, _lib.fromBig)(await _hardhat.default.Diamond.kreskoAssetDebtInterestTotal(userTwo.address));\n(0, _chai.expect)(await _hardhat.default.Diamond.isAccountLiquidatable(userTwo.address)).to.be.false;\nconst event = await (0, _lib.getInternalEvent)(tx, _hardhat.default.Diamond, \"BatchInterestLiquidationOccurred\");\nconst repayUSD = (0, _lib.fromBig)(event.repayUSD);\n// interest accrued changes\n(0, _chai.expect)(interestKissTotalAfter).to.closeTo(interestKissTotal - (0, _lib.fromBig)(event.repayUSD), 0.0001);\nconst liquidationIncentive = (0, _lib.fromBig)((await _hardhat.default.Diamond.collateralAsset(this.collateral.address)).liquidationIncentive);\nconst expectedCollateral = repayUSD / (0, _lib.fromBig)(await this.collateral.getPrice(), 8) * liquidationIncentive;\n// event validation\n(0, _chai.expect)(event.account).to.equal(userTwo.address);\n(0, _chai.expect)(event.liquidator).to.equal(liquidator.address);\n(0, _chai.expect)(event.seizedCollateralAsset).to.equal(this.collateral.address);\n(0, _chai.expect)((0, _lib.fromBig)(event.collateralSent)).to.closeTo(expectedCollateral, 0.0001);\n(0, _chai.expect)(repayUSD).to.closeTo(interestKissTotal - interestKissTotalAfter, 0.0001);\n// liquidator received collateral\n(0, _chai.expect)(await this.collateral.contract.balanceOf(liquidator.address)).to.equal(event.collateralSent);",
                  "err": {},
                  "uuid": "f531f1e2-1750-42ba-a56d-4da8cda08c11",
                  "parentUUID": "05d31518-991d-4ad5-b342-78c1172acb39",
                  "isHook": false,
                  "skipped": false
                }
              ],
              "suites": [],
              "passes": [
                "51b86ecf-aad1-4623-9d48-af0a083096f9",
                "2726a91b-b779-4c8c-bb4f-dfeda47a4058",
                "d55be198-0572-410b-9200-fbd7a5ae3e97",
                "f531f1e2-1750-42ba-a56d-4da8cda08c11"
              ],
              "failures": [],
              "pending": [],
              "skipped": [],
              "duration": 4498,
              "root": false,
              "rootEmpty": false,
              "_timeout": 15000
            }
          ],
          "passes": [],
          "failures": [],
          "pending": [],
          "skipped": [],
          "duration": 0,
          "root": false,
          "rootEmpty": false,
          "_timeout": 15000
        }
      ],
      "passes": [],
      "failures": [],
      "pending": [],
      "skipped": [],
      "duration": 0,
      "root": true,
      "rootEmpty": true,
      "_timeout": 15000
    }
  ],
  "meta": {
    "mocha": {
      "version": "10.2.0"
    },
    "mochawesome": {
      "options": {
        "quiet": false,
        "reportFilename": "mochawesome",
        "saveHtml": true,
        "saveJson": true,
        "consoleReporter": "spec",
        "useInlineDiffs": false,
        "code": true
      },
      "version": "7.1.3"
    },
    "marge": {
      "options": null,
      "version": "6.2.0"
    }
  }
}