{
  "stats": {
    "suites": 77,
    "tests": 234,
    "passes": 232,
    "pending": 2,
    "failures": 0,
    "start": "2023-02-23T01:45:33.900Z",
    "end": "2023-02-23T01:47:16.073Z",
    "duration": 102173,
    "testsRegistered": 234,
    "passPercent": 100,
    "pendingPercent": 0.8547008547008548,
    "other": 0,
    "hasOther": false,
    "skipped": 0,
    "hasSkipped": false
  },
  "results": [
    {
      "uuid": "f64ee994-1027-4a06-b855-0e520343f762",
      "title": "",
      "fullFile": "",
      "file": "",
      "beforeHooks": [],
      "afterHooks": [],
      "tests": [],
      "suites": [
        {
          "uuid": "a178c617-125c-48cf-9e5d-daa578428cb3",
          "title": "Diamond",
          "fullFile": "/Users/pk/Projects/kresko-protocol/src/test/diamond/00-init.ts",
          "file": "/src/test/diamond/00-init.ts",
          "beforeHooks": [
            {
              "title": "\"before each\" hook in \"Diamond\"",
              "fullTitle": "Diamond \"before each\" hook in \"Diamond\"",
              "timedOut": false,
              "duration": 28,
              "state": null,
              "speed": null,
              "pass": false,
              "fail": false,
              "pending": false,
              "context": null,
              "code": "const fixture = await hre.deployments.createFixture(async (hre) => {\n    const result = await hre.deployments.fixture(fixtureName);\n    if (result.Diamond) {\n        hre.Diamond = await hre.ethers.getContractAt(\"Kresko\", result.Diamond.address);\n    }\n    return {\n        facets: result.Diamond ? result.Diamond.facets : [],\n        collaterals: hre.collaterals,\n        krAssets: hre.krAssets,\n    };\n})();\nthis.facets = fixture.facets || [];\nthis.collaterals = fixture.collaterals;\nthis.krAssets = fixture.krAssets;",
              "err": {},
              "uuid": "931de524-949f-4f3d-8396-e4ccfb3a8216",
              "parentUUID": "a178c617-125c-48cf-9e5d-daa578428cb3",
              "isHook": true,
              "skipped": false
            }
          ],
          "afterHooks": [],
          "tests": [],
          "suites": [
            {
              "uuid": "e52036a8-856c-4e75-8225-474f74007b58",
              "title": "#initialization",
              "fullFile": "/Users/pk/Projects/kresko-protocol/src/test/diamond/00-init.ts",
              "file": "/src/test/diamond/00-init.ts",
              "beforeHooks": [],
              "afterHooks": [],
              "tests": [
                {
                  "title": "sets correct state",
                  "fullTitle": "Diamond #initialization sets correct state",
                  "timedOut": false,
                  "duration": 13,
                  "state": "passed",
                  "speed": "fast",
                  "pass": true,
                  "fail": false,
                  "pending": false,
                  "context": null,
                  "code": "(0, chai_1.expect)(await hardhat_1.default.Diamond.owner()).to.equal(hardhat_1.default.users.deployer.address);\n(0, chai_1.expect)(await hardhat_1.default.Diamond.initialized()).to.equal(true);",
                  "err": {},
                  "uuid": "f1dcb591-1318-40ed-8241-336ff7b46f6a",
                  "parentUUID": "e52036a8-856c-4e75-8225-474f74007b58",
                  "isHook": false,
                  "skipped": false
                },
                {
                  "title": "sets standard facet addresses",
                  "fullTitle": "Diamond #initialization sets standard facet addresses",
                  "timedOut": false,
                  "duration": 57,
                  "state": "passed",
                  "speed": "medium",
                  "pass": true,
                  "fail": false,
                  "pending": false,
                  "context": null,
                  "code": "const facetAddressesOnChain = (await hardhat_1.default.Diamond.facets()).map(f => f.facetAddress);\nconst facetAddressesArtifact = this.facets.map(f => f.facetAddress);\n(0, chai_1.expect)(facetAddressesOnChain.length).to.equal(facetAddressesArtifact.length);\n(0, chai_1.expect)(facetAddressesOnChain).to.have.members(facetAddressesArtifact);",
                  "err": {},
                  "uuid": "fb72ec9c-907b-48a0-bc0d-89607753308b",
                  "parentUUID": "e52036a8-856c-4e75-8225-474f74007b58",
                  "isHook": false,
                  "skipped": false
                },
                {
                  "title": "sets selectors of standard facets",
                  "fullTitle": "Diamond #initialization sets selectors of standard facets",
                  "timedOut": false,
                  "duration": 57,
                  "state": "passed",
                  "speed": "medium",
                  "pass": true,
                  "fail": false,
                  "pending": false,
                  "context": null,
                  "code": "const facetsSelectorsOnChain = (await hardhat_1.default.Diamond.facets()).flatMap(f => f.functionSelectors);\nconst facetSelectorsOnArtifact = this.facets.flatMap(f => f.functionSelectors);\n(0, chai_1.expect)(facetsSelectorsOnChain.length).to.equal(facetSelectorsOnArtifact.length);\n(0, chai_1.expect)(facetsSelectorsOnChain).to.have.members(facetSelectorsOnArtifact);",
                  "err": {},
                  "uuid": "9c547dce-422a-49f4-8559-2f13857bd415",
                  "parentUUID": "e52036a8-856c-4e75-8225-474f74007b58",
                  "isHook": false,
                  "skipped": false
                }
              ],
              "suites": [],
              "passes": [
                "f1dcb591-1318-40ed-8241-336ff7b46f6a",
                "fb72ec9c-907b-48a0-bc0d-89607753308b",
                "9c547dce-422a-49f4-8559-2f13857bd415"
              ],
              "failures": [],
              "pending": [],
              "skipped": [],
              "duration": 127,
              "root": false,
              "rootEmpty": false,
              "_timeout": 15000
            }
          ],
          "passes": [],
          "failures": [],
          "pending": [],
          "skipped": [],
          "duration": 0,
          "root": false,
          "rootEmpty": false,
          "_timeout": 15000
        },
        {
          "uuid": "d048c26a-a243-4a12-a244-633da2d2f6fe",
          "title": "Diamond",
          "fullFile": "/Users/pk/Projects/kresko-protocol/src/test/diamond/01-ownership.ts",
          "file": "/src/test/diamond/01-ownership.ts",
          "beforeHooks": [
            {
              "title": "\"before each\" hook in \"Diamond\"",
              "fullTitle": "Diamond \"before each\" hook in \"Diamond\"",
              "timedOut": false,
              "duration": 31,
              "state": null,
              "speed": null,
              "pass": false,
              "fail": false,
              "pending": false,
              "context": null,
              "code": "const fixture = await hre.deployments.createFixture(async (hre) => {\n    const result = await hre.deployments.fixture(fixtureName);\n    if (result.Diamond) {\n        hre.Diamond = await hre.ethers.getContractAt(\"Kresko\", result.Diamond.address);\n    }\n    return {\n        facets: result.Diamond ? result.Diamond.facets : [],\n        collaterals: hre.collaterals,\n        krAssets: hre.krAssets,\n    };\n})();\nthis.facets = fixture.facets || [];\nthis.collaterals = fixture.collaterals;\nthis.krAssets = fixture.krAssets;",
              "err": {},
              "uuid": "a50630ac-bffb-40bd-8640-40d9893c92f3",
              "parentUUID": "d048c26a-a243-4a12-a244-633da2d2f6fe",
              "isHook": true,
              "skipped": false
            }
          ],
          "afterHooks": [],
          "tests": [],
          "suites": [
            {
              "uuid": "c222fdf2-34e7-492e-b8f0-c8a59b746fea",
              "title": "#ownership",
              "fullFile": "/Users/pk/Projects/kresko-protocol/src/test/diamond/01-ownership.ts",
              "file": "/src/test/diamond/01-ownership.ts",
              "beforeHooks": [],
              "afterHooks": [],
              "tests": [
                {
                  "title": "sets correct owner",
                  "fullTitle": "Diamond #ownership sets correct owner",
                  "timedOut": false,
                  "duration": 5,
                  "state": "passed",
                  "speed": "fast",
                  "pass": true,
                  "fail": false,
                  "pending": false,
                  "context": null,
                  "code": "(0, chai_1.expect)(await hardhat_1.default.Diamond.owner()).to.equal(hardhat_1.default.addr.deployer);",
                  "err": {},
                  "uuid": "733e8f60-2b62-4ff8-b3c0-bb5d051b009a",
                  "parentUUID": "c222fdf2-34e7-492e-b8f0-c8a59b746fea",
                  "isHook": false,
                  "skipped": false
                },
                {
                  "title": "sets correct default admin role",
                  "fullTitle": "Diamond #ownership sets correct default admin role",
                  "timedOut": false,
                  "duration": 5,
                  "state": "passed",
                  "speed": "fast",
                  "pass": true,
                  "fail": false,
                  "pending": false,
                  "context": null,
                  "code": "(0, chai_1.expect)(await hardhat_1.default.Diamond.hasRole(test_1.Role.ADMIN, hardhat_1.default.addr.deployer)).to.equal(true);",
                  "err": {},
                  "uuid": "89e357d5-b2d9-4ec1-8c7a-2e3f538ecde4",
                  "parentUUID": "c222fdf2-34e7-492e-b8f0-c8a59b746fea",
                  "isHook": false,
                  "skipped": false
                },
                {
                  "title": "sets a new pending owner",
                  "fullTitle": "Diamond #ownership sets a new pending owner",
                  "timedOut": false,
                  "duration": 13,
                  "state": "passed",
                  "speed": "fast",
                  "pass": true,
                  "fail": false,
                  "pending": false,
                  "context": null,
                  "code": "const pendingOwner = hardhat_1.default.users.userOne;\nawait hardhat_1.default.Diamond.transferOwnership(pendingOwner.address);\n(0, chai_1.expect)(await hardhat_1.default.Diamond.pendingOwner()).to.equal(pendingOwner.address);",
                  "err": {},
                  "uuid": "9482ebc1-f404-495a-8b2e-b8bca93926a1",
                  "parentUUID": "c222fdf2-34e7-492e-b8f0-c8a59b746fea",
                  "isHook": false,
                  "skipped": false
                },
                {
                  "title": "sets the pending owner as new owner",
                  "fullTitle": "Diamond #ownership sets the pending owner as new owner",
                  "timedOut": false,
                  "duration": 25,
                  "state": "passed",
                  "speed": "fast",
                  "pass": true,
                  "fail": false,
                  "pending": false,
                  "context": null,
                  "code": "const pendingOwner = hardhat_1.default.users.userOne;\nawait hardhat_1.default.Diamond.transferOwnership(pendingOwner.address);\nawait hardhat_1.default.Diamond.connect(pendingOwner).acceptOwnership();\n(0, chai_1.expect)(await hardhat_1.default.Diamond.owner()).to.equal(pendingOwner.address);",
                  "err": {},
                  "uuid": "cd5d5347-2fa1-4b2a-8b10-243ac8daf0b0",
                  "parentUUID": "c222fdf2-34e7-492e-b8f0-c8a59b746fea",
                  "isHook": false,
                  "skipped": false
                }
              ],
              "suites": [],
              "passes": [
                "733e8f60-2b62-4ff8-b3c0-bb5d051b009a",
                "89e357d5-b2d9-4ec1-8c7a-2e3f538ecde4",
                "9482ebc1-f404-495a-8b2e-b8bca93926a1",
                "cd5d5347-2fa1-4b2a-8b10-243ac8daf0b0"
              ],
              "failures": [],
              "pending": [],
              "skipped": [],
              "duration": 48,
              "root": false,
              "rootEmpty": false,
              "_timeout": 15000
            }
          ],
          "passes": [],
          "failures": [],
          "pending": [],
          "skipped": [],
          "duration": 0,
          "root": false,
          "rootEmpty": false,
          "_timeout": 15000
        },
        {
          "uuid": "4f2d75d3-5a0c-49af-81d4-981d1e1a2679",
          "title": "Diamond",
          "fullFile": "/Users/pk/Projects/kresko-protocol/src/test/diamond/02-upgrades.ts",
          "file": "/src/test/diamond/02-upgrades.ts",
          "beforeHooks": [
            {
              "title": "\"before each\" hook in \"Diamond\"",
              "fullTitle": "Diamond \"before each\" hook in \"Diamond\"",
              "timedOut": false,
              "duration": 24,
              "state": null,
              "speed": null,
              "pass": false,
              "fail": false,
              "pending": false,
              "context": null,
              "code": "const fixture = await hre.deployments.createFixture(async (hre) => {\n    const result = await hre.deployments.fixture(fixtureName);\n    if (result.Diamond) {\n        hre.Diamond = await hre.ethers.getContractAt(\"Kresko\", result.Diamond.address);\n    }\n    return {\n        facets: result.Diamond ? result.Diamond.facets : [],\n        collaterals: hre.collaterals,\n        krAssets: hre.krAssets,\n    };\n})();\nthis.facets = fixture.facets || [];\nthis.collaterals = fixture.collaterals;\nthis.krAssets = fixture.krAssets;",
              "err": {},
              "uuid": "dde0db5b-f7f5-415e-bc2f-c6457d72978a",
              "parentUUID": "4f2d75d3-5a0c-49af-81d4-981d1e1a2679",
              "isHook": true,
              "skipped": false
            }
          ],
          "afterHooks": [],
          "tests": [],
          "suites": [
            {
              "uuid": "ff8bd6f8-6a10-4a7a-bcaf-ac364e4c1922",
              "title": "#upgrades",
              "fullFile": "/Users/pk/Projects/kresko-protocol/src/test/diamond/02-upgrades.ts",
              "file": "/src/test/diamond/02-upgrades.ts",
              "beforeHooks": [],
              "afterHooks": [],
              "tests": [
                {
                  "title": "can add a new facet",
                  "fullTitle": "Diamond #upgrades can add a new facet",
                  "timedOut": false,
                  "duration": 494,
                  "state": "passed",
                  "speed": "slow",
                  "pass": true,
                  "fail": false,
                  "pending": false,
                  "context": null,
                  "code": "const Factory = await smock_1.smock.mock(\"SmockFacet\");\nconst SmockFacet = await Factory.deploy();\nconst [SmockInitializer] = await hardhat_1.default.deploy(\"SmockInit\");\nconst signatures = hardhat_1.default.getSignatures([...types_2.SmockFacet__factory.abi]);\nconst Cut = {\n    facetAddress: SmockFacet.address,\n    functionSelectors: signatures,\n    action: types_1.FacetCutAction.Add,\n};\nconst initData = await SmockInitializer.populateTransaction.initialize(hardhat_1.default.addr.userOne);\nawait hardhat_1.default.Diamond.diamondCut([Cut], initData.to, initData.data);\nconst TEST_OPERATOR_ROLE = hardhat_1.default.ethers.utils.id(\"kresko.test.operator\");\nconst isTestOperator = await hardhat_1.default.Diamond.hasRole(TEST_OPERATOR_ROLE, hardhat_1.default.addr.userOne);\n// Succesfully added the new operator through the initialization contract\n(0, chai_1.expect)(isTestOperator).to.equal(true);\nconst Facet = await hardhat_1.default.ethers.getContractAt([...types_2.SmockFacet__factory.abi], hardhat_1.default.Diamond.address);\n// Ensure facet has it's own storage\nconst operatorFromNewStorage = await Facet.operator(); // Retrieved from SmockStorage\n(0, chai_1.expect)(operatorFromNewStorage).to.equal(hardhat_1.default.addr.userOne);",
                  "err": {},
                  "uuid": "1073c339-0860-4804-a0ea-131038969319",
                  "parentUUID": "ff8bd6f8-6a10-4a7a-bcaf-ac364e4c1922",
                  "isHook": false,
                  "skipped": false
                },
                {
                  "title": "can remove a facet",
                  "fullTitle": "Diamond #upgrades can remove a facet",
                  "timedOut": false,
                  "duration": 867,
                  "state": "passed",
                  "speed": "slow",
                  "pass": true,
                  "fail": false,
                  "pending": false,
                  "context": null,
                  "code": "const NewFacet = await (0, add_facet_1.addFacet)({\n    name: \"SmockFacet\",\n    initializerName: \"SmockInit\",\n    initializerArgs: hardhat_1.default.addr.userOne,\n});\nconst facetsBefore = await hardhat_1.default.Diamond.facets();\n(0, chai_1.expect)(facetsBefore.filter(f => f.facetAddress === NewFacet.address).length).to.equal(1);\nawait (0, remove_facet_1.removeFacet)({ name: \"SmockFacet\" });\nconst facetsAfter = await hardhat_1.default.Diamond.facets();\n(0, chai_1.expect)(facetsBefore.length - facetsAfter.length).to.equal(1);\n(0, chai_1.expect)(facetsAfter).to.not.deep.contain(NewFacet.address);",
                  "err": {},
                  "uuid": "f1e4bc82-7f42-4c2e-a0b7-fcc43e96449b",
                  "parentUUID": "ff8bd6f8-6a10-4a7a-bcaf-ac364e4c1922",
                  "isHook": false,
                  "skipped": false
                },
                {
                  "title": "can remove a function",
                  "fullTitle": "Diamond #upgrades can remove a function",
                  "timedOut": false,
                  "duration": 48,
                  "state": "passed",
                  "speed": "medium",
                  "pass": true,
                  "fail": false,
                  "pending": false,
                  "context": null,
                  "code": "// Delete acceptOwnership from DiamondOwnershipFacet\n// Check there is no pending owner\nlet pendingOwner = await hardhat_1.default.Diamond.pendingOwner();\n(0, chai_1.expect)(pendingOwner).to.equal(hardhat_1.default.ethers.constants.AddressZero);\n// Transfer to eg. wrong address\nconst wrongOwner = hardhat_1.default.addr.nonadmin;\nawait hardhat_1.default.Diamond.transferOwnership(wrongOwner);\n// Ensure\npendingOwner = await hardhat_1.default.Diamond.pendingOwner();\n(0, chai_1.expect)(pendingOwner).to.equal(wrongOwner);\n// Fragment and signature for acceptOwnersip\nconst functionFragment = hardhat_1.default.Diamond.interface.functions[\"acceptOwnership()\"];\nconst signature = hardhat_1.default.ethers.utils.Interface.getSighash(functionFragment);\nconst facetAddress = await hardhat_1.default.Diamond.facetAddress(signature);\nconst functions = await hardhat_1.default.Diamond.facetFunctionSelectors(facetAddress);\nconst Cut = {\n    facetAddress: hardhat_1.default.ethers.constants.AddressZero,\n    action: types_1.FacetCutAction.Remove,\n    functionSelectors: [signature],\n};\n// We will set a correct owner with delegatecall into the Diamond itself with the cut transaction\nconst correctOwner = hardhat_1.default.addr.userOne;\nconst initData = await hardhat_1.default.Diamond.populateTransaction.transferOwnership(correctOwner);\nconst tx = await hardhat_1.default.Diamond.diamondCut([Cut], initData.to, initData.data);\nawait tx.wait();\n// Ensure rest of the functions remain\nconst functionsAfterCut = await hardhat_1.default.Diamond.facetFunctionSelectors(facetAddress);\n(0, chai_1.expect)(functionsAfterCut.length).to.equal(functions.length - 1);\n// Ensure delegatecall did set the correct pending owner with the cut\nconst filter = hardhat_1.default.Diamond.filters[\"PendingOwnershipTransfer(address,address)\"](hardhat_1.default.addr.deployer, correctOwner);\nconst [event] = await hardhat_1.default.Diamond.queryFilter(filter);\nconst { previousOwner, newOwner } = event.args;\n(0, chai_1.expect)(previousOwner).to.equal(hardhat_1.default.addr.deployer);\n(0, chai_1.expect)(newOwner).to.equal(correctOwner);\n// Ensure there is no function to accept the ownership\nawait (0, chai_1.expect)(hardhat_1.default.Diamond.connect(hardhat_1.default.users.nonadmin).acceptOwnership()).to.be.revertedWith(test_1.Error.DIAMOND_INVALID_FUNCTION_SIGNATURE);",
                  "err": {},
                  "uuid": "50f521fc-b5ca-417b-af3b-956cc1e87bf0",
                  "parentUUID": "ff8bd6f8-6a10-4a7a-bcaf-ac364e4c1922",
                  "isHook": false,
                  "skipped": false
                },
                {
                  "title": "can replace a function",
                  "fullTitle": "Diamond #upgrades can replace a function",
                  "timedOut": false,
                  "duration": 80,
                  "state": "passed",
                  "speed": "slow",
                  "pass": true,
                  "fail": false,
                  "pending": false,
                  "context": null,
                  "code": "// Same as above but instead replace the function\n// Check there is no pending owner\nlet pendingOwner = await hardhat_1.default.Diamond.pendingOwner();\n(0, chai_1.expect)(pendingOwner).to.equal(hardhat_1.default.ethers.constants.AddressZero);\n// Transfer to eg. wrong address\nconst wrongOwner = hardhat_1.default.addr.nonadmin;\nawait hardhat_1.default.Diamond.transferOwnership(wrongOwner);\n// Ensure\npendingOwner = await hardhat_1.default.Diamond.pendingOwner();\n(0, chai_1.expect)(pendingOwner).to.equal(wrongOwner);\n// Fragment and signature for acceptOwnersip\nconst functionFragment = hardhat_1.default.Diamond.interface.functions[\"acceptOwnership()\"];\nconst signature = hardhat_1.default.ethers.utils.Interface.getSighash(functionFragment);\nconst OldOwnershipFacet = await hardhat_1.default.Diamond.facetAddress(signature);\nconst [NewOwnershipFacet, allOwnershipFacetSignatures] = await hardhat_1.default.deploy(\"DiamondOwnershipFacet2\", {\n    contract: \"DiamondOwnershipFacet\",\n    from: hardhat_1.default.addr.deployer,\n});\n// Only replace a single function, we could replace all of them\nconst Cut = {\n    facetAddress: NewOwnershipFacet.address,\n    action: types_1.FacetCutAction.Replace,\n    functionSelectors: [signature],\n};\n// We will set a correct owner with delegatecall into the Diamond itself with the cut transaction\nconst correctOwner = hardhat_1.default.addr.userOne;\nconst initData = await hardhat_1.default.Diamond.populateTransaction.transferOwnership(correctOwner);\nconst tx = await hardhat_1.default.Diamond.diamondCut([Cut], initData.to, initData.data);\nawait tx.wait();\n// Ensure function exists and revert is for invalid address instead of missing function\nawait (0, chai_1.expect)(hardhat_1.default.Diamond.connect(hardhat_1.default.users.nonadmin).acceptOwnership()).to.be.revertedWith(test_1.Error.DIAMOND_INVALID_PENDING_OWNER);\n// Ensure one function is contained in the new facet\nconst functionsNewFacet = await hardhat_1.default.Diamond.facetFunctionSelectors(NewOwnershipFacet.address);\n(0, chai_1.expect)(functionsNewFacet.length).to.equal(1);\n(0, chai_1.expect)(functionsNewFacet).to.have.members([signature]);\n// Ensure rest are in the previous one\nconst functionsOldFacet = await hardhat_1.default.Diamond.facetFunctionSelectors(OldOwnershipFacet);\n(0, chai_1.expect)(functionsOldFacet).to.not.have.members([signature]);\n(0, chai_1.expect)(functionsOldFacet.length).to.equal(allOwnershipFacetSignatures.length - 1);\n// Ensure correct owner can now accept the ownership\n(0, chai_1.expect)(hardhat_1.default.Diamond.connect(hardhat_1.default.users.userOne).acceptOwnership());\nconst currentOwner = await hardhat_1.default.Diamond.owner();\n(0, chai_1.expect)(currentOwner).to.equal(correctOwner);",
                  "err": {},
                  "uuid": "eef8dac8-af26-4189-8683-5c456e83ae3d",
                  "parentUUID": "ff8bd6f8-6a10-4a7a-bcaf-ac364e4c1922",
                  "isHook": false,
                  "skipped": false
                },
                {
                  "title": "can upgrade state",
                  "fullTitle": "Diamond #upgrades can upgrade state",
                  "timedOut": false,
                  "duration": 283,
                  "state": "passed",
                  "speed": "slow",
                  "pass": true,
                  "fail": false,
                  "pending": false,
                  "context": null,
                  "code": "(0, chai_1.expect)(await hardhat_1.default.Diamond.initialized()).to.equal(true);\nconst Factory = await smock_1.smock.mock(\"SmockInit\");\nconst SmockInit = await Factory.deploy();\nconst tx = await SmockInit.populateTransaction.upgradeState();\nawait hardhat_1.default.Diamond.upgradeState(tx.to, tx.data);\n(0, chai_1.expect)(await hardhat_1.default.Diamond.initialized()).to.equal(false);",
                  "err": {},
                  "uuid": "3669d23f-cf55-41bb-802e-75ffeaa84004",
                  "parentUUID": "ff8bd6f8-6a10-4a7a-bcaf-ac364e4c1922",
                  "isHook": false,
                  "skipped": false
                },
                {
                  "title": "can preserve old state when extending storage layout",
                  "fullTitle": "Diamond #upgrades can preserve old state when extending storage layout",
                  "timedOut": false,
                  "duration": 909,
                  "state": "passed",
                  "speed": "slow",
                  "pass": true,
                  "fail": false,
                  "pending": false,
                  "context": null,
                  "code": "(0, chai_1.expect)(await hardhat_1.default.Diamond.initialized()).to.equal(true);\n// Add the first facet\nconst Factory = await smock_1.smock.mock(\"SmockFacet\");\nconst SmockFacet = await Factory.deploy();\nconst [SmockInitializer] = await hardhat_1.default.deploy(\"SmockInit\");\nconst signatures = hardhat_1.default.getSignatures([...types_2.SmockFacet__factory.abi]);\nconst Cut = {\n    facetAddress: SmockFacet.address,\n    functionSelectors: signatures,\n    action: types_1.FacetCutAction.Add,\n};\nconst initData = await SmockInitializer.populateTransaction.initialize(hardhat_1.default.addr.userOne);\nawait hardhat_1.default.Diamond.diamondCut([Cut], initData.to, initData.data);\nconst Diamond = await hardhat_1.default.ethers.getContractAt(\"SmockFacet\", hardhat_1.default.Diamond.address);\nconst isInitialized = await Diamond.smockInitialized();\n(0, chai_1.expect)(isInitialized).to.equal(true);\n// Add facet with extended state\n// Add the first facet\nconst Factory2 = await smock_1.smock.mock(\"SmockFacet2\");\nconst SmockFacet2 = await Factory2.deploy();\nconst signatures2 = hardhat_1.default.getSignatures([...types_2.SmockFacet2__factory.abi]);\nconst Cut2 = {\n    facetAddress: SmockFacet2.address,\n    functionSelectors: signatures2,\n    action: types_1.FacetCutAction.Add,\n};\n// Initializer only sets the new extended value, does not touch old storage\nconst initData2 = await SmockFacet2.populateTransaction.initialize();\nawait hardhat_1.default.Diamond.diamondCut([Cut2], initData2.to, initData2.data);\n// Here we have appended the storage layout with the `extended` bool property.\nconst DiamondExtended = await hardhat_1.default.ethers.getContractAt(\"SmockFacet2\", hardhat_1.default.Diamond.address);\nconst initializedAfterExtend = await DiamondExtended.getOldStructValueFromExtended();\nconst extendedValue = await DiamondExtended.getNewStructValueFromExtended();\n// Old values remain\n(0, chai_1.expect)(initializedAfterExtend).to.equal(true);\n// And we get new ones\n(0, chai_1.expect)(extendedValue).to.equal(true);",
                  "err": {},
                  "uuid": "12616f99-e781-494e-a6d3-80945b7ab433",
                  "parentUUID": "ff8bd6f8-6a10-4a7a-bcaf-ac364e4c1922",
                  "isHook": false,
                  "skipped": false
                }
              ],
              "suites": [],
              "passes": [
                "1073c339-0860-4804-a0ea-131038969319",
                "f1e4bc82-7f42-4c2e-a0b7-fcc43e96449b",
                "50f521fc-b5ca-417b-af3b-956cc1e87bf0",
                "eef8dac8-af26-4189-8683-5c456e83ae3d",
                "3669d23f-cf55-41bb-802e-75ffeaa84004",
                "12616f99-e781-494e-a6d3-80945b7ab433"
              ],
              "failures": [],
              "pending": [],
              "skipped": [],
              "duration": 2681,
              "root": false,
              "rootEmpty": false,
              "_timeout": 15000
            }
          ],
          "passes": [],
          "failures": [],
          "pending": [],
          "skipped": [],
          "duration": 0,
          "root": false,
          "rootEmpty": false,
          "_timeout": 15000
        },
        {
          "uuid": "b89f7083-f044-494f-b329-c690ed4c6bbe",
          "title": "KreskoAsset",
          "fullFile": "/Users/pk/Projects/kresko-protocol/src/test/krasset/00-init.ts",
          "file": "/src/test/krasset/00-init.ts",
          "beforeHooks": [
            {
              "title": "\"before each\" hook in \"KreskoAsset\"",
              "fullTitle": "KreskoAsset \"before each\" hook in \"KreskoAsset\"",
              "timedOut": false,
              "duration": 22,
              "state": null,
              "speed": null,
              "pass": false,
              "fail": false,
              "pending": false,
              "context": null,
              "code": "const fixture = await hre.deployments.createFixture(async (hre) => {\n    const result = await hre.deployments.fixture(fixtureName);\n    if (result.Diamond) {\n        hre.Diamond = await hre.ethers.getContractAt(\"Kresko\", result.Diamond.address);\n    }\n    return {\n        facets: result.Diamond ? result.Diamond.facets : [],\n        collaterals: hre.collaterals,\n        krAssets: hre.krAssets,\n    };\n})();\nthis.facets = fixture.facets || [];\nthis.collaterals = fixture.collaterals;\nthis.krAssets = fixture.krAssets;",
              "err": {},
              "uuid": "e6105e8c-c1c8-43b4-bfc6-64ae254f8243",
              "parentUUID": "b89f7083-f044-494f-b329-c690ed4c6bbe",
              "isHook": true,
              "skipped": false
            }
          ],
          "afterHooks": [],
          "tests": [],
          "suites": [
            {
              "uuid": "e28d1929-3ac1-448b-9022-ee0dea0a3653",
              "title": "#initialization - anchor",
              "fullFile": "/Users/pk/Projects/kresko-protocol/src/test/krasset/00-init.ts",
              "file": "/src/test/krasset/00-init.ts",
              "beforeHooks": [
                {
                  "title": "\"before each\" hook in \"#initialization - anchor\"",
                  "fullTitle": "KreskoAsset #initialization - anchor \"before each\" hook in \"#initialization - anchor\"",
                  "timedOut": false,
                  "duration": 0,
                  "state": null,
                  "speed": null,
                  "pass": false,
                  "fail": false,
                  "pending": false,
                  "context": null,
                  "code": "const deployment = this.krAssets.find(k => k.deployArgs.name === name);\nKreskoAsset = deployment.contract;\nKreskoAssetAnchor = deployment.anchor;",
                  "err": {},
                  "uuid": "a6c7e03b-f966-4a99-9693-9e74f9d39737",
                  "parentUUID": "e28d1929-3ac1-448b-9022-ee0dea0a3653",
                  "isHook": true,
                  "skipped": false
                }
              ],
              "afterHooks": [],
              "tests": [
                {
                  "title": "cant initialize twice",
                  "fullTitle": "KreskoAsset #initialization - anchor cant initialize twice",
                  "timedOut": false,
                  "duration": 15,
                  "state": "passed",
                  "speed": "fast",
                  "pass": true,
                  "fail": false,
                  "pending": false,
                  "context": null,
                  "code": "await (0, chai_1.expect)(KreskoAsset.initialize(name, symbol, 18, hardhat_1.default.addr.deployer, hardhat_1.default.Diamond.address)).to.be.revertedWith(test_1.Error.ALREADY_INITIALIZED_OZ);",
                  "err": {},
                  "uuid": "e1c1ea32-2c34-4b4b-84d1-ec1c1de7aa3a",
                  "parentUUID": "e28d1929-3ac1-448b-9022-ee0dea0a3653",
                  "isHook": false,
                  "skipped": false
                },
                {
                  "title": "cant initialize implementation",
                  "fullTitle": "KreskoAsset #initialization - anchor cant initialize implementation",
                  "timedOut": false,
                  "duration": 30,
                  "state": "passed",
                  "speed": "fast",
                  "pass": true,
                  "fail": false,
                  "pending": false,
                  "context": null,
                  "code": "const deployment = await hardhat_1.default.deployments.get(symbol);\nconst implementationAddress = deployment.implementation;\n(0, chai_1.expect)(implementationAddress).to.not.equal(hardhat_1.default.ethers.constants.AddressZero);\nconst KreskoAssetImpl = await hardhat_1.default.ethers.getContractAt(\"KreskoAsset\", implementationAddress);\nawait (0, chai_1.expect)(KreskoAssetImpl.initialize(name, symbol, 18, hardhat_1.default.addr.deployer, hardhat_1.default.Diamond.address)).to.be.revertedWith(test_1.Error.ALREADY_INITIALIZED_OZ);",
                  "err": {},
                  "uuid": "d0248436-c367-4910-9c57-c9f95043f9ea",
                  "parentUUID": "e28d1929-3ac1-448b-9022-ee0dea0a3653",
                  "isHook": false,
                  "skipped": false
                },
                {
                  "title": "sets correct state",
                  "fullTitle": "KreskoAsset #initialization - anchor sets correct state",
                  "timedOut": false,
                  "duration": 22,
                  "state": "passed",
                  "speed": "fast",
                  "pass": true,
                  "fail": false,
                  "pending": false,
                  "context": null,
                  "code": "(0, chai_1.expect)(await KreskoAsset.name()).to.equal(name);\n(0, chai_1.expect)(await KreskoAsset.symbol()).to.equal(symbol);\n(0, chai_1.expect)(await KreskoAsset.kresko()).to.equal(hardhat_1.default.Diamond.address);\n(0, chai_1.expect)(await KreskoAsset.hasRole(test_1.Role.ADMIN, hardhat_1.default.addr.deployer)).to.equal(true);\n(0, chai_1.expect)(await KreskoAsset.hasRole(test_1.Role.OPERATOR, hardhat_1.default.Diamond.address)).to.equal(true);\n(0, chai_1.expect)(await KreskoAsset.totalSupply()).to.equal(\"200000000000000000000\");\n(0, chai_1.expect)(await KreskoAsset.isRebased()).to.equal(false);\nconst rebaseInfo = await KreskoAsset.rebaseInfo();\n(0, chai_1.expect)(rebaseInfo.denominator).to.equal(0);\n(0, chai_1.expect)(rebaseInfo.positive).to.equal(false);",
                  "err": {},
                  "uuid": "a68a0f41-4d12-4cc3-b3c5-335b8fa07dd6",
                  "parentUUID": "e28d1929-3ac1-448b-9022-ee0dea0a3653",
                  "isHook": false,
                  "skipped": false
                },
                {
                  "title": "can reinitialize metadata",
                  "fullTitle": "KreskoAsset #initialization - anchor can reinitialize metadata",
                  "timedOut": false,
                  "duration": 14,
                  "state": "passed",
                  "speed": "fast",
                  "pass": true,
                  "fail": false,
                  "pending": false,
                  "context": null,
                  "code": "const newName = \"foo\";\nconst newSymbol = \"bar\";\nawait (0, chai_1.expect)(KreskoAsset.updateMetaData(newName, newSymbol, 2)).to.not.be.revertedWith(test_1.Error.ALREADY_INITIALIZED_OZ);\n(0, chai_1.expect)(await KreskoAsset.name()).to.equal(newName);\n(0, chai_1.expect)(await KreskoAsset.symbol()).to.equal(newSymbol);",
                  "err": {},
                  "uuid": "db70cc69-cf2a-488a-819a-db55f544d062",
                  "parentUUID": "e28d1929-3ac1-448b-9022-ee0dea0a3653",
                  "isHook": false,
                  "skipped": false
                }
              ],
              "suites": [],
              "passes": [
                "e1c1ea32-2c34-4b4b-84d1-ec1c1de7aa3a",
                "d0248436-c367-4910-9c57-c9f95043f9ea",
                "a68a0f41-4d12-4cc3-b3c5-335b8fa07dd6",
                "db70cc69-cf2a-488a-819a-db55f544d062"
              ],
              "failures": [],
              "pending": [],
              "skipped": [],
              "duration": 81,
              "root": false,
              "rootEmpty": false,
              "_timeout": 15000
            },
            {
              "uuid": "0e166eb7-aac8-4071-8dd9-a667ced2460d",
              "title": "#initialization - wrapped",
              "fullFile": "/Users/pk/Projects/kresko-protocol/src/test/krasset/00-init.ts",
              "file": "/src/test/krasset/00-init.ts",
              "beforeHooks": [
                {
                  "title": "\"before each\" hook in \"#initialization - wrapped\"",
                  "fullTitle": "KreskoAsset #initialization - wrapped \"before each\" hook in \"#initialization - wrapped\"",
                  "timedOut": false,
                  "duration": 0,
                  "state": null,
                  "speed": null,
                  "pass": false,
                  "fail": false,
                  "pending": false,
                  "context": null,
                  "code": "const deployment = hardhat_1.default.krAssets.find(k => k.deployArgs.name === name);\nKreskoAsset = deployment.contract;\nKreskoAssetAnchor = deployment.anchor;",
                  "err": {},
                  "uuid": "762bccaf-b407-4fdf-9286-a84d9aa41618",
                  "parentUUID": "0e166eb7-aac8-4071-8dd9-a667ced2460d",
                  "isHook": true,
                  "skipped": false
                }
              ],
              "afterHooks": [],
              "tests": [
                {
                  "title": "cant initialize twice",
                  "fullTitle": "KreskoAsset #initialization - wrapped cant initialize twice",
                  "timedOut": false,
                  "duration": 7,
                  "state": "passed",
                  "speed": "fast",
                  "pass": true,
                  "fail": false,
                  "pending": false,
                  "context": null,
                  "code": "await (0, chai_1.expect)(KreskoAssetAnchor.initialize(KreskoAsset.address, name, symbol, hardhat_1.default.addr.deployer)).to.be.revertedWith(test_1.Error.ALREADY_INITIALIZED_OZ);",
                  "err": {},
                  "uuid": "905674b9-8cd7-47dd-a7d2-e7408de37c32",
                  "parentUUID": "0e166eb7-aac8-4071-8dd9-a667ced2460d",
                  "isHook": false,
                  "skipped": false
                },
                {
                  "title": "cant initialize implementation",
                  "fullTitle": "KreskoAsset #initialization - wrapped cant initialize implementation",
                  "timedOut": false,
                  "duration": 22,
                  "state": "passed",
                  "speed": "fast",
                  "pass": true,
                  "fail": false,
                  "pending": false,
                  "context": null,
                  "code": "const deployment = await hardhat_1.default.deployments.get(shared_1.anchorTokenPrefix + symbol);\nconst implementationAddress = deployment.implementation;\n(0, chai_1.expect)(implementationAddress).to.not.equal(hardhat_1.default.ethers.constants.AddressZero);\nconst KreskoAssetAnchorImpl = await hardhat_1.default.ethers.getContractAt(\"KreskoAssetAnchor\", implementationAddress);\nawait (0, chai_1.expect)(KreskoAssetAnchorImpl.initialize(KreskoAsset.address, name, symbol, hardhat_1.default.addr.deployer)).to.be.revertedWith(test_1.Error.ALREADY_INITIALIZED_OZ);",
                  "err": {},
                  "uuid": "10f0d43b-fdea-4cf4-b46d-0aa80f77e1b8",
                  "parentUUID": "0e166eb7-aac8-4071-8dd9-a667ced2460d",
                  "isHook": false,
                  "skipped": false
                },
                {
                  "title": "can reinitialize metadata",
                  "fullTitle": "KreskoAsset #initialization - wrapped can reinitialize metadata",
                  "timedOut": false,
                  "duration": 15,
                  "state": "passed",
                  "speed": "fast",
                  "pass": true,
                  "fail": false,
                  "pending": false,
                  "context": null,
                  "code": "const newName = \"foo\";\nconst newSymbol = \"bar\";\nawait (0, chai_1.expect)(KreskoAssetAnchor.updateMetaData(newName, newSymbol, 2)).to.not.be.revertedWith(test_1.Error.ALREADY_INITIALIZED_OZ);\n(0, chai_1.expect)(await KreskoAssetAnchor.name()).to.equal(newName);\n(0, chai_1.expect)(await KreskoAssetAnchor.symbol()).to.equal(newSymbol);",
                  "err": {},
                  "uuid": "d992fc24-dd5b-45f3-8dab-5f474bebb7e1",
                  "parentUUID": "0e166eb7-aac8-4071-8dd9-a667ced2460d",
                  "isHook": false,
                  "skipped": false
                },
                {
                  "title": "sets correct state",
                  "fullTitle": "KreskoAsset #initialization - wrapped sets correct state",
                  "timedOut": false,
                  "duration": 27,
                  "state": "passed",
                  "speed": "fast",
                  "pass": true,
                  "fail": false,
                  "pending": false,
                  "context": null,
                  "code": "(0, chai_1.expect)(await KreskoAssetAnchor.name()).to.equal(name);\n(0, chai_1.expect)(await KreskoAssetAnchor.symbol()).to.equal(shared_1.anchorTokenPrefix + symbol);\n(0, chai_1.expect)(await KreskoAssetAnchor.asset()).to.equal(KreskoAsset.address);\n(0, chai_1.expect)(await KreskoAssetAnchor.hasRole(test_1.Role.ADMIN, hardhat_1.default.addr.deployer)).to.equal(true);\n(0, chai_1.expect)(await KreskoAssetAnchor.hasRole(test_1.Role.OPERATOR, hardhat_1.default.Diamond.address)).to.equal(true);\n(0, chai_1.expect)(await KreskoAssetAnchor.totalSupply()).to.equal(\"200000000000000000000\");\n(0, chai_1.expect)(await KreskoAssetAnchor.totalAssets()).to.equal(await KreskoAsset.totalSupply());\nconst rebaseInfo = await KreskoAsset.rebaseInfo();\n(0, chai_1.expect)(rebaseInfo.denominator).to.equal(0);\n(0, chai_1.expect)(rebaseInfo.positive).to.equal(false);",
                  "err": {},
                  "uuid": "a1b70c6a-4e16-4ff1-817a-64c3ed357f83",
                  "parentUUID": "0e166eb7-aac8-4071-8dd9-a667ced2460d",
                  "isHook": false,
                  "skipped": false
                }
              ],
              "suites": [],
              "passes": [
                "905674b9-8cd7-47dd-a7d2-e7408de37c32",
                "10f0d43b-fdea-4cf4-b46d-0aa80f77e1b8",
                "d992fc24-dd5b-45f3-8dab-5f474bebb7e1",
                "a1b70c6a-4e16-4ff1-817a-64c3ed357f83"
              ],
              "failures": [],
              "pending": [],
              "skipped": [],
              "duration": 71,
              "root": false,
              "rootEmpty": false,
              "_timeout": 15000
            }
          ],
          "passes": [],
          "failures": [],
          "pending": [],
          "skipped": [],
          "duration": 0,
          "root": false,
          "rootEmpty": false,
          "_timeout": 15000
        },
        {
          "uuid": "fff3ee35-68e5-42a3-8cdd-a10832cff623",
          "title": "KreskoAsset",
          "fullFile": "/Users/pk/Projects/kresko-protocol/src/test/krasset/01-erc20.ts",
          "file": "/src/test/krasset/01-erc20.ts",
          "beforeHooks": [
            {
              "title": "\"before each\" hook in \"KreskoAsset\"",
              "fullTitle": "KreskoAsset \"before each\" hook in \"KreskoAsset\"",
              "timedOut": false,
              "duration": 22,
              "state": null,
              "speed": null,
              "pass": false,
              "fail": false,
              "pending": false,
              "context": null,
              "code": "const fixture = await hre.deployments.createFixture(async (hre) => {\n    const result = await hre.deployments.fixture(fixtureName);\n    if (result.Diamond) {\n        hre.Diamond = await hre.ethers.getContractAt(\"Kresko\", result.Diamond.address);\n    }\n    return {\n        facets: result.Diamond ? result.Diamond.facets : [],\n        collaterals: hre.collaterals,\n        krAssets: hre.krAssets,\n    };\n})();\nthis.facets = fixture.facets || [];\nthis.collaterals = fixture.collaterals;\nthis.krAssets = fixture.krAssets;",
              "err": {},
              "uuid": "949c570a-fc7c-480c-8e85-e64cdb726241",
              "parentUUID": "fff3ee35-68e5-42a3-8cdd-a10832cff623",
              "isHook": true,
              "skipped": false
            },
            {
              "title": "\"before each\" hook in \"KreskoAsset\"",
              "fullTitle": "KreskoAsset \"before each\" hook in \"KreskoAsset\"",
              "timedOut": false,
              "duration": 13,
              "state": null,
              "speed": null,
              "pass": false,
              "fail": false,
              "pending": false,
              "context": null,
              "code": "this.owner = hardhat_1.default.users.deployer;\nthis.krAsset = hardhat_1.default.krAssets.find(asset => asset.deployArgs.symbol === test_1.defaultKrAssetArgs.symbol);\nthis.mintAmount = 125;\nawait this.krAsset.contract.grantRole(test_1.Role.OPERATOR, this.owner.address);",
              "err": {},
              "uuid": "947ea26a-33e9-4d36-a7c1-b98c946948aa",
              "parentUUID": "fff3ee35-68e5-42a3-8cdd-a10832cff623",
              "isHook": true,
              "skipped": false
            }
          ],
          "afterHooks": [],
          "tests": [],
          "suites": [
            {
              "uuid": "92540dea-f138-4732-a6f0-8d4de83f91aa",
              "title": "#mint",
              "fullFile": "/Users/pk/Projects/kresko-protocol/src/test/krasset/01-erc20.ts",
              "file": "/src/test/krasset/01-erc20.ts",
              "beforeHooks": [],
              "afterHooks": [],
              "tests": [
                {
                  "title": "should allow the owner to mint to their own address",
                  "fullTitle": "KreskoAsset #mint should allow the owner to mint to their own address",
                  "timedOut": false,
                  "duration": 20,
                  "state": "passed",
                  "speed": "fast",
                  "pass": true,
                  "fail": false,
                  "pending": false,
                  "context": null,
                  "code": "(0, chai_1.expect)(await this.krAsset.contract.totalSupply()).to.equal(0);\n(0, chai_1.expect)(await this.krAsset.contract.balanceOf(this.owner.address)).to.equal(0);\nawait this.krAsset.contract.connect(this.owner).mint(this.owner.address, this.mintAmount);\n// Check total supply and owner's balances increased\n(0, chai_1.expect)(await this.krAsset.contract.totalSupply()).to.equal(this.mintAmount);\n(0, chai_1.expect)(await this.krAsset.contract.balanceOf(this.owner.address)).to.equal(this.mintAmount);",
                  "err": {},
                  "uuid": "c2e83791-fcdd-48b5-b07b-73b96a49e21e",
                  "parentUUID": "92540dea-f138-4732-a6f0-8d4de83f91aa",
                  "isHook": false,
                  "skipped": false
                },
                {
                  "title": "should allow the asset owner to mint to another address",
                  "fullTitle": "KreskoAsset #mint should allow the asset owner to mint to another address",
                  "timedOut": false,
                  "duration": 19,
                  "state": "passed",
                  "speed": "fast",
                  "pass": true,
                  "fail": false,
                  "pending": false,
                  "context": null,
                  "code": "(0, chai_1.expect)(await this.krAsset.contract.totalSupply()).to.equal(0);\n(0, chai_1.expect)(await this.krAsset.contract.balanceOf(hardhat_1.default.users.userOne.address)).to.equal(0);\nawait this.krAsset.contract.connect(this.owner).mint(hardhat_1.default.users.userOne.address, this.mintAmount);\n// Check total supply and user's balances increased\n(0, chai_1.expect)(await this.krAsset.contract.totalSupply()).to.equal(this.mintAmount);\n(0, chai_1.expect)(await this.krAsset.contract.balanceOf(hardhat_1.default.users.userOne.address)).to.equal(this.mintAmount);",
                  "err": {},
                  "uuid": "b91a87a0-0a14-41bc-8769-0e1d3f90040c",
                  "parentUUID": "92540dea-f138-4732-a6f0-8d4de83f91aa",
                  "isHook": false,
                  "skipped": false
                },
                {
                  "title": "should not allow non-owner addresses to mint tokens",
                  "fullTitle": "KreskoAsset #mint should not allow non-owner addresses to mint tokens",
                  "timedOut": false,
                  "duration": 36,
                  "state": "passed",
                  "speed": "fast",
                  "pass": true,
                  "fail": false,
                  "pending": false,
                  "context": null,
                  "code": "(0, chai_1.expect)(await this.krAsset.contract.totalSupply()).to.equal(0);\n(0, chai_1.expect)(await this.krAsset.contract.balanceOf(this.owner.address)).to.equal(0);\nawait (0, chai_1.expect)(this.krAsset.contract.connect(hardhat_1.default.users.userOne).mint(this.owner.address, this.mintAmount)).to.be.revertedWith(`AccessControl: account ${hardhat_1.default.users.userOne.address.toLowerCase()} is missing role 0x112e48a576fb3a75acc75d9fcf6e0bc670b27b1dbcd2463502e10e68cf57d6fd`);\n// Check total supply and all account balances unchanged\n(0, chai_1.expect)(await this.krAsset.contract.totalSupply()).to.equal(0);\n(0, chai_1.expect)(await this.krAsset.contract.balanceOf(this.owner.address)).to.equal(0);\n(0, chai_1.expect)(await this.krAsset.contract.balanceOf(hardhat_1.default.users.userOne.address)).to.equal(0);",
                  "err": {},
                  "uuid": "3248b6d3-6ca8-4c2b-929c-b0f24b5ae0b2",
                  "parentUUID": "92540dea-f138-4732-a6f0-8d4de83f91aa",
                  "isHook": false,
                  "skipped": false
                },
                {
                  "title": "should not allow admin to mint tokens",
                  "fullTitle": "KreskoAsset #mint should not allow admin to mint tokens",
                  "timedOut": false,
                  "duration": 26,
                  "state": "passed",
                  "speed": "fast",
                  "pass": true,
                  "fail": false,
                  "pending": false,
                  "context": null,
                  "code": "await (0, chai_1.expect)(this.krAsset.contract.connect(hardhat_1.default.users.admin).mint(this.owner.address, this.mintAmount)).to.be.revertedWith(`AccessControl: account ${hardhat_1.default.users.admin.address.toLowerCase()} is missing role 0x112e48a576fb3a75acc75d9fcf6e0bc670b27b1dbcd2463502e10e68cf57d6fd`);",
                  "err": {},
                  "uuid": "1e8c9376-ca34-4839-9adc-cb4c51ae4dde",
                  "parentUUID": "92540dea-f138-4732-a6f0-8d4de83f91aa",
                  "isHook": false,
                  "skipped": false
                }
              ],
              "suites": [],
              "passes": [
                "c2e83791-fcdd-48b5-b07b-73b96a49e21e",
                "b91a87a0-0a14-41bc-8769-0e1d3f90040c",
                "3248b6d3-6ca8-4c2b-929c-b0f24b5ae0b2",
                "1e8c9376-ca34-4839-9adc-cb4c51ae4dde"
              ],
              "failures": [],
              "pending": [],
              "skipped": [],
              "duration": 101,
              "root": false,
              "rootEmpty": false,
              "_timeout": 15000
            },
            {
              "uuid": "a3b19f1c-f882-4a6c-8bc3-26d68b09a0b4",
              "title": "#burn",
              "fullFile": "/Users/pk/Projects/kresko-protocol/src/test/krasset/01-erc20.ts",
              "file": "/src/test/krasset/01-erc20.ts",
              "beforeHooks": [
                {
                  "title": "\"before each\" hook in \"#burn\"",
                  "fullTitle": "KreskoAsset #burn \"before each\" hook in \"#burn\"",
                  "timedOut": false,
                  "duration": 11,
                  "state": null,
                  "speed": null,
                  "pass": false,
                  "fail": false,
                  "pending": false,
                  "context": null,
                  "code": "this.mintAmount = 250;\nawait this.krAsset.contract.connect(this.owner).mint(hardhat_1.default.users.userOne.address, this.mintAmount);",
                  "err": {},
                  "uuid": "fa13b83e-3280-4329-8211-9c20c14b412c",
                  "parentUUID": "a3b19f1c-f882-4a6c-8bc3-26d68b09a0b4",
                  "isHook": true,
                  "skipped": false
                }
              ],
              "afterHooks": [],
              "tests": [
                {
                  "title": "should allow the owner to burn tokens from user's address (without token allowance)",
                  "fullTitle": "KreskoAsset #burn should allow the owner to burn tokens from user's address (without token allowance)",
                  "timedOut": false,
                  "duration": 52,
                  "state": "passed",
                  "speed": "medium",
                  "pass": true,
                  "fail": false,
                  "pending": false,
                  "context": null,
                  "code": "(0, chai_1.expect)(await this.krAsset.contract.totalSupply()).to.equal(this.mintAmount);\nawait this.krAsset.contract.connect(this.owner).burn(hardhat_1.default.users.userOne.address, this.mintAmount);\n// Check total supply and user's balances decreased\n(0, chai_1.expect)(await this.krAsset.contract.totalSupply()).to.equal(0);\n(0, chai_1.expect)(await this.krAsset.contract.balanceOf(this.owner.address)).to.equal(0);\n// Confirm that owner doesn't hold any tokens\n(0, chai_1.expect)(await this.krAsset.contract.balanceOf(hardhat_1.default.users.userOne.address)).to.equal(0);",
                  "err": {},
                  "uuid": "36965f91-b9d7-4445-beaa-78eb98be7f93",
                  "parentUUID": "a3b19f1c-f882-4a6c-8bc3-26d68b09a0b4",
                  "isHook": false,
                  "skipped": false
                },
                {
                  "title": "should allow the operator to burn tokens from user's address without changing existing allowances",
                  "fullTitle": "KreskoAsset #burn should allow the operator to burn tokens from user's address without changing existing allowances",
                  "timedOut": false,
                  "duration": 276,
                  "state": "passed",
                  "speed": "slow",
                  "pass": true,
                  "fail": false,
                  "pending": false,
                  "context": null,
                  "code": "await this.krAsset.contract.connect(this.owner).approve(hardhat_1.default.users.userOne.address, this.mintAmount);\n(0, chai_1.expect)(await this.krAsset.contract.totalSupply()).to.equal(this.mintAmount);\n(0, chai_1.expect)(await this.krAsset.contract.allowance(this.owner.address, hardhat_1.default.users.userOne.address)).to.equal(this.mintAmount);\nawait this.krAsset.contract.connect(this.owner).burn(hardhat_1.default.users.userOne.address, this.mintAmount);\n// Check total supply and user's balances decreased\n(0, chai_1.expect)(await this.krAsset.contract.totalSupply()).to.equal(0);\n(0, chai_1.expect)(await this.krAsset.contract.balanceOf(hardhat_1.default.users.userOne.address)).to.equal(0);\n// Confirm that owner doesn't hold any tokens\n(0, chai_1.expect)(await this.krAsset.contract.balanceOf(this.owner.address)).to.equal(0);\n// Confirm that token allowances are unchanged\n(0, chai_1.expect)(await this.krAsset.contract.allowance(this.owner.address, hardhat_1.default.users.userOne.address)).to.equal(this.mintAmount);",
                  "err": {},
                  "uuid": "35f78d60-2b6a-44fb-92d9-327f46b04e8a",
                  "parentUUID": "a3b19f1c-f882-4a6c-8bc3-26d68b09a0b4",
                  "isHook": false,
                  "skipped": false
                },
                {
                  "title": "should not allow the operator to burn more tokens than user holds",
                  "fullTitle": "KreskoAsset #burn should not allow the operator to burn more tokens than user holds",
                  "timedOut": false,
                  "duration": 15,
                  "state": "passed",
                  "speed": "fast",
                  "pass": true,
                  "fail": false,
                  "pending": false,
                  "context": null,
                  "code": "const userBalance = await this.krAsset.contract.balanceOf(hardhat_1.default.users.userOne.address);\nconst overUserBalance = Number(userBalance) + 1;\n// gh-actions fix\nif (process.env.TESTCI) {\n    await (0, chai_1.expect)(this.krAsset.contract.connect(this.owner).burn(hardhat_1.default.users.userOne.address, overUserBalance)).to.be.reverted;\n}\nelse {\n    await (0, chai_1.expect)(this.krAsset.contract.connect(this.owner).burn(hardhat_1.default.users.userOne.address, overUserBalance)).to.be.reverted;\n}\n// Check total supply and user's balances are unchanged\n(0, chai_1.expect)(await this.krAsset.contract.totalSupply()).to.equal(this.mintAmount);\n(0, chai_1.expect)(await this.krAsset.contract.balanceOf(hardhat_1.default.users.userOne.address)).to.equal(this.mintAmount);",
                  "err": {},
                  "uuid": "540e1a8a-9807-4eb8-9e95-2a015cfbdd2d",
                  "parentUUID": "a3b19f1c-f882-4a6c-8bc3-26d68b09a0b4",
                  "isHook": false,
                  "skipped": false
                },
                {
                  "title": "should not allow non-operator addresses to burn tokens",
                  "fullTitle": "KreskoAsset #burn should not allow non-operator addresses to burn tokens",
                  "timedOut": false,
                  "duration": 21,
                  "state": "passed",
                  "speed": "fast",
                  "pass": true,
                  "fail": false,
                  "pending": false,
                  "context": null,
                  "code": "await (0, chai_1.expect)(this.krAsset.contract.connect(hardhat_1.default.users.userTwo).burn(hardhat_1.default.users.userOne.address, this.mintAmount)).to.be.revertedWith(`AccessControl: account ${hardhat_1.default.users.userTwo.address.toLowerCase()} is missing role 0x112e48a576fb3a75acc75d9fcf6e0bc670b27b1dbcd2463502e10e68cf57d6fd`);\n// Check total supply and user's balances unchanged\n(0, chai_1.expect)(await this.krAsset.contract.totalSupply()).to.equal(this.mintAmount);\n(0, chai_1.expect)(await this.krAsset.contract.balanceOf(hardhat_1.default.users.userOne.address)).to.equal(this.mintAmount);",
                  "err": {},
                  "uuid": "7fb000c6-5a11-458b-a322-cd5433982b6c",
                  "parentUUID": "a3b19f1c-f882-4a6c-8bc3-26d68b09a0b4",
                  "isHook": false,
                  "skipped": false
                }
              ],
              "suites": [],
              "passes": [
                "36965f91-b9d7-4445-beaa-78eb98be7f93",
                "35f78d60-2b6a-44fb-92d9-327f46b04e8a",
                "540e1a8a-9807-4eb8-9e95-2a015cfbdd2d",
                "7fb000c6-5a11-458b-a322-cd5433982b6c"
              ],
              "failures": [],
              "pending": [],
              "skipped": [],
              "duration": 364,
              "root": false,
              "rootEmpty": false,
              "_timeout": 15000
            }
          ],
          "passes": [],
          "failures": [],
          "pending": [],
          "skipped": [],
          "duration": 0,
          "root": false,
          "rootEmpty": false,
          "_timeout": 15000
        },
        {
          "uuid": "c18f8ecb-8d7e-442f-b638-fdcb2738ce30",
          "title": "KreskoAsset",
          "fullFile": "/Users/pk/Projects/kresko-protocol/src/test/krasset/02-krasset.ts",
          "file": "/src/test/krasset/02-krasset.ts",
          "beforeHooks": [
            {
              "title": "\"before each\" hook in \"KreskoAsset\"",
              "fullTitle": "KreskoAsset \"before each\" hook in \"KreskoAsset\"",
              "timedOut": false,
              "duration": 21,
              "state": null,
              "speed": null,
              "pass": false,
              "fail": false,
              "pending": false,
              "context": null,
              "code": "const fixture = await hre.deployments.createFixture(async (hre) => {\n    const result = await hre.deployments.fixture(fixtureName);\n    if (result.Diamond) {\n        hre.Diamond = await hre.ethers.getContractAt(\"Kresko\", result.Diamond.address);\n    }\n    return {\n        facets: result.Diamond ? result.Diamond.facets : [],\n        collaterals: hre.collaterals,\n        krAssets: hre.krAssets,\n    };\n})();\nthis.facets = fixture.facets || [];\nthis.collaterals = fixture.collaterals;\nthis.krAssets = fixture.krAssets;",
              "err": {},
              "uuid": "26cb2dbe-6146-4adf-b575-4c817bc50a0d",
              "parentUUID": "c18f8ecb-8d7e-442f-b638-fdcb2738ce30",
              "isHook": true,
              "skipped": false
            },
            {
              "title": "\"before each\" hook in \"KreskoAsset\"",
              "fullTitle": "KreskoAsset \"before each\" hook in \"KreskoAsset\"",
              "timedOut": false,
              "duration": 12,
              "state": null,
              "speed": null,
              "pass": false,
              "fail": false,
              "pending": false,
              "context": null,
              "code": "KreskoAsset = hardhat_1.default.krAssets.find(asset => asset.deployArgs.symbol === test_1.defaultKrAssetArgs.symbol).contract;\n// Grant minting rights for test deployer\nawait KreskoAsset.grantRole(test_1.Role.OPERATOR, hardhat_1.default.addr.deployer);",
              "err": {},
              "uuid": "27b47339-d182-4762-9850-978e67bebc0d",
              "parentUUID": "c18f8ecb-8d7e-442f-b638-fdcb2738ce30",
              "isHook": true,
              "skipped": false
            }
          ],
          "afterHooks": [],
          "tests": [],
          "suites": [
            {
              "uuid": "dd96093c-bbb3-4f94-8c4d-38e4df07606c",
              "title": "#rebase",
              "fullFile": "/Users/pk/Projects/kresko-protocol/src/test/krasset/02-krasset.ts",
              "file": "/src/test/krasset/02-krasset.ts",
              "beforeHooks": [],
              "afterHooks": [],
              "tests": [
                {
                  "title": "can set a positive rebase",
                  "fullTitle": "KreskoAsset #rebase can set a positive rebase",
                  "timedOut": false,
                  "duration": 16,
                  "state": "passed",
                  "speed": "fast",
                  "pass": true,
                  "fail": false,
                  "pending": false,
                  "context": null,
                  "code": "const denominator = hardhat_1.default.toBig(\"1.525\");\nconst positive = true;\nawait (0, chai_1.expect)(KreskoAsset.rebase(denominator, positive)).to.not.be.reverted;\n(0, chai_1.expect)(await KreskoAsset.isRebased()).to.equal(true);\nconst rebaseInfo = await KreskoAsset.rebaseInfo();\n(0, chai_1.expect)(rebaseInfo.denominator).equal(denominator);\n(0, chai_1.expect)(rebaseInfo.positive).equal(true);",
                  "err": {},
                  "uuid": "b1e0d289-53c1-4e10-9478-a448d14dd61f",
                  "parentUUID": "dd96093c-bbb3-4f94-8c4d-38e4df07606c",
                  "isHook": false,
                  "skipped": false
                },
                {
                  "title": "can set a negative rebase",
                  "fullTitle": "KreskoAsset #rebase can set a negative rebase",
                  "timedOut": false,
                  "duration": 19,
                  "state": "passed",
                  "speed": "fast",
                  "pass": true,
                  "fail": false,
                  "pending": false,
                  "context": null,
                  "code": "const denominator = hardhat_1.default.toBig(\"1.525\");\nconst positive = false;\nawait (0, chai_1.expect)(KreskoAsset.rebase(denominator, positive)).to.not.be.reverted;\n(0, chai_1.expect)(await KreskoAsset.isRebased()).to.equal(true);\nconst rebaseInfo = await KreskoAsset.rebaseInfo();\n(0, chai_1.expect)(rebaseInfo.denominator).equal(denominator);\n(0, chai_1.expect)(rebaseInfo.positive).equal(false);",
                  "err": {},
                  "uuid": "8a4188c9-55ce-46df-b486-46925c8f8e61",
                  "parentUUID": "dd96093c-bbb3-4f94-8c4d-38e4df07606c",
                  "isHook": false,
                  "skipped": false
                },
                {
                  "title": "can be disabled by setting the denominator to 1 ether",
                  "fullTitle": "KreskoAsset #rebase can be disabled by setting the denominator to 1 ether",
                  "timedOut": false,
                  "duration": 42,
                  "state": "passed",
                  "speed": "medium",
                  "pass": true,
                  "fail": false,
                  "pending": false,
                  "context": null,
                  "code": "const denominator = hardhat_1.default.toBig(1);\nconst positive = false;\nawait (0, chai_1.expect)(KreskoAsset.rebase(denominator, positive)).to.not.be.reverted;\n(0, chai_1.expect)(await KreskoAsset.isRebased()).to.equal(false);",
                  "err": {},
                  "uuid": "9ba67ee4-aed9-46e5-bf54-6c2f7577479a",
                  "parentUUID": "dd96093c-bbb3-4f94-8c4d-38e4df07606c",
                  "isHook": false,
                  "skipped": false
                }
              ],
              "suites": [
                {
                  "uuid": "5866b3c1-d11d-4eca-bf8b-32cd6f07afa1",
                  "title": "#balance + supply",
                  "fullFile": "/Users/pk/Projects/kresko-protocol/src/test/krasset/02-krasset.ts",
                  "file": "/src/test/krasset/02-krasset.ts",
                  "beforeHooks": [],
                  "afterHooks": [],
                  "tests": [
                    {
                      "title": "has no effect when not enabled",
                      "fullTitle": "KreskoAsset #rebase #balance + supply has no effect when not enabled",
                      "timedOut": false,
                      "duration": 15,
                      "state": "passed",
                      "speed": "fast",
                      "pass": true,
                      "fail": false,
                      "pending": false,
                      "context": null,
                      "code": "await KreskoAsset.mint(hardhat_1.default.addr.deployer, test_1.defaultMintAmount);\n(0, chai_1.expect)(await KreskoAsset.isRebased()).to.equal(false);\n(0, chai_1.expect)(await KreskoAsset.balanceOf(hardhat_1.default.addr.deployer)).to.equal(test_1.defaultMintAmount);",
                      "err": {},
                      "uuid": "384792b0-96dd-4195-9a13-93fd41f7212b",
                      "parentUUID": "5866b3c1-d11d-4eca-bf8b-32cd6f07afa1",
                      "isHook": false,
                      "skipped": false
                    },
                    {
                      "title": "increases balance and supply with positive rebase @ 2",
                      "fullTitle": "KreskoAsset #rebase #balance + supply increases balance and supply with positive rebase @ 2",
                      "timedOut": false,
                      "duration": 29,
                      "state": "passed",
                      "speed": "fast",
                      "pass": true,
                      "fail": false,
                      "pending": false,
                      "context": null,
                      "code": "const denominator = 2;\nconst positive = true;\nawait KreskoAsset.mint(hardhat_1.default.addr.deployer, test_1.defaultMintAmount);\nawait KreskoAsset.rebase(hardhat_1.default.toBig(denominator), positive);\n(0, chai_1.expect)(await KreskoAsset.balanceOf(hardhat_1.default.addr.deployer)).to.equal(test_1.defaultMintAmount.mul(denominator));\n(0, chai_1.expect)(await KreskoAsset.totalSupply()).to.equal(test_1.defaultMintAmount.mul(denominator));",
                      "err": {},
                      "uuid": "406f9956-5856-49ec-aa47-7fa6aa3b71d5",
                      "parentUUID": "5866b3c1-d11d-4eca-bf8b-32cd6f07afa1",
                      "isHook": false,
                      "skipped": false
                    },
                    {
                      "title": "increases balance and supply with positive rebase @ 3",
                      "fullTitle": "KreskoAsset #rebase #balance + supply increases balance and supply with positive rebase @ 3",
                      "timedOut": false,
                      "duration": 28,
                      "state": "passed",
                      "speed": "fast",
                      "pass": true,
                      "fail": false,
                      "pending": false,
                      "context": null,
                      "code": "const denominator = 3;\nconst positive = true;\nawait KreskoAsset.mint(hardhat_1.default.addr.deployer, test_1.defaultMintAmount);\nawait KreskoAsset.rebase(hardhat_1.default.toBig(denominator), positive);\n(0, chai_1.expect)(await KreskoAsset.balanceOf(hardhat_1.default.addr.deployer)).to.equal(test_1.defaultMintAmount.mul(denominator));\n(0, chai_1.expect)(await KreskoAsset.totalSupply()).to.equal(test_1.defaultMintAmount.mul(denominator));",
                      "err": {},
                      "uuid": "6671b308-d968-4bf4-add3-43a4cabfacfc",
                      "parentUUID": "5866b3c1-d11d-4eca-bf8b-32cd6f07afa1",
                      "isHook": false,
                      "skipped": false
                    },
                    {
                      "title": "increases balance and supply with positive rebase  @ 100",
                      "fullTitle": "KreskoAsset #rebase #balance + supply increases balance and supply with positive rebase  @ 100",
                      "timedOut": false,
                      "duration": 30,
                      "state": "passed",
                      "speed": "fast",
                      "pass": true,
                      "fail": false,
                      "pending": false,
                      "context": null,
                      "code": "const denominator = 100;\nconst positive = true;\nawait KreskoAsset.mint(hardhat_1.default.addr.deployer, test_1.defaultMintAmount);\nawait KreskoAsset.rebase(hardhat_1.default.toBig(denominator), positive);\n(0, chai_1.expect)(await KreskoAsset.balanceOf(hardhat_1.default.addr.deployer)).to.equal(test_1.defaultMintAmount.mul(denominator));\n(0, chai_1.expect)(await KreskoAsset.totalSupply()).to.equal(test_1.defaultMintAmount.mul(denominator));",
                      "err": {},
                      "uuid": "950af1cd-a263-462f-b59f-45f9da1e11f9",
                      "parentUUID": "5866b3c1-d11d-4eca-bf8b-32cd6f07afa1",
                      "isHook": false,
                      "skipped": false
                    },
                    {
                      "title": "reduces balance and supply with negative rebase @ 2",
                      "fullTitle": "KreskoAsset #rebase #balance + supply reduces balance and supply with negative rebase @ 2",
                      "timedOut": false,
                      "duration": 27,
                      "state": "passed",
                      "speed": "fast",
                      "pass": true,
                      "fail": false,
                      "pending": false,
                      "context": null,
                      "code": "const denominator = 2;\nconst positive = false;\nawait KreskoAsset.mint(hardhat_1.default.addr.deployer, test_1.defaultMintAmount);\nawait KreskoAsset.rebase(hardhat_1.default.toBig(denominator), positive);\n(0, chai_1.expect)(await KreskoAsset.balanceOf(hardhat_1.default.addr.deployer)).to.equal(test_1.defaultMintAmount.div(denominator));\n(0, chai_1.expect)(await KreskoAsset.totalSupply()).to.equal(test_1.defaultMintAmount.div(denominator));",
                      "err": {},
                      "uuid": "084da954-fe58-43ac-9b8e-4080ba782627",
                      "parentUUID": "5866b3c1-d11d-4eca-bf8b-32cd6f07afa1",
                      "isHook": false,
                      "skipped": false
                    },
                    {
                      "title": "reduces balance and supply with negative rebase @ 3",
                      "fullTitle": "KreskoAsset #rebase #balance + supply reduces balance and supply with negative rebase @ 3",
                      "timedOut": false,
                      "duration": 26,
                      "state": "passed",
                      "speed": "fast",
                      "pass": true,
                      "fail": false,
                      "pending": false,
                      "context": null,
                      "code": "const denominator = 3;\nconst positive = false;\nawait KreskoAsset.mint(hardhat_1.default.addr.deployer, test_1.defaultMintAmount);\nawait KreskoAsset.rebase(hardhat_1.default.toBig(denominator), positive);\n(0, chai_1.expect)(await KreskoAsset.balanceOf(hardhat_1.default.addr.deployer)).to.equal(test_1.defaultMintAmount.div(denominator));\n(0, chai_1.expect)(await KreskoAsset.totalSupply()).to.equal(test_1.defaultMintAmount.div(denominator));",
                      "err": {},
                      "uuid": "71cfbec1-df15-4be7-821f-c583591b564e",
                      "parentUUID": "5866b3c1-d11d-4eca-bf8b-32cd6f07afa1",
                      "isHook": false,
                      "skipped": false
                    },
                    {
                      "title": "reduces balance and supply with negative rebase @ 100",
                      "fullTitle": "KreskoAsset #rebase #balance + supply reduces balance and supply with negative rebase @ 100",
                      "timedOut": false,
                      "duration": 30,
                      "state": "passed",
                      "speed": "fast",
                      "pass": true,
                      "fail": false,
                      "pending": false,
                      "context": null,
                      "code": "const denominator = 100;\nconst positive = false;\nawait KreskoAsset.mint(hardhat_1.default.addr.deployer, test_1.defaultMintAmount);\nawait KreskoAsset.rebase(hardhat_1.default.toBig(denominator), positive);\n(0, chai_1.expect)(await KreskoAsset.balanceOf(hardhat_1.default.addr.deployer)).to.equal(test_1.defaultMintAmount.div(denominator));\n(0, chai_1.expect)(await KreskoAsset.totalSupply()).to.equal(test_1.defaultMintAmount.div(denominator));",
                      "err": {},
                      "uuid": "45474368-5adc-44bf-8aec-385d4a010fd7",
                      "parentUUID": "5866b3c1-d11d-4eca-bf8b-32cd6f07afa1",
                      "isHook": false,
                      "skipped": false
                    }
                  ],
                  "suites": [],
                  "passes": [
                    "384792b0-96dd-4195-9a13-93fd41f7212b",
                    "406f9956-5856-49ec-aa47-7fa6aa3b71d5",
                    "6671b308-d968-4bf4-add3-43a4cabfacfc",
                    "950af1cd-a263-462f-b59f-45f9da1e11f9",
                    "084da954-fe58-43ac-9b8e-4080ba782627",
                    "71cfbec1-df15-4be7-821f-c583591b564e",
                    "45474368-5adc-44bf-8aec-385d4a010fd7"
                  ],
                  "failures": [],
                  "pending": [],
                  "skipped": [],
                  "duration": 185,
                  "root": false,
                  "rootEmpty": false,
                  "_timeout": 15000
                },
                {
                  "uuid": "afc3f0c6-615f-494f-8ca9-5751d5afd858",
                  "title": "#transfer",
                  "fullFile": "/Users/pk/Projects/kresko-protocol/src/test/krasset/02-krasset.ts",
                  "file": "/src/test/krasset/02-krasset.ts",
                  "beforeHooks": [],
                  "afterHooks": [],
                  "tests": [
                    {
                      "title": "has default transfer behaviour after positive rebase",
                      "fullTitle": "KreskoAsset #rebase #transfer has default transfer behaviour after positive rebase",
                      "timedOut": false,
                      "duration": 54,
                      "state": "passed",
                      "speed": "medium",
                      "pass": true,
                      "fail": false,
                      "pending": false,
                      "context": null,
                      "code": "const transferAmount = hardhat_1.default.toBig(1);\nawait KreskoAsset.mint(hardhat_1.default.addr.deployer, test_1.defaultMintAmount);\nawait KreskoAsset.mint(hardhat_1.default.addr.userOne, test_1.defaultMintAmount);\nconst denominator = 2;\nconst positive = true;\nawait KreskoAsset.rebase(hardhat_1.default.toBig(denominator), positive);\nconst rebaseInfodDefaultMintAMount = test_1.defaultMintAmount.mul(denominator);\nawait KreskoAsset.transfer(hardhat_1.default.addr.userOne, transferAmount);\n(0, chai_1.expect)(await KreskoAsset.balanceOf(hardhat_1.default.addr.userOne)).to.equal(rebaseInfodDefaultMintAMount.add(transferAmount));\n(0, chai_1.expect)(await KreskoAsset.balanceOf(hardhat_1.default.addr.deployer)).to.equal(rebaseInfodDefaultMintAMount.sub(transferAmount));",
                      "err": {},
                      "uuid": "979f2467-1a7e-4785-ba78-4372b51b85e9",
                      "parentUUID": "afc3f0c6-615f-494f-8ca9-5751d5afd858",
                      "isHook": false,
                      "skipped": false
                    },
                    {
                      "title": "has default transfer behaviour after negative rebase",
                      "fullTitle": "KreskoAsset #rebase #transfer has default transfer behaviour after negative rebase",
                      "timedOut": false,
                      "duration": 52,
                      "state": "passed",
                      "speed": "medium",
                      "pass": true,
                      "fail": false,
[...]
                  "err": {},
                  "uuid": "70515680-e769-40c7-a333-272143c06c67",
                  "parentUUID": "6be07d3d-6811-407f-a701-24bb3def63a8",
                  "isHook": false,
                  "skipped": false
                }
              ],
              "suites": [],
              "passes": [
                "7abfcc06-5af8-4be5-8760-63e8148e5bb3",
                "c06ead1b-7a67-48eb-8cfe-93a643784e3a",
                "16950bef-ed19-4fe0-aa11-27c71185a3ff",
                "a92ec214-f578-4e8c-bf57-5a8764cb79ec",
                "a72933ca-7a85-45a9-b7c8-eb3fd28acf93",
                "2b278d01-80f8-438c-9117-07f35a1a1dd8",
                "8f332855-0a30-438e-8591-175c111b735b",
                "82b8b44a-6bf1-4a04-87c0-3fa9d2ec9bf5",
                "57661e40-986b-406b-89ed-1aee34f1a8bd",
                "8b35e8e3-f970-445f-b922-84f421b12cb7",
                "70515680-e769-40c7-a333-272143c06c67"
              ],
              "failures": [],
              "pending": [],
              "skipped": [],
              "duration": 17342,
              "root": false,
              "rootEmpty": false,
              "_timeout": 15000
            }
          ],
          "passes": [],
          "failures": [],
          "pending": [],
          "skipped": [],
          "duration": 0,
          "root": false,
          "rootEmpty": false,
          "_timeout": 15000
        },
        {
          "uuid": "91f61b6a-9d27-42c6-afb3-5426202328d3",
          "title": "Stability Rates",
          "fullFile": "/Users/pk/Projects/kresko-protocol/src/test/stability-rate/03-liquidation.ts",
          "file": "/src/test/stability-rate/03-liquidation.ts",
          "beforeHooks": [
            {
              "title": "\"before each\" hook in \"Stability Rates\"",
              "fullTitle": "Stability Rates \"before each\" hook in \"Stability Rates\"",
              "timedOut": false,
              "duration": 21,
              "state": null,
              "speed": null,
              "pass": false,
              "fail": false,
              "pending": false,
              "context": null,
              "code": "const fixture = await hre.deployments.createFixture(async (hre) => {\n    const result = await hre.deployments.fixture(fixtureName);\n    if (result.Diamond) {\n        hre.Diamond = await hre.ethers.getContractAt(\"Kresko\", result.Diamond.address);\n    }\n    return {\n        facets: result.Diamond ? result.Diamond.facets : [],\n        collaterals: hre.collaterals,\n        krAssets: hre.krAssets,\n    };\n})();\nthis.facets = fixture.facets || [];\nthis.collaterals = fixture.collaterals;\nthis.krAssets = fixture.krAssets;",
              "err": {},
              "uuid": "0835bb23-ce16-4958-bb76-f5fe2744ed67",
              "parentUUID": "91f61b6a-9d27-42c6-afb3-5426202328d3",
              "isHook": true,
              "skipped": false
            },
            {
              "title": "\"before each\" hook in \"Stability Rates\"",
              "fullTitle": "Stability Rates \"before each\" hook in \"Stability Rates\"",
              "timedOut": false,
              "duration": 406,
              "state": null,
              "speed": null,
              "pass": false,
              "fail": false,
              "pending": false,
              "context": null,
              "code": "liquidator = hardhat_1.default.users.deployer;\nuserTwo = hardhat_1.default.users.userTwo;\nthis.krAsset = hardhat_1.default.krAssets.find(c => c.deployArgs.name === test_1.defaultKrAssetArgs.name);\nthis.collateral = hardhat_1.default.collaterals.find(c => c.deployArgs.name === test_1.defaultCollateralArgs.name);\nconst krAssetOraclePrice = 10;\nthis.krAsset.setPrice(krAssetOraclePrice);\nconst cLiq = (0, lib_1.toBig)(1000);\nconst kLiq = (0, lib_1.toBig)(100);\nawait this.collateral.setBalance(liquidator, cLiq.mul(2));\nawait (0, collaterals_1.depositCollateral)({\n    asset: this.collateral,\n    amount: cLiq,\n    user: liquidator,\n});\nawait (0, krassets_1.mintKrAsset)({\n    asset: this.krAsset,\n    amount: kLiq,\n    user: liquidator,\n});\nconst anchorBalance = await this.krAsset.anchor.balanceOf(hardhat_1.default.Diamond.address);\n(0, chai_1.expect)(anchorBalance).to.equal(kLiq);\n// 1000/100 = krAsset amm price 10\nconst pair = await (0, amm_1.addLiquidity)({\n    user: liquidator,\n    router: hardhat_1.default.UniV2Router,\n    amount0: cLiq,\n    amount1: kLiq,\n    token0: this.collateral,\n    token1: this.krAsset,\n});\nupdateTWAP = (0, amm_1.getTWAPUpdaterFor)(pair.address);\nawait hardhat_1.default.UniV2Oracle.initPair(pair.address, this.krAsset.address, 60 * 60);\nawait updateTWAP();",
              "err": {},
              "uuid": "60217f10-7e55-47ce-b521-0ee843f7a08f",
              "parentUUID": "91f61b6a-9d27-42c6-afb3-5426202328d3",
              "isHook": true,
              "skipped": false
            }
          ],
          "afterHooks": [],
          "tests": [],
          "suites": [
            {
              "uuid": "d39820ca-c5bd-451e-8196-74a17fe5d334",
              "title": "#stability rate - liquidation",
              "fullFile": "/Users/pk/Projects/kresko-protocol/src/test/stability-rate/03-liquidation.ts",
              "file": "/src/test/stability-rate/03-liquidation.ts",
              "beforeHooks": [
                {
                  "title": "\"before each\" hook in \"#stability rate - liquidation\"",
                  "fullTitle": "Stability Rates #stability rate - liquidation \"before each\" hook in \"#stability rate - liquidation\"",
                  "timedOut": false,
                  "duration": 4549,
                  "state": null,
                  "speed": null,
                  "pass": false,
                  "fail": false,
                  "pending": false,
                  "context": null,
                  "code": "await this.collateral.setBalance(userTwo, depositAmount);\n// Create few krAssets\nkrAssets = await Promise.all([\"krasset2\", \"krasset3\", \"krasset4\"].map(async (name) => await (0, krassets_1.addMockKreskoAsset)({\n    name: name,\n    symbol: name,\n    marketOpen: true,\n    factor: 1.1,\n    closeFee: 0,\n    openFee: 0,\n    price: 10,\n    supplyLimit: 2000,\n    stabilityRateBase: test_1.BASIS_POINT.mul(1000), // 10%\n})));",
                  "err": {},
                  "uuid": "644683f2-3526-4206-b8f1-03b78fef3e1c",
                  "parentUUID": "d39820ca-c5bd-451e-8196-74a17fe5d334",
                  "isHook": true,
                  "skipped": false
                }
              ],
              "afterHooks": [],
              "tests": [
                {
                  "title": "cannot liquidate accrued interest of healthy account",
                  "fullTitle": "Stability Rates #stability rate - liquidation cannot liquidate accrued interest of healthy account",
                  "timedOut": false,
                  "duration": 694,
                  "state": "passed",
                  "speed": "slow",
                  "pass": true,
                  "fail": false,
                  "pending": false,
                  "context": null,
                  "code": "await this.collateral.setBalance(userTwo, depositAmount);\n// Deposit a bit more to cover the mints\nawait (0, collaterals_1.depositCollateral)({\n    asset: this.collateral,\n    amount: depositAmount,\n    user: userTwo,\n});\n// mint each krasset\nawait Promise.all(krAssets.map(krAsset => (0, krassets_1.mintKrAsset)({\n    asset: krAsset,\n    amount: mintAmount,\n    user: userTwo,\n})));\nawait hardhat_network_helpers_1.time.increase(calculations_1.ONE_YEAR);\nconst krAsset = krAssets[0];\n(0, chai_1.expect)(await hardhat_1.default.Diamond.isAccountLiquidatable(userTwo.address)).to.be.false;\nawait (0, chai_1.expect)(hardhat_1.default.Diamond.connect(liquidator).liquidateInterest(userTwo.address, krAsset.address, this.collateral.address)).to.be.revertedWith(errors_1.Error.NOT_LIQUIDATABLE);",
                  "err": {},
                  "uuid": "1435a33f-faca-44ae-b669-89a37abd2e24",
                  "parentUUID": "d39820ca-c5bd-451e-8196-74a17fe5d334",
                  "isHook": false,
                  "skipped": false
                },
                {
                  "title": "cannot batch liquidate accrued interest of healthy account",
                  "fullTitle": "Stability Rates #stability rate - liquidation cannot batch liquidate accrued interest of healthy account",
                  "timedOut": false,
                  "duration": 435,
                  "state": "passed",
                  "speed": "slow",
                  "pass": true,
                  "fail": false,
                  "pending": false,
                  "context": null,
                  "code": "await this.collateral.setBalance(userTwo, depositAmount);\n// Deposit a bit more to cover the mints\nawait (0, collaterals_1.depositCollateral)({\n    asset: this.collateral,\n    amount: depositAmount,\n    user: userTwo,\n});\n// mint each krasset\nawait Promise.all(krAssets.map(krAsset => (0, krassets_1.mintKrAsset)({\n    asset: krAsset,\n    amount: mintAmount,\n    user: userTwo,\n})));\nawait hardhat_network_helpers_1.time.increase(calculations_1.ONE_YEAR);\n(0, chai_1.expect)(await hardhat_1.default.Diamond.isAccountLiquidatable(userTwo.address)).to.be.false;\nawait (0, chai_1.expect)(hardhat_1.default.Diamond.connect(liquidator).batchLiquidateInterest(userTwo.address, this.collateral.address)).to.be.revertedWith(errors_1.Error.NOT_LIQUIDATABLE);",
                  "err": {},
                  "uuid": "a1482493-269d-474f-9583-468c563b8502",
                  "parentUUID": "d39820ca-c5bd-451e-8196-74a17fe5d334",
                  "isHook": false,
                  "skipped": false
                },
                {
                  "title": "can liquidate accrued interest of unhealthy account",
                  "fullTitle": "Stability Rates #stability rate - liquidation can liquidate accrued interest of unhealthy account",
                  "timedOut": false,
                  "duration": 1006,
                  "state": "passed",
                  "speed": "slow",
                  "pass": true,
                  "fail": false,
                  "pending": false,
                  "context": null,
                  "code": "const KISS = await hardhat_1.default.ethers.getContract(\"KISS\");\nawait KISS.connect(liquidator).approve(hardhat_1.default.Diamond.address, hardhat_1.default.ethers.constants.MaxUint256);\nawait this.collateral.setBalance(userTwo, depositAmount);\n// Deposit a bit more to cover the mints\nawait (0, collaterals_1.depositCollateral)({\n    asset: this.collateral,\n    amount: depositAmount,\n    user: userTwo,\n});\n// mint each krasset\nawait Promise.all(krAssets.map(krAsset => (0, krassets_1.mintKrAsset)({\n    asset: krAsset,\n    amount: mintAmount,\n    user: userTwo,\n})));\n// Up the asset prices\nconst newPrice = 15;\nkrAssets.map(asset => asset.setPrice(newPrice));\n// increase time so account is liquidatable\n(0, chai_1.expect)(await hardhat_1.default.Diamond.isAccountLiquidatable(userTwo.address)).to.be.false;\nawait hardhat_network_helpers_1.time.increase(calculations_1.ONE_YEAR * 4);\n// should be liquidatable\n(0, chai_1.expect)(await hardhat_1.default.Diamond.isAccountLiquidatable(userTwo.address)).to.be.true;\n// Asset to liquidate\nconst krAsset = krAssets[0];\nconst interestUSDTotal = await hardhat_1.default.Diamond.kreskoAssetDebtInterestTotal(userTwo.address);\n// Liquidator mints KISS\nawait (0, krassets_1.mintKrAsset)({\n    asset: KISS,\n    amount: interestUSDTotal.add((0, lib_1.toBig)(1)),\n    user: liquidator,\n});\n// liquidatable value total before\nconst accruedKissInterest = (0, hardhat_1.fromBig)((await hardhat_1.default.Diamond.kreskoAssetDebtInterest(userTwo.address, krAsset.address)).kissAmount);\nconst accountCollateralBefore = await hardhat_1.default.Diamond.collateralDeposits(userTwo.address, this.collateral.address);\n// Wipe seized collateral balance before liquidation for easy comparison\nawait this.collateral.setBalance(liquidator, (0, lib_1.toBig)(0));\n// Liquidate\nconst tx = await hardhat_1.default.Diamond.connect(liquidator).liquidateInterest(userTwo.address, krAsset.address, this.collateral.address);\n// Should all be wiped\nconst interestAccruedAfterLiq = await hardhat_1.default.Diamond.kreskoAssetDebtInterest(userTwo.address, krAsset.address);\n(0, chai_1.expect)(interestAccruedAfterLiq.kissAmount).to.eq(0);\n(0, chai_1.expect)(interestAccruedAfterLiq.assetAmount).to.eq(0);\nconst accountCollateralAfter = await hardhat_1.default.Diamond.collateralDeposits(userTwo.address, this.collateral.address);\nconst event = await (0, protocol_ts_1.getInternalEvent)(tx, (0, events_1.EventContract)(), \"InterestLiquidationOccurred\");\n// validate interest accrual changes\n(0, chai_1.expect)(accountCollateralAfter).to.equal(accountCollateralBefore.sub(event.collateralSent));\nconst liquidationIncentive = (0, hardhat_1.fromBig)((await hardhat_1.default.Diamond.liquidationIncentiveMultiplier()).rawValue);\nconst expectedCollateral = (accruedKissInterest / (0, hardhat_1.fromBig)(await this.collateral.getPrice(), 8)) * liquidationIncentive;\n// event validation\n(0, chai_1.expect)(event.account).to.equal(userTwo.address);\n(0, chai_1.expect)(event.liquidator).to.equal(liquidator.address);\n(0, chai_1.expect)(event.repayKreskoAsset).to.equal(krAsset.address);\n(0, chai_1.expect)(event.seizedCollateralAsset).to.equal(this.collateral.address);\n(0, chai_1.expect)((0, hardhat_1.fromBig)(event.collateralSent).toFixed(6)).to.equal(expectedCollateral.toFixed(6));\n(0, chai_1.expect)((0, hardhat_1.fromBig)(event.repayUSD)).to.closeTo(accruedKissInterest, 0.0001);\n// liquidator received collateral\n(0, chai_1.expect)(await this.collateral.contract.balanceOf(liquidator.address)).to.equal(event.collateralSent);",
                  "err": {},
                  "uuid": "0e0ac850-f2a2-4ea6-a2f1-4f9ebb4112c8",
                  "parentUUID": "d39820ca-c5bd-451e-8196-74a17fe5d334",
                  "isHook": false,
                  "skipped": false
                },
                {
                  "title": "can batch liquidate accrued interest of unhealthy account",
                  "fullTitle": "Stability Rates #stability rate - liquidation can batch liquidate accrued interest of unhealthy account",
                  "timedOut": false,
                  "duration": 1254,
                  "state": "passed",
                  "speed": "slow",
                  "pass": true,
                  "fail": false,
                  "pending": false,
                  "context": null,
                  "code": "const KISS = await hardhat_1.default.ethers.getContract(\"KISS\");\nawait KISS.connect(liquidator).approve(hardhat_1.default.Diamond.address, hardhat_1.default.ethers.constants.MaxUint256);\nawait this.collateral.setBalance(userTwo, depositAmount);\n// Deposit a bit more to cover the mints\nawait (0, collaterals_1.depositCollateral)({\n    asset: this.collateral,\n    amount: depositAmount,\n    user: userTwo,\n});\n// mint each krasset\nawait Promise.all(krAssets.map(krAsset => (0, krassets_1.mintKrAsset)({\n    asset: krAsset,\n    amount: mintAmount,\n    user: userTwo,\n})));\n// Up the asset prices\nconst newPrice = 15;\nkrAssets.map(asset => asset.setPrice(newPrice));\n// increase time so account is liquidatable\n(0, chai_1.expect)(await hardhat_1.default.Diamond.isAccountLiquidatable(userTwo.address)).to.be.false;\nawait hardhat_network_helpers_1.time.increase(calculations_1.ONE_YEAR * 4);\n// should be liquidatable\n(0, chai_1.expect)(await hardhat_1.default.Diamond.isAccountLiquidatable(userTwo.address)).to.be.true;\nconst interestKissTotal = (0, hardhat_1.fromBig)(await hardhat_1.default.Diamond.kreskoAssetDebtInterestTotal(userTwo.address));\n// Liquidator mints KISS\nawait (0, krassets_1.mintKrAsset)({\n    asset: KISS,\n    amount: interestKissTotal + 1,\n    user: liquidator,\n});\n// Wipe seized collateral balance before liquidation for easy comparison\nawait this.collateral.setBalance(liquidator, (0, lib_1.toBig)(0));\n// Liquidate\nconst tx = await hardhat_1.default.Diamond.connect(liquidator).batchLiquidateInterest(userTwo.address, this.collateral.address);\nconst interestKissTotalAfter = (0, hardhat_1.fromBig)(await hardhat_1.default.Diamond.kreskoAssetDebtInterestTotal(userTwo.address));\n(0, chai_1.expect)(await hardhat_1.default.Diamond.isAccountLiquidatable(userTwo.address)).to.be.false;\nconst event = await (0, protocol_ts_1.getInternalEvent)(tx, (0, events_1.EventContract)(), \"BatchInterestLiquidationOccurred\");\nconst repayUSD = (0, hardhat_1.fromBig)(event.repayUSD);\n// interest accrued changes\n(0, chai_1.expect)(interestKissTotalAfter).to.closeTo(interestKissTotal - (0, hardhat_1.fromBig)(event.repayUSD), 0.0001);\nconst liquidationIncentive = (0, hardhat_1.fromBig)((await hardhat_1.default.Diamond.liquidationIncentiveMultiplier()).rawValue);\nconst expectedCollateral = (repayUSD / (0, hardhat_1.fromBig)(await this.collateral.getPrice(), 8)) * liquidationIncentive;\n// event validation\n(0, chai_1.expect)(event.account).to.equal(userTwo.address);\n(0, chai_1.expect)(event.liquidator).to.equal(liquidator.address);\n(0, chai_1.expect)(event.seizedCollateralAsset).to.equal(this.collateral.address);\n(0, chai_1.expect)((0, hardhat_1.fromBig)(event.collateralSent)).to.closeTo(expectedCollateral, 0.0001);\n(0, chai_1.expect)(repayUSD).to.closeTo(interestKissTotal - interestKissTotalAfter, 0.0001);\n// liquidator received collateral\n(0, chai_1.expect)(await this.collateral.contract.balanceOf(liquidator.address)).to.equal(event.collateralSent);",
                  "err": {},
                  "uuid": "7af55aac-70ae-41e2-85c3-0b35f3c636f0",
                  "parentUUID": "d39820ca-c5bd-451e-8196-74a17fe5d334",
                  "isHook": false,
                  "skipped": false
                }
              ],
              "suites": [],
              "passes": [
                "1435a33f-faca-44ae-b669-89a37abd2e24",
                "a1482493-269d-474f-9583-468c563b8502",
                "0e0ac850-f2a2-4ea6-a2f1-4f9ebb4112c8",
                "7af55aac-70ae-41e2-85c3-0b35f3c636f0"
              ],
              "failures": [],
              "pending": [],
              "skipped": [],
              "duration": 3389,
              "root": false,
              "rootEmpty": false,
              "_timeout": 15000
            }
          ],
          "passes": [],
          "failures": [],
          "pending": [],
          "skipped": [],
          "duration": 0,
          "root": false,
          "rootEmpty": false,
          "_timeout": 15000
        }
      ],
      "passes": [],
      "failures": [],
      "pending": [],
      "skipped": [],
      "duration": 0,
      "root": true,
      "rootEmpty": true,
      "_timeout": 15000
    }
  ],
  "meta": {
    "mocha": {
      "version": "10.1.0"
    },
    "mochawesome": {
      "options": {
        "quiet": false,
        "reportFilename": "mochawesome",
        "saveHtml": true,
        "saveJson": true,
        "consoleReporter": "spec",
        "useInlineDiffs": false,
        "code": true
      },
      "version": "7.1.3"
    },
    "marge": {
      "options": null,
      "version": "6.2.0"
    }
  }
}