{
  "stats": {
    "suites": 79,
    "tests": 235,
    "passes": 229,
    "pending": 6,
    "failures": 0,
    "start": "2023-04-11T12:43:42.068Z",
    "end": "2023-04-11T12:45:02.946Z",
    "duration": 80878,
    "testsRegistered": 235,
    "passPercent": 100,
    "pendingPercent": 2.553191489361702,
    "other": 0,
    "hasOther": false,
    "skipped": 0,
    "hasSkipped": false
  },
  "results": [
    {
      "uuid": "2cace22e-1215-47dd-b93d-45c75704ceef",
      "title": "",
      "fullFile": "",
      "file": "",
      "beforeHooks": [],
      "afterHooks": [],
      "tests": [],
      "suites": [
        {
          "uuid": "9bf0ca4c-4da3-43ae-8880-831fee2a0bf6",
          "title": "Diamond",
          "fullFile": "/Users/panukettunen/Projects/kresko-protocol/src/test/diamond/00-init.ts",
          "file": "/src/test/diamond/00-init.ts",
          "beforeHooks": [
            {
              "title": "\"before each\" hook in \"Diamond\"",
              "fullTitle": "Diamond \"before each\" hook in \"Diamond\"",
              "timedOut": false,
              "duration": 18,
              "state": null,
              "speed": null,
              "pass": false,
              "fail": false,
              "pending": false,
              "context": null,
              "code": "const fixture = await hardhat_1.default.deployments.createFixture(async (hre) => {\n    const result = await hre.deployments.fixture(fixtureName);\n    if (result.Diamond) {\n        hre.Diamond = await hre.getContractOrFork(\"Kresko\");\n    }\n    return {\n        facets: result.Diamond ? result.Diamond.facets : [],\n        collaterals: hre.collaterals,\n        krAssets: hre.krAssets,\n    };\n})();\nthis.facets = fixture.facets || [];\nthis.collaterals = fixture.collaterals;\nthis.krAssets = fixture.krAssets;",
              "err": {},
              "uuid": "63a44884-4721-49ef-85f2-5abcb437dadc",
              "parentUUID": "9bf0ca4c-4da3-43ae-8880-831fee2a0bf6",
              "isHook": true,
              "skipped": false
            }
          ],
          "afterHooks": [],
          "tests": [],
          "suites": [
            {
              "uuid": "2c86588a-caa9-42dd-b462-18c82f1e809d",
              "title": "#initialization",
              "fullFile": "/Users/panukettunen/Projects/kresko-protocol/src/test/diamond/00-init.ts",
              "file": "/src/test/diamond/00-init.ts",
              "beforeHooks": [],
              "afterHooks": [],
              "tests": [
                {
                  "title": "sets correct state",
                  "fullTitle": "Diamond #initialization sets correct state",
                  "timedOut": false,
                  "duration": 5,
                  "state": "passed",
                  "speed": "fast",
                  "pass": true,
                  "fail": false,
                  "pending": false,
                  "context": null,
                  "code": "(0, chai_1.expect)(await hardhat_1.default.Diamond.owner()).to.equal(hardhat_1.default.users.deployer.address);\n(0, chai_1.expect)(await hardhat_1.default.Diamond.initialized()).to.equal(true);",
                  "err": {},
                  "uuid": "a3b2af60-0860-435f-babd-f9d5e01e6bb0",
                  "parentUUID": "2c86588a-caa9-42dd-b462-18c82f1e809d",
                  "isHook": false,
                  "skipped": false
                },
                {
                  "title": "sets standard facet addresses",
                  "fullTitle": "Diamond #initialization sets standard facet addresses",
                  "timedOut": false,
                  "duration": 26,
                  "state": "passed",
                  "speed": "fast",
                  "pass": true,
                  "fail": false,
                  "pending": false,
                  "context": null,
                  "code": "const facetAddressesOnChain = (await hardhat_1.default.Diamond.facets()).map(f => f.facetAddress);\nconst facetAddressesArtifact = this.facets.map(f => f.facetAddress);\n(0, chai_1.expect)(facetAddressesOnChain.length).to.equal(facetAddressesArtifact.length);\n(0, chai_1.expect)(facetAddressesOnChain).to.have.members(facetAddressesArtifact);",
                  "err": {},
                  "uuid": "26f24943-201b-465f-8522-73c99b8a9573",
                  "parentUUID": "2c86588a-caa9-42dd-b462-18c82f1e809d",
                  "isHook": false,
                  "skipped": false
                },
                {
                  "title": "sets selectors of standard facets",
                  "fullTitle": "Diamond #initialization sets selectors of standard facets",
                  "timedOut": false,
                  "duration": 24,
                  "state": "passed",
                  "speed": "fast",
                  "pass": true,
                  "fail": false,
                  "pending": false,
                  "context": null,
                  "code": "const facetsSelectorsOnChain = (await hardhat_1.default.Diamond.facets()).flatMap(f => f.functionSelectors);\nconst facetSelectorsOnArtifact = this.facets.flatMap(f => f.functionSelectors);\n(0, chai_1.expect)(facetsSelectorsOnChain.length).to.equal(facetSelectorsOnArtifact.length);\n(0, chai_1.expect)(facetsSelectorsOnChain).to.have.members(facetSelectorsOnArtifact);",
                  "err": {},
                  "uuid": "a21aca9b-1e80-4843-b278-5fe7b97408c6",
                  "parentUUID": "2c86588a-caa9-42dd-b462-18c82f1e809d",
                  "isHook": false,
                  "skipped": false
                }
              ],
              "suites": [],
              "passes": [
                "a3b2af60-0860-435f-babd-f9d5e01e6bb0",
                "26f24943-201b-465f-8522-73c99b8a9573",
                "a21aca9b-1e80-4843-b278-5fe7b97408c6"
              ],
              "failures": [],
              "pending": [],
              "skipped": [],
              "duration": 55,
              "root": false,
              "rootEmpty": false,
              "_timeout": 15000
            }
          ],
          "passes": [],
          "failures": [],
          "pending": [],
          "skipped": [],
          "duration": 0,
          "root": false,
          "rootEmpty": false,
          "_timeout": 15000
        },
        {
          "uuid": "58e7f0fb-96bd-4e17-a271-fb00c2e23a3e",
          "title": "Diamond",
          "fullFile": "/Users/panukettunen/Projects/kresko-protocol/src/test/diamond/01-ownership.ts",
          "file": "/src/test/diamond/01-ownership.ts",
          "beforeHooks": [
            {
              "title": "\"before each\" hook in \"Diamond\"",
              "fullTitle": "Diamond \"before each\" hook in \"Diamond\"",
              "timedOut": false,
              "duration": 19,
              "state": null,
              "speed": null,
              "pass": false,
              "fail": false,
              "pending": false,
              "context": null,
              "code": "const fixture = await hardhat_1.default.deployments.createFixture(async (hre) => {\n    const result = await hre.deployments.fixture(fixtureName);\n    if (result.Diamond) {\n        hre.Diamond = await hre.getContractOrFork(\"Kresko\");\n    }\n    return {\n        facets: result.Diamond ? result.Diamond.facets : [],\n        collaterals: hre.collaterals,\n        krAssets: hre.krAssets,\n    };\n})();\nthis.facets = fixture.facets || [];\nthis.collaterals = fixture.collaterals;\nthis.krAssets = fixture.krAssets;",
              "err": {},
              "uuid": "bc1595bd-cf8e-470c-bb7c-02a6cc56fbc7",
              "parentUUID": "58e7f0fb-96bd-4e17-a271-fb00c2e23a3e",
              "isHook": true,
              "skipped": false
            }
          ],
          "afterHooks": [],
          "tests": [],
          "suites": [
            {
              "uuid": "8eae8e6a-0855-4c0f-8b8b-7a83c8e0705f",
              "title": "#ownership",
              "fullFile": "/Users/panukettunen/Projects/kresko-protocol/src/test/diamond/01-ownership.ts",
              "file": "/src/test/diamond/01-ownership.ts",
              "beforeHooks": [],
              "afterHooks": [],
              "tests": [
                {
                  "title": "sets correct owner",
                  "fullTitle": "Diamond #ownership sets correct owner",
                  "timedOut": false,
                  "duration": 2,
                  "state": "passed",
                  "speed": "fast",
                  "pass": true,
                  "fail": false,
                  "pending": false,
                  "context": null,
                  "code": "(0, chai_1.expect)(await hardhat_1.default.Diamond.owner()).to.equal(hardhat_1.default.addr.deployer);",
                  "err": {},
                  "uuid": "6cc67ae4-0b6b-431b-a5ea-c1b8688f22d0",
                  "parentUUID": "8eae8e6a-0855-4c0f-8b8b-7a83c8e0705f",
                  "isHook": false,
                  "skipped": false
                },
                {
                  "title": "sets correct default admin role",
                  "fullTitle": "Diamond #ownership sets correct default admin role",
                  "timedOut": false,
                  "duration": 3,
                  "state": "passed",
                  "speed": "fast",
                  "pass": true,
                  "fail": false,
                  "pending": false,
                  "context": null,
                  "code": "(0, chai_1.expect)(await hardhat_1.default.Diamond.hasRole(test_1.Role.ADMIN, hardhat_1.default.addr.deployer)).to.equal(true);",
                  "err": {},
                  "uuid": "dc32008b-49d5-4b73-b1dc-4f3ce5778ee7",
                  "parentUUID": "8eae8e6a-0855-4c0f-8b8b-7a83c8e0705f",
                  "isHook": false,
                  "skipped": false
                },
                {
                  "title": "sets a new pending owner",
                  "fullTitle": "Diamond #ownership sets a new pending owner",
                  "timedOut": false,
                  "duration": 7,
                  "state": "passed",
                  "speed": "fast",
                  "pass": true,
                  "fail": false,
                  "pending": false,
                  "context": null,
                  "code": "const pendingOwner = hardhat_1.default.users.userOne;\nawait hardhat_1.default.Diamond.transferOwnership(pendingOwner.address);\n(0, chai_1.expect)(await hardhat_1.default.Diamond.pendingOwner()).to.equal(pendingOwner.address);",
                  "err": {},
                  "uuid": "dacfff4c-cd65-462c-9646-feba20b754f2",
                  "parentUUID": "8eae8e6a-0855-4c0f-8b8b-7a83c8e0705f",
                  "isHook": false,
                  "skipped": false
                },
                {
                  "title": "sets the pending owner as new owner",
                  "fullTitle": "Diamond #ownership sets the pending owner as new owner",
                  "timedOut": false,
                  "duration": 13,
                  "state": "passed",
                  "speed": "fast",
                  "pass": true,
                  "fail": false,
                  "pending": false,
                  "context": null,
                  "code": "const pendingOwner = hardhat_1.default.users.userOne;\nawait hardhat_1.default.Diamond.transferOwnership(pendingOwner.address);\nawait hardhat_1.default.Diamond.connect(pendingOwner).acceptOwnership();\n(0, chai_1.expect)(await hardhat_1.default.Diamond.owner()).to.equal(pendingOwner.address);",
                  "err": {},
                  "uuid": "6addd06e-147f-457e-bfc6-cb6435cc9962",
                  "parentUUID": "8eae8e6a-0855-4c0f-8b8b-7a83c8e0705f",
                  "isHook": false,
                  "skipped": false
                }
              ],
              "suites": [],
              "passes": [
                "6cc67ae4-0b6b-431b-a5ea-c1b8688f22d0",
                "dc32008b-49d5-4b73-b1dc-4f3ce5778ee7",
                "dacfff4c-cd65-462c-9646-feba20b754f2",
                "6addd06e-147f-457e-bfc6-cb6435cc9962"
              ],
              "failures": [],
              "pending": [],
              "skipped": [],
              "duration": 25,
              "root": false,
              "rootEmpty": false,
              "_timeout": 15000
            }
          ],
          "passes": [],
          "failures": [],
          "pending": [],
          "skipped": [],
          "duration": 0,
          "root": false,
          "rootEmpty": false,
          "_timeout": 15000
        },
        {
          "uuid": "9c906677-9407-454e-afef-23ba6894cf41",
          "title": "Diamond",
          "fullFile": "/Users/panukettunen/Projects/kresko-protocol/src/test/diamond/02-upgrades.ts",
          "file": "/src/test/diamond/02-upgrades.ts",
          "beforeHooks": [
            {
              "title": "\"before each\" hook in \"Diamond\"",
              "fullTitle": "Diamond \"before each\" hook in \"Diamond\"",
              "timedOut": false,
              "duration": 109,
              "state": null,
              "speed": null,
              "pass": false,
              "fail": false,
              "pending": false,
              "context": null,
              "code": "const fixture = await hardhat_1.default.deployments.createFixture(async (hre) => {\n    const result = await hre.deployments.fixture(fixtureName);\n    if (result.Diamond) {\n        hre.Diamond = await hre.getContractOrFork(\"Kresko\");\n    }\n    return {\n        facets: result.Diamond ? result.Diamond.facets : [],\n        collaterals: hre.collaterals,\n        krAssets: hre.krAssets,\n    };\n})();\nthis.facets = fixture.facets || [];\nthis.collaterals = fixture.collaterals;\nthis.krAssets = fixture.krAssets;",
              "err": {},
              "uuid": "bf2a1805-59f5-4b5e-a584-eb4c24789d2d",
              "parentUUID": "9c906677-9407-454e-afef-23ba6894cf41",
              "isHook": true,
              "skipped": false
            }
          ],
          "afterHooks": [],
          "tests": [],
          "suites": [
            {
              "uuid": "2943ccad-6833-4149-a8fb-06f928ebf618",
              "title": "#upgrades",
              "fullFile": "/Users/panukettunen/Projects/kresko-protocol/src/test/diamond/02-upgrades.ts",
              "file": "/src/test/diamond/02-upgrades.ts",
              "beforeHooks": [],
              "afterHooks": [],
              "tests": [
                {
                  "title": "can add a new facet",
                  "fullTitle": "Diamond #upgrades can add a new facet",
                  "timedOut": false,
                  "duration": 337,
                  "state": "passed",
                  "speed": "slow",
                  "pass": true,
                  "fail": false,
                  "pending": false,
                  "context": null,
                  "code": "const Factory = await smock_1.smock.mock(\"SmockFacet\");\nconst SmockFacet = await Factory.deploy();\nconst [SmockInitializer] = await hardhat_1.default.deploy(\"SmockInit\");\nconst signatures = hardhat_1.default.getSignatures([...typechain_1.SmockFacet__factory.abi]);\nconst Cut = {\n    facetAddress: SmockFacet.address,\n    functionSelectors: signatures,\n    action: types_1.FacetCutAction.Add,\n};\nconst initData = await SmockInitializer.populateTransaction.initialize(hardhat_1.default.addr.userOne);\nawait hardhat_1.default.Diamond.diamondCut([Cut], initData.to, initData.data);\nconst TEST_OPERATOR_ROLE = hardhat_1.default.ethers.utils.id(\"kresko.test.operator\");\nconst isTestOperator = await hardhat_1.default.Diamond.hasRole(TEST_OPERATOR_ROLE, hardhat_1.default.addr.userOne);\n// Succesfully added the new operator through the initialization contract\n(0, chai_1.expect)(isTestOperator).to.equal(true);\nconst Facet = await hardhat_1.default.ethers.getContractAt([...typechain_1.SmockFacet__factory.abi], hardhat_1.default.Diamond.address);\n// Ensure facet has it's own storage\nconst operatorFromNewStorage = await Facet.operator(); // Retrieved from SmockStorage\n(0, chai_1.expect)(operatorFromNewStorage).to.equal(hardhat_1.default.addr.userOne);",
                  "err": {},
                  "uuid": "d39d7866-8876-4d10-a2e7-fcca86e30beb",
                  "parentUUID": "2943ccad-6833-4149-a8fb-06f928ebf618",
                  "isHook": false,
                  "skipped": false
                },
                {
                  "title": "can remove a facet",
                  "fullTitle": "Diamond #upgrades can remove a facet",
                  "timedOut": false,
                  "duration": 353,
                  "state": "passed",
                  "speed": "slow",
                  "pass": true,
                  "fail": false,
                  "pending": false,
                  "context": null,
                  "code": "const NewFacet = await (0, add_facet_1.addFacet)({\n    name: \"SmockFacet\",\n    initializerName: \"SmockInit\",\n    initializerArgs: hardhat_1.default.addr.userOne,\n});\nconst facetsBefore = await hardhat_1.default.Diamond.facets();\n(0, chai_1.expect)(facetsBefore.filter(f => f.facetAddress === NewFacet.address).length).to.equal(1);\nawait (0, remove_facet_1.removeFacet)({ name: \"SmockFacet\" });\nconst facetsAfter = await hardhat_1.default.Diamond.facets();\n(0, chai_1.expect)(facetsBefore.length - facetsAfter.length).to.equal(1);\n(0, chai_1.expect)(facetsAfter).to.not.deep.contain(NewFacet.address);",
                  "err": {},
                  "uuid": "0f620a0d-8e90-433f-9419-4b6862a39320",
                  "parentUUID": "2943ccad-6833-4149-a8fb-06f928ebf618",
                  "isHook": false,
                  "skipped": false
                },
                {
                  "title": "can remove a function",
                  "fullTitle": "Diamond #upgrades can remove a function",
                  "timedOut": false,
                  "duration": 37,
                  "state": "passed",
                  "speed": "fast",
                  "pass": true,
                  "fail": false,
                  "pending": false,
                  "context": null,
                  "code": "// Delete acceptOwnership from DiamondOwnershipFacet\n// Check there is no pending owner\nlet pendingOwner = await hardhat_1.default.Diamond.pendingOwner();\n(0, chai_1.expect)(pendingOwner).to.equal(hardhat_1.default.ethers.constants.AddressZero);\n// Transfer to eg. wrong address\nconst wrongOwner = hardhat_1.default.addr.nonadmin;\nawait hardhat_1.default.Diamond.transferOwnership(wrongOwner);\n// Ensure\npendingOwner = await hardhat_1.default.Diamond.pendingOwner();\n(0, chai_1.expect)(pendingOwner).to.equal(wrongOwner);\n// Fragment and signature for acceptOwnersip\nconst functionFragment = hardhat_1.default.Diamond.interface.functions[\"acceptOwnership()\"];\nconst signature = hardhat_1.default.ethers.utils.Interface.getSighash(functionFragment);\nconst facetAddress = await hardhat_1.default.Diamond.facetAddress(signature);\nconst functions = await hardhat_1.default.Diamond.facetFunctionSelectors(facetAddress);\nconst Cut = {\n    facetAddress: hardhat_1.default.ethers.constants.AddressZero,\n    action: types_1.FacetCutAction.Remove,\n    functionSelectors: [signature],\n};\n// We will set a correct owner with delegatecall into the Diamond itself with the cut transaction\nconst correctOwner = hardhat_1.default.addr.userOne;\nconst initData = await hardhat_1.default.Diamond.populateTransaction.transferOwnership(correctOwner);\nconst tx = await hardhat_1.default.Diamond.diamondCut([Cut], initData.to, initData.data);\nawait tx.wait();\n// Ensure rest of the functions remain\nconst functionsAfterCut = await hardhat_1.default.Diamond.facetFunctionSelectors(facetAddress);\n(0, chai_1.expect)(functionsAfterCut.length).to.equal(functions.length - 1);\n// Ensure delegatecall did set the correct pending owner with the cut\nconst filter = hardhat_1.default.Diamond.filters[\"PendingOwnershipTransfer(address,address)\"](hardhat_1.default.addr.deployer, correctOwner);\nconst [event] = await hardhat_1.default.Diamond.queryFilter(filter);\nconst { previousOwner, newOwner } = event.args;\n(0, chai_1.expect)(previousOwner).to.equal(hardhat_1.default.addr.deployer);\n(0, chai_1.expect)(newOwner).to.equal(correctOwner);\n// Ensure there is no function to accept the ownership\nawait (0, chai_1.expect)(hardhat_1.default.Diamond.connect(hardhat_1.default.users.nonadmin).acceptOwnership()).to.be.revertedWith(test_1.Error.DIAMOND_INVALID_FUNCTION_SIGNATURE);",
                  "err": {},
                  "uuid": "d634dd21-2667-42a1-a0aa-3e68ad6ab677",
                  "parentUUID": "2943ccad-6833-4149-a8fb-06f928ebf618",
                  "isHook": false,
                  "skipped": false
                },
                {
                  "title": "can replace a function",
                  "fullTitle": "Diamond #upgrades can replace a function",
                  "timedOut": false,
                  "duration": 83,
                  "state": "passed",
                  "speed": "slow",
                  "pass": true,
                  "fail": false,
                  "pending": false,
                  "context": null,
                  "code": "// Same as above but instead replace the function\n// Check there is no pending owner\nlet pendingOwner = await hardhat_1.default.Diamond.pendingOwner();\n(0, chai_1.expect)(pendingOwner).to.equal(hardhat_1.default.ethers.constants.AddressZero);\n// Transfer to eg. wrong address\nconst wrongOwner = hardhat_1.default.addr.nonadmin;\nawait hardhat_1.default.Diamond.transferOwnership(wrongOwner);\n// Ensure\npendingOwner = await hardhat_1.default.Diamond.pendingOwner();\n(0, chai_1.expect)(pendingOwner).to.equal(wrongOwner);\n// Fragment and signature for acceptOwnersip\nconst functionFragment = hardhat_1.default.Diamond.interface.functions[\"acceptOwnership()\"];\nconst signature = hardhat_1.default.ethers.utils.Interface.getSighash(functionFragment);\nconst OldOwnershipFacet = await hardhat_1.default.Diamond.facetAddress(signature);\nconst [NewOwnershipFacet, allOwnershipFacetSignatures] = await hardhat_1.default.deploy(\"DiamondOwnershipFacet\", {\n    deploymentName: \"DiamondOwnershipFacet2\",\n});\n// Only replace a single function, we could replace all of them\nconst Cut = {\n    facetAddress: NewOwnershipFacet.address,\n    action: types_1.FacetCutAction.Replace,\n    functionSelectors: [signature],\n};\n// We will set a correct owner with delegatecall into the Diamond itself with the cut transaction\nconst correctOwner = hardhat_1.default.addr.userOne;\nconst initData = await hardhat_1.default.Diamond.populateTransaction.transferOwnership(correctOwner);\nconst tx = await hardhat_1.default.Diamond.diamondCut([Cut], initData.to, initData.data);\nawait tx.wait();\n// Ensure function exists and revert is for invalid address instead of missing function\nawait (0, chai_1.expect)(hardhat_1.default.Diamond.connect(hardhat_1.default.users.nonadmin).acceptOwnership()).to.be.revertedWith(test_1.Error.DIAMOND_INVALID_PENDING_OWNER);\n// Ensure one function is contained in the new facet\nconst functionsNewFacet = await hardhat_1.default.Diamond.facetFunctionSelectors(NewOwnershipFacet.address);\n(0, chai_1.expect)(functionsNewFacet.length).to.equal(1);\n(0, chai_1.expect)(functionsNewFacet).to.have.members([signature]);\n// Ensure rest are in the previous one\nconst functionsOldFacet = await hardhat_1.default.Diamond.facetFunctionSelectors(OldOwnershipFacet);\n(0, chai_1.expect)(functionsOldFacet).to.not.have.members([signature]);\n(0, chai_1.expect)(functionsOldFacet.length).to.equal(allOwnershipFacetSignatures.length - 1);\n// Ensure correct owner can now accept the ownership\n(0, chai_1.expect)(hardhat_1.default.Diamond.connect(hardhat_1.default.users.userOne).acceptOwnership());\nconst currentOwner = await hardhat_1.default.Diamond.owner();\n(0, chai_1.expect)(currentOwner).to.equal(correctOwner);",
                  "err": {},
                  "uuid": "04fd5862-e50b-4aae-8d63-8ff4ec4aefa4",
                  "parentUUID": "2943ccad-6833-4149-a8fb-06f928ebf618",
                  "isHook": false,
                  "skipped": false
                },
                {
                  "title": "can upgrade state",
                  "fullTitle": "Diamond #upgrades can upgrade state",
                  "timedOut": false,
                  "duration": 502,
                  "state": "passed",
                  "speed": "slow",
                  "pass": true,
                  "fail": false,
                  "pending": false,
                  "context": null,
                  "code": "(0, chai_1.expect)(await hardhat_1.default.Diamond.initialized()).to.equal(true);\nconst Factory = await smock_1.smock.mock(\"SmockInit\");\nconst SmockInit = await Factory.deploy();\nconst tx = await SmockInit.populateTransaction.upgradeState();\nawait hardhat_1.default.Diamond.upgradeState(tx.to, tx.data);\n(0, chai_1.expect)(await hardhat_1.default.Diamond.initialized()).to.equal(false);",
                  "err": {},
                  "uuid": "1bde0e67-24d1-4d46-9166-76e2d07eaa51",
                  "parentUUID": "2943ccad-6833-4149-a8fb-06f928ebf618",
                  "isHook": false,
                  "skipped": false
                },
                {
                  "title": "can preserve old state when extending storage layout",
                  "fullTitle": "Diamond #upgrades can preserve old state when extending storage layout",
                  "timedOut": false,
                  "duration": 544,
                  "state": "passed",
                  "speed": "slow",
                  "pass": true,
                  "fail": false,
                  "pending": false,
                  "context": null,
                  "code": "(0, chai_1.expect)(await hardhat_1.default.Diamond.initialized()).to.equal(true);\n// Add the first facet\nconst Factory = await smock_1.smock.mock(\"SmockFacet\");\nconst SmockFacet = await Factory.deploy();\nconst [SmockInitializer] = await hardhat_1.default.deploy(\"SmockInit\");\nconst signatures = hardhat_1.default.getSignatures([...typechain_1.SmockFacet__factory.abi]);\nconst Cut = {\n    facetAddress: SmockFacet.address,\n    functionSelectors: signatures,\n    action: types_1.FacetCutAction.Add,\n};\nconst initData = await SmockInitializer.populateTransaction.initialize(hardhat_1.default.addr.userOne);\nawait hardhat_1.default.Diamond.diamondCut([Cut], initData.to, initData.data);\nconst Diamond = await hardhat_1.default.ethers.getContractAt(\"SmockFacet\", hardhat_1.default.Diamond.address);\nconst isInitialized = await Diamond.smockInitialized();\n(0, chai_1.expect)(isInitialized).to.equal(true);\n// Add facet with extended state\n// Add the first facet\nconst Factory2 = await smock_1.smock.mock(\"SmockFacet2\");\nconst SmockFacet2 = await Factory2.deploy();\nconst signatures2 = hardhat_1.default.getSignatures([...typechain_1.SmockFacet2__factory.abi]);\nconst Cut2 = {\n    facetAddress: SmockFacet2.address,\n    functionSelectors: signatures2,\n    action: types_1.FacetCutAction.Add,\n};\n// Initializer only sets the new extended value, does not touch old storage\nconst initData2 = await SmockFacet2.populateTransaction.initialize();\nawait hardhat_1.default.Diamond.diamondCut([Cut2], initData2.to, initData2.data);\n// Here we have appended the storage layout with the `extended` bool property.\nconst DiamondExtended = await hardhat_1.default.ethers.getContractAt(\"SmockFacet2\", hardhat_1.default.Diamond.address);\nconst initializedAfterExtend = await DiamondExtended.getOldStructValueFromExtended();\nconst extendedValue = await DiamondExtended.getNewStructValueFromExtended();\n// Old values remain\n(0, chai_1.expect)(initializedAfterExtend).to.equal(true);\n// And we get new ones\n(0, chai_1.expect)(extendedValue).to.equal(true);",
                  "err": {},
                  "uuid": "42a30813-6a99-4c9d-b83f-f4dccacfbab5",
                  "parentUUID": "2943ccad-6833-4149-a8fb-06f928ebf618",
                  "isHook": false,
                  "skipped": false
                }
              ],
              "suites": [],
              "passes": [
                "d39d7866-8876-4d10-a2e7-fcca86e30beb",
                "0f620a0d-8e90-433f-9419-4b6862a39320",
                "d634dd21-2667-42a1-a0aa-3e68ad6ab677",
                "04fd5862-e50b-4aae-8d63-8ff4ec4aefa4",
                "1bde0e67-24d1-4d46-9166-76e2d07eaa51",
                "42a30813-6a99-4c9d-b83f-f4dccacfbab5"
              ],
              "failures": [],
              "pending": [],
              "skipped": [],
              "duration": 1856,
              "root": false,
              "rootEmpty": false,
              "_timeout": 15000
            }
          ],
          "passes": [],
          "failures": [],
          "pending": [],
          "skipped": [],
          "duration": 0,
          "root": false,
          "rootEmpty": false,
          "_timeout": 15000
        },
        {
          "uuid": "7e8aed6d-2bfd-490e-a46a-03c23ecfa0d7",
          "title": "Forking",
          "fullFile": "/Users/panukettunen/Projects/kresko-protocol/src/test/forking/00-setup.ts",
          "file": "/src/test/forking/00-setup.ts",
          "beforeHooks": [],
          "afterHooks": [],
          "tests": [],
          "suites": [
            {
              "uuid": "c1a7e75b-6ab4-41a9-994e-9dccf6a44091",
              "title": "#setup",
              "fullFile": "/Users/panukettunen/Projects/kresko-protocol/src/test/forking/00-setup.ts",
              "file": "/src/test/forking/00-setup.ts",
              "beforeHooks": [],
              "afterHooks": [],
              "tests": [
                {
                  "title": "should get Kresko from the companion network locally",
                  "fullTitle": "Forking #setup should get Kresko from the companion network locally",
                  "timedOut": false,
                  "duration": 0,
                  "state": "pending",
                  "speed": null,
                  "pass": false,
                  "fail": false,
                  "pending": true,
                  "context": null,
                  "code": "",
                  "err": {},
                  "uuid": "a156bf1a-7a5f-48a9-9a88-9d3af42dbf53",
                  "parentUUID": "c1a7e75b-6ab4-41a9-994e-9dccf6a44091",
                  "isHook": false,
                  "skipped": false
                }
              ],
              "suites": [],
              "passes": [],
              "failures": [],
              "pending": [
                "a156bf1a-7a5f-48a9-9a88-9d3af42dbf53"
              ],
              "skipped": [],
              "duration": 0,
              "root": false,
              "rootEmpty": false,
              "_timeout": 15000
            }
          ],
          "passes": [],
          "failures": [],
          "pending": [],
          "skipped": [],
          "duration": 0,
          "root": false,
          "rootEmpty": false,
          "_timeout": 15000
        },
        {
          "uuid": "6f45e983-b0fc-4d57-b9a0-d42368a5fbf2",
          "title": "KreskoAsset",
          "fullFile": "/Users/panukettunen/Projects/kresko-protocol/src/test/krasset/00-init.ts",
          "file": "/src/test/krasset/00-init.ts",
          "beforeHooks": [
            {
              "title": "\"before each\" hook in \"KreskoAsset\"",
              "fullTitle": "KreskoAsset \"before each\" hook in \"KreskoAsset\"",
              "timedOut": false,
              "duration": 17,
              "state": null,
              "speed": null,
              "pass": false,
              "fail": false,
              "pending": false,
              "context": null,
              "code": "const fixture = await hardhat_1.default.deployments.createFixture(async (hre) => {\n    const result = await hre.deployments.fixture(fixtureName);\n    if (result.Diamond) {\n        hre.Diamond = await hre.getContractOrFork(\"Kresko\");\n    }\n    return {\n        facets: result.Diamond ? result.Diamond.facets : [],\n        collaterals: hre.collaterals,\n        krAssets: hre.krAssets,\n    };\n})();\nthis.facets = fixture.facets || [];\nthis.collaterals = fixture.collaterals;\nthis.krAssets = fixture.krAssets;",
              "err": {},
              "uuid": "3b107a62-0642-40ef-bef0-4dd0cae70ce6",
              "parentUUID": "6f45e983-b0fc-4d57-b9a0-d42368a5fbf2",
              "isHook": true,
              "skipped": false
            }
          ],
          "afterHooks": [],
          "tests": [],
          "suites": [
            {
              "uuid": "f51beecf-3361-4426-b3c1-a61f0ff158f2",
              "title": "#initialization - anchor",
              "fullFile": "/Users/panukettunen/Projects/kresko-protocol/src/test/krasset/00-init.ts",
              "file": "/src/test/krasset/00-init.ts",
              "beforeHooks": [
                {
                  "title": "\"before each\" hook in \"#initialization - anchor\"",
                  "fullTitle": "KreskoAsset #initialization - anchor \"before each\" hook in \"#initialization - anchor\"",
                  "timedOut": false,
                  "duration": 0,
                  "state": null,
                  "speed": null,
                  "pass": false,
                  "fail": false,
                  "pending": false,
                  "context": null,
                  "code": "const deployment = this.krAssets.find(k => k.deployArgs.name === name);\nKreskoAsset = deployment.contract;\nKreskoAssetAnchor = deployment.anchor;",
                  "err": {},
                  "uuid": "ca31fd88-5c16-481a-8201-1d3b8409fb8c",
                  "parentUUID": "f51beecf-3361-4426-b3c1-a61f0ff158f2",
                  "isHook": true,
                  "skipped": false
                }
              ],
              "afterHooks": [],
              "tests": [
                {
                  "title": "cant initialize twice",
                  "fullTitle": "KreskoAsset #initialization - anchor cant initialize twice",
                  "timedOut": false,
                  "duration": 9,
                  "state": "passed",
                  "speed": "fast",
                  "pass": true,
                  "fail": false,
                  "pending": false,
                  "context": null,
                  "code": "await (0, chai_1.expect)(KreskoAsset.initialize(name, symbol, 18, hardhat_1.default.addr.deployer, hardhat_1.default.Diamond.address)).to.be.revertedWith(test_1.Error.ALREADY_INITIALIZED_OZ);",
                  "err": {},
                  "uuid": "6056f075-a559-47d6-9a36-a19f996ef758",
                  "parentUUID": "f51beecf-3361-4426-b3c1-a61f0ff158f2",
                  "isHook": false,
                  "skipped": false
                },
                {
                  "title": "cant initialize implementation",
                  "fullTitle": "KreskoAsset #initialization - anchor cant initialize implementation",
                  "timedOut": false,
                  "duration": 22,
                  "state": "passed",
                  "speed": "fast",
                  "pass": true,
                  "fail": false,
                  "pending": false,
                  "context": null,
                  "code": "const deployment = await hardhat_1.default.deployments.get(symbol);\nconst implementationAddress = deployment.implementation;\n(0, chai_1.expect)(implementationAddress).to.not.equal(hardhat_1.default.ethers.constants.AddressZero);\nconst KreskoAssetImpl = await hardhat_1.default.ethers.getContractAt(\"KreskoAsset\", implementationAddress);\nawait (0, chai_1.expect)(KreskoAssetImpl.initialize(name, symbol, 18, hardhat_1.default.addr.deployer, hardhat_1.default.Diamond.address)).to.be.revertedWith(test_1.Error.ALREADY_INITIALIZED_OZ);",
                  "err": {},
                  "uuid": "491dfbd6-74aa-4ea5-bf6c-72453bac9cc4",
                  "parentUUID": "f51beecf-3361-4426-b3c1-a61f0ff158f2",
                  "isHook": false,
                  "skipped": false
                },
                {
                  "title": "sets correct state",
                  "fullTitle": "KreskoAsset #initialization - anchor sets correct state",
                  "timedOut": false,
                  "duration": 17,
                  "state": "passed",
                  "speed": "fast",
                  "pass": true,
                  "fail": false,
                  "pending": false,
                  "context": null,
                  "code": "(0, chai_1.expect)(await KreskoAsset.name()).to.equal(name);\n(0, chai_1.expect)(await KreskoAsset.symbol()).to.equal(symbol);\n(0, chai_1.expect)(await KreskoAsset.kresko()).to.equal(hardhat_1.default.Diamond.address);\n(0, chai_1.expect)(await KreskoAsset.hasRole(test_1.Role.ADMIN, hardhat_1.default.addr.deployer)).to.equal(true);\n(0, chai_1.expect)(await KreskoAsset.hasRole(test_1.Role.OPERATOR, hardhat_1.default.Diamond.address)).to.equal(true);\n(0, chai_1.expect)(await KreskoAsset.totalSupply()).to.equal(\"200000000000000000000\");\n(0, chai_1.expect)(await KreskoAsset.isRebased()).to.equal(false);\nconst rebaseInfo = await KreskoAsset.rebaseInfo();\n(0, chai_1.expect)(rebaseInfo.denominator).to.equal(0);\n(0, chai_1.expect)(rebaseInfo.positive).to.equal(false);",
                  "err": {},
                  "uuid": "9afbfd0f-c34b-4863-b500-8454c23f7bcf",
                  "parentUUID": "f51beecf-3361-4426-b3c1-a61f0ff158f2",
                  "isHook": false,
                  "skipped": false
                },
                {
                  "title": "can reinitialize metadata",
                  "fullTitle": "KreskoAsset #initialization - anchor can reinitialize metadata",
                  "timedOut": false,
                  "duration": 11,
                  "state": "passed",
                  "speed": "fast",
                  "pass": true,
                  "fail": false,
                  "pending": false,
                  "context": null,
                  "code": "const newName = \"foo\";\nconst newSymbol = \"bar\";\nawait (0, chai_1.expect)(KreskoAsset.reinitializeERC20(newName, newSymbol, 2)).to.not.be.revertedWith(test_1.Error.ALREADY_INITIALIZED_OZ);\n(0, chai_1.expect)(await KreskoAsset.name()).to.equal(newName);\n(0, chai_1.expect)(await KreskoAsset.symbol()).to.equal(newSymbol);",
                  "err": {},
                  "uuid": "5c4642e1-1e27-4e44-9543-c8e3ac0f8647",
                  "parentUUID": "f51beecf-3361-4426-b3c1-a61f0ff158f2",
                  "isHook": false,
                  "skipped": false
                }
              ],
              "suites": [],
              "passes": [
                "6056f075-a559-47d6-9a36-a19f996ef758",
                "491dfbd6-74aa-4ea5-bf6c-72453bac9cc4",
                "9afbfd0f-c34b-4863-b500-8454c23f7bcf",
                "5c4642e1-1e27-4e44-9543-c8e3ac0f8647"
              ],
              "failures": [],
              "pending": [],
              "skipped": [],
              "duration": 59,
              "root": false,
              "rootEmpty": false,
              "_timeout": 15000
            },
            {
              "uuid": "eebf02e0-9939-4f38-8217-deb7505301c9",
              "title": "#initialization - wrapped",
              "fullFile": "/Users/panukettunen/Projects/kresko-protocol/src/test/krasset/00-init.ts",
              "file": "/src/test/krasset/00-init.ts",
              "beforeHooks": [
                {
                  "title": "\"before each\" hook in \"#initialization - wrapped\"",
                  "fullTitle": "KreskoAsset #initialization - wrapped \"before each\" hook in \"#initialization - wrapped\"",
                  "timedOut": false,
                  "duration": 0,
                  "state": null,
                  "speed": null,
                  "pass": false,
                  "fail": false,
                  "pending": false,
                  "context": null,
                  "code": "const deployment = hardhat_1.default.krAssets.find(k => k.deployArgs.name === name);\nKreskoAsset = deployment.contract;\nKreskoAssetAnchor = deployment.anchor;",
                  "err": {},
                  "uuid": "4b78da88-6fad-452a-afb5-924ddc379dca",
                  "parentUUID": "eebf02e0-9939-4f38-8217-deb7505301c9",
                  "isHook": true,
                  "skipped": false
                }
              ],
              "afterHooks": [],
              "tests": [
                {
                  "title": "cant initialize twice",
                  "fullTitle": "KreskoAsset #initialization - wrapped cant initialize twice",
                  "timedOut": false,
                  "duration": 6,
                  "state": "passed",
                  "speed": "fast",
                  "pass": true,
                  "fail": false,
                  "pending": false,
                  "context": null,
                  "code": "await (0, chai_1.expect)(KreskoAssetAnchor.initialize(KreskoAsset.address, name, symbol, hardhat_1.default.addr.deployer)).to.be.revertedWith(test_1.Error.ALREADY_INITIALIZED_OZ);",
                  "err": {},
                  "uuid": "2d85254f-b948-4afb-8f65-99d1eaefe092",
                  "parentUUID": "eebf02e0-9939-4f38-8217-deb7505301c9",
                  "isHook": false,
                  "skipped": false
                },
                {
                  "title": "cant initialize implementation",
                  "fullTitle": "KreskoAsset #initialization - wrapped cant initialize implementation",
                  "timedOut": false,
                  "duration": 20,
                  "state": "passed",
                  "speed": "fast",
                  "pass": true,
                  "fail": false,
                  "pending": false,
                  "context": null,
                  "code": "const deployment = await hardhat_1.default.deployments.get(shared_1.anchorTokenPrefix + symbol);\nconst implementationAddress = deployment.implementation;\n(0, chai_1.expect)(implementationAddress).to.not.equal(hardhat_1.default.ethers.constants.AddressZero);\nconst KreskoAssetAnchorImpl = await hardhat_1.default.ethers.getContractAt(\"KreskoAssetAnchor\", implementationAddress);\nawait (0, chai_1.expect)(KreskoAssetAnchorImpl.initialize(KreskoAsset.address, name, symbol, hardhat_1.default.addr.deployer)).to.be.revertedWith(test_1.Error.ALREADY_INITIALIZED_OZ);",
                  "err": {},
                  "uuid": "97bd0617-4a7d-4459-84fb-e5feeadaa365",
                  "parentUUID": "eebf02e0-9939-4f38-8217-deb7505301c9",
                  "isHook": false,
                  "skipped": false
                },
                {
                  "title": "can reinitialize metadata",
                  "fullTitle": "KreskoAsset #initialization - wrapped can reinitialize metadata",
                  "timedOut": false,
                  "duration": 12,
                  "state": "passed",
                  "speed": "fast",
                  "pass": true,
                  "fail": false,
                  "pending": false,
                  "context": null,
                  "code": "const newName = \"foo\";\nconst newSymbol = \"bar\";\nawait (0, chai_1.expect)(KreskoAssetAnchor.reinitializeERC20(newName, newSymbol, 2)).to.not.be.revertedWith(test_1.Error.ALREADY_INITIALIZED_OZ);\n(0, chai_1.expect)(await KreskoAssetAnchor.name()).to.equal(newName);\n(0, chai_1.expect)(await KreskoAssetAnchor.symbol()).to.equal(newSymbol);",
                  "err": {},
                  "uuid": "244e3c34-66a9-4725-9bc2-5096384dc66f",
                  "parentUUID": "eebf02e0-9939-4f38-8217-deb7505301c9",
                  "isHook": false,
                  "skipped": false
                },
                {
                  "title": "sets correct state",
                  "fullTitle": "KreskoAsset #initialization - wrapped sets correct state",
                  "timedOut": false,
                  "duration": 23,
                  "state": "passed",
                  "speed": "fast",
                  "pass": true,
                  "fail": false,
                  "pending": false,
                  "context": null,
                  "code": "(0, chai_1.expect)(await KreskoAssetAnchor.name()).to.equal(name);\n(0, chai_1.expect)(await KreskoAssetAnchor.symbol()).to.equal(shared_1.anchorTokenPrefix + symbol);\n(0, chai_1.expect)(await KreskoAssetAnchor.asset()).to.equal(KreskoAsset.address);\n(0, chai_1.expect)(await KreskoAssetAnchor.hasRole(test_1.Role.ADMIN, hardhat_1.default.addr.deployer)).to.equal(true);\n(0, chai_1.expect)(await KreskoAssetAnchor.hasRole(test_1.Role.OPERATOR, hardhat_1.default.Diamond.address)).to.equal(true);\n(0, chai_1.expect)(await KreskoAssetAnchor.totalSupply()).to.equal(\"200000000000000000000\");\n(0, chai_1.expect)(await KreskoAssetAnchor.totalAssets()).to.equal(await KreskoAsset.totalSupply());\nconst rebaseInfo = await KreskoAsset.rebaseInfo();\n(0, chai_1.expect)(rebaseInfo.denominator).to.equal(0);\n(0, chai_1.expect)(rebaseInfo.positive).to.equal(false);",
                  "err": {},
                  "uuid": "c5642c07-5d17-4424-b6ac-89f07e219c69",
                  "parentUUID": "eebf02e0-9939-4f38-8217-deb7505301c9",
                  "isHook": false,
                  "skipped": false
                }
              ],
              "suites": [],
              "passes": [
                "2d85254f-b948-4afb-8f65-99d1eaefe092",
                "97bd0617-4a7d-4459-84fb-e5feeadaa365",
                "244e3c34-66a9-4725-9bc2-5096384dc66f",
                "c5642c07-5d17-4424-b6ac-89f07e219c69"
              ],
              "failures": [],
              "pending": [],
              "skipped": [],
              "duration": 61,
              "root": false,
              "rootEmpty": false,
              "_timeout": 15000
            }
          ],
          "passes": [],
          "failures": [],
          "pending": [],
          "skipped": [],
          "duration": 0,
          "root": false,
          "rootEmpty": false,
          "_timeout": 15000
        },
        {
          "uuid": "274545cf-b633-4fa9-bfb5-8a830e4b55d8",
          "title": "KreskoAsset",
          "fullFile": "/Users/panukettunen/Projects/kresko-protocol/src/test/krasset/01-erc20.ts",
          "file": "/src/test/krasset/01-erc20.ts",
          "beforeHooks": [
            {
              "title": "\"before each\" hook in \"KreskoAsset\"",
              "fullTitle": "KreskoAsset \"before each\" hook in \"KreskoAsset\"",
              "timedOut": false,
              "duration": 18,
              "state": null,
              "speed": null,
              "pass": false,
              "fail": false,
              "pending": false,
              "context": null,
              "code": "const fixture = await hardhat_1.default.deployments.createFixture(async (hre) => {\n    const result = await hre.deployments.fixture(fixtureName);\n    if (result.Diamond) {\n        hre.Diamond = await hre.getContractOrFork(\"Kresko\");\n    }\n    return {\n        facets: result.Diamond ? result.Diamond.facets : [],\n        collaterals: hre.collaterals,\n        krAssets: hre.krAssets,\n    };\n})();\nthis.facets = fixture.facets || [];\nthis.collaterals = fixture.collaterals;\nthis.krAssets = fixture.krAssets;",
              "err": {},
              "uuid": "f94d8305-97cf-4a95-a89b-6c4bd55262a5",
              "parentUUID": "274545cf-b633-4fa9-bfb5-8a830e4b55d8",
              "isHook": true,
              "skipped": false
            },
            {
              "title": "\"before each\" hook in \"KreskoAsset\"",
              "fullTitle": "KreskoAsset \"before each\" hook in \"KreskoAsset\"",
              "timedOut": false,
              "duration": 11,
              "state": null,
              "speed": null,
              "pass": false,
              "fail": false,
              "pending": false,
              "context": null,
              "code": "this.owner = hardhat_1.default.users.deployer;\nthis.krAsset = hardhat_1.default.krAssets.find(asset => asset.deployArgs.symbol === test_1.defaultKrAssetArgs.symbol);\nthis.mintAmount = 125;\nawait this.krAsset.contract.grantRole(test_1.Role.OPERATOR, this.owner.address);",
              "err": {},
              "uuid": "00cf20ee-7f81-4a8c-8717-9dc12004dfc5",
              "parentUUID": "274545cf-b633-4fa9-bfb5-8a830e4b55d8",
              "isHook": true,
              "skipped": false
            }
          ],
          "afterHooks": [],
          "tests": [],
          "suites": [
            {
              "uuid": "49af84d2-0b00-476a-9216-b4186a2586c4",
              "title": "#mint",
              "fullFile": "/Users/panukettunen/Projects/kresko-protocol/src/test/krasset/01-erc20.ts",
              "file": "/src/test/krasset/01-erc20.ts",
              "beforeHooks": [],
              "afterHooks": [],
              "tests": [
                {
                  "title": "should allow the owner to mint to their own address",
                  "fullTitle": "KreskoAsset #mint should allow the owner to mint to their own address",
                  "timedOut": false,
                  "duration": 17,
                  "state": "passed",
                  "speed": "fast",
                  "pass": true,
                  "fail": false,
                  "pending": false,
                  "context": null,
                  "code": "(0, chai_1.expect)(await this.krAsset.contract.totalSupply()).to.equal(0);\n(0, chai_1.expect)(await this.krAsset.contract.balanceOf(this.owner.address)).to.equal(0);\nawait this.krAsset.contract.connect(this.owner).mint(this.owner.address, this.mintAmount);\n// Check total supply and owner's balances increased\n(0, chai_1.expect)(await this.krAsset.contract.totalSupply()).to.equal(this.mintAmount);\n(0, chai_1.expect)(await this.krAsset.contract.balanceOf(this.owner.address)).to.equal(this.mintAmount);",
                  "err": {},
                  "uuid": "f7ebf682-2287-4f37-88ac-964aba8e49bd",
                  "parentUUID": "49af84d2-0b00-476a-9216-b4186a2586c4",
                  "isHook": false,
                  "skipped": false
                },
                {
                  "title": "should allow the asset owner to mint to another address",
                  "fullTitle": "KreskoAsset #mint should allow the asset owner to mint to another address",
                  "timedOut": false,
                  "duration": 17,
                  "state": "passed",
                  "speed": "fast",
                  "pass": true,
                  "fail": false,
                  "pending": false,
                  "context": null,
                  "code": "(0, chai_1.expect)(await this.krAsset.contract.totalSupply()).to.equal(0);\n(0, chai_1.expect)(await this.krAsset.contract.balanceOf(hardhat_1.default.users.userOne.address)).to.equal(0);\nawait this.krAsset.contract.connect(this.owner).mint(hardhat_1.default.users.userOne.address, this.mintAmount);\n// Check total supply and user's balances increased\n(0, chai_1.expect)(await this.krAsset.contract.totalSupply()).to.equal(this.mintAmount);\n(0, chai_1.expect)(await this.krAsset.contract.balanceOf(hardhat_1.default.users.userOne.address)).to.equal(this.mintAmount);",
                  "err": {},
                  "uuid": "b9f705ea-503e-4013-ab57-19d3ef9c0997",
                  "parentUUID": "49af84d2-0b00-476a-9216-b4186a2586c4",
                  "isHook": false,
                  "skipped": false
                },
                {
                  "title": "should not allow non-owner addresses to mint tokens",
                  "fullTitle": "KreskoAsset #mint should not allow non-owner addresses to mint tokens",
                  "timedOut": false,
                  "duration": 29,
                  "state": "passed",
                  "speed": "fast",
                  "pass": true,
                  "fail": false,
                  "pending": false,
                  "context": null,
                  "code": "(0, chai_1.expect)(await this.krAsset.contract.totalSupply()).to.equal(0);\n(0, chai_1.expect)(await this.krAsset.contract.balanceOf(this.owner.address)).to.equal(0);\nawait (0, chai_1.expect)(this.krAsset.contract.connect(hardhat_1.default.users.userOne).mint(this.owner.address, this.mintAmount)).to.be.revertedWith(`AccessControl: account ${hardhat_1.default.users.userOne.address.toLowerCase()} is missing role 0x112e48a576fb3a75acc75d9fcf6e0bc670b27b1dbcd2463502e10e68cf57d6fd`);\n// Check total supply and all account balances unchanged\n(0, chai_1.expect)(await this.krAsset.contract.totalSupply()).to.equal(0);\n(0, chai_1.expect)(await this.krAsset.contract.balanceOf(this.owner.address)).to.equal(0);\n(0, chai_1.expect)(await this.krAsset.contract.balanceOf(hardhat_1.default.users.userOne.address)).to.equal(0);",
                  "err": {},
                  "uuid": "5d6a8fb7-387b-4b91-9d14-c862cd76035d",
                  "parentUUID": "49af84d2-0b00-476a-9216-b4186a2586c4",
                  "isHook": false,
                  "skipped": false
                },
                {
                  "title": "should not allow admin to mint tokens",
                  "fullTitle": "KreskoAsset #mint should not allow admin to mint tokens",
                  "timedOut": false,
                  "duration": 56,
                  "state": "passed",
                  "speed": "medium",
                  "pass": true,
                  "fail": false,
                  "pending": false,
                  "context": null,
                  "code": "await this.krAsset.contract.renounceRole(test_1.Role.OPERATOR, this.owner.address);\nawait (0, chai_1.expect)(this.krAsset.contract.connect(hardhat_1.default.users.admin).mint(this.owner.address, this.mintAmount)).to.be.revertedWith(`AccessControl: account ${hardhat_1.default.users.admin.address.toLowerCase()} is missing role 0x112e48a576fb3a75acc75d9fcf6e0bc670b27b1dbcd2463502e10e68cf57d6fd`);",
                  "err": {},
                  "uuid": "e0219e9b-6a45-46a2-ba83-3d943cfc04f1",
                  "parentUUID": "49af84d2-0b00-476a-9216-b4186a2586c4",
                  "isHook": false,
                  "skipped": false
                }
              ],
              "suites": [],
              "passes": [
                "f7ebf682-2287-4f37-88ac-964aba8e49bd",
                "b9f705ea-503e-4013-ab57-19d3ef9c0997",
                "5d6a8fb7-387b-4b91-9d14-c862cd76035d",
                "e0219e9b-6a45-46a2-ba83-3d943cfc04f1"
              ],
              "failures": [],
              "pending": [],
              "skipped": [],
              "duration": 119,
              "root": false,
              "rootEmpty": false,
              "_timeout": 15000
            },
            {
              "uuid": "447a602d-fc5b-457c-8487-6d4950283fd8",
              "title": "#burn",
              "fullFile": "/Users/panukettunen/Projects/kresko-protocol/src/test/krasset/01-erc20.ts",
              "file": "/src/test/krasset/01-erc20.ts",
              "beforeHooks": [
                {
                  "title": "\"before each\" hook in \"#burn\"",
                  "fullTitle": "KreskoAsset #burn \"before each\" hook in \"#burn\"",
                  "timedOut": false,
                  "duration": 13,
                  "state": null,
                  "speed": null,
                  "pass": false,
                  "fail": false,
                  "pending": false,
                  "context": null,
                  "code": "this.mintAmount = 250;\nawait this.krAsset.contract.connect(this.owner).mint(hardhat_1.default.users.userOne.address, this.mintAmount);",
                  "err": {},
                  "uuid": "ece3933a-6cc7-4f3a-a145-86e5674f66f2",
                  "parentUUID": "447a602d-fc5b-457c-8487-6d4950283fd8",
                  "isHook": true,
                  "skipped": false
                }
              ],
              "afterHooks": [],
              "tests": [
                {
                  "title": "should allow the owner to burn tokens from user's address (without token allowance)",
                  "fullTitle": "KreskoAsset #burn should allow the owner to burn tokens from user's address (without token allowance)",
                  "timedOut": false,
                  "duration": 35,
                  "state": "passed",
                  "speed": "fast",
                  "pass": true,
                  "fail": false,
                  "pending": false,
                  "context": null,
                  "code": "(0, chai_1.expect)(await this.krAsset.contract.totalSupply()).to.equal(this.mintAmount);\nawait this.krAsset.contract.connect(this.owner).burn(hardhat_1.default.users.userOne.address, this.mintAmount);\n// Check total supply and user's balances decreased\n(0, chai_1.expect)(await this.krAsset.contract.totalSupply()).to.equal(0);\n(0, chai_1.expect)(await this.krAsset.contract.balanceOf(this.owner.address)).to.equal(0);\n// Confirm that owner doesn't hold any tokens\n(0, chai_1.expect)(await this.krAsset.contract.balanceOf(hardhat_1.default.users.userOne.address)).to.equal(0);",
                  "err": {},
                  "uuid": "382ad435-1d69-4433-9ac2-294639ac8625",
                  "parentUUID": "447a602d-fc5b-457c-8487-6d4950283fd8",
                  "isHook": false,
                  "skipped": false
                },
                {
                  "title": "should allow the operator to burn tokens from user's address without changing existing allowances",
                  "fullTitle": "KreskoAsset #burn should allow the operator to burn tokens from user's address without changing existing allowances",
                  "timedOut": false,
                  "duration": 47,
                  "state": "passed",
                  "speed": "medium",
                  "pass": true,
                  "fail": false,
                  "pending": false,
                  "context": null,
                  "code": "await this.krAsset.contract.connect(this.owner).approve(hardhat_1.default.users.userOne.address, this.mintAmount);\n(0, chai_1.expect)(await this.krAsset.contract.totalSupply()).to.equal(this.mintAmount);\n(0, chai_1.expect)(await this.krAsset.contract.allowance(this.owner.address, hardhat_1.default.users.userOne.address)).to.equal(this.mintAmount);\nawait this.krAsset.contract.connect(this.owner).burn(hardhat_1.default.users.userOne.address, this.mintAmount);\n// Check total supply and user's balances decreased\n(0, chai_1.expect)(await this.krAsset.contract.totalSupply()).to.equal(0);\n(0, chai_1.expect)(await this.krAsset.contract.balanceOf(hardhat_1.default.users.userOne.address)).to.equal(0);\n// Confirm that owner doesn't hold any tokens\n(0, chai_1.expect)(await this.krAsset.contract.balanceOf(this.owner.address)).to.equal(0);\n// Confirm that token allowances are unchanged\n(0, chai_1.expect)(await this.krAsset.contract.allowance(this.owner.address, hardhat_1.default.users.userOne.address)).to.equal(this.mintAmount);",
                  "err": {},
                  "uuid": "6e8b0905-6746-4a70-b6a8-3e32f44bd67c",
                  "parentUUID": "447a602d-fc5b-457c-8487-6d4950283fd8",
                  "isHook": false,
                  "skipped": false
                },
                {
                  "title": "should not allow the operator to burn more tokens than user holds",
                  "fullTitle": "KreskoAsset #burn should not allow the operator to burn more tokens than user holds",
                  "timedOut": false,
                  "duration": 7,
                  "state": "passed",
                  "speed": "fast",
                  "pass": true,
                  "fail": false,
                  "pending": false,
                  "context": null,
                  "code": "const userBalance = await this.krAsset.contract.balanceOf(hardhat_1.default.users.userOne.address);\nconst overUserBalance = Number(userBalance) + 1;\nawait (0, chai_1.expect)(this.krAsset.contract.connect(this.owner).burn(hardhat_1.default.users.userOne.address, overUserBalance)).to\n    .be.reverted;\n// Check total supply and user's balances are unchanged\n(0, chai_1.expect)(await this.krAsset.contract.totalSupply()).to.equal(this.mintAmount);\n(0, chai_1.expect)(await this.krAsset.contract.balanceOf(hardhat_1.default.users.userOne.address)).to.equal(this.mintAmount);",
                  "err": {},
                  "uuid": "1f85bc91-9599-4261-a664-c93a29ef9600",
                  "parentUUID": "447a602d-fc5b-457c-8487-6d4950283fd8",
                  "isHook": false,
                  "skipped": false
                },
                {
                  "title": "should not allow non-operator addresses to burn tokens",
                  "fullTitle": "KreskoAsset #burn should not allow non-operator addresses to burn tokens",
                  "timedOut": false,
                  "duration": 16,
                  "state": "passed",
                  "speed": "fast",
                  "pass": true,
                  "fail": false,
                  "pending": false,
                  "context": null,
                  "code": "await (0, chai_1.expect)(this.krAsset.contract.connect(hardhat_1.default.users.userTwo).burn(hardhat_1.default.users.userOne.address, this.mintAmount)).to.be.revertedWith(`AccessControl: account ${hardhat_1.default.users.userTwo.address.toLowerCase()} is missing role 0x112e48a576fb3a75acc75d9fcf6e0bc670b27b1dbcd2463502e10e68cf57d6fd`);\n// Check total supply and user's balances unchanged\n(0, chai_1.expect)(await this.krAsset.contract.totalSupply()).to.equal(this.mintAmount);\n(0, chai_1.expect)(await this.krAsset.contract.balanceOf(hardhat_1.default.users.userOne.address)).to.equal(this.mintAmount);",
                  "err": {},
                  "uuid": "18a3f57d-fe3a-4271-ae13-7298194ba05f",
                  "parentUUID": "447a602d-fc5b-457c-8487-6d4950283fd8",
                  "isHook": false,
                  "skipped": false
                }
              ],
              "suites": [],
              "passes": [
                "382ad435-1d69-4433-9ac2-294639ac8625",
                "6e8b0905-6746-4a70-b6a8-3e32f44bd67c",
                "1f85bc91-9599-4261-a664-c93a29ef9600",
                "18a3f57d-fe3a-4271-ae13-7298194ba05f"
              ],
              "failures": [],
              "pending": [],
              "skipped": [],
              "duration": 105,
              "root": false,
              "rootEmpty": false,
              "_timeout": 15000
            }
          ],
          "passes": [],
          "failures": [],
          "pending": [],
          "skipped": [],
          "duration": 0,
          "root": false,
          "rootEmpty": false,
          "_timeout": 15000
        },
        {
          "uuid": "a5bc8fa8-9d88-422d-b204-299634914d4d",
          "title": "KreskoAsset",
          "fullFile": "/Users/panukettunen/Projects/kresko-protocol/src/test/krasset/02-krasset.ts",
          "file": "/src/test/krasset/02-krasset.ts",
          "beforeHooks": [
            {
              "title": "\"before each\" hook in \"KreskoAsset\"",
              "fullTitle": "KreskoAsset \"before each\" hook in \"KreskoAsset\"",
              "timedOut": false,
              "duration": 20,
              "state": null,
              "speed": null,
              "pass": false,
              "fail": false,
              "pending": false,
              "context": null,
              "code": "const fixture = await hardhat_1.default.deployments.createFixture(async (hre) => {\n    const result = await hre.deployments.fixture(fixtureName);\n    if (result.Diamond) {\n        hre.Diamond = await hre.getContractOrFork(\"Kresko\");\n    }\n    return {\n        facets: result.Diamond ? result.Diamond.facets : [],\n        collaterals: hre.collaterals,\n        krAssets: hre.krAssets,\n    };\n})();\nthis.facets = fixture.facets || [];\nthis.collaterals = fixture.collaterals;\nthis.krAssets = fixture.krAssets;",
              "err": {},
              "uuid": "0d053199-73d1-47c0-8b7a-5d2ac2f76a15",
              "parentUUID": "a5bc8fa8-9d88-422d-b204-299634914d4d",
              "isHook": true,
              "skipped": false
            },
            {
              "title": "\"before each\" hook in \"KreskoAsset\"",
              "fullTitle": "KreskoAsset \"before each\" hook in \"KreskoAsset\"",
              "timedOut": false,
              "duration": 11,
              "state": null,
              "speed": null,
              "pass": false,
              "fail": false,
              "pending": false,
              "context": null,
              "code": "KreskoAsset = hardhat_1.default.krAssets.find(asset => asset.deployArgs.symbol === test_1.defaultKrAssetArgs.symbol).contract;\n// Grant minting rights for test deployer\nawait KreskoAsset.grantRole(test_1.Role.OPERATOR, hardhat_1.default.addr.deployer);",
              "err": {},
              "uuid": "34fafc3d-b53e-41ff-b55e-615373d7614f",
              "parentUUID": "a5bc8fa8-9d88-422d-b204-299634914d4d",
              "isHook": true,
              "skipped": false
            }
          ],
          "afterHooks": [],
          "tests": [],
          "suites": [
            {
              "uuid": "a6fdb1a7-3687-4965-8a34-ea3e1bda6760",
              "title": "#rebase",
              "fullFile": "/Users/panukettunen/Projects/kresko-protocol/src/test/krasset/02-krasset.ts",
              "file": "/src/test/krasset/02-krasset.ts",
              "beforeHooks": [],
              "afterHooks": [],
              "tests": [
                {
                  "title": "can set a positive rebase",
                  "fullTitle": "KreskoAsset #rebase can set a positive rebase",
                  "timedOut": false,
                  "duration": 13,
                  "state": "passed",
                  "speed": "fast",
                  "pass": true,
                  "fail": false,
                  "pending": false,
                  "context": null,
                  "code": "const denominator = hardhat_1.default.toBig(\"1.525\");\nconst positive = true;\nawait (0, chai_1.expect)(KreskoAsset.rebase(denominator, positive)).to.not.be.reverted;\n(0, chai_1.expect)(await KreskoAsset.isRebased()).to.equal(true);\nconst rebaseInfo = await KreskoAsset.rebaseInfo();\n(0, chai_1.expect)(rebaseInfo.denominator).equal(denominator);\n(0, chai_1.expect)(rebaseInfo.positive).equal(true);",
                  "err": {},
                  "uuid": "1f6e03fe-6d5c-42b5-a402-d9c183222f67",
                  "parentUUID": "a6fdb1a7-3687-4965-8a34-ea3e1bda6760",
                  "isHook": false,
                  "skipped": false
                },
                {
                  "title": "can set a negative rebase",
                  "fullTitle": "KreskoAsset #rebase can set a negative rebase",
                  "timedOut": false,
                  "duration": 13,
                  "state": "passed",
                  "speed": "fast",
                  "pass": true,
                  "fail": false,
                  "pending": false,
                  "context": null,
                  "code": "const denominator = hardhat_1.default.toBig(\"1.525\");\nconst positive = false;\nawait (0, chai_1.expect)(KreskoAsset.rebase(denominator, positive)).to.not.be.reverted;\n(0, chai_1.expect)(await KreskoAsset.isRebased()).to.equal(true);\nconst rebaseInfo = await KreskoAsset.rebaseInfo();\n(0, chai_1.expect)(rebaseInfo.denominator).equal(denominator);\n(0, chai_1.expect)(rebaseInfo.positive).equal(false);",
                  "err": {},
                  "uuid": "9ee81fdb-c8ff-424c-be12-adb81c17fd72",
                  "parentUUID": "a6fdb1a7-3687-4965-8a34-ea3e1bda6760",
                  "isHook": false,
                  "skipped": false
                },
                {
                  "title": "can be disabled by setting the denominator to 1 ether",
                  "fullTitle": "KreskoAsset #rebase can be disabled by setting the denominator to 1 ether",
                  "timedOut": false,
                  "duration": 34,
                  "state": "passed",
                  "speed": "fast",
                  "pass": true,
                  "fail": false,
                  "pending": false,
                  "context": null,
                  "code": "const denominator = hardhat_1.default.toBig(1);\nconst positive = false;\nawait (0, chai_1.expect)(KreskoAsset.rebase(denominator, positive)).to.not.be.reverted;\n(0, chai_1.expect)(await KreskoAsset.isRebased()).to.equal(false);",
                  "err": {},
                  "uuid": "bc763df2-f4f0-4df8-b5bd-160aeaa3d998",
                  "parentUUID": "a6fdb1a7-3687-4965-8a34-ea3e1bda6760",
                  "isHook": false,
                  "skipped": false
                }
              ],
              "suites": [
                {
                  "uuid": "f7e1cc2d-d881-4f76-ae9e-6cd88451620a",
                  "title": "#balance + supply",
                  "fullFile": "/Users/panukettunen/Projects/kresko-protocol/src/test/krasset/02-krasset.ts",
                  "file": "/src/test/krasset/02-krasset.ts",
                  "beforeHooks": [],
                  "afterHooks": [],
                  "tests": [
                    {
                      "title": "has no effect when not enabled",
                      "fullTitle": "KreskoAsset #rebase #balance + supply has no effect when not enabled",
                      "timedOut": false,
                      "duration": 14,
                      "state": "passed",
                      "speed": "fast",
                      "pass": true,
                      "fail": false,
                      "pending": false,
                      "context": null,
                      "code": "await KreskoAsset.mint(hardhat_1.default.addr.deployer, test_1.defaultMintAmount);\n(0, chai_1.expect)(await KreskoAsset.isRebased()).to.equal(false);\n(0, chai_1.expect)(await KreskoAsset.balanceOf(hardhat_1.default.addr.deployer)).to.equal(test_1.defaultMintAmount);",
                      "err": {},
                      "uuid": "1fcc10d4-5e68-4730-b90e-a4ec2679885e",
                      "parentUUID": "f7e1cc2d-d881-4f76-ae9e-6cd88451620a",
                      "isHook": false,
                      "skipped": false
                    },
                    {
                      "title": "increases balance and supply with positive rebase @ 2",
                      "fullTitle": "KreskoAsset #rebase #balance + supply increases balance and supply with positive rebase @ 2",
                      "timedOut": false,
                      "duration": 23,
                      "state": "passed",
                      "speed": "fast",
                      "pass": true,
                      "fail": false,
                      "pending": false,
                      "context": null,
                      "code": "const denominator = 2;\nconst positive = true;\nawait KreskoAsset.mint(hardhat_1.default.addr.deployer, test_1.defaultMintAmount);\nawait KreskoAsset.rebase(hardhat_1.default.toBig(denominator), positive);\n(0, chai_1.expect)(await KreskoAsset.balanceOf(hardhat_1.default.addr.deployer)).to.equal(test_1.defaultMintAmount.mul(denominator));\n(0, chai_1.expect)(await KreskoAsset.totalSupply()).to.equal(test_1.defaultMintAmount.mul(denominator));",
                      "err": {},
                      "uuid": "e0056bee-e2c9-49f6-b07e-dfed0942ff39",
                      "parentUUID": "f7e1cc2d-d881-4f76-ae9e-6cd88451620a",
                      "isHook": false,
                      "skipped": false
                    },
                    {
                      "title": "increases balance and supply with positive rebase @ 3",
                      "fullTitle": "KreskoAsset #rebase #balance + supply increases balance and supply with positive rebase @ 3",
                      "timedOut": false,
                      "duration": 22,
                      "state": "passed",
                      "speed": "fast",
                      "pass": true,
                      "fail": false,
                      "pending": false,
                      "context": null,
                      "code": "const denominator = 3;\nconst positive = true;\nawait KreskoAsset.mint(hardhat_1.default.addr.deployer, test_1.defaultMintAmount);\nawait KreskoAsset.rebase(hardhat_1.default.toBig(denominator), positive);\n(0, chai_1.expect)(await KreskoAsset.balanceOf(hardhat_1.default.addr.deployer)).to.equal(test_1.defaultMintAmount.mul(denominator));\n(0, chai_1.expect)(await KreskoAsset.totalSupply()).to.equal(test_1.defaultMintAmount.mul(denominator));",
                      "err": {},
                      "uuid": "5fc1151a-5c4d-42ea-99e4-e2bac857a6c3",
                      "parentUUID": "f7e1cc2d-d881-4f76-ae9e-6cd88451620a",
                      "isHook": false,
                      "skipped": false
                    },
                    {
                      "title": "increases balance and supply with positive rebase  @ 100",
                      "fullTitle": "KreskoAsset #rebase #balance + supply increases balance and supply with positive rebase  @ 100",
                      "timedOut": false,
                      "duration": 23,
                      "state": "passed",
                      "speed": "fast",
                      "pass": true,
                      "fail": false,
                      "pending": false,
                      "context": null,
                      "code": "const denominator = 100;\nconst positive = true;\nawait KreskoAsset.mint(hardhat_1.default.addr.deployer, test_1.defaultMintAmount);\nawait KreskoAsset.rebase(hardhat_1.default.toBig(denominator), positive);\n(0, chai_1.expect)(await KreskoAsset.balanceOf(hardhat_1.default.addr.deployer)).to.equal(test_1.defaultMintAmount.mul(denominator));\n(0, chai_1.expect)(await KreskoAsset.totalSupply()).to.equal(test_1.defaultMintAmount.mul(denominator));",
                      "err": {},
                      "uuid": "5d3bc85e-cbe4-4da5-8142-415dd3e9ddaa",
                      "parentUUID": "f7e1cc2d-d881-4f76-ae9e-6cd88451620a",
                      "isHook": false,
                      "skipped": false
                    },
                    {
                      "title": "reduces balance and supply with negative rebase @ 2",
                      "fullTitle": "KreskoAsset #rebase #balance + supply reduces balance and supply with negative rebase @ 2",
                      "timedOut": false,
                      "duration": 22,
                      "state": "passed",
                      "speed": "fast",
                      "pass": true,
                      "fail": false,
                      "pending": false,
                      "context": null,
                      "code": "const denominator = 2;\nconst positive = false;\nawait KreskoAsset.mint(hardhat_1.default.addr.deployer, test_1.defaultMintAmount);\nawait KreskoAsset.rebase(hardhat_1.default.toBig(denominator), positive);\n(0, chai_1.expect)(await KreskoAsset.balanceOf(hardhat_1.default.addr.deployer)).to.equal(test_1.defaultMintAmount.div(denominator));\n(0, chai_1.expect)(await KreskoAsset.totalSupply()).to.equal(test_1.defaultMintAmount.div(denominator));",
                      "err": {},
                      "uuid": "59ce18d6-ebbd-44df-b97b-9f118a0b8c56",
                      "parentUUID": "f7e1cc2d-d881-4f76-ae9e-6cd88451620a",
                      "isHook": false,
                      "skipped": false
                    },
                    {
                      "title": "reduces balance and supply with negative rebase @ 3",
                      "fullTitle": "KreskoAsset #rebase #balance + supply reduces balance and supply with negative rebase @ 3",
                      "timedOut": false,
                      "duration": 23,
                      "state": "passed",
                      "speed": "fast",
                      "pass": true,
                      "fail": false,
                      "pending": false,
                      "context": null,
                      "code": "const denominator = 3;\nconst positive = false;\nawait KreskoAsset.mint(hardhat_1.default.addr.deployer, test_1.defaultMintAmount);\nawait KreskoAsset.rebase(hardhat_1.default.toBig(denominator), positive);\n(0, chai_1.expect)(await KreskoAsset.balanceOf(hardhat_1.default.addr.deployer)).to.equal(test_1.defaultMintAmount.div(denominator));\n(0, chai_1.expect)(await KreskoAsset.totalSupply()).to.equal(test_1.defaultMintAmount.div(denominator));",
                      "err": {},
                      "uuid": "bbe3f7be-9a07-49f4-a474-6dfb54dba46d",
                      "parentUUID": "f7e1cc2d-d881-4f76-ae9e-6cd88451620a",
                      "isHook": false,
                      "skipped": false
                    },
                    {
                      "title": "reduces balance and supply with negative rebase @ 100",
                      "fullTitle": "KreskoAsset #rebase #balance + supply reduces balance and supply with negative rebase @ 100",
                      "timedOut": false,
                      "duration": 25,
                      "state": "passed",
                      "speed": "fast",
                      "pass": true,
                      "fail": false,
                      "pending": false,
                      "context": null,
                      "code": "const denominator = 100;\nconst positive = false;\nawait KreskoAsset.mint(hardhat_1.default.addr.deployer, test_1.defaultMintAmount);\nawait KreskoAsset.rebase(hardhat_1.default.toBig(denominator), positive);\n(0, chai_1.expect)(await KreskoAsset.balanceOf(hardhat_1.default.addr.deployer)).to.equal(test_1.defaultMintAmount.div(denominator));\n(0, chai_1.expect)(await KreskoAsset.totalSupply()).to.equal(test_1.defaultMintAmount.div(denominator));",
                      "err": {},
                      "uuid": "ac135292-b44b-4bc8-9971-86550fea6694",
                      "parentUUID": "f7e1cc2d-d881-4f76-ae9e-6cd88451620a",
                      "isHook": false,
                      "skipped": false
                    }
                  ],
                  "suites": [],
                  "passes": [
                    "1fcc10d4-5e68-4730-b90e-a4ec2679885e",
                    "e0056bee-e2c9-49f6-b07e-dfed0942ff39",
                    "5fc1151a-5c4d-42ea-99e4-e2bac857a6c3",
                    "5d3bc85e-cbe4-4da5-8142-415dd3e9ddaa",
                    "59ce18d6-ebbd-44df-b97b-9f118a0b8c56",
                    "bbe3f7be-9a07-49f4-a474-6dfb54dba46d",
                    "ac135292-b44b-4bc8-9971-86550fea6694"
                  ],
                  "failures": [],
                  "pending": [],
                  "skipped": [],
                  "duration": 152,
                  "root": false,
                  "rootEmpty": false,
                  "_timeout": 15000
                },
                {
                  "uuid": "8fbeb2f7-fbcd-4d27-b739-b52408f47e8c",
                  "title": "#transfer",
                  "fullFile": "/Users/panukettunen/Projects/kresko-protocol/src/test/krasset/02-krasset.ts",
                  "file": "/src/test/krasset/02-krasset.ts",
                  "beforeHooks": [],
                  "afterHooks": [],
                  "tests": [
                    {
                      "title": "has default transfer behaviour after positive rebase",
[...]
                  "err": {},
                  "uuid": "f727ce69-f35b-4fdc-a481-d0a216e4f267",
                  "parentUUID": "39d9126a-2ff1-421c-ae81-cdb023614572",
                  "isHook": false,
                  "skipped": false
                }
              ],
              "suites": [],
              "passes": [
                "e03f0241-036d-4e82-9931-c89f9610f4f3",
                "b2f27b0a-ae23-4288-ae6e-c6033b64e6b2",
                "d3c5bdf0-c6a2-4d29-9c2b-c02f23fba710",
                "43a7d9d9-70c0-4931-a8ce-de638fb6ea46",
                "81be9b9e-a555-4a3f-ab9c-686280148e66",
                "b58e2d79-d52f-41f3-929b-e1b1f768c743",
                "ffff6521-763c-4e2b-aba7-7dcdf2f47bd3",
                "493153d6-3d9e-40cb-8e52-03c6aba030a7",
                "2afa59ce-c0a1-4a75-bdf5-b419a8cb2b74",
                "e73503ee-e871-4fef-a9f1-476432e93d19",
                "f727ce69-f35b-4fdc-a481-d0a216e4f267"
              ],
              "failures": [],
              "pending": [],
              "skipped": [],
              "duration": 14226,
              "root": false,
              "rootEmpty": false,
              "_timeout": 15000
            }
          ],
          "passes": [],
          "failures": [],
          "pending": [],
          "skipped": [],
          "duration": 0,
          "root": false,
          "rootEmpty": false,
          "_timeout": 15000
        },
        {
          "uuid": "943f805c-18cc-4bdb-aadb-de68bcb89484",
          "title": "Stability Rates",
          "fullFile": "/Users/panukettunen/Projects/kresko-protocol/src/test/stability-rate/03-liquidation.ts",
          "file": "/src/test/stability-rate/03-liquidation.ts",
          "beforeHooks": [
            {
              "title": "\"before each\" hook in \"Stability Rates\"",
              "fullTitle": "Stability Rates \"before each\" hook in \"Stability Rates\"",
              "timedOut": false,
              "duration": 19,
              "state": null,
              "speed": null,
              "pass": false,
              "fail": false,
              "pending": false,
              "context": null,
              "code": "const fixture = await hardhat_1.default.deployments.createFixture(async (hre) => {\n    const result = await hre.deployments.fixture(fixtureName);\n    if (result.Diamond) {\n        hre.Diamond = await hre.getContractOrFork(\"Kresko\");\n    }\n    return {\n        facets: result.Diamond ? result.Diamond.facets : [],\n        collaterals: hre.collaterals,\n        krAssets: hre.krAssets,\n    };\n})();\nthis.facets = fixture.facets || [];\nthis.collaterals = fixture.collaterals;\nthis.krAssets = fixture.krAssets;",
              "err": {},
              "uuid": "87e854fa-4516-411a-bbfd-ee558a0f6725",
              "parentUUID": "943f805c-18cc-4bdb-aadb-de68bcb89484",
              "isHook": true,
              "skipped": false
            },
            {
              "title": "\"before each\" hook in \"Stability Rates\"",
              "fullTitle": "Stability Rates \"before each\" hook in \"Stability Rates\"",
              "timedOut": false,
              "duration": 247,
              "state": null,
              "speed": null,
              "pass": false,
              "fail": false,
              "pending": false,
              "context": null,
              "code": "liquidator = hardhat_1.default.users.deployer;\nuserTwo = hardhat_1.default.users.userTwo;\nthis.krAsset = hardhat_1.default.krAssets.find(c => c.deployArgs.name === test_1.defaultKrAssetArgs.name);\nthis.collateral = hardhat_1.default.collaterals.find(c => c.deployArgs.name === test_1.defaultCollateralArgs.name);\nconst krAssetOraclePrice = 10;\nthis.krAsset.setPrice(krAssetOraclePrice);\nconst cLiq = (0, lib_1.toBig)(1000);\nconst kLiq = (0, lib_1.toBig)(100);\nawait this.collateral.setBalance(liquidator, cLiq.mul(2));\nawait (0, collaterals_1.depositCollateral)({\n    asset: this.collateral,\n    amount: cLiq,\n    user: liquidator,\n});\nawait (0, krassets_1.mintKrAsset)({\n    asset: this.krAsset,\n    amount: kLiq,\n    user: liquidator,\n});\nconst anchorBalance = await this.krAsset.anchor.balanceOf(hardhat_1.default.Diamond.address);\n(0, chai_1.expect)(anchorBalance).to.equal(kLiq);\n// 1000/100 = krAsset amm price 10\nconst pair = await (0, amm_1.addLiquidity)({\n    user: liquidator,\n    router: hardhat_1.default.UniV2Router,\n    amount0: cLiq,\n    amount1: kLiq,\n    token0: this.collateral,\n    token1: this.krAsset,\n});\nupdateTWAP = (0, amm_1.getTWAPUpdaterFor)(pair.address);\nawait hardhat_1.default.UniV2Oracle.initPair(pair.address, this.krAsset.address, 60 * 60);\nawait updateTWAP();",
              "err": {},
              "uuid": "64469130-5ebb-421c-98a3-62cb6359c565",
              "parentUUID": "943f805c-18cc-4bdb-aadb-de68bcb89484",
              "isHook": true,
              "skipped": false
            }
          ],
          "afterHooks": [],
          "tests": [],
          "suites": [
            {
              "uuid": "cae7d5b1-0ca6-406e-8b84-2f34e544fbc7",
              "title": "#stability rate - liquidation",
              "fullFile": "/Users/panukettunen/Projects/kresko-protocol/src/test/stability-rate/03-liquidation.ts",
              "file": "/src/test/stability-rate/03-liquidation.ts",
              "beforeHooks": [
                {
                  "title": "\"before each\" hook in \"#stability rate - liquidation\"",
                  "fullTitle": "Stability Rates #stability rate - liquidation \"before each\" hook in \"#stability rate - liquidation\"",
                  "timedOut": false,
                  "duration": 3764,
                  "state": null,
                  "speed": null,
                  "pass": false,
                  "fail": false,
                  "pending": false,
                  "context": null,
                  "code": "await this.collateral.setBalance(userTwo, depositAmount);\n// Create few krAssets\nkrAssets = await Promise.all([\"krasset2\", \"krasset3\", \"krasset4\"].map(async (name) => await (0, krassets_1.addMockKreskoAsset)({\n    name: name,\n    symbol: name,\n    marketOpen: true,\n    factor: 1.1,\n    closeFee: 0,\n    openFee: 0,\n    price: 10,\n    supplyLimit: 2000,\n    stabilityRateBase: test_1.BASIS_POINT.mul(1000), // 10%\n})));",
                  "err": {},
                  "uuid": "6fa8c1a0-7eaa-46a6-b879-e6ea40a1d03b",
                  "parentUUID": "cae7d5b1-0ca6-406e-8b84-2f34e544fbc7",
                  "isHook": true,
                  "skipped": false
                }
              ],
              "afterHooks": [],
              "tests": [
                {
                  "title": "cannot liquidate accrued interest of healthy account",
                  "fullTitle": "Stability Rates #stability rate - liquidation cannot liquidate accrued interest of healthy account",
                  "timedOut": false,
                  "duration": 292,
                  "state": "passed",
                  "speed": "slow",
                  "pass": true,
                  "fail": false,
                  "pending": false,
                  "context": null,
                  "code": "await this.collateral.setBalance(userTwo, depositAmount);\n// Deposit a bit more to cover the mints\nawait (0, collaterals_1.depositCollateral)({\n    asset: this.collateral,\n    amount: depositAmount,\n    user: userTwo,\n});\n// mint each krasset\nawait Promise.all(krAssets.map(krAsset => (0, krassets_1.mintKrAsset)({\n    asset: krAsset,\n    amount: mintAmount,\n    user: userTwo,\n})));\nawait hardhat_network_helpers_1.time.increase(calculations_1.ONE_YEAR);\nconst krAsset = krAssets[0];\n(0, chai_1.expect)(await hardhat_1.default.Diamond.isAccountLiquidatable(userTwo.address)).to.be.false;\nawait (0, chai_1.expect)(hardhat_1.default.Diamond.connect(liquidator).liquidateInterest(userTwo.address, krAsset.address, this.collateral.address)).to.be.revertedWith(errors_1.Error.NOT_LIQUIDATABLE);",
                  "err": {},
                  "uuid": "dedab04c-a4a8-4be9-965f-f961c4ec7a6e",
                  "parentUUID": "cae7d5b1-0ca6-406e-8b84-2f34e544fbc7",
                  "isHook": false,
                  "skipped": false
                },
                {
                  "title": "cannot batch liquidate accrued interest of healthy account",
                  "fullTitle": "Stability Rates #stability rate - liquidation cannot batch liquidate accrued interest of healthy account",
                  "timedOut": false,
                  "duration": 321,
                  "state": "passed",
                  "speed": "slow",
                  "pass": true,
                  "fail": false,
                  "pending": false,
                  "context": null,
                  "code": "await this.collateral.setBalance(userTwo, depositAmount);\n// Deposit a bit more to cover the mints\nawait (0, collaterals_1.depositCollateral)({\n    asset: this.collateral,\n    amount: depositAmount,\n    user: userTwo,\n});\n// mint each krasset\nawait Promise.all(krAssets.map(krAsset => (0, krassets_1.mintKrAsset)({\n    asset: krAsset,\n    amount: mintAmount,\n    user: userTwo,\n})));\nawait hardhat_network_helpers_1.time.increase(calculations_1.ONE_YEAR);\n(0, chai_1.expect)(await hardhat_1.default.Diamond.isAccountLiquidatable(userTwo.address)).to.be.false;\nawait (0, chai_1.expect)(hardhat_1.default.Diamond.connect(liquidator).batchLiquidateInterest(userTwo.address, this.collateral.address)).to.be.revertedWith(errors_1.Error.NOT_LIQUIDATABLE);",
                  "err": {},
                  "uuid": "829a1a23-2f53-4998-82b6-2b2b921f2de3",
                  "parentUUID": "cae7d5b1-0ca6-406e-8b84-2f34e544fbc7",
                  "isHook": false,
                  "skipped": false
                },
                {
                  "title": "can liquidate accrued interest of unhealthy account",
                  "fullTitle": "Stability Rates #stability rate - liquidation can liquidate accrued interest of unhealthy account",
                  "timedOut": false,
                  "duration": 706,
                  "state": "passed",
                  "speed": "slow",
                  "pass": true,
                  "fail": false,
                  "pending": false,
                  "context": null,
                  "code": "const KISS = await hardhat_1.default.getContractOrFork(\"KISS\");\nawait KISS.connect(liquidator).approve(hardhat_1.default.Diamond.address, hardhat_1.default.ethers.constants.MaxUint256);\nawait this.collateral.setBalance(userTwo, depositAmount);\n// Deposit a bit more to cover the mints\nawait (0, collaterals_1.depositCollateral)({\n    asset: this.collateral,\n    amount: depositAmount,\n    user: userTwo,\n});\n// mint each krasset\nawait Promise.all(krAssets.map(krAsset => (0, krassets_1.mintKrAsset)({\n    asset: krAsset,\n    amount: mintAmount,\n    user: userTwo,\n})));\n// Up the asset prices\nconst newPrice = 15;\nkrAssets.map(asset => asset.setPrice(newPrice));\n// increase time so account is liquidatable\n(0, chai_1.expect)(await hardhat_1.default.Diamond.isAccountLiquidatable(userTwo.address)).to.be.false;\nawait hardhat_network_helpers_1.time.increase(calculations_1.ONE_YEAR * 4);\n// should be liquidatable\n(0, chai_1.expect)(await hardhat_1.default.Diamond.isAccountLiquidatable(userTwo.address)).to.be.true;\n// Asset to liquidate\nconst krAsset = krAssets[0];\nconst interestUSDTotal = await hardhat_1.default.Diamond.kreskoAssetDebtInterestTotal(userTwo.address);\n// Liquidator mints KISS\nawait (0, krassets_1.mintKrAsset)({\n    asset: KISS,\n    amount: interestUSDTotal.add((0, lib_1.toBig)(1)),\n    user: liquidator,\n});\n// liquidatable value total before\nconst accruedKissInterest = (0, hardhat_1.fromBig)((await hardhat_1.default.Diamond.kreskoAssetDebtInterest(userTwo.address, krAsset.address)).kissAmount);\nconst accountCollateralBefore = await hardhat_1.default.Diamond.collateralDeposits(userTwo.address, this.collateral.address);\n// Wipe seized collateral balance before liquidation for easy comparison\nawait this.collateral.setBalance(liquidator, (0, lib_1.toBig)(0));\n// Liquidate\nconst tx = await hardhat_1.default.Diamond.connect(liquidator).liquidateInterest(userTwo.address, krAsset.address, this.collateral.address);\n// Should all be wiped\nconst interestAccruedAfterLiq = await hardhat_1.default.Diamond.kreskoAssetDebtInterest(userTwo.address, krAsset.address);\n(0, chai_1.expect)(interestAccruedAfterLiq.kissAmount).to.eq(0);\n(0, chai_1.expect)(interestAccruedAfterLiq.assetAmount).to.eq(0);\nconst accountCollateralAfter = await hardhat_1.default.Diamond.collateralDeposits(userTwo.address, this.collateral.address);\nconst event = await (0, lib_1.getInternalEvent)(tx, hardhat_1.default.Diamond, \"InterestLiquidationOccurred\");\n// validate interest accrual changes\n(0, chai_1.expect)(accountCollateralAfter).to.equal(accountCollateralBefore.sub(event.collateralSent));\nconst liquidationIncentive = (0, hardhat_1.fromBig)((await hardhat_1.default.Diamond.liquidationIncentiveMultiplier()).rawValue);\nconst expectedCollateral = (accruedKissInterest / (0, hardhat_1.fromBig)(await this.collateral.getPrice(), 8)) * liquidationIncentive;\n// event validation\n(0, chai_1.expect)(event.account).to.equal(userTwo.address);\n(0, chai_1.expect)(event.liquidator).to.equal(liquidator.address);\n(0, chai_1.expect)(event.repayKreskoAsset).to.equal(krAsset.address);\n(0, chai_1.expect)(event.seizedCollateralAsset).to.equal(this.collateral.address);\n(0, chai_1.expect)((0, hardhat_1.fromBig)(event.collateralSent).toFixed(6)).to.equal(expectedCollateral.toFixed(6));\n(0, chai_1.expect)((0, hardhat_1.fromBig)(event.repayUSD)).to.closeTo(accruedKissInterest, 0.0001);\n// liquidator received collateral\n(0, chai_1.expect)(await this.collateral.contract.balanceOf(liquidator.address)).to.equal(event.collateralSent);",
                  "err": {},
                  "uuid": "ab7bd8d7-2b66-496f-a81d-020457742664",
                  "parentUUID": "cae7d5b1-0ca6-406e-8b84-2f34e544fbc7",
                  "isHook": false,
                  "skipped": false
                },
                {
                  "title": "can batch liquidate accrued interest of unhealthy account",
                  "fullTitle": "Stability Rates #stability rate - liquidation can batch liquidate accrued interest of unhealthy account",
                  "timedOut": false,
                  "duration": 837,
                  "state": "passed",
                  "speed": "slow",
                  "pass": true,
                  "fail": false,
                  "pending": false,
                  "context": null,
                  "code": "const KISS = await hardhat_1.default.getContractOrFork(\"KISS\");\nawait KISS.connect(liquidator).approve(hardhat_1.default.Diamond.address, hardhat_1.default.ethers.constants.MaxUint256);\nawait this.collateral.setBalance(userTwo, depositAmount);\n// Deposit a bit more to cover the mints\nawait (0, collaterals_1.depositCollateral)({\n    asset: this.collateral,\n    amount: depositAmount,\n    user: userTwo,\n});\n// mint each krasset\nawait Promise.all(krAssets.map(krAsset => (0, krassets_1.mintKrAsset)({\n    asset: krAsset,\n    amount: mintAmount,\n    user: userTwo,\n})));\n// Up the asset prices\nconst newPrice = 15;\nkrAssets.map(asset => asset.setPrice(newPrice));\n// increase time so account is liquidatable\n(0, chai_1.expect)(await hardhat_1.default.Diamond.isAccountLiquidatable(userTwo.address)).to.be.false;\nawait hardhat_network_helpers_1.time.increase(calculations_1.ONE_YEAR * 4);\n// should be liquidatable\n(0, chai_1.expect)(await hardhat_1.default.Diamond.isAccountLiquidatable(userTwo.address)).to.be.true;\nconst interestKissTotal = (0, hardhat_1.fromBig)(await hardhat_1.default.Diamond.kreskoAssetDebtInterestTotal(userTwo.address));\n// Liquidator mints KISS\nawait (0, krassets_1.mintKrAsset)({\n    asset: KISS,\n    amount: interestKissTotal + 1,\n    user: liquidator,\n});\n// Wipe seized collateral balance before liquidation for easy comparison\nawait this.collateral.setBalance(liquidator, (0, lib_1.toBig)(0));\n// Liquidate\nconst tx = await hardhat_1.default.Diamond.connect(liquidator).batchLiquidateInterest(userTwo.address, this.collateral.address);\nconst interestKissTotalAfter = (0, hardhat_1.fromBig)(await hardhat_1.default.Diamond.kreskoAssetDebtInterestTotal(userTwo.address));\n(0, chai_1.expect)(await hardhat_1.default.Diamond.isAccountLiquidatable(userTwo.address)).to.be.false;\nconst event = await (0, lib_1.getInternalEvent)(tx, hardhat_1.default.Diamond, \"BatchInterestLiquidationOccurred\");\nconst repayUSD = (0, hardhat_1.fromBig)(event.repayUSD);\n// interest accrued changes\n(0, chai_1.expect)(interestKissTotalAfter).to.closeTo(interestKissTotal - (0, hardhat_1.fromBig)(event.repayUSD), 0.0001);\nconst liquidationIncentive = (0, hardhat_1.fromBig)((await hardhat_1.default.Diamond.liquidationIncentiveMultiplier()).rawValue);\nconst expectedCollateral = (repayUSD / (0, hardhat_1.fromBig)(await this.collateral.getPrice(), 8)) * liquidationIncentive;\n// event validation\n(0, chai_1.expect)(event.account).to.equal(userTwo.address);\n(0, chai_1.expect)(event.liquidator).to.equal(liquidator.address);\n(0, chai_1.expect)(event.seizedCollateralAsset).to.equal(this.collateral.address);\n(0, chai_1.expect)((0, hardhat_1.fromBig)(event.collateralSent)).to.closeTo(expectedCollateral, 0.0001);\n(0, chai_1.expect)(repayUSD).to.closeTo(interestKissTotal - interestKissTotalAfter, 0.0001);\n// liquidator received collateral\n(0, chai_1.expect)(await this.collateral.contract.balanceOf(liquidator.address)).to.equal(event.collateralSent);",
                  "err": {},
                  "uuid": "29ed557a-4c2e-4407-a548-4eff442a1000",
                  "parentUUID": "cae7d5b1-0ca6-406e-8b84-2f34e544fbc7",
                  "isHook": false,
                  "skipped": false
                }
              ],
              "suites": [],
              "passes": [
                "dedab04c-a4a8-4be9-965f-f961c4ec7a6e",
                "829a1a23-2f53-4998-82b6-2b2b921f2de3",
                "ab7bd8d7-2b66-496f-a81d-020457742664",
                "29ed557a-4c2e-4407-a548-4eff442a1000"
              ],
              "failures": [],
              "pending": [],
              "skipped": [],
              "duration": 2156,
              "root": false,
              "rootEmpty": false,
              "_timeout": 15000
            }
          ],
          "passes": [],
          "failures": [],
          "pending": [],
          "skipped": [],
          "duration": 0,
          "root": false,
          "rootEmpty": false,
          "_timeout": 15000
        }
      ],
      "passes": [],
      "failures": [],
      "pending": [],
      "skipped": [],
      "duration": 0,
      "root": true,
      "rootEmpty": true,
      "_timeout": 15000
    }
  ],
  "meta": {
    "mocha": {
      "version": "10.2.0"
    },
    "mochawesome": {
      "options": {
        "quiet": false,
        "reportFilename": "mochawesome",
        "saveHtml": true,
        "saveJson": true,
        "consoleReporter": "spec",
        "useInlineDiffs": false,
        "code": true
      },
      "version": "7.1.3"
    },
    "marge": {
      "options": null,
      "version": "6.2.0"
    }
  }
}