{
  "stats": {
    "suites": 9,
    "tests": 33,
    "passes": 33,
    "pending": 0,
    "failures": 0,
    "start": "2023-10-04T02:07:52.247Z",
    "end": "2023-10-04T02:08:20.586Z",
    "duration": 28339,
    "testsRegistered": 33,
    "passPercent": 100,
    "pendingPercent": 0,
    "other": 0,
    "hasOther": false,
    "skipped": 0,
    "hasSkipped": false
  },
  "results": [
    {
      "uuid": "385ee1b6-451d-4d3b-9caa-ee58e6e28b92",
      "title": "",
      "fullFile": "/Users/panukettunen/Projects/kresko-protocol/src/test/scdp/00-scdp.ts",
      "file": "/src/test/scdp/00-scdp.ts",
      "beforeHooks": [],
      "afterHooks": [],
      "tests": [],
      "suites": [
        {
          "uuid": "c0d5e1ee-3147-4a50-9dde-737cce33cbc5",
          "title": "SCDP",
          "fullFile": "/Users/panukettunen/Projects/kresko-protocol/src/test/scdp/00-scdp.ts",
          "file": "/src/test/scdp/00-scdp.ts",
          "beforeHooks": [
            {
              "title": "\"before each\" hook in \"SCDP\"",
              "fullTitle": "SCDP \"before each\" hook in \"SCDP\"",
              "timedOut": false,
              "duration": 1,
              "state": null,
              "speed": null,
              "pass": false,
              "fail": false,
              "pending": false,
              "context": null,
              "code": "f = await (0, _fixtures.scdpFixture)({\n    krAssets: createAssets,\n    collaterals: createCollaterals\n});\n[[swapper, KreskoSwapper], [depositor, KreskoDepositor], [depositor2, KreskoDepositor2], [, KreskoLiquidator]] = f.users;",
              "err": {},
              "uuid": "bc4e2d51-d96a-465f-9bd4-acea58885881",
              "parentUUID": "c0d5e1ee-3147-4a50-9dde-737cce33cbc5",
              "isHook": true,
              "skipped": false
            }
          ],
          "afterHooks": [],
          "tests": [],
          "suites": [
            {
              "uuid": "8b15dd61-9fe8-4cc0-9e0b-0b305bf54f73",
              "title": "#Test",
              "fullFile": "/Users/panukettunen/Projects/kresko-protocol/src/test/scdp/00-scdp.ts",
              "file": "/src/test/scdp/00-scdp.ts",
              "beforeHooks": [
                {
                  "title": "\"before each\" hook in \"#Test\"",
                  "fullTitle": "SCDP #Test \"before each\" hook in \"#Test\"",
                  "timedOut": false,
                  "duration": 2,
                  "state": null,
                  "speed": null,
                  "pass": false,
                  "fail": false,
                  "pending": false,
                  "context": null,
                  "code": "await f.reset();",
                  "err": {},
                  "uuid": "a37f7638-5623-44db-8ebd-fadf79dc1bc9",
                  "parentUUID": "8b15dd61-9fe8-4cc0-9e0b-0b305bf54f73",
                  "isHook": true,
                  "skipped": false
                }
              ],
              "afterHooks": [],
              "tests": [],
              "suites": [
                {
                  "uuid": "8dc9c2f4-f2c3-4074-9da0-21663c269dc5",
                  "title": "#Configuration",
                  "fullFile": "/Users/panukettunen/Projects/kresko-protocol/src/test/scdp/00-scdp.ts",
                  "file": "/src/test/scdp/00-scdp.ts",
                  "beforeHooks": [],
                  "afterHooks": [],
                  "tests": [
                    {
                      "title": "should be initialized correctly",
                      "fullTitle": "SCDP #Test #Configuration should be initialized correctly",
                      "timedOut": false,
                      "duration": 325,
                      "state": "passed",
                      "speed": "fast",
                      "pass": true,
                      "fail": false,
                      "pending": false,
                      "context": null,
                      "code": "const { args } = await (0, _shared.getSCDPInitializer)(hre);\nconst configuration = await hre.Diamond.getCurrentParametersSCDP();\n(0, _chai.expect)(configuration.swapFeeRecipient).to.equal(args.swapFeeRecipient);\n(0, _chai.expect)(configuration.liquidationThreshold).to.equal(args.liquidationThreshold);\n(0, _chai.expect)(configuration.minCollateralRatio).to.equal(args.minCollateralRatio);\nconst collaterals = await hre.Diamond.getCollateralsSCDP();\n(0, _chai.expect)(collaterals).to.include.members([\n    f.Collateral.address,\n    f.Collateral8Dec.address,\n    f.KrAsset.address,\n    f.KrAsset2.address,\n    f.KISS.address\n]);\nconst krAssets = await hre.Diamond.getKreskoAssetsSCDP();\n(0, _chai.expect)(krAssets).to.include.members([\n    f.KrAsset.address,\n    f.KrAsset2.address,\n    f.KISS.address\n]);\nconst depositsEnabled = await Promise.all([\n    hre.Diamond.getDepositEnabledSCDP(f.Collateral.address),\n    hre.Diamond.getDepositEnabledSCDP(f.Collateral8Dec.address),\n    hre.Diamond.getDepositEnabledSCDP(f.KrAsset.address),\n    hre.Diamond.getDepositEnabledSCDP(f.KrAsset2.address),\n    hre.Diamond.getDepositEnabledSCDP(f.KISS.address)\n]);\n(0, _chai.expect)(depositsEnabled).to.deep.equal([\n    true,\n    true,\n    false,\n    false,\n    true\n]);\nconst depositAssets = await hre.Diamond.getDepositAssetsSCDP();\n(0, _chai.expect)(depositAssets).to.include.members([\n    f.Collateral.address,\n    f.Collateral8Dec.address,\n    f.KISS.address\n]);",
                      "err": {},
                      "uuid": "81c81838-86f3-4a6e-9111-16600b4af66f",
                      "parentUUID": "8dc9c2f4-f2c3-4074-9da0-21663c269dc5",
                      "isHook": false,
                      "skipped": false
                    },
                    {
                      "title": "should be able to whitelist new deposit asset",
                      "fullTitle": "SCDP #Test #Configuration should be able to whitelist new deposit asset",
                      "timedOut": false,
                      "duration": 181,
                      "state": "passed",
                      "speed": "fast",
                      "pass": true,
                      "fail": false,
                      "pending": false,
                      "context": null,
                      "code": "const assetInfoBefore = await hre.Diamond.getAsset(f.KrAsset2.address);\n(0, _chai.expect)(assetInfoBefore.isSCDPDepositAsset).to.equal(false);\nawait hre.Diamond.updateAsset(f.KrAsset2.address, {\n    ...assetInfoBefore,\n    isSCDPDepositAsset: true,\n    depositLimitSCDP: 1\n});\nconst assetInfoAfter = await hre.Diamond.getAsset(f.KrAsset2.address);\n(0, _chai.expect)(assetInfoAfter.decimals).to.equal(await f.KISS.contract.decimals());\n(0, _chai.expect)(assetInfoAfter.liquidityIndexSCDP).to.equal(_values.RAY);\n(0, _chai.expect)(assetInfoAfter.depositLimitSCDP).to.equal(1);\n(0, _chai.expect)(await hre.Diamond.getDepositEnabledSCDP(f.KrAsset2.address)).to.equal(true);",
                      "err": {},
                      "uuid": "cf39ee02-5397-4ab1-8ff0-06d114dd8361",
                      "parentUUID": "8dc9c2f4-f2c3-4074-9da0-21663c269dc5",
                      "isHook": false,
                      "skipped": false
                    },
                    {
                      "title": "should be able to update deposit limit of asset",
                      "fullTitle": "SCDP #Test #Configuration should be able to update deposit limit of asset",
                      "timedOut": false,
                      "duration": 78,
                      "state": "passed",
                      "speed": "fast",
                      "pass": true,
                      "fail": false,
                      "pending": false,
                      "context": null,
                      "code": "await hre.Diamond.updateDepositLimitSCDP(f.Collateral.address, 1);\nconst collateral = await hre.Diamond.getAsset(f.Collateral.address);\n(0, _chai.expect)(collateral.decimals).to.equal(await f.Collateral.contract.decimals());\n(0, _chai.expect)(collateral.liquidityIndexSCDP).to.equal(_values.RAY);\n(0, _chai.expect)(collateral.depositLimitSCDP).to.equal(1);",
                      "err": {},
                      "uuid": "dd8438b4-8c4f-4c64-aad0-e55cd0db4cab",
                      "parentUUID": "8dc9c2f4-f2c3-4074-9da0-21663c269dc5",
                      "isHook": false,
                      "skipped": false
                    },
                    {
                      "title": "should be able to disable a deposit asset",
                      "fullTitle": "SCDP #Test #Configuration should be able to disable a deposit asset",
                      "timedOut": false,
                      "duration": 147,
                      "state": "passed",
                      "speed": "fast",
                      "pass": true,
                      "fail": false,
                      "pending": false,
                      "context": null,
                      "code": "await hre.Diamond.setDepositAssetSCDP(f.Collateral.address, false);\nconst collaterals = await hre.Diamond.getCollateralsSCDP();\n(0, _chai.expect)(collaterals).to.include(f.Collateral.address);\nconst depositAssets = await hre.Diamond.getDepositAssetsSCDP();\n(0, _chai.expect)(depositAssets).to.not.include(f.Collateral.address);\n(0, _chai.expect)(await hre.Diamond.getDepositEnabledSCDP(f.Collateral.address)).to.equal(false);",
                      "err": {},
                      "uuid": "f0e2ff3e-874a-40aa-b669-f150f92d2768",
                      "parentUUID": "8dc9c2f4-f2c3-4074-9da0-21663c269dc5",
                      "isHook": false,
                      "skipped": false
                    },
                    {
                      "title": "should be able to disable and enable a collateral asset",
                      "fullTitle": "SCDP #Test #Configuration should be able to disable and enable a collateral asset",
                      "timedOut": false,
                      "duration": 477,
                      "state": "passed",
                      "speed": "fast",
                      "pass": true,
                      "fail": false,
                      "pending": false,
                      "context": null,
                      "code": "await hre.Diamond.setCollateralSCDP(f.Collateral.address, false);\n(0, _chai.expect)(await hre.Diamond.getCollateralsSCDP()).to.not.include(f.Collateral.address);\n(0, _chai.expect)(await hre.Diamond.getDepositAssetsSCDP()).to.not.include(f.Collateral.address);\n(0, _chai.expect)(await hre.Diamond.getDepositEnabledSCDP(f.Collateral.address)).to.equal(true);\nawait hre.Diamond.setDepositAssetSCDP(f.Collateral.address, false);\n(0, _chai.expect)(await hre.Diamond.getDepositEnabledSCDP(f.Collateral.address)).to.equal(false);\nawait hre.Diamond.setCollateralSCDP(f.Collateral.address, true);\n(0, _chai.expect)(await hre.Diamond.getCollateralsSCDP()).to.include(f.Collateral.address);\n(0, _chai.expect)(await hre.Diamond.getDepositAssetsSCDP()).to.not.include(f.Collateral.address);\n(0, _chai.expect)(await hre.Diamond.getDepositEnabledSCDP(f.Collateral.address)).to.equal(false);\nawait hre.Diamond.setDepositAssetSCDP(f.Collateral.address, true);\n(0, _chai.expect)(await hre.Diamond.getDepositEnabledSCDP(f.Collateral.address)).to.equal(true);\n(0, _chai.expect)(await hre.Diamond.getDepositAssetsSCDP()).to.include(f.Collateral.address);",
                      "err": {},
                      "uuid": "46d33002-7808-4868-b5dc-70aaf3846cac",
                      "parentUUID": "8dc9c2f4-f2c3-4074-9da0-21663c269dc5",
                      "isHook": false,
                      "skipped": false
                    },
                    {
                      "title": "should be able to add whitelisted kresko asset",
                      "fullTitle": "SCDP #Test #Configuration should be able to add whitelisted kresko asset",
                      "timedOut": false,
                      "duration": 40,
                      "state": "passed",
                      "speed": "fast",
                      "pass": true,
                      "fail": false,
                      "pending": false,
                      "context": null,
                      "code": "const assetInfo = await hre.Diamond.getAsset(f.KrAsset.address);\n(0, _chai.expect)(assetInfo.swapInFeeSCDP).to.equal(scdpKrAssetConfig.swapInFeeSCDP);\n(0, _chai.expect)(assetInfo.swapOutFeeSCDP).to.equal(scdpKrAssetConfig.swapOutFeeSCDP);\n(0, _chai.expect)(assetInfo.liqIncentiveSCDP).to.equal(scdpKrAssetConfig.liqIncentiveSCDP);\n(0, _chai.expect)(assetInfo.protocolFeeShareSCDP).to.equal(scdpKrAssetConfig.protocolFeeShareSCDP);",
                      "err": {},
                      "uuid": "b82f97c2-2f60-46a0-b6ab-fad295e79ba7",
                      "parentUUID": "8dc9c2f4-f2c3-4074-9da0-21663c269dc5",
                      "isHook": false,
                      "skipped": false
                    },
                    {
                      "title": "should be able to update a whitelisted kresko asset",
                      "fullTitle": "SCDP #Test #Configuration should be able to update a whitelisted kresko asset",
                      "timedOut": false,
                      "duration": 212,
                      "state": "passed",
                      "speed": "fast",
                      "pass": true,
                      "fail": false,
                      "pending": false,
                      "context": null,
                      "code": "const update = {\n    ...f.KrAsset.config.assetStruct,\n    swapInFeeSCDP: 0.05e4,\n    swapOutFeeSCDP: 0.05e4,\n    liqIncentiveSCDP: 1.06e4,\n    protocolFeeShareSCDP: 0.4e4\n};\nawait hre.Diamond.updateAsset(f.KrAsset.address, update);\nconst assetInfo = await hre.Diamond.getAsset(f.KrAsset.address);\n(0, _chai.expect)(assetInfo.swapInFeeSCDP).to.equal(update.swapInFeeSCDP);\n(0, _chai.expect)(assetInfo.swapOutFeeSCDP).to.equal(update.swapOutFeeSCDP);\n(0, _chai.expect)(assetInfo.protocolFeeShareSCDP).to.equal(update.protocolFeeShareSCDP);\n(0, _chai.expect)(assetInfo.liqIncentiveSCDP).to.equal(update.liqIncentiveSCDP);\nconst krAssets = await hre.Diamond.getKreskoAssetsSCDP();\n(0, _chai.expect)(krAssets).to.include(f.KrAsset.address);\nconst collaterals = await hre.Diamond.getCollateralsSCDP();\n(0, _chai.expect)(collaterals).to.include(f.KrAsset.address);\n(0, _chai.expect)(await hre.Diamond.getDepositEnabledSCDP(f.KrAsset.address)).to.equal(false);",
                      "err": {},
                      "uuid": "7fb95860-5ac9-4d17-83d8-db7d4db695f5",
                      "parentUUID": "8dc9c2f4-f2c3-4074-9da0-21663c269dc5",
                      "isHook": false,
                      "skipped": false
                    },
                    {
                      "title": "should be able to remove a whitelisted kresko asset",
                      "fullTitle": "SCDP #Test #Configuration should be able to remove a whitelisted kresko asset",
                      "timedOut": false,
                      "duration": 111,
                      "state": "passed",
                      "speed": "fast",
                      "pass": true,
                      "fail": false,
                      "pending": false,
                      "context": null,
                      "code": "await hre.Diamond.setKrAssetSCDP(f.KrAsset.address, false);\nconst krAssets = await hre.Diamond.getKreskoAssetsSCDP();\n(0, _chai.expect)(krAssets).to.not.include(f.KrAsset.address);\n(0, _chai.expect)(await hre.Diamond.getDepositEnabledSCDP(f.KrAsset.address)).to.equal(false);",
                      "err": {},
                      "uuid": "d7b24703-e818-45a3-b4ae-ac137187781b",
                      "parentUUID": "8dc9c2f4-f2c3-4074-9da0-21663c269dc5",
                      "isHook": false,
                      "skipped": false
                    },
                    {
                      "title": "should be able to enable and disable swap pairs",
                      "fullTitle": "SCDP #Test #Configuration should be able to enable and disable swap pairs",
                      "timedOut": false,
                      "duration": 216,
                      "state": "passed",
                      "speed": "fast",
                      "pass": true,
                      "fail": false,
                      "pending": false,
                      "context": null,
                      "code": "const swapPairsEnabled = [\n    {\n        assetIn: f.Collateral.address,\n        assetOut: f.KrAsset.address,\n        enabled: true\n    }\n];\nawait hre.Diamond.setSwapPairs(swapPairsEnabled);\n(0, _chai.expect)(await hre.Diamond.getSwapEnabledSCDP(f.Collateral.address, f.KrAsset.address)).to.equal(true);\n(0, _chai.expect)(await hre.Diamond.getSwapEnabledSCDP(f.KrAsset.address, f.Collateral.address)).to.equal(true);\nconst swapPairsDisabled = [\n    {\n        assetIn: f.Collateral.address,\n        assetOut: f.KrAsset.address,\n        enabled: false\n    }\n];\nawait hre.Diamond.setSwapPairs(swapPairsDisabled);\n(0, _chai.expect)(await hre.Diamond.getSwapEnabledSCDP(f.Collateral.address, f.KrAsset.address)).to.equal(false);\n(0, _chai.expect)(await hre.Diamond.getSwapEnabledSCDP(f.KrAsset.address, f.Collateral.address)).to.equal(false);",
                      "err": {},
                      "uuid": "cb0b47c2-7e85-471b-948a-f4795b448012",
                      "parentUUID": "8dc9c2f4-f2c3-4074-9da0-21663c269dc5",
                      "isHook": false,
                      "skipped": false
                    }
                  ],
                  "suites": [],
                  "passes": [
                    "81c81838-86f3-4a6e-9111-16600b4af66f",
                    "cf39ee02-5397-4ab1-8ff0-06d114dd8361",
                    "dd8438b4-8c4f-4c64-aad0-e55cd0db4cab",
                    "f0e2ff3e-874a-40aa-b669-f150f92d2768",
                    "46d33002-7808-4868-b5dc-70aaf3846cac",
                    "b82f97c2-2f60-46a0-b6ab-fad295e79ba7",
                    "7fb95860-5ac9-4d17-83d8-db7d4db695f5",
                    "d7b24703-e818-45a3-b4ae-ac137187781b",
                    "cb0b47c2-7e85-471b-948a-f4795b448012"
                  ],
                  "failures": [],
                  "pending": [],
                  "skipped": [],
                  "duration": 1787,
                  "root": false,
                  "rootEmpty": false,
                  "_timeout": 30000
                },
                {
                  "uuid": "109ce0ed-be71-4112-b3ac-f6688ce82109",
                  "title": "#Deposit",
                  "fullFile": "/Users/panukettunen/Projects/kresko-protocol/src/test/scdp/00-scdp.ts",
                  "file": "/src/test/scdp/00-scdp.ts",
                  "beforeHooks": [],
                  "afterHooks": [],
                  "tests": [
                    {
                      "title": "should be able to deposit collateral, calculate correct deposit values",
                      "fullTitle": "SCDP #Test #Deposit should be able to deposit collateral, calculate correct deposit values",
                      "timedOut": false,
                      "duration": 1109,
                      "state": "passed",
                      "speed": "fast",
                      "pass": true,
                      "fail": false,
                      "pending": false,
                      "context": null,
                      "code": "const expectedValueUnadjusted = (0, _values.toBig)(collateralPrice * depositAmount, 8);\nconst expectedValueAdjusted = (collateralPrice * depositAmount).ebn(8); // cfactor = 1\nawait Promise.all(f.usersArr.map((user)=>{\n    return (0, _redstone.wrapKresko)(hre.Diamond, user).depositSCDP(user.address, f.Collateral.address, depositAmount18Dec);\n}));\nconst [userInfos, statistics, assetInfo] = await Promise.all([\n    hre.Diamond.getAccountInfosSCDP(f.usersArr.map((user)=>user.address), [\n        f.Collateral.address\n    ]),\n    hre.Diamond.getStatisticsSCDP(),\n    hre.Diamond.getAssetInfoSCDP(f.Collateral.address)\n]);\nfor (const userInfo of userInfos){\n    const balance = await f.Collateral.balanceOf(userInfo.account);\n    (0, _chai.expect)(balance).to.equal(0);\n    (0, _chai.expect)(userInfo.deposits[0].scaledDepositAmount).to.equal(depositAmount18Dec);\n    (0, _chai.expect)(userInfo.deposits[0].depositAmount).to.equal(depositAmount18Dec);\n    (0, _chai.expect)(userInfo.totalDepositValue).to.equal(expectedValueUnadjusted);\n    (0, _chai.expect)(userInfo.totalScaledDepositValue).to.equal(expectedValueUnadjusted);\n    (0, _chai.expect)(userInfo.deposits[0].depositValue).to.equal(expectedValueUnadjusted);\n    (0, _chai.expect)(userInfo.deposits[0].scaledDepositValue).to.equal(expectedValueUnadjusted);\n}\n(0, _chai.expect)(await f.Collateral.balanceOf(hre.Diamond.address)).to.equal(depositAmount18Dec.mul(f.usersArr.length));\n(0, _chai.expect)(assetInfo.depositAmount).to.equal(depositAmount18Dec.mul(f.usersArr.length));\n(0, _chai.expect)(assetInfo.depositValue).to.equal(expectedValueUnadjusted.mul(f.usersArr.length));\n(0, _chai.expect)(statistics.collateralValue).to.equal(expectedValueUnadjusted.mul(f.usersArr.length));\n(0, _chai.expect)(statistics.debtValue).to.equal(0);\n// Adjusted\n(0, _chai.expect)(assetInfo.depositValueAdjusted).to.equal(expectedValueAdjusted.mul(f.usersArr.length));\n(0, _chai.expect)(statistics.collateralValueAdjusted).to.equal(expectedValueUnadjusted.mul(f.usersArr.length));\n(0, _chai.expect)(statistics.debtValueAdjusted).to.equal(0);\n(0, _chai.expect)(statistics.effectiveDebtValue).to.equal(0);\n(0, _chai.expect)(statistics.crDebtValueAdjusted).to.equal(0);\n(0, _chai.expect)(statistics.crDebtValue).to.equal(0);\n(0, _chai.expect)(statistics.cr).to.equal(0);",
                      "err": {},
                      "uuid": "f8281f1b-9995-4689-bee4-c8db126b5a97",
                      "parentUUID": "109ce0ed-be71-4112-b3ac-f6688ce82109",
                      "isHook": false,
                      "skipped": false
                    },
                    {
                      "title": "should be able to deposit multiple collaterals, calculate correct deposit values",
                      "fullTitle": "SCDP #Test #Deposit should be able to deposit multiple collaterals, calculate correct deposit values",
                      "timedOut": false,
                      "duration": 1392,
                      "state": "passed",
                      "speed": "fast",
                      "pass": true,
                      "fail": false,
                      "pending": false,
                      "context": null,
                      "code": "const expectedValueUnadjusted = (0, _values.toBig)(collateralPrice * depositAmount, 8);\nconst expectedValueAdjusted = (0, _values.toBig)(collateralPrice / 1 * depositAmount, 8); // cfactor = 1\nconst expectedValueUnadjusted8Dec = (0, _values.toBig)(collateralPrice * depositAmount, 8);\nconst expectedValueAdjusted8Dec = (0, _values.toBig)(collateralPrice * 0.8 * depositAmount, 8); // cfactor = 0.8\nawait Promise.all(f.usersArr.map((user)=>{\n    const User = (0, _general.wrapContractWithSigner)(hre.Diamond, user);\n    return Promise.all([\n        User.depositSCDP(user.address, f.Collateral.address, depositAmount18Dec),\n        User.depositSCDP(user.address, f.Collateral8Dec.address, depositAmount8Dec)\n    ]);\n}));\nconst [userInfos, assetInfos, globals] = await Promise.all([\n    hre.Diamond.getAccountInfosSCDP(f.usersArr.map((u)=>u.address), [\n        f.Collateral.address,\n        f.Collateral8Dec.address\n    ]),\n    hre.Diamond.getAssetInfosSCDP([\n        f.Collateral.address,\n        f.Collateral8Dec.address\n    ]),\n    hre.Diamond.getStatisticsSCDP()\n]);\nfor (const userInfo of userInfos){\n    (0, _chai.expect)(userInfo.deposits[0].depositAmount).to.equal(depositAmount18Dec);\n    (0, _chai.expect)(userInfo.deposits[0].depositValue).to.equal(expectedValueUnadjusted);\n    (0, _chai.expect)(userInfo.deposits[1].depositAmount).to.equal(depositAmount8Dec);\n    (0, _chai.expect)(userInfo.deposits[1].depositValue).to.equal(expectedValueUnadjusted8Dec);\n    (0, _chai.expect)(userInfo.totalDepositValue).to.equal(expectedValueUnadjusted.add(expectedValueUnadjusted8Dec));\n}\n(0, _chai.expect)(assetInfos[0].depositAmount).to.equal(depositAmount18Dec.mul(f.usersArr.length));\n(0, _chai.expect)(assetInfos[1].depositAmount).to.equal(depositAmount8Dec.mul(f.usersArr.length));\n// WITH_FACTORS global\nconst valueTotalAdjusted = expectedValueAdjusted.mul(f.usersArr.length);\nconst valueTotalAdjusted8Dec = expectedValueAdjusted8Dec.mul(f.usersArr.length);\nconst valueAdjusted = valueTotalAdjusted.add(valueTotalAdjusted8Dec);\n(0, _chai.expect)(assetInfos[0].depositValueAdjusted).to.equal(valueTotalAdjusted);\n(0, _chai.expect)(assetInfos[1].depositValueAdjusted).to.equal(valueTotalAdjusted8Dec);\n(0, _chai.expect)(globals.collateralValueAdjusted).to.equal(valueAdjusted);\n(0, _chai.expect)(globals.debtValue).to.equal(0);\n(0, _chai.expect)(globals.cr).to.equal(0);\n// WITHOUT_FACTORS global\nconst valueTotalUnadjusted = expectedValueUnadjusted.mul(f.usersArr.length);\nconst valueTotalUnadjusted8Dec = expectedValueUnadjusted8Dec.mul(f.usersArr.length);\nconst valueUnadjusted = valueTotalUnadjusted.add(valueTotalUnadjusted8Dec);\n(0, _chai.expect)(assetInfos[0].depositValue).to.equal(valueTotalUnadjusted);\n(0, _chai.expect)(assetInfos[1].depositValue).to.equal(valueTotalUnadjusted8Dec);\n(0, _chai.expect)(globals.collateralValue).to.equal(valueUnadjusted);\n(0, _chai.expect)(globals.debtValue).to.equal(0);\n(0, _chai.expect)(globals.cr).to.equal(0);",
                      "err": {},
                      "uuid": "7b3512d0-4bd8-489c-b483-e1fa5a362e74",
                      "parentUUID": "109ce0ed-be71-4112-b3ac-f6688ce82109",
                      "isHook": false,
                      "skipped": false
                    }
                  ],
                  "suites": [],
                  "passes": [
                    "f8281f1b-9995-4689-bee4-c8db126b5a97",
                    "7b3512d0-4bd8-489c-b483-e1fa5a362e74"
                  ],
                  "failures": [],
                  "pending": [],
                  "skipped": [],
                  "duration": 2501,
                  "root": false,
                  "rootEmpty": false,
                  "_timeout": 30000
                },
                {
                  "uuid": "cc313803-0044-4340-b443-470d4f391895",
                  "title": "#Withdraw",
                  "fullFile": "/Users/panukettunen/Projects/kresko-protocol/src/test/scdp/00-scdp.ts",
                  "file": "/src/test/scdp/00-scdp.ts",
                  "beforeHooks": [
                    {
                      "title": "\"before each\" hook in \"#Withdraw\"",
                      "fullTitle": "SCDP #Test #Withdraw \"before each\" hook in \"#Withdraw\"",
                      "timedOut": false,
                      "duration": 246,
                      "state": null,
                      "speed": null,
                      "pass": false,
                      "fail": false,
                      "pending": false,
                      "context": null,
                      "code": "await Promise.all(f.usersArr.map(async (user)=>{\n    const UserKresko = (0, _redstone.wrapKresko)(hre.Diamond, user);\n    await Promise.all([\n        UserKresko.depositSCDP(user.address, f.Collateral.address, depositAmount18Dec),\n        UserKresko.depositSCDP(user.address, f.Collateral8Dec.address, depositAmount8Dec)\n    ]);\n}));",
                      "err": {},
                      "uuid": "497f4d6c-877b-4413-ae13-c86e09a100f0",
                      "parentUUID": "cc313803-0044-4340-b443-470d4f391895",
                      "isHook": true,
                      "skipped": false
                    }
                  ],
                  "afterHooks": [],
                  "tests": [
                    {
                      "title": "should be able to withdraw full collateral of multiple assets",
                      "fullTitle": "SCDP #Test #Withdraw should be able to withdraw full collateral of multiple assets",
                      "timedOut": false,
                      "duration": 1429,
                      "state": "passed",
                      "speed": "fast",
                      "pass": true,
                      "fail": false,
                      "pending": false,
                      "context": null,
                      "code": "await Promise.all(f.usersArr.map(async (user)=>{\n    const UserKresko = (0, _redstone.wrapKresko)(hre.Diamond, user);\n    return Promise.all([\n        UserKresko.withdrawSCDP(user.address, f.Collateral.address, depositAmount18Dec),\n        UserKresko.withdrawSCDP(user.address, f.Collateral8Dec.address, depositAmount8Dec)\n    ]);\n}));\n(0, _chai.expect)(await f.Collateral.balanceOf(hre.Diamond.address)).to.equal(0);\nconst [userInfos, assetInfos, globals] = await Promise.all([\n    hre.Diamond.getAccountInfosSCDP(f.usersArr.map((u)=>u.address), [\n        f.Collateral.address,\n        f.Collateral8Dec.address\n    ]),\n    hre.Diamond.getAssetInfosSCDP([\n        f.Collateral.address,\n        f.Collateral8Dec.address\n    ]),\n    hre.Diamond.getStatisticsSCDP()\n]);\nfor (const userInfo of userInfos){\n    (0, _chai.expect)(await f.Collateral.balanceOf(userInfo.account)).to.equal(depositAmount18Dec);\n    (0, _chai.expect)(userInfo.deposits[0].depositAmount).to.equal(0);\n    (0, _chai.expect)(userInfo.deposits[0].scaledDepositAmount).to.equal(0);\n    (0, _chai.expect)(userInfo.deposits[1].depositAmount).to.equal(0);\n    (0, _chai.expect)(userInfo.deposits[1].scaledDepositAmount).to.equal(0);\n    (0, _chai.expect)(userInfo.totalDepositValue).to.equal(0);\n}\nfor (const assetInfo of assetInfos){\n    (0, _chai.expect)(assetInfo.depositValue).to.equal(0);\n    (0, _chai.expect)(assetInfo.depositAmount).to.equal(0);\n    (0, _chai.expect)(assetInfo.swapDeposits).to.equal(0);\n}\n(0, _chai.expect)(globals.collateralValue).to.equal(0);\n(0, _chai.expect)(globals.debtValue).to.equal(0);\n(0, _chai.expect)(globals.cr).to.equal(0);",
                      "err": {},
                      "uuid": "c05b21e8-8574-48b7-a068-f715453affbc",
                      "parentUUID": "cc313803-0044-4340-b443-470d4f391895",
                      "isHook": false,
                      "skipped": false
                    },
                    {
                      "title": "should be able to withdraw partial collateral of multiple assets",
                      "fullTitle": "SCDP #Test #Withdraw should be able to withdraw partial collateral of multiple assets",
                      "timedOut": false,
                      "duration": 1812,
                      "state": "passed",
                      "speed": "fast",
                      "pass": true,
                      "fail": false,
                      "pending": false,
                      "context": null,
                      "code": "const partialWithdraw = depositAmount18Dec.div(f.usersArr.length);\nconst partialWithdraw8Dec = depositAmount8Dec.div(f.usersArr.length);\nconst expectedValueUnadjusted = (0, _values.toBig)(collateralPrice * depositAmount, 8).mul(200).div(300);\nconst expectedValueAdjusted = (0, _values.toBig)(collateralPrice * 1 * depositAmount, 8).mul(200).div(300); // cfactor = 1\nconst expectedValueUnadjusted8Dec = (0, _values.toBig)(collateralPrice * depositAmount, 8).mul(200).div(300);\nconst expectedValueAdjusted8Dec = (0, _values.toBig)(collateralPrice * 0.8 * depositAmount, 8).mul(200).div(300); // cfactor = 0.8\nawait Promise.all(f.usersArr.map((user)=>{\n    const UserKresko = (0, _redstone.wrapKresko)(hre.Diamond, user);\n    return Promise.all([\n        UserKresko.withdrawSCDP(user.address, f.Collateral.address, partialWithdraw),\n        UserKresko.withdrawSCDP(user.address, f.Collateral8Dec.address, partialWithdraw8Dec)\n    ]);\n}));\nconst [collateralBalanceAfter, collateral8DecBalanceAfter, globals, assetInfos, userInfos] = await Promise.all([\n    f.Collateral.balanceOf(hre.Diamond.address),\n    f.Collateral8Dec.balanceOf(hre.Diamond.address),\n    hre.Diamond.getStatisticsSCDP(),\n    hre.Diamond.getAssetInfosSCDP([\n        f.Collateral.address,\n        f.Collateral8Dec.address\n    ]),\n    hre.Diamond.getAccountInfosSCDP(f.usersArr.map((u)=>u.address), [\n        f.Collateral.address,\n        f.Collateral8Dec.address\n    ])\n]);\nfor (const userInfo of userInfos){\n    const [balance18Dec, balance8Dec] = await Promise.all([\n        f.Collateral.balanceOf(userInfo.account),\n        f.Collateral8Dec.balanceOf(userInfo.account)\n    ]);\n    (0, _chai.expect)(balance18Dec).to.equal(partialWithdraw);\n    (0, _chai.expect)(balance8Dec).to.equal(partialWithdraw8Dec);\n    (0, _chai.expect)(userInfo.deposits[0].depositAmount).to.equal(depositAmount18Dec.sub(partialWithdraw));\n    (0, _chai.expect)(userInfo.deposits[0].scaledDepositAmount).to.equal(depositAmount18Dec.sub(partialWithdraw));\n    (0, _chai.expect)(userInfo.deposits[1].depositAmount).to.equal(depositAmount8Dec.sub(partialWithdraw8Dec));\n    (0, _chai.expect)(userInfo.deposits[1].scaledDepositAmount).to.equal(depositAmount8Dec.sub(partialWithdraw8Dec));\n    (0, _chai.expect)(userInfo.totalDepositValue).to.closeTo(expectedValueUnadjusted.add(expectedValueUnadjusted8Dec), (0, _values.toBig)(0.00001, 8));\n}\n(0, _chai.expect)(collateralBalanceAfter).to.closeTo((0, _values.toBig)(2000), 1);\n(0, _chai.expect)(collateral8DecBalanceAfter).to.closeTo((0, _values.toBig)(2000, 8), 1);\n(0, _chai.expect)(assetInfos[0].depositAmount).to.closeTo((0, _values.toBig)(2000), 1);\n(0, _chai.expect)(assetInfos[1].depositAmount).to.closeTo((0, _values.toBig)(2000, 8), 1);\n(0, _chai.expect)(assetInfos[0].depositValue).to.closeTo(expectedValueUnadjusted.mul(f.usersArr.length), 20);\n(0, _chai.expect)(assetInfos[0].depositValueAdjusted).to.closeTo(expectedValueAdjusted.mul(f.usersArr.length), 20);\n(0, _chai.expect)(assetInfos[1].depositValue).to.closeTo(expectedValueUnadjusted8Dec.mul(f.usersArr.length), 20);\n(0, _chai.expect)(assetInfos[1].depositValueAdjusted).to.closeTo(expectedValueAdjusted8Dec.mul(f.usersArr.length), 20);\nconst totalValueRemaining = expectedValueUnadjusted8Dec.mul(f.usersArr.length).add(expectedValueUnadjusted.mul(f.usersArr.length));\n(0, _chai.expect)(globals.collateralValue).to.closeTo(totalValueRemaining, 20);\n(0, _chai.expect)(globals.debtValue).to.equal(0);\n(0, _chai.expect)(globals.cr).to.equal(0);",
                      "err": {},
                      "uuid": "8259ae45-2091-4f99-a8da-d06bda3268dc",
                      "parentUUID": "cc313803-0044-4340-b443-470d4f391895",
                      "isHook": false,
                      "skipped": false
                    }
                  ],
                  "suites": [],
                  "passes": [
                    "c05b21e8-8574-48b7-a068-f715453affbc",
                    "8259ae45-2091-4f99-a8da-d06bda3268dc"
                  ],
                  "failures": [],
                  "pending": [],
                  "skipped": [],
                  "duration": 3241,
                  "root": false,
                  "rootEmpty": false,
                  "_timeout": 30000
                },
                {
                  "uuid": "00fb5c2d-ef37-43f3-8b18-03ee3e4ca945",
                  "title": "#Fee Distribution",
                  "fullFile": "/Users/panukettunen/Projects/kresko-protocol/src/test/scdp/00-scdp.ts",
                  "file": "/src/test/scdp/00-scdp.ts",
                  "beforeHooks": [
                    {
                      "title": "\"before each\" hook in \"#Fee Distribution\"",
                      "fullTitle": "SCDP #Test #Fee Distribution \"before each\" hook in \"#Fee Distribution\"",
                      "timedOut": false,
                      "duration": 48,
                      "state": null,
                      "speed": null,
                      "pass": false,
                      "fail": false,
                      "pending": false,
                      "context": null,
                      "code": "incomeCumulator = hre.users.admin;\nIncomeCumulator = (0, _redstone.wrapKresko)(hre.Diamond, incomeCumulator);\nawait f.Collateral.setBalance(incomeCumulator, depositAmount18Dec.mul(f.usersArr.length), hre.Diamond.address);",
                      "err": {},
                      "uuid": "c3138b62-9907-40e2-834e-726b284f9556",
                      "parentUUID": "00fb5c2d-ef37-43f3-8b18-03ee3e4ca945",
                      "isHook": true,
                      "skipped": false
                    }
                  ],
                  "afterHooks": [],
                  "tests": [
                    {
                      "title": "should be able to cumulate fees into deposits",
                      "fullTitle": "SCDP #Test #Fee Distribution should be able to cumulate fees into deposits",
                      "timedOut": false,
                      "duration": 3461,
                      "state": "passed",
                      "speed": "medium",
                      "pass": true,
                      "fail": false,
                      "pending": false,
                      "context": null,
                      "code": "const fees = depositAmount18Dec.mul(f.usersArr.length);\nconst expectedValueNoFees = (0, _values.toBig)(collateralPrice * depositAmount, 8);\nconst expectedValueFees = expectedValueNoFees.mul(2);\n// deposit some\nawait Promise.all(f.usersArr.map((signer)=>(0, _redstone.wrapKresko)(hre.Diamond, signer).depositSCDP(signer.address, f.Collateral.address, depositAmount18Dec)));\n// cumulate some income\nawait IncomeCumulator.cumulateIncomeSCDP(f.Collateral.address, fees);\n// check that the fees are cumulated\nfor (const data of (await hre.Diamond.getAccountInfosSCDP(f.usersArr.map((u)=>u.address), [\n    f.Collateral.address\n]))){\n    (0, _chai.expect)(data.deposits[0].depositValue).to.equal(expectedValueNoFees);\n    (0, _chai.expect)(data.deposits[0].scaledDepositValue).to.equal(expectedValueFees);\n    (0, _chai.expect)(data.totalDepositValue).to.equal(expectedValueNoFees);\n    (0, _chai.expect)(data.totalScaledDepositValue).to.equal(expectedValueFees);\n}\n// withdraw principal\nawait Promise.all(f.usersArr.map((signer)=>(0, _redstone.wrapKresko)(hre.Diamond, signer).withdrawSCDP(signer.address, f.Collateral.address, depositAmount18Dec)));\nfor (const user of (await hre.Diamond.getAccountInfosSCDP(f.usersArr.map((u)=>u.address), [\n    f.Collateral.address\n]))){\n    const balance = await f.Collateral.balanceOf(user.account);\n    (0, _chai.expect)(user.deposits[0].depositValue).to.equal(0);\n    (0, _chai.expect)(user.deposits[0].scaledDepositValue).to.equal(expectedValueFees.sub(expectedValueNoFees));\n    (0, _chai.expect)(user.totalScaledDepositValue).to.equal(expectedValueFees.sub(expectedValueNoFees));\n    (0, _chai.expect)(user.totalDepositValue).to.equal(0);\n    (0, _chai.expect)(balance).to.equal(depositAmount18Dec);\n}\nconst [assetInfo, stats, balance] = await Promise.all([\n    hre.Diamond.getAssetInfoSCDP(f.Collateral.address),\n    hre.Diamond.getStatisticsSCDP(),\n    f.Collateral.balanceOf(hre.Diamond.address)\n]);\n(0, _chai.expect)(balance).to.equal(fees);\n(0, _chai.expect)(assetInfo.depositAmount).to.equal(0);\n(0, _chai.expect)(assetInfo.depositValue).to.equal(0);\n(0, _chai.expect)(assetInfo.depositValueAdjusted).to.equal(0);\n(0, _chai.expect)(stats.collateralValue).to.equal(0);\n// Withdraw fees\nawait Promise.all(f.usersArr.map((signer)=>{\n    return (0, _redstone.wrapKresko)(hre.Diamond, signer).withdrawSCDP(signer.address, f.Collateral.address, depositAmount18Dec);\n}));\nfor (const data of (await hre.Diamond.getAccountInfosSCDP(f.usersArr.map((u)=>u.address), [\n    f.Collateral.address\n]))){\n    const balance = await f.Collateral.balanceOf(data.account);\n    (0, _chai.expect)(balance).to.equal(depositAmount18Dec.add(depositAmount18Dec));\n    (0, _chai.expect)(data.deposits[0].depositValue).to.equal(0);\n    (0, _chai.expect)(data.deposits[0].scaledDepositValue).to.equal(0);\n    (0, _chai.expect)(data.totalDepositValue).to.equal(0);\n    (0, _chai.expect)(data.totalScaledDepositValue).to.equal(0);\n}\n// nothing left in protocol.\nconst [colalteralBalanceKresko, assetInfoFinal] = await Promise.all([\n    f.Collateral.balanceOf(hre.Diamond.address),\n    hre.Diamond.getAssetInfoSCDP(f.Collateral.address)\n]);\n(0, _chai.expect)(colalteralBalanceKresko).to.equal(0);\n(0, _chai.expect)(assetInfoFinal.depositAmount).to.equal(0);\n(0, _chai.expect)(assetInfoFinal.depositValue).to.equal(0);\n(0, _chai.expect)(assetInfoFinal.depositValueAdjusted).to.equal(0);",
                      "err": {},
                      "uuid": "5cfab4ae-ee55-4fb1-b619-0eddf92ed65d",
                      "parentUUID": "00fb5c2d-ef37-43f3-8b18-03ee3e4ca945",
                      "isHook": false,
                      "skipped": false
                    }
                  ],
                  "suites": [],
                  "passes": [
                    "5cfab4ae-ee55-4fb1-b619-0eddf92ed65d"
                  ],
                  "failures": [],
                  "pending": [],
                  "skipped": [],
                  "duration": 3461,
                  "root": false,
                  "rootEmpty": false,
                  "_timeout": 30000
                },
                {
                  "uuid": "d4dde6a2-c0f5-43cd-bbcb-390d87a6be23",
                  "title": "#Swap",
                  "fullFile": "/Users/panukettunen/Projects/kresko-protocol/src/test/scdp/00-scdp.ts",
                  "file": "/src/test/scdp/00-scdp.ts",
                  "beforeHooks": [
                    {
                      "title": "\"before each\" hook in \"#Swap\"",
                      "fullTitle": "SCDP #Test #Swap \"before each\" hook in \"#Swap\"",
                      "timedOut": false,
                      "duration": 49,
                      "state": null,
                      "speed": null,
                      "pass": false,
                      "fail": false,
                      "pending": false,
                      "context": null,
                      "code": "await Promise.all(f.usersArr.map((signer)=>f.Collateral.setBalance(signer, (0, _values.toBig)(1_000_000))));\nawait f.KISS.setBalance(swapper, (0, _values.toBig)(10_000));\nawait f.KISS.setBalance(depositor, (0, _values.toBig)(10_000));\nawait KreskoDepositor.depositSCDP(depositor.address, f.KISS.address, depositAmount18Dec);",
                      "err": {},
                      "uuid": "52ab71ed-0b23-4b1b-bb92-72d52fc74cd1",
                      "parentUUID": "d4dde6a2-c0f5-43cd-bbcb-390d87a6be23",
                      "isHook": true,
                      "skipped": false
                    }
                  ],
                  "afterHooks": [],
                  "tests": [
                    {
                      "title": "should have collateral in pool",
                      "fullTitle": "SCDP #Test #Swap should have collateral in pool",
                      "timedOut": false,
                      "duration": 205,
                      "state": "passed",
                      "speed": "fast",
                      "pass": true,
                      "fail": false,
                      "pending": false,
                      "context": null,
                      "code": "const value = await hre.Diamond.getStatisticsSCDP();\n(0, _chai.expect)(value.collateralValue).to.equal((0, _values.toBig)(depositAmount, 8));\n(0, _chai.expect)(value.debtValue).to.equal(0);\n(0, _chai.expect)(value.cr).to.equal(0);",
                      "err": {},
                      "uuid": "2b0937b2-a503-4035-a57e-78625effa5d0",
                      "parentUUID": "d4dde6a2-c0f5-43cd-bbcb-390d87a6be23",
                      "isHook": false,
                      "skipped": false
                    },
                    {
                      "title": "should be able to preview a swap",
                      "fullTitle": "SCDP #Test #Swap should be able to preview a swap",
                      "timedOut": false,
                      "duration": 137,
                      "state": "passed",
                      "speed": "fast",
                      "pass": true,
                      "fail": false,
                      "pending": false,
                      "context": null,
                      "code": "const swapAmount = (0, _values.toBig)(1);\nconst assetInPrice = (0, _values.toBig)(ONE_USD, 8);\n(0, _chai.expect)(await f.KrAsset2.getPrice()).to.equal(KreskoAsset2Price.ebn(8));\nconst assetOutPrice = (0, _values.toBig)(KreskoAsset2Price, 8);\nconst feePercentage = FEE_KISS_KRASSET;\nconst feePercentageProtocol = 0.5e4;\nconst expectedTotalFee = swapAmount.percentMul(feePercentage);\nconst expectedProtocolFee = expectedTotalFee.percentMul(feePercentageProtocol);\nconst expectedFee = expectedTotalFee.sub(expectedProtocolFee);\nconst amountInAfterFees = swapAmount.sub(expectedTotalFee);\nconst expectedAmountOut = amountInAfterFees.wadMul(assetInPrice).wadDiv(assetOutPrice);\nconst [amountOut, feeAmount, feeAmountProtocol] = await hre.Diamond.previewSwapSCDP(f.KISS.address, f.KrAsset2.address, swapAmount);\n(0, _chai.expect)(amountOut).to.equal(expectedAmountOut);\n(0, _chai.expect)(feeAmount).to.equal(expectedFee);\n(0, _chai.expect)(feeAmountProtocol).to.equal(expectedProtocolFee);",
                      "err": {},
                      "uuid": "0af17ca1-656d-4db5-bcf7-000d9dd6b6a0",
                      "parentUUID": "d4dde6a2-c0f5-43cd-bbcb-390d87a6be23",
                      "isHook": false,
                      "skipped": false
                    },
                    {
                      "title": "should be able to swap, shared debt == 0 | swap collateral == 0",
                      "fullTitle": "SCDP #Test #Swap should be able to swap, shared debt == 0 | swap collateral == 0",
                      "timedOut": false,
                      "duration": 916,
                      "state": "passed",
                      "speed": "fast",
                      "pass": true,
                      "fail": false,
                      "pending": false,
                      "context": null,
                      "code": "const swapAmount = (0, _values.toBig)(ONE_USD); // $1\nconst kissInAfterFees = swapAmount.sub(swapAmount.percentMul(FEE_KISS_KRASSET));\nconst expectedAmountOut = kissInAfterFees.wadMul(ONE_USD.ebn(8)).wadDiv(KreskoAsset2Price.ebn(8));\nconst tx = await KreskoSwapper.swapSCDP(swapper.address, f.KISS.address, f.KrAsset2.address, swapAmount, 0);\nconst event = await (0, _events.getNamedEvent)(tx, \"Swap\");\n(0, _chai.expect)(event.args.who).to.equal(swapper.address);\n(0, _chai.expect)(event.args.assetIn).to.equal(f.KISS.address);\n(0, _chai.expect)(event.args.assetOut).to.equal(f.KrAsset2.address);\n(0, _chai.expect)(event.args.amountIn).to.equal(swapAmount);\n(0, _chai.expect)(event.args.amountOut).to.equal(expectedAmountOut);\nconst [KR2Balance, KISSBalance, swapperInfo, assetInfos, global] = await Promise.all([\n    f.KrAsset2.balanceOf(swapper.address),\n    f.KISS.balanceOf(swapper.address),\n    hre.Diamond.getAccountInfoSCDP(swapper.address, [\n        f.KrAsset2.address,\n        f.KISS.address\n    ]),\n    hre.Diamond.getAssetInfosSCDP([\n        f.KrAsset2.address,\n        f.KISS.address\n    ]),\n    hre.Diamond.getStatisticsSCDP()\n]);\n(0, _chai.expect)(KR2Balance).to.equal(expectedAmountOut);\n(0, _chai.expect)(KISSBalance).to.equal((0, _values.toBig)(10_000).sub(swapAmount));\n(0, _chai.expect)(swapperInfo.deposits[0].depositValue).to.equal(0);\n(0, _chai.expect)(swapperInfo.deposits[1].depositValue).to.equal(0);\n(0, _chai.expect)(assetInfos[0].debtAmount).to.equal(expectedAmountOut);\n(0, _chai.expect)(assetInfos[1].swapDeposits).to.equal(kissInAfterFees);\nconst expectedDepositValue = (0, _values.toBig)(depositAmount, 8).add(kissInAfterFees.wadMul(ONE_USD.ebn(8)));\n(0, _chai.expect)(assetInfos[1].depositValue).to.equal(expectedDepositValue);\n(0, _chai.expect)(assetInfos[0].debtValue).to.equal(expectedAmountOut.wadMul(KreskoAsset2Price.ebn(8)));\n(0, _chai.expect)(global.collateralValue).to.equal(expectedDepositValue);\n(0, _chai.expect)(global.debtValue).to.equal(expectedAmountOut.wadMul(KreskoAsset2Price.ebn(8)));\n(0, _chai.expect)(global.cr).to.equal(expectedDepositValue.percentDiv(expectedAmountOut.wadMul(KreskoAsset2Price.ebn(8))));",
                      "err": {},
                      "uuid": "7dc53b70-5078-4fa1-b22d-625cda69ff85",
                      "parentUUID": "d4dde6a2-c0f5-43cd-bbcb-390d87a6be23",
                      "isHook": false,
                      "skipped": false
                    },
                    {
                      "title": "should be able to swap, shared debt == assetsIn | swap collateral == assetsOut",
                      "fullTitle": "SCDP #Test #Swap should be able to swap, shared debt == assetsIn | swap collateral == assetsOut",
                      "timedOut": false,
                      "duration": 1196,
                      "state": "passed",
                      "speed": "fast",
                      "pass": true,
                      "fail": false,
                      "pending": false,
                      "context": null,
                      "code": "const swapAmount = (0, _values.toBig)(ONE_USD).mul(100); // $100\nconst swapAmountAsset = swapAmount.percentMul(1e4 - FEE_KISS_KRASSET).wadMul(ONE_USD.ebn(8)).wadDiv(KreskoAsset2Price.ebn(8));\nconst expectedKissOut = swapAmountAsset.percentMul(1e4 - FEE_KISS_KRASSET).wadMul(KreskoAsset2Price.ebn(8)).wadDiv(ONE_USD.ebn(8));\n// deposit some to kresko for minting first\nawait (0, _collaterals.depositCollateral)({\n    user: swapper,\n    asset: f.KISS,\n    amount: (0, _values.toBig)(100)\n});\nawait (0, _krassets.mintKrAsset)({\n    user: swapper,\n    asset: f.KrAsset2,\n    amount: (0, _values.toBig)(0.1)\n});\nconst globalBefore = await hre.Diamond.getStatisticsSCDP();\n(0, _chai.expect)(globalBefore.collateralValue).to.equal(initialDepositValue);\nawait KreskoSwapper.swapSCDP(swapper.address, f.KISS.address, f.KrAsset2.address, swapAmount, 0);\n// the swap that clears debt\nconst tx = await KreskoSwapper.swapSCDP(swapper.address, f.KrAsset2.address, f.KISS.address, swapAmountAsset, 0);\nconst [event, assetInfos] = await Promise.all([\n    (0, _events.getNamedEvent)(tx, \"Swap\"),\n    hre.Diamond.getAssetInfosSCDP([\n        f.KISS.address,\n        f.KrAsset2.address\n    ])\n]);\n(0, _chai.expect)(event.args.who).to.equal(swapper.address);\n(0, _chai.expect)(event.args.assetIn).to.equal(f.KrAsset2.address);\n(0, _chai.expect)(event.args.assetOut).to.equal(f.KISS.address);\n(0, _chai.expect)(event.args.amountIn).to.equal(swapAmountAsset);\n(0, _chai.expect)(event.args.amountOut).to.equal(expectedKissOut);\n(0, _chai.expect)(assetInfos[0].swapDeposits).to.equal(0);\n(0, _chai.expect)(assetInfos[0].depositValue).to.equal(initialDepositValue);\n(0, _chai.expect)(assetInfos[1].debtValue).to.equal(0);\n(0, _chai.expect)(assetInfos[1].debtAmount).to.equal(0);\nconst global = await hre.Diamond.getStatisticsSCDP();\n(0, _chai.expect)(global.collateralValue).to.equal((0, _values.toBig)(1000, 8));\n(0, _chai.expect)(global.debtValue).to.equal(0);\n(0, _chai.expect)(global.cr).to.equal(0);",
                      "err": {},
                      "uuid": "5b3734d6-77a1-4f19-8849-daecbf25ec3a",
                      "parentUUID": "d4dde6a2-c0f5-43cd-bbcb-390d87a6be23",
                      "isHook": false,
                      "skipped": false
                    },
                    {
                      "title": "should be able to swap, debt > assetsIn | swap deposits > assetsOut",
                      "fullTitle": "SCDP #Test #Swap should be able to swap, debt > assetsIn | swap deposits > assetsOut",
                      "timedOut": false,
                      "duration": 1280,
                      "state": "passed",
                      "speed": "fast",
                      "pass": true,
                      "fail": false,
                      "pending": false,
                      "context": null,
                      "code": "const swapAmount = (0, _values.toBig)(1); // $1\nconst swapValue = (0, _values.toBig)(1, 8);\nawait KreskoSwapper.swapSCDP(swapper.address, f.KISS.address, f.KrAsset2.address, swapAmount, 0);\nconst assetInfoKISS = await hre.Diamond.getAssetInfoSCDP(f.KISS.address);\nconst feeValueFirstSwap = swapValue.percentMul(FEE_KISS_KRASSET);\nconst valueInAfterFees = swapValue.sub(feeValueFirstSwap);\n(0, _chai.expect)(assetInfoKISS.depositValue).to.equal(depositValue.add(valueInAfterFees));\nconst expectedSwapDeposits = valueInAfterFees.num(8).ebn(18);\n(0, _chai.expect)(assetInfoKISS.swapDeposits).to.equal(expectedSwapDeposits);\nconst swapAmountSecond = (0, _values.toBig)(0.009); // this is $0.90, so less than $0.96 since we want to ensure debt > assetsIn | swap deposits > assetsOut\nconst swapValueSecond = swapAmountSecond.wadMul(KreskoAsset2Price.ebn(8));\nconst feeValueSecondSwap = swapValueSecond.sub(swapValueSecond.percentMul(FEE_KISS_KRASSET));\nconst expectedKissOut = feeValueSecondSwap.wadDiv(ONE_USD.ebn(8)); // 0.8685\nconst tx = await KreskoSwapper.swapSCDP(swapper.address, f.KrAsset2.address, f.KISS.address, swapAmountSecond, 0);\nconst event = await (0, _events.getNamedEvent)(tx, \"Swap\");\n(0, _chai.expect)(event.args.who).to.equal(swapper.address);\n(0, _chai.expect)(event.args.assetIn).to.equal(f.KrAsset2.address);\n(0, _chai.expect)(event.args.assetOut).to.equal(f.KISS.address);\n(0, _chai.expect)(event.args.amountIn).to.equal(swapAmountSecond);\n(0, _chai.expect)(event.args.amountOut).to.equal(expectedKissOut);\nconst [depositValueKR2, depositValueKISS, assetInfos, globals] = await Promise.all([\n    KreskoSwapper.getAccountDepositValueSCDP(swapper.address, f.KrAsset2.address),\n    KreskoSwapper.getAccountDepositValueSCDP(swapper.address, f.KISS.address),\n    hre.Diamond.getAssetInfosSCDP([\n        f.KISS.address,\n        f.KrAsset2.address\n    ]),\n    hre.Diamond.getStatisticsSCDP()\n]);\n(0, _chai.expect)(depositValueKR2).to.equal(0);\n(0, _chai.expect)(depositValueKISS).to.equal(0);\nconst expectedSwapDepositsAfter = expectedSwapDeposits.sub((0, _values.toBig)(0.9));\nconst expectedSwapDepositsValue = expectedSwapDepositsAfter.wadMul(assetInfoKISS.assetPrice);\n(0, _chai.expect)(assetInfos[0].swapDeposits).to.equal(expectedSwapDepositsAfter);\n(0, _chai.expect)(assetInfos[0].depositValue).to.equal((0, _values.toBig)(depositAmount, 8).add(expectedSwapDepositsValue));\n(0, _chai.expect)(assetInfos[1].debtValue).to.equal(expectedSwapDepositsValue);\nconst expectedDebtAfter = expectedSwapDepositsValue.wadDiv(await f.KrAsset2.getPrice());\n(0, _chai.expect)(assetInfos[0].debtAmount).to.equal(0);\n(0, _chai.expect)(assetInfos[1].debtAmount).to.equal(expectedDebtAfter);\nconst expectedCollateralValue = expectedSwapDepositsValue.add(depositAmount.ebn(8));\n(0, _chai.expect)(globals.collateralValue).to.equal(expectedCollateralValue); // swap deposits + collateral deposited\n(0, _chai.expect)(globals.debtValue).to.equal(expectedSwapDepositsValue); //\n(0, _chai.expect)(globals.cr).to.equal(expectedCollateralValue.percentDiv(expectedSwapDepositsValue));",
                      "err": {},
                      "uuid": "f5c11472-6839-45ad-820c-1f9d7921741a",
                      "parentUUID": "d4dde6a2-c0f5-43cd-bbcb-390d87a6be23",
                      "isHook": false,
                      "skipped": false
                    },
                    {
                      "title": "should be able to swap, debt < assetsIn | swap deposits < assetsOut",
                      "fullTitle": "SCDP #Test #Swap should be able to swap, debt < assetsIn | swap deposits < assetsOut",
                      "timedOut": false,
                      "duration": 1691,
                      "state": "passed",
                      "speed": "fast",
                      "pass": true,
                      "fail": false,
                      "pending": false,
                      "context": null,
                      "code": "const swapAmountKiss = (0, _values.toBig)(ONE_USD).mul(100); // $100\nconst swapAmountKrAsset = (0, _values.toBig)(2); // $200\nconst swapValue = 200;\nconst firstSwapFeeAmount = swapAmountKiss.percentMul(FEE_KISS_KRASSET);\nconst expectedKissOutSecondSwap = swapAmountKrAsset.sub(swapAmountKrAsset.percentMul(FEE_KISS_KRASSET)).wadMul(KreskoAsset2Price.ebn(8)).wadDiv(ONE_USD.ebn(8));\nconst krAssetOutFirstSwap = swapAmountKiss.sub(firstSwapFeeAmount).wadMul(ONE_USD.ebn(8)).wadDiv(KreskoAsset2Price.ebn(8));\nconst krAssetOutFirstSwapValue = krAssetOutFirstSwap.wadMul(KreskoAsset2Price.ebn(8));\n// deposit some to kresko for minting first\nawait (0, _collaterals.depositCollateral)({\n    user: swapper,\n    asset: f.KISS,\n    amount: (0, _values.toBig)(400)\n});\nconst ICDPMintAmount = (0, _values.toBig)(1.04);\nawait (0, _krassets.mintKrAsset)({\n    user: swapper,\n    asset: f.KrAsset2,\n    amount: ICDPMintAmount\n});\nawait KreskoSwapper.swapSCDP(swapper.address, f.KISS.address, f.KrAsset2.address, swapAmountKiss, 0);\nconst expectedSwapDeposits = swapAmountKiss.sub(firstSwapFeeAmount);\nconst stats = await hre.Diamond.getStatisticsSCDP();\n(0, _chai.expect)(await KreskoSwapper.getSwapDepositsSCDP(f.KISS.address)).to.equal(expectedSwapDeposits);\n(0, _chai.expect)(stats.collateralValue).to.be.eq(depositAmount.ebn().add(expectedSwapDeposits).wadMul(ONE_USD.ebn(8)));\n// the swap that matters, here user has 0.96 (previous swap) + 1.04 (mint). expecting 192 kiss from swap.\nconst [expectedAmountOut] = await KreskoSwapper.previewSwapSCDP(f.KrAsset2.address, f.KISS.address, swapAmountKrAsset);\n(0, _chai.expect)(expectedAmountOut).to.equal(expectedKissOutSecondSwap);\nconst tx = await KreskoSwapper.swapSCDP(swapper.address, f.KrAsset2.address, f.KISS.address, swapAmountKrAsset, 0);\nconst event = await (0, _events.getNamedEvent)(tx, \"Swap\");\n(0, _chai.expect)(event.args.who).to.equal(swapper.address);\n(0, _chai.expect)(event.args.assetIn).to.equal(f.KrAsset2.address);\n(0, _chai.expect)(event.args.assetOut).to.equal(f.KISS.address);\n(0, _chai.expect)(event.args.amountIn).to.equal(swapAmountKrAsset);\n(0, _chai.expect)(event.args.amountOut).to.equal(expectedKissOutSecondSwap);\nconst assetInfos = await hre.Diamond.getAssetInfosSCDP([\n    f.KISS.address,\n    f.KrAsset2.address\n]);\n// f.KISS deposits sent in swap\nconst acocuntPrincipalDepositsKISS = await KreskoSwapper.getAccountDepositSCDP(depositor.address, f.KISS.address);\n(0, _chai.expect)(assetInfos[0].swapDeposits).to.equal(0); // half of 2 krAsset\n(0, _chai.expect)(assetInfos[0].depositAmount).to.equal(acocuntPrincipalDepositsKISS);\n// KrAsset debt is cleared\n(0, _chai.expect)(assetInfos[1].debtValue).to.equal(0);\n(0, _chai.expect)(assetInfos[1].debtAmount).to.equal(0);\n// KISS debt is issued\nconst expectedKissDebtValue = (0, _values.toBig)(swapValue, 8).sub(krAssetOutFirstSwapValue);\n(0, _chai.expect)(assetInfos[0].debtValue).to.equal(expectedKissDebtValue);\n(0, _chai.expect)(assetInfos[0].debtAmount).to.equal(expectedKissDebtValue.wadDiv(ONE_USD.ebn(8)));\n// krAsset swap deposits\nconst expectedSwapDepositValue = (0, _values.toBig)(swapValue, 8).sub(krAssetOutFirstSwapValue);\n(0, _chai.expect)(assetInfos[1].swapDeposits).to.equal((0, _values.toBig)(2).sub(krAssetOutFirstSwap));\n(0, _chai.expect)(assetInfos[1].depositValue).to.equal(expectedSwapDepositValue); // asset price is $100\nconst global = await hre.Diamond.getStatisticsSCDP();\nconst expectedCollateralValue = (0, _values.toBig)(1000, 8).add(expectedSwapDepositValue);\n(0, _chai.expect)(global.collateralValue).to.equal(expectedCollateralValue);\n(0, _chai.expect)(global.debtValue).to.equal(expectedKissDebtValue);\n(0, _chai.expect)(global.cr).to.equal(expectedCollateralValue.percentDiv(expectedKissDebtValue));",
                      "err": {},
                      "uuid": "760aa9b6-4b69-4026-8f2a-e70f248b1ae8",
                      "parentUUID": "d4dde6a2-c0f5-43cd-bbcb-390d87a6be23",
                      "isHook": false,
                      "skipped": false
                    },
                    {
                      "title": "cumulates fees on swap",
                      "fullTitle": "SCDP #Test #Swap cumulates fees on swap",
                      "timedOut": false,
                      "duration": 899,
                      "state": "passed",
                      "speed": "fast",
                      "pass": true,
                      "fail": false,
                      "pending": false,
                      "context": null,
                      "code": "const depositAmountNew = (0, _values.toBig)(10000 - depositAmount);\nawait f.KISS.setBalance(depositor, depositAmountNew);\nawait KreskoDepositor.depositSCDP(depositor.address, f.KISS.address, depositAmountNew);\nconst swapAmount = (0, _values.toBig)(ONE_USD * 2600); // $1\nconst scaledDepositsStart = await KreskoSwapper.getAccountScaledDepositsSCDP(depositor.address, f.KISS.address);\nawait KreskoSwapper.swapSCDP(swapper.address, f.KISS.address, f.KrAsset2.address, swapAmount, 0);\nconst scaledDepositsAfterSwap = await KreskoSwapper.getAccountScaledDepositsSCDP(depositor.address, f.KISS.address);\n(0, _chai.expect)(scaledDepositsAfterSwap).to.gt(scaledDepositsStart);\nawait KreskoSwapper.swapSCDP(swapper.address, f.KrAsset2.address, f.KISS.address, f.KrAsset2.balanceOf(swapper.address), 0);\nconst scaledDepositsAfterSecondSwap = await KreskoSwapper.getAccountScaledDepositsSCDP(depositor.address, f.KISS.address);\n(0, _chai.expect)(scaledDepositsAfterSecondSwap).to.gt(scaledDepositsAfterSwap);\nconst feesGained = await KreskoSwapper.getAccountDepositFeesGainedSCDP(depositor.address, f.KISS.address);\nawait KreskoDepositor.withdrawSCDP(depositor.address, f.KISS.address, feesGained);\nconst [scaledDepositsAfter, feesAfter] = await Promise.all([\n    KreskoSwapper.getAccountScaledDepositsSCDP(depositor.address, f.KISS.address),\n    KreskoSwapper.getAccountDepositFeesGainedSCDP(depositor.address, f.KISS.address)\n]);\n(0, _chai.expect)(feesGained).to.eq(feesAfter);\n(0, _chai.expect)(scaledDepositsAfter).to.eq((0, _values.toBig)(10000));\nawait KreskoDepositor.withdrawSCDP(depositor.address, f.KISS.address, (0, _values.toBig)(10000));\nconst [depositsAfterFourth, feesAfterFourth] = await Promise.all([\n    KreskoSwapper.getAccountDepositValueSCDP(depositor.address, f.KISS.address),\n    KreskoSwapper.getAccountScaledDepositsSCDP(depositor.address, f.KISS.address)\n]);\n(0, _chai.expect)(depositsAfterFourth).to.eq(0);\n(0, _chai.expect)(feesAfterFourth).to.eq(0);",
                      "err": {},
                      "uuid": "78e9337a-8386-40cf-b7c0-21494e5a268c",
                      "parentUUID": "d4dde6a2-c0f5-43cd-bbcb-390d87a6be23",
                      "isHook": false,
                      "skipped": false
                    }
                  ],
                  "suites": [],
                  "passes": [
                    "2b0937b2-a503-4035-a57e-78625effa5d0",
                    "0af17ca1-656d-4db5-bcf7-000d9dd6b6a0",
                    "7dc53b70-5078-4fa1-b22d-625cda69ff85",
                    "5b3734d6-77a1-4f19-8849-daecbf25ec3a",
                    "f5c11472-6839-45ad-820c-1f9d7921741a",
                    "760aa9b6-4b69-4026-8f2a-e70f248b1ae8",
                    "78e9337a-8386-40cf-b7c0-21494e5a268c"
                  ],
                  "failures": [],
                  "pending": [],
                  "skipped": [],
                  "duration": 6324,
                  "root": false,
                  "rootEmpty": false,
                  "_timeout": 30000
                },
                {
                  "uuid": "1bd3d186-c970-47d9-883f-485dd3f09dc1",
                  "title": "#Liquidations",
                  "fullFile": "/Users/panukettunen/Projects/kresko-protocol/src/test/scdp/00-scdp.ts",
                  "file": "/src/test/scdp/00-scdp.ts",
                  "beforeHooks": [
                    {
                      "title": "\"before each\" hook in \"#Liquidations\"",
                      "fullTitle": "SCDP #Test #Liquidations \"before each\" hook in \"#Liquidations\"",
                      "timedOut": false,
                      "duration": 110,
                      "state": null,
                      "speed": null,
                      "pass": false,
                      "fail": false,
                      "pending": false,
                      "context": null,
                      "code": "for (const signer of f.usersArr){\n    await f.Collateral.setBalance(signer, (0, _values.toBig)(1_000_000));\n}\nawait f.KISS.setBalance(swapper, (0, _values.toBig)(10_000));\nawait f.KISS.setBalance(depositor2, (0, _values.toBig)(10_000));\nawait Promise.all([\n    KreskoDepositor.depositSCDP(depositor.address, f.Collateral.address, depositAmount18Dec),\n    KreskoDepositor.depositSCDP(depositor.address, f.Collateral8Dec.address, depositAmount8Dec),\n    KreskoDepositor2.depositSCDP(depositor2.address, f.KISS.address, depositAmount18Dec)\n]);",
                      "err": {},
                      "uuid": "fb9b7138-5c00-4984-9dbf-01a0703c83fa",
                      "parentUUID": "1bd3d186-c970-47d9-883f-485dd3f09dc1",
                      "isHook": true,
                      "skipped": false
                    }
                  ],
                  "afterHooks": [],
                  "tests": [
                    {
                      "title": "should identify if the pool is not underwater",
                      "fullTitle": "SCDP #Test #Liquidations should identify if the pool is not underwater",
                      "timedOut": false,
                      "duration": 476,
                      "state": "passed",
                      "speed": "fast",
                      "pass": true,
                      "fail": false,
                      "pending": false,
                      "context": null,
                      "code": "const swapAmount = (0, _values.toBig)(ONE_USD * 2600); // $1\nawait KreskoSwapper.swapSCDP(swapper.address, f.KISS.address, f.KrAsset2.address, swapAmount, 0);\n(0, _chai.expect)(await hre.Diamond.getLiquidatableSCDP()).to.be.false;",
                      "err": {},
                      "uuid": "808bab33-fb94-455f-8251-daf21a0b9e3d",
                      "parentUUID": "1bd3d186-c970-47d9-883f-485dd3f09dc1",
                      "isHook": false,
                      "skipped": false
                    },
                    {
                      "title": "should revert liquidations if the pool is not underwater",
                      "fullTitle": "SCDP #Test #Liquidations should revert liquidations if the pool is not underwater",
                      "timedOut": false,
                      "duration": 674,
                      "state": "passed",
                      "speed": "fast",
                      "pass": true,
                      "fail": false,
                      "pending": false,
                      "context": null,
                      "code": "const swapAmount = (0, _values.toBig)(ONE_USD * 2600); // $1\nawait KreskoSwapper.swapSCDP(swapper.address, f.KISS.address, f.KrAsset2.address, swapAmount, 0);\n(0, _chai.expect)(await hre.Diamond.getLiquidatableSCDP()).to.be.false;\nawait f.KrAsset2.setBalance(hre.users.liquidator, (0, _values.toBig)(1_000_000));\nawait (0, _chai.expect)(KreskoLiquidator.liquidateSCDP(f.KrAsset2.address, (0, _values.toBig)(7.7), f.Collateral8Dec.address)).to.be.revertedWithCustomError((0, _errors.CError)(hre), \"CANNOT_LIQUIDATE\");",
                      "err": {},
                      "uuid": "f4e62b65-0601-4978-bdad-1e073d932217",
                      "parentUUID": "1bd3d186-c970-47d9-883f-485dd3f09dc1",
                      "isHook": false,
                      "skipped": false
                    },
                    {
                      "title": "should identify if the pool is underwater",
                      "fullTitle": "SCDP #Test #Liquidations should identify if the pool is underwater",
                      "timedOut": false,
                      "duration": 743,
                      "state": "passed",
                      "speed": "fast",
                      "pass": true,
                      "fail": false,
                      "pending": false,
                      "context": null,
                      "code": "const swapAmount = (0, _values.toBig)(ONE_USD * 2600);\nawait KreskoSwapper.swapSCDP(swapper.address, f.KISS.address, f.KrAsset2.address, swapAmount, 0);\nf.Collateral.setPrice(collateralPrice / 1000);\nf.Collateral8Dec.setPrice(collateralPrice / 1000);\nconst [stats, params, liquidatable] = await Promise.all([\n    hre.Diamond.getStatisticsSCDP(),\n    hre.Diamond.getCurrentParametersSCDP(),\n    hre.Diamond.getLiquidatableSCDP()\n]);\n(0, _chai.expect)(stats.cr).to.be.lt(params.liquidationThreshold);\n(0, _chai.expect)(liquidatable).to.be.true;",
                      "err": {},
                      "uuid": "bb4b317c-e96a-4e49-bfac-a9032d4ee5b5",
                      "parentUUID": "1bd3d186-c970-47d9-883f-485dd3f09dc1",
                      "isHook": false,
                      "skipped": false
                    },
                    {
                      "title": "should allow liquidating the underwater pool",
                      "fullTitle": "SCDP #Test #Liquidations should allow liquidating the underwater pool",
                      "timedOut": false,
                      "duration": 2490,
                      "state": "passed",
                      "speed": "fast",
                      "pass": true,
                      "fail": false,
                      "pending": false,
                      "context": null,
                      "code": "const swapAmount = (0, _values.toBig)(ONE_USD * 2600);\nawait KreskoSwapper.swapSCDP(swapper.address, f.KISS.address, f.KrAsset2.address, swapAmount, 0);\nconst newKreskoAssetPrice = 500;\nf.KrAsset2.setPrice(newKreskoAssetPrice);\nconst [scdpParams, maxLiquidatable, krAssetPrice, statsBefore] = await Promise.all([\n    hre.Diamond.getCurrentParametersSCDP(),\n    hre.Diamond.getMaxLiqValueSCDP(f.KrAsset2.address, f.Collateral8Dec.address),\n    f.KrAsset2.getPrice(),\n    hre.Diamond.getStatisticsSCDP()\n]);\nconst repayAmount = maxLiquidatable.repayValue.wadDiv(krAssetPrice);\nawait f.KrAsset2.setBalance(hre.users.liquidator, repayAmount.add(1e18.toString()));\n(0, _chai.expect)(statsBefore.cr).to.lt(scdpParams.liquidationThreshold);\n(0, _chai.expect)(statsBefore.cr).to.gt(1e4);\nconst tx = await KreskoLiquidator.liquidateSCDP(f.KrAsset2.address, repayAmount, f.Collateral8Dec.address);\nconst [statsAfter, liquidatableAfter] = await Promise.all([\n    hre.Diamond.getStatisticsSCDP(),\n    hre.Diamond.getLiquidatableSCDP()\n]);\n(0, _chai.expect)(statsAfter.cr).to.gt(scdpParams.liquidationThreshold);\n(0, _chai.expect)(statsAfter.crDebtValueAdjusted).to.eq(2.01e4);\n(0, _chai.expect)(liquidatableAfter).to.eq(false);\nawait (0, _chai.expect)(KreskoLiquidator.liquidateSCDP(f.KrAsset2.address, repayAmount, f.Collateral8Dec.address)).to.be.revertedWithCustomError((0, _errors.CError)(hre), \"CANNOT_LIQUIDATE\");\nconst event = await (0, _events.getNamedEvent)(tx, \"SCDPLiquidationOccured\");\nconst expectedSeizeAmount = repayAmount.wadMul((0, _values.toBig)(newKreskoAssetPrice, 8)).percentMul(1.05e4).wadDiv((0, _values.toBig)(collateralPrice, 8)).div(10 ** 10);\n(0, _chai.expect)(event.args.liquidator).to.eq(hre.users.liquidator.address);\n(0, _chai.expect)(event.args.seizeAmount).to.eq(expectedSeizeAmount);\n(0, _chai.expect)(event.args.repayAmount).to.eq(repayAmount);\n(0, _chai.expect)(event.args.seizeCollateral).to.eq(f.Collateral8Dec.address);\n(0, _chai.expect)(event.args.repayKreskoAsset).to.eq(f.KrAsset2.address);\nconst expectedDepositsAfter = depositAmount8Dec.sub(event.args.seizeAmount);\n(0, _chai.expect)(expectedDepositsAfter).to.be.lt(depositAmount8Dec);\nconst [principalDeposits, depositsWithFees, params] = await Promise.all([\n    hre.Diamond.getAccountDepositSCDP(depositor.address, f.Collateral8Dec.address),\n    hre.Diamond.getAccountScaledDepositsSCDP(depositor.address, f.Collateral8Dec.address),\n    hre.Diamond.getCurrentParametersSCDP()\n]);\n(0, _chai.expect)(principalDeposits).to.eq(expectedDepositsAfter);\n(0, _chai.expect)(depositsWithFees).to.eq(expectedDepositsAfter);\nawait KreskoDepositor.depositSCDP(depositor.address, f.Collateral.address, depositAmount18Dec.mul(10));\nconst stats = await hre.Diamond.getStatisticsSCDP();\n(0, _chai.expect)(stats.cr).to.gt(params.minCollateralRatio);\nawait (0, _chai.expect)(KreskoDepositor.withdrawSCDP(depositor.address, f.Collateral8Dec.address, expectedDepositsAfter)).to.not.be.reverted;\nconst [principalEnd, depositsWithFeesEnd] = await Promise.all([\n    hre.Diamond.getAccountDepositSCDP(depositor.address, f.Collateral8Dec.address),\n    hre.Diamond.getAccountScaledDepositsSCDP(depositor.address, f.Collateral8Dec.address)\n]);\n(0, _chai.expect)(principalEnd).to.eq(0);\n(0, _chai.expect)(depositsWithFeesEnd).to.eq(0);",
                      "err": {},
                      "uuid": "f9c7ecb6-19c5-4d54-980a-330d0ce4cf78",
                      "parentUUID": "1bd3d186-c970-47d9-883f-485dd3f09dc1",
                      "isHook": false,
                      "skipped": false
                    }
                  ],
                  "suites": [],
                  "passes": [
                    "808bab33-fb94-455f-8251-daf21a0b9e3d",
                    "f4e62b65-0601-4978-bdad-1e073d932217",
                    "bb4b317c-e96a-4e49-bfac-a9032d4ee5b5",
                    "f9c7ecb6-19c5-4d54-980a-330d0ce4cf78"
                  ],
                  "failures": [],
                  "pending": [],
                  "skipped": [],
                  "duration": 4383,
                  "root": false,
                  "rootEmpty": false,
                  "_timeout": 30000
                },
                {
                  "uuid": "87e62218-9a25-4726-aca2-6446fed96680",
                  "title": "#Error",
                  "fullFile": "/Users/panukettunen/Projects/kresko-protocol/src/test/scdp/00-scdp.ts",
                  "file": "/src/test/scdp/00-scdp.ts",
                  "beforeHooks": [
                    {
                      "title": "\"before each\" hook in \"#Error\"",
                      "fullTitle": "SCDP #Test #Error \"before each\" hook in \"#Error\"",
                      "timedOut": false,
                      "duration": 75,
                      "state": null,
                      "speed": null,
                      "pass": false,
                      "fail": false,
                      "pending": false,
                      "context": null,
                      "code": "await Promise.all(f.usersArr.map((signer)=>f.Collateral.setBalance(signer, (0, _values.toBig)(1_000_000))));\nawait f.KISS.setBalance(swapper, (0, _values.toBig)(10_000));\nawait f.KISS.setBalance(depositor, _hardhat.ethers.BigNumber.from(1));\nawait Promise.all([\n    KreskoDepositor.depositSCDP(depositor.address, f.KISS.address, 1),\n    KreskoDepositor.depositSCDP(depositor.address, f.Collateral.address, depositAmount18Dec)\n]);",
                      "err": {},
                      "uuid": "889e0f42-f75c-430f-b995-6cfe59831eb2",
                      "parentUUID": "87e62218-9a25-4726-aca2-6446fed96680",
                      "isHook": true,
                      "skipped": false
                    }
                  ],
                  "afterHooks": [],
                  "tests": [
                    {
                      "title": "should revert depositing unsupported tokens",
                      "fullTitle": "SCDP #Test #Error should revert depositing unsupported tokens",
                      "timedOut": false,
                      "duration": 92,
                      "state": "passed",
                      "speed": "fast",
                      "pass": true,
                      "fail": false,
                      "pending": false,
                      "context": null,
                      "code": "const [UnsupportedToken] = await hre.deploy(\"MockERC20\", {\n    args: [\n        \"UnsupportedToken\",\n        \"UnsupportedToken\",\n        18,\n        (0, _values.toBig)(1)\n    ]\n});\nawait UnsupportedToken.approve(hre.Diamond.address, hre.ethers.constants.MaxUint256);\nconst { deployer } = await hre.getNamedAccounts();\nawait (0, _chai.expect)(hre.Diamond.depositSCDP(deployer, UnsupportedToken.address, 1)).to.be.revertedWithCustomError((0, _errors.CError)(hre), \"INVALID_DEPOSIT_ASSET\").withArgs(UnsupportedToken.address);",
                      "err": {},
                      "uuid": "7133495a-424d-4d4e-96b4-a4304fded4d0",
                      "parentUUID": "87e62218-9a25-4726-aca2-6446fed96680",
                      "isHook": false,
                      "skipped": false
                    },
                    {
                      "title": "should revert withdrawing without deposits",
                      "fullTitle": "SCDP #Test #Error should revert withdrawing without deposits",
                      "timedOut": false,
                      "duration": 36,
                      "state": "passed",
                      "speed": "fast",
                      "pass": true,
                      "fail": false,
                      "pending": false,
                      "context": null,
                      "code": "await (0, _chai.expect)(KreskoSwapper.withdrawSCDP(depositor.address, f.Collateral.address, 1)).to.be.revertedWithCustomError((0, _errors.CError)(hre), \"SCDP_WITHDRAWAL_VIOLATION\").withArgs(f.Collateral.address, 1, 0, 0);",
                      "err": {},
                      "uuid": "b1d03705-827b-4a2a-9c11-cd1f61c30db3",
                      "parentUUID": "87e62218-9a25-4726-aca2-6446fed96680",
                      "isHook": false,
                      "skipped": false
                    },
                    {
                      "title": "should revert withdrawals below MCR",
                      "fullTitle": "SCDP #Test #Error should revert withdrawals below MCR",
                      "timedOut": false,
                      "duration": 418,
                      "state": "passed",
                      "speed": "fast",
                      "pass": true,
                      "fail": false,
                      "pending": false,
                      "context": null,
                      "code": "const swapAmount = (0, _values.toBig)(ONE_USD).mul(1000); // $1000\nawait KreskoSwapper.swapSCDP(swapper.address, f.KISS.address, f.KrAsset2.address, swapAmount, 0); // generates the debt\nconst deposits = await KreskoSwapper.getAccountDepositSCDP(depositor.address, f.Collateral.address);\nawait (0, _chai.expect)(KreskoDepositor.withdrawSCDP(depositor.address, f.Collateral.address, deposits)).to.be.revertedWithCustomError((0, _errors.CError)(hre), \"DEBT_EXCEEDS_COLLATERAL\").withArgs(960e8, 4800e8, 5e4);",
                      "err": {},
                      "uuid": "66de886e-7630-407d-bc6d-42afa4e66b22",
                      "parentUUID": "87e62218-9a25-4726-aca2-6446fed96680",
                      "isHook": false,
                      "skipped": false
                    },
                    {
                      "title": "should revert withdrawals of swap owned collateral deposits",
                      "fullTitle": "SCDP #Test #Error should revert withdrawals of swap owned collateral deposits",
                      "timedOut": false,
                      "duration": 418,
                      "state": "passed",
                      "speed": "fast",
                      "pass": true,
                      "fail": false,
                      "pending": false,
                      "context": null,
                      "code": "const swapAmount = (0, _values.toBig)(1);\nawait f.KrAsset2.setBalance(swapper, swapAmount);\nawait KreskoSwapper.swapSCDP(swapper.address, f.KrAsset2.address, f.KISS.address, swapAmount, 0);\nconst deposits = await KreskoSwapper.getSwapDepositsSCDP(f.KrAsset2.address);\n(0, _chai.expect)(deposits).to.be.gt(0);\nawait (0, _chai.expect)(KreskoSwapper.withdrawSCDP(swapper.address, f.KrAsset2.address, deposits)).to.be.revertedWithCustomError((0, _errors.CError)(hre), \"SCDP_WITHDRAWAL_VIOLATION\").withArgs(f.KrAsset2.address, swapAmount, 0, 0);",
                      "err": {},
                      "uuid": "752bbb43-b3cd-43ac-b5e8-0b8f1ff6fc99",
                      "parentUUID": "87e62218-9a25-4726-aca2-6446fed96680",
                      "isHook": false,
                      "skipped": false
                    },
                    {
                      "title": "should revert swapping with price below minAmountOut",
                      "fullTitle": "SCDP #Test #Error should revert swapping with price below minAmountOut",
                      "timedOut": false,
                      "duration": 259,
                      "state": "passed",
                      "speed": "fast",
                      "pass": true,
                      "fail": false,
                      "pending": false,
                      "context": null,
                      "code": "const swapAmount = (0, _values.toBig)(1);\nawait f.KrAsset2.setBalance(swapper, swapAmount);\nconst [amountOut] = await KreskoSwapper.previewSwapSCDP(f.KrAsset2.address, f.KISS.address, swapAmount);\nawait (0, _chai.expect)(KreskoSwapper.swapSCDP(swapper.address, f.KrAsset2.address, f.KISS.address, swapAmount, amountOut.add(1))).to.be.revertedWithCustomError((0, _errors.CError)(hre), \"SWAP_SLIPPAGE\").withArgs(amountOut, amountOut.add(1));",
                      "err": {},
                      "uuid": "cdee3425-c343-4640-b2ac-ee5b9d926671",
                      "parentUUID": "87e62218-9a25-4726-aca2-6446fed96680",
                      "isHook": false,
                      "skipped": false
                    },
                    {
                      "title": "should revert swapping unsupported asset",
                      "fullTitle": "SCDP #Test #Error should revert swapping unsupported asset",
                      "timedOut": false,
                      "duration": 36,
                      "state": "passed",
                      "speed": "fast",
                      "pass": true,
                      "fail": false,
                      "pending": false,
                      "context": null,
                      "code": "const swapAmount = (0, _values.toBig)(1);\nawait f.KrAsset2.setBalance(swapper, swapAmount);\nawait (0, _chai.expect)(KreskoSwapper.swapSCDP(swapper.address, f.KrAsset2.address, f.Collateral.address, swapAmount, 0)).to.be.revertedWithCustomError((0, _errors.CError)(hre), \"INVALID_ASSET\").withArgs(f.Collateral.address);",
                      "err": {},
                      "uuid": "55ff7b66-af43-4809-8339-2d65a9fbea56",
                      "parentUUID": "87e62218-9a25-4726-aca2-6446fed96680",
                      "isHook": false,
                      "skipped": false
                    },
                    {
                      "title": "should revert swapping a disabled route",
                      "fullTitle": "SCDP #Test #Error should revert swapping a disabled route",
                      "timedOut": false,
                      "duration": 76,
                      "state": "passed",
                      "speed": "fast",
                      "pass": true,
                      "fail": false,
                      "pending": false,
                      "context": null,
                      "code": "const swapAmount = (0, _values.toBig)(1);\nawait f.KrAsset2.setBalance(swapper, swapAmount);\nawait hre.Diamond.setSwapPairsSingle({\n    assetIn: f.KrAsset2.address,\n    assetOut: f.KISS.address,\n    enabled: false\n});\nawait (0, _chai.expect)(KreskoSwapper.swapSCDP(swapper.address, f.KrAsset2.address, f.KISS.address, swapAmount, 0)).to.be.revertedWithCustomError((0, _errors.CError)(hre), \"SWAP_NOT_ENABLED\").withArgs(f.KrAsset2.address, f.KISS.address);",
                      "err": {},
                      "uuid": "639a8f14-4611-4866-9f0d-adf343e77bd3",
                      "parentUUID": "87e62218-9a25-4726-aca2-6446fed96680",
                      "isHook": false,
                      "skipped": false
                    },
                    {
                      "title": "should revert swapping causes CDP to go below MCR",
                      "fullTitle": "SCDP #Test #Error should revert swapping causes CDP to go below MCR",
                      "timedOut": false,
                      "duration": 310,
                      "state": "passed",
                      "speed": "fast",
                      "pass": true,
                      "fail": false,
                      "pending": false,
                      "context": null,
                      "code": "const swapAmount = (0, _values.toBig)(1_500_000);\nawait f.KrAsset2.setBalance(swapper, swapAmount);\nconst tx = KreskoSwapper.swapSCDP(swapper.address, f.KrAsset2.address, f.KISS.address, swapAmount, 0);\nawait (0, _chai.expect)(tx).to.be.revertedWithCustomError((0, _errors.CError)(hre), \"DEBT_EXCEEDS_COLLATERAL\").withArgs(\"15001000000000000\", \"75000000000000000\", 5e4);",
                      "err": {},
                      "uuid": "694cd215-9a56-4447-9395-767ebcf56904",
                      "parentUUID": "87e62218-9a25-4726-aca2-6446fed96680",
                      "isHook": false,
                      "skipped": false
                    }
                  ],
                  "suites": [],
                  "passes": [
                    "7133495a-424d-4d4e-96b4-a4304fded4d0",
                    "b1d03705-827b-4a2a-9c11-cd1f61c30db3",
                    "66de886e-7630-407d-bc6d-42afa4e66b22",
                    "752bbb43-b3cd-43ac-b5e8-0b8f1ff6fc99",
                    "cdee3425-c343-4640-b2ac-ee5b9d926671",
                    "55ff7b66-af43-4809-8339-2d65a9fbea56",
                    "639a8f14-4611-4866-9f0d-adf343e77bd3",
                    "694cd215-9a56-4447-9395-767ebcf56904"
                  ],
                  "failures": [],
                  "pending": [],
                  "skipped": [],
                  "duration": 1645,
                  "root": false,
                  "rootEmpty": false,
                  "_timeout": 30000
                }
              ],
              "passes": [],
              "failures": [],
              "pending": [],
              "skipped": [],
              "duration": 0,
              "root": false,
              "rootEmpty": false,
              "_timeout": 30000
            }
          ],
          "passes": [],
          "failures": [],
          "pending": [],
          "skipped": [],
          "duration": 0,
          "root": false,
          "rootEmpty": false,
          "_timeout": 30000
        }
      ],
      "passes": [],
      "failures": [],
      "pending": [],
      "skipped": [],
      "duration": 0,
      "root": true,
      "rootEmpty": true,
      "_timeout": 30000
    }
  ],
  "meta": {
    "mocha": {
      "version": "10.2.0"
    },
    "mochawesome": {
      "options": {
        "quiet": false,
        "reportFilename": "mochawesome",
        "saveHtml": true,
        "saveJson": true,
        "consoleReporter": "spec",
        "useInlineDiffs": false,
        "code": true
      },
      "version": "7.1.3"
    },
    "marge": {
      "options": null,
      "version": "6.2.0"
    }
  }
}