{
  "stats": {
    "suites": 81,
    "tests": 238,
    "passes": 231,
    "pending": 7,
    "failures": 0,
    "start": "2023-05-09T11:15:40.007Z",
    "end": "2023-05-09T11:17:11.247Z",
    "duration": 91240,
    "testsRegistered": 238,
    "passPercent": 100,
    "pendingPercent": 2.941176470588235,
    "other": 0,
    "hasOther": false,
    "skipped": 0,
    "hasSkipped": false
  },
  "results": [
    {
      "uuid": "3c7fbffb-2cfe-4749-a54e-1399cf1786e2",
      "title": "",
      "fullFile": "",
      "file": "",
      "beforeHooks": [],
      "afterHooks": [],
      "tests": [],
      "suites": [
        {
          "uuid": "21b3791f-0758-4e53-a1ec-537e7c1cc04e",
          "title": "Diamond",
          "fullFile": "/Users/panukettunen/Projects/kresko-protocol/src/test/diamond/00-init.ts",
          "file": "/src/test/diamond/00-init.ts",
          "beforeHooks": [
            {
              "title": "\"before each\" hook in \"Diamond\"",
              "fullTitle": "Diamond \"before each\" hook in \"Diamond\"",
              "timedOut": false,
              "duration": 17,
              "state": null,
              "speed": null,
              "pass": false,
              "fail": false,
              "pending": false,
              "context": null,
              "code": "const fixture = await hardhat_1.default.deployments.createFixture(async (hre) => {\n    const result = await hre.deployments.fixture(fixtureName);\n    if (result.Diamond) {\n        hre.Diamond = await hre.getContractOrFork(\"Kresko\");\n    }\n    return {\n        facets: result.Diamond ? result.Diamond.facets : [],\n        collaterals: hre.collaterals,\n        krAssets: hre.krAssets,\n    };\n})();\nthis.facets = fixture.facets || [];\nthis.collaterals = fixture.collaterals;\nthis.krAssets = fixture.krAssets;",
              "err": {},
              "uuid": "4ffd18b9-f20c-498c-9d9a-a1b95f174656",
              "parentUUID": "21b3791f-0758-4e53-a1ec-537e7c1cc04e",
              "isHook": true,
              "skipped": false
            }
          ],
          "afterHooks": [],
          "tests": [],
          "suites": [
            {
              "uuid": "ebc30a30-32ad-463c-a9ee-08de2f3a3dd5",
              "title": "#initialization",
              "fullFile": "/Users/panukettunen/Projects/kresko-protocol/src/test/diamond/00-init.ts",
              "file": "/src/test/diamond/00-init.ts",
              "beforeHooks": [],
              "afterHooks": [],
              "tests": [
                {
                  "title": "sets correct state",
                  "fullTitle": "Diamond #initialization sets correct state",
                  "timedOut": false,
                  "duration": 4,
                  "state": "passed",
                  "speed": "fast",
                  "pass": true,
                  "fail": false,
                  "pending": false,
                  "context": null,
                  "code": "(0, chai_1.expect)(await hardhat_1.default.Diamond.owner()).to.equal(hardhat_1.default.users.deployer.address);\n(0, chai_1.expect)(await hardhat_1.default.Diamond.initialized()).to.equal(true);",
                  "err": {},
                  "uuid": "17baa11f-9908-4759-bae8-9b95f7795d1b",
                  "parentUUID": "ebc30a30-32ad-463c-a9ee-08de2f3a3dd5",
                  "isHook": false,
                  "skipped": false
                },
                {
                  "title": "sets standard facet addresses",
                  "fullTitle": "Diamond #initialization sets standard facet addresses",
                  "timedOut": false,
                  "duration": 26,
                  "state": "passed",
                  "speed": "fast",
                  "pass": true,
                  "fail": false,
                  "pending": false,
                  "context": null,
                  "code": "const facetAddressesOnChain = (await hardhat_1.default.Diamond.facets()).map(f => f.facetAddress);\nconst facetAddressesArtifact = this.facets.map(f => f.facetAddress);\n(0, chai_1.expect)(facetAddressesOnChain.length).to.equal(facetAddressesArtifact.length);\n(0, chai_1.expect)(facetAddressesOnChain).to.have.members(facetAddressesArtifact);",
                  "err": {},
                  "uuid": "cb57d0bd-94b4-4f7d-ba28-44dade357b7e",
                  "parentUUID": "ebc30a30-32ad-463c-a9ee-08de2f3a3dd5",
                  "isHook": false,
                  "skipped": false
                },
                {
                  "title": "sets selectors of standard facets",
                  "fullTitle": "Diamond #initialization sets selectors of standard facets",
                  "timedOut": false,
                  "duration": 26,
                  "state": "passed",
                  "speed": "fast",
                  "pass": true,
                  "fail": false,
                  "pending": false,
                  "context": null,
                  "code": "const facetsSelectorsOnChain = (await hardhat_1.default.Diamond.facets()).flatMap(f => f.functionSelectors);\nconst facetSelectorsOnArtifact = this.facets.flatMap(f => f.functionSelectors);\n(0, chai_1.expect)(facetsSelectorsOnChain.length).to.equal(facetSelectorsOnArtifact.length);\n(0, chai_1.expect)(facetsSelectorsOnChain).to.have.members(facetSelectorsOnArtifact);",
                  "err": {},
                  "uuid": "f73733df-fa81-43f4-8ea7-ce6f3e013ae4",
                  "parentUUID": "ebc30a30-32ad-463c-a9ee-08de2f3a3dd5",
                  "isHook": false,
                  "skipped": false
                }
              ],
              "suites": [],
              "passes": [
                "17baa11f-9908-4759-bae8-9b95f7795d1b",
                "cb57d0bd-94b4-4f7d-ba28-44dade357b7e",
                "f73733df-fa81-43f4-8ea7-ce6f3e013ae4"
              ],
              "failures": [],
              "pending": [],
              "skipped": [],
              "duration": 56,
              "root": false,
              "rootEmpty": false,
              "_timeout": 15000
            }
          ],
          "passes": [],
          "failures": [],
          "pending": [],
          "skipped": [],
          "duration": 0,
          "root": false,
          "rootEmpty": false,
          "_timeout": 15000
        },
        {
          "uuid": "5a05d274-496a-4805-b145-695e6ebbb5a8",
          "title": "Diamond",
          "fullFile": "/Users/panukettunen/Projects/kresko-protocol/src/test/diamond/01-ownership.ts",
          "file": "/src/test/diamond/01-ownership.ts",
          "beforeHooks": [
            {
              "title": "\"before each\" hook in \"Diamond\"",
              "fullTitle": "Diamond \"before each\" hook in \"Diamond\"",
              "timedOut": false,
              "duration": 18,
              "state": null,
              "speed": null,
              "pass": false,
              "fail": false,
              "pending": false,
              "context": null,
              "code": "const fixture = await hardhat_1.default.deployments.createFixture(async (hre) => {\n    const result = await hre.deployments.fixture(fixtureName);\n    if (result.Diamond) {\n        hre.Diamond = await hre.getContractOrFork(\"Kresko\");\n    }\n    return {\n        facets: result.Diamond ? result.Diamond.facets : [],\n        collaterals: hre.collaterals,\n        krAssets: hre.krAssets,\n    };\n})();\nthis.facets = fixture.facets || [];\nthis.collaterals = fixture.collaterals;\nthis.krAssets = fixture.krAssets;",
              "err": {},
              "uuid": "efb242be-1033-4b2f-ad64-6c2c4ddc974f",
              "parentUUID": "5a05d274-496a-4805-b145-695e6ebbb5a8",
              "isHook": true,
              "skipped": false
            }
          ],
          "afterHooks": [],
          "tests": [],
          "suites": [
            {
              "uuid": "dbd78866-2f03-4b66-9986-613d30b923cb",
              "title": "#ownership",
              "fullFile": "/Users/panukettunen/Projects/kresko-protocol/src/test/diamond/01-ownership.ts",
              "file": "/src/test/diamond/01-ownership.ts",
              "beforeHooks": [],
              "afterHooks": [],
              "tests": [
                {
                  "title": "sets correct owner",
                  "fullTitle": "Diamond #ownership sets correct owner",
                  "timedOut": false,
                  "duration": 3,
                  "state": "passed",
                  "speed": "fast",
                  "pass": true,
                  "fail": false,
                  "pending": false,
                  "context": null,
                  "code": "(0, chai_1.expect)(await hardhat_1.default.Diamond.owner()).to.equal(hardhat_1.default.addr.deployer);",
                  "err": {},
                  "uuid": "274610f3-9a0f-447a-b592-e1fe9ef544c5",
                  "parentUUID": "dbd78866-2f03-4b66-9986-613d30b923cb",
                  "isHook": false,
                  "skipped": false
                },
                {
                  "title": "sets correct default admin role",
                  "fullTitle": "Diamond #ownership sets correct default admin role",
                  "timedOut": false,
                  "duration": 3,
                  "state": "passed",
                  "speed": "fast",
                  "pass": true,
                  "fail": false,
                  "pending": false,
                  "context": null,
                  "code": "(0, chai_1.expect)(await hardhat_1.default.Diamond.hasRole(test_1.Role.ADMIN, hardhat_1.default.addr.deployer)).to.equal(true);",
                  "err": {},
                  "uuid": "492e8954-d701-4d59-82b9-26474e388ce3",
                  "parentUUID": "dbd78866-2f03-4b66-9986-613d30b923cb",
                  "isHook": false,
                  "skipped": false
                },
                {
                  "title": "sets a new pending owner",
                  "fullTitle": "Diamond #ownership sets a new pending owner",
                  "timedOut": false,
                  "duration": 6,
                  "state": "passed",
                  "speed": "fast",
                  "pass": true,
                  "fail": false,
                  "pending": false,
                  "context": null,
                  "code": "const pendingOwner = hardhat_1.default.users.userOne;\nawait hardhat_1.default.Diamond.transferOwnership(pendingOwner.address);\n(0, chai_1.expect)(await hardhat_1.default.Diamond.pendingOwner()).to.equal(pendingOwner.address);",
                  "err": {},
                  "uuid": "ee341f55-05e5-40ea-9eb2-4df193182c67",
                  "parentUUID": "dbd78866-2f03-4b66-9986-613d30b923cb",
                  "isHook": false,
                  "skipped": false
                },
                {
                  "title": "sets the pending owner as new owner",
                  "fullTitle": "Diamond #ownership sets the pending owner as new owner",
                  "timedOut": false,
                  "duration": 14,
                  "state": "passed",
                  "speed": "fast",
                  "pass": true,
                  "fail": false,
                  "pending": false,
                  "context": null,
                  "code": "const pendingOwner = hardhat_1.default.users.userOne;\nawait hardhat_1.default.Diamond.transferOwnership(pendingOwner.address);\nawait hardhat_1.default.Diamond.connect(pendingOwner).acceptOwnership();\n(0, chai_1.expect)(await hardhat_1.default.Diamond.owner()).to.equal(pendingOwner.address);",
                  "err": {},
                  "uuid": "1db77046-3f5c-44cd-a1c9-45172d9dfc13",
                  "parentUUID": "dbd78866-2f03-4b66-9986-613d30b923cb",
                  "isHook": false,
                  "skipped": false
                }
              ],
              "suites": [],
              "passes": [
                "274610f3-9a0f-447a-b592-e1fe9ef544c5",
                "492e8954-d701-4d59-82b9-26474e388ce3",
                "ee341f55-05e5-40ea-9eb2-4df193182c67",
                "1db77046-3f5c-44cd-a1c9-45172d9dfc13"
              ],
              "failures": [],
              "pending": [],
              "skipped": [],
              "duration": 26,
              "root": false,
              "rootEmpty": false,
              "_timeout": 15000
            }
          ],
          "passes": [],
          "failures": [],
          "pending": [],
          "skipped": [],
          "duration": 0,
          "root": false,
          "rootEmpty": false,
          "_timeout": 15000
        },
        {
          "uuid": "bf20f233-2a95-4118-a282-fdb910ff8b78",
          "title": "Diamond",
          "fullFile": "/Users/panukettunen/Projects/kresko-protocol/src/test/diamond/02-upgrades.ts",
          "file": "/src/test/diamond/02-upgrades.ts",
          "beforeHooks": [
            {
              "title": "\"before each\" hook in \"Diamond\"",
              "fullTitle": "Diamond \"before each\" hook in \"Diamond\"",
              "timedOut": false,
              "duration": 19,
              "state": null,
              "speed": null,
              "pass": false,
              "fail": false,
              "pending": false,
              "context": null,
              "code": "const fixture = await hardhat_1.default.deployments.createFixture(async (hre) => {\n    const result = await hre.deployments.fixture(fixtureName);\n    if (result.Diamond) {\n        hre.Diamond = await hre.getContractOrFork(\"Kresko\");\n    }\n    return {\n        facets: result.Diamond ? result.Diamond.facets : [],\n        collaterals: hre.collaterals,\n        krAssets: hre.krAssets,\n    };\n})();\nthis.facets = fixture.facets || [];\nthis.collaterals = fixture.collaterals;\nthis.krAssets = fixture.krAssets;",
              "err": {},
              "uuid": "fbd033b0-6d43-4e51-88ed-1de6598089a5",
              "parentUUID": "bf20f233-2a95-4118-a282-fdb910ff8b78",
              "isHook": true,
              "skipped": false
            }
          ],
          "afterHooks": [],
          "tests": [],
          "suites": [
            {
              "uuid": "91ab9a72-8f99-4a40-a635-d13c80c115fd",
              "title": "#upgrades",
              "fullFile": "/Users/panukettunen/Projects/kresko-protocol/src/test/diamond/02-upgrades.ts",
              "file": "/src/test/diamond/02-upgrades.ts",
              "beforeHooks": [],
              "afterHooks": [],
              "tests": [
                {
                  "title": "can add a new facet",
                  "fullTitle": "Diamond #upgrades can add a new facet",
                  "timedOut": false,
                  "duration": 672,
                  "state": "passed",
                  "speed": "slow",
                  "pass": true,
                  "fail": false,
                  "pending": false,
                  "context": null,
                  "code": "const Factory = await smock_1.smock.mock(\"SmockFacet\");\nconst SmockFacet = await Factory.deploy();\nconst [SmockInitializer] = await hardhat_1.default.deploy(\"SmockInit\");\nconst signatures = hardhat_1.default.getSignatures([...typechain_1.SmockFacet__factory.abi]);\nconst Cut = {\n    facetAddress: SmockFacet.address,\n    functionSelectors: signatures,\n    action: types_1.FacetCutAction.Add,\n};\nconst initData = await SmockInitializer.populateTransaction.initialize(hardhat_1.default.addr.userOne);\nawait hardhat_1.default.Diamond.diamondCut([Cut], initData.to, initData.data);\nconst TEST_OPERATOR_ROLE = hardhat_1.default.ethers.utils.id(\"kresko.test.operator\");\nconst isTestOperator = await hardhat_1.default.Diamond.hasRole(TEST_OPERATOR_ROLE, hardhat_1.default.addr.userOne);\n// Succesfully added the new operator through the initialization contract\n(0, chai_1.expect)(isTestOperator).to.equal(true);\nconst Facet = await hardhat_1.default.ethers.getContractAt([...typechain_1.SmockFacet__factory.abi], hardhat_1.default.Diamond.address);\n// Ensure facet has it's own storage\nconst operatorFromNewStorage = await Facet.operator(); // Retrieved from SmockStorage\n(0, chai_1.expect)(operatorFromNewStorage).to.equal(hardhat_1.default.addr.userOne);",
                  "err": {},
                  "uuid": "8f99687f-3182-4653-87b9-642745895e77",
                  "parentUUID": "91ab9a72-8f99-4a40-a635-d13c80c115fd",
                  "isHook": false,
                  "skipped": false
                },
                {
                  "title": "can remove a facet",
                  "fullTitle": "Diamond #upgrades can remove a facet",
                  "timedOut": false,
                  "duration": 354,
                  "state": "passed",
                  "speed": "slow",
                  "pass": true,
                  "fail": false,
                  "pending": false,
                  "context": null,
                  "code": "const NewFacet = await (0, add_facet_1.addFacet)({\n    name: \"SmockFacet\",\n    initializerName: \"SmockInit\",\n    initializerArgs: hardhat_1.default.addr.userOne,\n});\nconst facetsBefore = await hardhat_1.default.Diamond.facets();\n(0, chai_1.expect)(facetsBefore.filter(f => f.facetAddress === NewFacet.address).length).to.equal(1);\nawait (0, remove_facet_1.removeFacet)({ name: \"SmockFacet\" });\nconst facetsAfter = await hardhat_1.default.Diamond.facets();\n(0, chai_1.expect)(facetsBefore.length - facetsAfter.length).to.equal(1);\n(0, chai_1.expect)(facetsAfter).to.not.deep.contain(NewFacet.address);",
                  "err": {},
                  "uuid": "991698ad-2304-4b15-b1c8-48539b09d655",
                  "parentUUID": "91ab9a72-8f99-4a40-a635-d13c80c115fd",
                  "isHook": false,
                  "skipped": false
                },
                {
                  "title": "can remove a function",
                  "fullTitle": "Diamond #upgrades can remove a function",
                  "timedOut": false,
                  "duration": 37,
                  "state": "passed",
                  "speed": "fast",
                  "pass": true,
                  "fail": false,
                  "pending": false,
                  "context": null,
                  "code": "// Delete acceptOwnership from DiamondOwnershipFacet\n// Check there is no pending owner\nlet pendingOwner = await hardhat_1.default.Diamond.pendingOwner();\n(0, chai_1.expect)(pendingOwner).to.equal(hardhat_1.default.ethers.constants.AddressZero);\n// Transfer to eg. wrong address\nconst wrongOwner = hardhat_1.default.addr.nonadmin;\nawait hardhat_1.default.Diamond.transferOwnership(wrongOwner);\n// Ensure\npendingOwner = await hardhat_1.default.Diamond.pendingOwner();\n(0, chai_1.expect)(pendingOwner).to.equal(wrongOwner);\n// Fragment and signature for acceptOwnersip\nconst functionFragment = hardhat_1.default.Diamond.interface.functions[\"acceptOwnership()\"];\nconst signature = hardhat_1.default.ethers.utils.Interface.getSighash(functionFragment);\nconst facetAddress = await hardhat_1.default.Diamond.facetAddress(signature);\nconst functions = await hardhat_1.default.Diamond.facetFunctionSelectors(facetAddress);\nconst Cut = {\n    facetAddress: hardhat_1.default.ethers.constants.AddressZero,\n    action: types_1.FacetCutAction.Remove,\n    functionSelectors: [signature],\n};\n// We will set a correct owner with delegatecall into the Diamond itself with the cut transaction\nconst correctOwner = hardhat_1.default.addr.userOne;\nconst initData = await hardhat_1.default.Diamond.populateTransaction.transferOwnership(correctOwner);\nconst tx = await hardhat_1.default.Diamond.diamondCut([Cut], initData.to, initData.data);\nawait tx.wait();\n// Ensure rest of the functions remain\nconst functionsAfterCut = await hardhat_1.default.Diamond.facetFunctionSelectors(facetAddress);\n(0, chai_1.expect)(functionsAfterCut.length).to.equal(functions.length - 1);\n// Ensure delegatecall did set the correct pending owner with the cut\nconst filter = hardhat_1.default.Diamond.filters[\"PendingOwnershipTransfer(address,address)\"](hardhat_1.default.addr.deployer, correctOwner);\nconst [event] = await hardhat_1.default.Diamond.queryFilter(filter);\nconst { previousOwner, newOwner } = event.args;\n(0, chai_1.expect)(previousOwner).to.equal(hardhat_1.default.addr.deployer);\n(0, chai_1.expect)(newOwner).to.equal(correctOwner);\n// Ensure there is no function to accept the ownership\nawait (0, chai_1.expect)(hardhat_1.default.Diamond.connect(hardhat_1.default.users.nonadmin).acceptOwnership()).to.be.revertedWith(test_1.Error.DIAMOND_INVALID_FUNCTION_SIGNATURE);",
                  "err": {},
                  "uuid": "a755d99b-3f2e-4bb0-ab22-097a1c865a90",
                  "parentUUID": "91ab9a72-8f99-4a40-a635-d13c80c115fd",
                  "isHook": false,
                  "skipped": false
                },
                {
                  "title": "can replace a function",
                  "fullTitle": "Diamond #upgrades can replace a function",
                  "timedOut": false,
                  "duration": 96,
                  "state": "passed",
                  "speed": "slow",
                  "pass": true,
                  "fail": false,
                  "pending": false,
                  "context": null,
                  "code": "// Same as above but instead replace the function\n// Check there is no pending owner\nlet pendingOwner = await hardhat_1.default.Diamond.pendingOwner();\n(0, chai_1.expect)(pendingOwner).to.equal(hardhat_1.default.ethers.constants.AddressZero);\n// Transfer to eg. wrong address\nconst wrongOwner = hardhat_1.default.addr.nonadmin;\nawait hardhat_1.default.Diamond.transferOwnership(wrongOwner);\n// Ensure\npendingOwner = await hardhat_1.default.Diamond.pendingOwner();\n(0, chai_1.expect)(pendingOwner).to.equal(wrongOwner);\n// Fragment and signature for acceptOwnersip\nconst functionFragment = hardhat_1.default.Diamond.interface.functions[\"acceptOwnership()\"];\nconst signature = hardhat_1.default.ethers.utils.Interface.getSighash(functionFragment);\nconst OldOwnershipFacet = await hardhat_1.default.Diamond.facetAddress(signature);\nconst [NewOwnershipFacet, allOwnershipFacetSignatures] = await hardhat_1.default.deploy(\"DiamondOwnershipFacet\", {\n    deploymentName: \"DiamondOwnershipFacet2\",\n});\n// Only replace a single function, we could replace all of them\nconst Cut = {\n    facetAddress: NewOwnershipFacet.address,\n    action: types_1.FacetCutAction.Replace,\n    functionSelectors: [signature],\n};\n// We will set a correct owner with delegatecall into the Diamond itself with the cut transaction\nconst correctOwner = hardhat_1.default.addr.userOne;\nconst initData = await hardhat_1.default.Diamond.populateTransaction.transferOwnership(correctOwner);\nconst tx = await hardhat_1.default.Diamond.diamondCut([Cut], initData.to, initData.data);\nawait tx.wait();\n// Ensure function exists and revert is for invalid address instead of missing function\nawait (0, chai_1.expect)(hardhat_1.default.Diamond.connect(hardhat_1.default.users.nonadmin).acceptOwnership()).to.be.revertedWith(test_1.Error.DIAMOND_INVALID_PENDING_OWNER);\n// Ensure one function is contained in the new facet\nconst functionsNewFacet = await hardhat_1.default.Diamond.facetFunctionSelectors(NewOwnershipFacet.address);\n(0, chai_1.expect)(functionsNewFacet.length).to.equal(1);\n(0, chai_1.expect)(functionsNewFacet).to.have.members([signature]);\n// Ensure rest are in the previous one\nconst functionsOldFacet = await hardhat_1.default.Diamond.facetFunctionSelectors(OldOwnershipFacet);\n(0, chai_1.expect)(functionsOldFacet).to.not.have.members([signature]);\n(0, chai_1.expect)(functionsOldFacet.length).to.equal(allOwnershipFacetSignatures.length - 1);\n// Ensure correct owner can now accept the ownership\n(0, chai_1.expect)(hardhat_1.default.Diamond.connect(hardhat_1.default.users.userOne).acceptOwnership());\nconst currentOwner = await hardhat_1.default.Diamond.owner();\n(0, chai_1.expect)(currentOwner).to.equal(correctOwner);",
                  "err": {},
                  "uuid": "f5885016-dc5c-4e87-8771-477626ee4b36",
                  "parentUUID": "91ab9a72-8f99-4a40-a635-d13c80c115fd",
                  "isHook": false,
                  "skipped": false
                },
                {
                  "title": "can upgrade state",
                  "fullTitle": "Diamond #upgrades can upgrade state",
                  "timedOut": false,
                  "duration": 520,
                  "state": "passed",
                  "speed": "slow",
                  "pass": true,
                  "fail": false,
                  "pending": false,
                  "context": null,
                  "code": "(0, chai_1.expect)(await hardhat_1.default.Diamond.initialized()).to.equal(true);\nconst Factory = await smock_1.smock.mock(\"SmockInit\");\nconst SmockInit = await Factory.deploy();\nconst tx = await SmockInit.populateTransaction.upgradeState();\nawait hardhat_1.default.Diamond.upgradeState(tx.to, tx.data);\n(0, chai_1.expect)(await hardhat_1.default.Diamond.initialized()).to.equal(false);",
                  "err": {},
                  "uuid": "6365ce7f-e80d-4531-9af2-23e7451f9a3c",
                  "parentUUID": "91ab9a72-8f99-4a40-a635-d13c80c115fd",
                  "isHook": false,
                  "skipped": false
                },
                {
                  "title": "can preserve old state when extending storage layout",
                  "fullTitle": "Diamond #upgrades can preserve old state when extending storage layout",
                  "timedOut": false,
                  "duration": 1037,
                  "state": "passed",
                  "speed": "slow",
                  "pass": true,
                  "fail": false,
                  "pending": false,
                  "context": null,
                  "code": "(0, chai_1.expect)(await hardhat_1.default.Diamond.initialized()).to.equal(true);\n// Add the first facet\nconst Factory = await smock_1.smock.mock(\"SmockFacet\");\nconst SmockFacet = await Factory.deploy();\nconst [SmockInitializer] = await hardhat_1.default.deploy(\"SmockInit\");\nconst signatures = hardhat_1.default.getSignatures([...typechain_1.SmockFacet__factory.abi]);\nconst Cut = {\n    facetAddress: SmockFacet.address,\n    functionSelectors: signatures,\n    action: types_1.FacetCutAction.Add,\n};\nconst initData = await SmockInitializer.populateTransaction.initialize(hardhat_1.default.addr.userOne);\nawait hardhat_1.default.Diamond.diamondCut([Cut], initData.to, initData.data);\nconst Diamond = await hardhat_1.default.ethers.getContractAt(\"SmockFacet\", hardhat_1.default.Diamond.address);\nconst isInitialized = await Diamond.smockInitialized();\n(0, chai_1.expect)(isInitialized).to.equal(true);\n// Add facet with extended state\n// Add the first facet\nconst Factory2 = await smock_1.smock.mock(\"SmockFacet2\");\nconst SmockFacet2 = await Factory2.deploy();\nconst signatures2 = hardhat_1.default.getSignatures([...typechain_1.SmockFacet2__factory.abi]);\nconst Cut2 = {\n    facetAddress: SmockFacet2.address,\n    functionSelectors: signatures2,\n    action: types_1.FacetCutAction.Add,\n};\n// Initializer only sets the new extended value, does not touch old storage\nconst initData2 = await SmockFacet2.populateTransaction.initialize();\nawait hardhat_1.default.Diamond.diamondCut([Cut2], initData2.to, initData2.data);\n// Here we have appended the storage layout with the `extended` bool property.\nconst DiamondExtended = await hardhat_1.default.ethers.getContractAt(\"SmockFacet2\", hardhat_1.default.Diamond.address);\nconst initializedAfterExtend = await DiamondExtended.getOldStructValueFromExtended();\nconst extendedValue = await DiamondExtended.getNewStructValueFromExtended();\n// Old values remain\n(0, chai_1.expect)(initializedAfterExtend).to.equal(true);\n// And we get new ones\n(0, chai_1.expect)(extendedValue).to.equal(true);",
                  "err": {},
                  "uuid": "bd3f145b-1dd9-42bd-ab9a-380535f47bad",
                  "parentUUID": "91ab9a72-8f99-4a40-a635-d13c80c115fd",
                  "isHook": false,
                  "skipped": false
                }
              ],
              "suites": [],
              "passes": [
                "8f99687f-3182-4653-87b9-642745895e77",
                "991698ad-2304-4b15-b1c8-48539b09d655",
                "a755d99b-3f2e-4bb0-ab22-097a1c865a90",
                "f5885016-dc5c-4e87-8771-477626ee4b36",
                "6365ce7f-e80d-4531-9af2-23e7451f9a3c",
                "bd3f145b-1dd9-42bd-ab9a-380535f47bad"
              ],
              "failures": [],
              "pending": [],
              "skipped": [],
              "duration": 2716,
              "root": false,
              "rootEmpty": false,
              "_timeout": 15000
            }
          ],
          "passes": [],
          "failures": [],
          "pending": [],
          "skipped": [],
          "duration": 0,
          "root": false,
          "rootEmpty": false,
          "_timeout": 15000
        },
        {
          "uuid": "2faccc44-07dc-4c89-94ad-98653e3eda5a",
          "title": "Forking",
          "fullFile": "/Users/panukettunen/Projects/kresko-protocol/src/test/forking/00-setup.ts",
          "file": "/src/test/forking/00-setup.ts",
          "beforeHooks": [],
          "afterHooks": [],
          "tests": [],
          "suites": [
            {
              "uuid": "bb4df167-e9f8-4464-9143-75c90f472282",
              "title": "#setup",
              "fullFile": "/Users/panukettunen/Projects/kresko-protocol/src/test/forking/00-setup.ts",
              "file": "/src/test/forking/00-setup.ts",
              "beforeHooks": [],
              "afterHooks": [],
              "tests": [
                {
                  "title": "should get Kresko from the companion network locally",
                  "fullTitle": "Forking #setup should get Kresko from the companion network locally",
                  "timedOut": false,
                  "duration": 0,
                  "state": "pending",
                  "speed": null,
                  "pass": false,
                  "fail": false,
                  "pending": true,
                  "context": null,
                  "code": "",
                  "err": {},
                  "uuid": "9b869e3e-5393-4621-bc46-5e20462dba26",
                  "parentUUID": "bb4df167-e9f8-4464-9143-75c90f472282",
                  "isHook": false,
                  "skipped": false
                }
              ],
              "suites": [],
              "passes": [],
              "failures": [],
              "pending": [
                "9b869e3e-5393-4621-bc46-5e20462dba26"
              ],
              "skipped": [],
              "duration": 0,
              "root": false,
              "rootEmpty": false,
              "_timeout": 15000
            },
            {
              "uuid": "2ffc5c60-743e-4186-82b5-443971ec7f4f",
              "title": "#rate-upgrade-11-04-2023",
              "fullFile": "/Users/panukettunen/Projects/kresko-protocol/src/test/forking/00-setup.ts",
              "file": "/src/test/forking/00-setup.ts",
              "beforeHooks": [],
              "afterHooks": [],
              "tests": [
                {
                  "title": "should be able to deploy facets",
                  "fullTitle": "Forking #rate-upgrade-11-04-2023 should be able to deploy facets",
                  "timedOut": false,
                  "duration": 0,
                  "state": "pending",
                  "speed": null,
                  "pass": false,
                  "fail": false,
                  "pending": true,
                  "context": null,
                  "code": "",
                  "err": {},
                  "uuid": "a4225769-72bd-465d-b098-2d26262d644d",
                  "parentUUID": "2ffc5c60-743e-4186-82b5-443971ec7f4f",
                  "isHook": false,
                  "skipped": false
                }
              ],
              "suites": [],
              "passes": [],
              "failures": [],
              "pending": [
                "a4225769-72bd-465d-b098-2d26262d644d"
              ],
              "skipped": [],
              "duration": 0,
              "root": false,
              "rootEmpty": false,
              "_timeout": 15000
            }
          ],
          "passes": [],
          "failures": [],
          "pending": [],
          "skipped": [],
          "duration": 0,
          "root": false,
          "rootEmpty": false,
          "_timeout": 15000
        },
        {
          "uuid": "37f57cdb-cc82-46d5-8d4b-43884bff0fa7",
          "title": "KreskoAsset",
          "fullFile": "/Users/panukettunen/Projects/kresko-protocol/src/test/krasset/00-init.ts",
          "file": "/src/test/krasset/00-init.ts",
          "beforeHooks": [
            {
              "title": "\"before each\" hook in \"KreskoAsset\"",
              "fullTitle": "KreskoAsset \"before each\" hook in \"KreskoAsset\"",
              "timedOut": false,
              "duration": 17,
              "state": null,
              "speed": null,
              "pass": false,
              "fail": false,
              "pending": false,
              "context": null,
              "code": "const fixture = await hardhat_1.default.deployments.createFixture(async (hre) => {\n    const result = await hre.deployments.fixture(fixtureName);\n    if (result.Diamond) {\n        hre.Diamond = await hre.getContractOrFork(\"Kresko\");\n    }\n    return {\n        facets: result.Diamond ? result.Diamond.facets : [],\n        collaterals: hre.collaterals,\n        krAssets: hre.krAssets,\n    };\n})();\nthis.facets = fixture.facets || [];\nthis.collaterals = fixture.collaterals;\nthis.krAssets = fixture.krAssets;",
              "err": {},
              "uuid": "abc2c140-7679-4253-8812-2962770eaeb1",
              "parentUUID": "37f57cdb-cc82-46d5-8d4b-43884bff0fa7",
              "isHook": true,
              "skipped": false
            }
          ],
          "afterHooks": [],
          "tests": [],
          "suites": [
            {
              "uuid": "4247f9a1-d673-47b7-899e-ab364ed088fb",
              "title": "#initialization - anchor",
              "fullFile": "/Users/panukettunen/Projects/kresko-protocol/src/test/krasset/00-init.ts",
              "file": "/src/test/krasset/00-init.ts",
              "beforeHooks": [
                {
                  "title": "\"before each\" hook in \"#initialization - anchor\"",
                  "fullTitle": "KreskoAsset #initialization - anchor \"before each\" hook in \"#initialization - anchor\"",
                  "timedOut": false,
                  "duration": 0,
                  "state": null,
                  "speed": null,
                  "pass": false,
                  "fail": false,
                  "pending": false,
                  "context": null,
                  "code": "const deployment = this.krAssets.find(k => k.deployArgs.name === name);\nKreskoAsset = deployment.contract;\nKreskoAssetAnchor = deployment.anchor;",
                  "err": {},
                  "uuid": "a17ea387-fd0e-40ab-96f8-dade13465a3f",
                  "parentUUID": "4247f9a1-d673-47b7-899e-ab364ed088fb",
                  "isHook": true,
                  "skipped": false
                }
              ],
              "afterHooks": [],
              "tests": [
                {
                  "title": "cant initialize twice",
                  "fullTitle": "KreskoAsset #initialization - anchor cant initialize twice",
                  "timedOut": false,
                  "duration": 34,
                  "state": "passed",
                  "speed": "fast",
                  "pass": true,
                  "fail": false,
                  "pending": false,
                  "context": null,
                  "code": "await (0, chai_1.expect)(KreskoAsset.initialize(name, symbol, 18, hardhat_1.default.addr.deployer, hardhat_1.default.Diamond.address)).to.be.revertedWith(test_1.Error.ALREADY_INITIALIZED_OZ);",
                  "err": {},
                  "uuid": "75b58282-a786-4839-b60d-71e215a6c5c0",
                  "parentUUID": "4247f9a1-d673-47b7-899e-ab364ed088fb",
                  "isHook": false,
                  "skipped": false
                },
                {
                  "title": "cant initialize implementation",
                  "fullTitle": "KreskoAsset #initialization - anchor cant initialize implementation",
                  "timedOut": false,
                  "duration": 23,
                  "state": "passed",
                  "speed": "fast",
                  "pass": true,
                  "fail": false,
                  "pending": false,
                  "context": null,
                  "code": "const deployment = await hardhat_1.default.deployments.get(symbol);\nconst implementationAddress = deployment.implementation;\n(0, chai_1.expect)(implementationAddress).to.not.equal(hardhat_1.default.ethers.constants.AddressZero);\nconst KreskoAssetImpl = await hardhat_1.default.ethers.getContractAt(\"KreskoAsset\", implementationAddress);\nawait (0, chai_1.expect)(KreskoAssetImpl.initialize(name, symbol, 18, hardhat_1.default.addr.deployer, hardhat_1.default.Diamond.address)).to.be.revertedWith(test_1.Error.ALREADY_INITIALIZED_OZ);",
                  "err": {},
                  "uuid": "30a9d9bc-b718-40cc-a2e1-79048b102505",
                  "parentUUID": "4247f9a1-d673-47b7-899e-ab364ed088fb",
                  "isHook": false,
                  "skipped": false
                },
                {
                  "title": "sets correct state",
                  "fullTitle": "KreskoAsset #initialization - anchor sets correct state",
                  "timedOut": false,
                  "duration": 19,
                  "state": "passed",
                  "speed": "fast",
                  "pass": true,
                  "fail": false,
                  "pending": false,
                  "context": null,
                  "code": "(0, chai_1.expect)(await KreskoAsset.name()).to.equal(name);\n(0, chai_1.expect)(await KreskoAsset.symbol()).to.equal(symbol);\n(0, chai_1.expect)(await KreskoAsset.kresko()).to.equal(hardhat_1.default.Diamond.address);\n(0, chai_1.expect)(await KreskoAsset.hasRole(test_1.Role.ADMIN, hardhat_1.default.addr.deployer)).to.equal(true);\n(0, chai_1.expect)(await KreskoAsset.hasRole(test_1.Role.OPERATOR, hardhat_1.default.Diamond.address)).to.equal(true);\n(0, chai_1.expect)(await KreskoAsset.totalSupply()).to.equal(\"200000000000000000000\");\n(0, chai_1.expect)(await KreskoAsset.isRebased()).to.equal(false);\nconst rebaseInfo = await KreskoAsset.rebaseInfo();\n(0, chai_1.expect)(rebaseInfo.denominator).to.equal(0);\n(0, chai_1.expect)(rebaseInfo.positive).to.equal(false);",
                  "err": {},
                  "uuid": "9a81a342-318d-44ac-b507-5d611e4691ce",
                  "parentUUID": "4247f9a1-d673-47b7-899e-ab364ed088fb",
                  "isHook": false,
                  "skipped": false
                },
                {
                  "title": "can reinitialize metadata",
                  "fullTitle": "KreskoAsset #initialization - anchor can reinitialize metadata",
                  "timedOut": false,
                  "duration": 12,
                  "state": "passed",
                  "speed": "fast",
                  "pass": true,
                  "fail": false,
                  "pending": false,
                  "context": null,
                  "code": "const newName = \"foo\";\nconst newSymbol = \"bar\";\nawait (0, chai_1.expect)(KreskoAsset.reinitializeERC20(newName, newSymbol, 2)).to.not.be.revertedWith(test_1.Error.ALREADY_INITIALIZED_OZ);\n(0, chai_1.expect)(await KreskoAsset.name()).to.equal(newName);\n(0, chai_1.expect)(await KreskoAsset.symbol()).to.equal(newSymbol);",
                  "err": {},
                  "uuid": "5b187681-70c5-4fba-81c8-c92a4453abad",
                  "parentUUID": "4247f9a1-d673-47b7-899e-ab364ed088fb",
                  "isHook": false,
                  "skipped": false
                }
              ],
              "suites": [],
              "passes": [
                "75b58282-a786-4839-b60d-71e215a6c5c0",
                "30a9d9bc-b718-40cc-a2e1-79048b102505",
                "9a81a342-318d-44ac-b507-5d611e4691ce",
                "5b187681-70c5-4fba-81c8-c92a4453abad"
              ],
              "failures": [],
              "pending": [],
              "skipped": [],
              "duration": 88,
              "root": false,
              "rootEmpty": false,
              "_timeout": 15000
            },
            {
              "uuid": "ea10c63f-52f0-4723-a8e9-50314cd83328",
              "title": "#initialization - wrapped",
              "fullFile": "/Users/panukettunen/Projects/kresko-protocol/src/test/krasset/00-init.ts",
              "file": "/src/test/krasset/00-init.ts",
              "beforeHooks": [
                {
                  "title": "\"before each\" hook in \"#initialization - wrapped\"",
                  "fullTitle": "KreskoAsset #initialization - wrapped \"before each\" hook in \"#initialization - wrapped\"",
                  "timedOut": false,
                  "duration": 0,
                  "state": null,
                  "speed": null,
                  "pass": false,
                  "fail": false,
                  "pending": false,
                  "context": null,
                  "code": "const deployment = hardhat_1.default.krAssets.find(k => k.deployArgs.name === name);\nKreskoAsset = deployment.contract;\nKreskoAssetAnchor = deployment.anchor;",
                  "err": {},
                  "uuid": "17e4aafe-d2c1-4585-9d84-3bbe12da8643",
                  "parentUUID": "ea10c63f-52f0-4723-a8e9-50314cd83328",
                  "isHook": true,
                  "skipped": false
                }
              ],
              "afterHooks": [],
              "tests": [
                {
                  "title": "cant initialize twice",
                  "fullTitle": "KreskoAsset #initialization - wrapped cant initialize twice",
                  "timedOut": false,
                  "duration": 6,
                  "state": "passed",
                  "speed": "fast",
                  "pass": true,
                  "fail": false,
                  "pending": false,
                  "context": null,
                  "code": "await (0, chai_1.expect)(KreskoAssetAnchor.initialize(KreskoAsset.address, name, symbol, hardhat_1.default.addr.deployer)).to.be.revertedWith(test_1.Error.ALREADY_INITIALIZED_OZ);",
                  "err": {},
                  "uuid": "29d41b0d-ae8a-4617-9f34-e511912e4c6b",
                  "parentUUID": "ea10c63f-52f0-4723-a8e9-50314cd83328",
                  "isHook": false,
                  "skipped": false
                },
                {
                  "title": "cant initialize implementation",
                  "fullTitle": "KreskoAsset #initialization - wrapped cant initialize implementation",
                  "timedOut": false,
                  "duration": 20,
                  "state": "passed",
                  "speed": "fast",
                  "pass": true,
                  "fail": false,
                  "pending": false,
                  "context": null,
                  "code": "const deployment = await hardhat_1.default.deployments.get(shared_1.anchorTokenPrefix + symbol);\nconst implementationAddress = deployment.implementation;\n(0, chai_1.expect)(implementationAddress).to.not.equal(hardhat_1.default.ethers.constants.AddressZero);\nconst KreskoAssetAnchorImpl = await hardhat_1.default.ethers.getContractAt(\"KreskoAssetAnchor\", implementationAddress);\nawait (0, chai_1.expect)(KreskoAssetAnchorImpl.initialize(KreskoAsset.address, name, symbol, hardhat_1.default.addr.deployer)).to.be.revertedWith(test_1.Error.ALREADY_INITIALIZED_OZ);",
                  "err": {},
                  "uuid": "dac6cd43-8dff-4d57-a9a5-cc133e2d129e",
                  "parentUUID": "ea10c63f-52f0-4723-a8e9-50314cd83328",
                  "isHook": false,
                  "skipped": false
                },
                {
                  "title": "can reinitialize metadata",
                  "fullTitle": "KreskoAsset #initialization - wrapped can reinitialize metadata",
                  "timedOut": false,
                  "duration": 12,
                  "state": "passed",
                  "speed": "fast",
                  "pass": true,
                  "fail": false,
                  "pending": false,
                  "context": null,
                  "code": "const newName = \"foo\";\nconst newSymbol = \"bar\";\nawait (0, chai_1.expect)(KreskoAssetAnchor.reinitializeERC20(newName, newSymbol, 2)).to.not.be.revertedWith(test_1.Error.ALREADY_INITIALIZED_OZ);\n(0, chai_1.expect)(await KreskoAssetAnchor.name()).to.equal(newName);\n(0, chai_1.expect)(await KreskoAssetAnchor.symbol()).to.equal(newSymbol);",
                  "err": {},
                  "uuid": "1cafbb24-b45a-471d-b250-8370f2ee9d77",
                  "parentUUID": "ea10c63f-52f0-4723-a8e9-50314cd83328",
                  "isHook": false,
                  "skipped": false
                },
                {
                  "title": "sets correct state",
                  "fullTitle": "KreskoAsset #initialization - wrapped sets correct state",
                  "timedOut": false,
                  "duration": 22,
                  "state": "passed",
                  "speed": "fast",
                  "pass": true,
                  "fail": false,
                  "pending": false,
                  "context": null,
                  "code": "(0, chai_1.expect)(await KreskoAssetAnchor.name()).to.equal(name);\n(0, chai_1.expect)(await KreskoAssetAnchor.symbol()).to.equal(shared_1.anchorTokenPrefix + symbol);\n(0, chai_1.expect)(await KreskoAssetAnchor.asset()).to.equal(KreskoAsset.address);\n(0, chai_1.expect)(await KreskoAssetAnchor.hasRole(test_1.Role.ADMIN, hardhat_1.default.addr.deployer)).to.equal(true);\n(0, chai_1.expect)(await KreskoAssetAnchor.hasRole(test_1.Role.OPERATOR, hardhat_1.default.Diamond.address)).to.equal(true);\n(0, chai_1.expect)(await KreskoAssetAnchor.totalSupply()).to.equal(\"200000000000000000000\");\n(0, chai_1.expect)(await KreskoAssetAnchor.totalAssets()).to.equal(await KreskoAsset.totalSupply());\nconst rebaseInfo = await KreskoAsset.rebaseInfo();\n(0, chai_1.expect)(rebaseInfo.denominator).to.equal(0);\n(0, chai_1.expect)(rebaseInfo.positive).to.equal(false);",
                  "err": {},
                  "uuid": "536e3a0c-ea52-47b5-a481-2172d82f39ab",
                  "parentUUID": "ea10c63f-52f0-4723-a8e9-50314cd83328",
                  "isHook": false,
                  "skipped": false
                }
              ],
              "suites": [],
              "passes": [
                "29d41b0d-ae8a-4617-9f34-e511912e4c6b",
                "dac6cd43-8dff-4d57-a9a5-cc133e2d129e",
                "1cafbb24-b45a-471d-b250-8370f2ee9d77",
                "536e3a0c-ea52-47b5-a481-2172d82f39ab"
              ],
              "failures": [],
              "pending": [],
              "skipped": [],
              "duration": 60,
              "root": false,
              "rootEmpty": false,
              "_timeout": 15000
            }
          ],
          "passes": [],
          "failures": [],
          "pending": [],
          "skipped": [],
          "duration": 0,
          "root": false,
          "rootEmpty": false,
          "_timeout": 15000
        },
        {
          "uuid": "f8237aab-9b8d-4b4e-8b36-f1f048c31e6f",
          "title": "KreskoAsset",
          "fullFile": "/Users/panukettunen/Projects/kresko-protocol/src/test/krasset/01-erc20.ts",
          "file": "/src/test/krasset/01-erc20.ts",
          "beforeHooks": [
            {
              "title": "\"before each\" hook in \"KreskoAsset\"",
              "fullTitle": "KreskoAsset \"before each\" hook in \"KreskoAsset\"",
              "timedOut": false,
              "duration": 19,
              "state": null,
              "speed": null,
              "pass": false,
              "fail": false,
              "pending": false,
              "context": null,
              "code": "const fixture = await hardhat_1.default.deployments.createFixture(async (hre) => {\n    const result = await hre.deployments.fixture(fixtureName);\n    if (result.Diamond) {\n        hre.Diamond = await hre.getContractOrFork(\"Kresko\");\n    }\n    return {\n        facets: result.Diamond ? result.Diamond.facets : [],\n        collaterals: hre.collaterals,\n        krAssets: hre.krAssets,\n    };\n})();\nthis.facets = fixture.facets || [];\nthis.collaterals = fixture.collaterals;\nthis.krAssets = fixture.krAssets;",
              "err": {},
              "uuid": "6b61c353-aceb-4f9c-9bbc-4b1b03aba791",
              "parentUUID": "f8237aab-9b8d-4b4e-8b36-f1f048c31e6f",
              "isHook": true,
              "skipped": false
            },
            {
              "title": "\"before each\" hook in \"KreskoAsset\"",
              "fullTitle": "KreskoAsset \"before each\" hook in \"KreskoAsset\"",
              "timedOut": false,
              "duration": 12,
              "state": null,
              "speed": null,
              "pass": false,
              "fail": false,
              "pending": false,
              "context": null,
              "code": "this.owner = hardhat_1.default.users.deployer;\nthis.krAsset = hardhat_1.default.krAssets.find(asset => asset.deployArgs.symbol === test_1.defaultKrAssetArgs.symbol);\nthis.mintAmount = 125;\nawait this.krAsset.contract.grantRole(test_1.Role.OPERATOR, this.owner.address);",
              "err": {},
              "uuid": "e60fad6a-4bc3-4343-a2be-97b757e87a19",
              "parentUUID": "f8237aab-9b8d-4b4e-8b36-f1f048c31e6f",
              "isHook": true,
              "skipped": false
            }
          ],
          "afterHooks": [],
          "tests": [],
          "suites": [
            {
              "uuid": "dc04c1cc-8136-4771-8b7b-a9efd5065ec0",
              "title": "#mint",
              "fullFile": "/Users/panukettunen/Projects/kresko-protocol/src/test/krasset/01-erc20.ts",
              "file": "/src/test/krasset/01-erc20.ts",
              "beforeHooks": [],
              "afterHooks": [],
              "tests": [
                {
                  "title": "should allow the owner to mint to their own address",
                  "fullTitle": "KreskoAsset #mint should allow the owner to mint to their own address",
                  "timedOut": false,
                  "duration": 19,
                  "state": "passed",
                  "speed": "fast",
                  "pass": true,
                  "fail": false,
                  "pending": false,
                  "context": null,
                  "code": "(0, chai_1.expect)(await this.krAsset.contract.totalSupply()).to.equal(0);\n(0, chai_1.expect)(await this.krAsset.contract.balanceOf(this.owner.address)).to.equal(0);\nawait this.krAsset.contract.connect(this.owner).mint(this.owner.address, this.mintAmount);\n// Check total supply and owner's balances increased\n(0, chai_1.expect)(await this.krAsset.contract.totalSupply()).to.equal(this.mintAmount);\n(0, chai_1.expect)(await this.krAsset.contract.balanceOf(this.owner.address)).to.equal(this.mintAmount);",
                  "err": {},
                  "uuid": "a419ed9f-a815-4de0-8cd3-525b73440330",
                  "parentUUID": "dc04c1cc-8136-4771-8b7b-a9efd5065ec0",
                  "isHook": false,
                  "skipped": false
                },
                {
                  "title": "should allow the asset owner to mint to another address",
                  "fullTitle": "KreskoAsset #mint should allow the asset owner to mint to another address",
                  "timedOut": false,
                  "duration": 17,
                  "state": "passed",
                  "speed": "fast",
                  "pass": true,
                  "fail": false,
                  "pending": false,
                  "context": null,
                  "code": "(0, chai_1.expect)(await this.krAsset.contract.totalSupply()).to.equal(0);\n(0, chai_1.expect)(await this.krAsset.contract.balanceOf(hardhat_1.default.users.userOne.address)).to.equal(0);\nawait this.krAsset.contract.connect(this.owner).mint(hardhat_1.default.users.userOne.address, this.mintAmount);\n// Check total supply and user's balances increased\n(0, chai_1.expect)(await this.krAsset.contract.totalSupply()).to.equal(this.mintAmount);\n(0, chai_1.expect)(await this.krAsset.contract.balanceOf(hardhat_1.default.users.userOne.address)).to.equal(this.mintAmount);",
                  "err": {},
                  "uuid": "a0a1d360-b4b6-4da0-a8d6-66f07346489a",
                  "parentUUID": "dc04c1cc-8136-4771-8b7b-a9efd5065ec0",
                  "isHook": false,
                  "skipped": false
                },
                {
                  "title": "should not allow non-owner addresses to mint tokens",
                  "fullTitle": "KreskoAsset #mint should not allow non-owner addresses to mint tokens",
                  "timedOut": false,
                  "duration": 29,
                  "state": "passed",
                  "speed": "fast",
                  "pass": true,
                  "fail": false,
                  "pending": false,
                  "context": null,
                  "code": "(0, chai_1.expect)(await this.krAsset.contract.totalSupply()).to.equal(0);\n(0, chai_1.expect)(await this.krAsset.contract.balanceOf(this.owner.address)).to.equal(0);\nawait (0, chai_1.expect)(this.krAsset.contract.connect(hardhat_1.default.users.userOne).mint(this.owner.address, this.mintAmount)).to.be.revertedWith(`AccessControl: account ${hardhat_1.default.users.userOne.address.toLowerCase()} is missing role 0x112e48a576fb3a75acc75d9fcf6e0bc670b27b1dbcd2463502e10e68cf57d6fd`);\n// Check total supply and all account balances unchanged\n(0, chai_1.expect)(await this.krAsset.contract.totalSupply()).to.equal(0);\n(0, chai_1.expect)(await this.krAsset.contract.balanceOf(this.owner.address)).to.equal(0);\n(0, chai_1.expect)(await this.krAsset.contract.balanceOf(hardhat_1.default.users.userOne.address)).to.equal(0);",
                  "err": {},
                  "uuid": "6ec27c57-6169-4f30-b78b-de02a7299fd8",
                  "parentUUID": "dc04c1cc-8136-4771-8b7b-a9efd5065ec0",
                  "isHook": false,
                  "skipped": false
                },
                {
                  "title": "should not allow admin to mint tokens",
                  "fullTitle": "KreskoAsset #mint should not allow admin to mint tokens",
                  "timedOut": false,
                  "duration": 57,
                  "state": "passed",
                  "speed": "medium",
                  "pass": true,
                  "fail": false,
                  "pending": false,
                  "context": null,
                  "code": "await this.krAsset.contract.renounceRole(test_1.Role.OPERATOR, this.owner.address);\nawait (0, chai_1.expect)(this.krAsset.contract.connect(hardhat_1.default.users.admin).mint(this.owner.address, this.mintAmount)).to.be.revertedWith(`AccessControl: account ${hardhat_1.default.users.admin.address.toLowerCase()} is missing role 0x112e48a576fb3a75acc75d9fcf6e0bc670b27b1dbcd2463502e10e68cf57d6fd`);",
                  "err": {},
                  "uuid": "3c9f0e95-1364-4892-a279-33a8892db4ed",
                  "parentUUID": "dc04c1cc-8136-4771-8b7b-a9efd5065ec0",
                  "isHook": false,
                  "skipped": false
                }
              ],
              "suites": [],
              "passes": [
                "a419ed9f-a815-4de0-8cd3-525b73440330",
                "a0a1d360-b4b6-4da0-a8d6-66f07346489a",
                "6ec27c57-6169-4f30-b78b-de02a7299fd8",
                "3c9f0e95-1364-4892-a279-33a8892db4ed"
              ],
              "failures": [],
              "pending": [],
              "skipped": [],
              "duration": 122,
              "root": false,
              "rootEmpty": false,
              "_timeout": 15000
            },
            {
              "uuid": "3305d1e5-e03d-4c43-9129-40732e316772",
              "title": "#burn",
              "fullFile": "/Users/panukettunen/Projects/kresko-protocol/src/test/krasset/01-erc20.ts",
              "file": "/src/test/krasset/01-erc20.ts",
              "beforeHooks": [
                {
                  "title": "\"before each\" hook in \"#burn\"",
                  "fullTitle": "KreskoAsset #burn \"before each\" hook in \"#burn\"",
                  "timedOut": false,
                  "duration": 11,
                  "state": null,
                  "speed": null,
                  "pass": false,
                  "fail": false,
                  "pending": false,
                  "context": null,
                  "code": "this.mintAmount = 250;\nawait this.krAsset.contract.connect(this.owner).mint(hardhat_1.default.users.userOne.address, this.mintAmount);",
                  "err": {},
                  "uuid": "280a91f9-f862-4c2d-80dc-6ef001c5cb56",
                  "parentUUID": "3305d1e5-e03d-4c43-9129-40732e316772",
                  "isHook": true,
                  "skipped": false
                }
              ],
              "afterHooks": [],
              "tests": [
                {
                  "title": "should allow the owner to burn tokens from user's address (without token allowance)",
                  "fullTitle": "KreskoAsset #burn should allow the owner to burn tokens from user's address (without token allowance)",
                  "timedOut": false,
                  "duration": 36,
                  "state": "passed",
                  "speed": "fast",
                  "pass": true,
                  "fail": false,
                  "pending": false,
                  "context": null,
                  "code": "(0, chai_1.expect)(await this.krAsset.contract.totalSupply()).to.equal(this.mintAmount);\nawait this.krAsset.contract.connect(this.owner).burn(hardhat_1.default.users.userOne.address, this.mintAmount);\n// Check total supply and user's balances decreased\n(0, chai_1.expect)(await this.krAsset.contract.totalSupply()).to.equal(0);\n(0, chai_1.expect)(await this.krAsset.contract.balanceOf(this.owner.address)).to.equal(0);\n// Confirm that owner doesn't hold any tokens\n(0, chai_1.expect)(await this.krAsset.contract.balanceOf(hardhat_1.default.users.userOne.address)).to.equal(0);",
                  "err": {},
                  "uuid": "d9a51671-02b1-4106-bb41-1066dfd386e7",
                  "parentUUID": "3305d1e5-e03d-4c43-9129-40732e316772",
                  "isHook": false,
                  "skipped": false
                },
                {
                  "title": "should allow the operator to burn tokens from user's address without changing existing allowances",
                  "fullTitle": "KreskoAsset #burn should allow the operator to burn tokens from user's address without changing existing allowances",
                  "timedOut": false,
                  "duration": 43,
                  "state": "passed",
                  "speed": "medium",
                  "pass": true,
                  "fail": false,
                  "pending": false,
                  "context": null,
                  "code": "await this.krAsset.contract.connect(this.owner).approve(hardhat_1.default.users.userOne.address, this.mintAmount);\n(0, chai_1.expect)(await this.krAsset.contract.totalSupply()).to.equal(this.mintAmount);\n(0, chai_1.expect)(await this.krAsset.contract.allowance(this.owner.address, hardhat_1.default.users.userOne.address)).to.equal(this.mintAmount);\nawait this.krAsset.contract.connect(this.owner).burn(hardhat_1.default.users.userOne.address, this.mintAmount);\n// Check total supply and user's balances decreased\n(0, chai_1.expect)(await this.krAsset.contract.totalSupply()).to.equal(0);\n(0, chai_1.expect)(await this.krAsset.contract.balanceOf(hardhat_1.default.users.userOne.address)).to.equal(0);\n// Confirm that owner doesn't hold any tokens\n(0, chai_1.expect)(await this.krAsset.contract.balanceOf(this.owner.address)).to.equal(0);\n// Confirm that token allowances are unchanged\n(0, chai_1.expect)(await this.krAsset.contract.allowance(this.owner.address, hardhat_1.default.users.userOne.address)).to.equal(this.mintAmount);",
                  "err": {},
                  "uuid": "bda7b5cb-3486-4b00-9032-9715cff91bc6",
                  "parentUUID": "3305d1e5-e03d-4c43-9129-40732e316772",
                  "isHook": false,
                  "skipped": false
                },
                {
                  "title": "should not allow the operator to burn more tokens than user holds",
                  "fullTitle": "KreskoAsset #burn should not allow the operator to burn more tokens than user holds",
                  "timedOut": false,
                  "duration": 7,
                  "state": "passed",
                  "speed": "fast",
                  "pass": true,
                  "fail": false,
                  "pending": false,
                  "context": null,
                  "code": "const userBalance = await this.krAsset.contract.balanceOf(hardhat_1.default.users.userOne.address);\nconst overUserBalance = Number(userBalance) + 1;\nawait (0, chai_1.expect)(this.krAsset.contract.connect(this.owner).burn(hardhat_1.default.users.userOne.address, overUserBalance)).to\n    .be.reverted;\n// Check total supply and user's balances are unchanged\n(0, chai_1.expect)(await this.krAsset.contract.totalSupply()).to.equal(this.mintAmount);\n(0, chai_1.expect)(await this.krAsset.contract.balanceOf(hardhat_1.default.users.userOne.address)).to.equal(this.mintAmount);",
                  "err": {},
                  "uuid": "c1c9297c-03e3-4813-8fa7-7f6d3ca7ff5c",
                  "parentUUID": "3305d1e5-e03d-4c43-9129-40732e316772",
                  "isHook": false,
                  "skipped": false
                },
                {
                  "title": "should not allow non-operator addresses to burn tokens",
                  "fullTitle": "KreskoAsset #burn should not allow non-operator addresses to burn tokens",
                  "timedOut": false,
                  "duration": 16,
                  "state": "passed",
                  "speed": "fast",
                  "pass": true,
                  "fail": false,
                  "pending": false,
                  "context": null,
                  "code": "await (0, chai_1.expect)(this.krAsset.contract.connect(hardhat_1.default.users.userTwo).burn(hardhat_1.default.users.userOne.address, this.mintAmount)).to.be.revertedWith(`AccessControl: account ${hardhat_1.default.users.userTwo.address.toLowerCase()} is missing role 0x112e48a576fb3a75acc75d9fcf6e0bc670b27b1dbcd2463502e10e68cf57d6fd`);\n// Check total supply and user's balances unchanged\n(0, chai_1.expect)(await this.krAsset.contract.totalSupply()).to.equal(this.mintAmount);\n(0, chai_1.expect)(await this.krAsset.contract.balanceOf(hardhat_1.default.users.userOne.address)).to.equal(this.mintAmount);",
                  "err": {},
                  "uuid": "1ee91d02-ab24-4de8-b37c-fb358964ba08",
                  "parentUUID": "3305d1e5-e03d-4c43-9129-40732e316772",
                  "isHook": false,
                  "skipped": false
                }
              ],
              "suites": [],
              "passes": [
                "d9a51671-02b1-4106-bb41-1066dfd386e7",
                "bda7b5cb-3486-4b00-9032-9715cff91bc6",
                "c1c9297c-03e3-4813-8fa7-7f6d3ca7ff5c",
                "1ee91d02-ab24-4de8-b37c-fb358964ba08"
              ],
              "failures": [],
              "pending": [],
              "skipped": [],
              "duration": 102,
              "root": false,
              "rootEmpty": false,
              "_timeout": 15000
            }
          ],
          "passes": [],
          "failures": [],
          "pending": [],
          "skipped": [],
          "duration": 0,
          "root": false,
          "rootEmpty": false,
          "_timeout": 15000
        },
        {
          "uuid": "8c7f5aff-08c6-4934-a91e-1717dc152a76",
          "title": "KreskoAsset",
          "fullFile": "/Users/panukettunen/Projects/kresko-protocol/src/test/krasset/02-krasset.ts",
          "file": "/src/test/krasset/02-krasset.ts",
          "beforeHooks": [
            {
              "title": "\"before each\" hook in \"KreskoAsset\"",
              "fullTitle": "KreskoAsset \"before each\" hook in \"KreskoAsset\"",
              "timedOut": false,
              "duration": 19,
              "state": null,
              "speed": null,
              "pass": false,
              "fail": false,
              "pending": false,
              "context": null,
              "code": "const fixture = await hardhat_1.default.deployments.createFixture(async (hre) => {\n    const result = await hre.deployments.fixture(fixtureName);\n    if (result.Diamond) {\n        hre.Diamond = await hre.getContractOrFork(\"Kresko\");\n    }\n    return {\n        facets: result.Diamond ? result.Diamond.facets : [],\n        collaterals: hre.collaterals,\n        krAssets: hre.krAssets,\n    };\n})();\nthis.facets = fixture.facets || [];\nthis.collaterals = fixture.collaterals;\nthis.krAssets = fixture.krAssets;",
              "err": {},
              "uuid": "ced76605-c9e7-420d-81f4-9ec29291157b",
              "parentUUID": "8c7f5aff-08c6-4934-a91e-1717dc152a76",
              "isHook": true,
              "skipped": false
            },
            {
              "title": "\"before each\" hook in \"KreskoAsset\"",
              "fullTitle": "KreskoAsset \"before each\" hook in \"KreskoAsset\"",
              "timedOut": false,
              "duration": 13,
              "state": null,
              "speed": null,
              "pass": false,
              "fail": false,
              "pending": false,
              "context": null,
              "code": "KreskoAsset = hardhat_1.default.krAssets.find(asset => asset.deployArgs.symbol === test_1.defaultKrAssetArgs.symbol).contract;\n// Grant minting rights for test deployer\nawait KreskoAsset.grantRole(test_1.Role.OPERATOR, hardhat_1.default.addr.deployer);",
              "err": {},
              "uuid": "43ae29ce-213f-436f-aa98-e0d73c403734",
              "parentUUID": "8c7f5aff-08c6-4934-a91e-1717dc152a76",
              "isHook": true,
              "skipped": false
            }
          ],
          "afterHooks": [],
          "tests": [],
          "suites": [
            {
              "uuid": "892d1036-3f40-44a8-aa9c-ad5271fdff33",
              "title": "#rebase",
              "fullFile": "/Users/panukettunen/Projects/kresko-protocol/src/test/krasset/02-krasset.ts",
              "file": "/src/test/krasset/02-krasset.ts",
              "beforeHooks": [],
              "afterHooks": [],
              "tests": [
                {
                  "title": "can set a positive rebase",
                  "fullTitle": "KreskoAsset #rebase can set a positive rebase",
                  "timedOut": false,
                  "duration": 14,
                  "state": "passed",
                  "speed": "fast",
                  "pass": true,
                  "fail": false,
                  "pending": false,
                  "context": null,
                  "code": "const denominator = hardhat_1.default.toBig(\"1.525\");\nconst positive = true;\nawait (0, chai_1.expect)(KreskoAsset.rebase(denominator, positive, [])).to.not.be.reverted;\n(0, chai_1.expect)(await KreskoAsset.isRebased()).to.equal(true);\nconst rebaseInfo = await KreskoAsset.rebaseInfo();\n(0, chai_1.expect)(rebaseInfo.denominator).equal(denominator);\n(0, chai_1.expect)(rebaseInfo.positive).equal(true);",
                  "err": {},
                  "uuid": "058fdbc5-5871-4ef4-97f1-40631c400918",
                  "parentUUID": "892d1036-3f40-44a8-aa9c-ad5271fdff33",
                  "isHook": false,
                  "skipped": false
                },
                {
                  "title": "can set a negative rebase",
                  "fullTitle": "KreskoAsset #rebase can set a negative rebase",
                  "timedOut": false,
                  "duration": 13,
                  "state": "passed",
                  "speed": "fast",
                  "pass": true,
                  "fail": false,
                  "pending": false,
                  "context": null,
                  "code": "const denominator = hardhat_1.default.toBig(\"1.525\");\nconst positive = false;\nawait (0, chai_1.expect)(KreskoAsset.rebase(denominator, positive, [])).to.not.be.reverted;\n(0, chai_1.expect)(await KreskoAsset.isRebased()).to.equal(true);\nconst rebaseInfo = await KreskoAsset.rebaseInfo();\n(0, chai_1.expect)(rebaseInfo.denominator).equal(denominator);\n(0, chai_1.expect)(rebaseInfo.positive).equal(false);",
                  "err": {},
                  "uuid": "9c8121a4-190d-4c88-91d8-77578f112400",
                  "parentUUID": "892d1036-3f40-44a8-aa9c-ad5271fdff33",
                  "isHook": false,
                  "skipped": false
                },
                {
                  "title": "can be disabled by setting the denominator to 1 ether",
                  "fullTitle": "KreskoAsset #rebase can be disabled by setting the denominator to 1 ether",
                  "timedOut": false,
                  "duration": 35,
                  "state": "passed",
                  "speed": "fast",
                  "pass": true,
                  "fail": false,
                  "pending": false,
                  "context": null,
                  "code": "const denominator = hardhat_1.default.toBig(1);\nconst positive = false;\nawait (0, chai_1.expect)(KreskoAsset.rebase(denominator, positive, [])).to.not.be.reverted;\n(0, chai_1.expect)(await KreskoAsset.isRebased()).to.equal(false);",
                  "err": {},
                  "uuid": "2623b366-1409-46d5-9a2f-84c4d07de9a3",
                  "parentUUID": "892d1036-3f40-44a8-aa9c-ad5271fdff33",
                  "isHook": false,
                  "skipped": false
                }
              ],
              "suites": [
                {
                  "uuid": "dcbe01e9-9723-4594-b79d-b90d68ddb6ee",
                  "title": "#balance + supply",
                  "fullFile": "/Users/panukettunen/Projects/kresko-protocol/src/test/krasset/02-krasset.ts",
                  "file": "/src/test/krasset/02-krasset.ts",
                  "beforeHooks": [],
                  "afterHooks": [],
                  "tests": [
                    {
                      "title": "has no effect when not enabled",
                      "fullTitle": "KreskoAsset #rebase #balance + supply has no effect when not enabled",
                      "timedOut": false,
                      "duration": 13,
                      "state": "passed",
                      "speed": "fast",
                      "pass": true,
                      "fail": false,
                      "pending": false,
                      "context": null,
                      "code": "await KreskoAsset.mint(hardhat_1.default.addr.deployer, test_1.defaultMintAmount);\n(0, chai_1.expect)(await KreskoAsset.isRebased()).to.equal(false);\n(0, chai_1.expect)(await KreskoAsset.balanceOf(hardhat_1.default.addr.deployer)).to.equal(test_1.defaultMintAmount);",
                      "err": {},
                      "uuid": "8fe8edb1-bf90-4830-b311-7c102faa8872",
                      "parentUUID": "dcbe01e9-9723-4594-b79d-b90d68ddb6ee",
                      "isHook": false,
                      "skipped": false
                    },
                    {
                      "title": "increases balance and supply with positive rebase @ 2",
                      "fullTitle": "KreskoAsset #rebase #balance + supply increases balance and supply with positive rebase @ 2",
                      "timedOut": false,
                      "duration": 22,
                      "state": "passed",
                      "speed": "fast",
                      "pass": true,
                      "fail": false,
                      "pending": false,
                      "context": null,
                      "code": "const denominator = 2;\nconst positive = true;\nawait KreskoAsset.mint(hardhat_1.default.addr.deployer, test_1.defaultMintAmount);\nawait KreskoAsset.rebase(hardhat_1.default.toBig(denominator), positive, []);\n(0, chai_1.expect)(await KreskoAsset.balanceOf(hardhat_1.default.addr.deployer)).to.equal(test_1.defaultMintAmount.mul(denominator));\n(0, chai_1.expect)(await KreskoAsset.totalSupply()).to.equal(test_1.defaultMintAmount.mul(denominator));",
                      "err": {},
                      "uuid": "ca38f13e-249b-4e66-8708-8218ba2fefdc",
                      "parentUUID": "dcbe01e9-9723-4594-b79d-b90d68ddb6ee",
                      "isHook": false,
                      "skipped": false
                    },
                    {
                      "title": "increases balance and supply with positive rebase @ 3",
                      "fullTitle": "KreskoAsset #rebase #balance + supply increases balance and supply with positive rebase @ 3",
                      "timedOut": false,
                      "duration": 24,
                      "state": "passed",
                      "speed": "fast",
                      "pass": true,
                      "fail": false,
                      "pending": false,
                      "context": null,
                      "code": "const denominator = 3;\nconst positive = true;\nawait KreskoAsset.mint(hardhat_1.default.addr.deployer, test_1.defaultMintAmount);\nawait KreskoAsset.rebase(hardhat_1.default.toBig(denominator), positive, []);\n(0, chai_1.expect)(await KreskoAsset.balanceOf(hardhat_1.default.addr.deployer)).to.equal(test_1.defaultMintAmount.mul(denominator));\n(0, chai_1.expect)(await KreskoAsset.totalSupply()).to.equal(test_1.defaultMintAmount.mul(denominator));",
                      "err": {},
                      "uuid": "ef079269-78fc-4bce-902f-4e1a9ba2463c",
                      "parentUUID": "dcbe01e9-9723-4594-b79d-b90d68ddb6ee",
                      "isHook": false,
                      "skipped": false
                    },
                    {
                      "title": "increases balance and supply with positive rebase  @ 100",
                      "fullTitle": "KreskoAsset #rebase #balance + supply increases balance and supply with positive rebase  @ 100",
                      "timedOut": false,
                      "duration": 22,
                      "state": "passed",
                      "speed": "fast",
                      "pass": true,
                      "fail": false,
                      "pending": false,
                      "context": null,
                      "code": "const denominator = 100;\nconst positive = true;\nawait KreskoAsset.mint(hardhat_1.default.addr.deployer, test_1.defaultMintAmount);\nawait KreskoAsset.rebase(hardhat_1.default.toBig(denominator), positive, []);\n(0, chai_1.expect)(await KreskoAsset.balanceOf(hardhat_1.default.addr.deployer)).to.equal(test_1.defaultMintAmount.mul(denominator));\n(0, chai_1.expect)(await KreskoAsset.totalSupply()).to.equal(test_1.defaultMintAmount.mul(denominator));",
                      "err": {},
                      "uuid": "b1b2e44e-62e1-48a9-8615-6aa2b6e2c702",
                      "parentUUID": "dcbe01e9-9723-4594-b79d-b90d68ddb6ee",
                      "isHook": false,
                      "skipped": false
                    },
                    {
                      "title": "reduces balance and supply with negative rebase @ 2",
                      "fullTitle": "KreskoAsset #rebase #balance + supply reduces balance and supply with negative rebase @ 2",
                      "timedOut": false,
                      "duration": 23,
                      "state": "passed",
                      "speed": "fast",
                      "pass": true,
                      "fail": false,
                      "pending": false,
                      "context": null,
                      "code": "const denominator = 2;\nconst positive = false;\nawait KreskoAsset.mint(hardhat_1.default.addr.deployer, test_1.defaultMintAmount);\nawait KreskoAsset.rebase(hardhat_1.default.toBig(denominator), positive, []);\n(0, chai_1.expect)(await KreskoAsset.balanceOf(hardhat_1.default.addr.deployer)).to.equal(test_1.defaultMintAmount.div(denominator));\n(0, chai_1.expect)(await KreskoAsset.totalSupply()).to.equal(test_1.defaultMintAmount.div(denominator));",
                      "err": {},
                      "uuid": "490a0f4b-9556-4802-8fa9-3a77739218ab",
                      "parentUUID": "dcbe01e9-9723-4594-b79d-b90d68ddb6ee",
                      "isHook": false,
                      "skipped": false
                    },
                    {
                      "title": "reduces balance and supply with negative rebase @ 3",
                      "fullTitle": "KreskoAsset #rebase #balance + supply reduces balance and supply with negative rebase @ 3",
                      "timedOut": false,
                      "duration": 25,
                      "state": "passed",
                      "speed": "fast",
                      "pass": true,
                      "fail": false,
                      "pending": false,
                      "context": null,
                      "code": "const denominator = 3;\nconst positive = false;\nawait KreskoAsset.mint(hardhat_1.default.addr.deployer, test_1.defaultMintAmount);\nawait KreskoAsset.rebase(hardhat_1.default.toBig(denominator), positive, []);\n(0, chai_1.expect)(await KreskoAsset.balanceOf(hardhat_1.default.addr.deployer)).to.equal(test_1.defaultMintAmount.div(denominator));\n(0, chai_1.expect)(await KreskoAsset.totalSupply()).to.equal(test_1.defaultMintAmount.div(denominator));",
                      "err": {},
                      "uuid": "3ea26053-032e-4a18-aae7-172453080f33",
                      "parentUUID": "dcbe01e9-9723-4594-b79d-b90d68ddb6ee",
                      "isHook": false,
                      "skipped": false
                    },
                    {
                      "title": "reduces balance and supply with negative rebase @ 100",
                      "fullTitle": "KreskoAsset #rebase #balance + supply reduces balance and supply with negative rebase @ 100",
                      "timedOut": false,
                      "duration": 22,
                      "state": "passed",
                      "speed": "fast",
                      "pass": true,
                      "fail": false,
                      "pending": false,
                      "context": null,
                      "code": "const denominator = 100;\nconst positive = false;\nawait KreskoAsset.mint(hardhat_1.default.addr.deployer, test_1.defaultMintAmount);\nawait KreskoAsset.rebase(hardhat_1.default.toBig(denominator), positive, []);\n(0, chai_1.expect)(await KreskoAsset.balanceOf(hardhat_1.default.addr.deployer)).to.equal(test_1.defaultMintAmount.div(denominator));\n(0, chai_1.expect)(await KreskoAsset.totalSupply()).to.equal(test_1.defaultMintAmount.div(denominator));",
                      "err": {},
[...]
                  "err": {},
                  "uuid": "398f67eb-8ce4-4520-aefb-a40bbc8ad37e",
                  "parentUUID": "ea526f49-25dd-4e5f-9beb-c00133a1c44e",
                  "isHook": false,
                  "skipped": false
                }
              ],
              "suites": [],
              "passes": [
                "e5027a37-e128-4c22-8d07-f4664cc737d6",
                "2b23b9ba-5216-46b9-85ce-37b54892c127",
                "38c47a10-48a4-46f9-8e4a-2945e022259c",
                "a1c3b434-ea46-42f6-8a16-5cc61c870003",
                "6314b786-f259-4cdb-9afe-7999fd6bf48e",
                "46a4f48d-5cc5-46a9-9ef3-767bc0d128a2",
                "4a0e8d8f-aa9f-4998-99ba-3f3e5665d37f",
                "8d5d797d-d189-4974-8b51-66189e770a2b",
                "83b67431-a499-44aa-a674-6dd2358fd643",
                "a79a91a8-fc8c-44d6-b662-58c45e4cd8c1",
                "398f67eb-8ce4-4520-aefb-a40bbc8ad37e"
              ],
              "failures": [],
              "pending": [],
              "skipped": [],
              "duration": 16694,
              "root": false,
              "rootEmpty": false,
              "_timeout": 15000
            }
          ],
          "passes": [],
          "failures": [],
          "pending": [],
          "skipped": [],
          "duration": 0,
          "root": false,
          "rootEmpty": false,
          "_timeout": 15000
        },
        {
          "uuid": "8e7d418d-912c-43d9-92b5-571979f14d0a",
          "title": "Stability Rates",
          "fullFile": "/Users/panukettunen/Projects/kresko-protocol/src/test/stability-rate/03-liquidation.ts",
          "file": "/src/test/stability-rate/03-liquidation.ts",
          "beforeHooks": [
            {
              "title": "\"before each\" hook in \"Stability Rates\"",
              "fullTitle": "Stability Rates \"before each\" hook in \"Stability Rates\"",
              "timedOut": false,
              "duration": 18,
              "state": null,
              "speed": null,
              "pass": false,
              "fail": false,
              "pending": false,
              "context": null,
              "code": "const fixture = await hardhat_1.default.deployments.createFixture(async (hre) => {\n    const result = await hre.deployments.fixture(fixtureName);\n    if (result.Diamond) {\n        hre.Diamond = await hre.getContractOrFork(\"Kresko\");\n    }\n    return {\n        facets: result.Diamond ? result.Diamond.facets : [],\n        collaterals: hre.collaterals,\n        krAssets: hre.krAssets,\n    };\n})();\nthis.facets = fixture.facets || [];\nthis.collaterals = fixture.collaterals;\nthis.krAssets = fixture.krAssets;",
              "err": {},
              "uuid": "25ec83a4-4acb-4043-9163-89cce892cef7",
              "parentUUID": "8e7d418d-912c-43d9-92b5-571979f14d0a",
              "isHook": true,
              "skipped": false
            },
            {
              "title": "\"before each\" hook in \"Stability Rates\"",
              "fullTitle": "Stability Rates \"before each\" hook in \"Stability Rates\"",
              "timedOut": false,
              "duration": 243,
              "state": null,
              "speed": null,
              "pass": false,
              "fail": false,
              "pending": false,
              "context": null,
              "code": "liquidator = hardhat_1.default.users.deployer;\nuserTwo = hardhat_1.default.users.userTwo;\nthis.krAsset = hardhat_1.default.krAssets.find(c => c.deployArgs.name === test_1.defaultKrAssetArgs.name);\nthis.collateral = hardhat_1.default.collaterals.find(c => c.deployArgs.name === test_1.defaultCollateralArgs.name);\nconst krAssetOraclePrice = 10;\nthis.krAsset.setPrice(krAssetOraclePrice);\nconst cLiq = (0, lib_1.toBig)(1000);\nconst kLiq = (0, lib_1.toBig)(100);\nawait this.collateral.setBalance(liquidator, cLiq.mul(2));\nawait (0, collaterals_1.depositCollateral)({\n    asset: this.collateral,\n    amount: cLiq,\n    user: liquidator,\n});\nawait (0, krassets_1.mintKrAsset)({\n    asset: this.krAsset,\n    amount: kLiq,\n    user: liquidator,\n});\nconst anchorBalance = await this.krAsset.anchor.balanceOf(hardhat_1.default.Diamond.address);\n(0, chai_1.expect)(anchorBalance).to.equal(kLiq);\n// 1000/100 = krAsset amm price 10\nconst pair = await (0, amm_1.addLiquidity)({\n    user: liquidator,\n    router: hardhat_1.default.UniV2Router,\n    amount0: cLiq,\n    amount1: kLiq,\n    token0: this.collateral,\n    token1: this.krAsset,\n});\nupdateTWAP = (0, amm_1.getTWAPUpdaterFor)(pair.address);\nawait hardhat_1.default.UniV2Oracle.initPair(pair.address, this.krAsset.address, 60 * 60);\nawait updateTWAP();",
              "err": {},
              "uuid": "e095b723-d505-4633-aad0-0983c3c1ea40",
              "parentUUID": "8e7d418d-912c-43d9-92b5-571979f14d0a",
              "isHook": true,
              "skipped": false
            }
          ],
          "afterHooks": [],
          "tests": [],
          "suites": [
            {
              "uuid": "1167286d-121b-494b-8255-feb1dc3ec52e",
              "title": "#stability rate - liquidation",
              "fullFile": "/Users/panukettunen/Projects/kresko-protocol/src/test/stability-rate/03-liquidation.ts",
              "file": "/src/test/stability-rate/03-liquidation.ts",
              "beforeHooks": [
                {
                  "title": "\"before each\" hook in \"#stability rate - liquidation\"",
                  "fullTitle": "Stability Rates #stability rate - liquidation \"before each\" hook in \"#stability rate - liquidation\"",
                  "timedOut": false,
                  "duration": 4510,
                  "state": null,
                  "speed": null,
                  "pass": false,
                  "fail": false,
                  "pending": false,
                  "context": null,
                  "code": "await this.collateral.setBalance(userTwo, depositAmount);\n// Create few krAssets\nkrAssets = await Promise.all([\"krasset2\", \"krasset3\", \"krasset4\"].map(async (name) => await (0, krassets_1.addMockKreskoAsset)({\n    name: name,\n    symbol: name,\n    marketOpen: true,\n    factor: 1.1,\n    closeFee: 0,\n    openFee: 0,\n    price: 10,\n    supplyLimit: 2000,\n    stabilityRateBase: test_1.BASIS_POINT.mul(1000), // 10%\n})));",
                  "err": {},
                  "uuid": "376dcf15-f951-481a-904b-a72e3f452acc",
                  "parentUUID": "1167286d-121b-494b-8255-feb1dc3ec52e",
                  "isHook": true,
                  "skipped": false
                }
              ],
              "afterHooks": [],
              "tests": [
                {
                  "title": "cannot liquidate accrued interest of healthy account",
                  "fullTitle": "Stability Rates #stability rate - liquidation cannot liquidate accrued interest of healthy account",
                  "timedOut": false,
                  "duration": 307,
                  "state": "passed",
                  "speed": "slow",
                  "pass": true,
                  "fail": false,
                  "pending": false,
                  "context": null,
                  "code": "await this.collateral.setBalance(userTwo, depositAmount);\n// Deposit a bit more to cover the mints\nawait (0, collaterals_1.depositCollateral)({\n    asset: this.collateral,\n    amount: depositAmount,\n    user: userTwo,\n});\n// mint each krasset\nawait Promise.all(krAssets.map(krAsset => (0, krassets_1.mintKrAsset)({\n    asset: krAsset,\n    amount: mintAmount,\n    user: userTwo,\n})));\nawait hardhat_network_helpers_1.time.increase(calculations_1.ONE_YEAR);\nconst krAsset = krAssets[0];\n(0, chai_1.expect)(await hardhat_1.default.Diamond.isAccountLiquidatable(userTwo.address)).to.be.false;\nawait (0, chai_1.expect)(hardhat_1.default.Diamond.connect(liquidator).liquidateInterest(userTwo.address, krAsset.address, this.collateral.address)).to.be.revertedWith(errors_1.Error.NOT_LIQUIDATABLE);",
                  "err": {},
                  "uuid": "0e064b83-d0bc-44e8-9b8b-f261763fa40e",
                  "parentUUID": "1167286d-121b-494b-8255-feb1dc3ec52e",
                  "isHook": false,
                  "skipped": false
                },
                {
                  "title": "cannot batch liquidate accrued interest of healthy account",
                  "fullTitle": "Stability Rates #stability rate - liquidation cannot batch liquidate accrued interest of healthy account",
                  "timedOut": false,
                  "duration": 322,
                  "state": "passed",
                  "speed": "slow",
                  "pass": true,
                  "fail": false,
                  "pending": false,
                  "context": null,
                  "code": "await this.collateral.setBalance(userTwo, depositAmount);\n// Deposit a bit more to cover the mints\nawait (0, collaterals_1.depositCollateral)({\n    asset: this.collateral,\n    amount: depositAmount,\n    user: userTwo,\n});\n// mint each krasset\nawait Promise.all(krAssets.map(krAsset => (0, krassets_1.mintKrAsset)({\n    asset: krAsset,\n    amount: mintAmount,\n    user: userTwo,\n})));\nawait hardhat_network_helpers_1.time.increase(calculations_1.ONE_YEAR);\n(0, chai_1.expect)(await hardhat_1.default.Diamond.isAccountLiquidatable(userTwo.address)).to.be.false;\nawait (0, chai_1.expect)(hardhat_1.default.Diamond.connect(liquidator).batchLiquidateInterest(userTwo.address, this.collateral.address)).to.be.revertedWith(errors_1.Error.NOT_LIQUIDATABLE);",
                  "err": {},
                  "uuid": "b04aaff8-07d4-4575-8c7f-eb83e6ad603e",
                  "parentUUID": "1167286d-121b-494b-8255-feb1dc3ec52e",
                  "isHook": false,
                  "skipped": false
                },
                {
                  "title": "can liquidate accrued interest of unhealthy account",
                  "fullTitle": "Stability Rates #stability rate - liquidation can liquidate accrued interest of unhealthy account",
                  "timedOut": false,
                  "duration": 701,
                  "state": "passed",
                  "speed": "slow",
                  "pass": true,
                  "fail": false,
                  "pending": false,
                  "context": null,
                  "code": "const KISS = await hardhat_1.default.getContractOrFork(\"KISS\");\nawait KISS.connect(liquidator).approve(hardhat_1.default.Diamond.address, hardhat_1.default.ethers.constants.MaxUint256);\nawait this.collateral.setBalance(userTwo, depositAmount);\n// Deposit a bit more to cover the mints\nawait (0, collaterals_1.depositCollateral)({\n    asset: this.collateral,\n    amount: depositAmount,\n    user: userTwo,\n});\n// mint each krasset\nawait Promise.all(krAssets.map(krAsset => (0, krassets_1.mintKrAsset)({\n    asset: krAsset,\n    amount: mintAmount,\n    user: userTwo,\n})));\n// Up the asset prices\nconst newPrice = 15;\nkrAssets.map(asset => asset.setPrice(newPrice));\n// increase time so account is liquidatable\n(0, chai_1.expect)(await hardhat_1.default.Diamond.isAccountLiquidatable(userTwo.address)).to.be.false;\nawait hardhat_network_helpers_1.time.increase(calculations_1.ONE_YEAR * 4);\n// should be liquidatable\n(0, chai_1.expect)(await hardhat_1.default.Diamond.isAccountLiquidatable(userTwo.address)).to.be.true;\n// Asset to liquidate\nconst krAsset = krAssets[0];\nconst interestUSDTotal = await hardhat_1.default.Diamond.kreskoAssetDebtInterestTotal(userTwo.address);\n// Liquidator mints KISS\nawait (0, krassets_1.mintKrAsset)({\n    asset: KISS,\n    amount: interestUSDTotal.add((0, lib_1.toBig)(1)),\n    user: liquidator,\n});\n// liquidatable value total before\nconst accruedKissInterest = (0, hardhat_1.fromBig)((await hardhat_1.default.Diamond.kreskoAssetDebtInterest(userTwo.address, krAsset.address)).kissAmount);\nconst accountCollateralBefore = await hardhat_1.default.Diamond.collateralDeposits(userTwo.address, this.collateral.address);\n// Wipe seized collateral balance before liquidation for easy comparison\nawait this.collateral.setBalance(liquidator, (0, lib_1.toBig)(0));\n// Liquidate\nconst tx = await hardhat_1.default.Diamond.connect(liquidator).liquidateInterest(userTwo.address, krAsset.address, this.collateral.address);\n// Should all be wiped\nconst interestAccruedAfterLiq = await hardhat_1.default.Diamond.kreskoAssetDebtInterest(userTwo.address, krAsset.address);\n(0, chai_1.expect)(interestAccruedAfterLiq.kissAmount).to.eq(0);\n(0, chai_1.expect)(interestAccruedAfterLiq.assetAmount).to.eq(0);\nconst accountCollateralAfter = await hardhat_1.default.Diamond.collateralDeposits(userTwo.address, this.collateral.address);\nconst event = await (0, lib_1.getInternalEvent)(tx, hardhat_1.default.Diamond, \"InterestLiquidationOccurred\");\n// validate interest accrual changes\n(0, chai_1.expect)(accountCollateralAfter).to.equal(accountCollateralBefore.sub(event.collateralSent));\nconst liquidationIncentive = (0, hardhat_1.fromBig)((await hardhat_1.default.Diamond.liquidationIncentiveMultiplier()).rawValue);\nconst expectedCollateral = (accruedKissInterest / (0, hardhat_1.fromBig)(await this.collateral.getPrice(), 8)) * liquidationIncentive;\n// event validation\n(0, chai_1.expect)(event.account).to.equal(userTwo.address);\n(0, chai_1.expect)(event.liquidator).to.equal(liquidator.address);\n(0, chai_1.expect)(event.repayKreskoAsset).to.equal(krAsset.address);\n(0, chai_1.expect)(event.seizedCollateralAsset).to.equal(this.collateral.address);\n(0, chai_1.expect)((0, hardhat_1.fromBig)(event.collateralSent).toFixed(6)).to.equal(expectedCollateral.toFixed(6));\n(0, chai_1.expect)((0, hardhat_1.fromBig)(event.repayUSD)).to.closeTo(accruedKissInterest, 0.0001);\n// liquidator received collateral\n(0, chai_1.expect)(await this.collateral.contract.balanceOf(liquidator.address)).to.equal(event.collateralSent);",
                  "err": {},
                  "uuid": "c3037804-8eda-4ef6-9774-7daef3c9a5b7",
                  "parentUUID": "1167286d-121b-494b-8255-feb1dc3ec52e",
                  "isHook": false,
                  "skipped": false
                },
                {
                  "title": "can batch liquidate accrued interest of unhealthy account",
                  "fullTitle": "Stability Rates #stability rate - liquidation can batch liquidate accrued interest of unhealthy account",
                  "timedOut": false,
                  "duration": 859,
                  "state": "passed",
                  "speed": "slow",
                  "pass": true,
                  "fail": false,
                  "pending": false,
                  "context": null,
                  "code": "const KISS = await hardhat_1.default.getContractOrFork(\"KISS\");\nawait KISS.connect(liquidator).approve(hardhat_1.default.Diamond.address, hardhat_1.default.ethers.constants.MaxUint256);\nawait this.collateral.setBalance(userTwo, depositAmount);\n// Deposit a bit more to cover the mints\nawait (0, collaterals_1.depositCollateral)({\n    asset: this.collateral,\n    amount: depositAmount,\n    user: userTwo,\n});\n// mint each krasset\nawait Promise.all(krAssets.map(krAsset => (0, krassets_1.mintKrAsset)({\n    asset: krAsset,\n    amount: mintAmount,\n    user: userTwo,\n})));\n// Up the asset prices\nconst newPrice = 15;\nkrAssets.map(asset => asset.setPrice(newPrice));\n// increase time so account is liquidatable\n(0, chai_1.expect)(await hardhat_1.default.Diamond.isAccountLiquidatable(userTwo.address)).to.be.false;\nawait hardhat_network_helpers_1.time.increase(calculations_1.ONE_YEAR * 4);\n// should be liquidatable\n(0, chai_1.expect)(await hardhat_1.default.Diamond.isAccountLiquidatable(userTwo.address)).to.be.true;\nconst interestKissTotal = (0, hardhat_1.fromBig)(await hardhat_1.default.Diamond.kreskoAssetDebtInterestTotal(userTwo.address));\n// Liquidator mints KISS\nawait (0, krassets_1.mintKrAsset)({\n    asset: KISS,\n    amount: interestKissTotal + 1,\n    user: liquidator,\n});\n// Wipe seized collateral balance before liquidation for easy comparison\nawait this.collateral.setBalance(liquidator, (0, lib_1.toBig)(0));\n// Liquidate\nconst tx = await hardhat_1.default.Diamond.connect(liquidator).batchLiquidateInterest(userTwo.address, this.collateral.address);\nconst interestKissTotalAfter = (0, hardhat_1.fromBig)(await hardhat_1.default.Diamond.kreskoAssetDebtInterestTotal(userTwo.address));\n(0, chai_1.expect)(await hardhat_1.default.Diamond.isAccountLiquidatable(userTwo.address)).to.be.false;\nconst event = await (0, lib_1.getInternalEvent)(tx, hardhat_1.default.Diamond, \"BatchInterestLiquidationOccurred\");\nconst repayUSD = (0, hardhat_1.fromBig)(event.repayUSD);\n// interest accrued changes\n(0, chai_1.expect)(interestKissTotalAfter).to.closeTo(interestKissTotal - (0, hardhat_1.fromBig)(event.repayUSD), 0.0001);\nconst liquidationIncentive = (0, hardhat_1.fromBig)((await hardhat_1.default.Diamond.liquidationIncentiveMultiplier()).rawValue);\nconst expectedCollateral = (repayUSD / (0, hardhat_1.fromBig)(await this.collateral.getPrice(), 8)) * liquidationIncentive;\n// event validation\n(0, chai_1.expect)(event.account).to.equal(userTwo.address);\n(0, chai_1.expect)(event.liquidator).to.equal(liquidator.address);\n(0, chai_1.expect)(event.seizedCollateralAsset).to.equal(this.collateral.address);\n(0, chai_1.expect)((0, hardhat_1.fromBig)(event.collateralSent)).to.closeTo(expectedCollateral, 0.0001);\n(0, chai_1.expect)(repayUSD).to.closeTo(interestKissTotal - interestKissTotalAfter, 0.0001);\n// liquidator received collateral\n(0, chai_1.expect)(await this.collateral.contract.balanceOf(liquidator.address)).to.equal(event.collateralSent);",
                  "err": {},
                  "uuid": "b898e70d-a57d-4e65-8601-1c15484f88a9",
                  "parentUUID": "1167286d-121b-494b-8255-feb1dc3ec52e",
                  "isHook": false,
                  "skipped": false
                }
              ],
              "suites": [],
              "passes": [
                "0e064b83-d0bc-44e8-9b8b-f261763fa40e",
                "b04aaff8-07d4-4575-8c7f-eb83e6ad603e",
                "c3037804-8eda-4ef6-9774-7daef3c9a5b7",
                "b898e70d-a57d-4e65-8601-1c15484f88a9"
              ],
              "failures": [],
              "pending": [],
              "skipped": [],
              "duration": 2189,
              "root": false,
              "rootEmpty": false,
              "_timeout": 15000
            }
          ],
          "passes": [],
          "failures": [],
          "pending": [],
          "skipped": [],
          "duration": 0,
          "root": false,
          "rootEmpty": false,
          "_timeout": 15000
        }
      ],
      "passes": [],
      "failures": [],
      "pending": [],
      "skipped": [],
      "duration": 0,
      "root": true,
      "rootEmpty": true,
      "_timeout": 15000
    }
  ],
  "meta": {
    "mocha": {
      "version": "10.2.0"
    },
    "mochawesome": {
      "options": {
        "quiet": false,
        "reportFilename": "mochawesome",
        "saveHtml": true,
        "saveJson": true,
        "consoleReporter": "spec",
        "useInlineDiffs": false,
        "code": true
      },
      "version": "7.1.3"
    },
    "marge": {
      "options": null,
      "version": "6.2.0"
    }
  }
}