{
  "stats": {
    "suites": 13,
    "tests": 44,
    "passes": 41,
    "pending": 3,
    "failures": 0,
    "start": "2023-10-03T16:02:30.125Z",
    "end": "2023-10-03T16:02:43.423Z",
    "duration": 13298,
    "testsRegistered": 44,
    "passPercent": 100,
    "pendingPercent": 6.8181818181818175,
    "other": 0,
    "hasOther": false,
    "skipped": 0,
    "hasSkipped": false
  },
  "results": [
    {
      "uuid": "ad7bc408-e2da-42aa-b092-4a88c8f27a95",
      "title": "",
      "fullFile": "/Users/panukettunen/Projects/kresko-protocol/src/test/minter/04-mint-repay.ts",
      "file": "/src/test/minter/04-mint-repay.ts",
      "beforeHooks": [],
      "afterHooks": [],
      "tests": [],
      "suites": [
        {
          "uuid": "06c383ab-77b2-423d-9164-95d3dbc6eb57",
          "title": "Minter",
          "fullFile": "/Users/panukettunen/Projects/kresko-protocol/src/test/minter/04-mint-repay.ts",
          "file": "/src/test/minter/04-mint-repay.ts",
          "beforeHooks": [
            {
              "title": "\"before each\" hook in \"Minter\"",
              "fullTitle": "Minter \"before each\" hook in \"Minter\"",
              "timedOut": false,
              "duration": 0,
              "state": null,
              "speed": null,
              "pass": false,
              "fail": false,
              "pending": false,
              "context": null,
              "code": "f = await (0, _fixtures.mintRepayFixture)();\n[[user1, User1], [user2, User2]] = f.users;\nawait f.reset();",
              "err": {},
              "uuid": "9fba8005-61ea-443d-8797-21472a9b1e56",
              "parentUUID": "06c383ab-77b2-423d-9164-95d3dbc6eb57",
              "isHook": true,
              "skipped": false
            }
          ],
          "afterHooks": [],
          "tests": [],
          "suites": [
            {
              "uuid": "6a7d6cd7-4065-44a0-8900-307fbcc98ca4",
              "title": "#mint+burn",
              "fullFile": "/Users/panukettunen/Projects/kresko-protocol/src/test/minter/04-mint-repay.ts",
              "file": "/src/test/minter/04-mint-repay.ts",
              "beforeHooks": [],
              "afterHooks": [],
              "tests": [],
              "suites": [
                {
                  "uuid": "f2810293-b866-40f2-893d-ce77e8a9b12b",
                  "title": "#mint",
                  "fullFile": "/Users/panukettunen/Projects/kresko-protocol/src/test/minter/04-mint-repay.ts",
                  "file": "/src/test/minter/04-mint-repay.ts",
                  "beforeHooks": [],
                  "afterHooks": [],
                  "tests": [
                    {
                      "title": "should allow users to mint whitelisted Kresko assets backed by collateral",
                      "fullTitle": "Minter #mint+burn #mint should allow users to mint whitelisted Kresko assets backed by collateral",
                      "timedOut": false,
                      "duration": 278,
                      "state": "passed",
                      "speed": "slow",
                      "pass": true,
                      "fail": false,
                      "pending": false,
                      "context": null,
                      "code": "const kreskoAssetTotalSupplyBefore = await f.KrAsset.contract.totalSupply();\n(0, _chai.expect)(kreskoAssetTotalSupplyBefore).to.equal(f.initialMintAmount);\n// Initially, the array of the user's minted kresko assets should be empty.\nconst mintedKreskoAssetsBefore = await hre.Diamond.getAccountMintedAssets(user1.address);\n(0, _chai.expect)(mintedKreskoAssetsBefore).to.deep.equal([]);\n// Mint Kresko asset\nconst mintAmount = (0, _values.toBig)(10);\nawait User1.mintKreskoAsset(user1.address, f.KrAsset.address, mintAmount);\n// Confirm the array of the user's minted Kresko assets has been pushed to.\nconst mintedKreskoAssetsAfter = await hre.Diamond.getAccountMintedAssets(user1.address);\n(0, _chai.expect)(mintedKreskoAssetsAfter).to.deep.equal([\n    f.KrAsset.address\n]);\n// Confirm the amount minted is recorded for the user.\nconst amountMinted = await hre.Diamond.getAccountDebtAmount(user1.address, f.KrAsset.address);\n(0, _chai.expect)(amountMinted).to.equal(mintAmount);\n// Confirm the user's Kresko asset balance has increased\nconst userBalance = await f.KrAsset.contract.balanceOf(user1.address);\n(0, _chai.expect)(userBalance).to.equal(mintAmount);\n// Confirm that the Kresko asset's total supply increased as expected\nconst kreskoAssetTotalSupplyAfter = await f.KrAsset.contract.totalSupply();\n(0, _chai.expect)(kreskoAssetTotalSupplyAfter.eq(kreskoAssetTotalSupplyBefore.add(mintAmount)));",
                      "err": {},
                      "uuid": "cae2ddc5-b59e-4a8d-9ffb-8200d291585b",
                      "parentUUID": "f2810293-b866-40f2-893d-ce77e8a9b12b",
                      "isHook": false,
                      "skipped": false
                    },
                    {
                      "title": "should allow successive, valid mints of the same Kresko asset",
                      "fullTitle": "Minter #mint+burn #mint should allow successive, valid mints of the same Kresko asset",
                      "timedOut": false,
                      "duration": 477,
                      "state": "passed",
                      "speed": "slow",
                      "pass": true,
                      "fail": false,
                      "pending": false,
                      "context": null,
                      "code": "// Mint Kresko asset\nconst firstMintAmount = (0, _values.toBig)(50);\nawait User1.mintKreskoAsset(user1.address, f.KrAsset.address, firstMintAmount);\n// Confirm the array of the user's minted Kresko assets has been pushed to.\nconst mintedKreskoAssetsAfter = await hre.Diamond.getAccountMintedAssets(user1.address);\n(0, _chai.expect)(mintedKreskoAssetsAfter).to.deep.equal([\n    f.KrAsset.address\n]);\n// Confirm the amount minted is recorded for the user.\nconst amountMintedAfter = await hre.Diamond.getAccountDebtAmount(user1.address, f.KrAsset.address);\n(0, _chai.expect)(amountMintedAfter).to.equal(firstMintAmount);\n// Confirm the Kresko Asset as been minted to the user from Kresko.sol\nconst userBalanceAfter = await f.KrAsset.contract.balanceOf(user1.address);\n(0, _chai.expect)(userBalanceAfter).to.equal(amountMintedAfter);\n// Confirm that the Kresko asset's total supply increased as expected\nconst kreskoAssetTotalSupplyAfter = await f.KrAsset.contract.totalSupply();\n(0, _chai.expect)(kreskoAssetTotalSupplyAfter).to.equal(f.initialMintAmount.add(firstMintAmount));\n// ------------------------ Second mint ------------------------\n// Mint Kresko asset\nconst secondMintAmount = (0, _values.toBig)(50);\nawait User1.mintKreskoAsset(user1.address, f.KrAsset.address, secondMintAmount);\n// Confirm the array of the user's minted Kresko assets is unchanged\nconst mintedKreskoAssetsFinal = await hre.Diamond.getAccountMintedAssets(user1.address);\n(0, _chai.expect)(mintedKreskoAssetsFinal).to.deep.equal([\n    f.KrAsset.address\n]);\n// Confirm the second mint amount is recorded for the user\nconst amountMintedFinal = await hre.Diamond.getAccountDebtAmount(user1.address, f.KrAsset.address);\n(0, _chai.expect)(amountMintedFinal).to.closeTo(firstMintAmount.add(secondMintAmount), INTEREST_RATE_DELTA);\n// Confirm the Kresko Asset as been minted to the user from Kresko.sol\nconst userBalanceFinal = await f.KrAsset.contract.balanceOf(user1.address);\n(0, _chai.expect)(userBalanceFinal).to.closeTo(amountMintedFinal, INTEREST_RATE_DELTA);\n// Confirm that the Kresko asset's total supply increased as expected\nconst kreskoAssetTotalSupplyFinal = await f.KrAsset.contract.totalSupply();\n(0, _chai.expect)(kreskoAssetTotalSupplyFinal).to.closeTo(kreskoAssetTotalSupplyAfter.add(secondMintAmount), INTEREST_RATE_DELTA);",
                      "err": {},
                      "uuid": "aa3f8999-e101-40f2-aa53-07d2bb602313",
                      "parentUUID": "f2810293-b866-40f2-893d-ce77e8a9b12b",
                      "isHook": false,
                      "skipped": false
                    },
                    {
                      "title": "should allow users to mint multiple different Kresko assets",
                      "fullTitle": "Minter #mint+burn #mint should allow users to mint multiple different Kresko assets",
                      "timedOut": false,
                      "duration": 331,
                      "state": "passed",
                      "speed": "slow",
                      "pass": true,
                      "fail": false,
                      "pending": false,
                      "context": null,
                      "code": "// Initially, the array of the user's minted kresko assets should be empty.\nconst mintedKreskoAssetsInitial = await _optimizations.default.getAccountMintedAssets(user1.address);\n(0, _chai.expect)(mintedKreskoAssetsInitial).to.deep.equal([]);\n// Mint Kresko asset\nconst firstMintAmount = (0, _values.toBig)(10);\nawait User1.mintKreskoAsset(user1.address, f.KrAsset.address, firstMintAmount);\n// Confirm the array of the user's minted Kresko assets has been pushed to.\nconst mintedKreskoAssetsAfter = await _optimizations.default.getAccountMintedAssets(user1.address);\n(0, _chai.expect)(mintedKreskoAssetsAfter).to.deep.equal([\n    f.KrAsset.address\n]);\n// Confirm the amount minted is recorded for the user.\nconst amountMintedAfter = await _optimizations.default.getAccountDebtAmount(user1.address, f.KrAsset);\n(0, _chai.expect)(amountMintedAfter).to.equal(firstMintAmount);\n// Confirm the Kresko Asset as been minted to the user from Kresko.sol\nconst userBalanceAfter = await f.KrAsset.balanceOf(user1.address);\n(0, _chai.expect)(userBalanceAfter).to.equal(amountMintedAfter);\n// Confirm that the Kresko asset's total supply increased as expected\nconst kreskoAssetTotalSupplyAfter = await f.KrAsset.contract.totalSupply();\n(0, _chai.expect)(kreskoAssetTotalSupplyAfter).to.equal(f.initialMintAmount.add(firstMintAmount));\n// ------------------------ Second mint ------------------------\n// Mint Kresko asset\nconst secondMintAmount = (0, _values.toBig)(20);\nawait User1.mintKreskoAsset(user1.address, f.KrAsset2.address, secondMintAmount);\n// Confirm that the second address has been pushed to the array of the user's minted Kresko assets\nconst mintedKreskoAssetsFinal = await _optimizations.default.getAccountMintedAssets(user1.address);\n(0, _chai.expect)(mintedKreskoAssetsFinal).to.deep.equal([\n    f.KrAsset.address,\n    f.KrAsset2.address\n]);\n// Confirm the second mint amount is recorded for the user\nconst amountMintedAssetTwo = await _optimizations.default.getAccountDebtAmount(user1.address, f.KrAsset2);\n(0, _chai.expect)(amountMintedAssetTwo).to.equal(secondMintAmount);\n// Confirm the Kresko Asset as been minted to the user from Kresko.sol\nconst userBalanceFinal = await f.KrAsset2.balanceOf(user1.address);\n(0, _chai.expect)(userBalanceFinal).to.equal(amountMintedAssetTwo);\n// Confirm that the Kresko asset's total supply increased as expected\nconst secondKreskoAssetTotalSupply = await f.KrAsset2.contract.totalSupply();\n(0, _chai.expect)(secondKreskoAssetTotalSupply).to.equal(secondMintAmount);",
                      "err": {},
                      "uuid": "0e4db39f-0a76-4bc1-bb65-32cd399b9702",
                      "parentUUID": "f2810293-b866-40f2-893d-ce77e8a9b12b",
                      "isHook": false,
                      "skipped": false
                    },
                    {
                      "title": "should allow users to mint Kresko assets with USD value equal to the minimum debt value",
                      "fullTitle": "Minter #mint+burn #mint should allow users to mint Kresko assets with USD value equal to the minimum debt value",
                      "timedOut": false,
                      "duration": 231,
                      "state": "passed",
                      "speed": "slow",
                      "pass": true,
                      "fail": false,
                      "pending": false,
                      "context": null,
                      "code": "// Confirm that the mint amount's USD value is equal to the contract's current minimum debt value\nconst mintAmount = (0, _values.toBig)(1); // 1 * $10 = $10\nconst mintAmountUSDValue = await hre.Diamond.getValue(f.KrAsset.address, mintAmount);\nconst currMinimumDebtValue = await hre.Diamond.getMinDebtValue();\n(0, _chai.expect)(mintAmountUSDValue).to.equal(currMinimumDebtValue);\nawait User1.mintKreskoAsset(user1.address, f.KrAsset.address, mintAmount);\n// Confirm that the mint was successful and user's balances have increased\nconst finalKreskoAssetDebt = await _optimizations.default.getAccountDebtAmount(user1.address, f.KrAsset);\n(0, _chai.expect)(finalKreskoAssetDebt).to.equal(mintAmount);",
                      "err": {},
                      "uuid": "6ea6fcb5-477a-4209-bb89-99fa716f656f",
                      "parentUUID": "f2810293-b866-40f2-893d-ce77e8a9b12b",
                      "isHook": false,
                      "skipped": false
                    },
                    {
                      "title": "should allow a trusted address to mint Kresko assets on behalf of another user",
                      "fullTitle": "Minter #mint+burn #mint should allow a trusted address to mint Kresko assets on behalf of another user",
                      "timedOut": false,
                      "duration": 180,
                      "state": "passed",
                      "speed": "medium",
                      "pass": true,
                      "fail": false,
                      "pending": false,
                      "context": null,
                      "code": "await hre.Diamond.grantRole(_roles.default.MANAGER, user2.address);\n// Initially, the array of the user's minted kresko assets should be empty.\nconst mintedKreskoAssetsBefore = await _optimizations.default.getAccountMintedAssets(user1.address);\n(0, _chai.expect)(mintedKreskoAssetsBefore).to.deep.equal([]);\n// userThree (trusted contract) mints Kresko asset for userOne\nconst mintAmount = (0, _values.toBig)(1);\nawait User2.mintKreskoAsset(user1.address, f.KrAsset.address, mintAmount);\n// Check that debt exists now for userOne\nconst userTwoBalanceAfter = await _optimizations.default.getAccountDebtAmount(user1.address, f.KrAsset);\n(0, _chai.expect)(userTwoBalanceAfter).to.equal(mintAmount);\n// Initially, the array of the user's minted kresko assets should be empty.\nconst mintedKreskoAssetsAfter = await _optimizations.default.getAccountMintedAssets(user1.address);\n(0, _chai.expect)(mintedKreskoAssetsAfter).to.deep.equal([\n    f.KrAsset.address\n]);",
                      "err": {},
                      "uuid": "194f52bf-01ac-43a3-b5b6-d43ff4ec2569",
                      "parentUUID": "f2810293-b866-40f2-893d-ce77e8a9b12b",
                      "isHook": false,
                      "skipped": false
                    },
                    {
                      "title": "should emit KreskoAssetMinted event",
                      "fullTitle": "Minter #mint+burn #mint should emit KreskoAssetMinted event",
                      "timedOut": false,
                      "duration": 139,
                      "state": "passed",
                      "speed": "medium",
                      "pass": true,
                      "fail": false,
                      "pending": false,
                      "context": null,
                      "code": "const tx = await User1.mintKreskoAsset(user1.address, f.KrAsset.address, f.initialMintAmount);\nconst event = await (0, _events.getInternalEvent)(tx, hre.Diamond, \"KreskoAssetMinted\");\n(0, _chai.expect)(event.account).to.equal(user1.address);\n(0, _chai.expect)(event.kreskoAsset).to.equal(f.KrAsset.address);\n(0, _chai.expect)(event.amount).to.equal(f.initialMintAmount);",
                      "err": {},
                      "uuid": "a6adfaf9-069f-4587-b6dd-8f98e3fca202",
                      "parentUUID": "f2810293-b866-40f2-893d-ce77e8a9b12b",
                      "isHook": false,
                      "skipped": false
                    },
                    {
                      "title": "should not allow untrusted account to mint Kresko assets on behalf of another user",
                      "fullTitle": "Minter #mint+burn #mint should not allow untrusted account to mint Kresko assets on behalf of another user",
                      "timedOut": false,
                      "duration": 58,
                      "state": "passed",
                      "speed": "fast",
                      "pass": true,
                      "fail": false,
                      "pending": false,
                      "context": null,
                      "code": "await (0, _chai.expect)(User1.mintKreskoAsset(user2.address, f.KrAsset.address, (0, _values.toBig)(1))).to.be.revertedWith(`AccessControl: account ${user1.address.toLowerCase()} is missing role 0x46925e0f0cc76e485772167edccb8dc449d43b23b55fc4e756b063f49099e6a0`);",
                      "err": {},
                      "uuid": "f224b122-889c-4240-88f2-47af0d51ee33",
                      "parentUUID": "f2810293-b866-40f2-893d-ce77e8a9b12b",
                      "isHook": false,
                      "skipped": false
                    },
                    {
                      "title": "should not allow users to mint Kresko assets if the resulting position's USD value is less than the minimum debt value",
                      "fullTitle": "Minter #mint+burn #mint should not allow users to mint Kresko assets if the resulting position's USD value is less than the minimum debt value",
                      "timedOut": false,
                      "duration": 111,
                      "state": "passed",
                      "speed": "medium",
                      "pass": true,
                      "fail": false,
                      "pending": false,
                      "context": null,
                      "code": "const currMinimumDebtValue = await _optimizations.default.getMinDebtValue();\nconst mintAmount = currMinimumDebtValue.wadDiv(_mocks.TEN_USD.bn(8)).sub(1e9);\nawait (0, _chai.expect)(User1.mintKreskoAsset(user1.address, f.KrAsset.address, mintAmount)).to.be.revertedWithCustomError((0, _errors.CError)(hre), \"MINT_VALUE_LOW\").withArgs(f.KrAsset.address, 10e8 - 1, currMinimumDebtValue);",
                      "err": {},
                      "uuid": "abc546fa-93fa-4fc9-b99a-8dd92a002be7",
                      "parentUUID": "f2810293-b866-40f2-893d-ce77e8a9b12b",
                      "isHook": false,
                      "skipped": false
                    },
                    {
                      "title": "should not allow users to mint non-whitelisted Kresko assets",
                      "fullTitle": "Minter #mint+burn #mint should not allow users to mint non-whitelisted Kresko assets",
                      "timedOut": false,
                      "duration": 33,
                      "state": "passed",
                      "speed": "fast",
                      "pass": true,
                      "fail": false,
                      "pending": false,
                      "context": null,
                      "code": "// Attempt to mint a non-deployed, non-whitelisted Kresko asset\nawait (0, _chai.expect)(User1.mintKreskoAsset(user1.address, \"0x0000000000000000000000000000000000000002\", (0, _values.toBig)(1))).to.be.revertedWithCustomError((0, _errors.CError)(hre), \"KRASSET_DOES_NOT_EXIST\").withArgs(\"0x0000000000000000000000000000000000000002\");",
                      "err": {},
                      "uuid": "c3987215-2f13-46e2-a045-0578249678fa",
                      "parentUUID": "f2810293-b866-40f2-893d-ce77e8a9b12b",
                      "isHook": false,
                      "skipped": false
                    },
                    {
                      "title": "should not allow users to mint Kresko assets over their collateralization ratio limit",
                      "fullTitle": "Minter #mint+burn #mint should not allow users to mint Kresko assets over their collateralization ratio limit",
                      "timedOut": false,
                      "duration": 311,
                      "state": "passed",
                      "speed": "slow",
                      "pass": true,
                      "fail": false,
                      "pending": false,
                      "context": null,
                      "code": "const collateralAmountDeposited = await _optimizations.default.getAccountCollateralAmount(user1.address, f.Collateral.address);\nconst MCR = await hre.Diamond.getMinCollateralRatio();\nconst mcrAmount = collateralAmountDeposited.percentMul(MCR);\nconst mintAmount = mcrAmount.add(1);\nconst mintValue = await hre.Diamond.getValue(f.KrAsset.address, mintAmount);\nconst userState = await hre.Diamond.getAccountState(user1.address);\nawait (0, _chai.expect)(User1.mintKreskoAsset(user1.address, f.KrAsset.address, mintAmount)).to.be.revertedWithCustomError((0, _errors.CError)(hre), \"COLLATERAL_VALUE_LOW\").withArgs(userState.totalCollateralValue, mintValue.percentMul(MCR));",
                      "err": {},
                      "uuid": "6074b8f3-8539-4524-adc4-14883dd89a06",
                      "parentUUID": "f2810293-b866-40f2-893d-ce77e8a9b12b",
                      "isHook": false,
                      "skipped": false
                    },
                    {
                      "title": "should not allow the minting of any Kresko asset amount over its maximum limit",
                      "fullTitle": "Minter #mint+burn #mint should not allow the minting of any Kresko asset amount over its maximum limit",
                      "timedOut": false,
                      "duration": 240,
                      "state": "passed",
                      "speed": "slow",
                      "pass": true,
                      "fail": false,
                      "pending": false,
                      "context": null,
                      "code": "// User deposits another 10,000 collateral tokens, enabling mints of up to 20,000/1.5 = ~13,333 kresko asset tokens\nawait f.Collateral.setBalance(user1, (0, _values.toBig)(100000000));\nawait (0, _chai.expect)(User1.depositCollateral(user1.address, f.Collateral.address, (0, _values.toBig)(10000))).not.to.be.reverted;\nconst assetSupplyLimit = (0, _values.toBig)(1);\nconst mintAmount = (0, _values.toBig)(2);\nawait f.KrAsset.update({\n    ...f.KrAsset.config.args,\n    krAssetConfig: {\n        ...f.KrAsset.config.args.krAssetConfig,\n        supplyLimit: assetSupplyLimit\n    }\n});\nawait (0, _chai.expect)(User1.mintKreskoAsset(user1.address, f.KrAsset.address, mintAmount)).to.be.revertedWithCustomError((0, _errors.CError)(hre), \"MAX_SUPPLY_EXCEEDED\").withArgs(f.KrAsset.address, (await f.KrAsset.contract.totalSupply()).add(mintAmount), assetSupplyLimit);\nawait f.KrAsset.update({\n    ...f.KrAsset.config.args,\n    krAssetConfig: {\n        ...f.KrAsset.config.args.krAssetConfig,\n        supplyLimit: assetSupplyLimit\n    }\n});",
                      "err": {},
                      "uuid": "880863a3-7f76-4ac2-b8a7-2c78fde16116",
                      "parentUUID": "f2810293-b866-40f2-893d-ce77e8a9b12b",
                      "isHook": false,
                      "skipped": false
                    },
                    {
                      "title": "should not allow the minting of kreskoAssets if the market is closed",
                      "fullTitle": "Minter #mint+burn #mint should not allow the minting of kreskoAssets if the market is closed",
                      "timedOut": false,
                      "duration": 0,
                      "state": "pending",
                      "speed": null,
                      "pass": false,
                      "fail": false,
                      "pending": true,
                      "context": null,
                      "code": "",
                      "err": {},
                      "uuid": "bbb653d5-a7e5-498d-bd5e-9f807b3aeed8",
                      "parentUUID": "f2810293-b866-40f2-893d-ce77e8a9b12b",
                      "isHook": false,
                      "skipped": false
                    }
                  ],
                  "suites": [],
                  "passes": [
                    "cae2ddc5-b59e-4a8d-9ffb-8200d291585b",
                    "aa3f8999-e101-40f2-aa53-07d2bb602313",
                    "0e4db39f-0a76-4bc1-bb65-32cd399b9702",
                    "6ea6fcb5-477a-4209-bb89-99fa716f656f",
                    "194f52bf-01ac-43a3-b5b6-d43ff4ec2569",
                    "a6adfaf9-069f-4587-b6dd-8f98e3fca202",
                    "f224b122-889c-4240-88f2-47af0d51ee33",
                    "abc546fa-93fa-4fc9-b99a-8dd92a002be7",
                    "c3987215-2f13-46e2-a045-0578249678fa",
                    "6074b8f3-8539-4524-adc4-14883dd89a06",
                    "880863a3-7f76-4ac2-b8a7-2c78fde16116"
                  ],
                  "failures": [],
                  "pending": [
                    "bbb653d5-a7e5-498d-bd5e-9f807b3aeed8"
                  ],
                  "skipped": [],
                  "duration": 2389,
                  "root": false,
                  "rootEmpty": false,
                  "_timeout": 30000
                },
                {
                  "uuid": "7308ca9c-58a5-4ea3-a728-df5b3fa9f5f9",
                  "title": "#mint - rebase",
                  "fullFile": "/Users/panukettunen/Projects/kresko-protocol/src/test/minter/04-mint-repay.ts",
                  "file": "/src/test/minter/04-mint-repay.ts",
                  "beforeHooks": [],
                  "afterHooks": [],
                  "tests": [],
                  "suites": [
                    {
                      "uuid": "ac3d48d0-3cad-4ecd-bef5-8f33cfd11cfe",
                      "title": "debt amounts are calculated correctly",
                      "fullFile": "/Users/panukettunen/Projects/kresko-protocol/src/test/minter/04-mint-repay.ts",
                      "file": "/src/test/minter/04-mint-repay.ts",
                      "beforeHooks": [],
                      "afterHooks": [],
                      "tests": [
                        {
                          "title": "when minted before positive rebase",
                          "fullTitle": "Minter #mint+burn #mint - rebase debt amounts are calculated correctly when minted before positive rebase",
                          "timedOut": false,
                          "duration": 185,
                          "state": "passed",
                          "speed": "medium",
                          "pass": true,
                          "fail": false,
                          "pending": false,
                          "context": null,
                          "code": "// Rebase params\nconst denominator = 4;\nconst positive = true;\n// Mint before rebase\nawait User1.mintKreskoAsset(user1.address, f.KrAsset.address, mintAmount);\nconst balanceBefore = await f.KrAsset.balanceOf(user1.address);\n// Rebase the asset according to params\nawait f.KrAsset.contract.rebase((0, _values.toBig)(denominator), positive, []);\n// Ensure that the minted balance is adjusted by the rebase\nconst [balanceAfter, balanceAfterAdjusted] = await (0, _krassets.getDebtIndexAdjustedBalance)(user1, f.KrAsset);\n(0, _chai.expect)(balanceAfter).to.equal(mintAmount.mul(denominator));\n(0, _chai.expect)(balanceBefore).to.not.equal(balanceAfter);\n// Ensure that debt amount is also adjsuted by the rebase\nconst debtAmount = await hre.Diamond.getAccountDebtAmount(user1.address, f.KrAsset.address);\n(0, _chai.expect)(balanceAfterAdjusted).to.equal(debtAmount);",
                          "err": {},
                          "uuid": "a0b41bfe-0682-4a42-91c5-fc838bd8e9a0",
                          "parentUUID": "ac3d48d0-3cad-4ecd-bef5-8f33cfd11cfe",
                          "isHook": false,
                          "skipped": false
                        },
                        {
                          "title": "when minted before negative rebase",
                          "fullTitle": "Minter #mint+burn #mint - rebase debt amounts are calculated correctly when minted before negative rebase",
                          "timedOut": false,
                          "duration": 183,
                          "state": "passed",
                          "speed": "medium",
                          "pass": true,
                          "fail": false,
                          "pending": false,
                          "context": null,
                          "code": "// Rebase params\nconst denominator = 4;\nconst positive = false;\n// Mint before rebase\nawait User1.mintKreskoAsset(user1.address, f.KrAsset.address, mintAmount);\nconst balanceBefore = await f.KrAsset.balanceOf(user1.address);\n// Rebase the asset according to params\nawait f.KrAsset.contract.rebase((0, _values.toBig)(denominator), positive, []);\n// Ensure that the minted balance is adjusted by the rebase\nconst [balanceAfter, balanceAfterAdjusted] = await (0, _krassets.getDebtIndexAdjustedBalance)(user1, f.KrAsset);\n(0, _chai.expect)(balanceAfter).to.equal(mintAmount.div(denominator));\n(0, _chai.expect)(balanceBefore).to.not.equal(balanceAfter);\n// Ensure that debt amount is also adjsuted by the rebase\nconst debtAmount = await hre.Diamond.getAccountDebtAmount(user1.address, f.KrAsset.address);\n(0, _chai.expect)(balanceAfterAdjusted).to.equal(debtAmount);",
                          "err": {},
                          "uuid": "033b6ed0-710f-425a-9df6-29503077c270",
                          "parentUUID": "ac3d48d0-3cad-4ecd-bef5-8f33cfd11cfe",
                          "isHook": false,
                          "skipped": false
                        },
                        {
                          "title": "when minted after positive rebase",
                          "fullTitle": "Minter #mint+burn #mint - rebase debt amounts are calculated correctly when minted after positive rebase",
                          "timedOut": false,
                          "duration": 181,
                          "state": "passed",
                          "speed": "medium",
                          "pass": true,
                          "fail": false,
                          "pending": false,
                          "context": null,
                          "code": "// Rebase params\nconst denominator = 4;\nconst positive = true;\n// Mint before rebase\nawait User1.mintKreskoAsset(user1.address, f.KrAsset.address, mintAmount);\nconst balanceBefore = await f.KrAsset.balanceOf(user1.address);\n// Rebase the asset according to params\nawait f.KrAsset.contract.rebase((0, _values.toBig)(denominator), positive, []);\n// Ensure that the minted balance is adjusted by the rebase\nconst [balanceAfter, balanceAfterAdjusted] = await (0, _krassets.getDebtIndexAdjustedBalance)(user1, f.KrAsset);\n(0, _chai.expect)(balanceAfter).to.equal(mintAmount.mul(denominator));\n(0, _chai.expect)(balanceBefore).to.not.equal(balanceAfter);\n// Ensure that debt amount is also adjusted by the rebase\nconst debtAmount = await hre.Diamond.getAccountDebtAmount(user1.address, f.KrAsset.address);\n(0, _chai.expect)(balanceAfterAdjusted).to.equal(debtAmount);",
                          "err": {},
                          "uuid": "6bca7f6e-c050-4905-9147-7057ae4ffbe6",
                          "parentUUID": "ac3d48d0-3cad-4ecd-bef5-8f33cfd11cfe",
                          "isHook": false,
                          "skipped": false
                        },
                        {
                          "title": "when minted after negative rebase",
                          "fullTitle": "Minter #mint+burn #mint - rebase debt amounts are calculated correctly when minted after negative rebase",
                          "timedOut": false,
                          "duration": 188,
                          "state": "passed",
                          "speed": "medium",
                          "pass": true,
                          "fail": false,
                          "pending": false,
                          "context": null,
                          "code": "// Rebase params\nconst denominator = 4;\nconst positive = false;\n// Mint before rebase\nawait User1.mintKreskoAsset(user1.address, f.KrAsset.address, mintAmount);\nconst balanceBefore = await f.KrAsset.balanceOf(user1.address);\n// Rebase the asset according to params\nawait f.KrAsset.contract.rebase((0, _values.toBig)(denominator), positive, []);\n// Ensure that the minted balance is adjusted by the rebase\nconst [balanceAfter, balanceAfterAdjusted] = await (0, _krassets.getDebtIndexAdjustedBalance)(user1, f.KrAsset);\n(0, _chai.expect)(balanceAfter).to.equal(mintAmount.div(denominator));\n(0, _chai.expect)(balanceBefore).to.not.equal(balanceAfter);\n// Ensure that debt amount is also adjusted by the rebase\nconst debtAmount = await hre.Diamond.getAccountDebtAmount(user1.address, f.KrAsset.address);\n(0, _chai.expect)(balanceAfterAdjusted).to.equal(debtAmount);",
                          "err": {},
                          "uuid": "235a58be-42a5-4470-ae23-05dfc37f2c5a",
                          "parentUUID": "ac3d48d0-3cad-4ecd-bef5-8f33cfd11cfe",
                          "isHook": false,
                          "skipped": false
                        }
                      ],
                      "suites": [],
                      "passes": [
                        "a0b41bfe-0682-4a42-91c5-fc838bd8e9a0",
                        "033b6ed0-710f-425a-9df6-29503077c270",
                        "6bca7f6e-c050-4905-9147-7057ae4ffbe6",
                        "235a58be-42a5-4470-ae23-05dfc37f2c5a"
                      ],
                      "failures": [],
                      "pending": [],
                      "skipped": [],
                      "duration": 737,
                      "root": false,
                      "rootEmpty": false,
                      "_timeout": 30000
                    },
                    {
                      "uuid": "b71439f7-584f-4202-9564-aac770646c38",
                      "title": "debt values are calculated correctly",
                      "fullFile": "/Users/panukettunen/Projects/kresko-protocol/src/test/minter/04-mint-repay.ts",
                      "file": "/src/test/minter/04-mint-repay.ts",
                      "beforeHooks": [],
                      "afterHooks": [],
                      "tests": [
                        {
                          "title": "when mint is made before positive rebase",
                          "fullTitle": "Minter #mint+burn #mint - rebase debt values are calculated correctly when mint is made before positive rebase",
                          "timedOut": false,
                          "duration": 283,
                          "state": "passed",
                          "speed": "slow",
                          "pass": true,
                          "fail": false,
                          "pending": false,
                          "context": null,
                          "code": "// Rebase params\nconst denominator = 4;\nconst positive = true;\n// Mint before rebase\nawait User1.mintKreskoAsset(user1.address, f.KrAsset.address, mintAmount);\nconst valueBeforeRebase = await hre.Diamond.getAccountTotalDebtValue(user1.address);\n// Adjust price accordingly\nconst assetPrice = await f.KrAsset.getPrice();\nf.KrAsset.setPrice((0, _values.fromBig)(assetPrice.div(denominator), 8));\n// Rebase the asset according to params\nawait f.KrAsset.contract.rebase((0, _values.toBig)(denominator), positive, []);\n// Ensure that the value inside protocol matches the value before rebase\nconst valueAfterRebase = await hre.Diamond.getAccountTotalDebtValue(user1.address);\n(0, _chai.expect)(valueAfterRebase).to.equal(valueBeforeRebase);",
                          "err": {},
                          "uuid": "d3ab2e56-5d6b-46da-9296-73c4a8a20730",
                          "parentUUID": "b71439f7-584f-4202-9564-aac770646c38",
                          "isHook": false,
                          "skipped": false
                        },
                        {
                          "title": "when mint is made before negative rebase",
                          "fullTitle": "Minter #mint+burn #mint - rebase debt values are calculated correctly when mint is made before negative rebase",
                          "timedOut": false,
                          "duration": 274,
                          "state": "passed",
                          "speed": "slow",
                          "pass": true,
                          "fail": false,
                          "pending": false,
                          "context": null,
                          "code": "// Rebase params\nconst denominator = 4;\nconst positive = false;\n// Mint before rebase\nawait User1.mintKreskoAsset(user1.address, f.KrAsset.address, mintAmount);\nconst valueBeforeRebase = await hre.Diamond.getAccountTotalDebtValue(user1.address);\n// Adjust price accordingly\nconst assetPrice = await f.KrAsset.getPrice();\nf.KrAsset.setPrice((0, _values.fromBig)(assetPrice.mul(denominator), 8));\n// Rebase the asset according to params\nawait f.KrAsset.contract.rebase((0, _values.toBig)(denominator), positive, []);\n// Ensure that the value inside protocol matches the value before rebase\nconst valueAfterRebase = await hre.Diamond.getAccountTotalDebtValue(user1.address);\n(0, _chai.expect)(valueAfterRebase).to.equal(valueBeforeRebase);",
                          "err": {},
                          "uuid": "153c5333-19cd-47b3-9532-a04b7621f083",
                          "parentUUID": "b71439f7-584f-4202-9564-aac770646c38",
                          "isHook": false,
                          "skipped": false
                        },
                        {
                          "title": "when minted after positive rebase",
                          "fullTitle": "Minter #mint+burn #mint - rebase debt values are calculated correctly when minted after positive rebase",
                          "timedOut": false,
                          "duration": 277,
                          "state": "passed",
                          "speed": "slow",
                          "pass": true,
                          "fail": false,
                          "pending": false,
                          "context": null,
                          "code": "// Rebase params\nconst denominator = 4;\nconst positive = true;\n// Equal value after rebase\nconst equalMintAmount = mintAmount.mul(denominator);\nconst assetPrice = await f.KrAsset.getPrice();\n// Get value of the future mint before rebase\nconst valueBeforeRebase = await hre.Diamond.getValue(f.KrAsset.address, mintAmount);\n// Adjust price accordingly\nf.KrAsset.setPrice((0, _values.fromBig)(assetPrice, 8) / denominator);\nawait f.KrAsset.contract.rebase((0, _values.toBig)(denominator), positive, []);\nawait User1.mintKreskoAsset(user1.address, f.KrAsset.address, equalMintAmount);\n// Ensure that value after mint matches what is expected\nconst valueAfterRebase = await hre.Diamond.getAccountTotalDebtValue(user1.address);\n(0, _chai.expect)(valueAfterRebase).to.equal(valueBeforeRebase);",
                          "err": {},
                          "uuid": "4af4920a-81d7-439f-bb9d-6601634c3fa2",
                          "parentUUID": "b71439f7-584f-4202-9564-aac770646c38",
                          "isHook": false,
                          "skipped": false
                        },
                        {
                          "title": "when minted after negative rebase",
                          "fullTitle": "Minter #mint+burn #mint - rebase debt values are calculated correctly when minted after negative rebase",
                          "timedOut": false,
                          "duration": 274,
                          "state": "passed",
                          "speed": "slow",
                          "pass": true,
                          "fail": false,
                          "pending": false,
                          "context": null,
                          "code": "// Rebase params\nconst denominator = 4;\nconst positive = false;\n// Equal value after rebase\nconst equalMintAmount = mintAmount.div(denominator);\nconst assetPrice = await f.KrAsset.getPrice();\n// Get value of the future mint before rebase\nconst valueBeforeRebase = await hre.Diamond.getValue(f.KrAsset.address, mintAmount);\n// Adjust price accordingly\nf.KrAsset.setPrice((0, _values.fromBig)(assetPrice.mul(denominator), 8));\nawait f.KrAsset.contract.rebase((0, _values.toBig)(denominator), positive, []);\nawait User1.mintKreskoAsset(user1.address, f.KrAsset.address, equalMintAmount);\n// Ensure that value after mint matches what is expected\nconst valueAfterRebase = await hre.Diamond.getAccountTotalDebtValue(user1.address);\n(0, _chai.expect)(valueAfterRebase).to.equal(valueBeforeRebase);",
                          "err": {},
                          "uuid": "11a133bb-70f2-4283-9992-1174d92022e2",
                          "parentUUID": "b71439f7-584f-4202-9564-aac770646c38",
                          "isHook": false,
                          "skipped": false
                        }
                      ],
                      "suites": [],
                      "passes": [
                        "d3ab2e56-5d6b-46da-9296-73c4a8a20730",
                        "153c5333-19cd-47b3-9532-a04b7621f083",
                        "4af4920a-81d7-439f-bb9d-6601634c3fa2",
                        "11a133bb-70f2-4283-9992-1174d92022e2"
                      ],
                      "failures": [],
                      "pending": [],
                      "skipped": [],
                      "duration": 1108,
                      "root": false,
                      "rootEmpty": false,
                      "_timeout": 30000
                    },
                    {
                      "uuid": "98b5df0d-2cc9-4547-b65c-3be1c67b2e6d",
                      "title": "debt values and amounts are calculated correctly",
                      "fullFile": "/Users/panukettunen/Projects/kresko-protocol/src/test/minter/04-mint-repay.ts",
                      "file": "/src/test/minter/04-mint-repay.ts",
                      "beforeHooks": [],
                      "afterHooks": [],
                      "tests": [
                        {
                          "title": "when minted before and after a positive rebase",
                          "fullTitle": "Minter #mint+burn #mint - rebase debt values and amounts are calculated correctly when minted before and after a positive rebase",
                          "timedOut": false,
                          "duration": 638,
                          "state": "passed",
                          "speed": "slow",
                          "pass": true,
                          "fail": false,
                          "pending": false,
                          "context": null,
                          "code": "const assetPrice = await f.KrAsset.getPrice();\n// Rebase params\nconst denominator = 4;\nconst positive = true;\nconst mintAmountAfterRebase = mintAmount.mul(denominator);\nconst assetPriceRebase = assetPrice.div(denominator);\n// Get value of the future mint\nconst valueBeforeRebase = await hre.Diamond.getValue(f.KrAsset.address, mintAmount);\n// Mint before rebase\nawait User1.mintKreskoAsset(user1.address, f.KrAsset.address, mintAmount);\n// Get results\nconst balanceAfterFirstMint = await f.KrAsset.contract.balanceOf(user1.address);\nconst debtAmountAfterFirstMint = await hre.Diamond.getAccountDebtAmount(user1.address, f.KrAsset.address);\nconst debtValueAfterFirstMint = await hre.Diamond.getAccountTotalDebtValue(user1.address);\n// Assert\n(0, _chai.expect)(balanceAfterFirstMint).to.equal(debtAmountAfterFirstMint);\n(0, _chai.expect)(valueBeforeRebase).to.equal(debtValueAfterFirstMint);\n// Adjust price and rebase\nf.KrAsset.setPrice((0, _values.fromBig)(assetPriceRebase, 8));\nawait f.KrAsset.contract.rebase((0, _values.toBig)(denominator), positive, []);\n// Ensure debt amounts and balances match\nconst [balanceAfterFirstRebase, balanceAfterFirstRebaseAdjusted] = await (0, _krassets.getDebtIndexAdjustedBalance)(user1, f.KrAsset);\nconst debtAmountAfterFirstRebase = await hre.Diamond.getAccountDebtAmount(user1.address, f.KrAsset.address);\n(0, _chai.expect)(balanceAfterFirstRebase).to.equal(mintAmountAfterRebase);\n(0, _chai.expect)(balanceAfterFirstRebaseAdjusted).to.equal(debtAmountAfterFirstRebase);\n// Ensure debt usd values match\nconst debtValueAfterFirstRebase = await hre.Diamond.getAccountTotalDebtValue(user1.address);\n(0, _chai.expect)(await (0, _calculations.fromScaledAmount)(debtValueAfterFirstRebase, f.KrAsset)).to.equal(debtValueAfterFirstMint);\n(0, _chai.expect)(await (0, _calculations.fromScaledAmount)(debtValueAfterFirstRebase, f.KrAsset)).to.equal(valueBeforeRebase);\n// Mint after rebase\nawait User1.mintKreskoAsset(user1.address, f.KrAsset.address, mintAmountAfterRebase);\n// Ensure debt amounts and balances match\nconst balanceAfterSecondMint = await f.KrAsset.contract.balanceOf(user1.address);\n// Ensure balance matches\nconst expectedBalanceAfterSecondMint = balanceAfterFirstRebase.add(mintAmountAfterRebase);\n(0, _chai.expect)(balanceAfterSecondMint).to.equal(expectedBalanceAfterSecondMint);\n// Ensure debt usd values match\nconst debtValueAfterSecondMint = await hre.Diamond.getAccountTotalDebtValue(user1.address);\n(0, _chai.expect)(await (0, _calculations.fromScaledAmount)(debtValueAfterSecondMint, f.KrAsset)).to.closeTo(debtValueAfterFirstMint.mul(2), INTEREST_RATE_PRICE_DELTA);\n(0, _chai.expect)(debtValueAfterSecondMint).to.closeTo(valueBeforeRebase.mul(2), INTEREST_RATE_PRICE_DELTA);",
                          "err": {},
                          "uuid": "a76f5f9d-e4ba-4686-9c7f-3d92639614ef",
                          "parentUUID": "98b5df0d-2cc9-4547-b65c-3be1c67b2e6d",
                          "isHook": false,
                          "skipped": false
                        },
                        {
                          "title": "when minted before and after a negative rebase",
                          "fullTitle": "Minter #mint+burn #mint - rebase debt values and amounts are calculated correctly when minted before and after a negative rebase",
                          "timedOut": false,
                          "duration": 630,
                          "state": "passed",
                          "speed": "slow",
                          "pass": true,
                          "fail": false,
                          "pending": false,
                          "context": null,
                          "code": "const assetPrice = await f.KrAsset.getPrice();\n// Rebase params\nconst denominator = 4;\nconst positive = false;\nconst mintAmountAfterRebase = mintAmount.div(denominator);\nconst assetPriceRebase = assetPrice.mul(denominator);\n// Get value of the future mint\nconst valueBeforeRebase = await hre.Diamond.getValue(f.KrAsset.address, mintAmount);\n// Mint before rebase\nawait User1.mintKreskoAsset(user1.address, f.KrAsset.address, mintAmount);\n// Get results\nconst balanceAfterFirstMint = await f.KrAsset.contract.balanceOf(user1.address);\nconst debtAmountAfterFirstMint = await hre.Diamond.getAccountDebtAmount(user1.address, f.KrAsset.address);\nconst debtValueAfterFirstMint = await hre.Diamond.getAccountTotalDebtValue(user1.address);\n// Assert\n(0, _chai.expect)(balanceAfterFirstMint).to.equal(debtAmountAfterFirstMint);\n(0, _chai.expect)(valueBeforeRebase).to.equal(debtValueAfterFirstMint);\n// Adjust price and rebase\nf.KrAsset.setPrice((0, _values.fromBig)(assetPriceRebase, 8));\nawait f.KrAsset.contract.rebase((0, _values.toBig)(denominator), positive, []);\n// Ensure debt amounts and balances match\nconst [balanceAfterFirstRebase, balanceAfterFirstRebaseAdjusted] = await (0, _krassets.getDebtIndexAdjustedBalance)(user1, f.KrAsset);\nconst debtAmountAfterFirstRebase = await hre.Diamond.getAccountDebtAmount(user1.address, f.KrAsset.address);\n(0, _chai.expect)(balanceAfterFirstRebase).to.equal(mintAmountAfterRebase);\n(0, _chai.expect)(balanceAfterFirstRebaseAdjusted).to.equal(debtAmountAfterFirstRebase);\n// Ensure debt usd values match\nconst debtValueAfterFirstRebase = await hre.Diamond.getAccountTotalDebtValue(user1.address);\n(0, _chai.expect)(debtValueAfterFirstRebase).to.equal(await (0, _calculations.toScaledAmount)(debtValueAfterFirstMint, f.KrAsset));\n(0, _chai.expect)(debtValueAfterFirstRebase).to.equal(await (0, _calculations.toScaledAmount)(valueBeforeRebase, f.KrAsset));\n// Mint after rebase\nawait User1.mintKreskoAsset(user1.address, f.KrAsset.address, mintAmountAfterRebase);\n// Ensure debt usd values match\nconst debtValueAfterSecondMint = await hre.Diamond.getAccountTotalDebtValue(user1.address);\n(0, _chai.expect)(debtValueAfterSecondMint).to.closeTo(await (0, _calculations.toScaledAmount)(debtValueAfterFirstMint.mul(2), f.KrAsset), INTEREST_RATE_PRICE_DELTA);\n(0, _chai.expect)(debtValueAfterSecondMint).to.closeTo(await (0, _calculations.toScaledAmount)(valueBeforeRebase.mul(2), f.KrAsset), INTEREST_RATE_PRICE_DELTA);",
                          "err": {},
                          "uuid": "6ed28338-16bc-4896-b201-79100cb299bb",
                          "parentUUID": "98b5df0d-2cc9-4547-b65c-3be1c67b2e6d",
                          "isHook": false,
                          "skipped": false
                        }
                      ],
                      "suites": [],
                      "passes": [
                        "a76f5f9d-e4ba-4686-9c7f-3d92639614ef",
                        "6ed28338-16bc-4896-b201-79100cb299bb"
                      ],
                      "failures": [],
                      "pending": [],
                      "skipped": [],
                      "duration": 1268,
                      "root": false,
                      "rootEmpty": false,
                      "_timeout": 30000
                    }
                  ],
                  "passes": [],
                  "failures": [],
                  "pending": [],
                  "skipped": [],
                  "duration": 0,
                  "root": false,
                  "rootEmpty": false,
                  "_timeout": 30000
                },
                {
                  "uuid": "ed97a5e2-d2b1-4d04-8066-a35ef8fc1059",
                  "title": "#burn",
                  "fullFile": "/Users/panukettunen/Projects/kresko-protocol/src/test/minter/04-mint-repay.ts",
                  "file": "/src/test/minter/04-mint-repay.ts",
                  "beforeHooks": [
                    {
                      "title": "\"before each\" hook in \"#burn\"",
                      "fullTitle": "Minter #mint+burn #burn \"before each\" hook in \"#burn\"",
                      "timedOut": false,
                      "duration": 135,
                      "state": null,
                      "speed": null,
                      "pass": false,
                      "fail": false,
                      "pending": false,
                      "context": null,
                      "code": "await User1.mintKreskoAsset(user1.address, f.KrAsset.address, f.initialMintAmount);",
                      "err": {},
                      "uuid": "3b019edd-0d0d-4b63-92bc-df7094d25454",
                      "parentUUID": "ed97a5e2-d2b1-4d04-8066-a35ef8fc1059",
                      "isHook": true,
                      "skipped": false
                    }
                  ],
                  "afterHooks": [],
                  "tests": [
                    {
                      "title": "should allow users to burn some of their Kresko asset balances",
                      "fullTitle": "Minter #mint+burn #burn should allow users to burn some of their Kresko asset balances",
                      "timedOut": false,
                      "duration": 147,
                      "state": "passed",
                      "speed": "medium",
                      "pass": true,
                      "fail": false,
                      "pending": false,
                      "context": null,
                      "code": "const kreskoAssetTotalSupplyBefore = await f.KrAsset.contract.totalSupply();\n// Burn Kresko asset\nconst burnAmount = (0, _values.toBig)(1);\nconst kreskoAssetIndex = 0;\nawait User1.burnKreskoAsset(user1.address, f.KrAsset.address, burnAmount, kreskoAssetIndex);\n// Confirm the user no long holds the burned Kresko asset amount\nconst userBalance = await f.KrAsset.balanceOf(user1.address);\n(0, _chai.expect)(userBalance).to.equal(f.initialMintAmount.sub(burnAmount));\n// Confirm that the Kresko asset's total supply decreased as expected\nconst kreskoAssetTotalSupplyAfter = await f.KrAsset.contract.totalSupply();\n(0, _chai.expect)(kreskoAssetTotalSupplyAfter).to.equal(kreskoAssetTotalSupplyBefore.sub(burnAmount));\n// Confirm the array of the user's minted Kresko assets still contains the asset's address\nconst mintedKreskoAssetsAfter = await _optimizations.default.getAccountMintedAssets(user1.address);\n(0, _chai.expect)(mintedKreskoAssetsAfter).to.deep.equal([\n    f.KrAsset.address\n]);\n// Confirm the user's minted kresko asset amount has been updated\nconst userDebt = await _optimizations.default.getAccountDebtAmount(user1.address, f.KrAsset);\n(0, _chai.expect)(userDebt).to.closeTo(f.initialMintAmount.sub(burnAmount), INTEREST_RATE_DELTA);",
                      "err": {},
                      "uuid": "4bb38940-6209-431c-ad7f-ec13ad2dcdda",
                      "parentUUID": "ed97a5e2-d2b1-4d04-8066-a35ef8fc1059",
                      "isHook": false,
                      "skipped": false
                    },
                    {
                      "title": "should allow users to burn their full balance of a Kresko asset",
                      "fullTitle": "Minter #mint+burn #burn should allow users to burn their full balance of a Kresko asset",
                      "timedOut": false,
                      "duration": 0,
                      "state": "pending",
                      "speed": null,
                      "pass": false,
                      "fail": false,
                      "pending": true,
                      "context": null,
                      "code": "",
                      "err": {},
                      "uuid": "e680fd2e-d1f9-4ace-a4cf-5848bce75fac",
                      "parentUUID": "ed97a5e2-d2b1-4d04-8066-a35ef8fc1059",
                      "isHook": false,
                      "skipped": false
                    },
                    {
                      "title": "should allow trusted address to burn its own Kresko asset balances on behalf of another user",
                      "fullTitle": "Minter #mint+burn #burn should allow trusted address to burn its own Kresko asset balances on behalf of another user",
                      "timedOut": false,
                      "duration": 188,
                      "state": "passed",
                      "speed": "medium",
                      "pass": true,
                      "fail": false,
                      "pending": false,
                      "context": null,
                      "code": "await hre.Diamond.grantRole(_roles.default.MANAGER, user2.address);\nconst kreskoAssetTotalSupplyBefore = await f.KrAsset.contract.totalSupply();\n// Burn Kresko asset\nconst burnAmount = (0, _values.toBig)(1);\nconst kreskoAssetIndex = 0;\nconst userOneBalanceBefore = await f.KrAsset.balanceOf(user1.address);\n// User three burns it's KreskoAsset to reduce userOnes debt\nawait User2.burnKreskoAsset(user1.address, f.KrAsset.address, burnAmount, kreskoAssetIndex);\n// await expect(User2.burnKreskoAsset(user1.address, f.KrAsset.address, burnAmount, kreskoAssetIndex)).to.not.be\n//   .reverted;\n// Confirm the userOne had no effect on it's kreskoAsset balance\nconst userOneBalance = await f.KrAsset.balanceOf(user1.address);\n(0, _chai.expect)(userOneBalance).to.equal(userOneBalanceBefore, \"userOneBalance\");\n// Confirm the userThree no long holds the burned Kresko asset amount\nconst userThreeBalance = await f.KrAsset.balanceOf(user2.address);\n(0, _chai.expect)(userThreeBalance).to.equal(f.initialMintAmount.sub(burnAmount), \"userThreeBalance\");\n// Confirm that the Kresko asset's total supply decreased as expected\nconst kreskoAssetTotalSupplyAfter = await f.KrAsset.contract.totalSupply();\n(0, _chai.expect)(kreskoAssetTotalSupplyAfter).to.equal(kreskoAssetTotalSupplyBefore.sub(burnAmount), \"totalSupplyAfter\");\n// Confirm the array of the user's minted Kresko assets still contains the asset's address\nconst mintedKreskoAssetsAfter = await _optimizations.default.getAccountMintedAssets(user2.address);\n(0, _chai.expect)(mintedKreskoAssetsAfter).to.deep.equal([\n    f.KrAsset.address\n], \"mintedKreskoAssetsAfter\");\n// Confirm the user's minted kresko asset amount has been updated\nconst userOneDebt = await _optimizations.default.getAccountDebtAmount(user1.address, f.KrAsset);\n(0, _chai.expect)(userOneDebt).to.equal(f.initialMintAmount.sub(burnAmount));",
                      "err": {},
                      "uuid": "66353a67-c730-4b80-9d27-44dfc2d78719",
                      "parentUUID": "ed97a5e2-d2b1-4d04-8066-a35ef8fc1059",
                      "isHook": false,
                      "skipped": false
                    },
                    {
                      "title": "should allow trusted address to burn the full balance of its Kresko asset on behalf another user",
                      "fullTitle": "Minter #mint+burn #burn should allow trusted address to burn the full balance of its Kresko asset on behalf another user",
                      "timedOut": false,
                      "duration": 0,
                      "state": "pending",
                      "speed": null,
                      "pass": false,
                      "fail": false,
                      "pending": true,
                      "context": null,
                      "code": "",
                      "err": {},
                      "uuid": "f693f193-01db-4222-a4d0-8d65379054ed",
                      "parentUUID": "ed97a5e2-d2b1-4d04-8066-a35ef8fc1059",
                      "isHook": false,
                      "skipped": false
                    },
                    {
                      "title": "should burn up to the minimum debt position amount if the requested burn would result in a position under the minimum debt value",
                      "fullTitle": "Minter #mint+burn #burn should burn up to the minimum debt position amount if the requested burn would result in a position under the minimum debt value",
                      "timedOut": false,
                      "duration": 185,
                      "state": "passed",
                      "speed": "medium",
                      "pass": true,
                      "fail": false,
                      "pending": false,
                      "context": null,
                      "code": "const userBalanceBefore = await f.KrAsset.balanceOf(user1.address);\nconst kreskoAssetTotalSupplyBefore = await f.KrAsset.contract.totalSupply();\n// Calculate actual burn amount\nconst userOneDebt = await _optimizations.default.getAccountDebtAmount(user1.address, f.KrAsset);\nconst minDebtValue = (0, _values.fromBig)(await _optimizations.default.getMinDebtValue(), 8);\nconst oraclePrice = f.KrAsset.config.args.price;\nconst burnAmount = (0, _values.toBig)((0, _values.fromBig)(userOneDebt) - minDebtValue / oraclePrice);\n// Burn Kresko asset\nconst kreskoAssetIndex = 0;\nawait User1.burnKreskoAsset(user1.address, f.KrAsset.address, burnAmount, kreskoAssetIndex);\n// Confirm the user holds the expected Kresko asset amount\nconst userBalance = await f.KrAsset.balanceOf(user1.address);\n// expect(fromBig(userBalance)).to.equal(fromBig(userBalanceBefore.sub(burnAmount)));\n(0, _chai.expect)(userBalance).eq(userBalanceBefore.sub(burnAmount));\n// Confirm that the Kresko asset's total supply decreased as expected\nconst kreskoAssetTotalSupplyAfter = await f.KrAsset.contract.totalSupply();\n(0, _chai.expect)(kreskoAssetTotalSupplyAfter).eq(kreskoAssetTotalSupplyBefore.sub(burnAmount));\n// Confirm the array of the user's minted Kresko assets still contains the asset's address\nconst mintedKreskoAssetsAfter = await _optimizations.default.getAccountMintedAssets(user1.address);\n(0, _chai.expect)(mintedKreskoAssetsAfter).to.deep.equal([\n    f.KrAsset.address\n]);\n// Confirm the user's minted kresko asset amount has been updated\nconst newUserDebt = await _optimizations.default.getAccountDebtAmount(user1.address, f.KrAsset);\n(0, _chai.expect)(newUserDebt).to.be.equal(userOneDebt.sub(burnAmount));",
                      "err": {},
                      "uuid": "f85495ce-5f00-498a-83a6-f6e7bc1b2ec8",
                      "parentUUID": "ed97a5e2-d2b1-4d04-8066-a35ef8fc1059",
                      "isHook": false,
                      "skipped": false
                    },
                    {
                      "title": "should emit KreskoAssetBurned event",
                      "fullTitle": "Minter #mint+burn #burn should emit KreskoAssetBurned event",
                      "timedOut": false,
                      "duration": 142,
                      "state": "passed",
                      "speed": "medium",
                      "pass": true,
                      "fail": false,
                      "pending": false,
                      "context": null,
                      "code": "const kreskoAssetIndex = 0;\nconst tx = await User1.burnKreskoAsset(user1.address, f.KrAsset.address, f.initialMintAmount.div(5), kreskoAssetIndex);\nconst event = await (0, _events.getInternalEvent)(tx, hre.Diamond, \"KreskoAssetBurned\");\n(0, _chai.expect)(event.account).to.equal(user1.address);\n(0, _chai.expect)(event.kreskoAsset).to.equal(f.KrAsset.address);\n(0, _chai.expect)(event.amount).to.equal(f.initialMintAmount.div(5));",
                      "err": {},
                      "uuid": "1ea952ba-b52c-483f-a5b8-6c278b27e986",
                      "parentUUID": "ed97a5e2-d2b1-4d04-8066-a35ef8fc1059",
                      "isHook": false,
                      "skipped": false
                    },
                    {
                      "title": "should allow users to burn Kresko assets without giving token approval to Kresko.sol contract",
                      "fullTitle": "Minter #mint+burn #burn should allow users to burn Kresko assets without giving token approval to Kresko.sol contract",
                      "timedOut": false,
                      "duration": 242,
                      "state": "passed",
                      "speed": "slow",
                      "pass": true,
                      "fail": false,
                      "pending": false,
                      "context": null,
                      "code": "const secondMintAmount = 1;\nconst burnAmount = f.initialMintAmount.add(secondMintAmount);\nawait (0, _chai.expect)(User1.mintKreskoAsset(user1.address, f.KrAsset.address, secondMintAmount)).to.not.be.reverted;\nconst kreskoAssetIndex = 0;\nawait (0, _chai.expect)(User1.burnKreskoAsset(user1.address, f.KrAsset.address, burnAmount, kreskoAssetIndex)).to.not.be.reverted;",
                      "err": {},
                      "uuid": "b60da0de-e284-4dc4-92be-e9734978fb84",
                      "parentUUID": "ed97a5e2-d2b1-4d04-8066-a35ef8fc1059",
                      "isHook": false,
                      "skipped": false
                    },
                    {
                      "title": "should not allow users to burn an amount of 0",
                      "fullTitle": "Minter #mint+burn #burn should not allow users to burn an amount of 0",
                      "timedOut": false,
                      "duration": 29,
                      "state": "passed",
                      "speed": "fast",
                      "pass": true,
                      "fail": false,
                      "pending": false,
                      "context": null,
                      "code": "const kreskoAssetIndex = 0;\nawait (0, _chai.expect)(User1.burnKreskoAsset(user1.address, f.KrAsset.address, 0, kreskoAssetIndex)).to.be.revertedWithCustomError((0, _errors.CError)(hre), \"ZERO_BURN\");",
                      "err": {},
                      "uuid": "53c89012-d7b2-4352-b765-d633fbcb9f1f",
                      "parentUUID": "ed97a5e2-d2b1-4d04-8066-a35ef8fc1059",
                      "isHook": false,
                      "skipped": false
                    },
                    {
                      "title": "should not allow untrusted address to burn any kresko assets on behalf of another user",
                      "fullTitle": "Minter #mint+burn #burn should not allow untrusted address to burn any kresko assets on behalf of another user",
                      "timedOut": false,
                      "duration": 45,
                      "state": "passed",
                      "speed": "fast",
                      "pass": true,
                      "fail": false,
                      "pending": false,
                      "context": null,
                      "code": "const kreskoAssetIndex = 0;\nawait (0, _chai.expect)(User2.burnKreskoAsset(user1.address, f.KrAsset.address, 100, kreskoAssetIndex)).to.be.revertedWith(`AccessControl: account ${user2.address.toLowerCase()} is missing role 0x46925e0f0cc76e485772167edccb8dc449d43b23b55fc4e756b063f49099e6a0`);",
                      "err": {},
                      "uuid": "ca8eec79-b481-4282-bf88-c4863efe070a",
                      "parentUUID": "ed97a5e2-d2b1-4d04-8066-a35ef8fc1059",
                      "isHook": false,
                      "skipped": false
                    },
                    {
                      "title": "should not allow users to burn more kresko assets than they hold as debt",
                      "fullTitle": "Minter #mint+burn #burn should not allow users to burn more kresko assets than they hold as debt",
                      "timedOut": false,
                      "duration": 31,
                      "state": "passed",
                      "speed": "fast",
                      "pass": true,
                      "fail": false,
                      "pending": false,
                      "context": null,
                      "code": "const kreskoAssetIndex = 0;\nconst debt = await _optimizations.default.getAccountDebtAmount(user1.address, f.KrAsset);\nconst burnAmount = debt.add((0, _values.toBig)(1));\nawait (0, _chai.expect)(User1.burnKreskoAsset(user1.address, f.KrAsset.address, burnAmount, kreskoAssetIndex)).to.be.reverted;",
                      "err": {},
                      "uuid": "4a7fdab0-5e80-4521-b252-53a4a8a6c022",
                      "parentUUID": "ed97a5e2-d2b1-4d04-8066-a35ef8fc1059",
                      "isHook": false,
                      "skipped": false
                    }
                  ],
                  "suites": [
                    {
                      "uuid": "3b64f314-abf6-4b94-92cc-72cb2e3912cd",
                      "title": "Protocol open fee",
                      "fullFile": "/Users/panukettunen/Projects/kresko-protocol/src/test/minter/04-mint-repay.ts",
                      "file": "/src/test/minter/04-mint-repay.ts",
                      "beforeHooks": [],
                      "afterHooks": [],
                      "tests": [
                        {
                          "title": "should charge the protocol open fee with a single collateral asset if the deposit amount is sufficient and emit CloseFeePaid event",
                          "fullTitle": "Minter #mint+burn #burn Protocol open fee should charge the protocol open fee with a single collateral asset if the deposit amount is sufficient and emit CloseFeePaid event",
                          "timedOut": false,
                          "duration": 432,
                          "state": "passed",
                          "speed": "slow",
                          "pass": true,
                          "fail": false,
                          "pending": false,
                          "context": null,
                          "code": "const openFee = 0.01e4;\nawait f.KrAsset.update({\n    ...f.KrAsset.config.args,\n    krAssetConfig: {\n        ...f.KrAsset.config.args.krAssetConfig,\n        openFee,\n        supplyLimit: _values.MaxUint128\n    }\n});\nconst mintAmount = (0, _values.toBig)(1);\nconst mintValue = mintAmount.wadMul(_mocks.TEN_USD.bn(8));\nconst expectedFeeValue = mintValue.percentMul(openFee);\nconst expectedCollateralFeeAmount = expectedFeeValue.wadDiv(_mocks.TEN_USD.bn(8));\n// Get the balances prior to the fee being charged.\nconst feeRecipient = await hre.Diamond.getFeeRecipient();\nconst kreskoCollateralAssetBalanceBefore = await f.Collateral.balanceOf(hre.Diamond.address);\nconst feeRecipientCollateralBalanceBefore = await f.Collateral.balanceOf(feeRecipient);\n// Mint Kresko asset\nconst tx = await User1.mintKreskoAsset(user1.address, f.KrAsset.address, mintAmount);\n// Get the balances after the fees have been charged.\nconst kreskoCollateralAssetBalanceAfter = await f.Collateral.balanceOf(hre.Diamond.address);\nconst feeRecipientCollateralBalanceAfter = await f.Collateral.balanceOf(feeRecipient);\n// Ensure the amount gained / lost by the kresko contract and the fee recipient are as expected\nconst feeRecipientBalanceIncrease = feeRecipientCollateralBalanceAfter.sub(feeRecipientCollateralBalanceBefore);\n(0, _chai.expect)(kreskoCollateralAssetBalanceBefore.sub(kreskoCollateralAssetBalanceAfter)).to.equal(feeRecipientBalanceIncrease);\n// Normalize expected amount because protocol closeFee has 10**18 decimals\n(0, _chai.expect)(feeRecipientBalanceIncrease).to.equal(expectedCollateralFeeAmount);\n// Ensure the emitted event is as expected.\nconst event = await (0, _events.getInternalEvent)(tx, hre.Diamond, \"OpenFeePaid\");\n(0, _chai.expect)(event.account).to.equal(user1.address);\n(0, _chai.expect)(event.paymentCollateralAsset).to.equal(f.Collateral.address);\n(0, _chai.expect)(event.paymentAmount).to.equal(expectedCollateralFeeAmount);\n(0, _chai.expect)(event.paymentValue).to.equal(expectedFeeValue);\n// Now verify that calcExpectedFee function returns accurate fee amount\nconst [, values] = await hre.Diamond.previewFee(user1.address, f.KrAsset.address, mintAmount, _fees.default.OPEN);\n(0, _chai.expect)(values[0]).eq(expectedCollateralFeeAmount);",
                          "err": {},
                          "uuid": "52271556-f32d-45f9-82f9-d5014261fae7",
                          "parentUUID": "3b64f314-abf6-4b94-92cc-72cb2e3912cd",
                          "isHook": false,
                          "skipped": false
                        }
                      ],
                      "suites": [],
                      "passes": [
                        "52271556-f32d-45f9-82f9-d5014261fae7"
                      ],
                      "failures": [],
                      "pending": [],
                      "skipped": [],
                      "duration": 432,
                      "root": false,
                      "rootEmpty": false,
                      "_timeout": 30000
                    },
                    {
                      "uuid": "3d0425ba-6deb-468a-a415-a65730126f5a",
                      "title": "Protocol Close Fee",
                      "fullFile": "/Users/panukettunen/Projects/kresko-protocol/src/test/minter/04-mint-repay.ts",
                      "file": "/src/test/minter/04-mint-repay.ts",
                      "beforeHooks": [],
                      "afterHooks": [],
                      "tests": [
                        {
                          "title": "should charge the protocol close fee with a single collateral asset if the deposit amount is sufficient and emit CloseFeePaid event",
                          "fullTitle": "Minter #mint+burn #burn Protocol Close Fee should charge the protocol close fee with a single collateral asset if the deposit amount is sufficient and emit CloseFeePaid event",
                          "timedOut": false,
                          "duration": 183,
                          "state": "passed",
                          "speed": "medium",
                          "pass": true,
                          "fail": false,
                          "pending": false,
                          "context": null,
                          "code": "const burnAmount = (0, _values.toBig)(1);\nconst burnValue = burnAmount.wadMul(_mocks.TEN_USD.bn(8));\nconst closeFee = f.KrAsset.config.args.krAssetConfig.closeFee; // use toBig() to emulate closeFee's 18 decimals on contract\nconst expectedFeeValue = burnValue.percentMul(closeFee);\nconst expectedCollateralFeeAmount = expectedFeeValue.wadDiv(f.Collateral.config.args.price.bn(8));\nconst feeRecipient = await hre.Diamond.getFeeRecipient();\n// Get the balances prior to the fee being charged.\nconst kreskoCollateralAssetBalanceBefore = await f.Collateral.balanceOf(hre.Diamond.address);\nconst feeRecipientCollateralBalanceBefore = await f.Collateral.balanceOf(feeRecipient);\n// Burn Kresko asset\nconst kreskoAssetIndex = 0;\nconst tx = await User1.burnKreskoAsset(user1.address, f.KrAsset.address, burnAmount, kreskoAssetIndex);\n// Get the balances after the fees have been charged.\nconst kreskoCollateralAssetBalanceAfter = await f.Collateral.balanceOf(hre.Diamond.address);\nconst feeRecipientCollateralBalanceAfter = await f.Collateral.balanceOf(feeRecipient);\n// Ensure the amount gained / lost by the kresko contract and the fee recipient are as expected\nconst feeRecipientBalanceIncrease = feeRecipientCollateralBalanceAfter.sub(feeRecipientCollateralBalanceBefore);\n(0, _chai.expect)(kreskoCollateralAssetBalanceBefore.sub(kreskoCollateralAssetBalanceAfter)).to.equal(feeRecipientBalanceIncrease);\n// Normalize expected amount because protocol closeFee has 10**18 decimals\n(0, _chai.expect)(feeRecipientBalanceIncrease).to.equal(expectedCollateralFeeAmount);\n// Ensure the emitted event is as expected.\nconst event = await (0, _events.getInternalEvent)(tx, hre.Diamond, \"CloseFeePaid\");\n(0, _chai.expect)(event.account).to.equal(user1.address);\n(0, _chai.expect)(event.paymentCollateralAsset).to.equal(f.Collateral.address);\n(0, _chai.expect)(event.paymentAmount).to.equal(expectedCollateralFeeAmount);\n(0, _chai.expect)(event.paymentValue).to.equal(expectedFeeValue);",
                          "err": {},
                          "uuid": "dd74ef48-41e5-4cf2-ba5d-b41c37bd841c",
                          "parentUUID": "3d0425ba-6deb-468a-a415-a65730126f5a",
                          "isHook": false,
                          "skipped": false
                        },
                        {
                          "title": "should charge correct protocol close fee after a positive rebase",
                          "fullTitle": "Minter #mint+burn #burn Protocol Close Fee should charge correct protocol close fee after a positive rebase",
                          "timedOut": false,
                          "duration": 434,
                          "state": "passed",
                          "speed": "slow",
                          "pass": true,
                          "fail": false,
                          "pending": false,
                          "context": null,
                          "code": "const wAmount = 1;\nconst burnAmount = (0, _values.toBig)(1);\nconst expectedFeeAmount = burnAmount.percentMul(f.KrAsset.config.args.krAssetConfig.closeFee);\nconst expectedFeeValue = expectedFeeAmount.wadMul((0, _values.toBig)(_mocks.TEN_USD, 8));\nconst event = await (0, _events.getInternalEvent)(await (0, _krassets.burnKrAsset)({\n    user: user2,\n    asset: f.KrAsset,\n    amount: burnAmount\n}), hre.Diamond, \"CloseFeePaid\");\n(0, _chai.expect)(event.paymentAmount).to.equal(expectedFeeAmount);\n(0, _chai.expect)(event.paymentValue).to.equal(expectedFeeValue);\n// rebase params\nconst denominator = 4;\nconst positive = true;\nf.KrAsset.setPrice(_mocks.TEN_USD / denominator);\nawait f.KrAsset.contract.rebase((0, _values.toBig)(denominator), positive, []);\nconst burnAmountRebase = burnAmount.mul(denominator);\nawait (0, _collaterals.withdrawCollateral)({\n    user: user2,\n    asset: f.Collateral,\n    amount: (0, _values.toBig)(wAmount)\n});\nconst eventAfterRebase = await (0, _events.getInternalEvent)(await (0, _krassets.burnKrAsset)({\n    user: user2,\n    asset: f.KrAsset,\n    amount: burnAmountRebase\n}), hre.Diamond, \"CloseFeePaid\");\n(0, _chai.expect)(eventAfterRebase.paymentCollateralAsset).to.equal(event.paymentCollateralAsset);\n(0, _chai.expect)(eventAfterRebase.paymentAmount).to.equal(expectedFeeAmount);\n(0, _chai.expect)(eventAfterRebase.paymentValue).to.equal(expectedFeeValue);",
                          "err": {},
                          "uuid": "e1502f37-ad5d-4586-8398-5af94b4f3efc",
                          "parentUUID": "3d0425ba-6deb-468a-a415-a65730126f5a",
                          "isHook": false,
                          "skipped": false
                        },
                        {
                          "title": "should charge correct protocol close fee after a negative rebase",
                          "fullTitle": "Minter #mint+burn #burn Protocol Close Fee should charge correct protocol close fee after a negative rebase",
                          "timedOut": false,
                          "duration": 451,
                          "state": "passed",
                          "speed": "slow",
                          "pass": true,
                          "fail": false,
                          "pending": false,
                          "context": null,
[...]
                  "afterHooks": [],
                  "tests": [],
                  "suites": [
                    {
                      "uuid": "83b6bb4f-94fa-44db-bfac-a639ebbe9296",
                      "title": "debt amounts are calculated correctly",
                      "fullFile": "/Users/panukettunen/Projects/kresko-protocol/src/test/minter/04-mint-repay.ts",
                      "file": "/src/test/minter/04-mint-repay.ts",
                      "beforeHooks": [],
                      "afterHooks": [],
                      "tests": [
                        {
                          "title": "when repaying all debt after a positive rebase",
                          "fullTitle": "Minter #mint+burn #burn - rebase debt amounts are calculated correctly when repaying all debt after a positive rebase",
                          "timedOut": false,
                          "duration": 191,
                          "state": "passed",
                          "speed": "medium",
                          "pass": true,
                          "fail": false,
                          "pending": false,
                          "context": null,
                          "code": "// Rebase params\nconst denominator = 4;\nconst positive = true;\n// Adjust price according to rebase params\nf.KrAsset.setPrice(_mocks.TEN_USD / denominator);\nawait f.KrAsset.contract.rebase((0, _values.toBig)(denominator), positive, []);\n// Pay half of debt\nconst debt = await hre.Diamond.getAccountDebtAmount(user1.address, f.KrAsset.address);\nconst repayAmount = debt;\nawait User1.burnKreskoAsset(user1.address, f.KrAsset.address, repayAmount, 0);\n// Debt value after half repayment\nconst debtAfter = await hre.Diamond.getAccountDebtAmount(user1.address, f.KrAsset.address);\n(0, _chai.expect)(debtAfter).to.equal(0);\nconst balanceAfterBurn = await f.KrAsset.contract.balanceOf(user1.address);\n(0, _chai.expect)(balanceAfterBurn).to.equal(0);\n// Anchor krAssets should equal balance * denominator\nconst wkrAssetBalanceKresko = await f.KrAsset.anchor.balanceOf(hre.Diamond.address);\n(0, _chai.expect)(wkrAssetBalanceKresko).to.equal(f.initialMintAmount); // WEI",
                          "err": {},
                          "uuid": "1091aacf-c6b9-4b9f-bf4b-4e4c461a35ac",
                          "parentUUID": "83b6bb4f-94fa-44db-bfac-a639ebbe9296",
                          "isHook": false,
                          "skipped": false
                        },
                        {
                          "title": "when repaying partial debt after a positive rebase",
                          "fullTitle": "Minter #mint+burn #burn - rebase debt amounts are calculated correctly when repaying partial debt after a positive rebase",
                          "timedOut": false,
                          "duration": 228,
                          "state": "passed",
                          "speed": "slow",
                          "pass": true,
                          "fail": false,
                          "pending": false,
                          "context": null,
                          "code": "// Rebase params\nconst denominator = 4;\nconst positive = true;\n// Adjust price according to rebase params\nf.KrAsset.setPrice(_mocks.TEN_USD / denominator);\nawait f.KrAsset.contract.rebase((0, _values.toBig)(denominator), positive, []);\n// Pay half of debt\nconst debt = await hre.Diamond.getAccountDebtAmount(user1.address, f.KrAsset.address);\nconst repayAmount = debt.div(2);\nawait User1.burnKreskoAsset(user1.address, f.KrAsset.address, repayAmount, 0);\n// Debt value after half repayment\nconst debtAfter = await hre.Diamond.getAccountDebtAmount(user1.address, f.KrAsset.address);\n// Calc expected value with last update\nconst expectedDebt = mintAmount.div(2).mul(denominator);\n(0, _chai.expect)(debtAfter).to.equal(expectedDebt);\n// Should be all burned\nconst expectedBalanceAfter = mintAmount.mul(denominator).sub(repayAmount);\nconst balanceAfterBurn = await f.KrAsset.contract.balanceOf(user1.address);\n(0, _chai.expect)(balanceAfterBurn).to.equal(expectedBalanceAfter);\n// All wkrAssets should be burned\nconst expectedwkrBalance = mintAmount.sub(repayAmount.div(denominator)).add(f.initialMintAmount);\nconst wkrAssetBalanceKresko = await f.KrAsset.anchor.balanceOf(hre.Diamond.address);\n(0, _chai.expect)(wkrAssetBalanceKresko).to.equal(expectedwkrBalance);",
                          "err": {},
                          "uuid": "90a54047-de19-44e2-8795-b56a519f1dcc",
                          "parentUUID": "83b6bb4f-94fa-44db-bfac-a639ebbe9296",
                          "isHook": false,
                          "skipped": false
                        },
                        {
                          "title": "when repaying all debt after a negative rebase",
                          "fullTitle": "Minter #mint+burn #burn - rebase debt amounts are calculated correctly when repaying all debt after a negative rebase",
                          "timedOut": false,
                          "duration": 195,
                          "state": "passed",
                          "speed": "medium",
                          "pass": true,
                          "fail": false,
                          "pending": false,
                          "context": null,
                          "code": "// Rebase params\nconst denominator = 4;\nconst positive = false;\n// Adjust price according to rebase params\nf.KrAsset.setPrice(_mocks.TEN_USD * denominator);\nawait f.KrAsset.contract.rebase((0, _values.toBig)(denominator), positive, []);\n// Pay half of debt\nconst debt = await hre.Diamond.getAccountDebtAmount(user1.address, f.KrAsset.address);\nconst repayAmount = debt;\nawait User1.burnKreskoAsset(user1.address, f.KrAsset.address, repayAmount, 0);\n// Debt value after half repayment\nconst debtAfter = await hre.Diamond.getAccountDebtAmount(user1.address, f.KrAsset.address);\n// Calc expected value with last update\nconst expectedDebt = 0;\n(0, _chai.expect)(debtAfter).to.equal(expectedDebt);\nconst expectedBalanceAfterBurn = 0;\nconst balanceAfterBurn = (0, _values.fromBig)(await f.KrAsset.contract.balanceOf(user1.address));\n(0, _chai.expect)(balanceAfterBurn).to.equal(expectedBalanceAfterBurn);\n// Anchor krAssets should equal balance * denominator\nconst wkrAssetBalanceKresko = await f.KrAsset.anchor.balanceOf(hre.Diamond.address);\n(0, _chai.expect)(wkrAssetBalanceKresko).to.equal((0, _values.toBig)(expectedBalanceAfterBurn * denominator).add(f.initialMintAmount));",
                          "err": {},
                          "uuid": "b6f23a91-6977-4fd0-b3c2-3da36af5cbac",
                          "parentUUID": "83b6bb4f-94fa-44db-bfac-a639ebbe9296",
                          "isHook": false,
                          "skipped": false
                        },
                        {
                          "title": "when repaying partial debt after a negative rebase",
                          "fullTitle": "Minter #mint+burn #burn - rebase debt amounts are calculated correctly when repaying partial debt after a negative rebase",
                          "timedOut": false,
                          "duration": 227,
                          "state": "passed",
                          "speed": "slow",
                          "pass": true,
                          "fail": false,
                          "pending": false,
                          "context": null,
                          "code": "// Rebase params\nconst denominator = 4;\nconst positive = false;\n// Adjust price according to rebase params\nf.KrAsset.setPrice(_mocks.TEN_USD * denominator);\nawait f.KrAsset.contract.rebase((0, _values.toBig)(denominator), positive, []);\n// Pay half of debt\nconst debt = await hre.Diamond.getAccountDebtAmount(user1.address, f.KrAsset.address);\nconst repayAmount = debt.div(2);\nawait User1.burnKreskoAsset(user1.address, f.KrAsset.address, repayAmount, 0);\n// Debt value after half repayment\nconst debtAfter = await hre.Diamond.getAccountDebtAmount(user1.address, f.KrAsset.address);\n// Calc expected value with last update\nconst expectedDebt = mintAmount.div(2).div(denominator);\n(0, _chai.expect)(debtAfter).to.equal(expectedDebt);\n// Should be all burned\nconst expectedBalanceAfter = mintAmount.div(denominator).sub(repayAmount);\nconst balanceAfterBurn = await f.KrAsset.contract.balanceOf(user1.address);\n(0, _chai.expect)(balanceAfterBurn).to.equal(expectedBalanceAfter);\n// All wkrAssets should be burned\nconst expectedwkrBalance = mintAmount.sub(repayAmount.mul(denominator)).add(f.initialMintAmount);\nconst wkrAssetBalanceKresko = await f.KrAsset.anchor.balanceOf(hre.Diamond.address);\n(0, _chai.expect)(wkrAssetBalanceKresko).to.equal(expectedwkrBalance);",
                          "err": {},
                          "uuid": "c3ea4fc4-b7e8-4574-8fd1-b10d55c6087d",
                          "parentUUID": "83b6bb4f-94fa-44db-bfac-a639ebbe9296",
                          "isHook": false,
                          "skipped": false
                        }
                      ],
                      "suites": [],
                      "passes": [
                        "1091aacf-c6b9-4b9f-bf4b-4e4c461a35ac",
                        "90a54047-de19-44e2-8795-b56a519f1dcc",
                        "b6f23a91-6977-4fd0-b3c2-3da36af5cbac",
                        "c3ea4fc4-b7e8-4574-8fd1-b10d55c6087d"
                      ],
                      "failures": [],
                      "pending": [],
                      "skipped": [],
                      "duration": 841,
                      "root": false,
                      "rootEmpty": false,
                      "_timeout": 30000
                    },
                    {
                      "uuid": "8c0f3a32-f75b-4c17-a276-2c6393dce4e7",
                      "title": "debt value and mintedKreskoAssets book-keeping is calculated correctly",
                      "fullFile": "/Users/panukettunen/Projects/kresko-protocol/src/test/minter/04-mint-repay.ts",
                      "file": "/src/test/minter/04-mint-repay.ts",
                      "beforeHooks": [],
                      "afterHooks": [],
                      "tests": [
                        {
                          "title": "when repaying all debt after a positive rebase",
                          "fullTitle": "Minter #mint+burn #burn - rebase debt value and mintedKreskoAssets book-keeping is calculated correctly when repaying all debt after a positive rebase",
                          "timedOut": false,
                          "duration": 205,
                          "state": "passed",
                          "speed": "slow",
                          "pass": true,
                          "fail": false,
                          "pending": false,
                          "context": null,
                          "code": "// Rebase params\nconst denominator = 4;\nconst positive = true;\nconst fullRepayAmount = mintAmount.mul(denominator);\n// Adjust price according to rebase params\nf.KrAsset.setPrice(_mocks.TEN_USD / denominator);\nawait f.KrAsset.contract.rebase((0, _values.toBig)(denominator), positive, []);\nawait User1.burnKreskoAsset(user1.address, f.KrAsset.address, fullRepayAmount, 0);\n// Debt value after half repayment\nconst debtAfter = await hre.Diamond.getAccountDebtAmount(user1.address, f.KrAsset.address);\nconst debtValueAfter = await hre.Diamond.getValue(f.KrAsset.address, debtAfter);\n(0, _chai.expect)(debtValueAfter).to.equal(0);",
                          "err": {},
                          "uuid": "c9fa55bd-fb87-4596-bd93-18f081a31a30",
                          "parentUUID": "8c0f3a32-f75b-4c17-a276-2c6393dce4e7",
                          "isHook": false,
                          "skipped": false
                        },
                        {
                          "title": "when repaying partial debt after a positive rebase",
                          "fullTitle": "Minter #mint+burn #burn - rebase debt value and mintedKreskoAssets book-keeping is calculated correctly when repaying partial debt after a positive rebase",
                          "timedOut": false,
                          "duration": 347,
                          "state": "passed",
                          "speed": "slow",
                          "pass": true,
                          "fail": false,
                          "pending": false,
                          "context": null,
                          "code": "// Rebase params\nconst denominator = 4;\nconst positive = true;\nconst mintValue = await hre.Diamond.getValue(f.KrAsset.address, mintAmount);\n// Adjust price according to rebase params\nf.KrAsset.setPrice(_mocks.TEN_USD / denominator);\nawait f.KrAsset.contract.rebase((0, _values.toBig)(denominator), positive, []);\n// Should contain minted krAsset\nconst mintedKreskoAssetsBeforeBurn = await _optimizations.default.getAccountMintedAssets(user1.address);\n(0, _chai.expect)(mintedKreskoAssetsBeforeBurn).to.contain(f.KrAsset.address);\n// Burn assets\n// Pay half of debt\nconst debt = await hre.Diamond.getAccountDebtAmount(user1.address, f.KrAsset.address);\nawait User1.burnKreskoAsset(user1.address, f.KrAsset.address, debt.div(2), 0);\n// Debt value after half repayment\nconst debtAfter = await hre.Diamond.getAccountDebtAmount(user1.address, f.KrAsset.address);\nconst debtValueAfter = await hre.Diamond.getValue(f.KrAsset.address, debtAfter);\n// Calc expected value with last update\nconst expectedValue = mintValue.div(2);\n(0, _chai.expect)(debtValueAfter).to.equal(expectedValue);\n// Should still contain minted krAsset\nconst mintedKreskoAssetsAfterBurn = await _optimizations.default.getAccountMintedAssets(user1.address);\n(0, _chai.expect)(mintedKreskoAssetsAfterBurn).to.contain(f.KrAsset.address);",
                          "err": {},
                          "uuid": "989c947a-9c84-496b-aa66-cccaaf5888b8",
                          "parentUUID": "8c0f3a32-f75b-4c17-a276-2c6393dce4e7",
                          "isHook": false,
                          "skipped": false
                        },
                        {
                          "title": "when repaying all debt after a negative rebase",
                          "fullTitle": "Minter #mint+burn #burn - rebase debt value and mintedKreskoAssets book-keeping is calculated correctly when repaying all debt after a negative rebase",
                          "timedOut": false,
                          "duration": 213,
                          "state": "passed",
                          "speed": "slow",
                          "pass": true,
                          "fail": false,
                          "pending": false,
                          "context": null,
                          "code": "// Rebase params\nconst denominator = 4;\nconst positive = false;\nconst fullRepayAmount = mintAmount.div(denominator);\n// Adjust price according to rebase params\nf.KrAsset.setPrice(_mocks.TEN_USD * denominator);\nawait f.KrAsset.contract.rebase((0, _values.toBig)(denominator), positive, []);\nawait User1.burnKreskoAsset(user1.address, f.KrAsset.address, fullRepayAmount, 0);\n// Debt value after half repayment\nconst debtAfter = await hre.Diamond.getAccountDebtAmount(user1.address, f.KrAsset.address);\nconst debtValueAfter = await hre.Diamond.getValue(f.KrAsset.address, debtAfter);\n(0, _chai.expect)(debtValueAfter).to.equal(0);",
                          "err": {},
                          "uuid": "af2488a6-9fac-4ab2-a484-e33fca5f94bd",
                          "parentUUID": "8c0f3a32-f75b-4c17-a276-2c6393dce4e7",
                          "isHook": false,
                          "skipped": false
                        },
                        {
                          "title": "when repaying partial debt after a negative rebase",
                          "fullTitle": "Minter #mint+burn #burn - rebase debt value and mintedKreskoAssets book-keeping is calculated correctly when repaying partial debt after a negative rebase",
                          "timedOut": false,
                          "duration": 377,
                          "state": "passed",
                          "speed": "slow",
                          "pass": true,
                          "fail": false,
                          "pending": false,
                          "context": null,
                          "code": "// Rebase params\nconst denominator = 4;\nconst positive = false;\nconst mintValue = await hre.Diamond.getValue(f.KrAsset.address, mintAmount);\nf.KrAsset.setPrice(_mocks.TEN_USD * denominator);\nawait f.KrAsset.contract.rebase((0, _values.toBig)(denominator), positive, []);\n// Pay half of debt\nconst debt = await hre.Diamond.getAccountDebtAmount(user1.address, f.KrAsset.address);\nawait User1.burnKreskoAsset(user1.address, f.KrAsset.address, debt.div(2), 0);\n// Debt value after half repayment\nconst debtAfter = await hre.Diamond.getAccountDebtAmount(user1.address, f.KrAsset.address);\nconst debtValueAfter = await hre.Diamond.getValue(f.KrAsset.address, debtAfter);\n// Calc expected value with last update\nconst expectedValue = mintValue.div(2);\n(0, _chai.expect)(debtValueAfter).to.equal(expectedValue);\n// Should still contain minted krAsset\nconst mintedKreskoAssetsAfterBurn = await hre.Diamond.getAccountMintedAssets(user1.address);\n(0, _chai.expect)(mintedKreskoAssetsAfterBurn).to.contain(f.KrAsset.address);",
                          "err": {},
                          "uuid": "e8438ac2-df09-4b38-b4fb-35a37cccea19",
                          "parentUUID": "8c0f3a32-f75b-4c17-a276-2c6393dce4e7",
                          "isHook": false,
                          "skipped": false
                        }
                      ],
                      "suites": [],
                      "passes": [
                        "c9fa55bd-fb87-4596-bd93-18f081a31a30",
                        "989c947a-9c84-496b-aa66-cccaaf5888b8",
                        "af2488a6-9fac-4ab2-a484-e33fca5f94bd",
                        "e8438ac2-df09-4b38-b4fb-35a37cccea19"
                      ],
                      "failures": [],
                      "pending": [],
                      "skipped": [],
                      "duration": 1142,
                      "root": false,
                      "rootEmpty": false,
                      "_timeout": 30000
                    }
                  ],
                  "passes": [],
                  "failures": [],
                  "pending": [],
                  "skipped": [],
                  "duration": 0,
                  "root": false,
                  "rootEmpty": false,
                  "_timeout": 30000
                }
              ],
              "passes": [],
              "failures": [],
              "pending": [],
              "skipped": [],
              "duration": 0,
              "root": false,
              "rootEmpty": false,
              "_timeout": 30000
            }
          ],
          "passes": [],
          "failures": [],
          "pending": [],
          "skipped": [],
          "duration": 0,
          "root": false,
          "rootEmpty": false,
          "_timeout": 30000
        }
      ],
      "passes": [],
      "failures": [],
      "pending": [],
      "skipped": [],
      "duration": 0,
      "root": true,
      "rootEmpty": true,
      "_timeout": 30000
    }
  ],
  "meta": {
    "mocha": {
      "version": "10.2.0"
    },
    "mochawesome": {
      "options": {
        "quiet": false,
        "reportFilename": "mochawesome",
        "saveHtml": true,
        "saveJson": true,
        "consoleReporter": "spec",
        "useInlineDiffs": false,
        "code": true
      },
      "version": "7.1.3"
    },
    "marge": {
      "options": null,
      "version": "6.2.0"
    }
  }
}