{
  "stats": {
    "suites": 2,
    "tests": 1,
    "passes": 1,
    "pending": 0,
    "failures": 0,
    "start": "2023-05-22T19:33:52.278Z",
    "end": "2023-05-22T19:33:52.851Z",
    "duration": 573,
    "testsRegistered": 1,
    "passPercent": 100,
    "pendingPercent": 0,
    "other": 0,
    "hasOther": false,
    "skipped": 0,
    "hasSkipped": false
  },
  "results": [
    {
      "uuid": "2c8f1296-916e-4dc3-adc3-fcecf5fbf0fe",
      "title": "",
      "fullFile": "/Users/panukettunen/Projects/kresko-protocol/src/test/oracle/00-feeds-and-redstone.ts",
      "file": "/src/test/oracle/00-feeds-and-redstone.ts",
      "beforeHooks": [],
      "afterHooks": [],
      "tests": [],
      "suites": [
        {
          "uuid": "d4f9e735-daac-4722-a2c1-f122ce3d7101",
          "title": "Oracle",
          "fullFile": "/Users/panukettunen/Projects/kresko-protocol/src/test/oracle/00-feeds-and-redstone.ts",
          "file": "/src/test/oracle/00-feeds-and-redstone.ts",
          "beforeHooks": [
            {
              "title": "\"before each\" hook in \"Oracle\"",
              "fullTitle": "Oracle \"before each\" hook in \"Oracle\"",
              "timedOut": false,
              "duration": 21,
              "state": null,
              "speed": null,
              "pass": false,
              "fail": false,
              "pending": false,
              "context": null,
              "code": "const fixture = await _hardhat.default.deployments.createFixture(async (hre)=>{\n    const result = await hre.deployments.fixture(fixtureName);\n    if (result.Diamond) {\n        hre.Diamond = await hre.getContractOrFork(\"Kresko\");\n    }\n    return {\n        facets: result.Diamond ? result.Diamond.facets : [],\n        collaterals: hre.collaterals,\n        krAssets: hre.krAssets\n    };\n})();\nthis.facets = fixture.facets || [];\nthis.collaterals = fixture.collaterals;\nthis.krAssets = fixture.krAssets;",
              "err": {},
              "uuid": "2da2ac2e-56cb-42de-be3b-f072dec87b95",
              "parentUUID": "d4f9e735-daac-4722-a2c1-f122ce3d7101",
              "isHook": true,
              "skipped": false
            },
            {
              "title": "\"before each\" hook in \"Oracle\"",
              "fullTitle": "Oracle \"before each\" hook in \"Oracle\"",
              "timedOut": false,
              "duration": 83,
              "state": null,
              "speed": null,
              "pass": false,
              "fail": false,
              "pending": false,
              "context": null,
              "code": "// Deploy one price feed\nconst name = \"TEST\";\nconst decimals = 8;\nconst descriptionFeed = \"Test description\";\nconst feed = await _hardhat.default.run(_tasks.TASK_DEPLOY_PRICE_FEED, {\n    name,\n    decimals,\n    description: descriptionFeed,\n    log: false\n});\nthis.deployer = await _hardhat.default.ethers.getNamedSigner(\"deployer\");\nthis.userOne = await _hardhat.default.ethers.getNamedSigner(\"userOne\");\nthis.pricefeed = feed;",
              "err": {},
              "uuid": "4efa19d5-101f-4c41-8fca-42118d08cb83",
              "parentUUID": "d4f9e735-daac-4722-a2c1-f122ce3d7101",
              "isHook": true,
              "skipped": false
            }
          ],
          "afterHooks": [],
          "tests": [],
          "suites": [
            {
              "uuid": "bab36e50-bd40-4024-84ee-d603e3b60ea3",
              "title": "Redstone",
              "fullFile": "/Users/panukettunen/Projects/kresko-protocol/src/test/oracle/00-feeds-and-redstone.ts",
              "file": "/src/test/oracle/00-feeds-and-redstone.ts",
              "beforeHooks": [],
              "afterHooks": [],
              "tests": [
                {
                  "title": "should get a price",
                  "fullTitle": "Oracle Redstone should get a price",
                  "timedOut": false,
                  "duration": 467,
                  "state": "passed",
                  "speed": "slow",
                  "pass": true,
                  "fail": false,
                  "pending": false,
                  "context": null,
                  "code": "const wrapped = _evmconnector.WrapperBuilder.wrap(_hardhat.default.Diamond).usingDataService({\n    dataServiceId: \"redstone-stocks-demo\",\n    dataFeeds: [\n        \"TSLA\"\n    ],\n    uniqueSignersCount: 1\n}, [\n    \"https://d33trozg86ya9x.cloudfront.net\"\n]);\nconst price = await wrapped.priceIsRight();\nconst priceTD = await (0, _lib.getPriceFromTwelveData)(\"TSLA\");\nconsole.log(\"Redstone Price\", (0, _lib.fromBig)(price, 8));\nconsole.log(\"Price TwelveData\", priceTD);\n(0, _chai.expect)(price).gt(0);",
                  "err": {},
                  "uuid": "49b5dab0-f4dd-4acf-813f-ae3518115908",
                  "parentUUID": "bab36e50-bd40-4024-84ee-d603e3b60ea3",
                  "isHook": false,
                  "skipped": false
                }
              ],
              "suites": [],
              "passes": [
                "49b5dab0-f4dd-4acf-813f-ae3518115908"
              ],
              "failures": [],
              "pending": [],
              "skipped": [],
              "duration": 467,
              "root": false,
              "rootEmpty": false,
              "_timeout": 15000
            }
          ],
          "passes": [],
          "failures": [],
          "pending": [],
          "skipped": [],
          "duration": 0,
          "root": false,
          "rootEmpty": false,
          "_timeout": 15000
        }
      ],
      "passes": [],
      "failures": [],
      "pending": [],
      "skipped": [],
      "duration": 0,
      "root": true,
      "rootEmpty": true,
      "_timeout": 15000
    }
  ],
  "meta": {
    "mocha": {
      "version": "10.2.0"
    },
    "mochawesome": {
      "options": {
        "quiet": false,
        "reportFilename": "mochawesome",
        "saveHtml": true,
        "saveJson": true,
        "consoleReporter": "spec",
        "useInlineDiffs": false,
        "code": true
      },
      "version": "7.1.3"
    },
    "marge": {
      "options": null,
      "version": "6.2.0"
    }
  }
}