{
  "stats": {
    "suites": 88,
    "tests": 280,
    "passes": 249,
    "pending": 31,
    "failures": 0,
    "start": "2023-08-30T14:56:25.695Z",
    "end": "2023-08-30T15:04:13.887Z",
    "duration": 468192,
    "testsRegistered": 280,
    "passPercent": 100,
    "pendingPercent": 11.071428571428571,
    "other": 0,
    "hasOther": false,
    "skipped": 0,
    "hasSkipped": false
  },
  "results": [
    {
      "uuid": "0682a007-f9ce-4f15-943e-e4cb5075fa61",
      "title": "",
      "fullFile": "",
      "file": "",
      "beforeHooks": [],
      "afterHooks": [],
      "tests": [],
      "suites": [
        {
          "uuid": "126d06ae-8ad5-428c-8802-ed95817859bb",
          "title": "Asset Amounts & Values",
          "fullFile": "/Users/tabishshaikh/work/kresko/kresko-protocol/src/test/asset-values/00-asset-values.ts",
          "file": "/src/test/asset-values/00-asset-values.ts",
          "beforeHooks": [
            {
              "title": "\"before each\" hook in \"Asset Amounts & Values\"",
              "fullTitle": "Asset Amounts & Values \"before each\" hook in \"Asset Amounts & Values\"",
              "timedOut": false,
              "duration": 32,
              "state": null,
              "speed": null,
              "pass": false,
              "fail": false,
              "pending": false,
              "context": null,
              "code": "const fixture = await _hardhat.default.deployments.createFixture(async (hre)=>{\n    const result = await hre.deployments.fixture(fixtureName);\n    if (result.Diamond) {\n        hre.Diamond = _evmconnector.WrapperBuilder.wrap(await hre.getContractOrFork(\"Kresko\")).usingSimpleNumericMock({\n            mockSignersCount: 1,\n            timestampMilliseconds: Date.now(),\n            dataPoints: [\n                {\n                    dataFeedId: \"DAI\",\n                    value: 0\n                },\n                {\n                    dataFeedId: \"USDC\",\n                    value: 0\n                },\n                {\n                    dataFeedId: \"TSLA\",\n                    value: 0\n                },\n                {\n                    dataFeedId: \"ETH\",\n                    value: 0\n                },\n                {\n                    dataFeedId: \"BTC\",\n                    value: 0\n                }\n            ]\n        });\n    }\n    return {\n        facets: result.Diamond ? result.Diamond.facets : [],\n        collaterals: hre.collaterals,\n        krAssets: hre.krAssets\n    };\n})();\nthis.facets = fixture.facets || [];\nthis.collaterals = fixture.collaterals;\nthis.krAssets = fixture.krAssets;",
              "err": {},
              "uuid": "36b46277-11f1-4e3e-b4fe-05666eb98cb7",
              "parentUUID": "126d06ae-8ad5-428c-8802-ed95817859bb",
              "isHook": true,
              "skipped": false
            },
            {
              "title": "\"before each\" hook in \"Asset Amounts & Values\"",
              "fullTitle": "Asset Amounts & Values \"before each\" hook in \"Asset Amounts & Values\"",
              "timedOut": false,
              "duration": 3253,
              "state": null,
              "speed": null,
              "pass": false,
              "fail": false,
              "pending": false,
              "context": null,
              "code": "user = _hardhat.default.users.testUserSeven;\noracleDecimals = await _hardhat.default.Diamond.extOracleDecimals();\nKreskoAsset = await (0, _krassets.addMockKreskoAsset)({\n    name: \"KreskoAssetPrice10USD\",\n    price: collateralPrice,\n    symbol: \"KreskoAssetPrice10USD\",\n    closeFee: 0.1,\n    openFee: 0.1,\n    marketOpen: true,\n    factor: 2,\n    supplyLimit: 10\n});\nCollateralAsset = await (0, _collaterals.addMockCollateralAsset)({\n    name: \"Collateral18Dec\",\n    price: kreskoAssetPrice,\n    factor: 0.5,\n    decimals: 18\n});\nCollateralAsset8Dec = await (0, _collaterals.addMockCollateralAsset)({\n    name: \"Collateral8Dec\",\n    price: kreskoAssetPrice,\n    factor: 0.5,\n    decimals: 8\n});\nCollateralAsset21Dec = await (0, _collaterals.addMockCollateralAsset)({\n    name: \"Collateral21Dec\",\n    price: kreskoAssetPrice,\n    factor: 0.5,\n    decimals: 21\n});\nawait CollateralAsset.setBalance(user, (0, _lib.toBig)(startingBalance));\nawait CollateralAsset8Dec.setBalance(user, (0, _lib.toBig)(startingBalance, 8));\nawait CollateralAsset21Dec.setBalance(user, (0, _lib.toBig)(startingBalance, 21));\nawait CollateralAsset.contract.connect(user).approve(_hardhat.default.Diamond.address, _hardhat.default.ethers.constants.MaxUint256);\nawait CollateralAsset8Dec.contract.connect(user).approve(_hardhat.default.Diamond.address, _hardhat.default.ethers.constants.MaxUint256);\nawait CollateralAsset21Dec.contract.connect(user).approve(_hardhat.default.Diamond.address, _hardhat.default.ethers.constants.MaxUint256);",
              "err": {},
              "uuid": "ee0270c1-ca38-45f5-8b54-ea63db338c58",
              "parentUUID": "126d06ae-8ad5-428c-8802-ed95817859bb",
              "isHook": true,
              "skipped": false
            }
          ],
          "afterHooks": [],
          "tests": [],
          "suites": [
            {
              "uuid": "27d9d4ee-6173-41be-97c6-44093d5df4c3",
              "title": "#Collateral Deposit Values",
              "fullFile": "/Users/tabishshaikh/work/kresko/kresko-protocol/src/test/asset-values/00-asset-values.ts",
              "file": "/src/test/asset-values/00-asset-values.ts",
              "beforeHooks": [],
              "afterHooks": [],
              "tests": [
                {
                  "title": "should return the correct deposit value with 18 decimals",
                  "fullTitle": "Asset Amounts & Values #Collateral Deposit Values should return the correct deposit value with 18 decimals",
                  "timedOut": false,
                  "duration": 53,
                  "state": "passed",
                  "speed": "medium",
                  "pass": true,
                  "fail": false,
                  "pending": false,
                  "context": null,
                  "code": "const depositAmount = (0, _lib.toBig)(10);\nconst expectedDepositValue = (0, _lib.toBig)(50, oracleDecimals); // cfactor = 0.5, collateralPrice = 10, depositAmount = 10\nawait (0, _test.wrapContractWithSigner)(_hardhat.default.Diamond, user).depositCollateral(user.address, CollateralAsset.address, depositAmount);\nconst depositValue = await _hardhat.default.Diamond.getAccountCollateralValue(user.address);\n(0, _chai.expect)(depositValue).to.equal(expectedDepositValue);",
                  "err": {},
                  "uuid": "dfa2a821-fa90-4406-b049-557e0e5b5dc7",
                  "parentUUID": "27d9d4ee-6173-41be-97c6-44093d5df4c3",
                  "isHook": false,
                  "skipped": false
                },
                {
                  "title": "should return the correct deposit value with less than 18 decimals",
                  "fullTitle": "Asset Amounts & Values #Collateral Deposit Values should return the correct deposit value with less than 18 decimals",
                  "timedOut": false,
                  "duration": 55,
                  "state": "passed",
                  "speed": "medium",
                  "pass": true,
                  "fail": false,
                  "pending": false,
                  "context": null,
                  "code": "const depositAmount = (0, _lib.toBig)(10, 8);\nconst expectedDepositValue = (0, _lib.toBig)(50, oracleDecimals); // cfactor = 0.5, collateralPrice = 10, depositAmount = 10\nawait (0, _test.wrapContractWithSigner)(_hardhat.default.Diamond, user).depositCollateral(user.address, CollateralAsset8Dec.address, depositAmount);\nconst depositValue = await _hardhat.default.Diamond.getAccountCollateralValue(user.address);\n(0, _chai.expect)(depositValue).to.equal(expectedDepositValue);",
                  "err": {},
                  "uuid": "bb085e48-b2b9-4e48-8e9b-874b7f34074e",
                  "parentUUID": "27d9d4ee-6173-41be-97c6-44093d5df4c3",
                  "isHook": false,
                  "skipped": false
                },
                {
                  "title": "should return the correct deposit value with over 18 decimals",
                  "fullTitle": "Asset Amounts & Values #Collateral Deposit Values should return the correct deposit value with over 18 decimals",
                  "timedOut": false,
                  "duration": 56,
                  "state": "passed",
                  "speed": "medium",
                  "pass": true,
                  "fail": false,
                  "pending": false,
                  "context": null,
                  "code": "const depositAmount = (0, _lib.toBig)(10, 21);\nconst expectedDepositValue = (0, _lib.toBig)(50, oracleDecimals); // cfactor = 0.5, collateralPrice = 10, depositAmount = 10\nawait (0, _test.wrapContractWithSigner)(_hardhat.default.Diamond, user).depositCollateral(user.address, CollateralAsset21Dec.address, depositAmount);\nconst depositValue = await _hardhat.default.Diamond.getAccountCollateralValue(user.address);\n(0, _chai.expect)(depositValue).to.equal(expectedDepositValue);",
                  "err": {},
                  "uuid": "723b1c30-4c33-47a5-a90a-95fa25f0a35f",
                  "parentUUID": "27d9d4ee-6173-41be-97c6-44093d5df4c3",
                  "isHook": false,
                  "skipped": false
                },
                {
                  "title": "should return the correct deposit value combination of different decimals",
                  "fullTitle": "Asset Amounts & Values #Collateral Deposit Values should return the correct deposit value combination of different decimals",
                  "timedOut": false,
                  "duration": 127,
                  "state": "passed",
                  "speed": "slow",
                  "pass": true,
                  "fail": false,
                  "pending": false,
                  "context": null,
                  "code": "await (0, _test.wrapContractWithSigner)(_hardhat.default.Diamond, user).depositCollateral(user.address, CollateralAsset.address, (0, _lib.toBig)(10));\nawait (0, _test.wrapContractWithSigner)(_hardhat.default.Diamond, user).depositCollateral(user.address, CollateralAsset8Dec.address, (0, _lib.toBig)(10, 8));\nawait (0, _test.wrapContractWithSigner)(_hardhat.default.Diamond, user).depositCollateral(user.address, CollateralAsset21Dec.address, (0, _lib.toBig)(10, 21));\nconst expectedDepositValue = (0, _lib.toBig)(150, oracleDecimals); // cfactor = 0.5, collateralPrice = 10, depositAmount = 30\nconst depositValue = await _hardhat.default.Diamond.getAccountCollateralValue(user.address);\n(0, _chai.expect)(depositValue).to.equal(expectedDepositValue);",
                  "err": {},
                  "uuid": "db1fb38e-1de7-423b-ada8-ee06d7dca83e",
                  "parentUUID": "27d9d4ee-6173-41be-97c6-44093d5df4c3",
                  "isHook": false,
                  "skipped": false
                }
              ],
              "suites": [],
              "passes": [
                "dfa2a821-fa90-4406-b049-557e0e5b5dc7",
                "bb085e48-b2b9-4e48-8e9b-874b7f34074e",
                "723b1c30-4c33-47a5-a90a-95fa25f0a35f",
                "db1fb38e-1de7-423b-ada8-ee06d7dca83e"
              ],
              "failures": [],
              "pending": [],
              "skipped": [],
              "duration": 291,
              "root": false,
              "rootEmpty": false,
              "_timeout": 15000
            },
            {
              "uuid": "3da29cce-3d52-4fb9-a82d-21127a35cc30",
              "title": "#Collateral Deposit Amount",
              "fullFile": "/Users/tabishshaikh/work/kresko/kresko-protocol/src/test/asset-values/00-asset-values.ts",
              "file": "/src/test/asset-values/00-asset-values.ts",
              "beforeHooks": [],
              "afterHooks": [],
              "tests": [
                {
                  "title": "should return the correct deposit amount with 18 decimals",
                  "fullTitle": "Asset Amounts & Values #Collateral Deposit Amount should return the correct deposit amount with 18 decimals",
                  "timedOut": false,
                  "duration": 117,
                  "state": "passed",
                  "speed": "slow",
                  "pass": true,
                  "fail": false,
                  "pending": false,
                  "context": null,
                  "code": "const depositAmount = (0, _lib.toBig)(10);\nawait (0, _test.wrapContractWithSigner)(_hardhat.default.Diamond, user).depositCollateral(user.address, CollateralAsset.address, depositAmount);\nconst withdrawIndex = await _hardhat.default.Diamond.getDepositedCollateralAssetIndex(user.address, CollateralAsset.address);\nconst deposits = await _hardhat.default.Diamond.collateralDeposits(user.address, CollateralAsset.address);\n(0, _chai.expect)(deposits).to.equal(depositAmount);\nawait (0, _test.wrapContractWithSigner)(_hardhat.default.Diamond, user).withdrawCollateral(user.address, CollateralAsset.address, depositAmount, withdrawIndex);\nconst balance = await CollateralAsset.contract.balanceOf(user.address);\n(0, _chai.expect)(balance).to.equal((0, _lib.toBig)(startingBalance));",
                  "err": {},
                  "uuid": "1faf8759-d3ae-4e33-b47f-d12aa071a704",
                  "parentUUID": "3da29cce-3d52-4fb9-a82d-21127a35cc30",
                  "isHook": false,
                  "skipped": false
                },
                {
                  "title": "should return the correct deposit amount with less than 18 decimals",
                  "fullTitle": "Asset Amounts & Values #Collateral Deposit Amount should return the correct deposit amount with less than 18 decimals",
                  "timedOut": false,
                  "duration": 118,
                  "state": "passed",
                  "speed": "slow",
                  "pass": true,
                  "fail": false,
                  "pending": false,
                  "context": null,
                  "code": "const depositAmount = (0, _lib.toBig)(10, 8);\nawait (0, _test.wrapContractWithSigner)(_hardhat.default.Diamond, user).depositCollateral(user.address, CollateralAsset8Dec.address, depositAmount);\nconst withdrawIndex = await _hardhat.default.Diamond.getDepositedCollateralAssetIndex(user.address, CollateralAsset8Dec.address);\nconst deposits = await _hardhat.default.Diamond.collateralDeposits(user.address, CollateralAsset8Dec.address);\n(0, _chai.expect)(deposits).to.equal(depositAmount);\nawait (0, _test.wrapContractWithSigner)(_hardhat.default.Diamond, user).withdrawCollateral(user.address, CollateralAsset8Dec.address, depositAmount, withdrawIndex);\nconst balance = await CollateralAsset8Dec.contract.balanceOf(user.address);\n(0, _chai.expect)(balance).to.equal((0, _lib.toBig)(startingBalance, 8));",
                  "err": {},
                  "uuid": "fa9fe839-0533-48c9-bda7-32c004547413",
                  "parentUUID": "3da29cce-3d52-4fb9-a82d-21127a35cc30",
                  "isHook": false,
                  "skipped": false
                },
                {
                  "title": "should return the correct deposit value with over 18 decimals",
                  "fullTitle": "Asset Amounts & Values #Collateral Deposit Amount should return the correct deposit value with over 18 decimals",
                  "timedOut": false,
                  "duration": 121,
                  "state": "passed",
                  "speed": "slow",
                  "pass": true,
                  "fail": false,
                  "pending": false,
                  "context": null,
                  "code": "const depositAmount = (0, _lib.toBig)(10, 21);\nawait (0, _test.wrapContractWithSigner)(_hardhat.default.Diamond, user).depositCollateral(user.address, CollateralAsset21Dec.address, depositAmount);\nconst withdrawIndex = await _hardhat.default.Diamond.getDepositedCollateralAssetIndex(user.address, CollateralAsset21Dec.address);\nconst deposits = await _hardhat.default.Diamond.collateralDeposits(user.address, CollateralAsset21Dec.address);\n(0, _chai.expect)(deposits).to.equal(depositAmount);\nawait (0, _test.wrapContractWithSigner)(_hardhat.default.Diamond, user).withdrawCollateral(user.address, CollateralAsset21Dec.address, depositAmount, withdrawIndex);\nconst balance = await CollateralAsset21Dec.contract.balanceOf(user.address);\n(0, _chai.expect)(balance).to.equal((0, _lib.toBig)(startingBalance, 21));",
                  "err": {},
                  "uuid": "312c7428-94db-4cdc-8e44-bcaa9a7ffc76",
                  "parentUUID": "3da29cce-3d52-4fb9-a82d-21127a35cc30",
                  "isHook": false,
                  "skipped": false
                }
              ],
              "suites": [],
              "passes": [
                "1faf8759-d3ae-4e33-b47f-d12aa071a704",
                "fa9fe839-0533-48c9-bda7-32c004547413",
                "312c7428-94db-4cdc-8e44-bcaa9a7ffc76"
              ],
              "failures": [],
              "pending": [],
              "skipped": [],
              "duration": 356,
              "root": false,
              "rootEmpty": false,
              "_timeout": 15000
            },
            {
              "uuid": "46479431-d7a7-4b90-bab9-4532e8ee9f43",
              "title": "#Kresko Asset Debt Values",
              "fullFile": "/Users/tabishshaikh/work/kresko/kresko-protocol/src/test/asset-values/00-asset-values.ts",
              "file": "/src/test/asset-values/00-asset-values.ts",
              "beforeHooks": [],
              "afterHooks": [],
              "tests": [
                {
                  "title": "should return the correct debt value (+CR) with 18 decimal collateral",
                  "fullTitle": "Asset Amounts & Values #Kresko Asset Debt Values should return the correct debt value (+CR) with 18 decimal collateral",
                  "timedOut": false,
                  "duration": 324,
                  "state": "passed",
                  "speed": "slow",
                  "pass": true,
                  "fail": false,
                  "pending": false,
                  "context": null,
                  "code": "const depositAmount = (0, _lib.toBig)(10);\nawait (0, _test.wrapContractWithSigner)(_hardhat.default.Diamond, user).depositCollateral(user.address, CollateralAsset.address, depositAmount);\nconst mintAmount = (0, _lib.toBig)(1);\nconst expectedMintValue = (0, _lib.toBig)(20, oracleDecimals); // kFactor = 2, krAssetPrice = 10, mintAmount = 1, openFee = 0.1\nawait (0, _test.wrapContractWithSigner)(_hardhat.default.Diamond, user).mintKreskoAsset(user.address, KreskoAsset.address, mintAmount);\nconst expectedDepositValue = (0, _lib.toBig)(49.5, oracleDecimals); // cfactor = 0.5, collateralPrice = 10, depositAmount = 10, openFee = 0.1\nconst depositValue = await _hardhat.default.Diamond.getAccountCollateralValue(user.address);\n(0, _chai.expect)(depositValue).to.equal(expectedDepositValue);\nconst mintValue = await _hardhat.default.Diamond.getAccountKrAssetValue(user.address);\n(0, _chai.expect)(mintValue).to.equal(expectedMintValue);\nconst assetValue = await _hardhat.default.Diamond.getKrAssetValue(KreskoAsset.address, mintAmount, true);\nconst kFactor = (await _hardhat.default.Diamond.kreskoAsset(KreskoAsset.address)).kFactor;\n(0, _chai.expect)(assetValue).to.equal(expectedMintValue.wadDiv(kFactor));\nconst collateralRatio = await (0, _liquidations.getCR)(user.address, true); // big\n(0, _chai.expect)(collateralRatio).to.equal(expectedDepositValue.wadDiv(expectedMintValue)); // 2.475",
                  "err": {},
                  "uuid": "8b813811-a577-4555-9dea-5fd0f318068a",
                  "parentUUID": "46479431-d7a7-4b90-bab9-4532e8ee9f43",
                  "isHook": false,
                  "skipped": false
                },
                {
                  "title": "should return the correct debt value (+CR) with less than 18 decimal collateral",
                  "fullTitle": "Asset Amounts & Values #Kresko Asset Debt Values should return the correct debt value (+CR) with less than 18 decimal collateral",
                  "timedOut": false,
                  "duration": 335,
                  "state": "passed",
                  "speed": "slow",
                  "pass": true,
                  "fail": false,
                  "pending": false,
                  "context": null,
                  "code": "const depositAmount = (0, _lib.toBig)(10, 8);\nawait (0, _test.wrapContractWithSigner)(_hardhat.default.Diamond, user).depositCollateral(user.address, CollateralAsset8Dec.address, depositAmount);\nconst mintAmount = (0, _lib.toBig)(1);\nconst expectedMintValue = (0, _lib.toBig)(20, oracleDecimals); // kFactor = 2, krAssetPrice = 10, mintAmount = 1, openFee = 0.1\nawait (0, _test.wrapContractWithSigner)(_hardhat.default.Diamond, user).mintKreskoAsset(user.address, KreskoAsset.address, mintAmount);\nconst expectedDepositValue = (0, _lib.toBig)(49.5, oracleDecimals); // cfactor = 0.5, collateralPrice = 10, depositAmount = 10, openFee = 0.1\nconst depositValue = await _hardhat.default.Diamond.getAccountCollateralValue(user.address);\n(0, _chai.expect)(depositValue).to.equal(expectedDepositValue);\nconst mintValue = await _hardhat.default.Diamond.getAccountKrAssetValue(user.address);\n(0, _chai.expect)(mintValue).to.equal(expectedMintValue);\nconst assetValue = await _hardhat.default.Diamond.getKrAssetValue(KreskoAsset.address, mintAmount, true);\nconst kFactor = (await _hardhat.default.Diamond.kreskoAsset(KreskoAsset.address)).kFactor;\n(0, _chai.expect)(assetValue).to.equal(expectedMintValue.wadDiv(kFactor));\nconst collateralRatio = await (0, _liquidations.getCR)(user.address, true); // big\n(0, _chai.expect)(collateralRatio).to.equal(expectedDepositValue.wadDiv(expectedMintValue)); // 2.475",
                  "err": {},
                  "uuid": "a33cb104-f8a8-45d4-b571-5ccbb02cbf5c",
                  "parentUUID": "46479431-d7a7-4b90-bab9-4532e8ee9f43",
                  "isHook": false,
                  "skipped": false
                },
                {
                  "title": "should return the correct debt value (+CR) with more than 18 decimal collateral",
                  "fullTitle": "Asset Amounts & Values #Kresko Asset Debt Values should return the correct debt value (+CR) with more than 18 decimal collateral",
                  "timedOut": false,
                  "duration": 354,
                  "state": "passed",
                  "speed": "slow",
                  "pass": true,
                  "fail": false,
                  "pending": false,
                  "context": null,
                  "code": "const depositAmount = (0, _lib.toBig)(10, 21);\nawait (0, _test.wrapContractWithSigner)(_hardhat.default.Diamond, user).depositCollateral(user.address, CollateralAsset21Dec.address, depositAmount);\nconst mintAmount = (0, _lib.toBig)(1);\nconst expectedMintValue = (0, _lib.toBig)(20, oracleDecimals); // kFactor = 2, krAssetPrice = 10, mintAmount = 1, openFee = 0.1\nawait (0, _test.wrapContractWithSigner)(_hardhat.default.Diamond, user).mintKreskoAsset(user.address, KreskoAsset.address, mintAmount);\nconst expectedDepositValue = (0, _lib.toBig)(49.5, oracleDecimals); // cfactor = 0.5, collateralPrice = 10, depositAmount = 10, openFee = 0.1\nconst depositValue = await _hardhat.default.Diamond.getAccountCollateralValue(user.address);\n(0, _chai.expect)(depositValue).to.equal(expectedDepositValue);\nconst mintValue = await _hardhat.default.Diamond.getAccountKrAssetValue(user.address);\n(0, _chai.expect)(mintValue).to.equal(expectedMintValue);\nconst assetValue = await _hardhat.default.Diamond.getKrAssetValue(KreskoAsset.address, mintAmount, true);\nconst kFactor = (await _hardhat.default.Diamond.kreskoAsset(KreskoAsset.address)).kFactor;\n(0, _chai.expect)(assetValue).to.equal(expectedMintValue.wadDiv(kFactor));\nconst collateralRatio = await (0, _liquidations.getCR)(user.address, true); // big\n(0, _chai.expect)(collateralRatio).to.equal(expectedDepositValue.wadDiv(expectedMintValue)); // 2.475",
                  "err": {},
                  "uuid": "979ed6d0-0d6e-40e5-bf26-c7ef423b3bd4",
                  "parentUUID": "46479431-d7a7-4b90-bab9-4532e8ee9f43",
                  "isHook": false,
                  "skipped": false
                }
              ],
              "suites": [],
              "passes": [
                "8b813811-a577-4555-9dea-5fd0f318068a",
                "a33cb104-f8a8-45d4-b571-5ccbb02cbf5c",
                "979ed6d0-0d6e-40e5-bf26-c7ef423b3bd4"
              ],
              "failures": [],
              "pending": [],
              "skipped": [],
              "duration": 1013,
              "root": false,
              "rootEmpty": false,
              "_timeout": 15000
            }
          ],
          "passes": [],
          "failures": [],
          "pending": [],
          "skipped": [],
          "duration": 0,
          "root": false,
          "rootEmpty": false,
          "_timeout": 15000
        },
        {
          "uuid": "428fd7f2-307c-4de3-a4d8-bae103e59681",
          "title": "Collateral Pool",
          "fullFile": "/Users/tabishshaikh/work/kresko/kresko-protocol/src/test/collateral-pool/00-collateral-pool.ts",
          "file": "/src/test/collateral-pool/00-collateral-pool.ts",
          "beforeHooks": [
            {
              "title": "\"before each\" hook in \"Collateral Pool\"",
              "fullTitle": "Collateral Pool \"before each\" hook in \"Collateral Pool\"",
              "timedOut": false,
              "duration": 31,
              "state": null,
              "speed": null,
              "pass": false,
              "fail": false,
              "pending": false,
              "context": null,
              "code": "const fixture = await _hardhat.default.deployments.createFixture(async (hre)=>{\n    const result = await hre.deployments.fixture(fixtureName);\n    if (result.Diamond) {\n        hre.Diamond = _evmconnector.WrapperBuilder.wrap(await hre.getContractOrFork(\"Kresko\")).usingSimpleNumericMock({\n            mockSignersCount: 1,\n            timestampMilliseconds: Date.now(),\n            dataPoints: [\n                {\n                    dataFeedId: \"DAI\",\n                    value: 0\n                },\n                {\n                    dataFeedId: \"USDC\",\n                    value: 0\n                },\n                {\n                    dataFeedId: \"TSLA\",\n                    value: 0\n                },\n                {\n                    dataFeedId: \"ETH\",\n                    value: 0\n                },\n                {\n                    dataFeedId: \"BTC\",\n                    value: 0\n                }\n            ]\n        });\n    }\n    return {\n        facets: result.Diamond ? result.Diamond.facets : [],\n        collaterals: hre.collaterals,\n        krAssets: hre.krAssets\n    };\n})();\nthis.facets = fixture.facets || [];\nthis.collaterals = fixture.collaterals;\nthis.krAssets = fixture.krAssets;",
              "err": {},
              "uuid": "ee6114ab-67bf-419c-8dbb-c163fd31072f",
              "parentUUID": "428fd7f2-307c-4de3-a4d8-bae103e59681",
              "isHook": true,
              "skipped": false
            },
            {
              "title": "\"before each\" hook in \"Collateral Pool\"",
              "fullTitle": "Collateral Pool \"before each\" hook in \"Collateral Pool\"",
              "timedOut": false,
              "duration": 3285,
              "state": null,
              "speed": null,
              "pass": false,
              "fail": false,
              "pending": false,
              "context": null,
              "code": "users = [\n    _hardhat.default.users.testUserFive,\n    _hardhat.default.users.testUserSix,\n    _hardhat.default.users.testUserSeven\n];\n[KreskoAsset, CollateralAsset, CollateralAsset8Dec] = await Promise.all([\n    (0, _krassets.addMockKreskoAsset)({\n        name: \"KreskoAssetPrice10USD\",\n        price: collateralPrice,\n        symbol: \"KreskoAssetPrice10USD\",\n        closeFee: 0.1,\n        openFee: 0.1,\n        marketOpen: true,\n        factor: 1.25,\n        supplyLimit: 100000\n    }, true),\n    (0, _collaterals.addMockCollateralAsset)({\n        name: \"Collateral18Dec\",\n        price: collateralPrice,\n        factor: 1,\n        decimals: 18\n    }),\n    (0, _collaterals.addMockCollateralAsset)({\n        name: \"Collateral8Dec\",\n        price: collateralPrice,\n        factor: 0.8,\n        decimals: 8\n    })\n]);\nfor (const user of users){\n    await Promise.all([\n        await CollateralAsset.setBalance(user, depositAmount18Dec),\n        await CollateralAsset8Dec.setBalance(user, depositAmount8Dec),\n        await CollateralAsset.contract.connect(user).approve(_hardhat.default.Diamond.address, _hardhat.default.ethers.constants.MaxUint256),\n        await CollateralAsset8Dec.contract.connect(user).approve(_hardhat.default.Diamond.address, _hardhat.default.ethers.constants.MaxUint256)\n    ]);\n}",
              "err": {},
              "uuid": "9b0747d1-31b3-4a18-95fd-bebcce485e71",
              "parentUUID": "428fd7f2-307c-4de3-a4d8-bae103e59681",
              "isHook": true,
              "skipped": false
            }
          ],
          "afterHooks": [],
          "tests": [],
          "suites": [
            {
              "uuid": "f65e969e-a530-43e4-a79f-47177fae8ae1",
              "title": "#Configuration",
              "fullFile": "/Users/tabishshaikh/work/kresko/kresko-protocol/src/test/collateral-pool/00-collateral-pool.ts",
              "file": "/src/test/collateral-pool/00-collateral-pool.ts",
              "beforeHooks": [],
              "afterHooks": [],
              "tests": [
                {
                  "title": "should be initialized with correct params",
                  "fullTitle": "Collateral Pool #Configuration should be initialized with correct params",
                  "timedOut": false,
                  "duration": 33,
                  "state": "passed",
                  "speed": "fast",
                  "pass": true,
                  "fail": false,
                  "pending": false,
                  "context": null,
                  "code": "const { args  } = await (0, _shared.getCollateralPoolInitializer)(_hardhat.default);\nconst configuration = await _hardhat.default.Diamond.getCollateralPoolConfig();\n(0, _chai.expect)(configuration.swapFeeRecipient).to.equal(args.swapFeeRecipient);\n(0, _chai.expect)(configuration.lt).to.equal(args.lt);\n(0, _chai.expect)(configuration.mcr).to.equal(args.mcr);",
                  "err": {},
                  "uuid": "0003ca9d-c47b-4cf9-b9ce-1d77310b3ed2",
                  "parentUUID": "f65e969e-a530-43e4-a79f-47177fae8ae1",
                  "isHook": false,
                  "skipped": false
                },
                {
                  "title": "should be able to add whitelisted collateral",
                  "fullTitle": "Collateral Pool #Configuration should be able to add whitelisted collateral",
                  "timedOut": false,
                  "duration": 85,
                  "state": "passed",
                  "speed": "slow",
                  "pass": true,
                  "fail": false,
                  "pending": false,
                  "context": null,
                  "code": "const configuration = {\n    decimals: 18,\n    liquidationIncentive: (0, _lib.toBig)(1.1),\n    depositLimit: _hardhat.ethers.constants.MaxUint256,\n    liquidityIndex: _lib.RAY\n};\nawait _hardhat.default.Diamond.enablePoolCollaterals([\n    CollateralAsset.address\n], [\n    configuration\n]);\nconst collateral = await _hardhat.default.Diamond.getPoolCollateral(CollateralAsset.address);\n(0, _chai.expect)(collateral.decimals).to.equal(configuration.decimals);\n(0, _chai.expect)(collateral.liquidationIncentive).to.equal(configuration.liquidationIncentive);\n(0, _chai.expect)(collateral.liquidityIndex).to.equal(_lib.RAY);\n(0, _chai.expect)(collateral.depositLimit).to.equal(configuration.depositLimit);\nconst collaterals = await _hardhat.default.Diamond.getPoolCollateralAssets();\n(0, _chai.expect)(collaterals).to.deep.equal([\n    CollateralAsset.address\n]);\n(0, _chai.expect)(await _hardhat.default.Diamond.getPoolAssetIsEnabled(CollateralAsset.address)).to.equal(true);",
                  "err": {},
                  "uuid": "d7ed5eac-f6a4-448b-96a9-fe1d80460933",
                  "parentUUID": "f65e969e-a530-43e4-a79f-47177fae8ae1",
                  "isHook": false,
                  "skipped": false
                },
                {
                  "title": "should be able to update a whitelisted collateral",
                  "fullTitle": "Collateral Pool #Configuration should be able to update a whitelisted collateral",
                  "timedOut": false,
                  "duration": 69,
                  "state": "passed",
                  "speed": "medium",
                  "pass": true,
                  "fail": false,
                  "pending": false,
                  "context": null,
                  "code": "const configuration = {\n    decimals: 18,\n    liquidationIncentive: (0, _lib.toBig)(1.1),\n    depositLimit: _hardhat.ethers.constants.MaxUint256,\n    liquidityIndex: _lib.RAY\n};\nawait _hardhat.default.Diamond.enablePoolCollaterals([\n    CollateralAsset.address\n], [\n    configuration\n]);\nawait _hardhat.default.Diamond.updatePoolCollateral(CollateralAsset.address, (0, _lib.toBig)(1.05), 1);\nconst collateral = await _hardhat.default.Diamond.getPoolCollateral(CollateralAsset.address);\n(0, _chai.expect)(collateral.decimals).to.equal(configuration.decimals);\n(0, _chai.expect)(collateral.liquidationIncentive).to.equal((0, _lib.toBig)(1.05));\n(0, _chai.expect)(collateral.liquidityIndex).to.equal(_lib.RAY);\n(0, _chai.expect)(collateral.depositLimit).to.equal(1);",
                  "err": {},
                  "uuid": "6fdf2f1d-4553-47a8-aa54-3485e1a9831f",
                  "parentUUID": "f65e969e-a530-43e4-a79f-47177fae8ae1",
                  "isHook": false,
                  "skipped": false
                },
                {
                  "title": "should be able to disable a whitelisted collateral asset",
                  "fullTitle": "Collateral Pool #Configuration should be able to disable a whitelisted collateral asset",
                  "timedOut": false,
                  "duration": 92,
                  "state": "passed",
                  "speed": "slow",
                  "pass": true,
                  "fail": false,
                  "pending": false,
                  "context": null,
                  "code": "const configuration = {\n    decimals: 18,\n    liquidationIncentive: (0, _lib.toBig)(1.1),\n    depositLimit: _hardhat.ethers.constants.MaxUint256,\n    liquidityIndex: _lib.RAY\n};\nawait _hardhat.default.Diamond.enablePoolCollaterals([\n    CollateralAsset.address\n], [\n    configuration\n]);\nawait _hardhat.default.Diamond.disablePoolCollaterals([\n    CollateralAsset.address\n]);\nconst collaterals = await _hardhat.default.Diamond.getPoolCollateralAssets();\n(0, _chai.expect)(collaterals).to.deep.equal([\n    CollateralAsset.address\n]);\n(0, _chai.expect)(await _hardhat.default.Diamond.getPoolAssetIsEnabled(CollateralAsset.address)).to.equal(false);",
                  "err": {},
                  "uuid": "a7517f58-484a-4f36-b783-8bca98aa1475",
                  "parentUUID": "f65e969e-a530-43e4-a79f-47177fae8ae1",
                  "isHook": false,
                  "skipped": false
                },
                {
                  "title": "should be able to remove a collateral asset",
                  "fullTitle": "Collateral Pool #Configuration should be able to remove a collateral asset",
                  "timedOut": false,
                  "duration": 90,
                  "state": "passed",
                  "speed": "slow",
                  "pass": true,
                  "fail": false,
                  "pending": false,
                  "context": null,
                  "code": "const configuration = {\n    decimals: 18,\n    liquidationIncentive: (0, _lib.toBig)(1.1),\n    depositLimit: _hardhat.ethers.constants.MaxUint256,\n    liquidityIndex: _lib.RAY\n};\nawait _hardhat.default.Diamond.enablePoolCollaterals([\n    CollateralAsset.address\n], [\n    configuration\n]);\nawait _hardhat.default.Diamond.removePoolCollaterals([\n    CollateralAsset.address\n]);\nconst collaterals = await _hardhat.default.Diamond.getPoolCollateralAssets();\n(0, _chai.expect)(collaterals).to.deep.equal([]);\n(0, _chai.expect)(await _hardhat.default.Diamond.getPoolAssetIsEnabled(CollateralAsset.address)).to.equal(false);",
                  "err": {},
                  "uuid": "77b785c8-2198-404f-97ed-e7b025a95439",
                  "parentUUID": "f65e969e-a530-43e4-a79f-47177fae8ae1",
                  "isHook": false,
                  "skipped": false
                },
                {
                  "title": "should be able to add whitelisted kresko asset",
                  "fullTitle": "Collateral Pool #Configuration should be able to add whitelisted kresko asset",
                  "timedOut": false,
                  "duration": 87,
                  "state": "passed",
                  "speed": "slow",
                  "pass": true,
                  "fail": false,
                  "pending": false,
                  "context": null,
                  "code": "const configuration = {\n    openFee: (0, _lib.toBig)(0.01),\n    closeFee: (0, _lib.toBig)(0.01),\n    protocolFee: (0, _lib.toBig)(0.25),\n    supplyLimit: (0, _lib.toBig)(1000000)\n};\nawait _hardhat.default.Diamond.enablePoolKrAssets([\n    KreskoAsset.address\n], [\n    configuration\n]);\nconst kreskoAsset = await _hardhat.default.Diamond.getPoolKrAsset(KreskoAsset.address);\n(0, _chai.expect)(kreskoAsset.openFee).to.equal(configuration.openFee);\n(0, _chai.expect)(kreskoAsset.closeFee).to.equal(configuration.closeFee);\n(0, _chai.expect)(kreskoAsset.protocolFee).to.equal(configuration.protocolFee);\n(0, _chai.expect)(kreskoAsset.supplyLimit).to.equal(configuration.supplyLimit);\nconst krAssets = await _hardhat.default.Diamond.getPoolKrAssets();\n(0, _chai.expect)(krAssets).to.deep.equal([\n    KreskoAsset.address\n]);\n(0, _chai.expect)(await _hardhat.default.Diamond.getPoolAssetIsEnabled(KreskoAsset.address)).to.equal(true);",
                  "err": {},
                  "uuid": "23e8b6cf-a185-45ab-b42d-453764f44a29",
                  "parentUUID": "f65e969e-a530-43e4-a79f-47177fae8ae1",
                  "isHook": false,
                  "skipped": false
                },
                {
                  "title": "should be able to update a whitelisted kresko asset",
                  "fullTitle": "Collateral Pool #Configuration should be able to update a whitelisted kresko asset",
                  "timedOut": false,
                  "duration": 109,
                  "state": "passed",
                  "speed": "slow",
                  "pass": true,
                  "fail": false,
                  "pending": false,
                  "context": null,
                  "code": "const configuration = {\n    openFee: (0, _lib.toBig)(0.01),\n    closeFee: (0, _lib.toBig)(0.01),\n    protocolFee: (0, _lib.toBig)(0.25),\n    supplyLimit: (0, _lib.toBig)(1000000)\n};\nawait _hardhat.default.Diamond.enablePoolKrAssets([\n    KreskoAsset.address\n], [\n    configuration\n]);\nconst update = {\n    openFee: (0, _lib.toBig)(0.05),\n    closeFee: (0, _lib.toBig)(0.05),\n    protocolFee: (0, _lib.toBig)(0.4),\n    supplyLimit: (0, _lib.toBig)(50000)\n};\nawait _hardhat.default.Diamond.updatePoolKrAsset(KreskoAsset.address, update);\nconst kreskoAsset = await _hardhat.default.Diamond.getPoolKrAsset(KreskoAsset.address);\n(0, _chai.expect)(kreskoAsset.openFee).to.equal(update.openFee);\n(0, _chai.expect)(kreskoAsset.closeFee).to.equal(update.closeFee);\n(0, _chai.expect)(kreskoAsset.protocolFee).to.equal(update.protocolFee);\n(0, _chai.expect)(kreskoAsset.supplyLimit).to.equal(update.supplyLimit);\nconst krAssets = await _hardhat.default.Diamond.getPoolKrAssets();\n(0, _chai.expect)(krAssets).to.deep.equal([\n    KreskoAsset.address\n]);\n(0, _chai.expect)(await _hardhat.default.Diamond.getPoolAssetIsEnabled(KreskoAsset.address)).to.equal(true);",
                  "err": {},
                  "uuid": "9916b611-3e39-4bfb-82f4-1365b0daa75f",
                  "parentUUID": "f65e969e-a530-43e4-a79f-47177fae8ae1",
                  "isHook": false,
                  "skipped": false
                },
                {
                  "title": "should be able to disable a whitelisted kresko asset",
                  "fullTitle": "Collateral Pool #Configuration should be able to disable a whitelisted kresko asset",
                  "timedOut": false,
                  "duration": 93,
                  "state": "passed",
                  "speed": "slow",
                  "pass": true,
                  "fail": false,
                  "pending": false,
                  "context": null,
                  "code": "const configuration = {\n    openFee: (0, _lib.toBig)(0.01),\n    closeFee: (0, _lib.toBig)(0.01),\n    protocolFee: (0, _lib.toBig)(0.25),\n    supplyLimit: (0, _lib.toBig)(1000000)\n};\nawait _hardhat.default.Diamond.enablePoolKrAssets([\n    KreskoAsset.address\n], [\n    configuration\n]);\nawait _hardhat.default.Diamond.disablePoolKrAssets([\n    KreskoAsset.address\n]);\nconst krAssets = await _hardhat.default.Diamond.getPoolKrAssets();\n(0, _chai.expect)(krAssets).to.deep.equal([\n    KreskoAsset.address\n]);\n(0, _chai.expect)(await _hardhat.default.Diamond.getPoolAssetIsEnabled(KreskoAsset.address)).to.equal(false);",
                  "err": {},
                  "uuid": "4e6aa389-5761-4dda-b826-242869876823",
                  "parentUUID": "f65e969e-a530-43e4-a79f-47177fae8ae1",
                  "isHook": false,
                  "skipped": false
                },
                {
                  "title": "should be able to remove a whitelisted kresko asset",
                  "fullTitle": "Collateral Pool #Configuration should be able to remove a whitelisted kresko asset",
                  "timedOut": false,
                  "duration": 93,
                  "state": "passed",
                  "speed": "slow",
                  "pass": true,
                  "fail": false,
                  "pending": false,
                  "context": null,
                  "code": "const configuration = {\n    openFee: (0, _lib.toBig)(0.01),\n    closeFee: (0, _lib.toBig)(0.01),\n    protocolFee: (0, _lib.toBig)(0.25),\n    supplyLimit: (0, _lib.toBig)(1000000)\n};\nawait _hardhat.default.Diamond.enablePoolKrAssets([\n    KreskoAsset.address\n], [\n    configuration\n]);\nawait _hardhat.default.Diamond.removePoolKrAssets([\n    KreskoAsset.address\n]);\nconst krAssets = await _hardhat.default.Diamond.getPoolKrAssets();\n(0, _chai.expect)(krAssets).to.deep.equal([]);\n(0, _chai.expect)(await _hardhat.default.Diamond.getPoolAssetIsEnabled(KreskoAsset.address)).to.equal(false);",
                  "err": {},
                  "uuid": "e8865ce5-dda8-417c-b31b-a539fe536d12",
                  "parentUUID": "f65e969e-a530-43e4-a79f-47177fae8ae1",
                  "isHook": false,
                  "skipped": false
                },
                {
                  "title": "should be able to enable and disable swap pairs",
                  "fullTitle": "Collateral Pool #Configuration should be able to enable and disable swap pairs",
                  "timedOut": false,
                  "duration": 128,
                  "state": "passed",
                  "speed": "slow",
                  "pass": true,
                  "fail": false,
                  "pending": false,
                  "context": null,
                  "code": "const swapPairsEnabled = [\n    {\n        assetIn: CollateralAsset.address,\n        assetOut: KreskoAsset.address,\n        enabled: true\n    }\n];\nawait _hardhat.default.Diamond.setSwapPairs(swapPairsEnabled);\n(0, _chai.expect)(await _hardhat.default.Diamond.getPoolIsSwapEnabled(CollateralAsset.address, KreskoAsset.address)).to.equal(true);\n(0, _chai.expect)(await _hardhat.default.Diamond.getPoolIsSwapEnabled(KreskoAsset.address, CollateralAsset.address)).to.equal(true);\nconst swapPairsDisabled = [\n    {\n        assetIn: CollateralAsset.address,\n        assetOut: KreskoAsset.address,\n        enabled: false\n    }\n];\nawait _hardhat.default.Diamond.setSwapPairs(swapPairsDisabled);\n(0, _chai.expect)(await _hardhat.default.Diamond.getPoolIsSwapEnabled(CollateralAsset.address, KreskoAsset.address)).to.equal(false);\n(0, _chai.expect)(await _hardhat.default.Diamond.getPoolIsSwapEnabled(KreskoAsset.address, CollateralAsset.address)).to.equal(false);",
                  "err": {},
                  "uuid": "993ad58f-82ec-478a-84d3-11e44b2daa0d",
                  "parentUUID": "f65e969e-a530-43e4-a79f-47177fae8ae1",
                  "isHook": false,
                  "skipped": false
                }
              ],
              "suites": [],
              "passes": [
                "0003ca9d-c47b-4cf9-b9ce-1d77310b3ed2",
                "d7ed5eac-f6a4-448b-96a9-fe1d80460933",
                "6fdf2f1d-4553-47a8-aa54-3485e1a9831f",
                "a7517f58-484a-4f36-b783-8bca98aa1475",
                "77b785c8-2198-404f-97ed-e7b025a95439",
                "23e8b6cf-a185-45ab-b42d-453764f44a29",
                "9916b611-3e39-4bfb-82f4-1365b0daa75f",
                "4e6aa389-5761-4dda-b826-242869876823",
                "e8865ce5-dda8-417c-b31b-a539fe536d12",
                "993ad58f-82ec-478a-84d3-11e44b2daa0d"
              ],
              "failures": [],
              "pending": [],
              "skipped": [],
              "duration": 879,
              "root": false,
              "rootEmpty": false,
              "_timeout": 15000
            },
            {
              "uuid": "af594a83-e9c1-4d05-a6d1-582566cae4d9",
              "title": "#Deposit",
              "fullFile": "/Users/tabishshaikh/work/kresko/kresko-protocol/src/test/collateral-pool/00-collateral-pool.ts",
              "file": "/src/test/collateral-pool/00-collateral-pool.ts",
              "beforeHooks": [
                {
                  "title": "\"before each\" hook in \"#Deposit\"",
                  "fullTitle": "Collateral Pool #Deposit \"before each\" hook in \"#Deposit\"",
                  "timedOut": false,
                  "duration": 79,
                  "state": null,
                  "speed": null,
                  "pass": false,
                  "fail": false,
                  "pending": false,
                  "context": null,
                  "code": "await Promise.all([\n    await _hardhat.default.Diamond.enablePoolCollaterals([\n        CollateralAsset.address,\n        CollateralAsset8Dec.address\n    ], [\n        {\n            decimals: 18,\n            liquidationIncentive: (0, _lib.toBig)(1.1),\n            depositLimit: _hardhat.ethers.constants.MaxUint256,\n            liquidityIndex: _lib.RAY\n        },\n        {\n            decimals: 8,\n            liquidationIncentive: (0, _lib.toBig)(1.05),\n            depositLimit: _hardhat.ethers.constants.MaxUint256,\n            liquidityIndex: _lib.RAY\n        }\n    ]),\n    await _hardhat.default.Diamond.enablePoolKrAssets([\n        KreskoAsset.address\n    ], [\n        {\n            openFee: (0, _lib.toBig)(0.01),\n            closeFee: (0, _lib.toBig)(0.01),\n            protocolFee: (0, _lib.toBig)(0.25),\n            supplyLimit: (0, _lib.toBig)(1000000)\n        }\n    ])\n]);",
                  "err": {},
                  "uuid": "7dc95638-c00b-4866-8264-b24132d204c0",
                  "parentUUID": "af594a83-e9c1-4d05-a6d1-582566cae4d9",
                  "isHook": true,
                  "skipped": false
                }
              ],
              "afterHooks": [],
              "tests": [
                {
                  "title": "should be able to deposit collateral, calculate correct deposit values, not touching individual deposits",
                  "fullTitle": "Collateral Pool #Deposit should be able to deposit collateral, calculate correct deposit values, not touching individual deposits",
                  "timedOut": false,
                  "duration": 1130,
                  "state": "passed",
                  "speed": "slow",
                  "pass": true,
                  "fail": false,
                  "pending": false,
                  "context": null,
                  "code": "const expectedValueUnadjusted = (0, _lib.toBig)(collateralPrice * depositAmount, 8);\nconst expectedValueAdjusted = (0, _lib.toBig)(collateralPrice / 1 * depositAmount, 8); // cfactor = 1\nconst WITH_FACTORS = false;\nconst WITHOUT_FACTORS = true;\nfor (const user of users){\n    const Kresko = (0, _test.wrapContractWithSigner)(_hardhat.default.Diamond, user);\n    await Kresko.poolDeposit(user.address, CollateralAsset.address, depositAmount18Dec);\n    (0, _chai.expect)(await CollateralAsset.contract.balanceOf(user.address)).to.equal(0);\n    (0, _chai.expect)(await Kresko.getPoolAccountDepositsWithFees(user.address, CollateralAsset.address)).to.equal(depositAmount18Dec);\n    (0, _chai.expect)(await Kresko.getPoolAccountPrincipalDeposits(user.address, CollateralAsset.address)).to.equal(depositAmount18Dec);\n    // Unadjusted\n    (0, _chai.expect)(await Kresko.getPoolAccountDepositsValue(user.address, CollateralAsset.address, WITHOUT_FACTORS)).to.equal(expectedValueUnadjusted);\n    (0, _chai.expect)(await Kresko.getPoolAccountTotalDepositsValue(user.address, WITHOUT_FACTORS)).to.equal(expectedValueUnadjusted);\n    // Adjusted\n    (0, _chai.expect)(await Kresko.getPoolAccountTotalDepositsValue(user.address, WITH_FACTORS)).to.equal(expectedValueAdjusted);\n    (0, _chai.expect)(await Kresko.getPoolAccountDepositsValue(user.address, CollateralAsset.address, WITH_FACTORS)).to.equal(expectedValueAdjusted);\n    // regular collateral deposits should be 0\n    (0, _chai.expect)(await Kresko.collateralDeposits(user.address, CollateralAsset.address)).to.equal(0);\n}\n(0, _chai.expect)(await CollateralAsset.contract.balanceOf(_hardhat.default.Diamond.address)).to.equal(depositAmount18Dec.mul(users.length));\n(0, _chai.expect)(await _hardhat.default.Diamond.getPoolDeposits(CollateralAsset.address)).to.equal(depositAmount18Dec.mul(users.length));\n// Unadjusted\nconst globalUnadjusted = await _hardhat.default.Diamond.getPoolStats(WITHOUT_FACTORS);\n(0, _chai.expect)(await _hardhat.default.Diamond.getPoolDepositsValue(CollateralAsset.address, WITHOUT_FACTORS)).to.equal(expectedValueUnadjusted.mul(users.length));\n(0, _chai.expect)(globalUnadjusted.collateralValue).to.equal(expectedValueUnadjusted.mul(users.length));\n(0, _chai.expect)(globalUnadjusted.debtValue).to.equal(0);\n(0, _chai.expect)(globalUnadjusted.cr).to.equal(0);\n// Adjusted\nconst globalAdjusted = await _hardhat.default.Diamond.getPoolStats(WITH_FACTORS);\n(0, _chai.expect)(await _hardhat.default.Diamond.getPoolDepositsValue(CollateralAsset.address, WITH_FACTORS)).to.equal(expectedValueAdjusted.mul(users.length));\n(0, _chai.expect)(globalAdjusted.collateralValue).to.equal(expectedValueUnadjusted.mul(users.length));\n(0, _chai.expect)(globalAdjusted.debtValue).to.equal(0);\n(0, _chai.expect)(globalAdjusted.cr).to.equal(0);",
                  "err": {},
                  "uuid": "b5432af6-4b46-44ed-a26e-1d9efac3de83",
                  "parentUUID": "af594a83-e9c1-4d05-a6d1-582566cae4d9",
                  "isHook": false,
                  "skipped": false
                },
                {
                  "title": "should be able to deposit multiple collaterals, calculate correct deposit values, not touching individual deposits",
                  "fullTitle": "Collateral Pool #Deposit should be able to deposit multiple collaterals, calculate correct deposit values, not touching individual deposits",
                  "timedOut": false,
                  "duration": 1587,
                  "state": "passed",
                  "speed": "slow",
                  "pass": true,
                  "fail": false,
                  "pending": false,
                  "context": null,
                  "code": "const expectedValueUnadjusted = (0, _lib.toBig)(collateralPrice * depositAmount, 8);\nconst expectedValueAdjusted = (0, _lib.toBig)(collateralPrice / 1 * depositAmount, 8); // cfactor = 1\nconst expectedValueUnadjusted8Dec = (0, _lib.toBig)(collateralPrice * depositAmount, 8);\nconst expectedValueAdjusted8Dec = (0, _lib.toBig)(collateralPrice * 0.8 * depositAmount, 8); // cfactor = 0.8\nconst WITH_FACTORS = false;\nconst WITHOUT_FACTORS = true;\nfor (const user of users){\n    const Kresko = (0, _test.wrapContractWithSigner)(_hardhat.default.Diamond, user);\n    await Kresko.poolDeposit(user.address, CollateralAsset.address, depositAmount18Dec);\n    await Kresko.poolDeposit(user.address, CollateralAsset8Dec.address, depositAmount8Dec);\n    (0, _chai.expect)(await Kresko.getPoolAccountDepositsWithFees(user.address, CollateralAsset.address)).to.equal(depositAmount18Dec);\n    (0, _chai.expect)(await Kresko.getPoolAccountDepositsWithFees(user.address, CollateralAsset8Dec.address)).to.equal(depositAmount8Dec);\n    // WITHOUT_FACTORS\n    (0, _chai.expect)(await Kresko.getPoolAccountDepositsValue(user.address, CollateralAsset.address, WITHOUT_FACTORS)).to.equal(expectedValueUnadjusted);\n    (0, _chai.expect)(await Kresko.getPoolAccountDepositsValue(user.address, CollateralAsset8Dec.address, WITHOUT_FACTORS)).to.equal(expectedValueUnadjusted8Dec);\n    (0, _chai.expect)(await Kresko.getPoolAccountTotalDepositsValue(user.address, WITHOUT_FACTORS)).to.equal(expectedValueUnadjusted.add(expectedValueUnadjusted8Dec));\n    // WITH_FACTORS\n    (0, _chai.expect)(await Kresko.getPoolAccountDepositsValue(user.address, CollateralAsset.address, WITH_FACTORS)).to.equal(expectedValueAdjusted);\n    (0, _chai.expect)(await Kresko.getPoolAccountDepositsValue(user.address, CollateralAsset8Dec.address, WITH_FACTORS)).to.equal(expectedValueAdjusted8Dec);\n    (0, _chai.expect)(await Kresko.getPoolAccountTotalDepositsValue(user.address, WITH_FACTORS)).to.equal(expectedValueAdjusted.add(expectedValueAdjusted8Dec));\n    // regular collateral deposits should be 0\n    (0, _chai.expect)(await Kresko.collateralDeposits(user.address, CollateralAsset.address)).to.equal(0);\n    (0, _chai.expect)(await Kresko.collateralDeposits(user.address, CollateralAsset8Dec.address)).to.equal(0);\n}\n(0, _chai.expect)(await _hardhat.default.Diamond.getPoolDeposits(CollateralAsset.address)).to.equal(depositAmount18Dec.mul(users.length));\n(0, _chai.expect)(await _hardhat.default.Diamond.getPoolDeposits(CollateralAsset8Dec.address)).to.equal(depositAmount8Dec.mul(users.length));\n// WITH_FACTORS global\nconst valueTotalAdjusted = expectedValueAdjusted.mul(users.length);\nconst valueTotalAdjusted8Dec = expectedValueAdjusted8Dec.mul(users.length);\nconst valueAdjusted = valueTotalAdjusted.add(valueTotalAdjusted8Dec);\n(0, _chai.expect)(await _hardhat.default.Diamond.getPoolDepositsValue(CollateralAsset.address, WITH_FACTORS)).to.equal(valueTotalAdjusted);\n(0, _chai.expect)(await _hardhat.default.Diamond.getPoolDepositsValue(CollateralAsset8Dec.address, WITH_FACTORS)).to.equal(valueTotalAdjusted8Dec);\nconst globalAdjusted = await _hardhat.default.Diamond.getPoolStats(WITH_FACTORS);\n(0, _chai.expect)(globalAdjusted.collateralValue).to.equal(valueAdjusted);\n(0, _chai.expect)(globalAdjusted.debtValue).to.equal(0);\n(0, _chai.expect)(globalAdjusted.cr).to.equal(0);\n// WITHOUT_FACTORS global\nconst valueTotalUnadjusted = expectedValueUnadjusted.mul(users.length);\nconst valueTotalUnadjusted8Dec = expectedValueUnadjusted8Dec.mul(users.length);\nconst valueUnadjusted = valueTotalUnadjusted.add(valueTotalUnadjusted8Dec);\n(0, _chai.expect)(await _hardhat.default.Diamond.getPoolDepositsValue(CollateralAsset.address, WITHOUT_FACTORS)).to.equal(valueTotalUnadjusted);\n(0, _chai.expect)(await _hardhat.default.Diamond.getPoolDepositsValue(CollateralAsset8Dec.address, WITHOUT_FACTORS)).to.equal(valueTotalUnadjusted8Dec);\nconst globalUnadjusted = await _hardhat.default.Diamond.getPoolStats(WITHOUT_FACTORS);\n(0, _chai.expect)(globalUnadjusted.collateralValue).to.equal(valueUnadjusted);\n(0, _chai.expect)(globalUnadjusted.debtValue).to.equal(0);\n(0, _chai.expect)(globalUnadjusted.cr).to.equal(0);",
                  "err": {},
                  "uuid": "6704ada2-ee76-412a-9c33-9e3811993635",
                  "parentUUID": "af594a83-e9c1-4d05-a6d1-582566cae4d9",
                  "isHook": false,
                  "skipped": false
                }
              ],
              "suites": [],
              "passes": [
                "b5432af6-4b46-44ed-a26e-1d9efac3de83",
                "6704ada2-ee76-412a-9c33-9e3811993635"
              ],
              "failures": [],
              "pending": [],
              "skipped": [],
              "duration": 2717,
              "root": false,
              "rootEmpty": false,
              "_timeout": 15000
            },
            {
              "uuid": "f77effd5-ca0e-400d-860c-afbc7ba0e29a",
              "title": "#Withdraw",
              "fullFile": "/Users/tabishshaikh/work/kresko/kresko-protocol/src/test/collateral-pool/00-collateral-pool.ts",
              "file": "/src/test/collateral-pool/00-collateral-pool.ts",
              "beforeHooks": [
                {
                  "title": "\"before each\" hook in \"#Withdraw\"",
                  "fullTitle": "Collateral Pool #Withdraw \"before each\" hook in \"#Withdraw\"",
                  "timedOut": false,
                  "duration": 81,
                  "state": null,
                  "speed": null,
                  "pass": false,
                  "fail": false,
                  "pending": false,
                  "context": null,
                  "code": "await Promise.all([\n    await _hardhat.default.Diamond.enablePoolCollaterals([\n        CollateralAsset.address,\n        CollateralAsset8Dec.address\n    ], [\n        {\n            decimals: 18,\n            liquidationIncentive: (0, _lib.toBig)(1.1),\n            depositLimit: _hardhat.ethers.constants.MaxUint256,\n            liquidityIndex: _lib.RAY\n        },\n        {\n            decimals: 18,\n            liquidationIncentive: (0, _lib.toBig)(1.05),\n            depositLimit: _hardhat.ethers.constants.MaxUint256,\n            liquidityIndex: _lib.RAY\n        }\n    ]),\n    await _hardhat.default.Diamond.enablePoolKrAssets([\n        KreskoAsset.address\n    ], [\n        {\n            openFee: (0, _lib.toBig)(0.01),\n            closeFee: (0, _lib.toBig)(0.01),\n            protocolFee: (0, _lib.toBig)(0.25),\n            supplyLimit: (0, _lib.toBig)(1000000)\n        }\n    ])\n]);",
                  "err": {},
                  "uuid": "96886c9f-360e-4dac-94c8-24e4fedbc41f",
                  "parentUUID": "f77effd5-ca0e-400d-860c-afbc7ba0e29a",
                  "isHook": true,
                  "skipped": false
                }
              ],
              "afterHooks": [],
              "tests": [
                {
                  "title": "should be able to withdraw full collateral of multiple assets",
                  "fullTitle": "Collateral Pool #Withdraw should be able to withdraw full collateral of multiple assets",
                  "timedOut": false,
                  "duration": 1803,
                  "state": "passed",
                  "speed": "slow",
                  "pass": true,
                  "fail": false,
                  "pending": false,
                  "context": null,
                  "code": "for (const user of users){\n    const Kresko = (0, _test.wrapContractWithSigner)(_hardhat.default.Diamond, user);\n    await Kresko.poolDeposit(user.address, CollateralAsset.address, depositAmount18Dec);\n    await Kresko.poolDeposit(user.address, CollateralAsset8Dec.address, depositAmount8Dec);\n    (0, _chai.expect)(await Kresko.getPoolAccountDepositsWithFees(user.address, CollateralAsset.address)).to.equal(depositAmount18Dec);\n    await Kresko.poolWithdraw(user.address, CollateralAsset.address, depositAmount18Dec);\n    await Kresko.poolWithdraw(user.address, CollateralAsset8Dec.address, depositAmount8Dec);\n    (0, _chai.expect)(await CollateralAsset.contract.balanceOf(Kresko.address)).to.equal(0);\n    (0, _chai.expect)(await CollateralAsset.contract.balanceOf(user.address)).to.equal(depositAmount18Dec);\n    (0, _chai.expect)(await Kresko.getPoolAccountDepositsWithFees(user.address, CollateralAsset.address)).to.equal(0);\n    (0, _chai.expect)(await Kresko.getPoolAccountPrincipalDeposits(user.address, CollateralAsset.address)).to.equal(0);\n    (0, _chai.expect)(await Kresko.getPoolAccountDepositsWithFees(user.address, CollateralAsset8Dec.address)).to.equal(0);\n    (0, _chai.expect)(await Kresko.getPoolAccountPrincipalDeposits(user.address, CollateralAsset8Dec.address)).to.equal(0);\n    (0, _chai.expect)(await _hardhat.default.Diamond.getPoolAccountTotalDepositsValue(user.address, false)).to.equal(0);\n    (0, _chai.expect)(await _hardhat.default.Diamond.getPoolAccountTotalDepositsValue(user.address, true)).to.equal(0);\n}\n(0, _chai.expect)(await _hardhat.default.Diamond.getPoolDeposits(CollateralAsset.address)).to.equal(0);\n(0, _chai.expect)(await _hardhat.default.Diamond.getPoolDeposits(CollateralAsset8Dec.address)).to.equal(0);\n(0, _chai.expect)(await _hardhat.default.Diamond.getPoolDepositsValue(CollateralAsset.address, true)).to.equal(0);\n(0, _chai.expect)(await _hardhat.default.Diamond.getPoolDepositsValue(CollateralAsset.address, false)).to.equal(0);\n(0, _chai.expect)(await _hardhat.default.Diamond.getPoolDepositsValue(CollateralAsset8Dec.address, true)).to.equal(0);\n(0, _chai.expect)(await _hardhat.default.Diamond.getPoolDepositsValue(CollateralAsset8Dec.address, false)).to.equal(0);\nconst globals = await _hardhat.default.Diamond.getPoolStats(true);\n(0, _chai.expect)(globals.collateralValue).to.equal(0);\n(0, _chai.expect)(globals.debtValue).to.equal(0);\n(0, _chai.expect)(globals.cr).to.equal(0);",
                  "err": {},
                  "uuid": "7f1d0681-c85f-4829-94c9-3a652d542c3c",
                  "parentUUID": "f77effd5-ca0e-400d-860c-afbc7ba0e29a",
                  "isHook": false,
                  "skipped": false
                },
                {
                  "title": "should be able to withdraw partial collateral of multiple assets",
                  "fullTitle": "Collateral Pool #Withdraw should be able to withdraw partial collateral of multiple assets",
                  "timedOut": false,
                  "duration": 1866,
                  "state": "passed",
                  "speed": "slow",
                  "pass": true,
                  "fail": false,
                  "pending": false,
                  "context": null,
                  "code": "const partialWithdraw = depositAmount18Dec.div(users.length);\nconst partialWithdraw8Dec = depositAmount8Dec.div(users.length);\nconst expectedValueUnadjusted = (0, _lib.toBig)(collateralPrice * depositAmount, 8).mul(200).div(300);\nconst expectedValueAdjusted = (0, _lib.toBig)(collateralPrice * 1 * depositAmount, 8).mul(200).div(300); // cfactor = 1\nconst expectedValueUnadjusted8Dec = (0, _lib.toBig)(collateralPrice * depositAmount, 8).mul(200).div(300);\nconst expectedValueAdjusted8Dec = (0, _lib.toBig)(collateralPrice * 0.8 * depositAmount, 8).mul(200).div(300); // cfactor = 0.8\nfor (const user of users){\n    const Kresko = (0, _test.wrapContractWithSigner)(_hardhat.default.Diamond, user);\n    await Kresko.poolDeposit(user.address, CollateralAsset.address, depositAmount18Dec);\n    await Kresko.poolDeposit(user.address, CollateralAsset8Dec.address, depositAmount8Dec);\n    (0, _chai.expect)(await Kresko.getPoolAccountDepositsWithFees(user.address, CollateralAsset.address)).to.equal(depositAmount18Dec);\n    await Kresko.poolWithdraw(user.address, CollateralAsset.address, partialWithdraw);\n    await Kresko.poolWithdraw(user.address, CollateralAsset8Dec.address, partialWithdraw8Dec);\n    (0, _chai.expect)(await CollateralAsset.contract.balanceOf(user.address)).to.equal(partialWithdraw);\n    (0, _chai.expect)(await CollateralAsset8Dec.contract.balanceOf(user.address)).to.equal(partialWithdraw8Dec);\n    (0, _chai.expect)(await Kresko.getPoolAccountDepositsWithFees(user.address, CollateralAsset.address)).to.equal(depositAmount18Dec.sub(partialWithdraw));\n    (0, _chai.expect)(await Kresko.getPoolAccountPrincipalDeposits(user.address, CollateralAsset.address)).to.equal(depositAmount18Dec.sub(partialWithdraw));\n    (0, _chai.expect)(await Kresko.getPoolAccountDepositsWithFees(user.address, CollateralAsset8Dec.address)).to.equal(depositAmount8Dec.sub(partialWithdraw8Dec));\n    (0, _chai.expect)(await Kresko.getPoolAccountPrincipalDeposits(user.address, CollateralAsset8Dec.address)).to.equal(depositAmount8Dec.sub(partialWithdraw8Dec));\n    (0, _chai.expect)(await _hardhat.default.Diamond.getPoolAccountTotalDepositsValue(user.address, false)).to.closeTo(expectedValueAdjusted.add(expectedValueAdjusted8Dec), (0, _lib.toBig)(0.00001, 8));\n    (0, _chai.expect)(await _hardhat.default.Diamond.getPoolAccountTotalDepositsValue(user.address, true)).to.closeTo(expectedValueUnadjusted.add(expectedValueUnadjusted8Dec), (0, _lib.toBig)(0.00001, 8));\n}\n(0, _chai.expect)(await CollateralAsset.contract.balanceOf(_hardhat.default.Diamond.address)).to.closeTo((0, _lib.toBig)(2000), 1);\n(0, _chai.expect)(await CollateralAsset8Dec.contract.balanceOf(_hardhat.default.Diamond.address)).to.closeTo((0, _lib.toBig)(2000, 8), 1);\n(0, _chai.expect)(await _hardhat.default.Diamond.getPoolDeposits(CollateralAsset.address)).to.closeTo((0, _lib.toBig)(2000), 1);\n(0, _chai.expect)(await _hardhat.default.Diamond.getPoolDeposits(CollateralAsset8Dec.address)).to.closeTo((0, _lib.toBig)(2000, 8), 1);\n(0, _chai.expect)(await _hardhat.default.Diamond.getPoolDepositsValue(CollateralAsset.address, true)).to.closeTo(expectedValueUnadjusted.mul(users.length), 20);\n(0, _chai.expect)(await _hardhat.default.Diamond.getPoolDepositsValue(CollateralAsset.address, false)).to.closeTo(expectedValueAdjusted.mul(users.length), 20);\n(0, _chai.expect)(await _hardhat.default.Diamond.getPoolDepositsValue(CollateralAsset8Dec.address, true)).to.closeTo(expectedValueUnadjusted8Dec.mul(users.length), 20);\n(0, _chai.expect)(await _hardhat.default.Diamond.getPoolDepositsValue(CollateralAsset8Dec.address, false)).to.closeTo(expectedValueAdjusted8Dec.mul(users.length), 20);\nconst totalValueRemaining = expectedValueUnadjusted8Dec.mul(users.length).add(expectedValueUnadjusted.mul(users.length));\nconst globals = await _hardhat.default.Diamond.getPoolStats(true);\n(0, _chai.expect)(globals.collateralValue).to.closeTo(totalValueRemaining, 20);\n(0, _chai.expect)(globals.debtValue).to.equal(0);\n(0, _chai.expect)(globals.cr).to.equal(0);",
                  "err": {},
                  "uuid": "fd3b66a5-76f9-4354-aec8-82b22ae52762",
                  "parentUUID": "f77effd5-ca0e-400d-860c-afbc7ba0e29a",
                  "isHook": false,
                  "skipped": false
                }
              ],
              "suites": [],
              "passes": [
                "7f1d0681-c85f-4829-94c9-3a652d542c3c",
                "fd3b66a5-76f9-4354-aec8-82b22ae52762"
              ],
              "failures": [],
              "pending": [],
              "skipped": [],
              "duration": 3669,
              "root": false,
              "rootEmpty": false,
              "_timeout": 15000
            },
            {
              "uuid": "dae7daea-21f8-437e-a6a4-149e0986588e",
              "title": "#Fee Distribution",
              "fullFile": "/Users/tabishshaikh/work/kresko/kresko-protocol/src/test/collateral-pool/00-collateral-pool.ts",
              "file": "/src/test/collateral-pool/00-collateral-pool.ts",
              "beforeHooks": [
                {
                  "title": "\"before each\" hook in \"#Fee Distribution\"",
                  "fullTitle": "Collateral Pool #Fee Distribution \"before each\" hook in \"#Fee Distribution\"",
                  "timedOut": false,
                  "duration": 112,
                  "state": null,
                  "speed": null,
                  "pass": false,
                  "fail": false,
                  "pending": false,
                  "context": null,
                  "code": "incomeCumulator = _hardhat.default.users.admin;\nawait CollateralAsset.setBalance(incomeCumulator, depositAmount18Dec.mul(users.length));\nawait CollateralAsset.contract.connect(incomeCumulator).approve(_hardhat.default.Diamond.address, _hardhat.default.ethers.constants.MaxUint256);\nawait Promise.all([\n    await _hardhat.default.Diamond.enablePoolCollaterals([\n        CollateralAsset.address,\n        CollateralAsset8Dec.address\n    ], [\n        {\n            decimals: 18,\n            liquidationIncentive: (0, _lib.toBig)(1.1),\n            depositLimit: _hardhat.ethers.constants.MaxUint256,\n            liquidityIndex: _lib.RAY\n        },\n        {\n            decimals: 8,\n            liquidationIncentive: (0, _lib.toBig)(1.05),\n            depositLimit: _hardhat.ethers.constants.MaxUint256,\n            liquidityIndex: _lib.RAY\n        }\n    ]),\n    await _hardhat.default.Diamond.enablePoolKrAssets([\n        KreskoAsset.address\n    ], [\n        {\n            openFee: (0, _lib.toBig)(0.01),\n            closeFee: (0, _lib.toBig)(0.01),\n            protocolFee: (0, _lib.toBig)(0.25),\n            supplyLimit: (0, _lib.toBig)(1000000)\n        }\n    ])\n]);",
                  "err": {},
                  "uuid": "1e355c99-d94c-41f0-be50-a32aa1c71d36",
                  "parentUUID": "dae7daea-21f8-437e-a6a4-149e0986588e",
                  "isHook": true,
                  "skipped": false
                }
              ],
              "afterHooks": [],
              "tests": [
                {
                  "title": "should be able to cumulate fees into deposits",
                  "fullTitle": "Collateral Pool #Fee Distribution should be able to cumulate fees into deposits",
                  "timedOut": false,
                  "duration": 3215,
                  "state": "passed",
                  "speed": "slow",
                  "pass": true,
                  "fail": false,
                  "pending": false,
                  "context": null,
                  "code": "const fees = depositAmount18Dec.mul(users.length);\nconst expectedValueNoFees = (0, _lib.toBig)(collateralPrice * depositAmount, 8);\nconst expectedValueFees = expectedValueNoFees.mul(2);\nfor (const user of users){\n    const Kresko = (0, _test.wrapContractWithSigner)(_hardhat.default.Diamond, user);\n    await Kresko.poolDeposit(user.address, CollateralAsset.address, depositAmount18Dec);\n}\nawait (0, _test.wrapContractWithSigner)(_hardhat.default.Diamond, incomeCumulator).cumulateIncome(CollateralAsset.address, fees);\nfor (const user of users){\n    const Kresko = (0, _test.wrapContractWithSigner)(_hardhat.default.Diamond, user);\n    (0, _chai.expect)(await Kresko.getPoolAccountDepositsValue(user.address, CollateralAsset.address, true)).to.equal(expectedValueNoFees);\n    (0, _chai.expect)(await Kresko.getPoolAccountDepositsValueWithFees(user.address, CollateralAsset.address)).to.equal(expectedValueFees); // fees for single asset\n    (0, _chai.expect)(await Kresko.getPoolAccountTotalDepositsValue(user.address, true)).to.equal(expectedValueNoFees); // fees\n    (0, _chai.expect)(await Kresko.getPoolAccountTotalDepositsValueWithFees(user.address)).to.equal(expectedValueFees); // fees\n    // withdraw principal\n    await Kresko.poolWithdraw(user.address, CollateralAsset.address, depositAmount18Dec);\n    (0, _chai.expect)(await Kresko.getPoolAccountDepositsValue(user.address, CollateralAsset.address, true)).to.equal(0);\n    (0, _chai.expect)(await Kresko.getPoolAccountDepositsValueWithFees(user.address, CollateralAsset.address)).to.equal(expectedValueFees.sub(expectedValueNoFees));\n    (0, _chai.expect)(await Kresko.getPoolAccountTotalDepositsValueWithFees(user.address)).to.equal(expectedValueFees.sub(expectedValueNoFees));\n    (0, _chai.expect)(await Kresko.getPoolAccountTotalDepositsValue(user.address, true)).to.equal(0);\n    (0, _chai.expect)(await CollateralAsset.contract.balanceOf(user.address)).to.equal(depositAmount18Dec);\n}\n// expect protocol to have no collateral here, only fees left.\n(0, _chai.expect)(await CollateralAsset.contract.balanceOf(_hardhat.default.Diamond.address)).to.equal(fees);\n(0, _chai.expect)(await _hardhat.default.Diamond.getPoolDeposits(CollateralAsset.address)).to.equal(0);\n(0, _chai.expect)(await _hardhat.default.Diamond.getPoolDepositsValue(CollateralAsset.address, true)).to.equal(0);\n(0, _chai.expect)(await _hardhat.default.Diamond.getPoolDepositsValue(CollateralAsset.address, false)).to.equal(0);\nconst global = await _hardhat.default.Diamond.getPoolStats(true);\n(0, _chai.expect)(global.collateralValue).to.equal(0);\n// withdraw fees\nfor (const user of users){\n    const Kresko = (0, _test.wrapContractWithSigner)(_hardhat.default.Diamond, user);\n    await Kresko.poolWithdraw(user.address, CollateralAsset.address, depositAmount18Dec);\n    // fees in user wallet\n    (0, _chai.expect)(await CollateralAsset.contract.balanceOf(user.address)).to.equal(depositAmount18Dec.add(depositAmount18Dec));\n    // nothing left in protocol for user\n    (0, _chai.expect)(await Kresko.getPoolAccountDepositsValue(user.address, CollateralAsset.address, true)).to.equal(0);\n    (0, _chai.expect)(await Kresko.getPoolAccountDepositsValueWithFees(user.address, CollateralAsset.address)).to.equal(0);\n    (0, _chai.expect)(await Kresko.getPoolAccountTotalDepositsValueWithFees(user.address)).to.equal(0);\n    (0, _chai.expect)(await Kresko.getPoolAccountTotalDepositsValue(user.address, true)).to.equal(0);\n}\n// nothing left in protocol.\n(0, _chai.expect)(await CollateralAsset.contract.balanceOf(_hardhat.default.Diamond.address)).to.equal(0);\n(0, _chai.expect)(await _hardhat.default.Diamond.getPoolDeposits(CollateralAsset.address)).to.equal(0);\n(0, _chai.expect)(await _hardhat.default.Diamond.getPoolDepositsValue(CollateralAsset.address, true)).to.equal(0);\n(0, _chai.expect)(await _hardhat.default.Diamond.getPoolDepositsValue(CollateralAsset.address, false)).to.equal(0);",
                  "err": {},
                  "uuid": "e68f9340-bcd9-4653-90fe-0bef5dfaaca3",
                  "parentUUID": "dae7daea-21f8-437e-a6a4-149e0986588e",
                  "isHook": false,
                  "skipped": false
                }
              ],
              "suites": [],
              "passes": [
                "e68f9340-bcd9-4653-90fe-0bef5dfaaca3"
              ],
              "failures": [],
              "pending": [],
              "skipped": [],
              "duration": 3215,
              "root": false,
              "rootEmpty": false,
              "_timeout": 15000
            },
            {
              "uuid": "d84bc89e-2208-43af-a714-e558c251b0cb",
              "title": "#Swap",
              "fullFile": "/Users/tabishshaikh/work/kresko/kresko-protocol/src/test/collateral-pool/00-collateral-pool.ts",
              "file": "/src/test/collateral-pool/00-collateral-pool.ts",
              "beforeHooks": [
                {
                  "title": "\"before each\" hook in \"#Swap\"",
                  "fullTitle": "Collateral Pool #Swap \"before each\" hook in \"#Swap\"",
                  "timedOut": false,
                  "duration": 2938,
                  "state": null,
                  "speed": null,
                  "pass": false,
                  "fail": false,
                  "pending": false,
                  "context": null,
                  "code": "swapper = users[0];\ndepositor = users[1];\n[KreskoAsset2, KISS] = await Promise.all([\n    (0, _krassets.addMockKreskoAsset)({\n        name: \"KreskoAssetPrice100USD\",\n        price: KreskoAsset2Price,\n        symbol: \"KreskoAssetPrice100USD\",\n        closeFee: 0.05,\n        openFee: 0.05,\n        marketOpen: true,\n        factor: 1,\n        supplyLimit: 1000\n    }, true),\n    (0, _krassets.addMockKreskoAsset)({\n        name: \"KISS\",\n        price: ONE_USD,\n        symbol: \"KISS\",\n        closeFee: 0.025,\n        openFee: 0.025,\n        marketOpen: true,\n        factor: 1,\n        supplyLimit: 1000000\n    }, true)\n]);\n// setup collaterals and krAssets in shared pool\nconst collateralConfig = {\n    decimals: 18,\n    liquidationIncentive: (0, _lib.toBig)(1.05),\n    depositLimit: _hardhat.ethers.constants.MaxUint256,\n    liquidityIndex: _lib.RAY\n};\nconst krAssetConfig = {\n    openFee: (0, _lib.toBig)(0.015),\n    closeFee: (0, _lib.toBig)(0.015),\n    protocolFee: (0, _lib.toBig)(0.25),\n    supplyLimit: (0, _lib.toBig)(1000000)\n};\nconst KISSConfig = {\n    openFee: (0, _lib.toBig)(0.025),\n    closeFee: (0, _lib.toBig)(0.025),\n    protocolFee: (0, _lib.toBig)(0.25),\n    supplyLimit: (0, _lib.toBig)(1000000)\n};\nawait Promise.all([\n    await _hardhat.default.Diamond.enablePoolCollaterals([\n        CollateralAsset.address,\n        CollateralAsset8Dec.address,\n        KISS.address,\n        KreskoAsset.address,\n        KreskoAsset2.address\n    ], [\n        collateralConfig,\n        collateralConfig,\n        collateralConfig,\n        collateralConfig,\n        collateralConfig\n    ]),\n    await _hardhat.default.Diamond.enablePoolKrAssets([\n        KreskoAsset.address,\n        KreskoAsset2.address,\n        KISS.address\n    ], [\n        krAssetConfig,\n        krAssetConfig,\n        KISSConfig\n    ]),\n    await _hardhat.default.Diamond.setSwapPairs([\n        {\n            assetIn: KreskoAsset2.address,\n            assetOut: KreskoAsset.address,\n            enabled: true\n        },\n        {\n            assetIn: KISS.address,\n            assetOut: KreskoAsset2.address,\n            enabled: true\n        },\n        {\n            assetIn: KreskoAsset.address,\n            assetOut: KISS.address,\n            enabled: true\n        }\n    ])\n]);\n// mint some KISS for users\nfor (const user of users){\n    await CollateralAsset.setBalance(user, (0, _lib.toBig)(1000000));\n    await CollateralAsset.contract.connect(user).approve(_hardhat.default.Diamond.address, _hardhat.default.ethers.constants.MaxUint256);\n    await KISS.contract.connect(user).approve(_hardhat.default.Diamond.address, _hardhat.default.ethers.constants.MaxUint256);\n    await KreskoAsset2.contract.connect(user).approve(_hardhat.default.Diamond.address, _hardhat.default.ethers.constants.MaxUint256);\n    await KISS.setBalance(swapper, (0, _lib.toBig)(10000));\n}\nawait (0, _test.wrapContractWithSigner)(_hardhat.default.Diamond, depositor).poolDeposit(depositor.address, CollateralAsset.address, depositAmount18Dec);",
                  "err": {},
                  "uuid": "7faeb470-b903-4454-b2de-01aef8f6098b",
[...]
                    "484f6f70-3a04-4d91-86f6-6b2c7cf026c7",
                    "d74639db-1f4d-42b2-9e53-84d48df3d7cd",
                    "6af9ad33-f277-438f-9b88-083b1ca2296c"
                  ],
                  "failures": [],
                  "pending": [],
                  "skipped": [],
                  "duration": 417,
                  "root": false,
                  "rootEmpty": false,
                  "_timeout": 15000
                },
                {
                  "uuid": "85372a8d-5aa8-4c65-b0b6-cccb365d37e9",
                  "title": "duration based pausing",
                  "fullFile": "/Users/tabishshaikh/work/kresko/kresko-protocol/src/test/safety/00-council.ts",
                  "file": "/src/test/safety/00-council.ts",
                  "beforeHooks": [],
                  "afterHooks": [],
                  "tests": [
                    {
                      "title": "can optionally set a timeout on a given pause command",
                      "fullTitle": "Safety Council #toggleAssetsPaused duration based pausing can optionally set a timeout on a given pause command",
                      "timedOut": false,
                      "duration": 138,
                      "state": "passed",
                      "speed": "slow",
                      "pass": true,
                      "fail": false,
                      "pending": false,
                      "context": null,
                      "code": "const duration = 100000000;\nawait (0, _execution.executeContractCallWithSigners)(_hardhat.default.Multisig, _hardhat.default.Diamond, \"toggleAssetsPaused\", [\n    [\n        this.collateral.address\n    ],\n    _testutils.Action.DEPOSIT,\n    true,\n    duration\n], [\n    this.deployer,\n    this.devTwo,\n    this.extOne\n]);\nconst depositSafetyState = await _hardhat.default.Diamond.safetyStateFor(this.collateral.address, _testutils.Action.DEPOSIT);\n(0, _chai.expect)(depositSafetyState.length).to.equal(1);\n// Blocktime timestamp + duration should be equal to final timestamp\n(0, _chai.expect)(depositSafetyState[0].timestamp0.add(duration)).eq(depositSafetyState[0].timestamp1);",
                      "err": {},
                      "uuid": "a5821903-6f1e-4dc0-a6a8-0e8e90e15eb2",
                      "parentUUID": "85372a8d-5aa8-4c65-b0b6-cccb365d37e9",
                      "isHook": false,
                      "skipped": false
                    },
                    {
                      "title": "duration based pause functionality should expire after the duration has passed [PLACEHOLDER]",
                      "fullTitle": "Safety Council #toggleAssetsPaused duration based pausing duration based pause functionality should expire after the duration has passed [PLACEHOLDER]",
                      "timedOut": false,
                      "duration": 143,
                      "state": "passed",
                      "speed": "slow",
                      "pass": true,
                      "fail": false,
                      "pending": false,
                      "context": null,
                      "code": "const duration = 100000;\nawait (0, _execution.executeContractCallWithSigners)(_hardhat.default.Multisig, _hardhat.default.Diamond, \"toggleAssetsPaused\", [\n    [\n        this.collateral.address\n    ],\n    _testutils.Action.DEPOSIT,\n    true,\n    duration\n], [\n    this.deployer,\n    this.devTwo,\n    this.extOne\n]);\nconst depositSafetyState = await _hardhat.default.Diamond.safetyStateFor(this.collateral.address, _testutils.Action.DEPOSIT);\n(0, _chai.expect)(depositSafetyState.length).to.equal(1);\n// Blocktime timestamp + duration should be equal to final timestamp\n(0, _chai.expect)(depositSafetyState[0].timestamp0.add(duration)).eq(depositSafetyState[0].timestamp1);\n// Confirm that the current blocktime is within the pause action's duration\nconst blockNumBefore = await _hardhat.default.ethers.provider.getBlockNumber();\nconst blockBefore = await _hardhat.default.ethers.provider.getBlock(blockNumBefore);\nconst timestampBefore = blockBefore.timestamp;\n(0, _chai.expect)(Number(depositSafetyState[0].timestamp1)).to.be.greaterThan(timestampBefore);\n// Increase time by seven days\nconst sevenDays = 7 * 24 * 60 * 60;\nawait _hardhat.default.ethers.provider.send(\"evm_increaseTime\", [\n    sevenDays\n]);\nawait _hardhat.default.ethers.provider.send(\"evm_mine\", []);\n// Confirm that block time has increased as expected\nconst blockNumAfter = await _hardhat.default.ethers.provider.getBlockNumber();\nconst blockAfter = await _hardhat.default.ethers.provider.getBlock(blockNumAfter);\nconst timestampAfter = blockAfter.timestamp;\n(0, _chai.expect)(blockNumAfter).to.be.equal(blockNumBefore + 1);\n(0, _chai.expect)(timestampAfter).to.be.equal(timestampBefore + sevenDays);\n// Confirm that the current blocktime is after the pause action's duration\n(0, _chai.expect)(timestampAfter).to.be.greaterThan(Number(depositSafetyState[0].timestamp1));\n            // NOTE: now we can test any functionality that should have now expired",
                      "err": {},
                      "uuid": "e2a5a1f5-b9fa-4e62-b1cc-b856e9aa3fe5",
                      "parentUUID": "85372a8d-5aa8-4c65-b0b6-cccb365d37e9",
                      "isHook": false,
                      "skipped": false
                    }
                  ],
                  "suites": [],
                  "passes": [
                    "a5821903-6f1e-4dc0-a6a8-0e8e90e15eb2",
                    "e2a5a1f5-b9fa-4e62-b1cc-b856e9aa3fe5"
                  ],
                  "failures": [],
                  "pending": [],
                  "skipped": [],
                  "duration": 281,
                  "root": false,
                  "rootEmpty": false,
                  "_timeout": 15000
                },
                {
                  "uuid": "72f2a654-048e-42f9-8886-94939b748f90",
                  "title": "toggle all possible actions: DEPOSIT, WITHDRAW, REPAY, BORROW, LIQUIDATION",
                  "fullFile": "/Users/tabishshaikh/work/kresko/kresko-protocol/src/test/safety/00-council.ts",
                  "file": "/src/test/safety/00-council.ts",
                  "beforeHooks": [],
                  "afterHooks": [],
                  "tests": [
                    {
                      "title": "can toggle action DEPOSIT pause status on and off",
                      "fullTitle": "Safety Council #toggleAssetsPaused toggle all possible actions: DEPOSIT, WITHDRAW, REPAY, BORROW, LIQUIDATION can toggle action DEPOSIT pause status on and off",
                      "timedOut": false,
                      "duration": 275,
                      "state": "passed",
                      "speed": "slow",
                      "pass": true,
                      "fail": false,
                      "pending": false,
                      "context": null,
                      "code": "await (0, _execution.executeContractCallWithSigners)(_hardhat.default.Multisig, _hardhat.default.Diamond, \"toggleAssetsPaused\", [\n    [\n        this.collateral.address\n    ],\n    _testutils.Action.DEPOSIT,\n    false,\n    0\n], [\n    this.deployer,\n    this.devTwo,\n    this.extOne\n]);\nlet isPaused = await _hardhat.default.Diamond.assetActionPaused(_testutils.Action.DEPOSIT.toString(), this.collateral.address);\n(0, _chai.expect)(isPaused).to.equal(true);\nawait (0, _execution.executeContractCallWithSigners)(_hardhat.default.Multisig, _hardhat.default.Diamond, \"toggleAssetsPaused\", [\n    [\n        this.collateral.address\n    ],\n    _testutils.Action.DEPOSIT,\n    false,\n    0\n], [\n    this.deployer,\n    this.devTwo,\n    this.extOne\n]);\nisPaused = await _hardhat.default.Diamond.assetActionPaused(_testutils.Action.DEPOSIT.toString(), this.collateral.address);\n(0, _chai.expect)(isPaused).to.equal(false);",
                      "err": {},
                      "uuid": "014f6eb1-5986-4bb1-b7cb-a45e2e945c7b",
                      "parentUUID": "72f2a654-048e-42f9-8886-94939b748f90",
                      "isHook": false,
                      "skipped": false
                    },
                    {
                      "title": "can toggle action WITHDRAW pause status on and off",
                      "fullTitle": "Safety Council #toggleAssetsPaused toggle all possible actions: DEPOSIT, WITHDRAW, REPAY, BORROW, LIQUIDATION can toggle action WITHDRAW pause status on and off",
                      "timedOut": false,
                      "duration": 269,
                      "state": "passed",
                      "speed": "slow",
                      "pass": true,
                      "fail": false,
                      "pending": false,
                      "context": null,
                      "code": "await (0, _execution.executeContractCallWithSigners)(_hardhat.default.Multisig, _hardhat.default.Diamond, \"toggleAssetsPaused\", [\n    [\n        this.collateral.address\n    ],\n    _testutils.Action.WITHDRAW,\n    false,\n    0\n], [\n    this.deployer,\n    this.devTwo,\n    this.extOne\n]);\nlet isPaused = await _hardhat.default.Diamond.assetActionPaused(_testutils.Action.WITHDRAW.toString(), this.collateral.address);\n(0, _chai.expect)(isPaused).to.equal(true);\nawait (0, _execution.executeContractCallWithSigners)(_hardhat.default.Multisig, _hardhat.default.Diamond, \"toggleAssetsPaused\", [\n    [\n        this.collateral.address\n    ],\n    _testutils.Action.WITHDRAW,\n    false,\n    0\n], [\n    this.deployer,\n    this.devTwo,\n    this.extOne\n]);\nisPaused = await _hardhat.default.Diamond.assetActionPaused(_testutils.Action.WITHDRAW.toString(), this.collateral.address);\n(0, _chai.expect)(isPaused).to.equal(false);",
                      "err": {},
                      "uuid": "eb6367fe-9a95-464e-946f-05088fc7318f",
                      "parentUUID": "72f2a654-048e-42f9-8886-94939b748f90",
                      "isHook": false,
                      "skipped": false
                    },
                    {
                      "title": "can toggle action REPAY pause status on and off",
                      "fullTitle": "Safety Council #toggleAssetsPaused toggle all possible actions: DEPOSIT, WITHDRAW, REPAY, BORROW, LIQUIDATION can toggle action REPAY pause status on and off",
                      "timedOut": false,
                      "duration": 271,
                      "state": "passed",
                      "speed": "slow",
                      "pass": true,
                      "fail": false,
                      "pending": false,
                      "context": null,
                      "code": "await (0, _execution.executeContractCallWithSigners)(_hardhat.default.Multisig, _hardhat.default.Diamond, \"toggleAssetsPaused\", [\n    [\n        this.collateral.address\n    ],\n    _testutils.Action.REPAY,\n    false,\n    0\n], [\n    this.deployer,\n    this.devTwo,\n    this.extOne\n]);\nlet isPaused = await _hardhat.default.Diamond.assetActionPaused(_testutils.Action.REPAY.toString(), this.collateral.address);\n(0, _chai.expect)(isPaused).to.equal(true);\nawait (0, _execution.executeContractCallWithSigners)(_hardhat.default.Multisig, _hardhat.default.Diamond, \"toggleAssetsPaused\", [\n    [\n        this.collateral.address\n    ],\n    _testutils.Action.REPAY,\n    false,\n    0\n], [\n    this.deployer,\n    this.devTwo,\n    this.extOne\n]);\nisPaused = await _hardhat.default.Diamond.assetActionPaused(_testutils.Action.REPAY.toString(), this.collateral.address);\n(0, _chai.expect)(isPaused).to.equal(false);",
                      "err": {},
                      "uuid": "fdc035d6-7f01-4372-a658-6147d3c06ad1",
                      "parentUUID": "72f2a654-048e-42f9-8886-94939b748f90",
                      "isHook": false,
                      "skipped": false
                    },
                    {
                      "title": "can toggle action BORROW pause status on and off",
                      "fullTitle": "Safety Council #toggleAssetsPaused toggle all possible actions: DEPOSIT, WITHDRAW, REPAY, BORROW, LIQUIDATION can toggle action BORROW pause status on and off",
                      "timedOut": false,
                      "duration": 279,
                      "state": "passed",
                      "speed": "slow",
                      "pass": true,
                      "fail": false,
                      "pending": false,
                      "context": null,
                      "code": "await (0, _execution.executeContractCallWithSigners)(_hardhat.default.Multisig, _hardhat.default.Diamond, \"toggleAssetsPaused\", [\n    [\n        this.collateral.address\n    ],\n    _testutils.Action.BORROW,\n    false,\n    0\n], [\n    this.deployer,\n    this.devTwo,\n    this.extOne\n]);\nlet isPaused = await _hardhat.default.Diamond.assetActionPaused(_testutils.Action.BORROW.toString(), this.collateral.address);\n(0, _chai.expect)(isPaused).to.equal(true);\nawait (0, _execution.executeContractCallWithSigners)(_hardhat.default.Multisig, _hardhat.default.Diamond, \"toggleAssetsPaused\", [\n    [\n        this.collateral.address\n    ],\n    _testutils.Action.BORROW,\n    false,\n    0\n], [\n    this.deployer,\n    this.devTwo,\n    this.extOne\n]);\nisPaused = await _hardhat.default.Diamond.assetActionPaused(_testutils.Action.BORROW.toString(), this.collateral.address);\n(0, _chai.expect)(isPaused).to.equal(false);",
                      "err": {},
                      "uuid": "dd1ed7b9-173f-43dc-a79e-6e3ef5eaf2bf",
                      "parentUUID": "72f2a654-048e-42f9-8886-94939b748f90",
                      "isHook": false,
                      "skipped": false
                    },
                    {
                      "title": "can toggle action LIQUIDATION pause status on and off",
                      "fullTitle": "Safety Council #toggleAssetsPaused toggle all possible actions: DEPOSIT, WITHDRAW, REPAY, BORROW, LIQUIDATION can toggle action LIQUIDATION pause status on and off",
                      "timedOut": false,
                      "duration": 275,
                      "state": "passed",
                      "speed": "slow",
                      "pass": true,
                      "fail": false,
                      "pending": false,
                      "context": null,
                      "code": "await (0, _execution.executeContractCallWithSigners)(_hardhat.default.Multisig, _hardhat.default.Diamond, \"toggleAssetsPaused\", [\n    [\n        this.collateral.address\n    ],\n    _testutils.Action.LIQUIDATION,\n    false,\n    0\n], [\n    this.deployer,\n    this.devTwo,\n    this.extOne\n]);\nlet isPaused = await _hardhat.default.Diamond.assetActionPaused(_testutils.Action.LIQUIDATION.toString(), this.collateral.address);\n(0, _chai.expect)(isPaused).to.equal(true);\nawait (0, _execution.executeContractCallWithSigners)(_hardhat.default.Multisig, _hardhat.default.Diamond, \"toggleAssetsPaused\", [\n    [\n        this.collateral.address\n    ],\n    _testutils.Action.LIQUIDATION,\n    false,\n    0\n], [\n    this.deployer,\n    this.devTwo,\n    this.extOne\n]);\nisPaused = await _hardhat.default.Diamond.assetActionPaused(_testutils.Action.LIQUIDATION.toString(), this.collateral.address);\n(0, _chai.expect)(isPaused).to.equal(false);",
                      "err": {},
                      "uuid": "a01e0a3c-0e76-4191-a394-c39d5d58f0ed",
                      "parentUUID": "72f2a654-048e-42f9-8886-94939b748f90",
                      "isHook": false,
                      "skipped": false
                    }
                  ],
                  "suites": [],
                  "passes": [
                    "014f6eb1-5986-4bb1-b7cb-a45e2e945c7b",
                    "eb6367fe-9a95-464e-946f-05088fc7318f",
                    "fdc035d6-7f01-4372-a658-6147d3c06ad1",
                    "dd1ed7b9-173f-43dc-a79e-6e3ef5eaf2bf",
                    "a01e0a3c-0e76-4191-a394-c39d5d58f0ed"
                  ],
                  "failures": [],
                  "pending": [],
                  "skipped": [],
                  "duration": 1369,
                  "root": false,
                  "rootEmpty": false,
                  "_timeout": 15000
                },
                {
                  "uuid": "eab224b9-cf61-411d-be37-162079230129",
                  "title": "event emission",
                  "fullFile": "/Users/tabishshaikh/work/kresko/kresko-protocol/src/test/safety/00-council.ts",
                  "file": "/src/test/safety/00-council.ts",
                  "beforeHooks": [],
                  "afterHooks": [],
                  "tests": [
                    {
                      "title": "should emit event MinterEvent.SafetyStateChange on action changed containing action, asset, and description",
                      "fullTitle": "Safety Council #toggleAssetsPaused event emission should emit event MinterEvent.SafetyStateChange on action changed containing action, asset, and description",
                      "timedOut": false,
                      "duration": 102,
                      "state": "passed",
                      "speed": "slow",
                      "pass": true,
                      "fail": false,
                      "pending": false,
                      "context": null,
                      "code": "const tx = await (0, _execution.executeContractCallWithSigners)(_hardhat.default.Multisig, _hardhat.default.Diamond, \"toggleAssetsPaused\", [\n    [\n        this.collateral.address\n    ],\n    _testutils.Action.DEPOSIT,\n    false,\n    0\n], [\n    this.deployer,\n    this.devTwo,\n    this.extOne\n]);\nconst event = await (0, _lib.getInternalEvent)(tx, _hardhat.default.Diamond, \"SafetyStateChange\");\n(0, _chai.expect)(event.action).to.equal(_testutils.Action.DEPOSIT);\n(0, _chai.expect)(event.asset).to.equal(this.collateral.address);\n// @ts-ignore\n(0, _chai.expect)(event.description.hash).to.equal(_hardhat.default.ethers.utils.keccak256(_hardhat.default.ethers.utils.toUtf8Bytes(\"paused\")));",
                      "err": {},
                      "uuid": "5fb98273-fa99-426c-85d8-0cb4d6297a5e",
                      "parentUUID": "eab224b9-cf61-411d-be37-162079230129",
                      "isHook": false,
                      "skipped": false
                    }
                  ],
                  "suites": [],
                  "passes": [
                    "5fb98273-fa99-426c-85d8-0cb4d6297a5e"
                  ],
                  "failures": [],
                  "pending": [],
                  "skipped": [],
                  "duration": 102,
                  "root": false,
                  "rootEmpty": false,
                  "_timeout": 15000
                }
              ],
              "passes": [],
              "failures": [],
              "pending": [],
              "skipped": [],
              "duration": 0,
              "root": false,
              "rootEmpty": false,
              "_timeout": 15000
            }
          ],
          "passes": [],
          "failures": [],
          "pending": [],
          "skipped": [],
          "duration": 0,
          "root": false,
          "rootEmpty": false,
          "_timeout": 15000
        }
      ],
      "passes": [],
      "failures": [],
      "pending": [],
      "skipped": [],
      "duration": 0,
      "root": true,
      "rootEmpty": true,
      "_timeout": 15000
    }
  ],
  "meta": {
    "mocha": {
      "version": "10.2.0"
    },
    "mochawesome": {
      "options": {
        "quiet": false,
        "reportFilename": "mochawesome",
        "saveHtml": true,
        "saveJson": true,
        "consoleReporter": "spec",
        "useInlineDiffs": false,
        "code": true
      },
      "version": "7.1.3"
    },
    "marge": {
      "options": null,
      "version": "6.2.0"
    }
  }
}