{
  "stats": {
    "suites": 3,
    "tests": 1,
    "passes": 0,
    "pending": 0,
    "failures": 1,
    "start": "2023-09-29T09:24:24.507Z",
    "end": "2023-09-29T09:24:29.946Z",
    "duration": 5439,
    "testsRegistered": 1,
    "passPercent": 0,
    "pendingPercent": 0,
    "other": 0,
    "hasOther": false,
    "skipped": 0,
    "hasSkipped": false
  },
  "results": [
    {
      "uuid": "789c5ac2-2050-4386-b7a8-614b878e3260",
      "title": "",
      "fullFile": "/Users/panukettunen/Projects/kresko-protocol/src/test/scdp/00-scdp.ts",
      "file": "/src/test/scdp/00-scdp.ts",
      "beforeHooks": [],
      "afterHooks": [],
      "tests": [],
      "suites": [
        {
          "uuid": "f8b0dc36-a0e0-4814-9f13-94a106bb176f",
          "title": "SCDP",
          "fullFile": "/Users/panukettunen/Projects/kresko-protocol/src/test/scdp/00-scdp.ts",
          "file": "/src/test/scdp/00-scdp.ts",
          "beforeHooks": [
            {
              "title": "\"before each\" hook in \"SCDP\"",
              "fullTitle": "SCDP \"before each\" hook in \"SCDP\"",
              "timedOut": false,
              "duration": 3840,
              "state": null,
              "speed": null,
              "pass": false,
              "fail": false,
              "pending": false,
              "context": null,
              "code": "f = await (0, _fixtures.scdpFixture)({\n    krAssets: createAssets,\n    collaterals: createCollaterals\n});\n[[swapper, KreskoSwapper], [depositor, KreskoDepositor], [depositor2, KreskoDepositor2], [, KreskoLiquidator]] = f.users;",
              "err": {},
              "uuid": "8be95332-c5b2-4a75-829b-91d81483980c",
              "parentUUID": "f8b0dc36-a0e0-4814-9f13-94a106bb176f",
              "isHook": true,
              "skipped": false
            }
          ],
          "afterHooks": [],
          "tests": [],
          "suites": [
            {
              "uuid": "695ab656-d6b5-40e1-9f54-0f3c13bae6dd",
              "title": "#Test",
              "fullFile": "/Users/panukettunen/Projects/kresko-protocol/src/test/scdp/00-scdp.ts",
              "file": "/src/test/scdp/00-scdp.ts",
              "beforeHooks": [
                {
                  "title": "\"before each\" hook in \"#Test\"",
                  "fullTitle": "SCDP #Test \"before each\" hook in \"#Test\"",
                  "timedOut": false,
                  "duration": 2,
                  "state": null,
                  "speed": null,
                  "pass": false,
                  "fail": false,
                  "pending": false,
                  "context": null,
                  "code": "await f.reset();",
                  "err": {},
                  "uuid": "a6741cfc-2af3-49ea-a51b-56826485635c",
                  "parentUUID": "695ab656-d6b5-40e1-9f54-0f3c13bae6dd",
                  "isHook": true,
                  "skipped": false
                }
              ],
              "afterHooks": [],
              "tests": [],
              "suites": [
                {
                  "uuid": "925e7927-e3fb-4a50-abc9-c04bd4b4d92b",
                  "title": "#Liquidations",
                  "fullFile": "/Users/panukettunen/Projects/kresko-protocol/src/test/scdp/00-scdp.ts",
                  "file": "/src/test/scdp/00-scdp.ts",
                  "beforeHooks": [
                    {
                      "title": "\"before each\" hook in \"#Liquidations\"",
                      "fullTitle": "SCDP #Test #Liquidations \"before each\" hook in \"#Liquidations\"",
                      "timedOut": false,
                      "duration": 104,
                      "state": null,
                      "speed": null,
                      "pass": false,
                      "fail": false,
                      "pending": false,
                      "context": null,
                      "code": "for (const signer of f.usersArr){\n    await f.Collateral.setBalance(signer, (0, _values.toBig)(1000000));\n}\nawait f.KISS.setBalance(swapper, (0, _values.toBig)(10000));\nawait f.KISS.setBalance(depositor2, (0, _values.toBig)(10000));\nawait Promise.all([\n    KreskoDepositor.depositSCDP(depositor.address, f.Collateral.address, depositAmount18Dec),\n    KreskoDepositor.depositSCDP(depositor.address, f.Collateral8Dec.address, depositAmount8Dec),\n    KreskoDepositor2.depositSCDP(depositor2.address, f.KISS.address, depositAmount18Dec)\n]);",
                      "err": {},
                      "uuid": "73452394-d189-4376-9c24-c96726b1ba5a",
                      "parentUUID": "925e7927-e3fb-4a50-abc9-c04bd4b4d92b",
                      "isHook": true,
                      "skipped": false
                    }
                  ],
                  "afterHooks": [],
                  "tests": [
                    {
                      "title": "should allow liquidating the underwater pool",
                      "fullTitle": "SCDP #Test #Liquidations should allow liquidating the underwater pool",
                      "timedOut": false,
                      "duration": 1485,
                      "state": "failed",
                      "speed": null,
                      "pass": false,
                      "fail": true,
                      "pending": false,
                      "context": null,
                      "code": "const swapAmount = (0, _values.toBig)(ONE_USD * 2600);\nawait KreskoSwapper.swapSCDP(swapper.address, f.KISS.address, f.KrAsset2.address, swapAmount, 0);\nconst newKreskoAssetPrice = 700;\nf.KrAsset2.setPrice(newKreskoAssetPrice);\nconst [scdpParams, maxLiquidatable, krAssetPrice, statsBefore] = await Promise.all([\n    hre.Diamond.getCurrentParametersSCDP(),\n    hre.Diamond.getMaxLiqValueSCDP(f.KrAsset2.address, f.Collateral8Dec.address),\n    f.KrAsset2.getPrice(),\n    hre.Diamond.getStatisticsSCDP()\n]);\nconst repayAmount = maxLiquidatable.wadDiv(krAssetPrice);\nawait f.KrAsset2.setBalance(hre.users.liquidator, repayAmount.add(1e18.toString()));\n(0, _chai.expect)(statsBefore.cr).to.lt(scdpParams.liquidationThreshold);\n(0, _chai.expect)(statsBefore.cr).to.gt(1e4);\nconsole.log({\n    repayAmount,\n    maxLiquidatable\n});\nconst tx = await KreskoLiquidator.liquidateSCDP(f.KrAsset2.address, repayAmount, f.Collateral8Dec.address);\nconst [statsAfter, liquidatableAfter] = await Promise.all([\n    hre.Diamond.getStatisticsSCDP(),\n    hre.Diamond.getLiquidatableSCDP()\n]);\n// console.log(\"liq\", (await tx.wait()).gasUsed.toString());\n(0, _chai.expect)(statsAfter.cr).to.gt(scdpParams.liquidationThreshold);\nconsole.log({\n    statsBefore: statsBefore.cr.toString(),\n    statsAfter: statsAfter.cr.toString(),\n    liquidatableAfter,\n    repayAmount\n});\n(0, _chai.expect)(liquidatableAfter).to.eq(false);\nawait (0, _chai.expect)(KreskoLiquidator.liquidateSCDP(f.KrAsset2.address, repayAmount, f.Collateral8Dec.address)).to.be.revertedWithCustomError((0, _errors.getCError)(hre), \"CANNOT_LIQUIDATE\");\nconst event = await (0, _events.getNamedEvent)(tx, \"SCDPLiquidationOccured\");\nconst expectedSeizeAmount = repayAmount.wadMul((0, _values.toBig)(newKreskoAssetPrice, 8)).percentMul(1.05e4).wadDiv((0, _values.toBig)(collateralPrice, 8)).div(10 ** 10);\n(0, _chai.expect)(event.args.liquidator).to.eq(hre.users.liquidator.address);\n(0, _chai.expect)(event.args.seizeAmount).to.eq(expectedSeizeAmount);\n(0, _chai.expect)(event.args.repayAmount).to.eq(repayAmount);\n(0, _chai.expect)(event.args.seizeCollateral).to.eq(f.Collateral8Dec.address);\n(0, _chai.expect)(event.args.repayKreskoAsset).to.eq(f.KrAsset2.address);\nconst expectedDepositsAfter = depositAmount8Dec.sub(event.args.seizeAmount);\n(0, _chai.expect)(expectedDepositsAfter).to.be.lt(depositAmount8Dec);\nconst [principalDeposits, depositsWithFees, params] = await Promise.all([\n    hre.Diamond.getAccountDepositSCDP(depositor.address, f.Collateral8Dec.address),\n    hre.Diamond.getAccountDepositWithFeesSCDP(depositor.address, f.Collateral8Dec.address),\n    hre.Diamond.getCurrentParametersSCDP()\n]);\n(0, _chai.expect)(principalDeposits).to.eq(expectedDepositsAfter);\n(0, _chai.expect)(depositsWithFees).to.eq(expectedDepositsAfter);\nawait KreskoDepositor.depositSCDP(depositor.address, f.Collateral.address, depositAmount18Dec.mul(10));\nconst stats = await hre.Diamond.getStatisticsSCDP();\n(0, _chai.expect)(stats.cr).to.gt(params.minCollateralRatio);\nawait (0, _chai.expect)(KreskoDepositor.withdrawSCDP(depositor.address, f.Collateral8Dec.address, expectedDepositsAfter)).to.not.be.reverted;\nconst [principalEnd, depositsWithFeesEnd] = await Promise.all([\n    hre.Diamond.getAccountDepositSCDP(depositor.address, f.Collateral8Dec.address),\n    hre.Diamond.getAccountDepositWithFeesSCDP(depositor.address, f.Collateral8Dec.address)\n]);\n(0, _chai.expect)(principalEnd).to.eq(0);\n(0, _chai.expect)(depositsWithFeesEnd).to.eq(0);",
                      "err": {
                        "message": "AssertionError: expected true to equal false",
                        "estack": "AssertionError: expected true to equal false\n    at Proxy.assertEqual (node_modules/.pnpm/chai@4.3.10/node_modules/chai/lib/chai/core/assertions.js:1038:12)\n    at Proxy.methodWrapper (node_modules/.pnpm/chai@4.3.10/node_modules/chai/lib/chai/utils/addMethod.js:57:25)\n    at Proxy.<anonymous> (node_modules/.pnpm/@nomicfoundation+hardhat-chai-matchers@1.0.6_fuw64hzp2vmsaxd67f3bqsove4/node_modules/@nomicfoundation/hardhat-chai-matchers/src/internal/bigNumber.ts:193:14)\n    at Proxy.overwritingMethodWrapper (node_modules/.pnpm/chai@4.3.10/node_modules/chai/lib/chai/utils/overwriteMethod.js:78:33)\n    at doAsserterAsyncAndAddThen (node_modules/.pnpm/chai-as-promised@7.1.1_chai@4.3.10/node_modules/chai-as-promised/lib/chai-as-promised.js:289:22)\n    at Proxy.<anonymous> (node_modules/.pnpm/chai-as-promised@7.1.1_chai@4.3.10/node_modules/chai-as-promised/lib/chai-as-promised.js:255:20)\n    at Proxy.overwritingMethodWrapper (node_modules/.pnpm/chai@4.3.10/node_modules/chai/lib/chai/utils/overwriteMethod.js:78:33)\n    at Proxy.<anonymous> (node_modules/.pnpm/chai-bn@0.3.1_chai@4.3.10/node_modules/chai-bn/chai-bn.js:49:31)\n    at Proxy.overwritingMethodWrapper (node_modules/.pnpm/chai@4.3.10/node_modules/chai/lib/chai/utils/overwriteMethod.js:78:33)\n    at Proxy.<anonymous> (node_modules/.pnpm/@ethereum-waffle+chai@3.4.4/node_modules/@ethereum-waffle/chai/dist/cjs/matchers/bigNumber.js:36:20)",
                        "diff": "- true\n+ false\n"
                      },
                      "uuid": "7170f393-c361-4a90-b8af-271088eb86ec",
                      "parentUUID": "925e7927-e3fb-4a50-abc9-c04bd4b4d92b",
                      "isHook": false,
                      "skipped": false
                    }
                  ],
                  "suites": [],
                  "passes": [],
                  "failures": [
                    "7170f393-c361-4a90-b8af-271088eb86ec"
                  ],
                  "pending": [],
                  "skipped": [],
                  "duration": 1485,
                  "root": false,
                  "rootEmpty": false,
                  "_timeout": 30000
                }
              ],
              "passes": [],
              "failures": [],
              "pending": [],
              "skipped": [],
              "duration": 0,
              "root": false,
              "rootEmpty": false,
              "_timeout": 30000
            }
          ],
          "passes": [],
          "failures": [],
          "pending": [],
          "skipped": [],
          "duration": 0,
          "root": false,
          "rootEmpty": false,
          "_timeout": 30000
        }
      ],
      "passes": [],
      "failures": [],
      "pending": [],
      "skipped": [],
      "duration": 0,
      "root": true,
      "rootEmpty": true,
      "_timeout": 30000
    }
  ],
  "meta": {
    "mocha": {
      "version": "10.2.0"
    },
    "mochawesome": {
      "options": {
        "quiet": false,
        "reportFilename": "mochawesome",
        "saveHtml": true,
        "saveJson": true,
        "consoleReporter": "spec",
        "useInlineDiffs": false,
        "code": true
      },
      "version": "7.1.3"
    },
    "marge": {
      "options": null,
      "version": "6.2.0"
    }
  }
}