{
  "stats": {
    "suites": 87,
    "tests": 268,
    "passes": 246,
    "pending": 22,
    "failures": 0,
    "start": "2023-09-24T20:20:33.473Z",
    "end": "2023-09-24T20:25:39.031Z",
    "duration": 305558,
    "testsRegistered": 268,
    "passPercent": 100,
    "pendingPercent": 8.208955223880597,
    "other": 0,
    "hasOther": false,
    "skipped": 0,
    "hasSkipped": false
  },
  "results": [
    {
      "uuid": "f4427654-e2d5-4dd8-b518-9db48a91f06b",
      "title": "",
      "fullFile": "",
      "file": "",
      "beforeHooks": [],
      "afterHooks": [],
      "tests": [],
      "suites": [
        {
          "uuid": "f4ad181d-bc0f-488c-9cab-ff832c3ddc75",
          "title": "Asset Amounts & Values",
          "fullFile": "/Users/panukettunen/Projects/kresko-protocol/src/test/asset-values/00-asset-values.ts",
          "file": "/src/test/asset-values/00-asset-values.ts",
          "beforeHooks": [
            {
              "title": "\"before each\" hook in \"Asset Amounts & Values\"",
              "fullTitle": "Asset Amounts & Values \"before each\" hook in \"Asset Amounts & Values\"",
              "timedOut": false,
              "duration": 37,
              "state": null,
              "speed": null,
              "pass": false,
              "fail": false,
              "pending": false,
              "context": null,
              "code": "f = await (0, _test.assetValuesFixture)();\nf.user = hre.users.testUserSeven;\nUser = (0, _redstone.wrapKresko)(hre.Diamond, f.user);",
              "err": {},
              "uuid": "07de8a58-8ee2-4789-8dd7-ebf3082d77f0",
              "parentUUID": "f4ad181d-bc0f-488c-9cab-ff832c3ddc75",
              "isHook": true,
              "skipped": false
            }
          ],
          "afterHooks": [],
          "tests": [],
          "suites": [
            {
              "uuid": "2d721878-7cf7-4036-919d-f507c6d6220e",
              "title": "#Collateral Deposit Values",
              "fullFile": "/Users/panukettunen/Projects/kresko-protocol/src/test/asset-values/00-asset-values.ts",
              "file": "/src/test/asset-values/00-asset-values.ts",
              "beforeHooks": [],
              "afterHooks": [],
              "tests": [
                {
                  "title": "should return the correct deposit value with 18 decimals",
                  "fullTitle": "Asset Amounts & Values #Collateral Deposit Values should return the correct deposit value with 18 decimals",
                  "timedOut": false,
                  "duration": 304,
                  "state": "passed",
                  "speed": "slow",
                  "pass": true,
                  "fail": false,
                  "pending": false,
                  "context": null,
                  "code": "const depositAmount = (0, _lib.toBig)(10);\nconst expectedDepositValue = (0, _lib.toBig)(50, f.extOracleDecimals); // cfactor = 0.5, collateralPrice = 10, depositAmount = 10\nawait User.depositCollateral(f.user.address, f.CollateralAsset.address, depositAmount);\nconst depositValue = await hre.Diamond.getAccountCollateralValue(f.user.address);\n(0, _chai.expect)(depositValue).to.equal(expectedDepositValue);",
                  "err": {},
                  "uuid": "c2c674ea-2694-4bf8-af83-3222ca46df52",
                  "parentUUID": "2d721878-7cf7-4036-919d-f507c6d6220e",
                  "isHook": false,
                  "skipped": false
                },
                {
                  "title": "should return the correct deposit value with less than 18 decimals",
                  "fullTitle": "Asset Amounts & Values #Collateral Deposit Values should return the correct deposit value with less than 18 decimals",
                  "timedOut": false,
                  "duration": 287,
                  "state": "passed",
                  "speed": "slow",
                  "pass": true,
                  "fail": false,
                  "pending": false,
                  "context": null,
                  "code": "const depositAmount = (0, _lib.toBig)(10, 8);\nconst expectedDepositValue = (0, _lib.toBig)(50, f.extOracleDecimals); // cfactor = 0.5, collateralPrice = 10, depositAmount = 10\nawait User.depositCollateral(f.user.address, f.CollateralAsset8Dec.address, depositAmount);\nconst depositValue = await hre.Diamond.getAccountCollateralValue(f.user.address);\n(0, _chai.expect)(depositValue).to.equal(expectedDepositValue);",
                  "err": {},
                  "uuid": "3be4247e-dbc7-4119-8785-f57137727785",
                  "parentUUID": "2d721878-7cf7-4036-919d-f507c6d6220e",
                  "isHook": false,
                  "skipped": false
                },
                {
                  "title": "should return the correct deposit value with over 18 decimals",
                  "fullTitle": "Asset Amounts & Values #Collateral Deposit Values should return the correct deposit value with over 18 decimals",
                  "timedOut": false,
                  "duration": 284,
                  "state": "passed",
                  "speed": "slow",
                  "pass": true,
                  "fail": false,
                  "pending": false,
                  "context": null,
                  "code": "const depositAmount = (0, _lib.toBig)(10, 21);\nconst expectedDepositValue = (0, _lib.toBig)(50, f.extOracleDecimals); // cfactor = 0.5, collateralPrice = 10, depositAmount = 10\nawait User.depositCollateral(f.user.address, f.CollateralAsset21Dec.address, depositAmount);\nconst depositValue = await hre.Diamond.getAccountCollateralValue(f.user.address);\n(0, _chai.expect)(depositValue).to.equal(expectedDepositValue);",
                  "err": {},
                  "uuid": "3d1c7f4c-9d0a-4407-ae7c-ca99b4c73892",
                  "parentUUID": "2d721878-7cf7-4036-919d-f507c6d6220e",
                  "isHook": false,
                  "skipped": false
                },
                {
                  "title": "should return the correct deposit value combination of different decimals",
                  "fullTitle": "Asset Amounts & Values #Collateral Deposit Values should return the correct deposit value combination of different decimals",
                  "timedOut": false,
                  "duration": 653,
                  "state": "passed",
                  "speed": "slow",
                  "pass": true,
                  "fail": false,
                  "pending": false,
                  "context": null,
                  "code": "await User.depositCollateral(f.user.address, f.CollateralAsset.address, (0, _lib.toBig)(10));\nawait User.depositCollateral(f.user.address, f.CollateralAsset8Dec.address, (0, _lib.toBig)(10, 8));\nawait User.depositCollateral(f.user.address, f.CollateralAsset21Dec.address, (0, _lib.toBig)(10, 21));\nconst expectedDepositValue = (0, _lib.toBig)(150, f.extOracleDecimals); // cfactor = 0.5, collateralPrice = 10, depositAmount = 30\nconst depositValue = await hre.Diamond.getAccountCollateralValue(f.user.address);\n(0, _chai.expect)(depositValue).to.equal(expectedDepositValue);",
                  "err": {},
                  "uuid": "2ec40132-ddb5-443b-96a1-d48d652e8faf",
                  "parentUUID": "2d721878-7cf7-4036-919d-f507c6d6220e",
                  "isHook": false,
                  "skipped": false
                }
              ],
              "suites": [],
              "passes": [
                "c2c674ea-2694-4bf8-af83-3222ca46df52",
                "3be4247e-dbc7-4119-8785-f57137727785",
                "3d1c7f4c-9d0a-4407-ae7c-ca99b4c73892",
                "2ec40132-ddb5-443b-96a1-d48d652e8faf"
              ],
              "failures": [],
              "pending": [],
              "skipped": [],
              "duration": 1528,
              "root": false,
              "rootEmpty": false,
              "_timeout": 60000
            },
            {
              "uuid": "ce9aeb3d-ef10-40ff-be03-a1e6715b21bd",
              "title": "#Collateral Deposit Amount",
              "fullFile": "/Users/panukettunen/Projects/kresko-protocol/src/test/asset-values/00-asset-values.ts",
              "file": "/src/test/asset-values/00-asset-values.ts",
              "beforeHooks": [],
              "afterHooks": [],
              "tests": [
                {
                  "title": "should return the correct deposit amount with 18 decimals",
                  "fullTitle": "Asset Amounts & Values #Collateral Deposit Amount should return the correct deposit amount with 18 decimals",
                  "timedOut": false,
                  "duration": 468,
                  "state": "passed",
                  "speed": "slow",
                  "pass": true,
                  "fail": false,
                  "pending": false,
                  "context": null,
                  "code": "const depositAmount = (0, _lib.toBig)(10);\nawait User.depositCollateral(f.user.address, f.CollateralAsset.address, depositAmount);\nconst withdrawIndex = await _optimizations.default.getAccountDepositIndex(f.user.address, f.CollateralAsset.address);\nconst deposits = await hre.Diamond.getAccountCollateralAmount(f.user.address, f.CollateralAsset.address);\n(0, _chai.expect)(deposits).to.equal(depositAmount);\nawait User.withdrawCollateral(f.user.address, f.CollateralAsset.address, depositAmount, withdrawIndex);\nconst balance = await f.CollateralAsset.balanceOf(f.user.address);\n(0, _chai.expect)(balance).to.equal((0, _lib.toBig)(f.startingBalance));",
                  "err": {},
                  "uuid": "6e62dfe1-6ebe-4b28-b5b7-4c476159d8f4",
                  "parentUUID": "ce9aeb3d-ef10-40ff-be03-a1e6715b21bd",
                  "isHook": false,
                  "skipped": false
                },
                {
                  "title": "should return the correct deposit amount with less than 18 decimals",
                  "fullTitle": "Asset Amounts & Values #Collateral Deposit Amount should return the correct deposit amount with less than 18 decimals",
                  "timedOut": false,
                  "duration": 469,
                  "state": "passed",
                  "speed": "slow",
                  "pass": true,
                  "fail": false,
                  "pending": false,
                  "context": null,
                  "code": "const depositAmount = (0, _lib.toBig)(10, 8);\nawait User.depositCollateral(f.user.address, f.CollateralAsset8Dec.address, depositAmount);\nconst withdrawIndex = await _optimizations.default.getAccountDepositIndex(f.user.address, f.CollateralAsset8Dec.address);\nconst deposits = await hre.Diamond.getAccountCollateralAmount(f.user.address, f.CollateralAsset8Dec.address);\n(0, _chai.expect)(deposits).to.equal(depositAmount);\nawait User.withdrawCollateral(f.user.address, f.CollateralAsset8Dec.address, depositAmount, withdrawIndex);\nconst balance = await f.CollateralAsset8Dec.balanceOf(f.user.address);\n(0, _chai.expect)(balance).to.equal((0, _lib.toBig)(f.startingBalance, 8));",
                  "err": {},
                  "uuid": "f8332db6-240a-4268-8fe3-3906b2d8dc4c",
                  "parentUUID": "ce9aeb3d-ef10-40ff-be03-a1e6715b21bd",
                  "isHook": false,
                  "skipped": false
                },
                {
                  "title": "should return the correct deposit value with over 18 decimals",
                  "fullTitle": "Asset Amounts & Values #Collateral Deposit Amount should return the correct deposit value with over 18 decimals",
                  "timedOut": false,
                  "duration": 474,
                  "state": "passed",
                  "speed": "slow",
                  "pass": true,
                  "fail": false,
                  "pending": false,
                  "context": null,
                  "code": "const depositAmount = (0, _lib.toBig)(10, 21);\nawait User.depositCollateral(f.user.address, f.CollateralAsset21Dec.address, depositAmount);\nconst withdrawIndex = await _optimizations.default.getAccountDepositIndex(f.user.address, f.CollateralAsset21Dec.address);\nconst deposits = await hre.Diamond.getAccountCollateralAmount(f.user.address, f.CollateralAsset21Dec.address);\n(0, _chai.expect)(deposits).to.equal(depositAmount);\nawait User.withdrawCollateral(f.user.address, f.CollateralAsset21Dec.address, depositAmount, withdrawIndex);\nconst balance = await f.CollateralAsset21Dec.balanceOf(f.user.address);\n(0, _chai.expect)(balance).to.equal((0, _lib.toBig)(f.startingBalance, 21));",
                  "err": {},
                  "uuid": "063f54f9-f0f7-46e1-aa6b-2ebdfe448fc6",
                  "parentUUID": "ce9aeb3d-ef10-40ff-be03-a1e6715b21bd",
                  "isHook": false,
                  "skipped": false
                }
              ],
              "suites": [],
              "passes": [
                "6e62dfe1-6ebe-4b28-b5b7-4c476159d8f4",
                "f8332db6-240a-4268-8fe3-3906b2d8dc4c",
                "063f54f9-f0f7-46e1-aa6b-2ebdfe448fc6"
              ],
              "failures": [],
              "pending": [],
              "skipped": [],
              "duration": 1411,
              "root": false,
              "rootEmpty": false,
              "_timeout": 60000
            },
            {
              "uuid": "a01bd91c-073e-420f-8ad8-5c728065dc03",
              "title": "#Kresko Asset Debt Values",
              "fullFile": "/Users/panukettunen/Projects/kresko-protocol/src/test/asset-values/00-asset-values.ts",
              "file": "/src/test/asset-values/00-asset-values.ts",
              "beforeHooks": [],
              "afterHooks": [],
              "tests": [
                {
                  "title": "should return the correct debt value (+CR) with 18 decimal collateral",
                  "fullTitle": "Asset Amounts & Values #Kresko Asset Debt Values should return the correct debt value (+CR) with 18 decimal collateral",
                  "timedOut": false,
                  "duration": 1842,
                  "state": "passed",
                  "speed": "slow",
                  "pass": true,
                  "fail": false,
                  "pending": false,
                  "context": null,
                  "code": "const depositAmount = (0, _lib.toBig)(10);\nawait User.depositCollateral(f.user.address, f.CollateralAsset.address, depositAmount);\nconst mintAmount = (0, _lib.toBig)(1);\nconst expectedMintValue = (0, _lib.toBig)(20, f.extOracleDecimals); // kFactor = 2, krAssetPrice = 10, mintAmount = 1, openFee = 0.1\nawait User.mintKreskoAsset(f.user.address, f.KreskoAsset.address, mintAmount);\nconst expectedDepositValue = (0, _lib.toBig)(49.5, f.extOracleDecimals); // cfactor = 0.5, collateralPrice = 10, depositAmount = 10, openFee = 0.1\nconst depositValue = await hre.Diamond.getAccountCollateralValue(f.user.address);\n(0, _chai.expect)(depositValue).to.equal(expectedDepositValue);\nconst mintValue = await hre.Diamond.getAccountDebtValue(f.user.address);\n(0, _chai.expect)(mintValue).to.equal(expectedMintValue);\nconst assetValue = await hre.Diamond.getDebtAmountToValue(f.KreskoAsset.address, mintAmount, true);\nconst kFactor = (await hre.Diamond.getKreskoAsset(f.KreskoAsset.address)).kFactor;\n(0, _chai.expect)(assetValue).to.equal(expectedMintValue.wadDiv(kFactor));\nconst collateralRatio = await (0, _liquidations.getCR)(f.user.address, true); // big\n(0, _chai.expect)(collateralRatio).to.equal(expectedDepositValue.wadDiv(expectedMintValue)); // 2.475",
                  "err": {},
                  "uuid": "ba828c1b-867c-49eb-8a42-cbe72cc912a2",
                  "parentUUID": "a01bd91c-073e-420f-8ad8-5c728065dc03",
                  "isHook": false,
                  "skipped": false
                },
                {
                  "title": "should return the correct debt value (+CR) with less than 18 decimal collateral",
                  "fullTitle": "Asset Amounts & Values #Kresko Asset Debt Values should return the correct debt value (+CR) with less than 18 decimal collateral",
                  "timedOut": false,
                  "duration": 1885,
                  "state": "passed",
                  "speed": "slow",
                  "pass": true,
                  "fail": false,
                  "pending": false,
                  "context": null,
                  "code": "const depositAmount = (0, _lib.toBig)(10, 8);\nawait User.depositCollateral(f.user.address, f.CollateralAsset8Dec.address, depositAmount);\nconst mintAmount = (0, _lib.toBig)(1);\nconst expectedMintValue = (0, _lib.toBig)(20, f.extOracleDecimals); // kFactor = 2, krAssetPrice = 10, mintAmount = 1, openFee = 0.1\nawait User.mintKreskoAsset(f.user.address, f.KreskoAsset.address, mintAmount);\nconst expectedDepositValue = (0, _lib.toBig)(49.5, f.extOracleDecimals); // cfactor = 0.5, collateralPrice = 10, depositAmount = 10, openFee = 0.1\nconst depositValue = await hre.Diamond.getAccountCollateralValue(f.user.address);\n(0, _chai.expect)(depositValue).to.equal(expectedDepositValue);\nconst mintValue = await hre.Diamond.getAccountDebtValue(f.user.address);\n(0, _chai.expect)(mintValue).to.equal(expectedMintValue);\nconst assetValue = await hre.Diamond.getDebtAmountToValue(f.KreskoAsset.address, mintAmount, true);\nconst kFactor = (await hre.Diamond.getKreskoAsset(f.KreskoAsset.address)).kFactor;\n(0, _chai.expect)(assetValue).to.equal(expectedMintValue.wadDiv(kFactor));\nconst collateralRatio = await (0, _liquidations.getCR)(f.user.address, true); // big\n(0, _chai.expect)(collateralRatio).to.equal(expectedDepositValue.wadDiv(expectedMintValue)); // 2.475",
                  "err": {},
                  "uuid": "98a3854e-aed3-46d4-b36f-015b6c95263d",
                  "parentUUID": "a01bd91c-073e-420f-8ad8-5c728065dc03",
                  "isHook": false,
                  "skipped": false
                },
                {
                  "title": "should return the correct debt value (+CR) with more than 18 decimal collateral",
                  "fullTitle": "Asset Amounts & Values #Kresko Asset Debt Values should return the correct debt value (+CR) with more than 18 decimal collateral",
                  "timedOut": false,
                  "duration": 1618,
                  "state": "passed",
                  "speed": "slow",
                  "pass": true,
                  "fail": false,
                  "pending": false,
                  "context": null,
                  "code": "const depositAmount = (0, _lib.toBig)(10, 21);\nawait User.depositCollateral(f.user.address, f.CollateralAsset21Dec.address, depositAmount);\nconst mintAmount = (0, _lib.toBig)(1);\nconst expectedMintValue = (0, _lib.toBig)(20, f.extOracleDecimals); // kFactor = 2, krAssetPrice = 10, mintAmount = 1, openFee = 0.1\nawait User.mintKreskoAsset(f.user.address, f.KreskoAsset.address, mintAmount);\nconst expectedDepositValue = (0, _lib.toBig)(49.5, f.extOracleDecimals); // cfactor = 0.5, collateralPrice = 10, depositAmount = 10, openFee = 0.1\nconst depositValue = await hre.Diamond.getAccountCollateralValue(f.user.address);\n(0, _chai.expect)(depositValue).to.equal(expectedDepositValue);\nconst mintValue = await hre.Diamond.getAccountDebtValue(f.user.address);\n(0, _chai.expect)(mintValue).to.equal(expectedMintValue);\nconst assetValue = await hre.Diamond.getDebtAmountToValue(f.KreskoAsset.address, mintAmount, true);\nconst kFactor = (await hre.Diamond.getKreskoAsset(f.KreskoAsset.address)).kFactor;\n(0, _chai.expect)(assetValue).to.equal(expectedMintValue.wadDiv(kFactor));\nconst collateralRatio = await (0, _liquidations.getCR)(f.user.address, true); // big\n(0, _chai.expect)(collateralRatio).to.equal(expectedDepositValue.wadDiv(expectedMintValue)); // 2.475",
                  "err": {},
                  "uuid": "d1e3fdf2-5eb5-4b03-9818-2b23c1d43f45",
                  "parentUUID": "a01bd91c-073e-420f-8ad8-5c728065dc03",
                  "isHook": false,
                  "skipped": false
                }
              ],
              "suites": [],
              "passes": [
                "ba828c1b-867c-49eb-8a42-cbe72cc912a2",
                "98a3854e-aed3-46d4-b36f-015b6c95263d",
                "d1e3fdf2-5eb5-4b03-9818-2b23c1d43f45"
              ],
              "failures": [],
              "pending": [],
              "skipped": [],
              "duration": 5345,
              "root": false,
              "rootEmpty": false,
              "_timeout": 60000
            }
          ],
          "passes": [],
          "failures": [],
          "pending": [],
          "skipped": [],
          "duration": 0,
          "root": false,
          "rootEmpty": false,
          "_timeout": 60000
        },
        {
          "uuid": "5a9d7019-8e64-43b1-a8b0-c62f26fffbbb",
          "title": "Diamond",
          "fullFile": "/Users/panukettunen/Projects/kresko-protocol/src/test/diamond/00-init.ts",
          "file": "/src/test/diamond/00-init.ts",
          "beforeHooks": [
            {
              "title": "\"before each\" hook in \"Diamond\"",
              "fullTitle": "Diamond \"before each\" hook in \"Diamond\"",
              "timedOut": false,
              "duration": 1,
              "state": null,
              "speed": null,
              "pass": false,
              "fail": false,
              "pending": false,
              "context": null,
              "code": "f = await (0, _fixtures.diamondFixture)();",
              "err": {},
              "uuid": "22c36e5a-5354-46ae-a179-28a2fc9d8454",
              "parentUUID": "5a9d7019-8e64-43b1-a8b0-c62f26fffbbb",
              "isHook": true,
              "skipped": false
            }
          ],
          "afterHooks": [],
          "tests": [],
          "suites": [
            {
              "uuid": "952aa79a-d169-42d8-964c-a24f11a77c89",
              "title": "#initialization",
              "fullFile": "/Users/panukettunen/Projects/kresko-protocol/src/test/diamond/00-init.ts",
              "file": "/src/test/diamond/00-init.ts",
              "beforeHooks": [],
              "afterHooks": [],
              "tests": [
                {
                  "title": "sets correct state",
                  "fullTitle": "Diamond #initialization sets correct state",
                  "timedOut": false,
                  "duration": 191,
                  "state": "passed",
                  "speed": "slow",
                  "pass": true,
                  "fail": false,
                  "pending": false,
                  "context": null,
                  "code": "(0, _chai.expect)(await _hardhat.default.Diamond.owner()).to.equal(_hardhat.default.users.deployer.address);\n(0, _chai.expect)(await _hardhat.default.Diamond.initialized()).to.equal(true);",
                  "err": {},
                  "uuid": "a3a6d889-1348-4f8b-b768-142e4cbf9a31",
                  "parentUUID": "952aa79a-d169-42d8-964c-a24f11a77c89",
                  "isHook": false,
                  "skipped": false
                },
                {
                  "title": "sets standard facet addresses",
                  "fullTitle": "Diamond #initialization sets standard facet addresses",
                  "timedOut": false,
                  "duration": 126,
                  "state": "passed",
                  "speed": "slow",
                  "pass": true,
                  "fail": false,
                  "pending": false,
                  "context": null,
                  "code": "const facetAddressesOnChain = (await _hardhat.default.Diamond.facets()).map((f)=>f.facetAddress);\nconst facetAddressesArtifact = f.facets.map((f)=>f.facetAddress);\n(0, _chai.expect)(facetAddressesOnChain.length).to.equal(facetAddressesArtifact.length);\n(0, _chai.expect)(facetAddressesOnChain).to.have.members(facetAddressesArtifact);",
                  "err": {},
                  "uuid": "da32a6e6-4699-4e33-8c61-9461e3a57b4a",
                  "parentUUID": "952aa79a-d169-42d8-964c-a24f11a77c89",
                  "isHook": false,
                  "skipped": false
                },
                {
                  "title": "sets selectors of standard facets",
                  "fullTitle": "Diamond #initialization sets selectors of standard facets",
                  "timedOut": false,
                  "duration": 287,
                  "state": "passed",
                  "speed": "slow",
                  "pass": true,
                  "fail": false,
                  "pending": false,
                  "context": null,
                  "code": "const facetsSelectorsOnChain = (await _hardhat.default.Diamond.facets()).flatMap((f)=>f.functionSelectors);\nconst facetSelectorsOnArtifact = f.facets.flatMap((f)=>f.functionSelectors);\n(0, _chai.expect)(facetsSelectorsOnChain.length).to.equal(facetSelectorsOnArtifact.length);\n(0, _chai.expect)(facetsSelectorsOnChain).to.have.members(facetSelectorsOnArtifact);",
                  "err": {},
                  "uuid": "e81e822c-e4e0-4217-9a21-4232a379a650",
                  "parentUUID": "952aa79a-d169-42d8-964c-a24f11a77c89",
                  "isHook": false,
                  "skipped": false
                }
              ],
              "suites": [],
              "passes": [
                "a3a6d889-1348-4f8b-b768-142e4cbf9a31",
                "da32a6e6-4699-4e33-8c61-9461e3a57b4a",
                "e81e822c-e4e0-4217-9a21-4232a379a650"
              ],
              "failures": [],
              "pending": [],
              "skipped": [],
              "duration": 604,
              "root": false,
              "rootEmpty": false,
              "_timeout": 60000
            }
          ],
          "passes": [],
          "failures": [],
          "pending": [],
          "skipped": [],
          "duration": 0,
          "root": false,
          "rootEmpty": false,
          "_timeout": 60000
        },
        {
          "uuid": "faf7559c-21cc-4edc-b02d-87b0264c42b9",
          "title": "Diamond",
          "fullFile": "/Users/panukettunen/Projects/kresko-protocol/src/test/diamond/01-ownership.ts",
          "file": "/src/test/diamond/01-ownership.ts",
          "beforeHooks": [
            {
              "title": "\"before each\" hook in \"Diamond\"",
              "fullTitle": "Diamond \"before each\" hook in \"Diamond\"",
              "timedOut": false,
              "duration": 1,
              "state": null,
              "speed": null,
              "pass": false,
              "fail": false,
              "pending": false,
              "context": null,
              "code": "await (0, _test.diamondFixture)();",
              "err": {},
              "uuid": "b9ea9534-da4d-4c45-9a0e-f770393b5a06",
              "parentUUID": "faf7559c-21cc-4edc-b02d-87b0264c42b9",
              "isHook": true,
              "skipped": false
            }
          ],
          "afterHooks": [],
          "tests": [],
          "suites": [
            {
              "uuid": "ea5ac934-746f-43d4-a8a9-10bf25014cfc",
              "title": "#ownership",
              "fullFile": "/Users/panukettunen/Projects/kresko-protocol/src/test/diamond/01-ownership.ts",
              "file": "/src/test/diamond/01-ownership.ts",
              "beforeHooks": [],
              "afterHooks": [],
              "tests": [
                {
                  "title": "sets correct owner",
                  "fullTitle": "Diamond #ownership sets correct owner",
                  "timedOut": false,
                  "duration": 97,
                  "state": "passed",
                  "speed": "slow",
                  "pass": true,
                  "fail": false,
                  "pending": false,
                  "context": null,
                  "code": "(0, _chai.expect)(await hre.Diamond.owner()).to.equal(hre.addr.deployer);",
                  "err": {},
                  "uuid": "ee4c171d-e6ef-47e3-b71d-d7792860e6e6",
                  "parentUUID": "ea5ac934-746f-43d4-a8a9-10bf25014cfc",
                  "isHook": false,
                  "skipped": false
                },
                {
                  "title": "sets correct default admin role",
                  "fullTitle": "Diamond #ownership sets correct default admin role",
                  "timedOut": false,
                  "duration": 96,
                  "state": "passed",
                  "speed": "slow",
                  "pass": true,
                  "fail": false,
                  "pending": false,
                  "context": null,
                  "code": "(0, _chai.expect)(await hre.Diamond.hasRole(_test.Role.ADMIN, hre.addr.deployer)).to.equal(true);",
                  "err": {},
                  "uuid": "01ed6b0a-b62f-4e70-ada8-8c39050535cc",
                  "parentUUID": "ea5ac934-746f-43d4-a8a9-10bf25014cfc",
                  "isHook": false,
                  "skipped": false
                },
                {
                  "title": "sets a new pending owner",
                  "fullTitle": "Diamond #ownership sets a new pending owner",
                  "timedOut": false,
                  "duration": 195,
                  "state": "passed",
                  "speed": "slow",
                  "pass": true,
                  "fail": false,
                  "pending": false,
                  "context": null,
                  "code": "const pendingOwner = hre.users.userOne;\nawait hre.Diamond.transferOwnership(pendingOwner.address);\n(0, _chai.expect)(await hre.Diamond.pendingOwner()).to.equal(pendingOwner.address);",
                  "err": {},
                  "uuid": "d8ed4bdc-ae40-4969-81e0-44fd10bc77f5",
                  "parentUUID": "ea5ac934-746f-43d4-a8a9-10bf25014cfc",
                  "isHook": false,
                  "skipped": false
                },
                {
                  "title": "sets the pending owner as new owner",
                  "fullTitle": "Diamond #ownership sets the pending owner as new owner",
                  "timedOut": false,
                  "duration": 322,
                  "state": "passed",
                  "speed": "slow",
                  "pass": true,
                  "fail": false,
                  "pending": false,
                  "context": null,
                  "code": "const pendingOwner = hre.users.userOne;\nawait hre.Diamond.transferOwnership(pendingOwner.address);\nawait (0, _test.wrapContractWithSigner)(hre.Diamond, pendingOwner).acceptOwnership();\n(0, _chai.expect)(await hre.Diamond.owner()).to.equal(pendingOwner.address);",
                  "err": {},
                  "uuid": "61d78521-912b-408b-9e2b-6d9d20c195fa",
                  "parentUUID": "ea5ac934-746f-43d4-a8a9-10bf25014cfc",
                  "isHook": false,
                  "skipped": false
                }
              ],
              "suites": [],
              "passes": [
                "ee4c171d-e6ef-47e3-b71d-d7792860e6e6",
                "01ed6b0a-b62f-4e70-ada8-8c39050535cc",
                "d8ed4bdc-ae40-4969-81e0-44fd10bc77f5",
                "61d78521-912b-408b-9e2b-6d9d20c195fa"
              ],
              "failures": [],
              "pending": [],
              "skipped": [],
              "duration": 710,
              "root": false,
              "rootEmpty": false,
              "_timeout": 60000
            }
          ],
          "passes": [],
          "failures": [],
          "pending": [],
          "skipped": [],
          "duration": 0,
          "root": false,
          "rootEmpty": false,
          "_timeout": 60000
        },
        {
          "uuid": "4d7dbcba-8bc7-43b6-baa3-f2ff30889af1",
          "title": "Diamond",
          "fullFile": "/Users/panukettunen/Projects/kresko-protocol/src/test/diamond/02-upgrades.ts",
          "file": "/src/test/diamond/02-upgrades.ts",
          "beforeHooks": [
            {
              "title": "\"before each\" hook in \"Diamond\"",
              "fullTitle": "Diamond \"before each\" hook in \"Diamond\"",
              "timedOut": false,
              "duration": 0,
              "state": null,
              "speed": null,
              "pass": false,
              "fail": false,
              "pending": false,
              "context": null,
              "code": "await (0, _fixtures.diamondFixture)();",
              "err": {},
              "uuid": "772d120e-0fb4-48dc-9a8d-6b102a34ff4b",
              "parentUUID": "4d7dbcba-8bc7-43b6-baa3-f2ff30889af1",
              "isHook": true,
              "skipped": false
            }
          ],
          "afterHooks": [],
          "tests": [],
          "suites": [
            {
              "uuid": "253ea199-7ea2-4f63-bc18-09b7a14bc663",
              "title": "#upgrades",
              "fullFile": "/Users/panukettunen/Projects/kresko-protocol/src/test/diamond/02-upgrades.ts",
              "file": "/src/test/diamond/02-upgrades.ts",
              "beforeHooks": [],
              "afterHooks": [],
              "tests": [
                {
                  "title": "can add a new facet",
                  "fullTitle": "Diamond #upgrades can add a new facet",
                  "timedOut": false,
                  "duration": 659,
                  "state": "passed",
                  "speed": "slow",
                  "pass": true,
                  "fail": false,
                  "pending": false,
                  "context": null,
                  "code": "const Factory = await _smock.smock.mock(\"SmockFacet\");\nconst SmockFacet = await Factory.deploy();\nconst [SmockInitializer] = await hre.deploy(\"SmockInit\");\nconst signatures = hre.getSignatures([\n    ..._typechain.SmockFacet__factory.abi\n]);\nconst Cut = {\n    facetAddress: SmockFacet.address,\n    functionSelectors: signatures,\n    action: _types.FacetCutAction.Add\n};\nconst initData = await SmockInitializer.populateTransaction.initialize(hre.addr.userOne);\nawait hre.Diamond.diamondCut([\n    Cut\n], initData.to, initData.data);\nconst TEST_OPERATOR_ROLE = hre.ethers.utils.id(\"kresko.test.operator\");\nconst isTestOperator = await hre.Diamond.hasRole(TEST_OPERATOR_ROLE, hre.addr.userOne);\n// Succesfully added the new operator through the initialization contract\n(0, _chai.expect)(isTestOperator).to.equal(true);\nconst Facet = await hre.ethers.getContractAt([\n    ..._typechain.SmockFacet__factory.abi\n], hre.Diamond.address);\n// Ensure facet has it's own storage\nconst operatorFromNewStorage = await Facet.operator(); // Retrieved from SmockStorage\n(0, _chai.expect)(operatorFromNewStorage).to.equal(hre.addr.userOne);",
                  "err": {},
                  "uuid": "72f37a13-a597-4ba0-bbb4-f3cf640c9f80",
                  "parentUUID": "253ea199-7ea2-4f63-bc18-09b7a14bc663",
                  "isHook": false,
                  "skipped": false
                },
                {
                  "title": "can remove a facet",
                  "fullTitle": "Diamond #upgrades can remove a facet",
                  "timedOut": false,
                  "duration": 467,
                  "state": "passed",
                  "speed": "slow",
                  "pass": true,
                  "fail": false,
                  "pending": false,
                  "context": null,
                  "code": "const NewFacet = await (0, _addfacet.addFacet)({\n    name: \"SmockFacet\",\n    initializerName: \"SmockInit\",\n    initializerArgs: hre.addr.userOne\n});\nconst facetsBefore = await hre.Diamond.facets();\n(0, _chai.expect)(facetsBefore.filter((f)=>f.facetAddress === NewFacet.address).length).to.equal(1);\nawait (0, _removefacet.removeFacet)({\n    name: \"SmockFacet\"\n});\nconst facetsAfter = await hre.Diamond.facets();\n(0, _chai.expect)(facetsBefore.length - facetsAfter.length).to.equal(1);\n(0, _chai.expect)(facetsAfter).to.not.deep.contain(NewFacet.address);",
                  "err": {},
                  "uuid": "b52bdee0-2ddb-49ce-b7d3-0b1c92eff70a",
                  "parentUUID": "253ea199-7ea2-4f63-bc18-09b7a14bc663",
                  "isHook": false,
                  "skipped": false
                },
                {
                  "title": "can remove a function",
                  "fullTitle": "Diamond #upgrades can remove a function",
                  "timedOut": false,
                  "duration": 231,
                  "state": "passed",
                  "speed": "slow",
                  "pass": true,
                  "fail": false,
                  "pending": false,
                  "context": null,
                  "code": "// Delete acceptOwnership from DiamondOwnershipFacet\n// Check there is no pending owner\nlet pendingOwner = await hre.Diamond.pendingOwner();\n(0, _chai.expect)(pendingOwner).to.equal(hre.ethers.constants.AddressZero);\n// Transfer to eg. wrong address\nconst wrongOwner = hre.addr.nonadmin;\nawait hre.Diamond.transferOwnership(wrongOwner);\n// Ensure\npendingOwner = await hre.Diamond.pendingOwner();\n(0, _chai.expect)(pendingOwner).to.equal(wrongOwner);\n// Fragment and signature for acceptOwnersip\nconst functionFragment = hre.Diamond.interface.functions[\"acceptOwnership()\"];\nconst signature = hre.ethers.utils.Interface.getSighash(functionFragment);\nconst facetAddress = await hre.Diamond.facetAddress(signature);\nconst functions = await hre.Diamond.facetFunctionSelectors(facetAddress);\nconst Cut = {\n    facetAddress: hre.ethers.constants.AddressZero,\n    action: _types.FacetCutAction.Remove,\n    functionSelectors: [\n        signature\n    ]\n};\n// We will set a correct owner with delegatecall into the Diamond itself with the cut transaction\nconst correctOwner = hre.addr.userOne;\nconst initData = await hre.Diamond.populateTransaction.transferOwnership(correctOwner);\nconst tx = await hre.Diamond.diamondCut([\n    Cut\n], initData.to, initData.data);\nawait tx.wait();\n// Ensure rest of the functions remain\nconst functionsAfterCut = await hre.Diamond.facetFunctionSelectors(facetAddress);\n(0, _chai.expect)(functionsAfterCut.length).to.equal(functions.length - 1);\n// Ensure delegatecall did set the correct pending owner with the cut\nconst contract = await hre.ethers.getContractAt(\"AuthEvent\", hre.Diamond.address);\nconst filter = contract.filters.PendingOwnershipTransfer(hre.addr.deployer, correctOwner);\nconst [event] = await contract.queryFilter(filter);\nconst { previousOwner , newOwner  } = event.args;\n(0, _chai.expect)(previousOwner).to.equal(hre.addr.deployer);\n(0, _chai.expect)(newOwner).to.equal(correctOwner);\n// Ensure there is no function to accept the ownership\nawait (0, _chai.expect)((0, _test.wrapContractWithSigner)(hre.Diamond, hre.users.nonadmin).acceptOwnership()).to.be.revertedWith(_test.Error.DIAMOND_INVALID_FUNCTION_SIGNATURE);",
                  "err": {},
                  "uuid": "38cd46c2-14a7-4a23-8c18-534ccf58175a",
                  "parentUUID": "253ea199-7ea2-4f63-bc18-09b7a14bc663",
                  "isHook": false,
                  "skipped": false
                },
                {
                  "title": "can replace a function",
                  "fullTitle": "Diamond #upgrades can replace a function",
                  "timedOut": false,
                  "duration": 377,
                  "state": "passed",
                  "speed": "slow",
                  "pass": true,
                  "fail": false,
                  "pending": false,
                  "context": null,
                  "code": "// Same as above but instead replace the function\n// Check there is no pending owner\nlet pendingOwner = await hre.Diamond.pendingOwner();\n(0, _chai.expect)(pendingOwner).to.equal(hre.ethers.constants.AddressZero);\n// Transfer to eg. wrong address\nconst wrongOwner = hre.addr.nonadmin;\nawait hre.Diamond.transferOwnership(wrongOwner);\n// Ensure\npendingOwner = await hre.Diamond.pendingOwner();\n(0, _chai.expect)(pendingOwner).to.equal(wrongOwner);\n// Fragment and signature for acceptOwnersip\nconst functionFragment = hre.Diamond.interface.functions[\"acceptOwnership()\"];\nconst signature = hre.ethers.utils.Interface.getSighash(functionFragment);\nconst OldOwnershipFacet = await hre.Diamond.facetAddress(signature);\nconst [NewOwnershipFacet, allOwnershipFacetSignatures] = await hre.deploy(\"DiamondOwnershipFacet\", {\n    deploymentName: \"DiamondOwnershipFacet2\"\n});\n// Only replace a single function, we could replace all of them\nconst Cut = {\n    facetAddress: NewOwnershipFacet.address,\n    action: _types.FacetCutAction.Replace,\n    functionSelectors: [\n        signature\n    ]\n};\n// We will set a correct owner with delegatecall into the Diamond itself with the cut transaction\nconst correctOwner = hre.addr.userOne;\nconst initData = await hre.Diamond.populateTransaction.transferOwnership(correctOwner);\nconst tx = await hre.Diamond.diamondCut([\n    Cut\n], initData.to, initData.data);\nawait tx.wait();\n// Ensure function exists and revert is for invalid address instead of missing function\nawait (0, _chai.expect)((0, _test.wrapContractWithSigner)(hre.Diamond, hre.users.nonadmin).acceptOwnership()).to.be.revertedWith(_test.Error.DIAMOND_INVALID_PENDING_OWNER);\n// Ensure one function is contained in the new facet\nconst functionsNewFacet = await hre.Diamond.facetFunctionSelectors(NewOwnershipFacet.address);\n(0, _chai.expect)(functionsNewFacet.length).to.equal(1);\n(0, _chai.expect)(functionsNewFacet).to.have.members([\n    signature\n]);\n// Ensure rest are in the previous one\nconst functionsOldFacet = await hre.Diamond.facetFunctionSelectors(OldOwnershipFacet);\n(0, _chai.expect)(functionsOldFacet).to.not.have.members([\n    signature\n]);\n(0, _chai.expect)(functionsOldFacet.length).to.equal(allOwnershipFacetSignatures.length - 1);\n// Ensure correct owner can now accept the ownership\n(0, _chai.expect)((0, _test.wrapContractWithSigner)(hre.Diamond, hre.users.userOne).acceptOwnership());\nconst currentOwner = await hre.Diamond.owner();\n(0, _chai.expect)(currentOwner).to.equal(correctOwner);",
                  "err": {},
                  "uuid": "7da55565-343a-4ca1-b060-fc4c1310ffa8",
                  "parentUUID": "253ea199-7ea2-4f63-bc18-09b7a14bc663",
                  "isHook": false,
                  "skipped": false
                },
                {
                  "title": "can upgrade state",
                  "fullTitle": "Diamond #upgrades can upgrade state",
                  "timedOut": false,
                  "duration": 255,
                  "state": "passed",
                  "speed": "slow",
                  "pass": true,
                  "fail": false,
                  "pending": false,
                  "context": null,
                  "code": "(0, _chai.expect)(await hre.Diamond.initialized()).to.equal(true);\nconst Factory = await _smock.smock.mock(\"SmockInit\");\nconst SmockInit = await Factory.deploy();\nconst tx = await SmockInit.populateTransaction.upgradeState();\nawait hre.Diamond.upgradeState(tx.to, tx.data);\n(0, _chai.expect)(await hre.Diamond.initialized()).to.equal(false);",
                  "err": {},
                  "uuid": "f1f2135e-52fd-4821-9560-b5df7ffb9e0e",
                  "parentUUID": "253ea199-7ea2-4f63-bc18-09b7a14bc663",
                  "isHook": false,
                  "skipped": false
                },
                {
                  "title": "can preserve old state when extending storage layout",
                  "fullTitle": "Diamond #upgrades can preserve old state when extending storage layout",
                  "timedOut": false,
                  "duration": 721,
                  "state": "passed",
                  "speed": "slow",
                  "pass": true,
                  "fail": false,
                  "pending": false,
                  "context": null,
                  "code": "(0, _chai.expect)(await hre.Diamond.initialized()).to.equal(true);\n// Add the first facet\nconst Factory = await _smock.smock.mock(\"SmockFacet\");\nconst SmockFacet = await Factory.deploy();\nconst [SmockInitializer] = await hre.deploy(\"SmockInit\");\nconst signatures = hre.getSignatures([\n    ..._typechain.SmockFacet__factory.abi\n]);\nconst Cut = {\n    facetAddress: SmockFacet.address,\n    functionSelectors: signatures,\n    action: _types.FacetCutAction.Add\n};\nconst initData = await SmockInitializer.populateTransaction.initialize(hre.addr.userOne);\nawait hre.Diamond.diamondCut([\n    Cut\n], initData.to, initData.data);\nconst Diamond = await hre.ethers.getContractAt(\"SmockFacet\", hre.Diamond.address);\nconst isInitialized = await Diamond.smockInitialized();\n(0, _chai.expect)(isInitialized).to.equal(true);\n// Add facet with extended state\n// Add the first facet\nconst Factory2 = await _smock.smock.mock(\"SmockFacet2\");\nconst SmockFacet2 = await Factory2.deploy();\nconst signatures2 = hre.getSignatures([\n    ..._typechain.SmockFacet2__factory.abi\n]);\nconst Cut2 = {\n    facetAddress: SmockFacet2.address,\n    functionSelectors: signatures2,\n    action: _types.FacetCutAction.Add\n};\n// Initializer only sets the new extended value, does not touch old storage\nconst initData2 = await SmockFacet2.populateTransaction.initialize();\nawait hre.Diamond.diamondCut([\n    Cut2\n], initData2.to, initData2.data);\n// Here we have appended the storage layout with the `extended` bool property.\nconst DiamondExtended = await hre.ethers.getContractAt(\"SmockFacet2\", hre.Diamond.address);\nconst initializedAfterExtend = await DiamondExtended.getOldStructValueFromExtended();\nconst extendedValue = await DiamondExtended.getNewStructValueFromExtended();\n// Old values remain\n(0, _chai.expect)(initializedAfterExtend).to.equal(true);\n// And we get new ones\n(0, _chai.expect)(extendedValue).to.equal(true);",
                  "err": {},
                  "uuid": "6b9164e5-4e0a-4154-bee1-37f7af6780da",
                  "parentUUID": "253ea199-7ea2-4f63-bc18-09b7a14bc663",
                  "isHook": false,
                  "skipped": false
                }
              ],
              "suites": [],
              "passes": [
                "72f37a13-a597-4ba0-bbb4-f3cf640c9f80",
                "b52bdee0-2ddb-49ce-b7d3-0b1c92eff70a",
                "38cd46c2-14a7-4a23-8c18-534ccf58175a",
                "7da55565-343a-4ca1-b060-fc4c1310ffa8",
                "f1f2135e-52fd-4821-9560-b5df7ffb9e0e",
                "6b9164e5-4e0a-4154-bee1-37f7af6780da"
              ],
              "failures": [],
              "pending": [],
              "skipped": [],
              "duration": 2710,
              "root": false,
              "rootEmpty": false,
              "_timeout": 60000
            }
          ],
          "passes": [],
          "failures": [],
          "pending": [],
          "skipped": [],
          "duration": 0,
          "root": false,
          "rootEmpty": false,
          "_timeout": 60000
        },
        {
          "uuid": "cdbc4a38-d3ac-455d-9202-b48c68092385",
          "title": "Forking",
          "fullFile": "/Users/panukettunen/Projects/kresko-protocol/src/test/forking/00-setup.ts",
          "file": "/src/test/forking/00-setup.ts",
          "beforeHooks": [],
          "afterHooks": [],
          "tests": [],
          "suites": [
            {
              "uuid": "f155f4dd-8702-4eb3-b8a5-c5b80d3ce7d7",
              "title": "#setup",
              "fullFile": "/Users/panukettunen/Projects/kresko-protocol/src/test/forking/00-setup.ts",
              "file": "/src/test/forking/00-setup.ts",
              "beforeHooks": [],
              "afterHooks": [],
              "tests": [
                {
                  "title": "should get Kresko from the companion network locally",
                  "fullTitle": "Forking #setup should get Kresko from the companion network locally",
                  "timedOut": false,
                  "duration": 0,
                  "state": "pending",
                  "speed": null,
                  "pass": false,
                  "fail": false,
                  "pending": true,
                  "context": null,
                  "code": "",
                  "err": {},
                  "uuid": "7808dcb4-dfea-4ac3-88b9-53c2a96e0585",
                  "parentUUID": "f155f4dd-8702-4eb3-b8a5-c5b80d3ce7d7",
                  "isHook": false,
                  "skipped": false
                }
              ],
              "suites": [],
              "passes": [],
              "failures": [],
              "pending": [
                "7808dcb4-dfea-4ac3-88b9-53c2a96e0585"
              ],
              "skipped": [],
              "duration": 0,
              "root": false,
              "rootEmpty": false,
              "_timeout": 60000
            },
            {
              "uuid": "8aea5ba8-9136-4765-be09-96d40216b2b1",
              "title": "#rate-upgrade-11-04-2023",
              "fullFile": "/Users/panukettunen/Projects/kresko-protocol/src/test/forking/00-setup.ts",
              "file": "/src/test/forking/00-setup.ts",
              "beforeHooks": [],
              "afterHooks": [],
              "tests": [
                {
                  "title": "should be able to deploy facets",
                  "fullTitle": "Forking #rate-upgrade-11-04-2023 should be able to deploy facets",
                  "timedOut": false,
                  "duration": 0,
                  "state": "pending",
                  "speed": null,
                  "pass": false,
                  "fail": false,
                  "pending": true,
                  "context": null,
                  "code": "",
                  "err": {},
                  "uuid": "fe6c24fe-c189-4f1d-9563-52d5c6cdf5f0",
                  "parentUUID": "8aea5ba8-9136-4765-be09-96d40216b2b1",
                  "isHook": false,
                  "skipped": false
                }
              ],
              "suites": [],
              "passes": [],
              "failures": [],
              "pending": [
                "fe6c24fe-c189-4f1d-9563-52d5c6cdf5f0"
              ],
              "skipped": [],
              "duration": 0,
              "root": false,
              "rootEmpty": false,
              "_timeout": 60000
            },
            {
              "uuid": "486f6dc0-6d1c-42c9-b5d3-3080f14fbc5b",
              "title": "#facet-upgrade-16-05-2023",
              "fullFile": "/Users/panukettunen/Projects/kresko-protocol/src/test/forking/00-setup.ts",
              "file": "/src/test/forking/00-setup.ts",
              "beforeHooks": [],
              "afterHooks": [],
              "tests": [
                {
                  "title": "works",
                  "fullTitle": "Forking #facet-upgrade-16-05-2023 works",
                  "timedOut": false,
                  "duration": 0,
                  "state": "pending",
                  "speed": null,
                  "pass": false,
                  "fail": false,
                  "pending": true,
                  "context": null,
                  "code": "",
                  "err": {},
                  "uuid": "357184a0-bde8-4fbe-8bdd-27d3b7332054",
                  "parentUUID": "486f6dc0-6d1c-42c9-b5d3-3080f14fbc5b",
                  "isHook": false,
                  "skipped": false
                }
              ],
              "suites": [],
              "passes": [],
              "failures": [],
              "pending": [
                "357184a0-bde8-4fbe-8bdd-27d3b7332054"
              ],
              "skipped": [],
              "duration": 0,
              "root": false,
              "rootEmpty": false,
              "_timeout": 60000
            }
          ],
          "passes": [],
          "failures": [],
          "pending": [],
          "skipped": [],
          "duration": 0,
          "root": false,
          "rootEmpty": false,
          "_timeout": 60000
        },
        {
          "uuid": "59b8e700-7817-4c6e-9275-bae9ba26d256",
          "title": "KreskoAsset",
          "fullFile": "/Users/panukettunen/Projects/kresko-protocol/src/test/krasset/00-init.ts",
          "file": "/src/test/krasset/00-init.ts",
          "beforeHooks": [],
          "afterHooks": [],
          "tests": [],
          "suites": [
            {
              "uuid": "15461845-3aba-40c9-a167-d9355cad2f25",
              "title": "#initialization - anchor",
              "fullFile": "/Users/panukettunen/Projects/kresko-protocol/src/test/krasset/00-init.ts",
              "file": "/src/test/krasset/00-init.ts",
              "beforeHooks": [
                {
                  "title": "\"before each\" hook in \"#initialization - anchor\"",
                  "fullTitle": "KreskoAsset #initialization - anchor \"before each\" hook in \"#initialization - anchor\"",
                  "timedOut": false,
                  "duration": 1,
                  "state": null,
                  "speed": null,
                  "pass": false,
                  "fail": false,
                  "pending": false,
                  "context": null,
                  "code": "f = await (0, _test.defaultFixture)();\nconst deployment = f.krAssets.find((k)=>k.deployArgs.name === name);\nKreskoAsset = deployment.contract;\nKreskoAssetAnchor = deployment.anchor;",
                  "err": {},
                  "uuid": "a3b40a63-f39a-4673-b7c8-58d0eb2eed32",
                  "parentUUID": "15461845-3aba-40c9-a167-d9355cad2f25",
                  "isHook": true,
                  "skipped": false
                }
              ],
              "afterHooks": [],
              "tests": [
                {
                  "title": "cant initialize twice",
                  "fullTitle": "KreskoAsset #initialization - anchor cant initialize twice",
                  "timedOut": false,
                  "duration": 7,
                  "state": "passed",
                  "speed": "fast",
                  "pass": true,
                  "fail": false,
                  "pending": false,
                  "context": null,
                  "code": "await (0, _chai.expect)(KreskoAsset.initialize(name, symbol, 18, hre.addr.deployer, hre.Diamond.address)).to.be.revertedWith(_test.Error.ALREADY_INITIALIZED_OZ);",
                  "err": {},
                  "uuid": "33c658f7-2b5e-4627-ac84-534440dd09cd",
                  "parentUUID": "15461845-3aba-40c9-a167-d9355cad2f25",
                  "isHook": false,
                  "skipped": false
                },
                {
                  "title": "cant initialize implementation",
                  "fullTitle": "KreskoAsset #initialization - anchor cant initialize implementation",
                  "timedOut": false,
                  "duration": 0,
                  "state": "pending",
                  "speed": null,
                  "pass": false,
                  "fail": false,
                  "pending": true,
                  "context": null,
                  "code": "",
                  "err": {},
                  "uuid": "b0abd438-82a6-4ab3-9cc0-dcdafe24e4e6",
                  "parentUUID": "15461845-3aba-40c9-a167-d9355cad2f25",
                  "isHook": false,
                  "skipped": false
                },
                {
                  "title": "sets correct state",
                  "fullTitle": "KreskoAsset #initialization - anchor sets correct state",
                  "timedOut": false,
                  "duration": 20,
                  "state": "passed",
                  "speed": "fast",
                  "pass": true,
                  "fail": false,
                  "pending": false,
                  "context": null,
                  "code": "(0, _chai.expect)(await KreskoAsset.name()).to.equal(name);\n(0, _chai.expect)(await KreskoAsset.symbol()).to.equal(symbol);\n(0, _chai.expect)(await KreskoAsset.kresko()).to.equal(hre.Diamond.address);\n(0, _chai.expect)(await KreskoAsset.hasRole(_test.Role.ADMIN, hre.addr.deployer)).to.equal(true);\n(0, _chai.expect)(await KreskoAsset.hasRole(_test.Role.OPERATOR, hre.Diamond.address)).to.equal(true);\n(0, _chai.expect)(await KreskoAsset.totalSupply()).to.equal(0);\n(0, _chai.expect)(await KreskoAsset.isRebased()).to.equal(false);\nconst rebaseInfo = await KreskoAsset.rebaseInfo();\n(0, _chai.expect)(rebaseInfo.denominator).to.equal(0);\n(0, _chai.expect)(rebaseInfo.positive).to.equal(false);",
                  "err": {},
                  "uuid": "f95dd8ee-85b4-42a2-be98-2bc23bdf1e5b",
                  "parentUUID": "15461845-3aba-40c9-a167-d9355cad2f25",
                  "isHook": false,
                  "skipped": false
                },
                {
                  "title": "can reinitialize metadata",
                  "fullTitle": "KreskoAsset #initialization - anchor can reinitialize metadata",
                  "timedOut": false,
                  "duration": 13,
                  "state": "passed",
                  "speed": "fast",
                  "pass": true,
                  "fail": false,
                  "pending": false,
                  "context": null,
                  "code": "const newName = \"foo\";\nconst newSymbol = \"bar\";\nawait (0, _chai.expect)(KreskoAsset.reinitializeERC20(newName, newSymbol, 2)).to.not.be.revertedWith(_test.Error.ALREADY_INITIALIZED_OZ);\n(0, _chai.expect)(await KreskoAsset.name()).to.equal(newName);\n(0, _chai.expect)(await KreskoAsset.symbol()).to.equal(newSymbol);",
                  "err": {},
                  "uuid": "3274b3f4-b857-45d0-8eee-3e1013a724dc",
                  "parentUUID": "15461845-3aba-40c9-a167-d9355cad2f25",
                  "isHook": false,
                  "skipped": false
                }
              ],
              "suites": [],
              "passes": [
                "33c658f7-2b5e-4627-ac84-534440dd09cd",
                "f95dd8ee-85b4-42a2-be98-2bc23bdf1e5b",
                "3274b3f4-b857-45d0-8eee-3e1013a724dc"
              ],
              "failures": [],
              "pending": [
                "b0abd438-82a6-4ab3-9cc0-dcdafe24e4e6"
              ],
              "skipped": [],
              "duration": 40,
              "root": false,
              "rootEmpty": false,
              "_timeout": 60000
            },
            {
              "uuid": "754136a2-9202-48d8-aa17-f82790d7ed0a",
              "title": "#initialization - wrapped",
              "fullFile": "/Users/panukettunen/Projects/kresko-protocol/src/test/krasset/00-init.ts",
              "file": "/src/test/krasset/00-init.ts",
              "beforeHooks": [],
              "afterHooks": [],
              "tests": [
                {
                  "title": "cant initialize twice",
                  "fullTitle": "KreskoAsset #initialization - wrapped cant initialize twice",
                  "timedOut": false,
                  "duration": 7,
                  "state": "passed",
                  "speed": "fast",
                  "pass": true,
                  "fail": false,
                  "pending": false,
                  "context": null,
                  "code": "await (0, _chai.expect)(KreskoAssetAnchor.initialize(KreskoAsset.address, name, symbol, hre.addr.deployer)).to.be.revertedWith(_test.Error.ALREADY_INITIALIZED_OZ);",
                  "err": {},
                  "uuid": "9ae1cd0a-23ff-44eb-967a-91a3d933760c",
                  "parentUUID": "754136a2-9202-48d8-aa17-f82790d7ed0a",
                  "isHook": false,
                  "skipped": false
                },
                {
                  "title": "sets correct state",
                  "fullTitle": "KreskoAsset #initialization - wrapped sets correct state",
                  "timedOut": false,
                  "duration": 23,
                  "state": "passed",
                  "speed": "fast",
                  "pass": true,
                  "fail": false,
                  "pending": false,
                  "context": null,
                  "code": "(0, _chai.expect)(await KreskoAssetAnchor.name()).to.equal(name);\n(0, _chai.expect)(await KreskoAssetAnchor.symbol()).to.equal(_shared.anchorTokenPrefix + symbol);\n(0, _chai.expect)(await KreskoAssetAnchor.asset()).to.equal(KreskoAsset.address);\n(0, _chai.expect)(await KreskoAssetAnchor.hasRole(_test.Role.ADMIN, hre.addr.deployer)).to.equal(true);\n(0, _chai.expect)(await KreskoAssetAnchor.hasRole(_test.Role.OPERATOR, hre.Diamond.address)).to.equal(true);\n(0, _chai.expect)(await KreskoAssetAnchor.totalSupply()).to.equal(0);\n(0, _chai.expect)(await KreskoAssetAnchor.totalAssets()).to.equal(await KreskoAsset.totalSupply());\nconst rebaseInfo = await KreskoAsset.rebaseInfo();\n(0, _chai.expect)(rebaseInfo.denominator).to.equal(0);\n(0, _chai.expect)(rebaseInfo.positive).to.equal(false);",
                  "err": {},
                  "uuid": "1d1024db-96f8-4140-9117-b888e0200756",
                  "parentUUID": "754136a2-9202-48d8-aa17-f82790d7ed0a",
                  "isHook": false,
                  "skipped": false
                },
                {
                  "title": "cant initialize implementation",
                  "fullTitle": "KreskoAsset #initialization - wrapped cant initialize implementation",
                  "timedOut": false,
                  "duration": 0,
                  "state": "pending",
                  "speed": null,
                  "pass": false,
                  "fail": false,
                  "pending": true,
                  "context": null,
                  "code": "",
                  "err": {},
                  "uuid": "bafd73eb-f5ef-492d-a3c6-7ffbf44b5b84",
                  "parentUUID": "754136a2-9202-48d8-aa17-f82790d7ed0a",
                  "isHook": false,
                  "skipped": false
                },
                {
                  "title": "can reinitialize metadata",
                  "fullTitle": "KreskoAsset #initialization - wrapped can reinitialize metadata",
                  "timedOut": false,
                  "duration": 18,
                  "state": "passed",
                  "speed": "fast",
                  "pass": true,
                  "fail": false,
                  "pending": false,
                  "context": null,
                  "code": "const newName = \"foo\";\nconst newSymbol = \"bar\";\nawait (0, _chai.expect)(KreskoAssetAnchor.reinitializeERC20(newName, newSymbol, 2)).to.not.be.revertedWith(_test.Error.ALREADY_INITIALIZED_OZ);\n(0, _chai.expect)(await KreskoAssetAnchor.name()).to.equal(newName);\n(0, _chai.expect)(await KreskoAssetAnchor.symbol()).to.equal(newSymbol);\nawait KreskoAssetAnchor.reinitializeERC20(name, symbol, 3);",
                  "err": {},
                  "uuid": "cdc44974-5be0-4337-bbe8-cb67952cd3ce",
                  "parentUUID": "754136a2-9202-48d8-aa17-f82790d7ed0a",
                  "isHook": false,
                  "skipped": false
                }
              ],
              "suites": [],
              "passes": [
                "9ae1cd0a-23ff-44eb-967a-91a3d933760c",
                "1d1024db-96f8-4140-9117-b888e0200756",
                "cdc44974-5be0-4337-bbe8-cb67952cd3ce"
              ],
              "failures": [],
              "pending": [
                "bafd73eb-f5ef-492d-a3c6-7ffbf44b5b84"
              ],
              "skipped": [],
              "duration": 48,
              "root": false,
              "rootEmpty": false,
              "_timeout": 60000
            }
          ],
          "passes": [],
          "failures": [],
          "pending": [],
          "skipped": [],
          "duration": 0,
          "root": false,
          "rootEmpty": false,
          "_timeout": 60000
        },
        {
          "uuid": "9808faca-027f-4ebc-b987-e1a814541fc0",
          "title": "KreskoAsset",
          "fullFile": "/Users/panukettunen/Projects/kresko-protocol/src/test/krasset/01-erc20.ts",
          "file": "/src/test/krasset/01-erc20.ts",
          "beforeHooks": [
            {
              "title": "\"before each\" hook in \"KreskoAsset\"",
              "fullTitle": "KreskoAsset \"before each\" hook in \"KreskoAsset\"",
              "timedOut": false,
              "duration": 6,
              "state": null,
              "speed": null,
              "pass": false,
              "fail": false,
              "pending": false,
              "context": null,
              "code": "({ KreskoAsset  } = await (0, _test.kreskoAssetFixture)());\nthis.owner = hre.users.deployer;\nthis.mintAmount = 125;\nawait KreskoAsset.grantRole(_test.Role.OPERATOR, this.owner.address);",
              "err": {},
              "uuid": "3f035a06-c9fe-46f8-8231-7a40c3d3e2c8",
              "parentUUID": "9808faca-027f-4ebc-b987-e1a814541fc0",
              "isHook": true,
              "skipped": false
            }
          ],
          "afterHooks": [],
          "tests": [],
          "suites": [
            {
              "uuid": "cbedd661-8477-41a4-bead-be0fc017ec0d",
              "title": "#mint",
              "fullFile": "/Users/panukettunen/Projects/kresko-protocol/src/test/krasset/01-erc20.ts",
              "file": "/src/test/krasset/01-erc20.ts",
              "beforeHooks": [],
              "afterHooks": [],
              "tests": [
                {
                  "title": "should allow the owner to mint to their own address",
                  "fullTitle": "KreskoAsset #mint should allow the owner to mint to their own address",
                  "timedOut": false,
                  "duration": 17,
                  "state": "passed",
                  "speed": "fast",
                  "pass": true,
                  "fail": false,
                  "pending": false,
                  "context": null,
                  "code": "(0, _chai.expect)(await KreskoAsset.totalSupply()).to.equal(0);\n(0, _chai.expect)(await KreskoAsset.balanceOf(this.owner.address)).to.equal(0);\nawait KreskoAsset.connect(this.owner).mint(this.owner.address, this.mintAmount);\n// Check total supply and owner's balances increased\n(0, _chai.expect)(await KreskoAsset.totalSupply()).to.equal(this.mintAmount);\n(0, _chai.expect)(await KreskoAsset.balanceOf(this.owner.address)).to.equal(this.mintAmount);",
                  "err": {},
                  "uuid": "9c87234a-00d3-4bc5-bbb4-8a23035ce3c4",
                  "parentUUID": "cbedd661-8477-41a4-bead-be0fc017ec0d",
                  "isHook": false,
                  "skipped": false
                },
                {
                  "title": "should allow the asset owner to mint to another address",
                  "fullTitle": "KreskoAsset #mint should allow the asset owner to mint to another address",
                  "timedOut": false,
                  "duration": 18,
                  "state": "passed",
                  "speed": "fast",
                  "pass": true,
                  "fail": false,
                  "pending": false,
                  "context": null,
                  "code": "(0, _chai.expect)(await KreskoAsset.totalSupply()).to.equal(0);\n(0, _chai.expect)(await KreskoAsset.balanceOf(hre.users.userOne.address)).to.equal(0);\nawait KreskoAsset.connect(this.owner).mint(hre.users.userOne.address, this.mintAmount);\n// Check total supply and user's balances increased\n(0, _chai.expect)(await KreskoAsset.totalSupply()).to.equal(this.mintAmount);\n(0, _chai.expect)(await KreskoAsset.balanceOf(hre.users.userOne.address)).to.equal(this.mintAmount);",
                  "err": {},
                  "uuid": "01605a3c-b188-4fa5-be0e-340049d25181",
                  "parentUUID": "cbedd661-8477-41a4-bead-be0fc017ec0d",
                  "isHook": false,
                  "skipped": false
                },
                {
                  "title": "should not allow non-owner addresses to mint tokens",
                  "fullTitle": "KreskoAsset #mint should not allow non-owner addresses to mint tokens",
                  "timedOut": false,
                  "duration": 39,
                  "state": "passed",
                  "speed": "medium",
                  "pass": true,
                  "fail": false,
                  "pending": false,
                  "context": null,
                  "code": "(0, _chai.expect)(await KreskoAsset.totalSupply()).to.equal(0);\n(0, _chai.expect)(await KreskoAsset.balanceOf(this.owner.address)).to.equal(0);\nawait (0, _chai.expect)(KreskoAsset.connect(hre.users.userOne).mint(this.owner.address, this.mintAmount)).to.be.revertedWith(`AccessControl: account ${hre.users.userOne.address.toLowerCase()} is missing role 0x112e48a576fb3a75acc75d9fcf6e0bc670b27b1dbcd2463502e10e68cf57d6fd`);\n// Check total supply and all account balances unchanged\n(0, _chai.expect)(await KreskoAsset.totalSupply()).to.equal(0);\n(0, _chai.expect)(await KreskoAsset.balanceOf(this.owner.address)).to.equal(0);\n(0, _chai.expect)(await KreskoAsset.balanceOf(hre.users.userOne.address)).to.equal(0);",
                  "err": {},
                  "uuid": "ddd0fa20-f5e4-4232-a3aa-0eabfbd99485",
                  "parentUUID": "cbedd661-8477-41a4-bead-be0fc017ec0d",
                  "isHook": false,
                  "skipped": false
                },
                {
                  "title": "should not allow admin to mint tokens",
                  "fullTitle": "KreskoAsset #mint should not allow admin to mint tokens",
                  "timedOut": false,
                  "duration": 31,
                  "state": "passed",
                  "speed": "fast",
                  "pass": true,
                  "fail": false,
                  "pending": false,
                  "context": null,
                  "code": "await KreskoAsset.renounceRole(_test.Role.OPERATOR, this.owner.address);\nawait (0, _chai.expect)(KreskoAsset.connect(hre.users.admin).mint(this.owner.address, this.mintAmount)).to.be.revertedWith(`AccessControl: account ${hre.users.admin.address.toLowerCase()} is missing role 0x112e48a576fb3a75acc75d9fcf6e0bc670b27b1dbcd2463502e10e68cf57d6fd`);",
                  "err": {},
                  "uuid": "b7677b43-4072-4abb-b393-8bd20961e894",
                  "parentUUID": "cbedd661-8477-41a4-bead-be0fc017ec0d",
                  "isHook": false,
                  "skipped": false
                }
              ],
              "suites": [],
              "passes": [
                "9c87234a-00d3-4bc5-bbb4-8a23035ce3c4",
                "01605a3c-b188-4fa5-be0e-340049d25181",
                "ddd0fa20-f5e4-4232-a3aa-0eabfbd99485",
                "b7677b43-4072-4abb-b393-8bd20961e894"
              ],
              "failures": [],
              "pending": [],
              "skipped": [],
              "duration": 105,
              "root": false,
              "rootEmpty": false,
              "_timeout": 60000
            },
            {
              "uuid": "2e971143-465a-4765-b892-98a3e7610333",
              "title": "#burn",
              "fullFile": "/Users/panukettunen/Projects/kresko-protocol/src/test/krasset/01-erc20.ts",
              "file": "/src/test/krasset/01-erc20.ts",
              "beforeHooks": [
                {
                  "title": "\"before each\" hook in \"#burn\"",
                  "fullTitle": "KreskoAsset #burn \"before each\" hook in \"#burn\"",
                  "timedOut": false,
                  "duration": 7,
                  "state": null,
                  "speed": null,
                  "pass": false,
                  "fail": false,
                  "pending": false,
                  "context": null,
                  "code": "this.mintAmount = 250;\nawait KreskoAsset.connect(this.owner).mint(hre.users.userOne.address, this.mintAmount);",
                  "err": {},
                  "uuid": "ca5411ca-1dac-48c3-ae1a-b0e68dff6cb2",
                  "parentUUID": "2e971143-465a-4765-b892-98a3e7610333",
                  "isHook": true,
                  "skipped": false
                }
              ],
              "afterHooks": [],
              "tests": [
                {
                  "title": "should allow the owner to burn tokens from user's address (without token allowance)",
                  "fullTitle": "KreskoAsset #burn should allow the owner to burn tokens from user's address (without token allowance)",
                  "timedOut": false,
                  "duration": 19,
                  "state": "passed",
                  "speed": "fast",
                  "pass": true,
                  "fail": false,
                  "pending": false,
                  "context": null,
                  "code": "(0, _chai.expect)(await KreskoAsset.totalSupply()).to.equal(this.mintAmount);\nawait KreskoAsset.connect(this.owner).burn(hre.users.userOne.address, this.mintAmount);\n// Check total supply and user's balances decreased\n(0, _chai.expect)(await KreskoAsset.totalSupply()).to.equal(0);\n(0, _chai.expect)(await KreskoAsset.balanceOf(this.owner.address)).to.equal(0);\n// Confirm that owner doesn't hold any tokens\n(0, _chai.expect)(await KreskoAsset.balanceOf(hre.users.userOne.address)).to.equal(0);",
                  "err": {},
                  "uuid": "25869485-5954-4cf3-be37-4c232e8504db",
                  "parentUUID": "2e971143-465a-4765-b892-98a3e7610333",
                  "isHook": false,
                  "skipped": false
                },
                {
                  "title": "should allow the operator to burn tokens from user's address without changing existing allowances",
                  "fullTitle": "KreskoAsset #burn should allow the operator to burn tokens from user's address without changing existing allowances",
                  "timedOut": false,
                  "duration": 24,
                  "state": "passed",
                  "speed": "fast",
                  "pass": true,
                  "fail": false,
                  "pending": false,
                  "context": null,
                  "code": "await KreskoAsset.connect(this.owner).approve(hre.users.userOne.address, this.mintAmount);\n(0, _chai.expect)(await KreskoAsset.totalSupply()).to.equal(this.mintAmount);\n(0, _chai.expect)(await KreskoAsset.allowance(this.owner.address, hre.users.userOne.address)).to.equal(this.mintAmount);\nawait KreskoAsset.connect(this.owner).burn(hre.users.userOne.address, this.mintAmount);\n// Check total supply and user's balances decreased\n(0, _chai.expect)(await KreskoAsset.totalSupply()).to.equal(0);\n(0, _chai.expect)(await KreskoAsset.balanceOf(hre.users.userOne.address)).to.equal(0);\n// Confirm that owner doesn't hold any tokens\n(0, _chai.expect)(await KreskoAsset.balanceOf(this.owner.address)).to.equal(0);\n// Confirm that token allowances are unchanged\n(0, _chai.expect)(await KreskoAsset.allowance(this.owner.address, hre.users.userOne.address)).to.equal(this.mintAmount);",
                  "err": {},
                  "uuid": "9564ec7a-d9a7-4cf4-9ac2-d5a7588de789",
                  "parentUUID": "2e971143-465a-4765-b892-98a3e7610333",
                  "isHook": false,
                  "skipped": false
                },
                {
                  "title": "should not allow the operator to burn more tokens than user holds",
                  "fullTitle": "KreskoAsset #burn should not allow the operator to burn more tokens than user holds",
                  "timedOut": false,
                  "duration": 16,
                  "state": "passed",
                  "speed": "fast",
                  "pass": true,
                  "fail": false,
                  "pending": false,
                  "context": null,
                  "code": "const userBalance = await KreskoAsset.balanceOf(hre.users.userOne.address);\nconst overUserBalance = Number(userBalance) + 1;\nawait (0, _chai.expect)(KreskoAsset.connect(this.owner).burn(hre.users.userOne.address, overUserBalance)).to.be.reverted;\n// Check total supply and user's balances are unchanged\n(0, _chai.expect)(await KreskoAsset.totalSupply()).to.equal(this.mintAmount);\n(0, _chai.expect)(await KreskoAsset.balanceOf(hre.users.userOne.address)).to.equal(this.mintAmount);",
                  "err": {},
                  "uuid": "ca0e4d99-3860-4312-a659-817463910421",
                  "parentUUID": "2e971143-465a-4765-b892-98a3e7610333",
                  "isHook": false,
                  "skipped": false
                },
                {
                  "title": "should not allow non-operator addresses to burn tokens",
                  "fullTitle": "KreskoAsset #burn should not allow non-operator addresses to burn tokens",
                  "timedOut": false,
                  "duration": 27,
                  "state": "passed",
                  "speed": "fast",
                  "pass": true,
                  "fail": false,
                  "pending": false,
                  "context": null,
                  "code": "await (0, _chai.expect)(KreskoAsset.connect(hre.users.userTwo).burn(hre.users.userOne.address, this.mintAmount)).to.be.revertedWith(`AccessControl: account ${hre.users.userTwo.address.toLowerCase()} is missing role 0x112e48a576fb3a75acc75d9fcf6e0bc670b27b1dbcd2463502e10e68cf57d6fd`);\n// Check total supply and user's balances unchanged\n(0, _chai.expect)(await KreskoAsset.totalSupply()).to.equal(this.mintAmount);\n(0, _chai.expect)(await KreskoAsset.balanceOf(hre.users.userOne.address)).to.equal(this.mintAmount);",
                  "err": {},
                  "uuid": "314e777c-f775-4367-9ffe-9d1a2ff64bdf",
                  "parentUUID": "2e971143-465a-4765-b892-98a3e7610333",
                  "isHook": false,
                  "skipped": false
                }
              ],
              "suites": [],
              "passes": [
                "25869485-5954-4cf3-be37-4c232e8504db",
                "9564ec7a-d9a7-4cf4-9ac2-d5a7588de789",
                "ca0e4d99-3860-4312-a659-817463910421",
                "314e777c-f775-4367-9ffe-9d1a2ff64bdf"
              ],
              "failures": [],
              "pending": [],
              "skipped": [],
              "duration": 86,
              "root": false,
              "rootEmpty": false,
              "_timeout": 60000
            }
          ],
          "passes": [],
          "failures": [],
          "pending": [],
          "skipped": [],
          "duration": 0,
          "root": false,
          "rootEmpty": false,
          "_timeout": 60000
        },
        {
          "uuid": "ca07bccd-8a38-4693-8b18-54ac3530d4af",
          "title": "KreskoAsset",
          "fullFile": "/Users/panukettunen/Projects/kresko-protocol/src/test/krasset/02-krasset.ts",
          "file": "/src/test/krasset/02-krasset.ts",
          "beforeHooks": [
            {
              "title": "\"before each\" hook in \"KreskoAsset\"",
              "fullTitle": "KreskoAsset \"before each\" hook in \"KreskoAsset\"",
              "timedOut": false,
              "duration": 7,
              "state": null,
              "speed": null,
              "pass": false,
              "fail": false,
              "pending": false,
              "context": null,
              "code": "({ KreskoAsset  } = await (0, _test.kreskoAssetFixture)());\n// Grant minting rights for test deployer\nawait KreskoAsset.grantRole(_test.Role.OPERATOR, hre.addr.deployer);",
              "err": {},
              "uuid": "bfa0ceca-2efa-4f51-a39a-10eb9c767158",
              "parentUUID": "ca07bccd-8a38-4693-8b18-54ac3530d4af",
              "isHook": true,
              "skipped": false
            }
          ],
          "afterHooks": [],
          "tests": [],
          "suites": [
            {
              "uuid": "3f110ddf-d13b-497c-8be2-11dc1be9be06",
              "title": "#rebase",
[...]
                      "err": {},
                      "uuid": "3dc5edb1-7c58-423d-91be-f437762ea5c9",
                      "parentUUID": "bbe63da9-45eb-44c0-a1b8-ae390fe5aec2",
                      "isHook": false,
                      "skipped": false
                    },
                    {
                      "title": "should allow liquidating the underwater pool",
                      "fullTitle": "SCDP #Test #Liquidations should allow liquidating the underwater pool",
                      "timedOut": false,
                      "duration": 13114,
                      "state": "passed",
                      "speed": "slow",
                      "pass": true,
                      "fail": false,
                      "pending": false,
                      "context": null,
                      "code": "const swapAmount = (0, _lib.toBig)(ONE_USD * 2600);\nawait KreskoSwapper.swapSCDP(swapper.address, f.KISS.address, f.KrAsset2.address, swapAmount, 0);\nconst newKreskoAssetPrice = 500;\nf.KrAsset2.setPrice(newKreskoAssetPrice);\nconst [scdpParams, maxLiquidatable, krAssetPrice, statsBefore] = await Promise.all([\n    _hardhat.default.Diamond.getCurrentParametersSCDP(),\n    _hardhat.default.Diamond.getMaxLiqValueSCDP(f.KrAsset2.address, f.Collateral8Dec.address),\n    f.KrAsset2.getPrice(),\n    _hardhat.default.Diamond.getStatisticsSCDP()\n]);\nconst repayAmount = maxLiquidatable.wadDiv(krAssetPrice);\nawait f.KrAsset2.setBalance(_hardhat.default.users.liquidator, repayAmount.add(1e18.toString()));\n(0, _chai.expect)(statsBefore.cr).to.lt(scdpParams.lt);\nconst tx = await KreskoLiquidator.liquidateSCDP(f.KrAsset2.address, repayAmount, f.Collateral8Dec.address);\nconst [statsAfter, liquidatableAfter] = await Promise.all([\n    _hardhat.default.Diamond.getStatisticsSCDP(),\n    _hardhat.default.Diamond.getLiquidatableSCDP()\n]);\n// console.log(\"liq\", (await tx.wait()).gasUsed.toString());\n(0, _chai.expect)(statsAfter.cr).to.gt(scdpParams.lt);\n(0, _chai.expect)(liquidatableAfter).to.equal(false);\nawait (0, _chai.expect)(KreskoLiquidator.liquidateSCDP(f.KrAsset2.address, repayAmount, f.Collateral8Dec.address)).to.be.revertedWith(\"not-liquidatable\");\nconst event = await (0, _lib.getNamedEvent)(tx, \"SCDPLiquidationOccured\");\nconst expectedSeizeAmount = repayAmount.wadMul((0, _lib.toBig)(newKreskoAssetPrice, 8)).wadMul((0, _lib.toBig)(1.05)).wadDiv((0, _lib.toBig)(collateralPrice, 8)).div(10 ** 10);\n(0, _chai.expect)(event.args.liquidator).to.eq(_hardhat.default.users.liquidator.address);\n(0, _chai.expect)(event.args.seizeAmount).to.eq(expectedSeizeAmount);\n(0, _chai.expect)(event.args.repayAmount).to.eq(repayAmount);\n(0, _chai.expect)(event.args.seizeCollateral).to.eq(f.Collateral8Dec.address);\n(0, _chai.expect)(event.args.repayKreskoAsset).to.eq(f.KrAsset2.address);\nconst expectedDepositsAfter = depositAmount8Dec.sub(event.args.seizeAmount);\n(0, _chai.expect)(expectedDepositsAfter).to.be.lt(depositAmount8Dec);\nconst [principalDeposits, depositsWithFees, params] = await Promise.all([\n    _hardhat.default.Diamond.getAccountDepositSCDP(depositor.address, f.Collateral8Dec.address),\n    _hardhat.default.Diamond.getAccountDepositWithFeesSCDP(depositor.address, f.Collateral8Dec.address),\n    _hardhat.default.Diamond.getCurrentParametersSCDP()\n]);\n(0, _chai.expect)(principalDeposits).to.eq(expectedDepositsAfter);\n(0, _chai.expect)(depositsWithFees).to.eq(expectedDepositsAfter);\nawait KreskoDepositor.depositSCDP(depositor.address, f.Collateral.address, depositAmount18Dec.mul(10));\nconst stats = await _hardhat.default.Diamond.getStatisticsSCDP();\n(0, _chai.expect)(stats.cr).to.gt(params.mcr);\nawait (0, _chai.expect)(KreskoDepositor.withdrawSCDP(depositor.address, f.Collateral8Dec.address, expectedDepositsAfter)).to.not.be.reverted;\nconst [principalEnd, depositsWithFeesEnd] = await Promise.all([\n    _hardhat.default.Diamond.getAccountDepositSCDP(depositor.address, f.Collateral8Dec.address),\n    _hardhat.default.Diamond.getAccountDepositWithFeesSCDP(depositor.address, f.Collateral8Dec.address)\n]);\n(0, _chai.expect)(principalEnd).to.eq(0);\n(0, _chai.expect)(depositsWithFeesEnd).to.eq(0);",
                      "err": {},
                      "uuid": "9ca7a99f-1a96-427f-8fbc-b494f37c7eef",
                      "parentUUID": "bbe63da9-45eb-44c0-a1b8-ae390fe5aec2",
                      "isHook": false,
                      "skipped": false
                    }
                  ],
                  "suites": [],
                  "passes": [
                    "04662389-3da0-4262-ba86-f3a180bd89b2",
                    "9f87304d-b9f2-41bd-bad6-80931fa7e24f",
                    "3dc5edb1-7c58-423d-91be-f437762ea5c9",
                    "9ca7a99f-1a96-427f-8fbc-b494f37c7eef"
                  ],
                  "failures": [],
                  "pending": [],
                  "skipped": [],
                  "duration": 23444,
                  "root": false,
                  "rootEmpty": false,
                  "_timeout": 60000
                },
                {
                  "uuid": "7ea51d3c-8881-4156-8d91-63f0c9cc6166",
                  "title": "#Error",
                  "fullFile": "/Users/panukettunen/Projects/kresko-protocol/src/test/scdp/00-scdp.ts",
                  "file": "/src/test/scdp/00-scdp.ts",
                  "beforeHooks": [
                    {
                      "title": "\"before each\" hook in \"#Error\"",
                      "fullTitle": "SCDP #Test #Error \"before each\" hook in \"#Error\"",
                      "timedOut": false,
                      "duration": 315,
                      "state": null,
                      "speed": null,
                      "pass": false,
                      "fail": false,
                      "pending": false,
                      "context": null,
                      "code": "await Promise.all(f.usersArr.map((signer)=>f.Collateral.setBalance(signer, (0, _lib.toBig)(1000000))));\nawait f.KISS.setBalance(swapper, (0, _lib.toBig)(10000));\nawait f.KISS.setBalance(depositor, _hardhat.ethers.BigNumber.from(1));\nawait _hardhat.default.Diamond.addDepositAssetsSCDP([\n    f.KISS.address\n], [\n    defaultCollateralConfig\n]);\nawait Promise.all([\n    KreskoDepositor.depositSCDP(depositor.address, f.KISS.address, 1),\n    KreskoDepositor.depositSCDP(depositor.address, f.Collateral.address, depositAmount18Dec)\n]);",
                      "err": {},
                      "uuid": "1829b975-cfad-49ee-beb8-c5f9f55cf0d8",
                      "parentUUID": "7ea51d3c-8881-4156-8d91-63f0c9cc6166",
                      "isHook": true,
                      "skipped": false
                    }
                  ],
                  "afterHooks": [],
                  "tests": [
                    {
                      "title": "should revert depositing unsupported tokens",
                      "fullTitle": "SCDP #Test #Error should revert depositing unsupported tokens",
                      "timedOut": false,
                      "duration": 155,
                      "state": "passed",
                      "speed": "fast",
                      "pass": true,
                      "fail": false,
                      "pending": false,
                      "context": null,
                      "code": "const [UnsupportedToken] = await _hardhat.default.deploy(\"MockERC20\", {\n    args: [\n        \"UnsupportedToken\",\n        \"UnsupportedToken\",\n        18,\n        (0, _lib.toBig)(1)\n    ]\n});\nawait UnsupportedToken.approve(_hardhat.default.Diamond.address, _hardhat.default.ethers.constants.MaxUint256);\nconst { deployer  } = await _hardhat.default.getNamedAccounts();\nawait (0, _chai.expect)(_hardhat.default.Diamond.depositSCDP(deployer, UnsupportedToken.address, 1)).to.be.revertedWith(\"deposit-not-enabled\");",
                      "err": {},
                      "uuid": "8086ebdd-dbf4-4d05-9bbf-de4d490abaa6",
                      "parentUUID": "7ea51d3c-8881-4156-8d91-63f0c9cc6166",
                      "isHook": false,
                      "skipped": false
                    },
                    {
                      "title": "should revert withdrawing without deposits",
                      "fullTitle": "SCDP #Test #Error should revert withdrawing without deposits",
                      "timedOut": false,
                      "duration": 98,
                      "state": "passed",
                      "speed": "fast",
                      "pass": true,
                      "fail": false,
                      "pending": false,
                      "context": null,
                      "code": "await (0, _chai.expect)(KreskoSwapper.withdrawSCDP(depositor.address, f.Collateral.address, 1)).to.be.revertedWith(\"withdrawal-violation\");",
                      "err": {},
                      "uuid": "85132aa2-89d2-48e6-bc83-778a576f0a54",
                      "parentUUID": "7ea51d3c-8881-4156-8d91-63f0c9cc6166",
                      "isHook": false,
                      "skipped": false
                    },
                    {
                      "title": "should revert withdrawals below MCR",
                      "fullTitle": "SCDP #Test #Error should revert withdrawals below MCR",
                      "timedOut": false,
                      "duration": 2797,
                      "state": "passed",
                      "speed": "medium",
                      "pass": true,
                      "fail": false,
                      "pending": false,
                      "context": null,
                      "code": "const swapAmount = (0, _lib.toBig)(ONE_USD).mul(1000); // $1000\nawait KreskoSwapper.swapSCDP(swapper.address, f.KISS.address, f.KrAsset2.address, swapAmount, 0); // generate debt\nconst deposits = await KreskoSwapper.getAccountDepositSCDP(depositor.address, f.Collateral.address);\nawait (0, _chai.expect)(KreskoDepositor.withdrawSCDP(depositor.address, f.Collateral.address, deposits)).to.be.revertedWith(\"withdraw-mcr-violation\");",
                      "err": {},
                      "uuid": "249899c5-31fb-4bf7-8c2e-9017f5e26085",
                      "parentUUID": "7ea51d3c-8881-4156-8d91-63f0c9cc6166",
                      "isHook": false,
                      "skipped": false
                    },
                    {
                      "title": "should revert withdrawals of swap owned collateral deposits",
                      "fullTitle": "SCDP #Test #Error should revert withdrawals of swap owned collateral deposits",
                      "timedOut": false,
                      "duration": 1745,
                      "state": "passed",
                      "speed": "fast",
                      "pass": true,
                      "fail": false,
                      "pending": false,
                      "context": null,
                      "code": "const swapAmount = (0, _lib.toBig)(1);\nawait f.KrAsset2.setBalance(swapper, swapAmount);\nawait KreskoSwapper.swapSCDP(swapper.address, f.KrAsset2.address, f.KISS.address, swapAmount, 0);\nconst deposits = await KreskoSwapper.getSwapDepositsSCDP(f.KrAsset2.address);\n(0, _chai.expect)(deposits).to.be.gt(0);\nawait (0, _chai.expect)(KreskoSwapper.withdrawSCDP(swapper.address, f.KrAsset2.address, deposits)).to.be.revertedWith(\"withdrawal-violation\");",
                      "err": {},
                      "uuid": "7a50d926-e7d0-427c-91ba-2da17eec13c8",
                      "parentUUID": "7ea51d3c-8881-4156-8d91-63f0c9cc6166",
                      "isHook": false,
                      "skipped": false
                    },
                    {
                      "title": "should revert swapping with price below minAmountOut",
                      "fullTitle": "SCDP #Test #Error should revert swapping with price below minAmountOut",
                      "timedOut": false,
                      "duration": 1033,
                      "state": "passed",
                      "speed": "fast",
                      "pass": true,
                      "fail": false,
                      "pending": false,
                      "context": null,
                      "code": "const swapAmount = (0, _lib.toBig)(1);\nawait f.KrAsset2.setBalance(swapper, swapAmount);\nconst [amountOut] = await KreskoSwapper.previewSwapSCDP(f.KrAsset2.address, f.KISS.address, swapAmount);\nawait (0, _chai.expect)(KreskoSwapper.swapSCDP(swapper.address, f.KrAsset2.address, f.KISS.address, swapAmount, amountOut.add(1))).to.be.revertedWith(\"swap-slippage\");",
                      "err": {},
                      "uuid": "9951e189-75e7-4b66-b5ac-23438471c352",
                      "parentUUID": "7ea51d3c-8881-4156-8d91-63f0c9cc6166",
                      "isHook": false,
                      "skipped": false
                    },
                    {
                      "title": "should revert swapping unsupported route",
                      "fullTitle": "SCDP #Test #Error should revert swapping unsupported route",
                      "timedOut": false,
                      "duration": 98,
                      "state": "passed",
                      "speed": "fast",
                      "pass": true,
                      "fail": false,
                      "pending": false,
                      "context": null,
                      "code": "const swapAmount = (0, _lib.toBig)(1);\nawait f.KrAsset2.setBalance(swapper, swapAmount);\nawait (0, _chai.expect)(KreskoSwapper.swapSCDP(swapper.address, f.KrAsset2.address, f.Collateral.address, swapAmount, 0)).to.be.revertedWith(\"swap-disabled\");",
                      "err": {},
                      "uuid": "59f488ed-0991-4471-87dc-3e5e515e82cb",
                      "parentUUID": "7ea51d3c-8881-4156-8d91-63f0c9cc6166",
                      "isHook": false,
                      "skipped": false
                    },
                    {
                      "title": "should revert swapping if asset in is disabled",
                      "fullTitle": "SCDP #Test #Error should revert swapping if asset in is disabled",
                      "timedOut": false,
                      "duration": 199,
                      "state": "passed",
                      "speed": "fast",
                      "pass": true,
                      "fail": false,
                      "pending": false,
                      "context": null,
                      "code": "const swapAmount = (0, _lib.toBig)(1);\nawait f.KrAsset2.setBalance(swapper, swapAmount);\nawait _hardhat.default.Diamond.disableAssetsSCDP([\n    f.KrAsset2.address\n], false);\nawait (0, _chai.expect)(KreskoSwapper.swapSCDP(swapper.address, f.KrAsset2.address, f.KISS.address, swapAmount, 0)).to.be.revertedWith(\"asset-in-disabled\");",
                      "err": {},
                      "uuid": "b24537bb-99fb-46bf-9bde-7e5500ad93b7",
                      "parentUUID": "7ea51d3c-8881-4156-8d91-63f0c9cc6166",
                      "isHook": false,
                      "skipped": false
                    },
                    {
                      "title": "should revert swapping if asset out is disabled",
                      "fullTitle": "SCDP #Test #Error should revert swapping if asset out is disabled",
                      "timedOut": false,
                      "duration": 198,
                      "state": "passed",
                      "speed": "fast",
                      "pass": true,
                      "fail": false,
                      "pending": false,
                      "context": null,
                      "code": "const swapAmount = (0, _lib.toBig)(1);\nawait f.KrAsset2.setBalance(swapper, swapAmount);\nawait _hardhat.default.Diamond.disableAssetsSCDP([\n    f.KrAsset2.address\n], false);\nawait (0, _chai.expect)(KreskoSwapper.swapSCDP(swapper.address, f.KISS.address, f.KrAsset2.address, swapAmount, 0)).to.be.revertedWith(\"asset-out-disabled\");",
                      "err": {},
                      "uuid": "dea0bade-69df-4d12-9018-f549630a1b4f",
                      "parentUUID": "7ea51d3c-8881-4156-8d91-63f0c9cc6166",
                      "isHook": false,
                      "skipped": false
                    },
                    {
                      "title": "should revert swapping causes CDP to go below MCR",
                      "fullTitle": "SCDP #Test #Error should revert swapping causes CDP to go below MCR",
                      "timedOut": false,
                      "duration": 1610,
                      "state": "passed",
                      "speed": "fast",
                      "pass": true,
                      "fail": false,
                      "pending": false,
                      "context": null,
                      "code": "const swapAmount = (0, _lib.toBig)(1500000);\nawait f.KrAsset2.setBalance(swapper, swapAmount);\nconst tx = KreskoSwapper.swapSCDP(swapper.address, f.KrAsset2.address, f.KISS.address, swapAmount, 0);\nawait (0, _chai.expect)(tx).to.be.revertedWith(\"swap-mcr-violation\");",
                      "err": {},
                      "uuid": "617cb24f-d1d1-4887-a0a0-427b2628ff01",
                      "parentUUID": "7ea51d3c-8881-4156-8d91-63f0c9cc6166",
                      "isHook": false,
                      "skipped": false
                    }
                  ],
                  "suites": [],
                  "passes": [
                    "8086ebdd-dbf4-4d05-9bbf-de4d490abaa6",
                    "85132aa2-89d2-48e6-bc83-778a576f0a54",
                    "249899c5-31fb-4bf7-8c2e-9017f5e26085",
                    "7a50d926-e7d0-427c-91ba-2da17eec13c8",
                    "9951e189-75e7-4b66-b5ac-23438471c352",
                    "59f488ed-0991-4471-87dc-3e5e515e82cb",
                    "b24537bb-99fb-46bf-9bde-7e5500ad93b7",
                    "dea0bade-69df-4d12-9018-f549630a1b4f",
                    "617cb24f-d1d1-4887-a0a0-427b2628ff01"
                  ],
                  "failures": [],
                  "pending": [],
                  "skipped": [],
                  "duration": 7933,
                  "root": false,
                  "rootEmpty": false,
                  "_timeout": 60000
                }
              ],
              "passes": [],
              "failures": [],
              "pending": [],
              "skipped": [],
              "duration": 0,
              "root": false,
              "rootEmpty": false,
              "_timeout": 60000
            }
          ],
          "passes": [],
          "failures": [],
          "pending": [],
          "skipped": [],
          "duration": 0,
          "root": false,
          "rootEmpty": false,
          "_timeout": 60000
        }
      ],
      "passes": [],
      "failures": [],
      "pending": [],
      "skipped": [],
      "duration": 0,
      "root": true,
      "rootEmpty": true,
      "_timeout": 60000
    }
  ],
  "meta": {
    "mocha": {
      "version": "10.2.0"
    },
    "mochawesome": {
      "options": {
        "quiet": false,
        "reportFilename": "mochawesome",
        "saveHtml": true,
        "saveJson": true,
        "consoleReporter": "spec",
        "useInlineDiffs": false,
        "code": true
      },
      "version": "7.1.3"
    },
    "marge": {
      "options": null,
      "version": "6.2.0"
    }
  }
}