{
  "stats": {
    "suites": 2,
    "tests": 1,
    "passes": 1,
    "pending": 0,
    "failures": 0,
    "start": "2023-05-31T16:46:37.564Z",
    "end": "2023-05-31T16:46:39.825Z",
    "duration": 2261,
    "testsRegistered": 1,
    "passPercent": 100,
    "pendingPercent": 0,
    "other": 0,
    "hasOther": false,
    "skipped": 0,
    "hasSkipped": false
  },
  "results": [
    {
      "uuid": "709c5a46-3030-4e0b-8427-1c9234aa2e83",
      "title": "",
      "fullFile": "/Users/panukettunen/Projects/kresko-protocol/src/test/minter/03-liquidation.ts",
      "file": "/src/test/minter/03-liquidation.ts",
      "beforeHooks": [],
      "afterHooks": [],
      "tests": [],
      "suites": [
        {
          "uuid": "1c4b1a67-c11c-4b93-a66e-16028239f51b",
          "title": "Minter",
          "fullFile": "/Users/panukettunen/Projects/kresko-protocol/src/test/minter/03-liquidation.ts",
          "file": "/src/test/minter/03-liquidation.ts",
          "beforeHooks": [
            {
              "title": "\"before each\" hook in \"Minter\"",
              "fullTitle": "Minter \"before each\" hook in \"Minter\"",
              "timedOut": false,
              "duration": 30,
              "state": null,
              "speed": null,
              "pass": false,
              "fail": false,
              "pending": false,
              "context": null,
              "code": "const fixture = await _hardhat.default.deployments.createFixture(async (hre)=>{\n    const result = await hre.deployments.fixture(fixtureName);\n    if (result.Diamond) {\n        hre.Diamond = await hre.getContractOrFork(\"Kresko\");\n    }\n    return {\n        facets: result.Diamond ? result.Diamond.facets : [],\n        collaterals: hre.collaterals,\n        krAssets: hre.krAssets\n    };\n})();\nthis.facets = fixture.facets || [];\nthis.collaterals = fixture.collaterals;\nthis.krAssets = fixture.krAssets;",
              "err": {},
              "uuid": "ba50d3d4-7670-4a11-b3e2-275bd224c742",
              "parentUUID": "1c4b1a67-c11c-4b93-a66e-16028239f51b",
              "isHook": true,
              "skipped": false
            },
            {
              "title": "\"before each\" hook in \"Minter\"",
              "fullTitle": "Minter \"before each\" hook in \"Minter\"",
              "timedOut": false,
              "duration": 160,
              "state": null,
              "speed": null,
              "pass": false,
              "fail": false,
              "pending": false,
              "context": null,
              "code": "// -------------------------------- Set up mock assets --------------------------------\nconst collateralArgs = {\n    name: \"CollateralAsset\",\n    price: 10,\n    factor: 1,\n    decimals: 18\n};\nthis.collateral = hre.collaterals.find((c)=>c.deployArgs.name === _testutils.defaultCollateralArgs.name);\nthis.collateral = await this.collateral.update(collateralArgs);\nthis.collateral.setPrice(collateralArgs.price);\n// Set up mock KreskoAsset\nconst krAssetArgs = {\n    name: \"KreskoAsset\",\n    price: 11,\n    factor: 1,\n    supplyLimit: 100000000,\n    closeFee: _testutils.defaultCloseFee,\n    openFee: _testutils.defaultOpenFee\n};\nthis.krAsset = hre.krAssets.find((c)=>c.deployArgs.name === _testutils.defaultKrAssetArgs.name);\nthis.krAsset.setPrice(krAssetArgs.price);\n// grant operator role to deployer for rebases\nawait this.krAsset.contract.grantRole(_testutils.Role.OPERATOR, hre.users.deployer.address);\nconst assetInfo = await this.krAsset.kresko();\n// Add krAsset as a collateral with anchor and cFactor of 1\nawait hre.Diamond.connect(hre.users.deployer).addCollateralAsset(this.krAsset.contract.address, await (0, _collaterals.getCollateralConfig)(this.krAsset.contract, this.krAsset.anchor.address, (0, _lib.toBig)(1), (0, _lib.toBig)(1.05), assetInfo.oracle, assetInfo.oracle));\n// -------------------------------- Set up userOne deposit/debt --------------------------------\nawait this.collateral.setBalance(hre.users.liquidator, (0, _lib.toBig)(100000000));\nawait this.collateral.mocks.contract.setVariable(\"_allowances\", {\n    [hre.users.liquidator.address]: {\n        [hre.Diamond.address]: (0, _lib.toBig)(100000000)\n    }\n});\n// Deposit collateral\nthis.defaultDepositAmount = 20; // 20 * $10 = $200 in collateral asset value\nawait this.collateral.setBalance(hre.users.userOne, (0, _lib.toBig)(this.defaultDepositAmount));\nawait this.collateral.mocks.contract.setVariable(\"_allowances\", {\n    [hre.users.userOne.address]: {\n        [hre.Diamond.address]: (0, _lib.toBig)(this.defaultDepositAmount)\n    }\n});\nawait (0, _collaterals.depositCollateral)({\n    user: hre.users.userOne,\n    amount: this.defaultDepositAmount,\n    asset: this.collateral\n});\n// Mint KrAsset\nthis.defaultMintAmount = 10; // 10 * $11 = $110 in debt value\nawait (0, _krassets.mintKrAsset)({\n    user: hre.users.userOne,\n    amount: this.defaultMintAmount,\n    asset: this.krAsset\n});",
              "err": {},
              "uuid": "2d575566-f90b-46b4-87a8-fc049541e87e",
              "parentUUID": "1c4b1a67-c11c-4b93-a66e-16028239f51b",
              "isHook": true,
              "skipped": false
            }
          ],
          "afterHooks": [],
          "tests": [],
          "suites": [
            {
              "uuid": "bc627dad-f215-49b4-8f61-42facd4deb12",
              "title": "#maxLiquidatableValue",
              "fullFile": "/Users/panukettunen/Projects/kresko-protocol/src/test/minter/03-liquidation.ts",
              "file": "/src/test/minter/03-liquidation.ts",
              "beforeHooks": [
                {
                  "title": "\"before each\" hook in \"#maxLiquidatableValue\"",
                  "fullTitle": "Minter #maxLiquidatableValue \"before each\" hook in \"#maxLiquidatableValue\"",
                  "timedOut": false,
                  "duration": 1308,
                  "state": null,
                  "speed": null,
                  "pass": false,
                  "fail": false,
                  "pending": false,
                  "context": null,
                  "code": "const depositAmountBig18 = (0, _lib.toBig)(this.defaultDepositAmount * 100);\nconst depositAmountBig8 = (0, _lib.toBig)(this.defaultDepositAmount * 100, 8);\nuser = hre.users.userOne;\nthis.collateral.setPrice(collateralPrice);\nthis.krAsset.setPrice(krAssetPrice);\nawait this.collateral.setBalance(hre.users.userOne, depositAmountBig18);\nawait this.collateral.mocks.contract.setVariable(\"_allowances\", {\n    [hre.users.userOne.address]: {\n        [hre.Diamond.address]: depositAmountBig18\n    }\n});\nnewCollateral = await (0, _collaterals.addMockCollateralAsset)({\n    name: \"Coll\",\n    decimals: 8,\n    price: 10,\n    factor: 0.9\n});\nawait newCollateral.setBalance(hre.users.userOne, depositAmountBig8);\nawait newCollateral.mocks.contract.setVariable(\"_allowances\", {\n    [hre.users.userOne.address]: {\n        [hre.Diamond.address]: depositAmountBig8\n    }\n});",
                  "err": {},
                  "uuid": "969ea8e7-9b2a-448f-a746-63b296b740b9",
                  "parentUUID": "bc627dad-f215-49b4-8f61-42facd4deb12",
                  "isHook": true,
                  "skipped": false
                }
              ],
              "afterHooks": [],
              "tests": [
                {
                  "title": "docs example",
                  "fullTitle": "Minter #maxLiquidatableValue docs example",
                  "timedOut": false,
                  "duration": 761,
                  "state": "passed",
                  "speed": "slow",
                  "pass": true,
                  "fail": false,
                  "pending": false,
                  "context": null,
                  "code": "const deposits = (0, _lib.toBig)(1500);\nconst borrows = (0, _lib.toBig)(833.333333);\nthis.collateral.setPrice(1);\nthis.krAsset.setPrice(1);\nawait hre.Diamond.updateLiquidationIncentiveMultiplier(this.collateral.address, (0, _lib.toBig)(1.05));\nawait this.krAsset.update({\n    factor: 1.2,\n    closeFee: 0,\n    openFee: 0,\n    supplyLimit: 100000,\n    name: \"KrAsset\"\n});\nawait this.collateral.update({\n    factor: 1,\n    name: \"Collateral\"\n});\nawait this.collateral.setBalance(hre.users.userThree, deposits);\nawait (0, _collaterals.depositCollateral)({\n    user: hre.users.userThree,\n    amount: deposits,\n    asset: this.collateral\n});\nawait (0, _krassets.mintKrAsset)({\n    user: hre.users.userThree,\n    amount: borrows,\n    asset: this.krAsset\n});\n(0, _chai.expect)(await hre.Diamond.isAccountLiquidatable(hre.users.userThree.address)).to.be.false;\n(0, _chai.expect)(await (0, _liquidations.getCR)(hre.users.userThree.address)).to.be.closeTo(1.5, 0.0001);\nconst crBeforePrice = await (0, _liquidations.getCR)(hre.users.userThree.address);\nthis.krAsset.setPrice(1.1); // 10% price increase\n(0, _chai.expect)(await (0, _liquidations.getCR)(hre.users.userThree.address)).to.be.closeTo(1.3636, 0.001);\n(0, _chai.expect)(await hre.Diamond.isAccountLiquidatable(hre.users.userThree.address)).to.be.true;\nconst maxLiquidatableValue = await hre.Diamond.getMaxLiquidation(hre.users.userThree.address, this.krAsset.address, this.collateral.address);\nconst MLCalc = await (0, _liquidations.getExpectedMaxLiq)(hre.users.userThree, this.krAsset, this.collateral);\nconsole.log(\"Max Liq USD JS\", (0, _lib.fromBig)(MLCalc, 8));\n(0, _chai.expect)(MLCalc).to.be.closeTo(maxLiquidatableValue, USD_DELTA);\nconsole.log(\"Max Liq USD SOL\", (0, _lib.fromBig)(maxLiquidatableValue, 8));\nconst crBeforeLiq = await (0, _liquidations.getCR)(hre.users.userThree.address);\nconst { tx  } = await (0, _liquidations.liquidate)(hre.users.userThree, this.krAsset, this.collateral);\nconst event = await (0, _lib.getInternalEvent)(// @ts-expect-error\ntx, hre.Diamond, \"LiquidationOccurred\");\nconsole.log(\"CR before price change\", crBeforePrice);\nconsole.log(\"CR before liq\", crBeforeLiq);\nconsole.log(\"CR after liq\", await (0, _liquidations.getCR)(hre.users.userThree.address));\nconsole.log(\"Repaid Quantity KrAssets\", (0, _lib.fromBig)(event.repayAmount));\nconsole.log(\"Seized Quantity Collateral\", (0, _lib.fromBig)(event.collateralSent));",
                  "err": {},
                  "uuid": "ef9ea1ce-cf71-4c73-bc3c-0a908fde2128",
                  "parentUUID": "bc627dad-f215-49b4-8f61-42facd4deb12",
                  "isHook": false,
                  "skipped": false
                }
              ],
              "suites": [],
              "passes": [
                "ef9ea1ce-cf71-4c73-bc3c-0a908fde2128"
              ],
              "failures": [],
              "pending": [],
              "skipped": [],
              "duration": 761,
              "root": false,
              "rootEmpty": false,
              "_timeout": 15000
            }
          ],
          "passes": [],
          "failures": [],
          "pending": [],
          "skipped": [],
          "duration": 0,
          "root": false,
          "rootEmpty": false,
          "_timeout": 15000
        }
      ],
      "passes": [],
      "failures": [],
      "pending": [],
      "skipped": [],
      "duration": 0,
      "root": true,
      "rootEmpty": true,
      "_timeout": 15000
    }
  ],
  "meta": {
    "mocha": {
      "version": "10.2.0"
    },
    "mochawesome": {
      "options": {
        "quiet": false,
        "reportFilename": "mochawesome",
        "saveHtml": true,
        "saveJson": true,
        "consoleReporter": "spec",
        "useInlineDiffs": false,
        "code": true
      },
      "version": "7.1.3"
    },
    "marge": {
      "options": null,
      "version": "6.2.0"
    }
  }
}