{
  "stats": {
    "suites": 2,
    "tests": 1,
    "passes": 0,
    "pending": 0,
    "failures": 1,
    "start": "2023-05-22T15:26:33.648Z",
    "end": "2023-05-22T15:26:38.037Z",
    "duration": 4389,
    "testsRegistered": 1,
    "passPercent": 0,
    "pendingPercent": 0,
    "other": 0,
    "hasOther": false,
    "skipped": 0,
    "hasSkipped": false
  },
  "results": [
    {
      "uuid": "45c437df-ad44-4f7e-aac1-089020785366",
      "title": "",
      "fullFile": "/Users/panukettunen/Projects/kresko-protocol/src/test/collateral-pool/01-positions.ts",
      "file": "/src/test/collateral-pool/01-positions.ts",
      "beforeHooks": [],
      "afterHooks": [],
      "tests": [],
      "suites": [
        {
          "uuid": "19c0e573-d823-4fad-b919-15f7bfcfc0cb",
          "title": "Leverage Positions NFT",
          "fullFile": "/Users/panukettunen/Projects/kresko-protocol/src/test/collateral-pool/01-positions.ts",
          "file": "/src/test/collateral-pool/01-positions.ts",
          "beforeHooks": [
            {
              "title": "\"before each\" hook in \"Leverage Positions NFT\"",
              "fullTitle": "Leverage Positions NFT \"before each\" hook in \"Leverage Positions NFT\"",
              "timedOut": false,
              "duration": 22,
              "state": null,
              "speed": null,
              "pass": false,
              "fail": false,
              "pending": false,
              "context": null,
              "code": "const fixture = await _hardhat.default.deployments.createFixture(async (hre)=>{\n    const result = await hre.deployments.fixture(fixtureName);\n    if (result.Diamond) {\n        hre.Diamond = await hre.getContractOrFork(\"Kresko\");\n    }\n    return {\n        facets: result.Diamond ? result.Diamond.facets : [],\n        collaterals: hre.collaterals,\n        krAssets: hre.krAssets\n    };\n})();\nthis.facets = fixture.facets || [];\nthis.collaterals = fixture.collaterals;\nthis.krAssets = fixture.krAssets;",
              "err": {},
              "uuid": "9e1680f1-3614-451c-8ee9-383918a06333",
              "parentUUID": "19c0e573-d823-4fad-b919-15f7bfcfc0cb",
              "isHook": true,
              "skipped": false
            },
            {
              "title": "\"before each\" hook in \"Leverage Positions NFT\"",
              "fullTitle": "Leverage Positions NFT \"before each\" hook in \"Leverage Positions NFT\"",
              "timedOut": false,
              "duration": 4229,
              "state": null,
              "speed": null,
              "pass": false,
              "fail": false,
              "pending": false,
              "context": null,
              "code": "depositor = _hardhat.default.users.testUserOne;\nusers = [\n    _hardhat.default.users.testUserFive,\n    _hardhat.default.users.testUserSix\n];\npositions = await _hardhat.default.getContractOrFork(\"Positions\");\n[KISS, krETH, CollateralAsset, CollateralAsset8Dec] = await Promise.all([\n    (0, _krassets.addMockKreskoAsset)({\n        name: \"KISS\",\n        price: KISSPrice,\n        symbol: \"KISS\",\n        closeFee: 0.1,\n        openFee: 0.1,\n        marketOpen: true,\n        factor: 1,\n        supplyLimit: 100000\n    }, true),\n    (0, _krassets.addMockKreskoAsset)({\n        name: \"krETH\",\n        price: ETHPrice,\n        symbol: \"krETH\",\n        closeFee: 0.1,\n        openFee: 0.1,\n        marketOpen: true,\n        factor: 1,\n        supplyLimit: 100000\n    }, true),\n    (0, _collaterals.addMockCollateralAsset)({\n        name: \"Collateral18Dec\",\n        price: collateralPrice,\n        factor: 1,\n        decimals: 18\n    }),\n    (0, _collaterals.addMockCollateralAsset)({\n        name: \"Collateral8Dec\",\n        price: collateralPrice,\n        factor: 0.8,\n        decimals: 8\n    })\n]);\nawait CollateralAsset.setBalance(depositor, depositAmount18Dec);\nawait CollateralAsset.contract.connect(depositor).approve(_hardhat.default.Diamond.address, _hardhat.default.ethers.constants.MaxUint256);\nawait CollateralAsset8Dec.setBalance(depositor, depositAmount8Dec);\nawait CollateralAsset8Dec.contract.connect(depositor).approve(_hardhat.default.Diamond.address, _hardhat.default.ethers.constants.MaxUint256);\nfor (const user of users){\n    await Promise.all([\n        await CollateralAsset.setBalance(user, depositAmount18Dec),\n        await CollateralAsset8Dec.setBalance(user, depositAmount8Dec),\n        await CollateralAsset.contract.connect(user).approve(_hardhat.default.Diamond.address, _hardhat.default.ethers.constants.MaxUint256),\n        await CollateralAsset8Dec.contract.connect(user).approve(_hardhat.default.Diamond.address, _hardhat.default.ethers.constants.MaxUint256)\n    ]);\n}",
              "err": {},
              "uuid": "436dcf3a-cdd8-4bef-8702-1bd59ee1fc43",
              "parentUUID": "19c0e573-d823-4fad-b919-15f7bfcfc0cb",
              "isHook": true,
              "skipped": false
            }
          ],
          "afterHooks": [],
          "tests": [],
          "suites": [
            {
              "uuid": "9a5e20a3-b4e8-4b99-94d0-6cb00b7a6e1c",
              "title": "Positions",
              "fullFile": "/Users/panukettunen/Projects/kresko-protocol/src/test/collateral-pool/01-positions.ts",
              "file": "/src/test/collateral-pool/01-positions.ts",
              "beforeHooks": [
                {
                  "title": "\"before each\" hook in \"Positions\"",
                  "fullTitle": "Leverage Positions NFT Positions \"before each\" hook in \"Positions\"",
                  "timedOut": false,
                  "duration": 66,
                  "state": null,
                  "speed": null,
                  "pass": false,
                  "fail": false,
                  "pending": false,
                  "context": null,
                  "code": "depositor = _hardhat.default.users.testUserOne;\nconst krETHFee = (0, _lib.toBig)(0.005);\nconst KISSFee = (0, _lib.toBig)(0.005);\nconst leverage = (0, _lib.toBig)(2);\nconst totalFeePct = krETHFee.add(KISSFee).wadMul(leverage);\nconst borrowAmountWithoutFees = (0, _lib.toBig)(1).wadMul(leverage);\nconst fees = borrowAmountWithoutFees.wadMul(totalFeePct);\nposition = {\n    account: users[1].address,\n    leverage: leverage,\n    collateralAsset: KISS.address,\n    collateralAmount: (0, _lib.toBig)(ETHPrice),\n    borrowAsset: krETH.address,\n    borrowAmountMin: borrowAmountWithoutFees.sub(fees)\n};\nawait _hardhat.default.Diamond.enablePoolCollaterals([\n    CollateralAsset.address,\n    CollateralAsset8Dec.address,\n    KISS.address,\n    krETH.address\n], [\n    {\n        decimals: 18,\n        liquidationIncentive: (0, _lib.toBig)(1.05),\n        liquidityIndex: _lib.RAY\n    },\n    {\n        decimals: 8,\n        liquidationIncentive: (0, _lib.toBig)(1.05),\n        liquidityIndex: _lib.RAY\n    },\n    {\n        decimals: 18,\n        liquidationIncentive: (0, _lib.toBig)(1.05),\n        liquidityIndex: _lib.RAY\n    },\n    {\n        decimals: 18,\n        liquidationIncentive: (0, _lib.toBig)(1.05),\n        liquidityIndex: _lib.RAY\n    }\n]);\nawait _hardhat.default.Diamond.enablePoolKrAssets([\n    KISS.address,\n    krETH.address\n], [\n    {\n        openFee: KISSFee,\n        closeFee: KISSFee,\n        protocolFee: (0, _lib.toBig)(0.25),\n        supplyLimit: (0, _lib.toBig)(1000000)\n    },\n    {\n        openFee: krETHFee,\n        closeFee: krETHFee,\n        protocolFee: (0, _lib.toBig)(0.25),\n        supplyLimit: (0, _lib.toBig)(1000000)\n    }\n]);\nawait _hardhat.default.Diamond.setSwapPairs([\n    {\n        assetIn: KISS.address,\n        assetOut: krETH.address,\n        enabled: true\n    }\n]);\nawait _hardhat.default.Diamond.connect(depositor).poolDeposit(depositor.address, CollateralAsset.address, depositAmount18Dec);\nawait KISS.setBalance(users[1], depositAmount18Dec);\nawait KISS.contract.connect(users[1]).approve(_hardhat.default.Diamond.address, _hardhat.default.ethers.constants.MaxUint256);",
                  "err": {},
                  "uuid": "41257828-5e49-493e-891a-40fb9af83029",
                  "parentUUID": "9a5e20a3-b4e8-4b99-94d0-6cb00b7a6e1c",
                  "isHook": true,
                  "skipped": false
                }
              ],
              "afterHooks": [],
              "tests": [
                {
                  "title": "should be able to deposit into a position",
                  "fullTitle": "Leverage Positions NFT Positions should be able to deposit into a position",
                  "timedOut": false,
                  "duration": 70,
                  "state": "failed",
                  "speed": null,
                  "pass": false,
                  "fail": true,
                  "pending": false,
                  "context": null,
                  "code": "const PositionsUser = positions.connect(users[1]);\nawait PositionsUser.createPosition({\n    ...position,\n    leverage: (0, _lib.toBig)(2),\n    borrowAmountMin: 0\n});\nkrETH.setPrice(1350); // lost 900 collateral here\nawait positions.deposit(0, (0, _lib.toBig)(900));\nconst [pos, ratio] = await positions.getPosition(0);\n(0, _chai.expect)(pos.leverage).to.be.eq(2);\n(0, _chai.expect)(ratio).to.be.eq(2);",
                  "err": {
                    "message": "Error: VM Exception while processing transaction: reverted with reason string '108'",
                    "estack": "Error: VM Exception while processing transaction: reverted with reason string '108'\n    at KreskoAsset._checkRole (@openzeppelin/contracts-upgradeable/access/AccessControlUpgradeable.sol:115)\n    at KreskoAsset.transferFrom (src/contracts/kreskoasset/KreskoAsset.sol:127)\n    at CollateralPoolSwapFacet.functionCallWithValue (@openzeppelin/contracts-upgradeable/utils/AddressUpgradeable.sol:135)\n    at CollateralPoolSwapFacet.functionCallWithValue (@openzeppelin/contracts-upgradeable/utils/AddressUpgradeable.sol:136)\n    at CollateralPoolSwapFacet.safeTransferFrom (src/contracts/shared/SafeERC20.sol:24)\n    at CollateralPoolSwapFacet.depositLeverIn (src/contracts/minter/collateral-pool/facets/CollateralPoolSwapFacet.sol:134)\n    at Diamond.<fallback> (src/contracts/diamond/Diamond.sol:45)\n    at <UnrecognizedContract>.<unknown> (0x21d2cb7c7a54de879dfeaf1edfcdaa67786a9e0b)\n    at Diamond.<fallback> (src/contracts/diamond/Diamond.sol:45)\n    at HardhatNode._gatherTraces (node_modules/.pnpm/hardhat@2.14.0_5o75j5ygh43aewe2xahjobrg7m/node_modules/hardhat/src/internal/hardhat-network/provider/node.ts:1715:30)\n    at processTicksAndRejections (node:internal/process/task_queues:95:5)\n    at runNextTicks (node:internal/process/task_queues:64:3)\n    at listOnTimeout (node:internal/timers:533:9)\n    at processTimers (node:internal/timers:507:7)\n    at async HardhatNode._mineBlockWithPendingTxs (node_modules/.pnpm/hardhat@2.14.0_5o75j5ygh43aewe2xahjobrg7m/node_modules/hardhat/src/internal/hardhat-network/provider/node.ts:1840:23)\n    at async HardhatNode.mineBlock (node_modules/.pnpm/hardhat@2.14.0_5o75j5ygh43aewe2xahjobrg7m/node_modules/hardhat/src/internal/hardhat-network/provider/node.ts:517:16)",
                    "diff": null
                  },
                  "uuid": "764d6f96-2ce6-43f4-ad28-cf03eef63f28",
                  "parentUUID": "9a5e20a3-b4e8-4b99-94d0-6cb00b7a6e1c",
                  "isHook": false,
                  "skipped": false
                }
              ],
              "suites": [],
              "passes": [],
              "failures": [
                "764d6f96-2ce6-43f4-ad28-cf03eef63f28"
              ],
              "pending": [],
              "skipped": [],
              "duration": 70,
              "root": false,
              "rootEmpty": false,
              "_timeout": 15000
            }
          ],
          "passes": [],
          "failures": [],
          "pending": [],
          "skipped": [],
          "duration": 0,
          "root": false,
          "rootEmpty": false,
          "_timeout": 15000
        }
      ],
      "passes": [],
      "failures": [],
      "pending": [],
      "skipped": [],
      "duration": 0,
      "root": true,
      "rootEmpty": true,
      "_timeout": 15000
    }
  ],
  "meta": {
    "mocha": {
      "version": "10.2.0"
    },
    "mochawesome": {
      "options": {
        "quiet": false,
        "reportFilename": "mochawesome",
        "saveHtml": true,
        "saveJson": true,
        "consoleReporter": "spec",
        "useInlineDiffs": false,
        "code": true
      },
      "version": "7.1.3"
    },
    "marge": {
      "options": null,
      "version": "6.2.0"
    }
  }
}