{
  "stats": {
    "suites": 3,
    "tests": 1,
    "passes": 1,
    "pending": 0,
    "failures": 0,
    "start": "2023-09-25T20:08:25.600Z",
    "end": "2023-09-25T20:08:30.359Z",
    "duration": 4759,
    "testsRegistered": 1,
    "passPercent": 100,
    "pendingPercent": 0,
    "other": 0,
    "hasOther": false,
    "skipped": 0,
    "hasSkipped": false
  },
  "results": [
    {
      "uuid": "d96db983-bfcf-49d3-a892-eda5a8e79d4c",
      "title": "",
      "fullFile": "/Users/panukettunen/Projects/kresko-protocol/src/test/scdp/00-scdp.ts",
      "file": "/src/test/scdp/00-scdp.ts",
      "beforeHooks": [],
      "afterHooks": [],
      "tests": [],
      "suites": [
        {
          "uuid": "37182998-b034-422e-a7aa-de2cbefbfd83",
          "title": "SCDP",
          "fullFile": "/Users/panukettunen/Projects/kresko-protocol/src/test/scdp/00-scdp.ts",
          "file": "/src/test/scdp/00-scdp.ts",
          "beforeHooks": [
            {
              "title": "\"before each\" hook in \"SCDP\"",
              "fullTitle": "SCDP \"before each\" hook in \"SCDP\"",
              "timedOut": false,
              "duration": 4190,
              "state": null,
              "speed": null,
              "pass": false,
              "fail": false,
              "pending": false,
              "context": null,
              "code": "f = await (0, _test.scdpFixture)({\n    krAssets: createAssets,\n    collaterals: createCollaterals,\n    swapKISSConfig,\n    defaultCollateralConfig,\n    defaultKrAssetConfig,\n    swapKrAssetConfig\n});\n[[swapper, KreskoSwapper], [depositor, KreskoDepositor], [depositor2, KreskoDepositor2], [, KreskoLiquidator]] = f.users;",
              "err": {},
              "uuid": "b747f96a-1f77-442f-851f-b2d73bd69263",
              "parentUUID": "37182998-b034-422e-a7aa-de2cbefbfd83",
              "isHook": true,
              "skipped": false
            }
          ],
          "afterHooks": [],
          "tests": [],
          "suites": [
            {
              "uuid": "5f61ba2e-cbff-414b-837d-64f66f942b5c",
              "title": "#Test",
              "fullFile": "/Users/panukettunen/Projects/kresko-protocol/src/test/scdp/00-scdp.ts",
              "file": "/src/test/scdp/00-scdp.ts",
              "beforeHooks": [
                {
                  "title": "\"before each\" hook in \"#Test\"",
                  "fullTitle": "SCDP #Test \"before each\" hook in \"#Test\"",
                  "timedOut": false,
                  "duration": 3,
                  "state": null,
                  "speed": null,
                  "pass": false,
                  "fail": false,
                  "pending": false,
                  "context": null,
                  "code": "await f.reset();",
                  "err": {},
                  "uuid": "0829eb38-4f47-4af7-9cfc-08340c2a31f0",
                  "parentUUID": "5f61ba2e-cbff-414b-837d-64f66f942b5c",
                  "isHook": true,
                  "skipped": false
                }
              ],
              "afterHooks": [],
              "tests": [],
              "suites": [
                {
                  "uuid": "0021b814-e320-4a13-b618-631775fc3d8f",
                  "title": "#Swap",
                  "fullFile": "/Users/panukettunen/Projects/kresko-protocol/src/test/scdp/00-scdp.ts",
                  "file": "/src/test/scdp/00-scdp.ts",
                  "beforeHooks": [
                    {
                      "title": "\"before each\" hook in \"#Swap\"",
                      "fullTitle": "SCDP #Test #Swap \"before each\" hook in \"#Swap\"",
                      "timedOut": false,
                      "duration": 90,
                      "state": null,
                      "speed": null,
                      "pass": false,
                      "fail": false,
                      "pending": false,
                      "context": null,
                      "code": "// mint some f.KISS for users\nawait _hardhat.default.Diamond.addDepositAssetsSCDP([\n    f.KISS.address\n], [\n    defaultCollateralConfig\n]);\nawait Promise.all(f.usersArr.map((signer)=>f.Collateral.setBalance(signer, (0, _lib.toBig)(1000000))));\nawait f.KISS.setBalance(swapper, (0, _lib.toBig)(10000));\nawait f.KISS.setBalance(depositor, (0, _lib.toBig)(10000));\nawait KreskoDepositor.depositSCDP(depositor.address, f.KISS.address, depositAmount18Dec);",
                      "err": {},
                      "uuid": "ab8723a8-c3ab-4034-82d8-0ee7e20071ab",
                      "parentUUID": "0021b814-e320-4a13-b618-631775fc3d8f",
                      "isHook": true,
                      "skipped": false
                    }
                  ],
                  "afterHooks": [],
                  "tests": [
                    {
                      "title": "test1",
                      "fullTitle": "SCDP #Test #Swap test1",
                      "timedOut": false,
                      "duration": 472,
                      "state": "passed",
                      "speed": "fast",
                      "pass": true,
                      "fail": false,
                      "pending": false,
                      "context": null,
                      "code": "const tx = await KreskoSwapper.swapSCDP(swapper.address, f.KISS.address, f.KrAsset2.address, (0, _lib.toBig)(ONE_USD), 0);\nconsole.debug(\"gas used unpacked\", (await tx.wait()).gasUsed.toString());",
                      "err": {},
                      "uuid": "93475063-a583-4c5d-8c42-3c28a0a62c97",
                      "parentUUID": "0021b814-e320-4a13-b618-631775fc3d8f",
                      "isHook": false,
                      "skipped": false
                    }
                  ],
                  "suites": [],
                  "passes": [
                    "93475063-a583-4c5d-8c42-3c28a0a62c97"
                  ],
                  "failures": [],
                  "pending": [],
                  "skipped": [],
                  "duration": 472,
                  "root": false,
                  "rootEmpty": false,
                  "_timeout": 30000
                }
              ],
              "passes": [],
              "failures": [],
              "pending": [],
              "skipped": [],
              "duration": 0,
              "root": false,
              "rootEmpty": false,
              "_timeout": 30000
            }
          ],
          "passes": [],
          "failures": [],
          "pending": [],
          "skipped": [],
          "duration": 0,
          "root": false,
          "rootEmpty": false,
          "_timeout": 30000
        }
      ],
      "passes": [],
      "failures": [],
      "pending": [],
      "skipped": [],
      "duration": 0,
      "root": true,
      "rootEmpty": true,
      "_timeout": 30000
    }
  ],
  "meta": {
    "mocha": {
      "version": "10.2.0"
    },
    "mochawesome": {
      "options": {
        "quiet": false,
        "reportFilename": "mochawesome",
        "saveHtml": true,
        "saveJson": true,
        "consoleReporter": "spec",
        "useInlineDiffs": false,
        "code": true
      },
      "version": "7.1.3"
    },
    "marge": {
      "options": null,
      "version": "6.2.0"
    }
  }
}