{
  "stats": {
    "suites": 87,
    "tests": 266,
    "passes": 244,
    "pending": 20,
    "failures": 2,
    "start": "2023-09-18T21:12:31.481Z",
    "end": "2023-09-18T21:21:23.972Z",
    "duration": 532491,
    "testsRegistered": 266,
    "passPercent": 99.1869918699187,
    "pendingPercent": 7.518796992481203,
    "other": 0,
    "hasOther": false,
    "skipped": 0,
    "hasSkipped": false
  },
  "results": [
    {
      "uuid": "fe756cc7-8f45-4239-91f7-eea224c64c4e",
      "title": "",
      "fullFile": "",
      "file": "",
      "beforeHooks": [],
      "afterHooks": [],
      "tests": [],
      "suites": [
        {
          "uuid": "1a90cbc5-1144-4c22-b57a-fd4501c0a76b",
          "title": "Asset Amounts & Values",
          "fullFile": "/Users/panukettunen/Projects/kresko-protocol/src/test/asset-values/00-asset-values.ts",
          "file": "/src/test/asset-values/00-asset-values.ts",
          "beforeHooks": [
            {
              "title": "\"before each\" hook in \"Asset Amounts & Values\"",
              "fullTitle": "Asset Amounts & Values \"before each\" hook in \"Asset Amounts & Values\"",
              "timedOut": false,
              "duration": 39,
              "state": null,
              "speed": null,
              "pass": false,
              "fail": false,
              "pending": false,
              "context": null,
              "code": "const fixture = await getFixture(fixtureName);\nthis.facets = fixture.facets || [];\nthis.collaterals = fixture.collaterals;\nthis.krAssets = fixture.krAssets;",
              "err": {},
              "uuid": "212ddd01-db97-430d-a7ec-48173d61979c",
              "parentUUID": "1a90cbc5-1144-4c22-b57a-fd4501c0a76b",
              "isHook": true,
              "skipped": false
            },
            {
              "title": "\"before each\" hook in \"Asset Amounts & Values\"",
              "fullTitle": "Asset Amounts & Values \"before each\" hook in \"Asset Amounts & Values\"",
              "timedOut": false,
              "duration": 4245,
              "state": null,
              "speed": null,
              "pass": false,
              "fail": false,
              "pending": false,
              "context": null,
              "code": "user = _hardhat.default.users.testUserSeven;\noracleDecimals = await _hardhat.default.Diamond.getExtOracleDecimals();\nKreskoAsset = await (0, _krassets.addMockKreskoAsset)({\n    name: \"KreskoAssetPrice10USD\",\n    price: collateralPrice,\n    symbol: \"KreskoAssetPrice10USD\",\n    closeFee: 0.1,\n    openFee: 0.1,\n    marketOpen: true,\n    factor: 2,\n    supplyLimit: 10\n});\nCollateralAsset = await (0, _collaterals.addMockCollateralAsset)({\n    name: \"Collateral18Dec\",\n    price: kreskoAssetPrice,\n    factor: 0.5,\n    decimals: 18\n});\nCollateralAsset8Dec = await (0, _collaterals.addMockCollateralAsset)({\n    name: \"Collateral8Dec\",\n    price: kreskoAssetPrice,\n    factor: 0.5,\n    decimals: 8\n});\nCollateralAsset21Dec = await (0, _collaterals.addMockCollateralAsset)({\n    name: \"Collateral21Dec\",\n    price: kreskoAssetPrice,\n    factor: 0.5,\n    decimals: 21\n});\nawait CollateralAsset.setBalance(user, (0, _lib.toBig)(startingBalance));\nawait CollateralAsset8Dec.setBalance(user, (0, _lib.toBig)(startingBalance, 8));\nawait CollateralAsset21Dec.setBalance(user, (0, _lib.toBig)(startingBalance, 21));\nawait CollateralAsset.contract.connect(user).approve(_hardhat.default.Diamond.address, _hardhat.default.ethers.constants.MaxUint256);\nawait CollateralAsset8Dec.contract.connect(user).approve(_hardhat.default.Diamond.address, _hardhat.default.ethers.constants.MaxUint256);\nawait CollateralAsset21Dec.contract.connect(user).approve(_hardhat.default.Diamond.address, _hardhat.default.ethers.constants.MaxUint256);",
              "err": {},
              "uuid": "37667bf9-be23-456a-8762-dfc8f5d41061",
              "parentUUID": "1a90cbc5-1144-4c22-b57a-fd4501c0a76b",
              "isHook": true,
              "skipped": false
            }
          ],
          "afterHooks": [],
          "tests": [],
          "suites": [
            {
              "uuid": "d0d028ed-cdd6-490d-aa9f-e9c2736a38a6",
              "title": "#Collateral Deposit Values",
              "fullFile": "/Users/panukettunen/Projects/kresko-protocol/src/test/asset-values/00-asset-values.ts",
              "file": "/src/test/asset-values/00-asset-values.ts",
              "beforeHooks": [],
              "afterHooks": [],
              "tests": [
                {
                  "title": "should return the correct deposit value with 18 decimals",
                  "fullTitle": "Asset Amounts & Values #Collateral Deposit Values should return the correct deposit value with 18 decimals",
                  "timedOut": false,
                  "duration": 63,
                  "state": "passed",
                  "speed": "medium",
                  "pass": true,
                  "fail": false,
                  "pending": false,
                  "context": null,
                  "code": "const depositAmount = (0, _lib.toBig)(10);\nconst expectedDepositValue = (0, _lib.toBig)(50, oracleDecimals); // cfactor = 0.5, collateralPrice = 10, depositAmount = 10\nawait (0, _test.wrapContractWithSigner)(_hardhat.default.Diamond, user).depositCollateral(user.address, CollateralAsset.address, depositAmount);\nconst depositValue = await _hardhat.default.Diamond.getAccountCollateralValue(user.address);\n(0, _chai.expect)(depositValue).to.equal(expectedDepositValue);",
                  "err": {},
                  "uuid": "ebc2c813-eadb-44fc-98ee-95244e36b7ce",
                  "parentUUID": "d0d028ed-cdd6-490d-aa9f-e9c2736a38a6",
                  "isHook": false,
                  "skipped": false
                },
                {
                  "title": "should return the correct deposit value with less than 18 decimals",
                  "fullTitle": "Asset Amounts & Values #Collateral Deposit Values should return the correct deposit value with less than 18 decimals",
                  "timedOut": false,
                  "duration": 64,
                  "state": "passed",
                  "speed": "medium",
                  "pass": true,
                  "fail": false,
                  "pending": false,
                  "context": null,
                  "code": "const depositAmount = (0, _lib.toBig)(10, 8);\nconst expectedDepositValue = (0, _lib.toBig)(50, oracleDecimals); // cfactor = 0.5, collateralPrice = 10, depositAmount = 10\nawait (0, _test.wrapContractWithSigner)(_hardhat.default.Diamond, user).depositCollateral(user.address, CollateralAsset8Dec.address, depositAmount);\nconst depositValue = await _hardhat.default.Diamond.getAccountCollateralValue(user.address);\n(0, _chai.expect)(depositValue).to.equal(expectedDepositValue);",
                  "err": {},
                  "uuid": "0e741ae1-71c4-4448-88cf-bfdd96dcbabb",
                  "parentUUID": "d0d028ed-cdd6-490d-aa9f-e9c2736a38a6",
                  "isHook": false,
                  "skipped": false
                },
                {
                  "title": "should return the correct deposit value with over 18 decimals",
                  "fullTitle": "Asset Amounts & Values #Collateral Deposit Values should return the correct deposit value with over 18 decimals",
                  "timedOut": false,
                  "duration": 63,
                  "state": "passed",
                  "speed": "medium",
                  "pass": true,
                  "fail": false,
                  "pending": false,
                  "context": null,
                  "code": "const depositAmount = (0, _lib.toBig)(10, 21);\nconst expectedDepositValue = (0, _lib.toBig)(50, oracleDecimals); // cfactor = 0.5, collateralPrice = 10, depositAmount = 10\nawait (0, _test.wrapContractWithSigner)(_hardhat.default.Diamond, user).depositCollateral(user.address, CollateralAsset21Dec.address, depositAmount);\nconst depositValue = await _hardhat.default.Diamond.getAccountCollateralValue(user.address);\n(0, _chai.expect)(depositValue).to.equal(expectedDepositValue);",
                  "err": {},
                  "uuid": "07ae9304-215e-4ece-8e4b-293e356e33b3",
                  "parentUUID": "d0d028ed-cdd6-490d-aa9f-e9c2736a38a6",
                  "isHook": false,
                  "skipped": false
                },
                {
                  "title": "should return the correct deposit value combination of different decimals",
                  "fullTitle": "Asset Amounts & Values #Collateral Deposit Values should return the correct deposit value combination of different decimals",
                  "timedOut": false,
                  "duration": 157,
                  "state": "passed",
                  "speed": "slow",
                  "pass": true,
                  "fail": false,
                  "pending": false,
                  "context": null,
                  "code": "await (0, _test.wrapContractWithSigner)(_hardhat.default.Diamond, user).depositCollateral(user.address, CollateralAsset.address, (0, _lib.toBig)(10));\nawait (0, _test.wrapContractWithSigner)(_hardhat.default.Diamond, user).depositCollateral(user.address, CollateralAsset8Dec.address, (0, _lib.toBig)(10, 8));\nawait (0, _test.wrapContractWithSigner)(_hardhat.default.Diamond, user).depositCollateral(user.address, CollateralAsset21Dec.address, (0, _lib.toBig)(10, 21));\nconst expectedDepositValue = (0, _lib.toBig)(150, oracleDecimals); // cfactor = 0.5, collateralPrice = 10, depositAmount = 30\nconst depositValue = await _hardhat.default.Diamond.getAccountCollateralValue(user.address);\n(0, _chai.expect)(depositValue).to.equal(expectedDepositValue);",
                  "err": {},
                  "uuid": "5af29a1a-4a46-4d0b-ae78-a5d0c669ae9a",
                  "parentUUID": "d0d028ed-cdd6-490d-aa9f-e9c2736a38a6",
                  "isHook": false,
                  "skipped": false
                }
              ],
              "suites": [],
              "passes": [
                "ebc2c813-eadb-44fc-98ee-95244e36b7ce",
                "0e741ae1-71c4-4448-88cf-bfdd96dcbabb",
                "07ae9304-215e-4ece-8e4b-293e356e33b3",
                "5af29a1a-4a46-4d0b-ae78-a5d0c669ae9a"
              ],
              "failures": [],
              "pending": [],
              "skipped": [],
              "duration": 347,
              "root": false,
              "rootEmpty": false,
              "_timeout": 15000
            },
            {
              "uuid": "9c297b8c-b16b-4259-b200-5ac1542ff8f0",
              "title": "#Collateral Deposit Amount",
              "fullFile": "/Users/panukettunen/Projects/kresko-protocol/src/test/asset-values/00-asset-values.ts",
              "file": "/src/test/asset-values/00-asset-values.ts",
              "beforeHooks": [],
              "afterHooks": [],
              "tests": [
                {
                  "title": "should return the correct deposit amount with 18 decimals",
                  "fullTitle": "Asset Amounts & Values #Collateral Deposit Amount should return the correct deposit amount with 18 decimals",
                  "timedOut": false,
                  "duration": 132,
                  "state": "passed",
                  "speed": "slow",
                  "pass": true,
                  "fail": false,
                  "pending": false,
                  "context": null,
                  "code": "const depositAmount = (0, _lib.toBig)(10);\nawait (0, _test.wrapContractWithSigner)(_hardhat.default.Diamond, user).depositCollateral(user.address, CollateralAsset.address, depositAmount);\nconst withdrawIndex = await _hardhat.default.Diamond.getAccountDepositIndex(user.address, CollateralAsset.address);\nconst deposits = await _hardhat.default.Diamond.getAccountCollateralAmount(user.address, CollateralAsset.address);\n(0, _chai.expect)(deposits).to.equal(depositAmount);\nawait (0, _test.wrapContractWithSigner)(_hardhat.default.Diamond, user).withdrawCollateral(user.address, CollateralAsset.address, depositAmount, withdrawIndex);\nconst balance = await CollateralAsset.contract.balanceOf(user.address);\n(0, _chai.expect)(balance).to.equal((0, _lib.toBig)(startingBalance));",
                  "err": {},
                  "uuid": "20e17484-5e64-4a1e-856f-860d1ac47284",
                  "parentUUID": "9c297b8c-b16b-4259-b200-5ac1542ff8f0",
                  "isHook": false,
                  "skipped": false
                },
                {
                  "title": "should return the correct deposit amount with less than 18 decimals",
                  "fullTitle": "Asset Amounts & Values #Collateral Deposit Amount should return the correct deposit amount with less than 18 decimals",
                  "timedOut": false,
                  "duration": 138,
                  "state": "passed",
                  "speed": "slow",
                  "pass": true,
                  "fail": false,
                  "pending": false,
                  "context": null,
                  "code": "const depositAmount = (0, _lib.toBig)(10, 8);\nawait (0, _test.wrapContractWithSigner)(_hardhat.default.Diamond, user).depositCollateral(user.address, CollateralAsset8Dec.address, depositAmount);\nconst withdrawIndex = await _hardhat.default.Diamond.getAccountDepositIndex(user.address, CollateralAsset8Dec.address);\nconst deposits = await _hardhat.default.Diamond.getAccountCollateralAmount(user.address, CollateralAsset8Dec.address);\n(0, _chai.expect)(deposits).to.equal(depositAmount);\nawait (0, _test.wrapContractWithSigner)(_hardhat.default.Diamond, user).withdrawCollateral(user.address, CollateralAsset8Dec.address, depositAmount, withdrawIndex);\nconst balance = await CollateralAsset8Dec.contract.balanceOf(user.address);\n(0, _chai.expect)(balance).to.equal((0, _lib.toBig)(startingBalance, 8));",
                  "err": {},
                  "uuid": "4435ce1b-57a1-4dd5-8748-6a2966752f75",
                  "parentUUID": "9c297b8c-b16b-4259-b200-5ac1542ff8f0",
                  "isHook": false,
                  "skipped": false
                },
                {
                  "title": "should return the correct deposit value with over 18 decimals",
                  "fullTitle": "Asset Amounts & Values #Collateral Deposit Amount should return the correct deposit value with over 18 decimals",
                  "timedOut": false,
                  "duration": 151,
                  "state": "passed",
                  "speed": "slow",
                  "pass": true,
                  "fail": false,
                  "pending": false,
                  "context": null,
                  "code": "const depositAmount = (0, _lib.toBig)(10, 21);\nawait (0, _test.wrapContractWithSigner)(_hardhat.default.Diamond, user).depositCollateral(user.address, CollateralAsset21Dec.address, depositAmount);\nconst withdrawIndex = await _hardhat.default.Diamond.getAccountDepositIndex(user.address, CollateralAsset21Dec.address);\nconst deposits = await _hardhat.default.Diamond.getAccountCollateralAmount(user.address, CollateralAsset21Dec.address);\n(0, _chai.expect)(deposits).to.equal(depositAmount);\nawait (0, _test.wrapContractWithSigner)(_hardhat.default.Diamond, user).withdrawCollateral(user.address, CollateralAsset21Dec.address, depositAmount, withdrawIndex);\nconst balance = await CollateralAsset21Dec.contract.balanceOf(user.address);\n(0, _chai.expect)(balance).to.equal((0, _lib.toBig)(startingBalance, 21));",
                  "err": {},
                  "uuid": "4299c714-0d32-4fe1-bd1c-860d387cae7b",
                  "parentUUID": "9c297b8c-b16b-4259-b200-5ac1542ff8f0",
                  "isHook": false,
                  "skipped": false
                }
              ],
              "suites": [],
              "passes": [
                "20e17484-5e64-4a1e-856f-860d1ac47284",
                "4435ce1b-57a1-4dd5-8748-6a2966752f75",
                "4299c714-0d32-4fe1-bd1c-860d387cae7b"
              ],
              "failures": [],
              "pending": [],
              "skipped": [],
              "duration": 421,
              "root": false,
              "rootEmpty": false,
              "_timeout": 15000
            },
            {
              "uuid": "6a65456c-841f-4190-be64-4254ac3f0eb7",
              "title": "#Kresko Asset Debt Values",
              "fullFile": "/Users/panukettunen/Projects/kresko-protocol/src/test/asset-values/00-asset-values.ts",
              "file": "/src/test/asset-values/00-asset-values.ts",
              "beforeHooks": [],
              "afterHooks": [],
              "tests": [
                {
                  "title": "should return the correct debt value (+CR) with 18 decimal collateral",
                  "fullTitle": "Asset Amounts & Values #Kresko Asset Debt Values should return the correct debt value (+CR) with 18 decimal collateral",
                  "timedOut": false,
                  "duration": 368,
                  "state": "passed",
                  "speed": "slow",
                  "pass": true,
                  "fail": false,
                  "pending": false,
                  "context": null,
                  "code": "const depositAmount = (0, _lib.toBig)(10);\nawait (0, _test.wrapContractWithSigner)(_hardhat.default.Diamond, user).depositCollateral(user.address, CollateralAsset.address, depositAmount);\nconst mintAmount = (0, _lib.toBig)(1);\nconst expectedMintValue = (0, _lib.toBig)(20, oracleDecimals); // kFactor = 2, krAssetPrice = 10, mintAmount = 1, openFee = 0.1\nawait (0, _test.wrapContractWithSigner)(_hardhat.default.Diamond, user).mintKreskoAsset(user.address, KreskoAsset.address, mintAmount);\nconst expectedDepositValue = (0, _lib.toBig)(49.5, oracleDecimals); // cfactor = 0.5, collateralPrice = 10, depositAmount = 10, openFee = 0.1\nconst depositValue = await _hardhat.default.Diamond.getAccountCollateralValue(user.address);\n(0, _chai.expect)(depositValue).to.equal(expectedDepositValue);\nconst mintValue = await _hardhat.default.Diamond.getAccountDebtValue(user.address);\n(0, _chai.expect)(mintValue).to.equal(expectedMintValue);\nconst assetValue = await _hardhat.default.Diamond.getDebtAmountToValue(KreskoAsset.address, mintAmount, true);\nconst kFactor = (await _hardhat.default.Diamond.getKreskoAsset(KreskoAsset.address)).kFactor;\n(0, _chai.expect)(assetValue).to.equal(expectedMintValue.wadDiv(kFactor));\nconst collateralRatio = await (0, _liquidations.getCR)(user.address, true); // big\n(0, _chai.expect)(collateralRatio).to.equal(expectedDepositValue.wadDiv(expectedMintValue)); // 2.475",
                  "err": {},
                  "uuid": "fc1c1f8f-f8ee-47fa-9a6d-85ce03dac017",
                  "parentUUID": "6a65456c-841f-4190-be64-4254ac3f0eb7",
                  "isHook": false,
                  "skipped": false
                },
                {
                  "title": "should return the correct debt value (+CR) with less than 18 decimal collateral",
                  "fullTitle": "Asset Amounts & Values #Kresko Asset Debt Values should return the correct debt value (+CR) with less than 18 decimal collateral",
                  "timedOut": false,
                  "duration": 387,
                  "state": "passed",
                  "speed": "slow",
                  "pass": true,
                  "fail": false,
                  "pending": false,
                  "context": null,
                  "code": "const depositAmount = (0, _lib.toBig)(10, 8);\nawait (0, _test.wrapContractWithSigner)(_hardhat.default.Diamond, user).depositCollateral(user.address, CollateralAsset8Dec.address, depositAmount);\nconst mintAmount = (0, _lib.toBig)(1);\nconst expectedMintValue = (0, _lib.toBig)(20, oracleDecimals); // kFactor = 2, krAssetPrice = 10, mintAmount = 1, openFee = 0.1\nawait (0, _test.wrapContractWithSigner)(_hardhat.default.Diamond, user).mintKreskoAsset(user.address, KreskoAsset.address, mintAmount);\nconst expectedDepositValue = (0, _lib.toBig)(49.5, oracleDecimals); // cfactor = 0.5, collateralPrice = 10, depositAmount = 10, openFee = 0.1\nconst depositValue = await _hardhat.default.Diamond.getAccountCollateralValue(user.address);\n(0, _chai.expect)(depositValue).to.equal(expectedDepositValue);\nconst mintValue = await _hardhat.default.Diamond.getAccountDebtValue(user.address);\n(0, _chai.expect)(mintValue).to.equal(expectedMintValue);\nconst assetValue = await _hardhat.default.Diamond.getDebtAmountToValue(KreskoAsset.address, mintAmount, true);\nconst kFactor = (await _hardhat.default.Diamond.getKreskoAsset(KreskoAsset.address)).kFactor;\n(0, _chai.expect)(assetValue).to.equal(expectedMintValue.wadDiv(kFactor));\nconst collateralRatio = await (0, _liquidations.getCR)(user.address, true); // big\n(0, _chai.expect)(collateralRatio).to.equal(expectedDepositValue.wadDiv(expectedMintValue)); // 2.475",
                  "err": {},
                  "uuid": "ee912b72-e590-4687-8644-815b855dbdd5",
                  "parentUUID": "6a65456c-841f-4190-be64-4254ac3f0eb7",
                  "isHook": false,
                  "skipped": false
                },
                {
                  "title": "should return the correct debt value (+CR) with more than 18 decimal collateral",
                  "fullTitle": "Asset Amounts & Values #Kresko Asset Debt Values should return the correct debt value (+CR) with more than 18 decimal collateral",
                  "timedOut": false,
                  "duration": 396,
                  "state": "passed",
                  "speed": "slow",
                  "pass": true,
                  "fail": false,
                  "pending": false,
                  "context": null,
                  "code": "const depositAmount = (0, _lib.toBig)(10, 21);\nawait (0, _test.wrapContractWithSigner)(_hardhat.default.Diamond, user).depositCollateral(user.address, CollateralAsset21Dec.address, depositAmount);\nconst mintAmount = (0, _lib.toBig)(1);\nconst expectedMintValue = (0, _lib.toBig)(20, oracleDecimals); // kFactor = 2, krAssetPrice = 10, mintAmount = 1, openFee = 0.1\nawait (0, _test.wrapContractWithSigner)(_hardhat.default.Diamond, user).mintKreskoAsset(user.address, KreskoAsset.address, mintAmount);\nconst expectedDepositValue = (0, _lib.toBig)(49.5, oracleDecimals); // cfactor = 0.5, collateralPrice = 10, depositAmount = 10, openFee = 0.1\nconst depositValue = await _hardhat.default.Diamond.getAccountCollateralValue(user.address);\n(0, _chai.expect)(depositValue).to.equal(expectedDepositValue);\nconst mintValue = await _hardhat.default.Diamond.getAccountDebtValue(user.address);\n(0, _chai.expect)(mintValue).to.equal(expectedMintValue);\nconst assetValue = await _hardhat.default.Diamond.getDebtAmountToValue(KreskoAsset.address, mintAmount, true);\nconst kFactor = (await _hardhat.default.Diamond.getKreskoAsset(KreskoAsset.address)).kFactor;\n(0, _chai.expect)(assetValue).to.equal(expectedMintValue.wadDiv(kFactor));\nconst collateralRatio = await (0, _liquidations.getCR)(user.address, true); // big\n(0, _chai.expect)(collateralRatio).to.equal(expectedDepositValue.wadDiv(expectedMintValue)); // 2.475",
                  "err": {},
                  "uuid": "6ce9e401-a9da-4e2e-b349-c730b37ce510",
                  "parentUUID": "6a65456c-841f-4190-be64-4254ac3f0eb7",
                  "isHook": false,
                  "skipped": false
                }
              ],
              "suites": [],
              "passes": [
                "fc1c1f8f-f8ee-47fa-9a6d-85ce03dac017",
                "ee912b72-e590-4687-8644-815b855dbdd5",
                "6ce9e401-a9da-4e2e-b349-c730b37ce510"
              ],
              "failures": [],
              "pending": [],
              "skipped": [],
              "duration": 1151,
              "root": false,
              "rootEmpty": false,
              "_timeout": 15000
            }
          ],
          "passes": [],
          "failures": [],
          "pending": [],
          "skipped": [],
          "duration": 0,
          "root": false,
          "rootEmpty": false,
          "_timeout": 15000
        },
        {
          "uuid": "326c86e9-f9e6-426e-9c0a-b3a038fbdb90",
          "title": "Diamond",
          "fullFile": "/Users/panukettunen/Projects/kresko-protocol/src/test/diamond/00-init.ts",
          "file": "/src/test/diamond/00-init.ts",
          "beforeHooks": [
            {
              "title": "\"before each\" hook in \"Diamond\"",
              "fullTitle": "Diamond \"before each\" hook in \"Diamond\"",
              "timedOut": false,
              "duration": 39,
              "state": null,
              "speed": null,
              "pass": false,
              "fail": false,
              "pending": false,
              "context": null,
              "code": "const fixture = await getFixture(fixtureName);\nthis.facets = fixture.facets || [];\nthis.collaterals = fixture.collaterals;\nthis.krAssets = fixture.krAssets;",
              "err": {},
              "uuid": "da57b723-86b6-405b-ae80-2411673fdd8d",
              "parentUUID": "326c86e9-f9e6-426e-9c0a-b3a038fbdb90",
              "isHook": true,
              "skipped": false
            }
          ],
          "afterHooks": [],
          "tests": [],
          "suites": [
            {
              "uuid": "0d1c3889-adf0-434f-9b3f-ae91777bf521",
              "title": "#initialization",
              "fullFile": "/Users/panukettunen/Projects/kresko-protocol/src/test/diamond/00-init.ts",
              "file": "/src/test/diamond/00-init.ts",
              "beforeHooks": [],
              "afterHooks": [],
              "tests": [
                {
                  "title": "sets correct state",
                  "fullTitle": "Diamond #initialization sets correct state",
                  "timedOut": false,
                  "duration": 39,
                  "state": "passed",
                  "speed": "medium",
                  "pass": true,
                  "fail": false,
                  "pending": false,
                  "context": null,
                  "code": "(0, _chai.expect)(await _hardhat.default.Diamond.owner()).to.equal(_hardhat.default.users.deployer.address);\n(0, _chai.expect)(await _hardhat.default.Diamond.initialized()).to.equal(true);",
                  "err": {},
                  "uuid": "97a068dc-aab0-4486-9dfa-2be1757df8c8",
                  "parentUUID": "0d1c3889-adf0-434f-9b3f-ae91777bf521",
                  "isHook": false,
                  "skipped": false
                },
                {
                  "title": "sets standard facet addresses",
                  "fullTitle": "Diamond #initialization sets standard facet addresses",
                  "timedOut": false,
                  "duration": 61,
                  "state": "passed",
                  "speed": "medium",
                  "pass": true,
                  "fail": false,
                  "pending": false,
                  "context": null,
                  "code": "const facetAddressesOnChain = (await _hardhat.default.Diamond.facets()).map((f)=>f.facetAddress);\nconst facetAddressesArtifact = this.facets.map((f)=>f.facetAddress);\n(0, _chai.expect)(facetAddressesOnChain.length).to.equal(facetAddressesArtifact.length);\n(0, _chai.expect)(facetAddressesOnChain).to.have.members(facetAddressesArtifact);",
                  "err": {},
                  "uuid": "19804ded-0f4a-499a-adf2-2f2baa1fb902",
                  "parentUUID": "0d1c3889-adf0-434f-9b3f-ae91777bf521",
                  "isHook": false,
                  "skipped": false
                },
                {
                  "title": "sets selectors of standard facets",
                  "fullTitle": "Diamond #initialization sets selectors of standard facets",
                  "timedOut": false,
                  "duration": 62,
                  "state": "passed",
                  "speed": "medium",
                  "pass": true,
                  "fail": false,
                  "pending": false,
                  "context": null,
                  "code": "const facetsSelectorsOnChain = (await _hardhat.default.Diamond.facets()).flatMap((f)=>f.functionSelectors);\nconst facetSelectorsOnArtifact = this.facets.flatMap((f)=>f.functionSelectors);\n(0, _chai.expect)(facetsSelectorsOnChain.length).to.equal(facetSelectorsOnArtifact.length);\n(0, _chai.expect)(facetsSelectorsOnChain).to.have.members(facetSelectorsOnArtifact);",
                  "err": {},
                  "uuid": "1ae2782c-2c49-4a2a-9c91-6735ee95ea13",
                  "parentUUID": "0d1c3889-adf0-434f-9b3f-ae91777bf521",
                  "isHook": false,
                  "skipped": false
                }
              ],
              "suites": [],
              "passes": [
                "97a068dc-aab0-4486-9dfa-2be1757df8c8",
                "19804ded-0f4a-499a-adf2-2f2baa1fb902",
                "1ae2782c-2c49-4a2a-9c91-6735ee95ea13"
              ],
              "failures": [],
              "pending": [],
              "skipped": [],
              "duration": 162,
              "root": false,
              "rootEmpty": false,
              "_timeout": 15000
            }
          ],
          "passes": [],
          "failures": [],
          "pending": [],
          "skipped": [],
          "duration": 0,
          "root": false,
          "rootEmpty": false,
          "_timeout": 15000
        },
        {
          "uuid": "c0387562-91c7-43a1-83cd-46a3603672ff",
          "title": "Diamond",
          "fullFile": "/Users/panukettunen/Projects/kresko-protocol/src/test/diamond/01-ownership.ts",
          "file": "/src/test/diamond/01-ownership.ts",
          "beforeHooks": [
            {
              "title": "\"before each\" hook in \"Diamond\"",
              "fullTitle": "Diamond \"before each\" hook in \"Diamond\"",
              "timedOut": false,
              "duration": 38,
              "state": null,
              "speed": null,
              "pass": false,
              "fail": false,
              "pending": false,
              "context": null,
              "code": "const fixture = await getFixture(fixtureName);\nthis.facets = fixture.facets || [];\nthis.collaterals = fixture.collaterals;\nthis.krAssets = fixture.krAssets;",
              "err": {},
              "uuid": "ce8428e5-c954-45ba-8c3f-7cab75c40d8f",
              "parentUUID": "c0387562-91c7-43a1-83cd-46a3603672ff",
              "isHook": true,
              "skipped": false
            }
          ],
          "afterHooks": [],
          "tests": [],
          "suites": [
            {
              "uuid": "53451ef0-8c9a-4f75-8772-0dfba2b44621",
              "title": "#ownership",
              "fullFile": "/Users/panukettunen/Projects/kresko-protocol/src/test/diamond/01-ownership.ts",
              "file": "/src/test/diamond/01-ownership.ts",
              "beforeHooks": [],
              "afterHooks": [],
              "tests": [
                {
                  "title": "sets correct owner",
                  "fullTitle": "Diamond #ownership sets correct owner",
                  "timedOut": false,
                  "duration": 19,
                  "state": "passed",
                  "speed": "fast",
                  "pass": true,
                  "fail": false,
                  "pending": false,
                  "context": null,
                  "code": "(0, _chai.expect)(await _hardhat.default.Diamond.owner()).to.equal(_hardhat.default.addr.deployer);",
                  "err": {},
                  "uuid": "3b4136ef-9918-41e2-960d-57cb48090ccf",
                  "parentUUID": "53451ef0-8c9a-4f75-8772-0dfba2b44621",
                  "isHook": false,
                  "skipped": false
                },
                {
                  "title": "sets correct default admin role",
                  "fullTitle": "Diamond #ownership sets correct default admin role",
                  "timedOut": false,
                  "duration": 20,
                  "state": "passed",
                  "speed": "fast",
                  "pass": true,
                  "fail": false,
                  "pending": false,
                  "context": null,
                  "code": "(0, _chai.expect)(await _hardhat.default.Diamond.hasRole(_test.Role.ADMIN, _hardhat.default.addr.deployer)).to.equal(true);",
                  "err": {},
                  "uuid": "6f614bd2-280a-4436-b917-c8544294a1cc",
                  "parentUUID": "53451ef0-8c9a-4f75-8772-0dfba2b44621",
                  "isHook": false,
                  "skipped": false
                },
                {
                  "title": "sets a new pending owner",
                  "fullTitle": "Diamond #ownership sets a new pending owner",
                  "timedOut": false,
                  "duration": 39,
                  "state": "passed",
                  "speed": "medium",
                  "pass": true,
                  "fail": false,
                  "pending": false,
                  "context": null,
                  "code": "const pendingOwner = _hardhat.default.users.userOne;\nawait _hardhat.default.Diamond.transferOwnership(pendingOwner.address);\n(0, _chai.expect)(await _hardhat.default.Diamond.pendingOwner()).to.equal(pendingOwner.address);",
                  "err": {},
                  "uuid": "0f083c16-e1eb-4d68-a693-c796b6acb4e6",
                  "parentUUID": "53451ef0-8c9a-4f75-8772-0dfba2b44621",
                  "isHook": false,
                  "skipped": false
                },
                {
                  "title": "sets the pending owner as new owner",
                  "fullTitle": "Diamond #ownership sets the pending owner as new owner",
                  "timedOut": false,
                  "duration": 65,
                  "state": "passed",
                  "speed": "medium",
                  "pass": true,
                  "fail": false,
                  "pending": false,
                  "context": null,
                  "code": "const pendingOwner = _hardhat.default.users.userOne;\nawait _hardhat.default.Diamond.transferOwnership(pendingOwner.address);\nawait (0, _test.wrapContractWithSigner)(_hardhat.default.Diamond, pendingOwner).acceptOwnership();\n(0, _chai.expect)(await _hardhat.default.Diamond.owner()).to.equal(pendingOwner.address);",
                  "err": {},
                  "uuid": "f1d6e219-200c-4863-9a63-ee2bdaa2bfa3",
                  "parentUUID": "53451ef0-8c9a-4f75-8772-0dfba2b44621",
                  "isHook": false,
                  "skipped": false
                }
              ],
              "suites": [],
              "passes": [
                "3b4136ef-9918-41e2-960d-57cb48090ccf",
                "6f614bd2-280a-4436-b917-c8544294a1cc",
                "0f083c16-e1eb-4d68-a693-c796b6acb4e6",
                "f1d6e219-200c-4863-9a63-ee2bdaa2bfa3"
              ],
              "failures": [],
              "pending": [],
              "skipped": [],
              "duration": 143,
              "root": false,
              "rootEmpty": false,
              "_timeout": 15000
            }
          ],
          "passes": [],
          "failures": [],
          "pending": [],
          "skipped": [],
          "duration": 0,
          "root": false,
          "rootEmpty": false,
          "_timeout": 15000
        },
        {
          "uuid": "f972c839-2b1d-43ee-aba6-54a91dfcc815",
          "title": "Diamond",
          "fullFile": "/Users/panukettunen/Projects/kresko-protocol/src/test/diamond/02-upgrades.ts",
          "file": "/src/test/diamond/02-upgrades.ts",
          "beforeHooks": [
            {
              "title": "\"before each\" hook in \"Diamond\"",
              "fullTitle": "Diamond \"before each\" hook in \"Diamond\"",
              "timedOut": false,
              "duration": 39,
              "state": null,
              "speed": null,
              "pass": false,
              "fail": false,
              "pending": false,
              "context": null,
              "code": "const fixture = await getFixture(fixtureName);\nthis.facets = fixture.facets || [];\nthis.collaterals = fixture.collaterals;\nthis.krAssets = fixture.krAssets;",
              "err": {},
              "uuid": "d93c0deb-7d5c-46c6-8a4b-5920d87b3d8c",
              "parentUUID": "f972c839-2b1d-43ee-aba6-54a91dfcc815",
              "isHook": true,
              "skipped": false
            }
          ],
          "afterHooks": [],
          "tests": [],
          "suites": [
            {
              "uuid": "e6999353-3be6-4716-bda1-4a242be7f187",
              "title": "#upgrades",
              "fullFile": "/Users/panukettunen/Projects/kresko-protocol/src/test/diamond/02-upgrades.ts",
              "file": "/src/test/diamond/02-upgrades.ts",
              "beforeHooks": [],
              "afterHooks": [],
              "tests": [
                {
                  "title": "can add a new facet",
                  "fullTitle": "Diamond #upgrades can add a new facet",
                  "timedOut": false,
                  "duration": 375,
                  "state": "passed",
                  "speed": "slow",
                  "pass": true,
                  "fail": false,
                  "pending": false,
                  "context": null,
                  "code": "const Factory = await _smock.smock.mock(\"SmockFacet\");\nconst SmockFacet = await Factory.deploy();\nconst [SmockInitializer] = await _hardhat.default.deploy(\"SmockInit\");\nconst signatures = _hardhat.default.getSignatures([\n    ..._typechain.SmockFacet__factory.abi\n]);\nconst Cut = {\n    facetAddress: SmockFacet.address,\n    functionSelectors: signatures,\n    action: _types.FacetCutAction.Add\n};\nconst initData = await SmockInitializer.populateTransaction.initialize(_hardhat.default.addr.userOne);\nawait _hardhat.default.Diamond.diamondCut([\n    Cut\n], initData.to, initData.data);\nconst TEST_OPERATOR_ROLE = _hardhat.default.ethers.utils.id(\"kresko.test.operator\");\nconst isTestOperator = await _hardhat.default.Diamond.hasRole(TEST_OPERATOR_ROLE, _hardhat.default.addr.userOne);\n// Succesfully added the new operator through the initialization contract\n(0, _chai.expect)(isTestOperator).to.equal(true);\nconst Facet = await _hardhat.default.ethers.getContractAt([\n    ..._typechain.SmockFacet__factory.abi\n], _hardhat.default.Diamond.address);\n// Ensure facet has it's own storage\nconst operatorFromNewStorage = await Facet.operator(); // Retrieved from SmockStorage\n(0, _chai.expect)(operatorFromNewStorage).to.equal(_hardhat.default.addr.userOne);",
                  "err": {},
                  "uuid": "3e22431d-bbce-45c2-8896-1a72a3766179",
                  "parentUUID": "e6999353-3be6-4716-bda1-4a242be7f187",
                  "isHook": false,
                  "skipped": false
                },
                {
                  "title": "can remove a facet",
                  "fullTitle": "Diamond #upgrades can remove a facet",
                  "timedOut": false,
                  "duration": 874,
                  "state": "passed",
                  "speed": "slow",
                  "pass": true,
                  "fail": false,
                  "pending": false,
                  "context": null,
                  "code": "const NewFacet = await (0, _addfacet.addFacet)({\n    name: \"SmockFacet\",\n    initializerName: \"SmockInit\",\n    initializerArgs: _hardhat.default.addr.userOne\n});\nconst facetsBefore = await _hardhat.default.Diamond.facets();\n(0, _chai.expect)(facetsBefore.filter((f)=>f.facetAddress === NewFacet.address).length).to.equal(1);\nawait (0, _removefacet.removeFacet)({\n    name: \"SmockFacet\"\n});\nconst facetsAfter = await _hardhat.default.Diamond.facets();\n(0, _chai.expect)(facetsBefore.length - facetsAfter.length).to.equal(1);\n(0, _chai.expect)(facetsAfter).to.not.deep.contain(NewFacet.address);",
                  "err": {},
                  "uuid": "dabfc3a0-3040-4234-8bb1-09cfc6afe5bc",
                  "parentUUID": "e6999353-3be6-4716-bda1-4a242be7f187",
                  "isHook": false,
                  "skipped": false
                },
                {
                  "title": "can remove a function",
                  "fullTitle": "Diamond #upgrades can remove a function",
                  "timedOut": false,
                  "duration": 200,
                  "state": "passed",
                  "speed": "slow",
                  "pass": true,
                  "fail": false,
                  "pending": false,
                  "context": null,
                  "code": "// Delete acceptOwnership from DiamondOwnershipFacet\n// Check there is no pending owner\nlet pendingOwner = await _hardhat.default.Diamond.pendingOwner();\n(0, _chai.expect)(pendingOwner).to.equal(_hardhat.default.ethers.constants.AddressZero);\n// Transfer to eg. wrong address\nconst wrongOwner = _hardhat.default.addr.nonadmin;\nawait _hardhat.default.Diamond.transferOwnership(wrongOwner);\n// Ensure\npendingOwner = await _hardhat.default.Diamond.pendingOwner();\n(0, _chai.expect)(pendingOwner).to.equal(wrongOwner);\n// Fragment and signature for acceptOwnersip\nconst functionFragment = _hardhat.default.Diamond.interface.functions[\"acceptOwnership()\"];\nconst signature = _hardhat.default.ethers.utils.Interface.getSighash(functionFragment);\nconst facetAddress = await _hardhat.default.Diamond.facetAddress(signature);\nconst functions = await _hardhat.default.Diamond.facetFunctionSelectors(facetAddress);\nconst Cut = {\n    facetAddress: _hardhat.default.ethers.constants.AddressZero,\n    action: _types.FacetCutAction.Remove,\n    functionSelectors: [\n        signature\n    ]\n};\n// We will set a correct owner with delegatecall into the Diamond itself with the cut transaction\nconst correctOwner = _hardhat.default.addr.userOne;\nconst initData = await _hardhat.default.Diamond.populateTransaction.transferOwnership(correctOwner);\nconst tx = await _hardhat.default.Diamond.diamondCut([\n    Cut\n], initData.to, initData.data);\nawait tx.wait();\n// Ensure rest of the functions remain\nconst functionsAfterCut = await _hardhat.default.Diamond.facetFunctionSelectors(facetAddress);\n(0, _chai.expect)(functionsAfterCut.length).to.equal(functions.length - 1);\n// Ensure delegatecall did set the correct pending owner with the cut\nconst contract = await _hardhat.default.ethers.getContractAt(\"AuthEvent\", _hardhat.default.Diamond.address);\nconst filter = contract.filters.PendingOwnershipTransfer(_hardhat.default.addr.deployer, correctOwner);\nconst [event] = await contract.queryFilter(filter);\nconst { previousOwner , newOwner  } = event.args;\n(0, _chai.expect)(previousOwner).to.equal(_hardhat.default.addr.deployer);\n(0, _chai.expect)(newOwner).to.equal(correctOwner);\n// Ensure there is no function to accept the ownership\nawait (0, _chai.expect)((0, _test.wrapContractWithSigner)(_hardhat.default.Diamond, _hardhat.default.users.nonadmin).acceptOwnership()).to.be.revertedWith(_test.Error.DIAMOND_INVALID_FUNCTION_SIGNATURE);",
                  "err": {},
                  "uuid": "69ad5402-9ad7-42e4-a83a-1f295c5fa78d",
                  "parentUUID": "e6999353-3be6-4716-bda1-4a242be7f187",
                  "isHook": false,
                  "skipped": false
                },
                {
                  "title": "can replace a function",
                  "fullTitle": "Diamond #upgrades can replace a function",
                  "timedOut": false,
                  "duration": 261,
                  "state": "passed",
                  "speed": "slow",
                  "pass": true,
                  "fail": false,
                  "pending": false,
                  "context": null,
                  "code": "// Same as above but instead replace the function\n// Check there is no pending owner\nlet pendingOwner = await _hardhat.default.Diamond.pendingOwner();\n(0, _chai.expect)(pendingOwner).to.equal(_hardhat.default.ethers.constants.AddressZero);\n// Transfer to eg. wrong address\nconst wrongOwner = _hardhat.default.addr.nonadmin;\nawait _hardhat.default.Diamond.transferOwnership(wrongOwner);\n// Ensure\npendingOwner = await _hardhat.default.Diamond.pendingOwner();\n(0, _chai.expect)(pendingOwner).to.equal(wrongOwner);\n// Fragment and signature for acceptOwnersip\nconst functionFragment = _hardhat.default.Diamond.interface.functions[\"acceptOwnership()\"];\nconst signature = _hardhat.default.ethers.utils.Interface.getSighash(functionFragment);\nconst OldOwnershipFacet = await _hardhat.default.Diamond.facetAddress(signature);\nconst [NewOwnershipFacet, allOwnershipFacetSignatures] = await _hardhat.default.deploy(\"DiamondOwnershipFacet\", {\n    deploymentName: \"DiamondOwnershipFacet2\"\n});\n// Only replace a single function, we could replace all of them\nconst Cut = {\n    facetAddress: NewOwnershipFacet.address,\n    action: _types.FacetCutAction.Replace,\n    functionSelectors: [\n        signature\n    ]\n};\n// We will set a correct owner with delegatecall into the Diamond itself with the cut transaction\nconst correctOwner = _hardhat.default.addr.userOne;\nconst initData = await _hardhat.default.Diamond.populateTransaction.transferOwnership(correctOwner);\nconst tx = await _hardhat.default.Diamond.diamondCut([\n    Cut\n], initData.to, initData.data);\nawait tx.wait();\n// Ensure function exists and revert is for invalid address instead of missing function\nawait (0, _chai.expect)((0, _test.wrapContractWithSigner)(_hardhat.default.Diamond, _hardhat.default.users.nonadmin).acceptOwnership()).to.be.revertedWith(_test.Error.DIAMOND_INVALID_PENDING_OWNER);\n// Ensure one function is contained in the new facet\nconst functionsNewFacet = await _hardhat.default.Diamond.facetFunctionSelectors(NewOwnershipFacet.address);\n(0, _chai.expect)(functionsNewFacet.length).to.equal(1);\n(0, _chai.expect)(functionsNewFacet).to.have.members([\n    signature\n]);\n// Ensure rest are in the previous one\nconst functionsOldFacet = await _hardhat.default.Diamond.facetFunctionSelectors(OldOwnershipFacet);\n(0, _chai.expect)(functionsOldFacet).to.not.have.members([\n    signature\n]);\n(0, _chai.expect)(functionsOldFacet.length).to.equal(allOwnershipFacetSignatures.length - 1);\n// Ensure correct owner can now accept the ownership\n(0, _chai.expect)((0, _test.wrapContractWithSigner)(_hardhat.default.Diamond, _hardhat.default.users.userOne).acceptOwnership());\nconst currentOwner = await _hardhat.default.Diamond.owner();\n(0, _chai.expect)(currentOwner).to.equal(correctOwner);",
                  "err": {},
                  "uuid": "63a88972-3fe6-457f-ae09-b19758594cc8",
                  "parentUUID": "e6999353-3be6-4716-bda1-4a242be7f187",
                  "isHook": false,
                  "skipped": false
                },
                {
                  "title": "can upgrade state",
                  "fullTitle": "Diamond #upgrades can upgrade state",
                  "timedOut": false,
                  "duration": 645,
                  "state": "passed",
                  "speed": "slow",
                  "pass": true,
                  "fail": false,
                  "pending": false,
                  "context": null,
                  "code": "(0, _chai.expect)(await _hardhat.default.Diamond.initialized()).to.equal(true);\nconst Factory = await _smock.smock.mock(\"SmockInit\");\nconst SmockInit = await Factory.deploy();\nconst tx = await SmockInit.populateTransaction.upgradeState();\nawait _hardhat.default.Diamond.upgradeState(tx.to, tx.data);\n(0, _chai.expect)(await _hardhat.default.Diamond.initialized()).to.equal(false);",
                  "err": {},
                  "uuid": "a5ed8b67-a1c8-4912-bb30-9fd1e759f694",
                  "parentUUID": "e6999353-3be6-4716-bda1-4a242be7f187",
                  "isHook": false,
                  "skipped": false
                },
                {
                  "title": "can preserve old state when extending storage layout",
                  "fullTitle": "Diamond #upgrades can preserve old state when extending storage layout",
                  "timedOut": false,
                  "duration": 1156,
                  "state": "passed",
                  "speed": "slow",
                  "pass": true,
                  "fail": false,
                  "pending": false,
                  "context": null,
                  "code": "(0, _chai.expect)(await _hardhat.default.Diamond.initialized()).to.equal(true);\n// Add the first facet\nconst Factory = await _smock.smock.mock(\"SmockFacet\");\nconst SmockFacet = await Factory.deploy();\nconst [SmockInitializer] = await _hardhat.default.deploy(\"SmockInit\");\nconst signatures = _hardhat.default.getSignatures([\n    ..._typechain.SmockFacet__factory.abi\n]);\nconst Cut = {\n    facetAddress: SmockFacet.address,\n    functionSelectors: signatures,\n    action: _types.FacetCutAction.Add\n};\nconst initData = await SmockInitializer.populateTransaction.initialize(_hardhat.default.addr.userOne);\nawait _hardhat.default.Diamond.diamondCut([\n    Cut\n], initData.to, initData.data);\nconst Diamond = await _hardhat.default.ethers.getContractAt(\"SmockFacet\", _hardhat.default.Diamond.address);\nconst isInitialized = await Diamond.smockInitialized();\n(0, _chai.expect)(isInitialized).to.equal(true);\n// Add facet with extended state\n// Add the first facet\nconst Factory2 = await _smock.smock.mock(\"SmockFacet2\");\nconst SmockFacet2 = await Factory2.deploy();\nconst signatures2 = _hardhat.default.getSignatures([\n    ..._typechain.SmockFacet2__factory.abi\n]);\nconst Cut2 = {\n    facetAddress: SmockFacet2.address,\n    functionSelectors: signatures2,\n    action: _types.FacetCutAction.Add\n};\n// Initializer only sets the new extended value, does not touch old storage\nconst initData2 = await SmockFacet2.populateTransaction.initialize();\nawait _hardhat.default.Diamond.diamondCut([\n    Cut2\n], initData2.to, initData2.data);\n// Here we have appended the storage layout with the `extended` bool property.\nconst DiamondExtended = await _hardhat.default.ethers.getContractAt(\"SmockFacet2\", _hardhat.default.Diamond.address);\nconst initializedAfterExtend = await DiamondExtended.getOldStructValueFromExtended();\nconst extendedValue = await DiamondExtended.getNewStructValueFromExtended();\n// Old values remain\n(0, _chai.expect)(initializedAfterExtend).to.equal(true);\n// And we get new ones\n(0, _chai.expect)(extendedValue).to.equal(true);",
                  "err": {},
                  "uuid": "6ce2807b-2983-4a7f-9aeb-b6745d13b541",
                  "parentUUID": "e6999353-3be6-4716-bda1-4a242be7f187",
                  "isHook": false,
                  "skipped": false
                }
              ],
              "suites": [],
              "passes": [
                "3e22431d-bbce-45c2-8896-1a72a3766179",
                "dabfc3a0-3040-4234-8bb1-09cfc6afe5bc",
                "69ad5402-9ad7-42e4-a83a-1f295c5fa78d",
                "63a88972-3fe6-457f-ae09-b19758594cc8",
                "a5ed8b67-a1c8-4912-bb30-9fd1e759f694",
                "6ce2807b-2983-4a7f-9aeb-b6745d13b541"
              ],
              "failures": [],
              "pending": [],
              "skipped": [],
              "duration": 3511,
              "root": false,
              "rootEmpty": false,
              "_timeout": 15000
            }
          ],
          "passes": [],
          "failures": [],
          "pending": [],
          "skipped": [],
          "duration": 0,
          "root": false,
          "rootEmpty": false,
          "_timeout": 15000
        },
        {
          "uuid": "5496205b-e9b0-4e7c-9c2c-bf1662961f29",
          "title": "Forking",
          "fullFile": "/Users/panukettunen/Projects/kresko-protocol/src/test/forking/00-setup.ts",
          "file": "/src/test/forking/00-setup.ts",
          "beforeHooks": [],
          "afterHooks": [],
          "tests": [],
          "suites": [
            {
              "uuid": "18580fc7-e629-44de-b401-fec4f216e402",
              "title": "#setup",
              "fullFile": "/Users/panukettunen/Projects/kresko-protocol/src/test/forking/00-setup.ts",
              "file": "/src/test/forking/00-setup.ts",
              "beforeHooks": [],
              "afterHooks": [],
              "tests": [
                {
                  "title": "should get Kresko from the companion network locally",
                  "fullTitle": "Forking #setup should get Kresko from the companion network locally",
                  "timedOut": false,
                  "duration": 0,
                  "state": "pending",
                  "speed": null,
                  "pass": false,
                  "fail": false,
                  "pending": true,
                  "context": null,
                  "code": "",
                  "err": {},
                  "uuid": "aef9920a-bf68-4782-8a9a-a55129c227a3",
                  "parentUUID": "18580fc7-e629-44de-b401-fec4f216e402",
                  "isHook": false,
                  "skipped": false
                }
              ],
              "suites": [],
              "passes": [],
              "failures": [],
              "pending": [
                "aef9920a-bf68-4782-8a9a-a55129c227a3"
              ],
              "skipped": [],
              "duration": 0,
              "root": false,
              "rootEmpty": false,
              "_timeout": 15000
            },
            {
              "uuid": "66a138d9-f0a4-4f85-9b4a-e0a8bc8cf76d",
              "title": "#rate-upgrade-11-04-2023",
              "fullFile": "/Users/panukettunen/Projects/kresko-protocol/src/test/forking/00-setup.ts",
              "file": "/src/test/forking/00-setup.ts",
              "beforeHooks": [],
              "afterHooks": [],
              "tests": [
                {
                  "title": "should be able to deploy facets",
                  "fullTitle": "Forking #rate-upgrade-11-04-2023 should be able to deploy facets",
                  "timedOut": false,
                  "duration": 0,
                  "state": "pending",
                  "speed": null,
                  "pass": false,
                  "fail": false,
                  "pending": true,
                  "context": null,
                  "code": "",
                  "err": {},
                  "uuid": "abd07b71-2f5f-425c-9158-aafadcbc5fa3",
                  "parentUUID": "66a138d9-f0a4-4f85-9b4a-e0a8bc8cf76d",
                  "isHook": false,
                  "skipped": false
                }
              ],
              "suites": [],
              "passes": [],
              "failures": [],
              "pending": [
                "abd07b71-2f5f-425c-9158-aafadcbc5fa3"
              ],
              "skipped": [],
              "duration": 0,
              "root": false,
              "rootEmpty": false,
              "_timeout": 15000
            },
            {
              "uuid": "91356503-c632-45ef-a568-37754cf7879e",
              "title": "#facet-upgrade-16-05-2023",
              "fullFile": "/Users/panukettunen/Projects/kresko-protocol/src/test/forking/00-setup.ts",
              "file": "/src/test/forking/00-setup.ts",
              "beforeHooks": [],
              "afterHooks": [],
              "tests": [
                {
                  "title": "works",
                  "fullTitle": "Forking #facet-upgrade-16-05-2023 works",
                  "timedOut": false,
                  "duration": 0,
                  "state": "pending",
                  "speed": null,
                  "pass": false,
                  "fail": false,
                  "pending": true,
                  "context": null,
                  "code": "",
                  "err": {},
                  "uuid": "1f4426ce-8da4-4d39-990a-b173f0dd1b8e",
                  "parentUUID": "91356503-c632-45ef-a568-37754cf7879e",
                  "isHook": false,
                  "skipped": false
                }
              ],
              "suites": [],
              "passes": [],
              "failures": [],
              "pending": [
                "1f4426ce-8da4-4d39-990a-b173f0dd1b8e"
              ],
              "skipped": [],
              "duration": 0,
              "root": false,
              "rootEmpty": false,
              "_timeout": 15000
            }
          ],
          "passes": [],
          "failures": [],
          "pending": [],
          "skipped": [],
          "duration": 0,
          "root": false,
          "rootEmpty": false,
          "_timeout": 15000
        },
        {
          "uuid": "fc673f84-f6c5-4402-a21e-1d7818addd79",
          "title": "KreskoAsset",
          "fullFile": "/Users/panukettunen/Projects/kresko-protocol/src/test/krasset/00-init.ts",
          "file": "/src/test/krasset/00-init.ts",
          "beforeHooks": [
            {
              "title": "\"before each\" hook in \"KreskoAsset\"",
              "fullTitle": "KreskoAsset \"before each\" hook in \"KreskoAsset\"",
              "timedOut": false,
              "duration": 36,
              "state": null,
              "speed": null,
              "pass": false,
              "fail": false,
              "pending": false,
              "context": null,
              "code": "const fixture = await getFixture(fixtureName);\nthis.facets = fixture.facets || [];\nthis.collaterals = fixture.collaterals;\nthis.krAssets = fixture.krAssets;",
              "err": {},
              "uuid": "a3ea234f-adee-4ce9-ab6a-11b43338f37e",
              "parentUUID": "fc673f84-f6c5-4402-a21e-1d7818addd79",
              "isHook": true,
              "skipped": false
            }
          ],
          "afterHooks": [],
          "tests": [],
          "suites": [
            {
              "uuid": "8a336ca9-4454-4c3d-b165-02ca02007a9a",
              "title": "#initialization - anchor",
              "fullFile": "/Users/panukettunen/Projects/kresko-protocol/src/test/krasset/00-init.ts",
              "file": "/src/test/krasset/00-init.ts",
              "beforeHooks": [
                {
                  "title": "\"before each\" hook in \"#initialization - anchor\"",
                  "fullTitle": "KreskoAsset #initialization - anchor \"before each\" hook in \"#initialization - anchor\"",
                  "timedOut": false,
                  "duration": 0,
                  "state": null,
                  "speed": null,
                  "pass": false,
                  "fail": false,
                  "pending": false,
                  "context": null,
                  "code": "const deployment = this.krAssets.find((k)=>k.deployArgs.name === name);\nKreskoAsset = deployment.contract;\nKreskoAssetAnchor = deployment.anchor;",
                  "err": {},
                  "uuid": "14c77e8e-4d8c-4d88-a6dc-999f5411eb3b",
                  "parentUUID": "8a336ca9-4454-4c3d-b165-02ca02007a9a",
                  "isHook": true,
                  "skipped": false
                }
              ],
              "afterHooks": [],
              "tests": [
                {
                  "title": "cant initialize twice",
                  "fullTitle": "KreskoAsset #initialization - anchor cant initialize twice",
                  "timedOut": false,
                  "duration": 10,
                  "state": "passed",
                  "speed": "fast",
                  "pass": true,
                  "fail": false,
                  "pending": false,
                  "context": null,
                  "code": "await (0, _chai.expect)(KreskoAsset.initialize(name, symbol, 18, _hardhat.default.addr.deployer, _hardhat.default.Diamond.address)).to.be.revertedWith(_test.Error.ALREADY_INITIALIZED_OZ);",
                  "err": {},
                  "uuid": "2819b577-c98f-4911-846e-b79d7c45e0a3",
                  "parentUUID": "8a336ca9-4454-4c3d-b165-02ca02007a9a",
                  "isHook": false,
                  "skipped": false
                },
                {
                  "title": "cant initialize implementation",
                  "fullTitle": "KreskoAsset #initialization - anchor cant initialize implementation",
                  "timedOut": false,
                  "duration": 0,
                  "state": "pending",
                  "speed": null,
                  "pass": false,
                  "fail": false,
                  "pending": true,
                  "context": null,
                  "code": "",
                  "err": {},
                  "uuid": "561accb9-e6c5-45fe-bf26-dd2313747dd4",
                  "parentUUID": "8a336ca9-4454-4c3d-b165-02ca02007a9a",
                  "isHook": false,
                  "skipped": false
                },
                {
                  "title": "sets correct state",
                  "fullTitle": "KreskoAsset #initialization - anchor sets correct state",
                  "timedOut": false,
                  "duration": 39,
                  "state": "passed",
                  "speed": "medium",
                  "pass": true,
                  "fail": false,
                  "pending": false,
                  "context": null,
                  "code": "(0, _chai.expect)(await KreskoAsset.name()).to.equal(name);\n(0, _chai.expect)(await KreskoAsset.symbol()).to.equal(symbol);\n(0, _chai.expect)(await KreskoAsset.kresko()).to.equal(_hardhat.default.Diamond.address);\n(0, _chai.expect)(await KreskoAsset.hasRole(_test.Role.ADMIN, _hardhat.default.addr.deployer)).to.equal(true);\n(0, _chai.expect)(await KreskoAsset.hasRole(_test.Role.OPERATOR, _hardhat.default.Diamond.address)).to.equal(true);\n(0, _chai.expect)(await KreskoAsset.totalSupply()).to.equal(\"64000000000000000000\");\n(0, _chai.expect)(await KreskoAsset.isRebased()).to.equal(false);\nconst rebaseInfo = await KreskoAsset.rebaseInfo();\n(0, _chai.expect)(rebaseInfo.denominator).to.equal(0);\n(0, _chai.expect)(rebaseInfo.positive).to.equal(false);",
                  "err": {},
                  "uuid": "20a79c52-2f81-4a8f-abf6-09a469b22865",
                  "parentUUID": "8a336ca9-4454-4c3d-b165-02ca02007a9a",
                  "isHook": false,
                  "skipped": false
                },
                {
                  "title": "can reinitialize metadata",
                  "fullTitle": "KreskoAsset #initialization - anchor can reinitialize metadata",
                  "timedOut": false,
                  "duration": 18,
                  "state": "passed",
                  "speed": "fast",
                  "pass": true,
                  "fail": false,
                  "pending": false,
                  "context": null,
                  "code": "const newName = \"foo\";\nconst newSymbol = \"bar\";\nawait (0, _chai.expect)(KreskoAsset.reinitializeERC20(newName, newSymbol, 2)).to.not.be.revertedWith(_test.Error.ALREADY_INITIALIZED_OZ);\n(0, _chai.expect)(await KreskoAsset.name()).to.equal(newName);\n(0, _chai.expect)(await KreskoAsset.symbol()).to.equal(newSymbol);",
                  "err": {},
                  "uuid": "aea64665-f7a4-4f0f-9de5-58a43ccdd967",
                  "parentUUID": "8a336ca9-4454-4c3d-b165-02ca02007a9a",
                  "isHook": false,
                  "skipped": false
                }
              ],
              "suites": [],
              "passes": [
                "2819b577-c98f-4911-846e-b79d7c45e0a3",
                "20a79c52-2f81-4a8f-abf6-09a469b22865",
                "aea64665-f7a4-4f0f-9de5-58a43ccdd967"
              ],
              "failures": [],
              "pending": [
                "561accb9-e6c5-45fe-bf26-dd2313747dd4"
              ],
              "skipped": [],
              "duration": 67,
              "root": false,
              "rootEmpty": false,
              "_timeout": 15000
            },
            {
              "uuid": "d5448fd4-7a00-4c58-83a1-0996a4e10b5a",
              "title": "#initialization - wrapped",
              "fullFile": "/Users/panukettunen/Projects/kresko-protocol/src/test/krasset/00-init.ts",
              "file": "/src/test/krasset/00-init.ts",
              "beforeHooks": [
                {
                  "title": "\"before each\" hook in \"#initialization - wrapped\"",
                  "fullTitle": "KreskoAsset #initialization - wrapped \"before each\" hook in \"#initialization - wrapped\"",
                  "timedOut": false,
                  "duration": 0,
                  "state": null,
                  "speed": null,
                  "pass": false,
                  "fail": false,
                  "pending": false,
                  "context": null,
                  "code": "const deployment = _hardhat.default.krAssets.find((k)=>k.deployArgs.name === name);\nKreskoAsset = deployment.contract;\nKreskoAssetAnchor = deployment.anchor;",
                  "err": {},
                  "uuid": "d39f1eed-bf77-4094-9efc-a9647eeaba2c",
                  "parentUUID": "d5448fd4-7a00-4c58-83a1-0996a4e10b5a",
                  "isHook": true,
                  "skipped": false
                }
              ],
              "afterHooks": [],
              "tests": [
                {
                  "title": "cant initialize twice",
                  "fullTitle": "KreskoAsset #initialization - wrapped cant initialize twice",
                  "timedOut": false,
                  "duration": 8,
                  "state": "passed",
                  "speed": "fast",
                  "pass": true,
                  "fail": false,
                  "pending": false,
                  "context": null,
                  "code": "await (0, _chai.expect)(KreskoAssetAnchor.initialize(KreskoAsset.address, name, symbol, _hardhat.default.addr.deployer)).to.be.revertedWith(_test.Error.ALREADY_INITIALIZED_OZ);",
                  "err": {},
                  "uuid": "45e249c3-fe4b-43ea-a119-1825659db0d1",
                  "parentUUID": "d5448fd4-7a00-4c58-83a1-0996a4e10b5a",
                  "isHook": false,
                  "skipped": false
                },
                {
                  "title": "cant initialize implementation",
                  "fullTitle": "KreskoAsset #initialization - wrapped cant initialize implementation",
                  "timedOut": false,
                  "duration": 0,
                  "state": "pending",
                  "speed": null,
                  "pass": false,
                  "fail": false,
                  "pending": true,
                  "context": null,
                  "code": "",
                  "err": {},
                  "uuid": "efa0fbeb-137d-4c6e-be24-9f66bed5a04f",
                  "parentUUID": "d5448fd4-7a00-4c58-83a1-0996a4e10b5a",
                  "isHook": false,
                  "skipped": false
                },
                {
                  "title": "can reinitialize metadata",
                  "fullTitle": "KreskoAsset #initialization - wrapped can reinitialize metadata",
                  "timedOut": false,
                  "duration": 16,
                  "state": "passed",
                  "speed": "fast",
                  "pass": true,
                  "fail": false,
                  "pending": false,
                  "context": null,
                  "code": "const newName = \"foo\";\nconst newSymbol = \"bar\";\nawait (0, _chai.expect)(KreskoAssetAnchor.reinitializeERC20(newName, newSymbol, 2)).to.not.be.revertedWith(_test.Error.ALREADY_INITIALIZED_OZ);\n(0, _chai.expect)(await KreskoAssetAnchor.name()).to.equal(newName);\n(0, _chai.expect)(await KreskoAssetAnchor.symbol()).to.equal(newSymbol);",
                  "err": {},
                  "uuid": "92c81a3d-242f-4973-9565-7c45a6d09424",
                  "parentUUID": "d5448fd4-7a00-4c58-83a1-0996a4e10b5a",
                  "isHook": false,
                  "skipped": false
                },
                {
                  "title": "sets correct state",
                  "fullTitle": "KreskoAsset #initialization - wrapped sets correct state",
                  "timedOut": false,
                  "duration": 34,
                  "state": "passed",
                  "speed": "fast",
                  "pass": true,
                  "fail": false,
                  "pending": false,
                  "context": null,
                  "code": "(0, _chai.expect)(await KreskoAssetAnchor.name()).to.equal(name);\n(0, _chai.expect)(await KreskoAssetAnchor.symbol()).to.equal(_shared.anchorTokenPrefix + symbol);\n(0, _chai.expect)(await KreskoAssetAnchor.asset()).to.equal(KreskoAsset.address);\n(0, _chai.expect)(await KreskoAssetAnchor.hasRole(_test.Role.ADMIN, _hardhat.default.addr.deployer)).to.equal(true);\n(0, _chai.expect)(await KreskoAssetAnchor.hasRole(_test.Role.OPERATOR, _hardhat.default.Diamond.address)).to.equal(true);\n(0, _chai.expect)(await KreskoAssetAnchor.totalSupply()).to.equal(\"64000000000000000000\");\n(0, _chai.expect)(await KreskoAssetAnchor.totalAssets()).to.equal(await KreskoAsset.totalSupply());\nconst rebaseInfo = await KreskoAsset.rebaseInfo();\n(0, _chai.expect)(rebaseInfo.denominator).to.equal(0);\n(0, _chai.expect)(rebaseInfo.positive).to.equal(false);",
                  "err": {},
                  "uuid": "0e4d35f0-c771-4796-a5e7-cde2d9eb460e",
                  "parentUUID": "d5448fd4-7a00-4c58-83a1-0996a4e10b5a",
                  "isHook": false,
                  "skipped": false
                }
              ],
              "suites": [],
              "passes": [
                "45e249c3-fe4b-43ea-a119-1825659db0d1",
                "92c81a3d-242f-4973-9565-7c45a6d09424",
                "0e4d35f0-c771-4796-a5e7-cde2d9eb460e"
              ],
              "failures": [],
              "pending": [
                "efa0fbeb-137d-4c6e-be24-9f66bed5a04f"
              ],
              "skipped": [],
              "duration": 58,
              "root": false,
              "rootEmpty": false,
              "_timeout": 15000
            }
          ],
          "passes": [],
          "failures": [],
          "pending": [],
          "skipped": [],
          "duration": 0,
          "root": false,
          "rootEmpty": false,
          "_timeout": 15000
        },
        {
          "uuid": "10aede58-7f9e-4f62-b85c-7191f3374f60",
          "title": "KreskoAsset",
          "fullFile": "/Users/panukettunen/Projects/kresko-protocol/src/test/krasset/01-erc20.ts",
          "file": "/src/test/krasset/01-erc20.ts",
          "beforeHooks": [
            {
              "title": "\"before each\" hook in \"KreskoAsset\"",
              "fullTitle": "KreskoAsset \"before each\" hook in \"KreskoAsset\"",
              "timedOut": false,
              "duration": 37,
              "state": null,
              "speed": null,
              "pass": false,
              "fail": false,
              "pending": false,
              "context": null,
              "code": "const fixture = await getFixture(fixtureName);\nthis.facets = fixture.facets || [];\nthis.collaterals = fixture.collaterals;\nthis.krAssets = fixture.krAssets;",
              "err": {},
              "uuid": "11fee906-b359-4554-9032-94abeefd38da",
              "parentUUID": "10aede58-7f9e-4f62-b85c-7191f3374f60",
              "isHook": true,
              "skipped": false
            },
            {
              "title": "\"before each\" hook in \"KreskoAsset\"",
              "fullTitle": "KreskoAsset \"before each\" hook in \"KreskoAsset\"",
              "timedOut": false,
              "duration": 16,
              "state": null,
              "speed": null,
              "pass": false,
              "fail": false,
              "pending": false,
              "context": null,
              "code": "this.owner = _hardhat.default.users.deployer;\nthis.krAsset = _hardhat.default.krAssets.find((asset)=>asset.deployArgs.symbol === _test.defaultKrAssetArgs.symbol);\nthis.mintAmount = 125;\nawait this.krAsset.contract.grantRole(_test.Role.OPERATOR, this.owner.address);",
              "err": {},
              "uuid": "400301c7-356d-434f-b988-31e17a8301e4",
              "parentUUID": "10aede58-7f9e-4f62-b85c-7191f3374f60",
              "isHook": true,
              "skipped": false
            }
          ],
          "afterHooks": [],
          "tests": [],
          "suites": [
            {
              "uuid": "7a373c1a-785f-4201-b3f1-06144082fbef",
              "title": "#mint",
              "fullFile": "/Users/panukettunen/Projects/kresko-protocol/src/test/krasset/01-erc20.ts",
              "file": "/src/test/krasset/01-erc20.ts",
              "beforeHooks": [],
              "afterHooks": [],
              "tests": [
                {
                  "title": "should allow the owner to mint to their own address",
                  "fullTitle": "KreskoAsset #mint should allow the owner to mint to their own address",
                  "timedOut": false,
                  "duration": 21,
                  "state": "passed",
                  "speed": "fast",
                  "pass": true,
                  "fail": false,
                  "pending": false,
                  "context": null,
                  "code": "(0, _chai.expect)(await this.krAsset.contract.totalSupply()).to.equal(0);\n(0, _chai.expect)(await this.krAsset.contract.balanceOf(this.owner.address)).to.equal(0);\nawait this.krAsset.contract.connect(this.owner).mint(this.owner.address, this.mintAmount);\n// Check total supply and owner's balances increased\n(0, _chai.expect)(await this.krAsset.contract.totalSupply()).to.equal(this.mintAmount);\n(0, _chai.expect)(await this.krAsset.contract.balanceOf(this.owner.address)).to.equal(this.mintAmount);",
                  "err": {},
                  "uuid": "e86f3354-994a-4d87-92e6-56087a982d56",
                  "parentUUID": "7a373c1a-785f-4201-b3f1-06144082fbef",
                  "isHook": false,
                  "skipped": false
                },
                {
                  "title": "should allow the asset owner to mint to another address",
                  "fullTitle": "KreskoAsset #mint should allow the asset owner to mint to another address",
                  "timedOut": false,
                  "duration": 21,
                  "state": "passed",
                  "speed": "fast",
                  "pass": true,
                  "fail": false,
                  "pending": false,
                  "context": null,
                  "code": "(0, _chai.expect)(await this.krAsset.contract.totalSupply()).to.equal(0);\n(0, _chai.expect)(await this.krAsset.contract.balanceOf(_hardhat.default.users.userOne.address)).to.equal(0);\nawait this.krAsset.contract.connect(this.owner).mint(_hardhat.default.users.userOne.address, this.mintAmount);\n// Check total supply and user's balances increased\n(0, _chai.expect)(await this.krAsset.contract.totalSupply()).to.equal(this.mintAmount);\n(0, _chai.expect)(await this.krAsset.contract.balanceOf(_hardhat.default.users.userOne.address)).to.equal(this.mintAmount);",
                  "err": {},
                  "uuid": "9241b2d6-b86a-4132-983f-a1c85d6791f5",
                  "parentUUID": "7a373c1a-785f-4201-b3f1-06144082fbef",
                  "isHook": false,
                  "skipped": false
                },
                {
                  "title": "should not allow non-owner addresses to mint tokens",
                  "fullTitle": "KreskoAsset #mint should not allow non-owner addresses to mint tokens",
                  "timedOut": false,
                  "duration": 37,
                  "state": "passed",
                  "speed": "fast",
                  "pass": true,
                  "fail": false,
                  "pending": false,
                  "context": null,
                  "code": "(0, _chai.expect)(await this.krAsset.contract.totalSupply()).to.equal(0);\n(0, _chai.expect)(await this.krAsset.contract.balanceOf(this.owner.address)).to.equal(0);\nawait (0, _chai.expect)(this.krAsset.contract.connect(_hardhat.default.users.userOne).mint(this.owner.address, this.mintAmount)).to.be.revertedWith(`AccessControl: account ${_hardhat.default.users.userOne.address.toLowerCase()} is missing role 0x112e48a576fb3a75acc75d9fcf6e0bc670b27b1dbcd2463502e10e68cf57d6fd`);\n// Check total supply and all account balances unchanged\n(0, _chai.expect)(await this.krAsset.contract.totalSupply()).to.equal(0);\n(0, _chai.expect)(await this.krAsset.contract.balanceOf(this.owner.address)).to.equal(0);\n(0, _chai.expect)(await this.krAsset.contract.balanceOf(_hardhat.default.users.userOne.address)).to.equal(0);",
                  "err": {},
                  "uuid": "0dfadb05-2971-43db-ba56-e329cdaf25a3",
                  "parentUUID": "7a373c1a-785f-4201-b3f1-06144082fbef",
                  "isHook": false,
                  "skipped": false
                },
                {
                  "title": "should not allow admin to mint tokens",
                  "fullTitle": "KreskoAsset #mint should not allow admin to mint tokens",
                  "timedOut": false,
                  "duration": 75,
                  "state": "passed",
                  "speed": "medium",
                  "pass": true,
                  "fail": false,
                  "pending": false,
                  "context": null,
                  "code": "await this.krAsset.contract.renounceRole(_test.Role.OPERATOR, this.owner.address);\nawait (0, _chai.expect)(this.krAsset.contract.connect(_hardhat.default.users.admin).mint(this.owner.address, this.mintAmount)).to.be.revertedWith(`AccessControl: account ${_hardhat.default.users.admin.address.toLowerCase()} is missing role 0x112e48a576fb3a75acc75d9fcf6e0bc670b27b1dbcd2463502e10e68cf57d6fd`);",
                  "err": {},
                  "uuid": "d116e9c1-93af-4a4f-8ac8-09119ce61f3f",
                  "parentUUID": "7a373c1a-785f-4201-b3f1-06144082fbef",
                  "isHook": false,
                  "skipped": false
                }
              ],
              "suites": [],
              "passes": [
                "e86f3354-994a-4d87-92e6-56087a982d56",
                "9241b2d6-b86a-4132-983f-a1c85d6791f5",
                "0dfadb05-2971-43db-ba56-e329cdaf25a3",
                "d116e9c1-93af-4a4f-8ac8-09119ce61f3f"
              ],
              "failures": [],
              "pending": [],
              "skipped": [],
              "duration": 154,
              "root": false,
              "rootEmpty": false,
              "_timeout": 15000
            },
            {
              "uuid": "041e6ff1-d6da-4949-bffd-6ca0d650e1ab",
              "title": "#burn",
              "fullFile": "/Users/panukettunen/Projects/kresko-protocol/src/test/krasset/01-erc20.ts",
              "file": "/src/test/krasset/01-erc20.ts",
              "beforeHooks": [
                {
                  "title": "\"before each\" hook in \"#burn\"",
                  "fullTitle": "KreskoAsset #burn \"before each\" hook in \"#burn\"",
                  "timedOut": false,
                  "duration": 12,
                  "state": null,
                  "speed": null,
                  "pass": false,
                  "fail": false,
                  "pending": false,
                  "context": null,
                  "code": "this.mintAmount = 250;\nawait this.krAsset.contract.connect(this.owner).mint(_hardhat.default.users.userOne.address, this.mintAmount);",
                  "err": {},
                  "uuid": "658d182c-4b32-4763-8e87-81c9363fd215",
                  "parentUUID": "041e6ff1-d6da-4949-bffd-6ca0d650e1ab",
[...]
                      "speed": "slow",
                      "pass": true,
                      "fail": false,
                      "pending": false,
                      "context": null,
                      "code": "const swapAmount = (0, _lib.toBig)(ONE_USD * 2600);\nawait KreskoSwapper.swapSCDP(swapper.address, KISS.address, KreskoAsset2.address, swapAmount, 0);\nconst newKreskoAssetPrice = 500;\nKreskoAsset2.setPrice(newKreskoAssetPrice);\nconst maxLiquidatable = await _hardhat.default.Diamond.getMaxLiqValueSCDP(KreskoAsset2.address, CollateralAsset8Dec.address);\nconst repayAmount = maxLiquidatable.wadDiv(await KreskoAsset2.getPrice());\nawait KreskoAsset2.setBalance(_hardhat.default.users.liquidator, repayAmount.add(1e18.toString()));\n(0, _chai.expect)((await _hardhat.default.Diamond.getStatisticsSCDP(true)).cr).to.lt((await _hardhat.default.Diamond.getCurrentParametersSCDP()).lt);\nconst tx = await KreskoLiquidator.liquidateSCDP(KreskoAsset2.address, repayAmount, CollateralAsset8Dec.address);\n// console.log(\"liq\", (await tx.wait()).gasUsed.toString());\n(0, _chai.expect)((await _hardhat.default.Diamond.getStatisticsSCDP(true)).cr).to.gt((await _hardhat.default.Diamond.getCurrentParametersSCDP()).lt);\n(0, _chai.expect)(await KreskoLiquidator.getLiquidatableSCDP()).to.equal(false);\nawait (0, _chai.expect)(KreskoLiquidator.liquidateSCDP(KreskoAsset2.address, repayAmount, CollateralAsset8Dec.address)).to.be.revertedWith(\"not-liquidatable\");\nconst event = await (0, _lib.getNamedEvent)(tx, \"SCDPLiquidationOccured\");\nconst expectedSeizeAmount = repayAmount.wadMul((0, _lib.toBig)(newKreskoAssetPrice, 8)).wadMul((0, _lib.toBig)(1.05)).wadDiv((0, _lib.toBig)(collateralPrice, 8)).div(10 ** 10);\n(0, _chai.expect)(event.args.liquidator).to.eq(_hardhat.default.users.liquidator.address);\n(0, _chai.expect)(event.args.seizeAmount).to.eq(expectedSeizeAmount);\n(0, _chai.expect)(event.args.repayAmount).to.eq(repayAmount);\n(0, _chai.expect)(event.args.seizeCollateral).to.eq(CollateralAsset8Dec.address);\n(0, _chai.expect)(event.args.repayKreskoAsset).to.eq(KreskoAsset2.address);\nconst expectedDepositsAfter = depositAmount8Dec.sub(event.args.seizeAmount);\n(0, _chai.expect)(await _hardhat.default.Diamond.getAccountPrincipalDepositsSCDP(depositor.address, CollateralAsset8Dec.address)).to.eq(expectedDepositsAfter);\n(0, _chai.expect)(await _hardhat.default.Diamond.getAccountDepositsWithFeesSCDP(depositor.address, CollateralAsset8Dec.address)).to.eq(expectedDepositsAfter);\nawait KreskoDepositor.depositSCDP(depositor.address, CollateralAsset.address, depositAmount18Dec.mul(10));\n(0, _chai.expect)((await _hardhat.default.Diamond.getStatisticsSCDP(true)).cr).to.gt((await _hardhat.default.Diamond.getCurrentParametersSCDP()).mcr);\nawait (0, _chai.expect)(KreskoDepositor.withdrawSCDP(depositor.address, CollateralAsset8Dec.address, expectedDepositsAfter)).to.not.be.reverted;\n(0, _chai.expect)(await _hardhat.default.Diamond.getAccountPrincipalDepositsSCDP(depositor.address, CollateralAsset8Dec.address)).to.eq(0);\n(0, _chai.expect)(await _hardhat.default.Diamond.getAccountDepositsWithFeesSCDP(depositor.address, CollateralAsset8Dec.address)).to.eq(0);",
                      "err": {},
                      "uuid": "cd273088-2281-4877-881e-916a78c88cb7",
                      "parentUUID": "6d747d30-384d-47be-baf5-63442bfb85ce",
                      "isHook": false,
                      "skipped": false
                    }
                  ],
                  "suites": [],
                  "passes": [
                    "e368d13c-e547-48ed-848c-6c3b2e5d5e73",
                    "da831ed6-239b-4c5f-bfff-0967eea7c533",
                    "c947aa9f-78b2-47d9-8a7f-3635c5fc58c5",
                    "cd273088-2281-4877-881e-916a78c88cb7"
                  ],
                  "failures": [],
                  "pending": [],
                  "skipped": [],
                  "duration": 16606,
                  "root": false,
                  "rootEmpty": false,
                  "_timeout": 15000
                },
                {
                  "uuid": "0e2ecefc-ecc5-4220-92af-1f190a636d78",
                  "title": "#Error",
                  "fullFile": "/Users/panukettunen/Projects/kresko-protocol/src/test/scdp/00-scdp.ts",
                  "file": "/src/test/scdp/00-scdp.ts",
                  "beforeHooks": [
                    {
                      "title": "\"before each\" hook in \"#Error\"",
                      "fullTitle": "SCDP #Test #Error \"before each\" hook in \"#Error\"",
                      "timedOut": false,
                      "duration": 1134,
                      "state": null,
                      "speed": null,
                      "pass": false,
                      "fail": false,
                      "pending": false,
                      "context": null,
                      "code": "const krAssetConfig = {\n    openFee: (0, _lib.toBig)(0.015),\n    closeFee: (0, _lib.toBig)(0.015),\n    liquidationIncentive: (0, _lib.toBig)(1.05),\n    protocolFee: (0, _lib.toBig)(0.25),\n    supplyLimit: (0, _lib.toBig)(1000000)\n};\nconst KISSConfig = {\n    openFee: (0, _lib.toBig)(0.025),\n    closeFee: (0, _lib.toBig)(0.025),\n    liquidationIncentive: (0, _lib.toBig)(1.05),\n    protocolFee: (0, _lib.toBig)(0.25),\n    supplyLimit: (0, _lib.toBig)(1000000)\n};\nawait Promise.all([\n    _hardhat.default.Diamond.enableCollateralsSCDP([\n        CollateralAsset.address,\n        CollateralAsset8Dec.address,\n        KISS.address,\n        KreskoAsset.address,\n        KreskoAsset2.address\n    ], [\n        defaultCollateralConfig,\n        defaultCollateralConfig,\n        defaultCollateralConfig,\n        defaultCollateralConfig,\n        defaultCollateralConfig\n    ]),\n    _hardhat.default.Diamond.enableKrAssetsSCDP([\n        KreskoAsset.address,\n        KreskoAsset2.address,\n        KISS.address\n    ], [\n        krAssetConfig,\n        krAssetConfig,\n        KISSConfig\n    ]),\n    _hardhat.default.Diamond.setSwapPairs([\n        {\n            assetIn: KreskoAsset2.address,\n            assetOut: KreskoAsset.address,\n            enabled: true\n        },\n        {\n            assetIn: KISS.address,\n            assetOut: KreskoAsset2.address,\n            enabled: true\n        },\n        {\n            assetIn: KreskoAsset.address,\n            assetOut: KISS.address,\n            enabled: true\n        }\n    ])\n]);\n// mint some KISS for users\nfor (const signer of this.usersArr){\n    await CollateralAsset.setBalance(signer, (0, _lib.toBig)(1000000));\n}\nawait KISS.setBalance(swapper, (0, _lib.toBig)(10000));\nawait KISS.setBalance(depositor, _hardhat.ethers.BigNumber.from(1));\nawait Promise.all([\n    KreskoDepositor.depositSCDP(depositor.address, KISS.address, 1),\n    KreskoDepositor.depositSCDP(depositor.address, CollateralAsset.address, depositAmount18Dec)\n]);",
                      "err": {},
                      "uuid": "0f801142-35ea-43a1-a165-33424bb5ca0e",
                      "parentUUID": "0e2ecefc-ecc5-4220-92af-1f190a636d78",
                      "isHook": true,
                      "skipped": false
                    }
                  ],
                  "afterHooks": [],
                  "tests": [
                    {
                      "title": "should revert depositing unsupported tokens",
                      "fullTitle": "SCDP #Test #Error should revert depositing unsupported tokens",
                      "timedOut": false,
                      "duration": 121,
                      "state": "passed",
                      "speed": "slow",
                      "pass": true,
                      "fail": false,
                      "pending": false,
                      "context": null,
                      "code": "const [UnsupportedToken] = await _hardhat.default.deploy(\"MockERC20\", {\n    args: [\n        \"UnsupportedToken\",\n        \"UnsupportedToken\",\n        18,\n        (0, _lib.toBig)(1)\n    ]\n});\nawait UnsupportedToken.approve(_hardhat.default.Diamond.address, _hardhat.default.ethers.constants.MaxUint256);\nconst { deployer  } = await _hardhat.default.getNamedAccounts();\nawait (0, _chai.expect)(_hardhat.default.Diamond.depositSCDP(deployer, UnsupportedToken.address, 1)).to.be.revertedWith(\"asset-disabled\");",
                      "err": {},
                      "uuid": "b054f347-1e19-46f3-8f5f-1d7e7d4d54ba",
                      "parentUUID": "0e2ecefc-ecc5-4220-92af-1f190a636d78",
                      "isHook": false,
                      "skipped": false
                    },
                    {
                      "title": "should revert withdrawing without deposits",
                      "fullTitle": "SCDP #Test #Error should revert withdrawing without deposits",
                      "timedOut": false,
                      "duration": 38,
                      "state": "passed",
                      "speed": "medium",
                      "pass": true,
                      "fail": false,
                      "pending": false,
                      "context": null,
                      "code": "await (0, _chai.expect)(KreskoSwapper.withdrawSCDP(depositor.address, CollateralAsset.address, 1)).to.be.revertedWith(\"withdrawal-violation\");",
                      "err": {},
                      "uuid": "aeafcc30-7a2c-4dc4-a9f0-f34622690489",
                      "parentUUID": "0e2ecefc-ecc5-4220-92af-1f190a636d78",
                      "isHook": false,
                      "skipped": false
                    },
                    {
                      "title": "should revert withdrawals below MCR",
                      "fullTitle": "SCDP #Test #Error should revert withdrawals below MCR",
                      "timedOut": false,
                      "duration": 2152,
                      "state": "passed",
                      "speed": "slow",
                      "pass": true,
                      "fail": false,
                      "pending": false,
                      "context": null,
                      "code": "const swapAmount = (0, _lib.toBig)(ONE_USD).mul(1000); // $1000\nawait KreskoSwapper.swapSCDP(swapper.address, KISS.address, KreskoAsset2.address, swapAmount, 0); // generate debt\nconst deposits = await KreskoSwapper.getAccountPrincipalDepositsSCDP(depositor.address, CollateralAsset.address);\nawait (0, _chai.expect)(KreskoDepositor.withdrawSCDP(depositor.address, CollateralAsset.address, deposits)).to.be.revertedWith(\"withdraw-mcr-violation\");",
                      "err": {},
                      "uuid": "8a10996f-1426-49aa-a000-c34038c6deca",
                      "parentUUID": "0e2ecefc-ecc5-4220-92af-1f190a636d78",
                      "isHook": false,
                      "skipped": false
                    },
                    {
                      "title": "should revert withdrawals of swap owned collateral deposits",
                      "fullTitle": "SCDP #Test #Error should revert withdrawals of swap owned collateral deposits",
                      "timedOut": false,
                      "duration": 1668,
                      "state": "passed",
                      "speed": "slow",
                      "pass": true,
                      "fail": false,
                      "pending": false,
                      "context": null,
                      "code": "const swapAmount = (0, _lib.toBig)(1);\nawait KreskoAsset2.setBalance(swapper, swapAmount);\nawait KreskoSwapper.swapSCDP(swapper.address, KreskoAsset2.address, KISS.address, swapAmount, 0);\nconst deposits = await KreskoSwapper.getSwapDepositsSCDP(KreskoAsset2.address);\n(0, _chai.expect)(deposits).to.be.gt(0);\nawait (0, _chai.expect)(KreskoSwapper.withdrawSCDP(swapper.address, KreskoAsset2.address, deposits)).to.be.revertedWith(\"withdrawal-violation\");",
                      "err": {},
                      "uuid": "8da7d8d0-c750-4344-a1a1-79f11994d710",
                      "parentUUID": "0e2ecefc-ecc5-4220-92af-1f190a636d78",
                      "isHook": false,
                      "skipped": false
                    },
                    {
                      "title": "should revert swapping with price below minAmountOut",
                      "fullTitle": "SCDP #Test #Error should revert swapping with price below minAmountOut",
                      "timedOut": false,
                      "duration": 1097,
                      "state": "passed",
                      "speed": "slow",
                      "pass": true,
                      "fail": false,
                      "pending": false,
                      "context": null,
                      "code": "const swapAmount = (0, _lib.toBig)(1);\nawait KreskoAsset2.setBalance(swapper, swapAmount);\nconst [amountOut] = await KreskoSwapper.previewSwapSCDP(KreskoAsset2.address, KISS.address, swapAmount);\nawait (0, _chai.expect)(KreskoSwapper.swapSCDP(swapper.address, KreskoAsset2.address, KISS.address, swapAmount, amountOut.add(1))).to.be.revertedWith(\"swap-slippage\");",
                      "err": {},
                      "uuid": "7d02d9f3-e30b-4b79-a5e7-48bc850e4105",
                      "parentUUID": "0e2ecefc-ecc5-4220-92af-1f190a636d78",
                      "isHook": false,
                      "skipped": false
                    },
                    {
                      "title": "should revert swapping unsupported route",
                      "fullTitle": "SCDP #Test #Error should revert swapping unsupported route",
                      "timedOut": false,
                      "duration": 110,
                      "state": "passed",
                      "speed": "slow",
                      "pass": true,
                      "fail": false,
                      "pending": false,
                      "context": null,
                      "code": "const swapAmount = (0, _lib.toBig)(1);\nawait KreskoAsset2.setBalance(swapper, swapAmount);\nawait (0, _chai.expect)(KreskoSwapper.swapSCDP(swapper.address, KreskoAsset2.address, CollateralAsset.address, swapAmount, 0)).to.be.revertedWith(\"swap-disabled\");",
                      "err": {},
                      "uuid": "e0e96a2e-3fb6-47ac-a045-5a93e5554a2e",
                      "parentUUID": "0e2ecefc-ecc5-4220-92af-1f190a636d78",
                      "isHook": false,
                      "skipped": false
                    },
                    {
                      "title": "should revert swapping if asset in is disabled",
                      "fullTitle": "SCDP #Test #Error should revert swapping if asset in is disabled",
                      "timedOut": false,
                      "duration": 152,
                      "state": "passed",
                      "speed": "slow",
                      "pass": true,
                      "fail": false,
                      "pending": false,
                      "context": null,
                      "code": "const swapAmount = (0, _lib.toBig)(1);\nawait KreskoAsset2.setBalance(swapper, swapAmount);\nawait _hardhat.default.Diamond.disableKrAssetsSCDP([\n    KreskoAsset2.address\n]);\nawait (0, _chai.expect)(KreskoSwapper.swapSCDP(swapper.address, KreskoAsset2.address, KISS.address, swapAmount, 0)).to.be.revertedWith(\"asset-in-disabled\");",
                      "err": {},
                      "uuid": "3635e583-1731-4385-b064-4a3da535e677",
                      "parentUUID": "0e2ecefc-ecc5-4220-92af-1f190a636d78",
                      "isHook": false,
                      "skipped": false
                    },
                    {
                      "title": "should revert swapping if asset out is disabled",
                      "fullTitle": "SCDP #Test #Error should revert swapping if asset out is disabled",
                      "timedOut": false,
                      "duration": 195,
                      "state": "passed",
                      "speed": "slow",
                      "pass": true,
                      "fail": false,
                      "pending": false,
                      "context": null,
                      "code": "const swapAmount = (0, _lib.toBig)(1);\nawait KreskoAsset2.setBalance(swapper, swapAmount);\nawait _hardhat.default.Diamond.disableKrAssetsSCDP([\n    KreskoAsset2.address\n]);\nawait (0, _chai.expect)(KreskoSwapper.swapSCDP(swapper.address, KISS.address, KreskoAsset2.address, swapAmount, 0)).to.be.revertedWith(\"asset-out-disabled\");",
                      "err": {},
                      "uuid": "8defbba1-6323-46a3-8190-1ed93e67b3f6",
                      "parentUUID": "0e2ecefc-ecc5-4220-92af-1f190a636d78",
                      "isHook": false,
                      "skipped": false
                    },
                    {
                      "title": "should revert swapping causes CDP to go below MCR",
                      "fullTitle": "SCDP #Test #Error should revert swapping causes CDP to go below MCR",
                      "timedOut": false,
                      "duration": 1816,
                      "state": "passed",
                      "speed": "slow",
                      "pass": true,
                      "fail": false,
                      "pending": false,
                      "context": null,
                      "code": "const swapAmount = (0, _lib.toBig)(1500000);\nawait KreskoAsset2.setBalance(swapper, swapAmount);\nconst tx = KreskoSwapper.swapSCDP(swapper.address, KreskoAsset2.address, KISS.address, swapAmount, 0);\nawait (0, _chai.expect)(tx).to.be.revertedWith(\"swap-mcr-violation\");",
                      "err": {},
                      "uuid": "ffeca162-fe52-4189-84fc-57ada4699f7a",
                      "parentUUID": "0e2ecefc-ecc5-4220-92af-1f190a636d78",
                      "isHook": false,
                      "skipped": false
                    }
                  ],
                  "suites": [],
                  "passes": [
                    "b054f347-1e19-46f3-8f5f-1d7e7d4d54ba",
                    "aeafcc30-7a2c-4dc4-a9f0-f34622690489",
                    "8a10996f-1426-49aa-a000-c34038c6deca",
                    "8da7d8d0-c750-4344-a1a1-79f11994d710",
                    "7d02d9f3-e30b-4b79-a5e7-48bc850e4105",
                    "e0e96a2e-3fb6-47ac-a045-5a93e5554a2e",
                    "3635e583-1731-4385-b064-4a3da535e677",
                    "8defbba1-6323-46a3-8190-1ed93e67b3f6",
                    "ffeca162-fe52-4189-84fc-57ada4699f7a"
                  ],
                  "failures": [],
                  "pending": [],
                  "skipped": [],
                  "duration": 7349,
                  "root": false,
                  "rootEmpty": false,
                  "_timeout": 15000
                }
              ],
              "passes": [],
              "failures": [],
              "pending": [],
              "skipped": [],
              "duration": 0,
              "root": false,
              "rootEmpty": false,
              "_timeout": 15000
            }
          ],
          "passes": [],
          "failures": [],
          "pending": [],
          "skipped": [],
          "duration": 0,
          "root": false,
          "rootEmpty": false,
          "_timeout": 15000
        }
      ],
      "passes": [],
      "failures": [],
      "pending": [],
      "skipped": [],
      "duration": 0,
      "root": true,
      "rootEmpty": true,
      "_timeout": 15000
    }
  ],
  "meta": {
    "mocha": {
      "version": "10.2.0"
    },
    "mochawesome": {
      "options": {
        "quiet": false,
        "reportFilename": "mochawesome",
        "saveHtml": true,
        "saveJson": true,
        "consoleReporter": "spec",
        "useInlineDiffs": false,
        "code": true
      },
      "version": "7.1.3"
    },
    "marge": {
      "options": null,
      "version": "6.2.0"
    }
  }
}