{
  "stats": {
    "suites": 2,
    "tests": 1,
    "passes": 1,
    "pending": 0,
    "failures": 0,
    "start": "2023-05-17T20:11:43.612Z",
    "end": "2023-05-17T20:11:53.573Z",
    "duration": 9961,
    "testsRegistered": 1,
    "passPercent": 100,
    "pendingPercent": 0,
    "other": 0,
    "hasOther": false,
    "skipped": 0,
    "hasSkipped": false
  },
  "results": [
    {
      "uuid": "9446f9b0-bf36-47d4-b46e-ef5b96565be2",
      "title": "",
      "fullFile": "/Users/panukettunen/Projects/kresko-protocol/src/test/asset-values/00-asset-values.ts",
      "file": "/src/test/asset-values/00-asset-values.ts",
      "beforeHooks": [],
      "afterHooks": [],
      "tests": [],
      "suites": [
        {
          "uuid": "80d52a98-912f-48be-969d-dc791febb874",
          "title": "Asset Amounts & Values",
          "fullFile": "/Users/panukettunen/Projects/kresko-protocol/src/test/asset-values/00-asset-values.ts",
          "file": "/src/test/asset-values/00-asset-values.ts",
          "beforeHooks": [
            {
              "title": "\"before each\" hook in \"Asset Amounts & Values\"",
              "fullTitle": "Asset Amounts & Values \"before each\" hook in \"Asset Amounts & Values\"",
              "timedOut": false,
              "duration": 32,
              "state": null,
              "speed": null,
              "pass": false,
              "fail": false,
              "pending": false,
              "context": null,
              "code": "const fixture = await _hardhat.default.deployments.createFixture(async (hre)=>{\n    const result = await hre.deployments.fixture(fixtureName);\n    if (result.Diamond) {\n        hre.Diamond = await hre.getContractOrFork(\"Kresko\");\n    }\n    return {\n        facets: result.Diamond ? result.Diamond.facets : [],\n        collaterals: hre.collaterals,\n        krAssets: hre.krAssets\n    };\n})();\nthis.facets = fixture.facets || [];\nthis.collaterals = fixture.collaterals;\nthis.krAssets = fixture.krAssets;",
              "err": {},
              "uuid": "35d0f09c-2917-43ef-8f9d-633f16e198fe",
              "parentUUID": "80d52a98-912f-48be-969d-dc791febb874",
              "isHook": true,
              "skipped": false
            },
            {
              "title": "\"before each\" hook in \"Asset Amounts & Values\"",
              "fullTitle": "Asset Amounts & Values \"before each\" hook in \"Asset Amounts & Values\"",
              "timedOut": false,
              "duration": 6134,
              "state": null,
              "speed": null,
              "pass": false,
              "fail": false,
              "pending": false,
              "context": null,
              "code": "user = _hardhat.default.users.testUserSeven;\noracleDecimals = await _hardhat.default.Diamond.extOracleDecimals();\nKreskoAsset = await (0, _krassets.addMockKreskoAsset)({\n    name: \"KreskoAssetPrice10USD\",\n    price: collateralPrice,\n    symbol: \"KreskoAssetPrice10USD\",\n    closeFee: 0.1,\n    openFee: 0.1,\n    marketOpen: true,\n    factor: 2,\n    supplyLimit: 10\n});\nCollateralAsset = await (0, _collaterals.addMockCollateralAsset)({\n    name: \"Collateral18Dec\",\n    price: kreskoAssetPrice,\n    factor: 0.5,\n    decimals: 18\n});\nCollateralAsset8Dec = await (0, _collaterals.addMockCollateralAsset)({\n    name: \"Collateral8Dec\",\n    price: kreskoAssetPrice,\n    factor: 0.5,\n    decimals: 8\n});\nCollateralAsset21Dec = await (0, _collaterals.addMockCollateralAsset)({\n    name: \"Collateral21Dec\",\n    price: kreskoAssetPrice,\n    factor: 0.5,\n    decimals: 21\n});\nawait CollateralAsset.setBalance(user, (0, _lib.toBig)(startingBalance));\nawait CollateralAsset8Dec.setBalance(user, (0, _lib.toBig)(startingBalance, 8));\nawait CollateralAsset21Dec.setBalance(user, (0, _lib.toBig)(startingBalance, 21));\nawait CollateralAsset.contract.connect(user).approve(_hardhat.default.Diamond.address, _hardhat.default.ethers.constants.MaxUint256);\nawait CollateralAsset8Dec.contract.connect(user).approve(_hardhat.default.Diamond.address, _hardhat.default.ethers.constants.MaxUint256);\nawait CollateralAsset21Dec.contract.connect(user).approve(_hardhat.default.Diamond.address, _hardhat.default.ethers.constants.MaxUint256);",
              "err": {},
              "uuid": "5c0f9345-7fb5-49d0-b202-4ff3e94d6394",
              "parentUUID": "80d52a98-912f-48be-969d-dc791febb874",
              "isHook": true,
              "skipped": false
            }
          ],
          "afterHooks": [],
          "tests": [],
          "suites": [
            {
              "uuid": "ba6f1329-5c3d-45f9-b805-3d247a4de13c",
              "title": "#Collateral Deposit Values Redstone",
              "fullFile": "/Users/panukettunen/Projects/kresko-protocol/src/test/asset-values/00-asset-values.ts",
              "file": "/src/test/asset-values/00-asset-values.ts",
              "beforeHooks": [],
              "afterHooks": [],
              "tests": [
                {
                  "title": "should return the correct deposit value with 18 decimals",
                  "fullTitle": "Asset Amounts & Values #Collateral Deposit Values Redstone should return the correct deposit value with 18 decimals",
                  "timedOut": false,
                  "duration": 3731,
                  "state": "passed",
                  "speed": "slow",
                  "pass": true,
                  "fail": false,
                  "pending": false,
                  "context": null,
                  "code": "const MockWETH = await (0, _collaterals.addMockCollateralAsset)({\n    name: \"WETH\",\n    price: 1802,\n    factor: 0.5,\n    decimals: 18\n});\nconst MockKreskoAsset = await (0, _krassets.addMockKreskoAsset)({\n    name: \"krETH\",\n    price: 1802,\n    symbol: \"krETH\",\n    closeFee: 0.1,\n    openFee: 0.1,\n    marketOpen: true,\n    factor: 2,\n    supplyLimit: 10\n});\nconst user = _hardhat.default.users.testUserSeven;\nawait MockWETH.setBalance(user, (0, _lib.toBig)(10, 18));\nawait MockWETH.contract.connect(user).approve(_hardhat.default.Diamond.address, (0, _lib.toBig)(100000, 18));\nawait _hardhat.default.Diamond.connect(user).depositCollateral(user.address, MockWETH.address, (0, _lib.toBig)(10, 18));\nconst wrapped = _evmconnector.WrapperBuilder.wrap(_hardhat.default.Diamond.connect(user)).usingDataService({\n    dataServiceId: \"redstone-avalanche-prod\",\n    dataFeeds: [\n        \"ETH\"\n    ],\n    uniqueSignersCount: 1\n}, [\n    \"https://oracle-gateway-1.a.redstone.finance\",\n    \"https://oracle-gateway-2.a.redstone.finance\"\n]); // works\nawait _hardhat.default.Diamond.connect(user).mintKreskoAsset(user.address, MockKreskoAsset.address, (0, _lib.toBig)(0.1, 18));\nconst mintNormal = await _hardhat.default.Diamond.connect(user).mintKreskoAsset(user.address, MockKreskoAsset.address, (0, _lib.toBig)(0.1, 18));\nconst mintRedstone = await wrapped.mintKreskoAssetRedstone(user.address, MockKreskoAsset.address, (0, _lib.toBig)(0.1, 18));\nconsole.log(\"Gas used normal (mint)\", (await mintNormal.wait()).gasUsed.toString());\nconsole.log(\"Gas used redstone (mint)\", (await mintRedstone.wait()).gasUsed.toString());\nconst withdrawNormal = await _hardhat.default.Diamond.connect(user).withdrawCollateral(user.address, MockWETH.address, (0, _lib.toBig)(3, 18), 0);\nconst withdrawRedstone = await wrapped.withdrawCollateralRedstone(user.address, MockWETH.address, (0, _lib.toBig)(3, 18), 0);\nconsole.log(\"Gas used normal (withdraw)\", (await withdrawNormal.wait()).gasUsed.toString());\nconsole.log(\"Gas used redstone (withdraw)\", (await withdrawRedstone.wait()).gasUsed.toString());",
                  "err": {},
                  "uuid": "050a9150-2617-42f4-9708-815e5ff39951",
                  "parentUUID": "ba6f1329-5c3d-45f9-b805-3d247a4de13c",
                  "isHook": false,
                  "skipped": false
                }
              ],
              "suites": [],
              "passes": [
                "050a9150-2617-42f4-9708-815e5ff39951"
              ],
              "failures": [],
              "pending": [],
              "skipped": [],
              "duration": 3731,
              "root": false,
              "rootEmpty": false,
              "_timeout": 15000
            }
          ],
          "passes": [],
          "failures": [],
          "pending": [],
          "skipped": [],
          "duration": 0,
          "root": false,
          "rootEmpty": false,
          "_timeout": 15000
        }
      ],
      "passes": [],
      "failures": [],
      "pending": [],
      "skipped": [],
      "duration": 0,
      "root": true,
      "rootEmpty": true,
      "_timeout": 15000
    }
  ],
  "meta": {
    "mocha": {
      "version": "10.2.0"
    },
    "mochawesome": {
      "options": {
        "quiet": false,
        "reportFilename": "mochawesome",
        "saveHtml": true,
        "saveJson": true,
        "consoleReporter": "spec",
        "useInlineDiffs": false,
        "code": true
      },
      "version": "7.1.3"
    },
    "marge": {
      "options": null,
      "version": "6.2.0"
    }
  }
}