{
  "stats": {
    "suites": 2,
    "tests": 2,
    "passes": 2,
    "pending": 0,
    "failures": 0,
    "start": "2023-05-18T00:00:19.548Z",
    "end": "2023-05-18T00:00:28.096Z",
    "duration": 8548,
    "testsRegistered": 2,
    "passPercent": 100,
    "pendingPercent": 0,
    "other": 0,
    "hasOther": false,
    "skipped": 0,
    "hasSkipped": false
  },
  "results": [
    {
      "uuid": "d72d906b-c503-42c9-a3df-adea53a7373c",
      "title": "",
      "fullFile": "/Users/panukettunen/Projects/kresko-protocol/src/test/collateral-pool/00-collateral-pool.ts",
      "file": "/src/test/collateral-pool/00-collateral-pool.ts",
      "beforeHooks": [],
      "afterHooks": [],
      "tests": [],
      "suites": [
        {
          "uuid": "3ec7bb7f-2cd4-47ca-826c-840ccd8ac43c",
          "title": "Collateral Pool",
          "fullFile": "/Users/panukettunen/Projects/kresko-protocol/src/test/collateral-pool/00-collateral-pool.ts",
          "file": "/src/test/collateral-pool/00-collateral-pool.ts",
          "beforeHooks": [
            {
              "title": "\"before each\" hook in \"Collateral Pool\"",
              "fullTitle": "Collateral Pool \"before each\" hook in \"Collateral Pool\"",
              "timedOut": false,
              "duration": 21,
              "state": null,
              "speed": null,
              "pass": false,
              "fail": false,
              "pending": false,
              "context": null,
              "code": "const fixture = await _hardhat.default.deployments.createFixture(async (hre)=>{\n    const result = await hre.deployments.fixture(fixtureName);\n    if (result.Diamond) {\n        hre.Diamond = await hre.getContractOrFork(\"Kresko\");\n    }\n    return {\n        facets: result.Diamond ? result.Diamond.facets : [],\n        collaterals: hre.collaterals,\n        krAssets: hre.krAssets\n    };\n})();\nthis.facets = fixture.facets || [];\nthis.collaterals = fixture.collaterals;\nthis.krAssets = fixture.krAssets;",
              "err": {},
              "uuid": "097e1947-d622-4896-96a4-c6cc6d1cc382",
              "parentUUID": "3ec7bb7f-2cd4-47ca-826c-840ccd8ac43c",
              "isHook": true,
              "skipped": false
            },
            {
              "title": "\"before each\" hook in \"Collateral Pool\"",
              "fullTitle": "Collateral Pool \"before each\" hook in \"Collateral Pool\"",
              "timedOut": false,
              "duration": 4034,
              "state": null,
              "speed": null,
              "pass": false,
              "fail": false,
              "pending": false,
              "context": null,
              "code": "users = [\n    _hardhat.default.users.testUserFive,\n    _hardhat.default.users.testUserSix\n];\noracleDecimals = await _hardhat.default.Diamond.extOracleDecimals();\n[KreskoAsset, CollateralAsset, CollateralAsset8Dec, CollateralAsset21Dec] = await Promise.all([\n    (0, _krassets.addMockKreskoAsset)({\n        name: \"KreskoAssetPrice10USD\",\n        price: collateralPrice,\n        symbol: \"KreskoAssetPrice10USD\",\n        closeFee: 0.1,\n        openFee: 0.1,\n        marketOpen: true,\n        factor: 2,\n        supplyLimit: 10\n    }),\n    (0, _collaterals.addMockCollateralAsset)({\n        name: \"Collateral18Dec\",\n        price: kreskoAssetPrice,\n        factor: 1,\n        decimals: 18\n    }),\n    (0, _collaterals.addMockCollateralAsset)({\n        name: \"Collateral8Dec\",\n        price: kreskoAssetPrice,\n        factor: 0.8,\n        decimals: 8\n    }),\n    await (0, _collaterals.addMockCollateralAsset)({\n        name: \"Collateral21Dec\",\n        price: kreskoAssetPrice,\n        factor: 0.5,\n        decimals: 21\n    })\n]);\nfor (const user of users){\n    await Promise.all([\n        await CollateralAsset.setBalance(user, depositAmount18Dec),\n        await CollateralAsset8Dec.setBalance(user, depositAmount8Dec),\n        await CollateralAsset.contract.connect(user).approve(_hardhat.default.Diamond.address, depositAmount18Dec),\n        await CollateralAsset8Dec.contract.connect(user).approve(_hardhat.default.Diamond.address, depositAmount8Dec)\n    ]);\n}",
              "err": {},
              "uuid": "8b173143-cad2-4754-bd59-01c7b456d7a2",
              "parentUUID": "3ec7bb7f-2cd4-47ca-826c-840ccd8ac43c",
              "isHook": true,
              "skipped": false
            }
          ],
          "afterHooks": [],
          "tests": [],
          "suites": [
            {
              "uuid": "bb0886de-e743-4ade-9441-183507ef7830",
              "title": "#Deposit & Withdraw",
              "fullFile": "/Users/panukettunen/Projects/kresko-protocol/src/test/collateral-pool/00-collateral-pool.ts",
              "file": "/src/test/collateral-pool/00-collateral-pool.ts",
              "beforeHooks": [
                {
                  "title": "\"before each\" hook in \"#Deposit & Withdraw\"",
                  "fullTitle": "Collateral Pool #Deposit & Withdraw \"before each\" hook in \"#Deposit & Withdraw\"",
                  "timedOut": false,
                  "duration": 27,
                  "state": null,
                  "speed": null,
                  "pass": false,
                  "fail": false,
                  "pending": false,
                  "context": null,
                  "code": "await Promise.all([\n    await _hardhat.default.Diamond.enablePoolCollaterals([\n        CollateralAsset.address,\n        CollateralAsset8Dec.address\n    ], [\n        {\n            decimals: 18,\n            liquidationIncentive: (0, _lib.toBig)(1.1),\n            liquidityIndex: _lib.RAY\n        },\n        {\n            decimals: 18,\n            liquidationIncentive: (0, _lib.toBig)(1.05),\n            liquidityIndex: _lib.RAY\n        }\n    ]),\n    await _hardhat.default.Diamond.enablePoolKrAssets([\n        KreskoAsset.address\n    ], [\n        {\n            openFee: (0, _lib.toBig)(0.01),\n            closeFee: (0, _lib.toBig)(0.01),\n            protocolFee: (0, _lib.toBig)(0.25),\n            supplyLimit: (0, _lib.toBig)(1000000)\n        }\n    ])\n]);",
                  "err": {},
                  "uuid": "97b13b9b-c507-4f2b-b994-e764a7bb71ac",
                  "parentUUID": "bb0886de-e743-4ade-9441-183507ef7830",
                  "isHook": true,
                  "skipped": false
                }
              ],
              "afterHooks": [],
              "tests": [
                {
                  "title": "should be able to deposit collateral, not touching individual deposits",
                  "fullTitle": "Collateral Pool #Deposit & Withdraw should be able to deposit collateral, not touching individual deposits",
                  "timedOut": false,
                  "duration": 121,
                  "state": "passed",
                  "speed": "slow",
                  "pass": true,
                  "fail": false,
                  "pending": false,
                  "context": null,
                  "code": "const expectedValueUnadjusted = (0, _lib.toBig)(collateralPrice * depositAmount, 8);\nconst expectedValueAdjusted = (0, _lib.toBig)(collateralPrice / 1 * depositAmount, 8); // cfactor = 1\nconst WITH_FACTORS = false;\nconst WITHOUT_FACTORS = true;\nfor (const user of users){\n    const Kresko = _hardhat.default.Diamond.connect(user);\n    await Kresko.poolDeposit(user.address, CollateralAsset.address, depositAmount18Dec);\n    (0, _chai.expect)(await Kresko.getPoolDepositsAccount(user.address, CollateralAsset.address)).to.equal(depositAmount18Dec);\n    // Unadjusted\n    (0, _chai.expect)(await Kresko.getPoolDepositsValueAccount(user.address, CollateralAsset.address, WITHOUT_FACTORS)).to.equal(expectedValueUnadjusted);\n    (0, _chai.expect)(await Kresko.getPoolTotalDepositsValueAccount(user.address, WITHOUT_FACTORS)).to.equal(expectedValueUnadjusted);\n    // Adjusted\n    (0, _chai.expect)(await Kresko.getPoolTotalDepositsValueAccount(user.address, WITH_FACTORS)).to.equal(expectedValueAdjusted);\n    (0, _chai.expect)(await Kresko.getPoolDepositsValueAccount(user.address, CollateralAsset.address, WITH_FACTORS)).to.equal(expectedValueAdjusted);\n    // regular collateral deposits should be 0\n    (0, _chai.expect)(await Kresko.collateralDeposits(user.address, CollateralAsset.address)).to.equal(0);\n}\n(0, _chai.expect)(await _hardhat.default.Diamond.getPoolDeposits(CollateralAsset.address)).to.equal(depositAmount18Dec.mul(users.length));\n// Unadjusted\nconst globalUnadjusted = await _hardhat.default.Diamond.getPoolStats(WITHOUT_FACTORS);\n(0, _chai.expect)(await _hardhat.default.Diamond.getPoolDepositsValue(CollateralAsset.address, WITHOUT_FACTORS)).to.equal(expectedValueUnadjusted.mul(users.length));\n(0, _chai.expect)(globalUnadjusted.collateralValue).to.equal(expectedValueUnadjusted.mul(users.length));\n(0, _chai.expect)(globalUnadjusted.debtValue).to.equal(0);\n(0, _chai.expect)(globalUnadjusted.cr).to.equal(0);\n// Adjusted\nconst globalAdjusted = await _hardhat.default.Diamond.getPoolStats(WITH_FACTORS);\n(0, _chai.expect)(await _hardhat.default.Diamond.getPoolDepositsValue(CollateralAsset.address, WITH_FACTORS)).to.equal(expectedValueAdjusted.mul(users.length));\n(0, _chai.expect)(globalAdjusted.collateralValue).to.equal(expectedValueUnadjusted.mul(users.length));\n(0, _chai.expect)(globalAdjusted.debtValue).to.equal(0);\n(0, _chai.expect)(globalAdjusted.cr).to.equal(0);",
                  "err": {},
                  "uuid": "23eac5a5-1c78-4475-946c-1a50dfb90162",
                  "parentUUID": "bb0886de-e743-4ade-9441-183507ef7830",
                  "isHook": false,
                  "skipped": false
                },
                {
                  "title": "should be able to deposit multiple collaterals, not touching individual deposits",
                  "fullTitle": "Collateral Pool #Deposit & Withdraw should be able to deposit multiple collaterals, not touching individual deposits",
                  "timedOut": false,
                  "duration": 211,
                  "state": "passed",
                  "speed": "slow",
                  "pass": true,
                  "fail": false,
                  "pending": false,
                  "context": null,
                  "code": "const expectedValueUnadjusted = (0, _lib.toBig)(collateralPrice * depositAmount, 8);\nconst expectedValueAdjusted = (0, _lib.toBig)(collateralPrice / 1 * depositAmount, 8); // cfactor = 1\nconst expectedValueUnadjusted8Dec = (0, _lib.toBig)(collateralPrice * depositAmount, 8);\nconst expectedValueAdjusted8Dec = (0, _lib.toBig)(collateralPrice * 0.8 * depositAmount, 8); // cfactor = 0.8\nconst WITH_FACTORS = false;\nconst WITHOUT_FACTORS = true;\nfor (const user of users){\n    const Kresko = _hardhat.default.Diamond.connect(user);\n    await Kresko.poolDeposit(user.address, CollateralAsset.address, depositAmount18Dec);\n    await Kresko.poolDeposit(user.address, CollateralAsset8Dec.address, depositAmount8Dec);\n    (0, _chai.expect)(await Kresko.getPoolDepositsAccount(user.address, CollateralAsset.address)).to.equal(depositAmount18Dec);\n    (0, _chai.expect)(await Kresko.getPoolDepositsAccount(user.address, CollateralAsset8Dec.address)).to.equal(depositAmount8Dec);\n    // WITHOUT_FACTORS\n    (0, _chai.expect)(await Kresko.getPoolDepositsValueAccount(user.address, CollateralAsset.address, WITHOUT_FACTORS)).to.equal(expectedValueUnadjusted);\n    (0, _chai.expect)(await Kresko.getPoolDepositsValueAccount(user.address, CollateralAsset8Dec.address, WITHOUT_FACTORS)).to.equal(expectedValueUnadjusted8Dec);\n    (0, _chai.expect)(await Kresko.getPoolTotalDepositsValueAccount(user.address, WITHOUT_FACTORS)).to.equal(expectedValueUnadjusted.add(expectedValueUnadjusted8Dec));\n    // WITH_FACTORS\n    (0, _chai.expect)(await Kresko.getPoolDepositsValueAccount(user.address, CollateralAsset.address, WITH_FACTORS)).to.equal(expectedValueAdjusted);\n    (0, _chai.expect)(await Kresko.getPoolDepositsValueAccount(user.address, CollateralAsset8Dec.address, WITH_FACTORS)).to.equal(expectedValueAdjusted8Dec);\n    (0, _chai.expect)(await Kresko.getPoolTotalDepositsValueAccount(user.address, WITH_FACTORS)).to.equal(expectedValueAdjusted.add(expectedValueAdjusted8Dec));\n    // regular collateral deposits should be 0\n    (0, _chai.expect)(await Kresko.collateralDeposits(user.address, CollateralAsset.address)).to.equal(0);\n    (0, _chai.expect)(await Kresko.collateralDeposits(user.address, CollateralAsset8Dec.address)).to.equal(0);\n}\n(0, _chai.expect)(await _hardhat.default.Diamond.getPoolDeposits(CollateralAsset.address)).to.equal(depositAmount18Dec.mul(users.length));\n(0, _chai.expect)(await _hardhat.default.Diamond.getPoolDeposits(CollateralAsset8Dec.address)).to.equal(depositAmount8Dec.mul(users.length));\n// WITH_FACTORS global\nconst valueTotalAdjusted = expectedValueAdjusted.mul(users.length);\nconst valueTotalAdjusted8Dec = expectedValueAdjusted8Dec.mul(users.length);\nconst valueAdjusted = valueTotalAdjusted.add(valueTotalAdjusted8Dec);\n(0, _chai.expect)(await _hardhat.default.Diamond.getPoolDepositsValue(CollateralAsset.address, WITH_FACTORS)).to.equal(valueTotalAdjusted);\n(0, _chai.expect)(await _hardhat.default.Diamond.getPoolDepositsValue(CollateralAsset8Dec.address, WITH_FACTORS)).to.equal(valueTotalAdjusted8Dec);\nconst globalAdjusted = await _hardhat.default.Diamond.getPoolStats(WITH_FACTORS);\n(0, _chai.expect)(globalAdjusted.collateralValue).to.equal(valueAdjusted);\n(0, _chai.expect)(globalAdjusted.debtValue).to.equal(0);\n(0, _chai.expect)(globalAdjusted.cr).to.equal(0);\n// WITHOUT_FACTORS global\nconst valueTotalUnadjusted = expectedValueUnadjusted.mul(users.length);\nconst valueTotalUnadjusted8Dec = expectedValueUnadjusted8Dec.mul(users.length);\nconst valueUnadjusted = valueTotalUnadjusted.add(valueTotalUnadjusted8Dec);\n(0, _chai.expect)(await _hardhat.default.Diamond.getPoolDepositsValue(CollateralAsset.address, WITHOUT_FACTORS)).to.equal(valueTotalUnadjusted);\n(0, _chai.expect)(await _hardhat.default.Diamond.getPoolDepositsValue(CollateralAsset8Dec.address, WITHOUT_FACTORS)).to.equal(valueTotalUnadjusted8Dec);\nconst globalUnadjusted = await _hardhat.default.Diamond.getPoolStats(WITHOUT_FACTORS);\n(0, _chai.expect)(globalUnadjusted.collateralValue).to.equal(valueUnadjusted);\n(0, _chai.expect)(globalUnadjusted.debtValue).to.equal(0);\n(0, _chai.expect)(globalUnadjusted.cr).to.equal(0);",
                  "err": {},
                  "uuid": "fe0c0f9e-282f-4ae9-99f2-02744ea3aa4c",
                  "parentUUID": "bb0886de-e743-4ade-9441-183507ef7830",
                  "isHook": false,
                  "skipped": false
                }
              ],
              "suites": [],
              "passes": [
                "23eac5a5-1c78-4475-946c-1a50dfb90162",
                "fe0c0f9e-282f-4ae9-99f2-02744ea3aa4c"
              ],
              "failures": [],
              "pending": [],
              "skipped": [],
              "duration": 332,
              "root": false,
              "rootEmpty": false,
              "_timeout": 15000
            }
          ],
          "passes": [],
          "failures": [],
          "pending": [],
          "skipped": [],
          "duration": 0,
          "root": false,
          "rootEmpty": false,
          "_timeout": 15000
        }
      ],
      "passes": [],
      "failures": [],
      "pending": [],
      "skipped": [],
      "duration": 0,
      "root": true,
      "rootEmpty": true,
      "_timeout": 15000
    }
  ],
  "meta": {
    "mocha": {
      "version": "10.2.0"
    },
    "mochawesome": {
      "options": {
        "quiet": false,
        "reportFilename": "mochawesome",
        "saveHtml": true,
        "saveJson": true,
        "consoleReporter": "spec",
        "useInlineDiffs": false,
        "code": true
      },
      "version": "7.1.3"
    },
    "marge": {
      "options": null,
      "version": "6.2.0"
    }
  }
}