{
  "stats": {
    "suites": 90,
    "tests": 265,
    "passes": 257,
    "pending": 8,
    "failures": 0,
    "start": "2023-05-16T20:02:44.454Z",
    "end": "2023-05-16T20:06:01.272Z",
    "duration": 196818,
    "testsRegistered": 265,
    "passPercent": 100,
    "pendingPercent": 3.018867924528302,
    "other": 0,
    "hasOther": false,
    "skipped": 0,
    "hasSkipped": false
  },
  "results": [
    {
      "uuid": "8ac04439-5cae-4a9c-8ae5-a60af606644f",
      "title": "",
      "fullFile": "",
      "file": "",
      "beforeHooks": [],
      "afterHooks": [],
      "tests": [],
      "suites": [
        {
          "uuid": "dc75e0ef-cd00-4ca1-bdbb-7b9c7887a5b0",
          "title": "Asset Amounts & Values",
          "fullFile": "/Users/panukettunen/Projects/kresko-protocol/src/test/asset-values/00-asset-values.ts",
          "file": "/src/test/asset-values/00-asset-values.ts",
          "beforeHooks": [
            {
              "title": "\"before each\" hook in \"Asset Amounts & Values\"",
              "fullTitle": "Asset Amounts & Values \"before each\" hook in \"Asset Amounts & Values\"",
              "timedOut": false,
              "duration": 18,
              "state": null,
              "speed": null,
              "pass": false,
              "fail": false,
              "pending": false,
              "context": null,
              "code": "const fixture = await hardhat_1.default.deployments.createFixture(async (hre) => {\n    const result = await hre.deployments.fixture(fixtureName);\n    if (result.Diamond) {\n        hre.Diamond = await hre.getContractOrFork(\"Kresko\");\n    }\n    return {\n        facets: result.Diamond ? result.Diamond.facets : [],\n        collaterals: hre.collaterals,\n        krAssets: hre.krAssets,\n    };\n})();\nthis.facets = fixture.facets || [];\nthis.collaterals = fixture.collaterals;\nthis.krAssets = fixture.krAssets;",
              "err": {},
              "uuid": "1a357ad9-1832-4fb2-a69e-071bf2002390",
              "parentUUID": "dc75e0ef-cd00-4ca1-bdbb-7b9c7887a5b0",
              "isHook": true,
              "skipped": false
            },
            {
              "title": "\"before each\" hook in \"Asset Amounts & Values\"",
              "fullTitle": "Asset Amounts & Values \"before each\" hook in \"Asset Amounts & Values\"",
              "timedOut": false,
              "duration": 4687,
              "state": null,
              "speed": null,
              "pass": false,
              "fail": false,
              "pending": false,
              "context": null,
              "code": "user = hardhat_1.default.users.testUserSeven;\noracleDecimals = await hardhat_1.default.Diamond.extOracleDecimals();\nKreskoAsset = await (0, krassets_1.addMockKreskoAsset)({\n    name: \"KreskoAssetPrice10USD\",\n    price: collateralPrice,\n    symbol: \"KreskoAssetPrice10USD\",\n    closeFee: 0.1,\n    openFee: 0.1,\n    marketOpen: true,\n    factor: 2,\n    supplyLimit: 10,\n});\nCollateralAsset = await (0, collaterals_1.addMockCollateralAsset)({\n    name: \"Collateral18Dec\",\n    price: kreskoAssetPrice,\n    factor: 0.5,\n    decimals: 18,\n});\nCollateralAsset8Dec = await (0, collaterals_1.addMockCollateralAsset)({\n    name: \"Collateral8Dec\",\n    price: kreskoAssetPrice,\n    factor: 0.5,\n    decimals: 8, // eg USDT\n});\nCollateralAsset21Dec = await (0, collaterals_1.addMockCollateralAsset)({\n    name: \"Collateral21Dec\",\n    price: kreskoAssetPrice,\n    factor: 0.5,\n    decimals: 21, // more\n});\nawait CollateralAsset.setBalance(user, (0, lib_1.toBig)(startingBalance));\nawait CollateralAsset8Dec.setBalance(user, (0, lib_1.toBig)(startingBalance, 8));\nawait CollateralAsset21Dec.setBalance(user, (0, lib_1.toBig)(startingBalance, 21));\nawait CollateralAsset.contract.connect(user).approve(hardhat_1.default.Diamond.address, hardhat_1.default.ethers.constants.MaxUint256);\nawait CollateralAsset8Dec.contract.connect(user).approve(hardhat_1.default.Diamond.address, hardhat_1.default.ethers.constants.MaxUint256);\nawait CollateralAsset21Dec.contract.connect(user).approve(hardhat_1.default.Diamond.address, hardhat_1.default.ethers.constants.MaxUint256);",
              "err": {},
              "uuid": "94afccc2-59fb-487e-9fab-5728c8bebaac",
              "parentUUID": "dc75e0ef-cd00-4ca1-bdbb-7b9c7887a5b0",
              "isHook": true,
              "skipped": false
            }
          ],
          "afterHooks": [],
          "tests": [],
          "suites": [
            {
              "uuid": "4a82aadb-530b-4325-aaa1-8dc0a6d4a1d8",
              "title": "#Collateral Deposit Values",
              "fullFile": "/Users/panukettunen/Projects/kresko-protocol/src/test/asset-values/00-asset-values.ts",
              "file": "/src/test/asset-values/00-asset-values.ts",
              "beforeHooks": [],
              "afterHooks": [],
              "tests": [
                {
                  "title": "should return the correct deposit value with 18 decimals",
                  "fullTitle": "Asset Amounts & Values #Collateral Deposit Values should return the correct deposit value with 18 decimals",
                  "timedOut": false,
                  "duration": 16,
                  "state": "passed",
                  "speed": "fast",
                  "pass": true,
                  "fail": false,
                  "pending": false,
                  "context": null,
                  "code": "const depositAmount = (0, lib_1.toBig)(10);\nconst expectedDepositValue = (0, lib_1.toBig)(50, oracleDecimals); // cfactor = 0.5, collateralPrice = 10, depositAmount = 10\nawait hardhat_1.default.Diamond.connect(user).depositCollateral(user.address, CollateralAsset.address, depositAmount);\nconst depositValue = await hardhat_1.default.Diamond.getAccountCollateralValue(user.address);\n(0, chai_1.expect)(depositValue).to.equal(expectedDepositValue);",
                  "err": {},
                  "uuid": "dc508c90-a14f-4334-9313-41f6276f1a3f",
                  "parentUUID": "4a82aadb-530b-4325-aaa1-8dc0a6d4a1d8",
                  "isHook": false,
                  "skipped": false
                },
                {
                  "title": "should return the correct deposit value with less than 18 decimals",
                  "fullTitle": "Asset Amounts & Values #Collateral Deposit Values should return the correct deposit value with less than 18 decimals",
                  "timedOut": false,
                  "duration": 20,
                  "state": "passed",
                  "speed": "fast",
                  "pass": true,
                  "fail": false,
                  "pending": false,
                  "context": null,
                  "code": "const depositAmount = (0, lib_1.toBig)(10, 8);\nconst expectedDepositValue = (0, lib_1.toBig)(50, oracleDecimals); // cfactor = 0.5, collateralPrice = 10, depositAmount = 10\nawait hardhat_1.default.Diamond.connect(user).depositCollateral(user.address, CollateralAsset8Dec.address, depositAmount);\nconst depositValue = await hardhat_1.default.Diamond.getAccountCollateralValue(user.address);\n(0, chai_1.expect)(depositValue).to.equal(expectedDepositValue);",
                  "err": {},
                  "uuid": "d10defeb-96c8-4bcb-8035-838067270940",
                  "parentUUID": "4a82aadb-530b-4325-aaa1-8dc0a6d4a1d8",
                  "isHook": false,
                  "skipped": false
                },
                {
                  "title": "should return the correct deposit value with over 18 decimals",
                  "fullTitle": "Asset Amounts & Values #Collateral Deposit Values should return the correct deposit value with over 18 decimals",
                  "timedOut": false,
                  "duration": 20,
                  "state": "passed",
                  "speed": "fast",
                  "pass": true,
                  "fail": false,
                  "pending": false,
                  "context": null,
                  "code": "const depositAmount = (0, lib_1.toBig)(10, 21);\nconst expectedDepositValue = (0, lib_1.toBig)(50, oracleDecimals); // cfactor = 0.5, collateralPrice = 10, depositAmount = 10\nawait hardhat_1.default.Diamond.connect(user).depositCollateral(user.address, CollateralAsset21Dec.address, depositAmount);\nconst depositValue = await hardhat_1.default.Diamond.getAccountCollateralValue(user.address);\n(0, chai_1.expect)(depositValue).to.equal(expectedDepositValue);",
                  "err": {},
                  "uuid": "01ca5185-2db3-47ad-8f56-b01cd3f4ca43",
                  "parentUUID": "4a82aadb-530b-4325-aaa1-8dc0a6d4a1d8",
                  "isHook": false,
                  "skipped": false
                },
                {
                  "title": "should return the correct deposit value combination of different decimals",
                  "fullTitle": "Asset Amounts & Values #Collateral Deposit Values should return the correct deposit value combination of different decimals",
                  "timedOut": false,
                  "duration": 47,
                  "state": "passed",
                  "speed": "medium",
                  "pass": true,
                  "fail": false,
                  "pending": false,
                  "context": null,
                  "code": "await hardhat_1.default.Diamond.connect(user).depositCollateral(user.address, CollateralAsset.address, (0, lib_1.toBig)(10));\nawait hardhat_1.default.Diamond.connect(user).depositCollateral(user.address, CollateralAsset8Dec.address, (0, lib_1.toBig)(10, 8));\nawait hardhat_1.default.Diamond.connect(user).depositCollateral(user.address, CollateralAsset21Dec.address, (0, lib_1.toBig)(10, 21));\nconst expectedDepositValue = (0, lib_1.toBig)(150, oracleDecimals); // cfactor = 0.5, collateralPrice = 10, depositAmount = 30\nconst depositValue = await hardhat_1.default.Diamond.getAccountCollateralValue(user.address);\n(0, chai_1.expect)(depositValue).to.equal(expectedDepositValue);",
                  "err": {},
                  "uuid": "6d0cf6d9-937c-463f-a351-179101b1b82e",
                  "parentUUID": "4a82aadb-530b-4325-aaa1-8dc0a6d4a1d8",
                  "isHook": false,
                  "skipped": false
                }
              ],
              "suites": [],
              "passes": [
                "dc508c90-a14f-4334-9313-41f6276f1a3f",
                "d10defeb-96c8-4bcb-8035-838067270940",
                "01ca5185-2db3-47ad-8f56-b01cd3f4ca43",
                "6d0cf6d9-937c-463f-a351-179101b1b82e"
              ],
              "failures": [],
              "pending": [],
              "skipped": [],
              "duration": 103,
              "root": false,
              "rootEmpty": false,
              "_timeout": 15000
            },
            {
              "uuid": "074ac81c-8125-4ced-a6c6-530fbb2e938c",
              "title": "#Collateral Deposit Amount",
              "fullFile": "/Users/panukettunen/Projects/kresko-protocol/src/test/asset-values/00-asset-values.ts",
              "file": "/src/test/asset-values/00-asset-values.ts",
              "beforeHooks": [],
              "afterHooks": [],
              "tests": [
                {
                  "title": "should return the correct deposit amount with 18 decimals",
                  "fullTitle": "Asset Amounts & Values #Collateral Deposit Amount should return the correct deposit amount with 18 decimals",
                  "timedOut": false,
                  "duration": 44,
                  "state": "passed",
                  "speed": "medium",
                  "pass": true,
                  "fail": false,
                  "pending": false,
                  "context": null,
                  "code": "const depositAmount = (0, lib_1.toBig)(10);\nawait hardhat_1.default.Diamond.connect(user).depositCollateral(user.address, CollateralAsset.address, depositAmount);\nconst withdrawIndex = await hardhat_1.default.Diamond.getDepositedCollateralAssetIndex(user.address, CollateralAsset.address);\nconst deposits = await hardhat_1.default.Diamond.collateralDeposits(user.address, CollateralAsset.address);\n(0, chai_1.expect)(deposits).to.equal(depositAmount);\nawait hardhat_1.default.Diamond.connect(user).withdrawCollateral(user.address, CollateralAsset.address, depositAmount, withdrawIndex);\nconst balance = await CollateralAsset.contract.balanceOf(user.address);\n(0, chai_1.expect)(balance).to.equal((0, lib_1.toBig)(startingBalance));",
                  "err": {},
                  "uuid": "1a981688-ba0f-43d2-8616-d116d8c43fc3",
                  "parentUUID": "074ac81c-8125-4ced-a6c6-530fbb2e938c",
                  "isHook": false,
                  "skipped": false
                },
                {
                  "title": "should return the correct deposit amount with less than 18 decimals",
                  "fullTitle": "Asset Amounts & Values #Collateral Deposit Amount should return the correct deposit amount with less than 18 decimals",
                  "timedOut": false,
                  "duration": 48,
                  "state": "passed",
                  "speed": "medium",
                  "pass": true,
                  "fail": false,
                  "pending": false,
                  "context": null,
                  "code": "const depositAmount = (0, lib_1.toBig)(10, 8);\nawait hardhat_1.default.Diamond.connect(user).depositCollateral(user.address, CollateralAsset8Dec.address, depositAmount);\nconst withdrawIndex = await hardhat_1.default.Diamond.getDepositedCollateralAssetIndex(user.address, CollateralAsset8Dec.address);\nconst deposits = await hardhat_1.default.Diamond.collateralDeposits(user.address, CollateralAsset8Dec.address);\n(0, chai_1.expect)(deposits).to.equal(depositAmount);\nawait hardhat_1.default.Diamond.connect(user).withdrawCollateral(user.address, CollateralAsset8Dec.address, depositAmount, withdrawIndex);\nconst balance = await CollateralAsset8Dec.contract.balanceOf(user.address);\n(0, chai_1.expect)(balance).to.equal((0, lib_1.toBig)(startingBalance, 8));",
                  "err": {},
                  "uuid": "3a140f4d-3f5e-46d5-8e16-9736b1f8c329",
                  "parentUUID": "074ac81c-8125-4ced-a6c6-530fbb2e938c",
                  "isHook": false,
                  "skipped": false
                },
                {
                  "title": "should return the correct deposit value with over 18 decimals",
                  "fullTitle": "Asset Amounts & Values #Collateral Deposit Amount should return the correct deposit value with over 18 decimals",
                  "timedOut": false,
                  "duration": 60,
                  "state": "passed",
                  "speed": "medium",
                  "pass": true,
                  "fail": false,
                  "pending": false,
                  "context": null,
                  "code": "const depositAmount = (0, lib_1.toBig)(10, 21);\nawait hardhat_1.default.Diamond.connect(user).depositCollateral(user.address, CollateralAsset21Dec.address, depositAmount);\nconst withdrawIndex = await hardhat_1.default.Diamond.getDepositedCollateralAssetIndex(user.address, CollateralAsset21Dec.address);\nconst deposits = await hardhat_1.default.Diamond.collateralDeposits(user.address, CollateralAsset21Dec.address);\n(0, chai_1.expect)(deposits).to.equal(depositAmount);\nawait hardhat_1.default.Diamond.connect(user).withdrawCollateral(user.address, CollateralAsset21Dec.address, depositAmount, withdrawIndex);\nconst balance = await CollateralAsset21Dec.contract.balanceOf(user.address);\n(0, chai_1.expect)(balance).to.equal((0, lib_1.toBig)(startingBalance, 21));",
                  "err": {},
                  "uuid": "02099b19-bc0a-40a4-82c4-4462a5108582",
                  "parentUUID": "074ac81c-8125-4ced-a6c6-530fbb2e938c",
                  "isHook": false,
                  "skipped": false
                }
              ],
              "suites": [],
              "passes": [
                "1a981688-ba0f-43d2-8616-d116d8c43fc3",
                "3a140f4d-3f5e-46d5-8e16-9736b1f8c329",
                "02099b19-bc0a-40a4-82c4-4462a5108582"
              ],
              "failures": [],
              "pending": [],
              "skipped": [],
              "duration": 152,
              "root": false,
              "rootEmpty": false,
              "_timeout": 15000
            },
            {
              "uuid": "92b61efe-3448-4a91-a813-fdfa9fd353cc",
              "title": "#Kresko Asset Debt Values",
              "fullFile": "/Users/panukettunen/Projects/kresko-protocol/src/test/asset-values/00-asset-values.ts",
              "file": "/src/test/asset-values/00-asset-values.ts",
              "beforeHooks": [],
              "afterHooks": [],
              "tests": [
                {
                  "title": "should return the correct debt value (+CR) with 18 decimal collateral",
                  "fullTitle": "Asset Amounts & Values #Kresko Asset Debt Values should return the correct debt value (+CR) with 18 decimal collateral",
                  "timedOut": false,
                  "duration": 146,
                  "state": "passed",
                  "speed": "slow",
                  "pass": true,
                  "fail": false,
                  "pending": false,
                  "context": null,
                  "code": "const depositAmount = (0, lib_1.toBig)(10);\nawait hardhat_1.default.Diamond.connect(user).depositCollateral(user.address, CollateralAsset.address, depositAmount);\nconst mintAmount = (0, lib_1.toBig)(1);\nconst expectedMintValue = (0, lib_1.toBig)(20, oracleDecimals); // kFactor = 2, krAssetPrice = 10, mintAmount = 1, openFee = 0.1\nawait hardhat_1.default.Diamond.connect(user).mintKreskoAsset(user.address, KreskoAsset.address, mintAmount);\nconst expectedDepositValue = (0, lib_1.toBig)(49.5, oracleDecimals); // cfactor = 0.5, collateralPrice = 10, depositAmount = 10, openFee = 0.1\nconst depositValue = await hardhat_1.default.Diamond.getAccountCollateralValue(user.address);\n(0, chai_1.expect)(depositValue).to.equal(expectedDepositValue);\nconst mintValue = await hardhat_1.default.Diamond.getAccountKrAssetValue(user.address);\n(0, chai_1.expect)(mintValue).to.equal(expectedMintValue);\nconst assetValue = await hardhat_1.default.Diamond.getKrAssetValue(KreskoAsset.address, mintAmount, true);\nconst kFactor = (await hardhat_1.default.Diamond.kreskoAsset(KreskoAsset.address)).kFactor;\n(0, chai_1.expect)(assetValue).to.equal(expectedMintValue.wadDiv(kFactor));\nconst collateralRatio = await (0, liquidations_1.getCR)(user.address, true); // big\n(0, chai_1.expect)(collateralRatio).to.equal(expectedDepositValue.wadDiv(expectedMintValue)); // 2.475",
                  "err": {},
                  "uuid": "518d4487-ea52-49a8-ac5d-40346aac5a07",
                  "parentUUID": "92b61efe-3448-4a91-a813-fdfa9fd353cc",
                  "isHook": false,
                  "skipped": false
                },
                {
                  "title": "should return the correct debt value (+CR) with less than 18 decimal collateral",
                  "fullTitle": "Asset Amounts & Values #Kresko Asset Debt Values should return the correct debt value (+CR) with less than 18 decimal collateral",
                  "timedOut": false,
                  "duration": 171,
                  "state": "passed",
                  "speed": "slow",
                  "pass": true,
                  "fail": false,
                  "pending": false,
                  "context": null,
                  "code": "const depositAmount = (0, lib_1.toBig)(10, 8);\nawait hardhat_1.default.Diamond.connect(user).depositCollateral(user.address, CollateralAsset8Dec.address, depositAmount);\nconst mintAmount = (0, lib_1.toBig)(1);\nconst expectedMintValue = (0, lib_1.toBig)(20, oracleDecimals); // kFactor = 2, krAssetPrice = 10, mintAmount = 1, openFee = 0.1\nawait hardhat_1.default.Diamond.connect(user).mintKreskoAsset(user.address, KreskoAsset.address, mintAmount);\nconst expectedDepositValue = (0, lib_1.toBig)(49.5, oracleDecimals); // cfactor = 0.5, collateralPrice = 10, depositAmount = 10, openFee = 0.1\nconst depositValue = await hardhat_1.default.Diamond.getAccountCollateralValue(user.address);\n(0, chai_1.expect)(depositValue).to.equal(expectedDepositValue);\nconst mintValue = await hardhat_1.default.Diamond.getAccountKrAssetValue(user.address);\n(0, chai_1.expect)(mintValue).to.equal(expectedMintValue);\nconst assetValue = await hardhat_1.default.Diamond.getKrAssetValue(KreskoAsset.address, mintAmount, true);\nconst kFactor = (await hardhat_1.default.Diamond.kreskoAsset(KreskoAsset.address)).kFactor;\n(0, chai_1.expect)(assetValue).to.equal(expectedMintValue.wadDiv(kFactor));\nconst collateralRatio = await (0, liquidations_1.getCR)(user.address, true); // big\n(0, chai_1.expect)(collateralRatio).to.equal(expectedDepositValue.wadDiv(expectedMintValue)); // 2.475",
                  "err": {},
                  "uuid": "3c6b284e-a8fa-4b58-b467-ebb45b2f167b",
                  "parentUUID": "92b61efe-3448-4a91-a813-fdfa9fd353cc",
                  "isHook": false,
                  "skipped": false
                },
                {
                  "title": "should return the correct debt value (+CR) with more than 18 decimal collateral",
                  "fullTitle": "Asset Amounts & Values #Kresko Asset Debt Values should return the correct debt value (+CR) with more than 18 decimal collateral",
                  "timedOut": false,
                  "duration": 169,
                  "state": "passed",
                  "speed": "slow",
                  "pass": true,
                  "fail": false,
                  "pending": false,
                  "context": null,
                  "code": "const depositAmount = (0, lib_1.toBig)(10, 21);\nawait hardhat_1.default.Diamond.connect(user).depositCollateral(user.address, CollateralAsset21Dec.address, depositAmount);\nconst mintAmount = (0, lib_1.toBig)(1);\nconst expectedMintValue = (0, lib_1.toBig)(20, oracleDecimals); // kFactor = 2, krAssetPrice = 10, mintAmount = 1, openFee = 0.1\nawait hardhat_1.default.Diamond.connect(user).mintKreskoAsset(user.address, KreskoAsset.address, mintAmount);\nconst expectedDepositValue = (0, lib_1.toBig)(49.5, oracleDecimals); // cfactor = 0.5, collateralPrice = 10, depositAmount = 10, openFee = 0.1\nconst depositValue = await hardhat_1.default.Diamond.getAccountCollateralValue(user.address);\n(0, chai_1.expect)(depositValue).to.equal(expectedDepositValue);\nconst mintValue = await hardhat_1.default.Diamond.getAccountKrAssetValue(user.address);\n(0, chai_1.expect)(mintValue).to.equal(expectedMintValue);\nconst assetValue = await hardhat_1.default.Diamond.getKrAssetValue(KreskoAsset.address, mintAmount, true);\nconst kFactor = (await hardhat_1.default.Diamond.kreskoAsset(KreskoAsset.address)).kFactor;\n(0, chai_1.expect)(assetValue).to.equal(expectedMintValue.wadDiv(kFactor));\nconst collateralRatio = await (0, liquidations_1.getCR)(user.address, true); // big\n(0, chai_1.expect)(collateralRatio).to.equal(expectedDepositValue.wadDiv(expectedMintValue)); // 2.475",
                  "err": {},
                  "uuid": "aa94e312-4a2a-4c61-bbf1-94b3c8db911f",
                  "parentUUID": "92b61efe-3448-4a91-a813-fdfa9fd353cc",
                  "isHook": false,
                  "skipped": false
                }
              ],
              "suites": [],
              "passes": [
                "518d4487-ea52-49a8-ac5d-40346aac5a07",
                "3c6b284e-a8fa-4b58-b467-ebb45b2f167b",
                "aa94e312-4a2a-4c61-bbf1-94b3c8db911f"
              ],
              "failures": [],
              "pending": [],
              "skipped": [],
              "duration": 486,
              "root": false,
              "rootEmpty": false,
              "_timeout": 15000
            }
          ],
          "passes": [],
          "failures": [],
          "pending": [],
          "skipped": [],
          "duration": 0,
          "root": false,
          "rootEmpty": false,
          "_timeout": 15000
        },
        {
          "uuid": "7be9a35c-c2af-420c-bfa5-e9bf01f8613d",
          "title": "Diamond",
          "fullFile": "/Users/panukettunen/Projects/kresko-protocol/src/test/diamond/00-init.ts",
          "file": "/src/test/diamond/00-init.ts",
          "beforeHooks": [
            {
              "title": "\"before each\" hook in \"Diamond\"",
              "fullTitle": "Diamond \"before each\" hook in \"Diamond\"",
              "timedOut": false,
              "duration": 18,
              "state": null,
              "speed": null,
              "pass": false,
              "fail": false,
              "pending": false,
              "context": null,
              "code": "const fixture = await hardhat_1.default.deployments.createFixture(async (hre) => {\n    const result = await hre.deployments.fixture(fixtureName);\n    if (result.Diamond) {\n        hre.Diamond = await hre.getContractOrFork(\"Kresko\");\n    }\n    return {\n        facets: result.Diamond ? result.Diamond.facets : [],\n        collaterals: hre.collaterals,\n        krAssets: hre.krAssets,\n    };\n})();\nthis.facets = fixture.facets || [];\nthis.collaterals = fixture.collaterals;\nthis.krAssets = fixture.krAssets;",
              "err": {},
              "uuid": "7fa316af-9ef6-4a92-aa7a-1380ed5b1f40",
              "parentUUID": "7be9a35c-c2af-420c-bfa5-e9bf01f8613d",
              "isHook": true,
              "skipped": false
            }
          ],
          "afterHooks": [],
          "tests": [],
          "suites": [
            {
              "uuid": "c61673a2-5517-4ba4-97c9-9c3dc462d4ee",
              "title": "#initialization",
              "fullFile": "/Users/panukettunen/Projects/kresko-protocol/src/test/diamond/00-init.ts",
              "file": "/src/test/diamond/00-init.ts",
              "beforeHooks": [],
              "afterHooks": [],
              "tests": [
                {
                  "title": "sets correct state",
                  "fullTitle": "Diamond #initialization sets correct state",
                  "timedOut": false,
                  "duration": 14,
                  "state": "passed",
                  "speed": "fast",
                  "pass": true,
                  "fail": false,
                  "pending": false,
                  "context": null,
                  "code": "(0, chai_1.expect)(await hardhat_1.default.Diamond.owner()).to.equal(hardhat_1.default.users.deployer.address);\n(0, chai_1.expect)(await hardhat_1.default.Diamond.initialized()).to.equal(true);",
                  "err": {},
                  "uuid": "7ffb16ca-f021-423c-828b-88b0c18b8bef",
                  "parentUUID": "c61673a2-5517-4ba4-97c9-9c3dc462d4ee",
                  "isHook": false,
                  "skipped": false
                },
                {
                  "title": "sets standard facet addresses",
                  "fullTitle": "Diamond #initialization sets standard facet addresses",
                  "timedOut": false,
                  "duration": 30,
                  "state": "passed",
                  "speed": "fast",
                  "pass": true,
                  "fail": false,
                  "pending": false,
                  "context": null,
                  "code": "const facetAddressesOnChain = (await hardhat_1.default.Diamond.facets()).map(f => f.facetAddress);\nconst facetAddressesArtifact = this.facets.map(f => f.facetAddress);\n(0, chai_1.expect)(facetAddressesOnChain.length).to.equal(facetAddressesArtifact.length);\n(0, chai_1.expect)(facetAddressesOnChain).to.have.members(facetAddressesArtifact);",
                  "err": {},
                  "uuid": "e69bd8b9-61dc-4f0d-8004-1a74fd28363f",
                  "parentUUID": "c61673a2-5517-4ba4-97c9-9c3dc462d4ee",
                  "isHook": false,
                  "skipped": false
                },
                {
                  "title": "sets selectors of standard facets",
                  "fullTitle": "Diamond #initialization sets selectors of standard facets",
                  "timedOut": false,
                  "duration": 26,
                  "state": "passed",
                  "speed": "fast",
                  "pass": true,
                  "fail": false,
                  "pending": false,
                  "context": null,
                  "code": "const facetsSelectorsOnChain = (await hardhat_1.default.Diamond.facets()).flatMap(f => f.functionSelectors);\nconst facetSelectorsOnArtifact = this.facets.flatMap(f => f.functionSelectors);\n(0, chai_1.expect)(facetsSelectorsOnChain.length).to.equal(facetSelectorsOnArtifact.length);\n(0, chai_1.expect)(facetsSelectorsOnChain).to.have.members(facetSelectorsOnArtifact);",
                  "err": {},
                  "uuid": "53753199-c41e-494c-813f-3fdc003cf51e",
                  "parentUUID": "c61673a2-5517-4ba4-97c9-9c3dc462d4ee",
                  "isHook": false,
                  "skipped": false
                }
              ],
              "suites": [],
              "passes": [
                "7ffb16ca-f021-423c-828b-88b0c18b8bef",
                "e69bd8b9-61dc-4f0d-8004-1a74fd28363f",
                "53753199-c41e-494c-813f-3fdc003cf51e"
              ],
              "failures": [],
              "pending": [],
              "skipped": [],
              "duration": 70,
              "root": false,
              "rootEmpty": false,
              "_timeout": 15000
            }
          ],
          "passes": [],
          "failures": [],
          "pending": [],
          "skipped": [],
          "duration": 0,
          "root": false,
          "rootEmpty": false,
          "_timeout": 15000
        },
        {
          "uuid": "65935e70-88f3-4155-8326-30ff3a12b4fb",
          "title": "Diamond",
          "fullFile": "/Users/panukettunen/Projects/kresko-protocol/src/test/diamond/01-ownership.ts",
          "file": "/src/test/diamond/01-ownership.ts",
          "beforeHooks": [
            {
              "title": "\"before each\" hook in \"Diamond\"",
              "fullTitle": "Diamond \"before each\" hook in \"Diamond\"",
              "timedOut": false,
              "duration": 18,
              "state": null,
              "speed": null,
              "pass": false,
              "fail": false,
              "pending": false,
              "context": null,
              "code": "const fixture = await hardhat_1.default.deployments.createFixture(async (hre) => {\n    const result = await hre.deployments.fixture(fixtureName);\n    if (result.Diamond) {\n        hre.Diamond = await hre.getContractOrFork(\"Kresko\");\n    }\n    return {\n        facets: result.Diamond ? result.Diamond.facets : [],\n        collaterals: hre.collaterals,\n        krAssets: hre.krAssets,\n    };\n})();\nthis.facets = fixture.facets || [];\nthis.collaterals = fixture.collaterals;\nthis.krAssets = fixture.krAssets;",
              "err": {},
              "uuid": "6ae9f75a-ff7c-477e-a48e-9e604f74fd9e",
              "parentUUID": "65935e70-88f3-4155-8326-30ff3a12b4fb",
              "isHook": true,
              "skipped": false
            }
          ],
          "afterHooks": [],
          "tests": [],
          "suites": [
            {
              "uuid": "dea36f70-8a9b-416d-8568-95d8017670ef",
              "title": "#ownership",
              "fullFile": "/Users/panukettunen/Projects/kresko-protocol/src/test/diamond/01-ownership.ts",
              "file": "/src/test/diamond/01-ownership.ts",
              "beforeHooks": [],
              "afterHooks": [],
              "tests": [
                {
                  "title": "sets correct owner",
                  "fullTitle": "Diamond #ownership sets correct owner",
                  "timedOut": false,
                  "duration": 8,
                  "state": "passed",
                  "speed": "fast",
                  "pass": true,
                  "fail": false,
                  "pending": false,
                  "context": null,
                  "code": "(0, chai_1.expect)(await hardhat_1.default.Diamond.owner()).to.equal(hardhat_1.default.addr.deployer);",
                  "err": {},
                  "uuid": "2a5120e9-5262-4a56-8499-85770781628e",
                  "parentUUID": "dea36f70-8a9b-416d-8568-95d8017670ef",
                  "isHook": false,
                  "skipped": false
                },
                {
                  "title": "sets correct default admin role",
                  "fullTitle": "Diamond #ownership sets correct default admin role",
                  "timedOut": false,
                  "duration": 10,
                  "state": "passed",
                  "speed": "fast",
                  "pass": true,
                  "fail": false,
                  "pending": false,
                  "context": null,
                  "code": "(0, chai_1.expect)(await hardhat_1.default.Diamond.hasRole(test_1.Role.ADMIN, hardhat_1.default.addr.deployer)).to.equal(true);",
                  "err": {},
                  "uuid": "04c9be32-e5d0-48ed-9719-589d3af95319",
                  "parentUUID": "dea36f70-8a9b-416d-8568-95d8017670ef",
                  "isHook": false,
                  "skipped": false
                },
                {
                  "title": "sets a new pending owner",
                  "fullTitle": "Diamond #ownership sets a new pending owner",
                  "timedOut": false,
                  "duration": 13,
                  "state": "passed",
                  "speed": "fast",
                  "pass": true,
                  "fail": false,
                  "pending": false,
                  "context": null,
                  "code": "const pendingOwner = hardhat_1.default.users.userOne;\nawait hardhat_1.default.Diamond.transferOwnership(pendingOwner.address);\n(0, chai_1.expect)(await hardhat_1.default.Diamond.pendingOwner()).to.equal(pendingOwner.address);",
                  "err": {},
                  "uuid": "1cc71269-8b77-4ed9-b56a-eacdef9741ea",
                  "parentUUID": "dea36f70-8a9b-416d-8568-95d8017670ef",
                  "isHook": false,
                  "skipped": false
                },
                {
                  "title": "sets the pending owner as new owner",
                  "fullTitle": "Diamond #ownership sets the pending owner as new owner",
                  "timedOut": false,
                  "duration": 24,
                  "state": "passed",
                  "speed": "fast",
                  "pass": true,
                  "fail": false,
                  "pending": false,
                  "context": null,
                  "code": "const pendingOwner = hardhat_1.default.users.userOne;\nawait hardhat_1.default.Diamond.transferOwnership(pendingOwner.address);\nawait hardhat_1.default.Diamond.connect(pendingOwner).acceptOwnership();\n(0, chai_1.expect)(await hardhat_1.default.Diamond.owner()).to.equal(pendingOwner.address);",
                  "err": {},
                  "uuid": "601e1b3e-48b6-4fc2-83e6-65ce99262887",
                  "parentUUID": "dea36f70-8a9b-416d-8568-95d8017670ef",
                  "isHook": false,
                  "skipped": false
                }
              ],
              "suites": [],
              "passes": [
                "2a5120e9-5262-4a56-8499-85770781628e",
                "04c9be32-e5d0-48ed-9719-589d3af95319",
                "1cc71269-8b77-4ed9-b56a-eacdef9741ea",
                "601e1b3e-48b6-4fc2-83e6-65ce99262887"
              ],
              "failures": [],
              "pending": [],
              "skipped": [],
              "duration": 55,
              "root": false,
              "rootEmpty": false,
              "_timeout": 15000
            }
          ],
          "passes": [],
          "failures": [],
          "pending": [],
          "skipped": [],
          "duration": 0,
          "root": false,
          "rootEmpty": false,
          "_timeout": 15000
        },
        {
          "uuid": "dd335846-ff4c-4ad0-86c5-b5c9e10508f9",
          "title": "Diamond",
          "fullFile": "/Users/panukettunen/Projects/kresko-protocol/src/test/diamond/02-upgrades.ts",
          "file": "/src/test/diamond/02-upgrades.ts",
          "beforeHooks": [
            {
              "title": "\"before each\" hook in \"Diamond\"",
              "fullTitle": "Diamond \"before each\" hook in \"Diamond\"",
              "timedOut": false,
              "duration": 156,
              "state": null,
              "speed": null,
              "pass": false,
              "fail": false,
              "pending": false,
              "context": null,
              "code": "const fixture = await hardhat_1.default.deployments.createFixture(async (hre) => {\n    const result = await hre.deployments.fixture(fixtureName);\n    if (result.Diamond) {\n        hre.Diamond = await hre.getContractOrFork(\"Kresko\");\n    }\n    return {\n        facets: result.Diamond ? result.Diamond.facets : [],\n        collaterals: hre.collaterals,\n        krAssets: hre.krAssets,\n    };\n})();\nthis.facets = fixture.facets || [];\nthis.collaterals = fixture.collaterals;\nthis.krAssets = fixture.krAssets;",
              "err": {},
              "uuid": "4c05e6d5-7451-4360-946d-14e7b407b7d9",
              "parentUUID": "dd335846-ff4c-4ad0-86c5-b5c9e10508f9",
              "isHook": true,
              "skipped": false
            }
          ],
          "afterHooks": [],
          "tests": [],
          "suites": [
            {
              "uuid": "2bb5f088-6c27-489f-866f-311c24319c53",
              "title": "#upgrades",
              "fullFile": "/Users/panukettunen/Projects/kresko-protocol/src/test/diamond/02-upgrades.ts",
              "file": "/src/test/diamond/02-upgrades.ts",
              "beforeHooks": [],
              "afterHooks": [],
              "tests": [
                {
                  "title": "can add a new facet",
                  "fullTitle": "Diamond #upgrades can add a new facet",
                  "timedOut": false,
                  "duration": 291,
                  "state": "passed",
                  "speed": "slow",
                  "pass": true,
                  "fail": false,
                  "pending": false,
                  "context": null,
                  "code": "const Factory = await smock_1.smock.mock(\"SmockFacet\");\nconst SmockFacet = await Factory.deploy();\nconst [SmockInitializer] = await hardhat_1.default.deploy(\"SmockInit\");\nconst signatures = hardhat_1.default.getSignatures([...typechain_1.SmockFacet__factory.abi]);\nconst Cut = {\n    facetAddress: SmockFacet.address,\n    functionSelectors: signatures,\n    action: types_1.FacetCutAction.Add,\n};\nconst initData = await SmockInitializer.populateTransaction.initialize(hardhat_1.default.addr.userOne);\nawait hardhat_1.default.Diamond.diamondCut([Cut], initData.to, initData.data);\nconst TEST_OPERATOR_ROLE = hardhat_1.default.ethers.utils.id(\"kresko.test.operator\");\nconst isTestOperator = await hardhat_1.default.Diamond.hasRole(TEST_OPERATOR_ROLE, hardhat_1.default.addr.userOne);\n// Succesfully added the new operator through the initialization contract\n(0, chai_1.expect)(isTestOperator).to.equal(true);\nconst Facet = await hardhat_1.default.ethers.getContractAt([...typechain_1.SmockFacet__factory.abi], hardhat_1.default.Diamond.address);\n// Ensure facet has it's own storage\nconst operatorFromNewStorage = await Facet.operator(); // Retrieved from SmockStorage\n(0, chai_1.expect)(operatorFromNewStorage).to.equal(hardhat_1.default.addr.userOne);",
                  "err": {},
                  "uuid": "210acf9a-98cb-4171-b901-0a825268d447",
                  "parentUUID": "2bb5f088-6c27-489f-866f-311c24319c53",
                  "isHook": false,
                  "skipped": false
                },
                {
                  "title": "can remove a facet",
                  "fullTitle": "Diamond #upgrades can remove a facet",
                  "timedOut": false,
                  "duration": 360,
                  "state": "passed",
                  "speed": "slow",
                  "pass": true,
                  "fail": false,
                  "pending": false,
                  "context": null,
                  "code": "const NewFacet = await (0, add_facet_1.addFacet)({\n    name: \"SmockFacet\",\n    initializerName: \"SmockInit\",\n    initializerArgs: hardhat_1.default.addr.userOne,\n});\nconst facetsBefore = await hardhat_1.default.Diamond.facets();\n(0, chai_1.expect)(facetsBefore.filter(f => f.facetAddress === NewFacet.address).length).to.equal(1);\nawait (0, remove_facet_1.removeFacet)({ name: \"SmockFacet\" });\nconst facetsAfter = await hardhat_1.default.Diamond.facets();\n(0, chai_1.expect)(facetsBefore.length - facetsAfter.length).to.equal(1);\n(0, chai_1.expect)(facetsAfter).to.not.deep.contain(NewFacet.address);",
                  "err": {},
                  "uuid": "90e548a6-4fb9-4550-b7b3-86e67e4c8f81",
                  "parentUUID": "2bb5f088-6c27-489f-866f-311c24319c53",
                  "isHook": false,
                  "skipped": false
                },
                {
                  "title": "can remove a function",
                  "fullTitle": "Diamond #upgrades can remove a function",
                  "timedOut": false,
                  "duration": 59,
                  "state": "passed",
                  "speed": "medium",
                  "pass": true,
                  "fail": false,
                  "pending": false,
                  "context": null,
                  "code": "// Delete acceptOwnership from DiamondOwnershipFacet\n// Check there is no pending owner\nlet pendingOwner = await hardhat_1.default.Diamond.pendingOwner();\n(0, chai_1.expect)(pendingOwner).to.equal(hardhat_1.default.ethers.constants.AddressZero);\n// Transfer to eg. wrong address\nconst wrongOwner = hardhat_1.default.addr.nonadmin;\nawait hardhat_1.default.Diamond.transferOwnership(wrongOwner);\n// Ensure\npendingOwner = await hardhat_1.default.Diamond.pendingOwner();\n(0, chai_1.expect)(pendingOwner).to.equal(wrongOwner);\n// Fragment and signature for acceptOwnersip\nconst functionFragment = hardhat_1.default.Diamond.interface.functions[\"acceptOwnership()\"];\nconst signature = hardhat_1.default.ethers.utils.Interface.getSighash(functionFragment);\nconst facetAddress = await hardhat_1.default.Diamond.facetAddress(signature);\nconst functions = await hardhat_1.default.Diamond.facetFunctionSelectors(facetAddress);\nconst Cut = {\n    facetAddress: hardhat_1.default.ethers.constants.AddressZero,\n    action: types_1.FacetCutAction.Remove,\n    functionSelectors: [signature],\n};\n// We will set a correct owner with delegatecall into the Diamond itself with the cut transaction\nconst correctOwner = hardhat_1.default.addr.userOne;\nconst initData = await hardhat_1.default.Diamond.populateTransaction.transferOwnership(correctOwner);\nconst tx = await hardhat_1.default.Diamond.diamondCut([Cut], initData.to, initData.data);\nawait tx.wait();\n// Ensure rest of the functions remain\nconst functionsAfterCut = await hardhat_1.default.Diamond.facetFunctionSelectors(facetAddress);\n(0, chai_1.expect)(functionsAfterCut.length).to.equal(functions.length - 1);\n// Ensure delegatecall did set the correct pending owner with the cut\nconst filter = hardhat_1.default.Diamond.filters[\"PendingOwnershipTransfer(address,address)\"](hardhat_1.default.addr.deployer, correctOwner);\nconst [event] = await hardhat_1.default.Diamond.queryFilter(filter);\nconst { previousOwner, newOwner } = event.args;\n(0, chai_1.expect)(previousOwner).to.equal(hardhat_1.default.addr.deployer);\n(0, chai_1.expect)(newOwner).to.equal(correctOwner);\n// Ensure there is no function to accept the ownership\nawait (0, chai_1.expect)(hardhat_1.default.Diamond.connect(hardhat_1.default.users.nonadmin).acceptOwnership()).to.be.revertedWith(test_1.Error.DIAMOND_INVALID_FUNCTION_SIGNATURE);",
                  "err": {},
                  "uuid": "e7fa69e6-42e2-4399-8059-738ba0c4f839",
                  "parentUUID": "2bb5f088-6c27-489f-866f-311c24319c53",
                  "isHook": false,
                  "skipped": false
                },
                {
                  "title": "can replace a function",
                  "fullTitle": "Diamond #upgrades can replace a function",
                  "timedOut": false,
                  "duration": 102,
                  "state": "passed",
                  "speed": "slow",
                  "pass": true,
                  "fail": false,
                  "pending": false,
                  "context": null,
                  "code": "// Same as above but instead replace the function\n// Check there is no pending owner\nlet pendingOwner = await hardhat_1.default.Diamond.pendingOwner();\n(0, chai_1.expect)(pendingOwner).to.equal(hardhat_1.default.ethers.constants.AddressZero);\n// Transfer to eg. wrong address\nconst wrongOwner = hardhat_1.default.addr.nonadmin;\nawait hardhat_1.default.Diamond.transferOwnership(wrongOwner);\n// Ensure\npendingOwner = await hardhat_1.default.Diamond.pendingOwner();\n(0, chai_1.expect)(pendingOwner).to.equal(wrongOwner);\n// Fragment and signature for acceptOwnersip\nconst functionFragment = hardhat_1.default.Diamond.interface.functions[\"acceptOwnership()\"];\nconst signature = hardhat_1.default.ethers.utils.Interface.getSighash(functionFragment);\nconst OldOwnershipFacet = await hardhat_1.default.Diamond.facetAddress(signature);\nconst [NewOwnershipFacet, allOwnershipFacetSignatures] = await hardhat_1.default.deploy(\"DiamondOwnershipFacet\", {\n    deploymentName: \"DiamondOwnershipFacet2\",\n});\n// Only replace a single function, we could replace all of them\nconst Cut = {\n    facetAddress: NewOwnershipFacet.address,\n    action: types_1.FacetCutAction.Replace,\n    functionSelectors: [signature],\n};\n// We will set a correct owner with delegatecall into the Diamond itself with the cut transaction\nconst correctOwner = hardhat_1.default.addr.userOne;\nconst initData = await hardhat_1.default.Diamond.populateTransaction.transferOwnership(correctOwner);\nconst tx = await hardhat_1.default.Diamond.diamondCut([Cut], initData.to, initData.data);\nawait tx.wait();\n// Ensure function exists and revert is for invalid address instead of missing function\nawait (0, chai_1.expect)(hardhat_1.default.Diamond.connect(hardhat_1.default.users.nonadmin).acceptOwnership()).to.be.revertedWith(test_1.Error.DIAMOND_INVALID_PENDING_OWNER);\n// Ensure one function is contained in the new facet\nconst functionsNewFacet = await hardhat_1.default.Diamond.facetFunctionSelectors(NewOwnershipFacet.address);\n(0, chai_1.expect)(functionsNewFacet.length).to.equal(1);\n(0, chai_1.expect)(functionsNewFacet).to.have.members([signature]);\n// Ensure rest are in the previous one\nconst functionsOldFacet = await hardhat_1.default.Diamond.facetFunctionSelectors(OldOwnershipFacet);\n(0, chai_1.expect)(functionsOldFacet).to.not.have.members([signature]);\n(0, chai_1.expect)(functionsOldFacet.length).to.equal(allOwnershipFacetSignatures.length - 1);\n// Ensure correct owner can now accept the ownership\n(0, chai_1.expect)(hardhat_1.default.Diamond.connect(hardhat_1.default.users.userOne).acceptOwnership());\nconst currentOwner = await hardhat_1.default.Diamond.owner();\n(0, chai_1.expect)(currentOwner).to.equal(correctOwner);",
                  "err": {},
                  "uuid": "912dfc30-7fc8-4959-8f3e-61173bdacb21",
                  "parentUUID": "2bb5f088-6c27-489f-866f-311c24319c53",
                  "isHook": false,
                  "skipped": false
                },
                {
                  "title": "can upgrade state",
                  "fullTitle": "Diamond #upgrades can upgrade state",
                  "timedOut": false,
                  "duration": 498,
                  "state": "passed",
                  "speed": "slow",
                  "pass": true,
                  "fail": false,
                  "pending": false,
                  "context": null,
                  "code": "(0, chai_1.expect)(await hardhat_1.default.Diamond.initialized()).to.equal(true);\nconst Factory = await smock_1.smock.mock(\"SmockInit\");\nconst SmockInit = await Factory.deploy();\nconst tx = await SmockInit.populateTransaction.upgradeState();\nawait hardhat_1.default.Diamond.upgradeState(tx.to, tx.data);\n(0, chai_1.expect)(await hardhat_1.default.Diamond.initialized()).to.equal(false);",
                  "err": {},
                  "uuid": "dd17da0b-7b1e-41e3-8fe6-5536de43a42c",
                  "parentUUID": "2bb5f088-6c27-489f-866f-311c24319c53",
                  "isHook": false,
                  "skipped": false
                },
                {
                  "title": "can preserve old state when extending storage layout",
                  "fullTitle": "Diamond #upgrades can preserve old state when extending storage layout",
                  "timedOut": false,
                  "duration": 954,
                  "state": "passed",
                  "speed": "slow",
                  "pass": true,
                  "fail": false,
                  "pending": false,
                  "context": null,
                  "code": "(0, chai_1.expect)(await hardhat_1.default.Diamond.initialized()).to.equal(true);\n// Add the first facet\nconst Factory = await smock_1.smock.mock(\"SmockFacet\");\nconst SmockFacet = await Factory.deploy();\nconst [SmockInitializer] = await hardhat_1.default.deploy(\"SmockInit\");\nconst signatures = hardhat_1.default.getSignatures([...typechain_1.SmockFacet__factory.abi]);\nconst Cut = {\n    facetAddress: SmockFacet.address,\n    functionSelectors: signatures,\n    action: types_1.FacetCutAction.Add,\n};\nconst initData = await SmockInitializer.populateTransaction.initialize(hardhat_1.default.addr.userOne);\nawait hardhat_1.default.Diamond.diamondCut([Cut], initData.to, initData.data);\nconst Diamond = await hardhat_1.default.ethers.getContractAt(\"SmockFacet\", hardhat_1.default.Diamond.address);\nconst isInitialized = await Diamond.smockInitialized();\n(0, chai_1.expect)(isInitialized).to.equal(true);\n// Add facet with extended state\n// Add the first facet\nconst Factory2 = await smock_1.smock.mock(\"SmockFacet2\");\nconst SmockFacet2 = await Factory2.deploy();\nconst signatures2 = hardhat_1.default.getSignatures([...typechain_1.SmockFacet2__factory.abi]);\nconst Cut2 = {\n    facetAddress: SmockFacet2.address,\n    functionSelectors: signatures2,\n    action: types_1.FacetCutAction.Add,\n};\n// Initializer only sets the new extended value, does not touch old storage\nconst initData2 = await SmockFacet2.populateTransaction.initialize();\nawait hardhat_1.default.Diamond.diamondCut([Cut2], initData2.to, initData2.data);\n// Here we have appended the storage layout with the `extended` bool property.\nconst DiamondExtended = await hardhat_1.default.ethers.getContractAt(\"SmockFacet2\", hardhat_1.default.Diamond.address);\nconst initializedAfterExtend = await DiamondExtended.getOldStructValueFromExtended();\nconst extendedValue = await DiamondExtended.getNewStructValueFromExtended();\n// Old values remain\n(0, chai_1.expect)(initializedAfterExtend).to.equal(true);\n// And we get new ones\n(0, chai_1.expect)(extendedValue).to.equal(true);",
                  "err": {},
                  "uuid": "a0b0d015-a9a8-41cd-971b-c2bd64a0bd2f",
                  "parentUUID": "2bb5f088-6c27-489f-866f-311c24319c53",
                  "isHook": false,
                  "skipped": false
                }
              ],
              "suites": [],
              "passes": [
                "210acf9a-98cb-4171-b901-0a825268d447",
                "90e548a6-4fb9-4550-b7b3-86e67e4c8f81",
                "e7fa69e6-42e2-4399-8059-738ba0c4f839",
                "912dfc30-7fc8-4959-8f3e-61173bdacb21",
                "dd17da0b-7b1e-41e3-8fe6-5536de43a42c",
                "a0b0d015-a9a8-41cd-971b-c2bd64a0bd2f"
              ],
              "failures": [],
              "pending": [],
              "skipped": [],
              "duration": 2264,
              "root": false,
              "rootEmpty": false,
              "_timeout": 15000
            }
          ],
          "passes": [],
          "failures": [],
          "pending": [],
          "skipped": [],
          "duration": 0,
          "root": false,
          "rootEmpty": false,
          "_timeout": 15000
        },
        {
          "uuid": "deaf06db-ec41-4f35-b159-1a12b4e5d6de",
          "title": "Forking",
          "fullFile": "/Users/panukettunen/Projects/kresko-protocol/src/test/forking/00-setup.ts",
          "file": "/src/test/forking/00-setup.ts",
          "beforeHooks": [],
          "afterHooks": [],
          "tests": [],
          "suites": [
            {
              "uuid": "9eab27a1-61aa-479b-9c28-d2c15b5f0c9b",
              "title": "#setup",
              "fullFile": "/Users/panukettunen/Projects/kresko-protocol/src/test/forking/00-setup.ts",
              "file": "/src/test/forking/00-setup.ts",
              "beforeHooks": [],
              "afterHooks": [],
              "tests": [
                {
                  "title": "should get Kresko from the companion network locally",
                  "fullTitle": "Forking #setup should get Kresko from the companion network locally",
                  "timedOut": false,
                  "duration": 0,
                  "state": "pending",
                  "speed": null,
                  "pass": false,
                  "fail": false,
                  "pending": true,
                  "context": null,
                  "code": "",
                  "err": {},
                  "uuid": "8a795650-0706-4efe-b253-c98efc3b4543",
                  "parentUUID": "9eab27a1-61aa-479b-9c28-d2c15b5f0c9b",
                  "isHook": false,
                  "skipped": false
                }
              ],
              "suites": [],
              "passes": [],
              "failures": [],
              "pending": [
                "8a795650-0706-4efe-b253-c98efc3b4543"
              ],
              "skipped": [],
              "duration": 0,
              "root": false,
              "rootEmpty": false,
              "_timeout": 15000
            },
            {
              "uuid": "34f4d671-5c2a-42b3-b1ab-bfb0668f1426",
              "title": "#rate-upgrade-11-04-2023",
              "fullFile": "/Users/panukettunen/Projects/kresko-protocol/src/test/forking/00-setup.ts",
              "file": "/src/test/forking/00-setup.ts",
              "beforeHooks": [],
              "afterHooks": [],
              "tests": [
                {
                  "title": "should be able to deploy facets",
                  "fullTitle": "Forking #rate-upgrade-11-04-2023 should be able to deploy facets",
                  "timedOut": false,
                  "duration": 0,
                  "state": "pending",
                  "speed": null,
                  "pass": false,
                  "fail": false,
                  "pending": true,
                  "context": null,
                  "code": "",
                  "err": {},
                  "uuid": "a76fdab0-9df3-4a8a-b0a5-4400d55c8538",
                  "parentUUID": "34f4d671-5c2a-42b3-b1ab-bfb0668f1426",
                  "isHook": false,
                  "skipped": false
                }
              ],
              "suites": [],
              "passes": [],
              "failures": [],
              "pending": [
                "a76fdab0-9df3-4a8a-b0a5-4400d55c8538"
              ],
              "skipped": [],
              "duration": 0,
              "root": false,
              "rootEmpty": false,
              "_timeout": 15000
            },
            {
              "uuid": "604678e9-d9f8-498c-8e35-00da8b070293",
              "title": "#facet-upgrade-16-05-2023",
              "fullFile": "/Users/panukettunen/Projects/kresko-protocol/src/test/forking/00-setup.ts",
              "file": "/src/test/forking/00-setup.ts",
              "beforeHooks": [],
              "afterHooks": [],
              "tests": [
                {
                  "title": "works",
                  "fullTitle": "Forking #facet-upgrade-16-05-2023 works",
                  "timedOut": false,
                  "duration": 0,
                  "state": "pending",
                  "speed": null,
                  "pass": false,
                  "fail": false,
                  "pending": true,
                  "context": null,
                  "code": "",
                  "err": {},
                  "uuid": "6f58565d-9a52-4d10-99e7-0c994374b690",
                  "parentUUID": "604678e9-d9f8-498c-8e35-00da8b070293",
                  "isHook": false,
                  "skipped": false
                }
              ],
              "suites": [],
              "passes": [],
              "failures": [],
              "pending": [
                "6f58565d-9a52-4d10-99e7-0c994374b690"
              ],
              "skipped": [],
              "duration": 0,
              "root": false,
              "rootEmpty": false,
              "_timeout": 15000
            }
          ],
          "passes": [],
          "failures": [],
          "pending": [],
          "skipped": [],
          "duration": 0,
          "root": false,
          "rootEmpty": false,
          "_timeout": 15000
        },
        {
          "uuid": "b57b3de5-20c8-4882-af86-1ec99d85cf17",
          "title": "KreskoAsset",
          "fullFile": "/Users/panukettunen/Projects/kresko-protocol/src/test/krasset/00-init.ts",
          "file": "/src/test/krasset/00-init.ts",
          "beforeHooks": [
            {
              "title": "\"before each\" hook in \"KreskoAsset\"",
              "fullTitle": "KreskoAsset \"before each\" hook in \"KreskoAsset\"",
              "timedOut": false,
              "duration": 18,
              "state": null,
              "speed": null,
              "pass": false,
              "fail": false,
              "pending": false,
              "context": null,
              "code": "const fixture = await hardhat_1.default.deployments.createFixture(async (hre) => {\n    const result = await hre.deployments.fixture(fixtureName);\n    if (result.Diamond) {\n        hre.Diamond = await hre.getContractOrFork(\"Kresko\");\n    }\n    return {\n        facets: result.Diamond ? result.Diamond.facets : [],\n        collaterals: hre.collaterals,\n        krAssets: hre.krAssets,\n    };\n})();\nthis.facets = fixture.facets || [];\nthis.collaterals = fixture.collaterals;\nthis.krAssets = fixture.krAssets;",
              "err": {},
              "uuid": "56798ac4-1df3-465c-b4ce-a7d5379b8674",
              "parentUUID": "b57b3de5-20c8-4882-af86-1ec99d85cf17",
              "isHook": true,
              "skipped": false
            }
          ],
          "afterHooks": [],
          "tests": [],
          "suites": [
            {
              "uuid": "ace0b83e-abcd-4cb7-be8d-9c299a216df7",
              "title": "#initialization - anchor",
              "fullFile": "/Users/panukettunen/Projects/kresko-protocol/src/test/krasset/00-init.ts",
              "file": "/src/test/krasset/00-init.ts",
              "beforeHooks": [
                {
                  "title": "\"before each\" hook in \"#initialization - anchor\"",
                  "fullTitle": "KreskoAsset #initialization - anchor \"before each\" hook in \"#initialization - anchor\"",
                  "timedOut": false,
                  "duration": 0,
                  "state": null,
                  "speed": null,
                  "pass": false,
                  "fail": false,
                  "pending": false,
                  "context": null,
                  "code": "const deployment = this.krAssets.find(k => k.deployArgs.name === name);\nKreskoAsset = deployment.contract;\nKreskoAssetAnchor = deployment.anchor;",
                  "err": {},
                  "uuid": "64428a94-59f3-40ed-b43a-44880349e725",
                  "parentUUID": "ace0b83e-abcd-4cb7-be8d-9c299a216df7",
                  "isHook": true,
                  "skipped": false
                }
              ],
              "afterHooks": [],
              "tests": [
                {
                  "title": "cant initialize twice",
                  "fullTitle": "KreskoAsset #initialization - anchor cant initialize twice",
                  "timedOut": false,
                  "duration": 15,
                  "state": "passed",
                  "speed": "fast",
                  "pass": true,
                  "fail": false,
                  "pending": false,
                  "context": null,
                  "code": "await (0, chai_1.expect)(KreskoAsset.initialize(name, symbol, 18, hardhat_1.default.addr.deployer, hardhat_1.default.Diamond.address)).to.be.revertedWith(test_1.Error.ALREADY_INITIALIZED_OZ);",
                  "err": {},
                  "uuid": "9ea03aa2-e5c7-4885-87c0-6b3b2e71e0af",
                  "parentUUID": "ace0b83e-abcd-4cb7-be8d-9c299a216df7",
                  "isHook": false,
                  "skipped": false
                },
                {
                  "title": "cant initialize implementation",
                  "fullTitle": "KreskoAsset #initialization - anchor cant initialize implementation",
                  "timedOut": false,
                  "duration": 25,
                  "state": "passed",
                  "speed": "fast",
                  "pass": true,
                  "fail": false,
                  "pending": false,
                  "context": null,
                  "code": "const deployment = await hardhat_1.default.deployments.get(symbol);\nconst implementationAddress = deployment.implementation;\n(0, chai_1.expect)(implementationAddress).to.not.equal(hardhat_1.default.ethers.constants.AddressZero);\nconst KreskoAssetImpl = await hardhat_1.default.ethers.getContractAt(\"KreskoAsset\", implementationAddress);\nawait (0, chai_1.expect)(KreskoAssetImpl.initialize(name, symbol, 18, hardhat_1.default.addr.deployer, hardhat_1.default.Diamond.address)).to.be.revertedWith(test_1.Error.ALREADY_INITIALIZED_OZ);",
                  "err": {},
                  "uuid": "7a4d72c6-f970-469a-91d7-17bbde236f73",
                  "parentUUID": "ace0b83e-abcd-4cb7-be8d-9c299a216df7",
                  "isHook": false,
                  "skipped": false
                },
                {
                  "title": "sets correct state",
                  "fullTitle": "KreskoAsset #initialization - anchor sets correct state",
                  "timedOut": false,
                  "duration": 40,
                  "state": "passed",
                  "speed": "medium",
                  "pass": true,
                  "fail": false,
                  "pending": false,
                  "context": null,
                  "code": "(0, chai_1.expect)(await KreskoAsset.name()).to.equal(name);\n(0, chai_1.expect)(await KreskoAsset.symbol()).to.equal(symbol);\n(0, chai_1.expect)(await KreskoAsset.kresko()).to.equal(hardhat_1.default.Diamond.address);\n(0, chai_1.expect)(await KreskoAsset.hasRole(test_1.Role.ADMIN, hardhat_1.default.addr.deployer)).to.equal(true);\n(0, chai_1.expect)(await KreskoAsset.hasRole(test_1.Role.OPERATOR, hardhat_1.default.Diamond.address)).to.equal(true);\n(0, chai_1.expect)(await KreskoAsset.totalSupply()).to.equal(\"200000000000000000000\");\n(0, chai_1.expect)(await KreskoAsset.isRebased()).to.equal(false);\nconst rebaseInfo = await KreskoAsset.rebaseInfo();\n(0, chai_1.expect)(rebaseInfo.denominator).to.equal(0);\n(0, chai_1.expect)(rebaseInfo.positive).to.equal(false);",
                  "err": {},
                  "uuid": "08fb2f9c-ac4b-4f1e-adae-8ee2cb99c02d",
                  "parentUUID": "ace0b83e-abcd-4cb7-be8d-9c299a216df7",
                  "isHook": false,
                  "skipped": false
                },
                {
                  "title": "can reinitialize metadata",
                  "fullTitle": "KreskoAsset #initialization - anchor can reinitialize metadata",
                  "timedOut": false,
                  "duration": 21,
                  "state": "passed",
                  "speed": "fast",
                  "pass": true,
                  "fail": false,
                  "pending": false,
                  "context": null,
                  "code": "const newName = \"foo\";\nconst newSymbol = \"bar\";\nawait (0, chai_1.expect)(KreskoAsset.reinitializeERC20(newName, newSymbol, 2)).to.not.be.revertedWith(test_1.Error.ALREADY_INITIALIZED_OZ);\n(0, chai_1.expect)(await KreskoAsset.name()).to.equal(newName);\n(0, chai_1.expect)(await KreskoAsset.symbol()).to.equal(newSymbol);",
                  "err": {},
                  "uuid": "52465614-adc2-43f0-96c5-aa8b3ffae4e3",
                  "parentUUID": "ace0b83e-abcd-4cb7-be8d-9c299a216df7",
                  "isHook": false,
                  "skipped": false
                }
              ],
              "suites": [],
              "passes": [
                "9ea03aa2-e5c7-4885-87c0-6b3b2e71e0af",
                "7a4d72c6-f970-469a-91d7-17bbde236f73",
                "08fb2f9c-ac4b-4f1e-adae-8ee2cb99c02d",
                "52465614-adc2-43f0-96c5-aa8b3ffae4e3"
              ],
              "failures": [],
              "pending": [],
              "skipped": [],
              "duration": 101,
              "root": false,
              "rootEmpty": false,
              "_timeout": 15000
            },
            {
              "uuid": "bdb7ad84-48c6-4d49-8249-152be318e585",
              "title": "#initialization - wrapped",
              "fullFile": "/Users/panukettunen/Projects/kresko-protocol/src/test/krasset/00-init.ts",
              "file": "/src/test/krasset/00-init.ts",
              "beforeHooks": [
                {
                  "title": "\"before each\" hook in \"#initialization - wrapped\"",
                  "fullTitle": "KreskoAsset #initialization - wrapped \"before each\" hook in \"#initialization - wrapped\"",
                  "timedOut": false,
                  "duration": 0,
                  "state": null,
                  "speed": null,
                  "pass": false,
                  "fail": false,
                  "pending": false,
                  "context": null,
                  "code": "const deployment = hardhat_1.default.krAssets.find(k => k.deployArgs.name === name);\nKreskoAsset = deployment.contract;\nKreskoAssetAnchor = deployment.anchor;",
                  "err": {},
                  "uuid": "6bf97493-99bb-467e-85ab-b70153acd3fb",
                  "parentUUID": "bdb7ad84-48c6-4d49-8249-152be318e585",
                  "isHook": true,
                  "skipped": false
                }
              ],
              "afterHooks": [],
              "tests": [
                {
                  "title": "cant initialize twice",
                  "fullTitle": "KreskoAsset #initialization - wrapped cant initialize twice",
                  "timedOut": false,
                  "duration": 10,
                  "state": "passed",
                  "speed": "fast",
                  "pass": true,
                  "fail": false,
                  "pending": false,
                  "context": null,
                  "code": "await (0, chai_1.expect)(KreskoAssetAnchor.initialize(KreskoAsset.address, name, symbol, hardhat_1.default.addr.deployer)).to.be.revertedWith(test_1.Error.ALREADY_INITIALIZED_OZ);",
                  "err": {},
                  "uuid": "dec8e4d8-1c6f-4b2d-b842-d6bdd018b7c2",
                  "parentUUID": "bdb7ad84-48c6-4d49-8249-152be318e585",
                  "isHook": false,
                  "skipped": false
                },
                {
                  "title": "cant initialize implementation",
                  "fullTitle": "KreskoAsset #initialization - wrapped cant initialize implementation",
                  "timedOut": false,
                  "duration": 21,
                  "state": "passed",
                  "speed": "fast",
                  "pass": true,
                  "fail": false,
                  "pending": false,
                  "context": null,
                  "code": "const deployment = await hardhat_1.default.deployments.get(shared_1.anchorTokenPrefix + symbol);\nconst implementationAddress = deployment.implementation;\n(0, chai_1.expect)(implementationAddress).to.not.equal(hardhat_1.default.ethers.constants.AddressZero);\nconst KreskoAssetAnchorImpl = await hardhat_1.default.ethers.getContractAt(\"KreskoAssetAnchor\", implementationAddress);\nawait (0, chai_1.expect)(KreskoAssetAnchorImpl.initialize(KreskoAsset.address, name, symbol, hardhat_1.default.addr.deployer)).to.be.revertedWith(test_1.Error.ALREADY_INITIALIZED_OZ);",
                  "err": {},
                  "uuid": "433a191d-d30d-46a1-bd01-af0f71dad801",
                  "parentUUID": "bdb7ad84-48c6-4d49-8249-152be318e585",
                  "isHook": false,
                  "skipped": false
                },
                {
                  "title": "can reinitialize metadata",
                  "fullTitle": "KreskoAsset #initialization - wrapped can reinitialize metadata",
                  "timedOut": false,
                  "duration": 20,
                  "state": "passed",
                  "speed": "fast",
                  "pass": true,
                  "fail": false,
                  "pending": false,
                  "context": null,
                  "code": "const newName = \"foo\";\nconst newSymbol = \"bar\";\nawait (0, chai_1.expect)(KreskoAssetAnchor.reinitializeERC20(newName, newSymbol, 2)).to.not.be.revertedWith(test_1.Error.ALREADY_INITIALIZED_OZ);\n(0, chai_1.expect)(await KreskoAssetAnchor.name()).to.equal(newName);\n(0, chai_1.expect)(await KreskoAssetAnchor.symbol()).to.equal(newSymbol);",
                  "err": {},
                  "uuid": "9c8961fa-547f-4cb7-a8b4-839a4913e577",
                  "parentUUID": "bdb7ad84-48c6-4d49-8249-152be318e585",
                  "isHook": false,
                  "skipped": false
                },
                {
                  "title": "sets correct state",
                  "fullTitle": "KreskoAsset #initialization - wrapped sets correct state",
                  "timedOut": false,
                  "duration": 45,
                  "state": "passed",
                  "speed": "medium",
                  "pass": true,
                  "fail": false,
                  "pending": false,
                  "context": null,
                  "code": "(0, chai_1.expect)(await KreskoAssetAnchor.name()).to.equal(name);\n(0, chai_1.expect)(await KreskoAssetAnchor.symbol()).to.equal(shared_1.anchorTokenPrefix + symbol);\n(0, chai_1.expect)(await KreskoAssetAnchor.asset()).to.equal(KreskoAsset.address);\n(0, chai_1.expect)(await KreskoAssetAnchor.hasRole(test_1.Role.ADMIN, hardhat_1.default.addr.deployer)).to.equal(true);\n(0, chai_1.expect)(await KreskoAssetAnchor.hasRole(test_1.Role.OPERATOR, hardhat_1.default.Diamond.address)).to.equal(true);\n(0, chai_1.expect)(await KreskoAssetAnchor.totalSupply()).to.equal(\"200000000000000000000\");\n(0, chai_1.expect)(await KreskoAssetAnchor.totalAssets()).to.equal(await KreskoAsset.totalSupply());\nconst rebaseInfo = await KreskoAsset.rebaseInfo();\n(0, chai_1.expect)(rebaseInfo.denominator).to.equal(0);\n(0, chai_1.expect)(rebaseInfo.positive).to.equal(false);",
                  "err": {},
                  "uuid": "df350b61-08c6-4eb7-87c2-842419fe9a21",
                  "parentUUID": "bdb7ad84-48c6-4d49-8249-152be318e585",
                  "isHook": false,
                  "skipped": false
                }
              ],
              "suites": [],
              "passes": [
                "dec8e4d8-1c6f-4b2d-b842-d6bdd018b7c2",
                "433a191d-d30d-46a1-bd01-af0f71dad801",
                "9c8961fa-547f-4cb7-a8b4-839a4913e577",
                "df350b61-08c6-4eb7-87c2-842419fe9a21"
              ],
              "failures": [],
              "pending": [],
              "skipped": [],
              "duration": 96,
              "root": false,
              "rootEmpty": false,
              "_timeout": 15000
            }
          ],
          "passes": [],
          "failures": [],
          "pending": [],
          "skipped": [],
          "duration": 0,
          "root": false,
          "rootEmpty": false,
          "_timeout": 15000
        },
        {
          "uuid": "7ca04ae0-c760-4b13-b422-6598e88790ca",
          "title": "KreskoAsset",
          "fullFile": "/Users/panukettunen/Projects/kresko-protocol/src/test/krasset/01-erc20.ts",
          "file": "/src/test/krasset/01-erc20.ts",
          "beforeHooks": [
            {
              "title": "\"before each\" hook in \"KreskoAsset\"",
              "fullTitle": "KreskoAsset \"before each\" hook in \"KreskoAsset\"",
              "timedOut": false,
              "duration": 18,
              "state": null,
              "speed": null,
              "pass": false,
              "fail": false,
              "pending": false,
              "context": null,
              "code": "const fixture = await hardhat_1.default.deployments.createFixture(async (hre) => {\n    const result = await hre.deployments.fixture(fixtureName);\n    if (result.Diamond) {\n        hre.Diamond = await hre.getContractOrFork(\"Kresko\");\n    }\n    return {\n        facets: result.Diamond ? result.Diamond.facets : [],\n        collaterals: hre.collaterals,\n        krAssets: hre.krAssets,\n    };\n})();\nthis.facets = fixture.facets || [];\nthis.collaterals = fixture.collaterals;\nthis.krAssets = fixture.krAssets;",
              "err": {},
              "uuid": "7ea9a7a2-f707-4bfb-9a49-905c10d53d57",
              "parentUUID": "7ca04ae0-c760-4b13-b422-6598e88790ca",
              "isHook": true,
              "skipped": false
            },
            {
              "title": "\"before each\" hook in \"KreskoAsset\"",
              "fullTitle": "KreskoAsset \"before each\" hook in \"KreskoAsset\"",
              "timedOut": false,
              "duration": 17,
              "state": null,
              "speed": null,
              "pass": false,
              "fail": false,
              "pending": false,
              "context": null,
              "code": "this.owner = hardhat_1.default.users.deployer;\nthis.krAsset = hardhat_1.default.krAssets.find(asset => asset.deployArgs.symbol === test_1.defaultKrAssetArgs.symbol);\nthis.mintAmount = 125;\nawait this.krAsset.contract.grantRole(test_1.Role.OPERATOR, this.owner.address);",
              "err": {},
              "uuid": "84f2035e-7e48-4f7d-9bd5-39330dbae0b7",
              "parentUUID": "7ca04ae0-c760-4b13-b422-6598e88790ca",
              "isHook": true,
              "skipped": false
            }
          ],
          "afterHooks": [],
          "tests": [],
          "suites": [
            {
              "uuid": "856dbf87-0063-4193-98a8-11c6f81ab9d9",
              "title": "#mint",
              "fullFile": "/Users/panukettunen/Projects/kresko-protocol/src/test/krasset/01-erc20.ts",
              "file": "/src/test/krasset/01-erc20.ts",
              "beforeHooks": [],
              "afterHooks": [],
              "tests": [
                {
                  "title": "should allow the owner to mint to their own address",
                  "fullTitle": "KreskoAsset #mint should allow the owner to mint to their own address",
                  "timedOut": false,
                  "duration": 24,
                  "state": "passed",
                  "speed": "fast",
                  "pass": true,
                  "fail": false,
                  "pending": false,
                  "context": null,
                  "code": "(0, chai_1.expect)(await this.krAsset.contract.totalSupply()).to.equal(0);\n(0, chai_1.expect)(await this.krAsset.contract.balanceOf(this.owner.address)).to.equal(0);\nawait this.krAsset.contract.connect(this.owner).mint(this.owner.address, this.mintAmount);\n// Check total supply and owner's balances increased\n(0, chai_1.expect)(await this.krAsset.contract.totalSupply()).to.equal(this.mintAmount);\n(0, chai_1.expect)(await this.krAsset.contract.balanceOf(this.owner.address)).to.equal(this.mintAmount);",
                  "err": {},
                  "uuid": "89c43d2b-a51c-4352-a546-7714d6f701a1",
                  "parentUUID": "856dbf87-0063-4193-98a8-11c6f81ab9d9",
                  "isHook": false,
                  "skipped": false
                },
                {
                  "title": "should allow the asset owner to mint to another address",
                  "fullTitle": "KreskoAsset #mint should allow the asset owner to mint to another address",
                  "timedOut": false,
                  "duration": 26,
                  "state": "passed",
                  "speed": "fast",
                  "pass": true,
                  "fail": false,
                  "pending": false,
                  "context": null,
                  "code": "(0, chai_1.expect)(await this.krAsset.contract.totalSupply()).to.equal(0);\n(0, chai_1.expect)(await this.krAsset.contract.balanceOf(hardhat_1.default.users.userOne.address)).to.equal(0);\nawait this.krAsset.contract.connect(this.owner).mint(hardhat_1.default.users.userOne.address, this.mintAmount);\n// Check total supply and user's balances increased\n(0, chai_1.expect)(await this.krAsset.contract.totalSupply()).to.equal(this.mintAmount);\n(0, chai_1.expect)(await this.krAsset.contract.balanceOf(hardhat_1.default.users.userOne.address)).to.equal(this.mintAmount);",
                  "err": {},
                  "uuid": "88f2f4f2-1c91-4ea9-a875-403818687186",
                  "parentUUID": "856dbf87-0063-4193-98a8-11c6f81ab9d9",
                  "isHook": false,
                  "skipped": false
                },
                {
                  "title": "should not allow non-owner addresses to mint tokens",
                  "fullTitle": "KreskoAsset #mint should not allow non-owner addresses to mint tokens",
                  "timedOut": false,
                  "duration": 39,
                  "state": "passed",
                  "speed": "medium",
                  "pass": true,
                  "fail": false,
                  "pending": false,
                  "context": null,
                  "code": "(0, chai_1.expect)(await this.krAsset.contract.totalSupply()).to.equal(0);\n(0, chai_1.expect)(await this.krAsset.contract.balanceOf(this.owner.address)).to.equal(0);\nawait (0, chai_1.expect)(this.krAsset.contract.connect(hardhat_1.default.users.userOne).mint(this.owner.address, this.mintAmount)).to.be.revertedWith(`AccessControl: account ${hardhat_1.default.users.userOne.address.toLowerCase()} is missing role 0x112e48a576fb3a75acc75d9fcf6e0bc670b27b1dbcd2463502e10e68cf57d6fd`);\n// Check total supply and all account balances unchanged\n(0, chai_1.expect)(await this.krAsset.contract.totalSupply()).to.equal(0);\n(0, chai_1.expect)(await this.krAsset.contract.balanceOf(this.owner.address)).to.equal(0);\n(0, chai_1.expect)(await this.krAsset.contract.balanceOf(hardhat_1.default.users.userOne.address)).to.equal(0);",
                  "err": {},
                  "uuid": "b7757edd-ea5e-4f65-b007-e7334fd38a96",
                  "parentUUID": "856dbf87-0063-4193-98a8-11c6f81ab9d9",
                  "isHook": false,
                  "skipped": false
[...]
                  "err": {},
                  "uuid": "641b056d-d2e6-49c8-8df7-e17581964f05",
                  "parentUUID": "92a834ec-232c-4974-a086-726ca170e0cf",
                  "isHook": false,
                  "skipped": false
                }
              ],
              "suites": [],
              "passes": [
                "4f5ee5c9-8fc5-435e-8ddc-742651f8456e",
                "0a011514-d545-4339-a730-a90bc6b94d67",
                "29c3ecbb-ba54-4c98-9446-32fe14efa0a3",
                "9acf0664-8cd4-4a5f-a974-86d6da4971f3",
                "99ac259f-9d81-4191-92bd-6336ae749f27",
                "4e288bed-f109-43ff-b96b-49ffbfc0faf3",
                "a804e042-e0ce-448d-afd3-169a0589e321",
                "45d233e5-75c8-4bf4-b16c-1579679b50ec",
                "cbb89fb0-0f46-440e-a480-d28284db4f93",
                "3ca12db9-5f40-4947-87f7-c6a5d6e6b3e4",
                "641b056d-d2e6-49c8-8df7-e17581964f05"
              ],
              "failures": [],
              "pending": [],
              "skipped": [],
              "duration": 18854,
              "root": false,
              "rootEmpty": false,
              "_timeout": 15000
            }
          ],
          "passes": [],
          "failures": [],
          "pending": [],
          "skipped": [],
          "duration": 0,
          "root": false,
          "rootEmpty": false,
          "_timeout": 15000
        },
        {
          "uuid": "bbab23f9-f418-4949-816c-bd01bcf2b990",
          "title": "Stability Rates",
          "fullFile": "/Users/panukettunen/Projects/kresko-protocol/src/test/stability-rate/03-liquidation.ts",
          "file": "/src/test/stability-rate/03-liquidation.ts",
          "beforeHooks": [
            {
              "title": "\"before each\" hook in \"Stability Rates\"",
              "fullTitle": "Stability Rates \"before each\" hook in \"Stability Rates\"",
              "timedOut": false,
              "duration": 19,
              "state": null,
              "speed": null,
              "pass": false,
              "fail": false,
              "pending": false,
              "context": null,
              "code": "const fixture = await hardhat_1.default.deployments.createFixture(async (hre) => {\n    const result = await hre.deployments.fixture(fixtureName);\n    if (result.Diamond) {\n        hre.Diamond = await hre.getContractOrFork(\"Kresko\");\n    }\n    return {\n        facets: result.Diamond ? result.Diamond.facets : [],\n        collaterals: hre.collaterals,\n        krAssets: hre.krAssets,\n    };\n})();\nthis.facets = fixture.facets || [];\nthis.collaterals = fixture.collaterals;\nthis.krAssets = fixture.krAssets;",
              "err": {},
              "uuid": "747adfc4-bd5c-44f0-ae1e-f6652c621e71",
              "parentUUID": "bbab23f9-f418-4949-816c-bd01bcf2b990",
              "isHook": true,
              "skipped": false
            },
            {
              "title": "\"before each\" hook in \"Stability Rates\"",
              "fullTitle": "Stability Rates \"before each\" hook in \"Stability Rates\"",
              "timedOut": false,
              "duration": 469,
              "state": null,
              "speed": null,
              "pass": false,
              "fail": false,
              "pending": false,
              "context": null,
              "code": "liquidator = hardhat_1.default.users.deployer;\nuserTwo = hardhat_1.default.users.userTwo;\nthis.krAsset = hardhat_1.default.krAssets.find(c => c.deployArgs.name === test_1.defaultKrAssetArgs.name);\nthis.collateral = hardhat_1.default.collaterals.find(c => c.deployArgs.name === test_1.defaultCollateralArgs.name);\nconst krAssetOraclePrice = 10;\nthis.krAsset.setPrice(krAssetOraclePrice);\nconst cLiq = (0, lib_1.toBig)(1000);\nconst kLiq = (0, lib_1.toBig)(100);\nawait this.collateral.setBalance(liquidator, cLiq.mul(2));\nawait (0, collaterals_1.depositCollateral)({\n    asset: this.collateral,\n    amount: cLiq,\n    user: liquidator,\n});\nawait (0, krassets_1.mintKrAsset)({\n    asset: this.krAsset,\n    amount: kLiq,\n    user: liquidator,\n});\nconst anchorBalance = await this.krAsset.anchor.balanceOf(hardhat_1.default.Diamond.address);\n(0, chai_1.expect)(anchorBalance).to.equal(kLiq);\n// 1000/100 = krAsset amm price 10\nconst pair = await (0, amm_1.addLiquidity)({\n    user: liquidator,\n    router: hardhat_1.default.UniV2Router,\n    amount0: cLiq,\n    amount1: kLiq,\n    token0: this.collateral,\n    token1: this.krAsset,\n});\nupdateTWAP = (0, amm_1.getTWAPUpdaterFor)(pair.address);\nawait hardhat_1.default.UniV2Oracle.initPair(pair.address, this.krAsset.address, 60 * 60);\nawait updateTWAP();",
              "err": {},
              "uuid": "7eb1f058-87b3-46a0-8a1c-d566a0f372b4",
              "parentUUID": "bbab23f9-f418-4949-816c-bd01bcf2b990",
              "isHook": true,
              "skipped": false
            }
          ],
          "afterHooks": [],
          "tests": [],
          "suites": [
            {
              "uuid": "ef950dcf-4e6e-48b5-9e6c-8ae1e37e963a",
              "title": "#stability rate - liquidation",
              "fullFile": "/Users/panukettunen/Projects/kresko-protocol/src/test/stability-rate/03-liquidation.ts",
              "file": "/src/test/stability-rate/03-liquidation.ts",
              "beforeHooks": [
                {
                  "title": "\"before each\" hook in \"#stability rate - liquidation\"",
                  "fullTitle": "Stability Rates #stability rate - liquidation \"before each\" hook in \"#stability rate - liquidation\"",
                  "timedOut": false,
                  "duration": 4630,
                  "state": null,
                  "speed": null,
                  "pass": false,
                  "fail": false,
                  "pending": false,
                  "context": null,
                  "code": "await this.collateral.setBalance(userTwo, depositAmount);\n// Create few krAssets\nkrAssets = await Promise.all([\"krasset2\", \"krasset3\", \"krasset4\"].map(async (name) => await (0, krassets_1.addMockKreskoAsset)({\n    name: name,\n    symbol: name,\n    marketOpen: true,\n    factor: 1.1,\n    closeFee: 0,\n    openFee: 0,\n    price: 10,\n    supplyLimit: 2000,\n    stabilityRateBase: test_1.BASIS_POINT.mul(1000), // 10%\n})));",
                  "err": {},
                  "uuid": "07c5dd5e-3a2c-4481-b22a-862e22edb2fb",
                  "parentUUID": "ef950dcf-4e6e-48b5-9e6c-8ae1e37e963a",
                  "isHook": true,
                  "skipped": false
                }
              ],
              "afterHooks": [],
              "tests": [
                {
                  "title": "cannot liquidate accrued interest of healthy account",
                  "fullTitle": "Stability Rates #stability rate - liquidation cannot liquidate accrued interest of healthy account",
                  "timedOut": false,
                  "duration": 561,
                  "state": "passed",
                  "speed": "slow",
                  "pass": true,
                  "fail": false,
                  "pending": false,
                  "context": null,
                  "code": "await this.collateral.setBalance(userTwo, depositAmount);\n// Deposit a bit more to cover the mints\nawait (0, collaterals_1.depositCollateral)({\n    asset: this.collateral,\n    amount: depositAmount,\n    user: userTwo,\n});\n// mint each krasset\nawait Promise.all(krAssets.map(krAsset => (0, krassets_1.mintKrAsset)({\n    asset: krAsset,\n    amount: mintAmount,\n    user: userTwo,\n})));\nawait hardhat_network_helpers_1.time.increase(calculations_1.ONE_YEAR);\nconst krAsset = krAssets[0];\n(0, chai_1.expect)(await hardhat_1.default.Diamond.isAccountLiquidatable(userTwo.address)).to.be.false;\nawait (0, chai_1.expect)(hardhat_1.default.Diamond.connect(liquidator).liquidateInterest(userTwo.address, krAsset.address, this.collateral.address)).to.be.revertedWith(errors_1.Error.NOT_LIQUIDATABLE);",
                  "err": {},
                  "uuid": "14b07b83-e05b-42dc-a58a-026a827aa41a",
                  "parentUUID": "ef950dcf-4e6e-48b5-9e6c-8ae1e37e963a",
                  "isHook": false,
                  "skipped": false
                },
                {
                  "title": "cannot batch liquidate accrued interest of healthy account",
                  "fullTitle": "Stability Rates #stability rate - liquidation cannot batch liquidate accrued interest of healthy account",
                  "timedOut": false,
                  "duration": 573,
                  "state": "passed",
                  "speed": "slow",
                  "pass": true,
                  "fail": false,
                  "pending": false,
                  "context": null,
                  "code": "await this.collateral.setBalance(userTwo, depositAmount);\n// Deposit a bit more to cover the mints\nawait (0, collaterals_1.depositCollateral)({\n    asset: this.collateral,\n    amount: depositAmount,\n    user: userTwo,\n});\n// mint each krasset\nawait Promise.all(krAssets.map(krAsset => (0, krassets_1.mintKrAsset)({\n    asset: krAsset,\n    amount: mintAmount,\n    user: userTwo,\n})));\nawait hardhat_network_helpers_1.time.increase(calculations_1.ONE_YEAR);\n(0, chai_1.expect)(await hardhat_1.default.Diamond.isAccountLiquidatable(userTwo.address)).to.be.false;\nawait (0, chai_1.expect)(hardhat_1.default.Diamond.connect(liquidator).batchLiquidateInterest(userTwo.address, this.collateral.address)).to.be.revertedWith(errors_1.Error.NOT_LIQUIDATABLE);",
                  "err": {},
                  "uuid": "ff543417-89d9-4a5d-bf34-2ebaf797cb97",
                  "parentUUID": "ef950dcf-4e6e-48b5-9e6c-8ae1e37e963a",
                  "isHook": false,
                  "skipped": false
                },
                {
                  "title": "can liquidate accrued interest of unhealthy account",
                  "fullTitle": "Stability Rates #stability rate - liquidation can liquidate accrued interest of unhealthy account",
                  "timedOut": false,
                  "duration": 1377,
                  "state": "passed",
                  "speed": "slow",
                  "pass": true,
                  "fail": false,
                  "pending": false,
                  "context": null,
                  "code": "const KISS = await hardhat_1.default.getContractOrFork(\"KISS\");\n// mint each krasset\nawait Promise.all([\n    await KISS.connect(liquidator).approve(hardhat_1.default.Diamond.address, hardhat_1.default.ethers.constants.MaxUint256),\n    await this.collateral.setBalance(userTwo, depositAmount),\n    // Deposit a bit more to cover the mints\n    await (0, collaterals_1.depositCollateral)({\n        asset: this.collateral,\n        amount: depositAmount,\n        user: userTwo,\n    }),\n    ...krAssets.map(krAsset => (0, krassets_1.mintKrAsset)({\n        asset: krAsset,\n        amount: mintAmount,\n        user: userTwo,\n    })),\n]);\n// Up the asset prices\nconst newPrice = 15;\nkrAssets.map(asset => asset.setPrice(newPrice));\n// increase time so account is liquidatable\n(0, chai_1.expect)(await hardhat_1.default.Diamond.isAccountLiquidatable(userTwo.address)).to.be.false;\nawait hardhat_network_helpers_1.time.increase(calculations_1.ONE_YEAR * 4);\n// should be liquidatable\n(0, chai_1.expect)(await hardhat_1.default.Diamond.isAccountLiquidatable(userTwo.address)).to.be.true;\n// Asset to liquidate\nconst krAsset = krAssets[0];\nconst interestUSDTotal = await hardhat_1.default.Diamond.kreskoAssetDebtInterestTotal(userTwo.address);\n// Liquidator mints KISS\nawait (0, krassets_1.mintKrAsset)({\n    asset: KISS,\n    amount: interestUSDTotal.add((0, lib_1.toBig)(1)),\n    user: liquidator,\n});\n// liquidatable value total before\nconst accruedKissInterest = (0, lib_1.fromBig)((await hardhat_1.default.Diamond.kreskoAssetDebtInterest(userTwo.address, krAsset.address)).kissAmount);\nconst accountCollateralBefore = await hardhat_1.default.Diamond.collateralDeposits(userTwo.address, this.collateral.address);\n// Wipe seized collateral balance before liquidation for easy comparison\nawait this.collateral.setBalance(liquidator, (0, lib_1.toBig)(0));\n// Liquidate\nconst tx = await hardhat_1.default.Diamond.connect(liquidator).liquidateInterest(userTwo.address, krAsset.address, this.collateral.address);\n// Should all be wiped\nconst interestAccruedAfterLiq = await hardhat_1.default.Diamond.kreskoAssetDebtInterest(userTwo.address, krAsset.address);\n(0, chai_1.expect)(interestAccruedAfterLiq.kissAmount).to.eq(0);\n(0, chai_1.expect)(interestAccruedAfterLiq.assetAmount).to.eq(0);\nconst accountCollateralAfter = await hardhat_1.default.Diamond.collateralDeposits(userTwo.address, this.collateral.address);\nconst event = await (0, lib_1.getInternalEvent)(tx, hardhat_1.default.Diamond, \"InterestLiquidationOccurred\");\n// validate interest accrual changes\n(0, chai_1.expect)(accountCollateralAfter).to.equal(accountCollateralBefore.sub(event.collateralSent));\nconst liquidationIncentive = (0, lib_1.fromBig)((await hardhat_1.default.Diamond.collateralAsset(this.collateral.address)).liquidationIncentive);\nconst expectedCollateral = (accruedKissInterest / (0, lib_1.fromBig)(await this.collateral.getPrice(), 8)) * liquidationIncentive;\n// event validation\n(0, chai_1.expect)(event.account).to.equal(userTwo.address);\n(0, chai_1.expect)(event.liquidator).to.equal(liquidator.address);\n(0, chai_1.expect)(event.repayKreskoAsset).to.equal(krAsset.address);\n(0, chai_1.expect)(event.seizedCollateralAsset).to.equal(this.collateral.address);\n(0, chai_1.expect)((0, lib_1.fromBig)(event.repayUSD)).to.closeTo(accruedKissInterest, 0.0001);\n(0, chai_1.expect)((0, lib_1.fromBig)(event.collateralSent).toFixed(6)).to.equal(expectedCollateral.toFixed(6));\n// liquidator received collateral\n(0, chai_1.expect)(await this.collateral.contract.balanceOf(liquidator.address)).to.equal(event.collateralSent);",
                  "err": {},
                  "uuid": "27a3af7c-703a-42c3-bb20-ef7c0adf402e",
                  "parentUUID": "ef950dcf-4e6e-48b5-9e6c-8ae1e37e963a",
                  "isHook": false,
                  "skipped": false
                },
                {
                  "title": "can batch liquidate accrued interest of unhealthy account",
                  "fullTitle": "Stability Rates #stability rate - liquidation can batch liquidate accrued interest of unhealthy account",
                  "timedOut": false,
                  "duration": 1524,
                  "state": "passed",
                  "speed": "slow",
                  "pass": true,
                  "fail": false,
                  "pending": false,
                  "context": null,
                  "code": "const KISS = await hardhat_1.default.getContractOrFork(\"KISS\");\nawait KISS.connect(liquidator).approve(hardhat_1.default.Diamond.address, hardhat_1.default.ethers.constants.MaxUint256);\nawait this.collateral.setBalance(userTwo, depositAmount);\n// Deposit a bit more to cover the mints\nawait (0, collaterals_1.depositCollateral)({\n    asset: this.collateral,\n    amount: depositAmount,\n    user: userTwo,\n});\n// mint each krasset\nawait Promise.all(krAssets.map(krAsset => (0, krassets_1.mintKrAsset)({\n    asset: krAsset,\n    amount: mintAmount,\n    user: userTwo,\n})));\n// Up the asset prices\nconst newPrice = 15;\nkrAssets.map(asset => asset.setPrice(newPrice));\n// increase time so account is liquidatable\n(0, chai_1.expect)(await hardhat_1.default.Diamond.isAccountLiquidatable(userTwo.address)).to.be.false;\nawait hardhat_network_helpers_1.time.increase(calculations_1.ONE_YEAR * 4);\n// should be liquidatable\n(0, chai_1.expect)(await hardhat_1.default.Diamond.isAccountLiquidatable(userTwo.address)).to.be.true;\nconst interestKissTotal = (0, lib_1.fromBig)(await hardhat_1.default.Diamond.kreskoAssetDebtInterestTotal(userTwo.address));\n// Liquidator mints KISS\nawait (0, krassets_1.mintKrAsset)({\n    asset: KISS,\n    amount: interestKissTotal + 1,\n    user: liquidator,\n});\n// Wipe seized collateral balance before liquidation for easy comparison\nawait this.collateral.setBalance(liquidator, (0, lib_1.toBig)(0));\n// Liquidate\nconst tx = await hardhat_1.default.Diamond.connect(liquidator).batchLiquidateInterest(userTwo.address, this.collateral.address);\nconst interestKissTotalAfter = (0, lib_1.fromBig)(await hardhat_1.default.Diamond.kreskoAssetDebtInterestTotal(userTwo.address));\n(0, chai_1.expect)(await hardhat_1.default.Diamond.isAccountLiquidatable(userTwo.address)).to.be.false;\nconst event = await (0, lib_1.getInternalEvent)(tx, hardhat_1.default.Diamond, \"BatchInterestLiquidationOccurred\");\nconst repayUSD = (0, lib_1.fromBig)(event.repayUSD);\n// interest accrued changes\n(0, chai_1.expect)(interestKissTotalAfter).to.closeTo(interestKissTotal - (0, lib_1.fromBig)(event.repayUSD), 0.0001);\nconst liquidationIncentive = (0, lib_1.fromBig)((await hardhat_1.default.Diamond.collateralAsset(this.collateral.address)).liquidationIncentive);\nconst expectedCollateral = (repayUSD / (0, lib_1.fromBig)(await this.collateral.getPrice(), 8)) * liquidationIncentive;\n// event validation\n(0, chai_1.expect)(event.account).to.equal(userTwo.address);\n(0, chai_1.expect)(event.liquidator).to.equal(liquidator.address);\n(0, chai_1.expect)(event.seizedCollateralAsset).to.equal(this.collateral.address);\n(0, chai_1.expect)((0, lib_1.fromBig)(event.collateralSent)).to.closeTo(expectedCollateral, 0.0001);\n(0, chai_1.expect)(repayUSD).to.closeTo(interestKissTotal - interestKissTotalAfter, 0.0001);\n// liquidator received collateral\n(0, chai_1.expect)(await this.collateral.contract.balanceOf(liquidator.address)).to.equal(event.collateralSent);",
                  "err": {},
                  "uuid": "c36d2c39-6127-4cea-83c6-85d6b138e8e8",
                  "parentUUID": "ef950dcf-4e6e-48b5-9e6c-8ae1e37e963a",
                  "isHook": false,
                  "skipped": false
                }
              ],
              "suites": [],
              "passes": [
                "14b07b83-e05b-42dc-a58a-026a827aa41a",
                "ff543417-89d9-4a5d-bf34-2ebaf797cb97",
                "27a3af7c-703a-42c3-bb20-ef7c0adf402e",
                "c36d2c39-6127-4cea-83c6-85d6b138e8e8"
              ],
              "failures": [],
              "pending": [],
              "skipped": [],
              "duration": 4035,
              "root": false,
              "rootEmpty": false,
              "_timeout": 15000
            }
          ],
          "passes": [],
          "failures": [],
          "pending": [],
          "skipped": [],
          "duration": 0,
          "root": false,
          "rootEmpty": false,
          "_timeout": 15000
        }
      ],
      "passes": [],
      "failures": [],
      "pending": [],
      "skipped": [],
      "duration": 0,
      "root": true,
      "rootEmpty": true,
      "_timeout": 15000
    }
  ],
  "meta": {
    "mocha": {
      "version": "10.2.0"
    },
    "mochawesome": {
      "options": {
        "quiet": false,
        "reportFilename": "mochawesome",
        "saveHtml": true,
        "saveJson": true,
        "consoleReporter": "spec",
        "useInlineDiffs": false,
        "code": true
      },
      "version": "7.1.3"
    },
    "marge": {
      "options": null,
      "version": "6.2.0"
    }
  }
}