{
  "stats": {
    "suites": 88,
    "tests": 278,
    "passes": 241,
    "pending": 32,
    "failures": 5,
    "start": "2023-08-17T08:20:26.776Z",
    "end": "2023-08-17T08:27:59.724Z",
    "duration": 452948,
    "testsRegistered": 278,
    "passPercent": 97.96747967479675,
    "pendingPercent": 11.510791366906476,
    "other": 0,
    "hasOther": false,
    "skipped": 0,
    "hasSkipped": false
  },
  "results": [
    {
      "uuid": "d0df46bb-9dd7-4dfe-ad0a-0460368a50bc",
      "title": "",
      "fullFile": "",
      "file": "",
      "beforeHooks": [],
      "afterHooks": [],
      "tests": [],
      "suites": [
        {
          "uuid": "c0a2dee8-b9eb-4b43-96cf-33ab3a9f004f",
          "title": "Asset Amounts & Values",
          "fullFile": "/Users/tabishshaikh/work/kresko/kresko-protocol/src/test/asset-values/00-asset-values.ts",
          "file": "/src/test/asset-values/00-asset-values.ts",
          "beforeHooks": [
            {
              "title": "\"before each\" hook in \"Asset Amounts & Values\"",
              "fullTitle": "Asset Amounts & Values \"before each\" hook in \"Asset Amounts & Values\"",
              "timedOut": false,
              "duration": 30,
              "state": null,
              "speed": null,
              "pass": false,
              "fail": false,
              "pending": false,
              "context": null,
              "code": "const fixture = await _hardhat.default.deployments.createFixture(async (hre)=>{\n    const result = await hre.deployments.fixture(fixtureName);\n    if (result.Diamond) {\n        hre.Diamond = _evmconnector.WrapperBuilder.wrap(await hre.getContractOrFork(\"Kresko\")).usingSimpleNumericMock({\n            mockSignersCount: 1,\n            timestampMilliseconds: Date.now(),\n            dataPoints: [\n                {\n                    dataFeedId: \"DAI\",\n                    value: 0\n                },\n                {\n                    dataFeedId: \"USDC\",\n                    value: 0\n                },\n                {\n                    dataFeedId: \"TSLA\",\n                    value: 0\n                },\n                {\n                    dataFeedId: \"ETH\",\n                    value: 0\n                },\n                {\n                    dataFeedId: \"BTC\",\n                    value: 0\n                }\n            ]\n        });\n    }\n    return {\n        facets: result.Diamond ? result.Diamond.facets : [],\n        collaterals: hre.collaterals,\n        krAssets: hre.krAssets\n    };\n})();\nthis.facets = fixture.facets || [];\nthis.collaterals = fixture.collaterals;\nthis.krAssets = fixture.krAssets;",
              "err": {},
              "uuid": "207331c6-ba20-4aed-98c7-11e1694177bb",
              "parentUUID": "c0a2dee8-b9eb-4b43-96cf-33ab3a9f004f",
              "isHook": true,
              "skipped": false
            },
            {
              "title": "\"before each\" hook in \"Asset Amounts & Values\"",
              "fullTitle": "Asset Amounts & Values \"before each\" hook in \"Asset Amounts & Values\"",
              "timedOut": false,
              "duration": 3207,
              "state": null,
              "speed": null,
              "pass": false,
              "fail": false,
              "pending": false,
              "context": null,
              "code": "user = _hardhat.default.users.testUserSeven;\noracleDecimals = await _hardhat.default.Diamond.extOracleDecimals();\nKreskoAsset = await (0, _krassets.addMockKreskoAsset)({\n    name: \"KreskoAssetPrice10USD\",\n    price: collateralPrice,\n    symbol: \"KreskoAssetPrice10USD\",\n    closeFee: 0.1,\n    openFee: 0.1,\n    marketOpen: true,\n    factor: 2,\n    supplyLimit: 10\n});\nCollateralAsset = await (0, _collaterals.addMockCollateralAsset)({\n    name: \"Collateral18Dec\",\n    price: kreskoAssetPrice,\n    factor: 0.5,\n    decimals: 18\n});\nCollateralAsset8Dec = await (0, _collaterals.addMockCollateralAsset)({\n    name: \"Collateral8Dec\",\n    price: kreskoAssetPrice,\n    factor: 0.5,\n    decimals: 8\n});\nCollateralAsset21Dec = await (0, _collaterals.addMockCollateralAsset)({\n    name: \"Collateral21Dec\",\n    price: kreskoAssetPrice,\n    factor: 0.5,\n    decimals: 21\n});\nawait CollateralAsset.setBalance(user, (0, _lib.toBig)(startingBalance));\nawait CollateralAsset8Dec.setBalance(user, (0, _lib.toBig)(startingBalance, 8));\nawait CollateralAsset21Dec.setBalance(user, (0, _lib.toBig)(startingBalance, 21));\nawait CollateralAsset.contract.connect(user).approve(_hardhat.default.Diamond.address, _hardhat.default.ethers.constants.MaxUint256);\nawait CollateralAsset8Dec.contract.connect(user).approve(_hardhat.default.Diamond.address, _hardhat.default.ethers.constants.MaxUint256);\nawait CollateralAsset21Dec.contract.connect(user).approve(_hardhat.default.Diamond.address, _hardhat.default.ethers.constants.MaxUint256);",
              "err": {},
              "uuid": "741d4095-f794-46b3-837f-d976ecb35d17",
              "parentUUID": "c0a2dee8-b9eb-4b43-96cf-33ab3a9f004f",
              "isHook": true,
              "skipped": false
            }
          ],
          "afterHooks": [],
          "tests": [],
          "suites": [
            {
              "uuid": "bfee30be-29d3-43d3-983b-4bfca423823a",
              "title": "#Collateral Deposit Values",
              "fullFile": "/Users/tabishshaikh/work/kresko/kresko-protocol/src/test/asset-values/00-asset-values.ts",
              "file": "/src/test/asset-values/00-asset-values.ts",
              "beforeHooks": [],
              "afterHooks": [],
              "tests": [
                {
                  "title": "should return the correct deposit value with 18 decimals",
                  "fullTitle": "Asset Amounts & Values #Collateral Deposit Values should return the correct deposit value with 18 decimals",
                  "timedOut": false,
                  "duration": 51,
                  "state": "passed",
                  "speed": "medium",
                  "pass": true,
                  "fail": false,
                  "pending": false,
                  "context": null,
                  "code": "const depositAmount = (0, _lib.toBig)(10);\nconst expectedDepositValue = (0, _lib.toBig)(50, oracleDecimals); // cfactor = 0.5, collateralPrice = 10, depositAmount = 10\nawait (0, _test.wrapContractWithSigner)(_hardhat.default.Diamond, user).depositCollateral(user.address, CollateralAsset.address, depositAmount);\nconst depositValue = await _hardhat.default.Diamond.getAccountCollateralValue(user.address);\n(0, _chai.expect)(depositValue).to.equal(expectedDepositValue);",
                  "err": {},
                  "uuid": "e4c1b1e8-d9a6-4055-bf95-5c6dfdd2fea8",
                  "parentUUID": "bfee30be-29d3-43d3-983b-4bfca423823a",
                  "isHook": false,
                  "skipped": false
                },
                {
                  "title": "should return the correct deposit value with less than 18 decimals",
                  "fullTitle": "Asset Amounts & Values #Collateral Deposit Values should return the correct deposit value with less than 18 decimals",
                  "timedOut": false,
                  "duration": 52,
                  "state": "passed",
                  "speed": "medium",
                  "pass": true,
                  "fail": false,
                  "pending": false,
                  "context": null,
                  "code": "const depositAmount = (0, _lib.toBig)(10, 8);\nconst expectedDepositValue = (0, _lib.toBig)(50, oracleDecimals); // cfactor = 0.5, collateralPrice = 10, depositAmount = 10\nawait (0, _test.wrapContractWithSigner)(_hardhat.default.Diamond, user).depositCollateral(user.address, CollateralAsset8Dec.address, depositAmount);\nconst depositValue = await _hardhat.default.Diamond.getAccountCollateralValue(user.address);\n(0, _chai.expect)(depositValue).to.equal(expectedDepositValue);",
                  "err": {},
                  "uuid": "9e835ccf-5f0d-4ef9-8f9e-4cd1536d0ac4",
                  "parentUUID": "bfee30be-29d3-43d3-983b-4bfca423823a",
                  "isHook": false,
                  "skipped": false
                },
                {
                  "title": "should return the correct deposit value with over 18 decimals",
                  "fullTitle": "Asset Amounts & Values #Collateral Deposit Values should return the correct deposit value with over 18 decimals",
                  "timedOut": false,
                  "duration": 54,
                  "state": "passed",
                  "speed": "medium",
                  "pass": true,
                  "fail": false,
                  "pending": false,
                  "context": null,
                  "code": "const depositAmount = (0, _lib.toBig)(10, 21);\nconst expectedDepositValue = (0, _lib.toBig)(50, oracleDecimals); // cfactor = 0.5, collateralPrice = 10, depositAmount = 10\nawait (0, _test.wrapContractWithSigner)(_hardhat.default.Diamond, user).depositCollateral(user.address, CollateralAsset21Dec.address, depositAmount);\nconst depositValue = await _hardhat.default.Diamond.getAccountCollateralValue(user.address);\n(0, _chai.expect)(depositValue).to.equal(expectedDepositValue);",
                  "err": {},
                  "uuid": "97367769-5d37-42ac-b03c-d07bfac7d2b3",
                  "parentUUID": "bfee30be-29d3-43d3-983b-4bfca423823a",
                  "isHook": false,
                  "skipped": false
                },
                {
                  "title": "should return the correct deposit value combination of different decimals",
                  "fullTitle": "Asset Amounts & Values #Collateral Deposit Values should return the correct deposit value combination of different decimals",
                  "timedOut": false,
                  "duration": 121,
                  "state": "passed",
                  "speed": "slow",
                  "pass": true,
                  "fail": false,
                  "pending": false,
                  "context": null,
                  "code": "await (0, _test.wrapContractWithSigner)(_hardhat.default.Diamond, user).depositCollateral(user.address, CollateralAsset.address, (0, _lib.toBig)(10));\nawait (0, _test.wrapContractWithSigner)(_hardhat.default.Diamond, user).depositCollateral(user.address, CollateralAsset8Dec.address, (0, _lib.toBig)(10, 8));\nawait (0, _test.wrapContractWithSigner)(_hardhat.default.Diamond, user).depositCollateral(user.address, CollateralAsset21Dec.address, (0, _lib.toBig)(10, 21));\nconst expectedDepositValue = (0, _lib.toBig)(150, oracleDecimals); // cfactor = 0.5, collateralPrice = 10, depositAmount = 30\nconst depositValue = await _hardhat.default.Diamond.getAccountCollateralValue(user.address);\n(0, _chai.expect)(depositValue).to.equal(expectedDepositValue);",
                  "err": {},
                  "uuid": "439559cb-bfd0-4647-9e63-d28203937745",
                  "parentUUID": "bfee30be-29d3-43d3-983b-4bfca423823a",
                  "isHook": false,
                  "skipped": false
                }
              ],
              "suites": [],
              "passes": [
                "e4c1b1e8-d9a6-4055-bf95-5c6dfdd2fea8",
                "9e835ccf-5f0d-4ef9-8f9e-4cd1536d0ac4",
                "97367769-5d37-42ac-b03c-d07bfac7d2b3",
                "439559cb-bfd0-4647-9e63-d28203937745"
              ],
              "failures": [],
              "pending": [],
              "skipped": [],
              "duration": 278,
              "root": false,
              "rootEmpty": false,
              "_timeout": 15000
            },
            {
              "uuid": "aa637b84-caed-4996-9899-e841911cc453",
              "title": "#Collateral Deposit Amount",
              "fullFile": "/Users/tabishshaikh/work/kresko/kresko-protocol/src/test/asset-values/00-asset-values.ts",
              "file": "/src/test/asset-values/00-asset-values.ts",
              "beforeHooks": [],
              "afterHooks": [],
              "tests": [
                {
                  "title": "should return the correct deposit amount with 18 decimals",
                  "fullTitle": "Asset Amounts & Values #Collateral Deposit Amount should return the correct deposit amount with 18 decimals",
                  "timedOut": false,
                  "duration": 114,
                  "state": "passed",
                  "speed": "slow",
                  "pass": true,
                  "fail": false,
                  "pending": false,
                  "context": null,
                  "code": "const depositAmount = (0, _lib.toBig)(10);\nawait (0, _test.wrapContractWithSigner)(_hardhat.default.Diamond, user).depositCollateral(user.address, CollateralAsset.address, depositAmount);\nconst withdrawIndex = await _hardhat.default.Diamond.getDepositedCollateralAssetIndex(user.address, CollateralAsset.address);\nconst deposits = await _hardhat.default.Diamond.collateralDeposits(user.address, CollateralAsset.address);\n(0, _chai.expect)(deposits).to.equal(depositAmount);\nawait (0, _test.wrapContractWithSigner)(_hardhat.default.Diamond, user).withdrawCollateral(user.address, CollateralAsset.address, depositAmount, withdrawIndex);\nconst balance = await CollateralAsset.contract.balanceOf(user.address);\n(0, _chai.expect)(balance).to.equal((0, _lib.toBig)(startingBalance));",
                  "err": {},
                  "uuid": "737de3fc-1c64-47e9-9879-b286eb6bc479",
                  "parentUUID": "aa637b84-caed-4996-9899-e841911cc453",
                  "isHook": false,
                  "skipped": false
                },
                {
                  "title": "should return the correct deposit amount with less than 18 decimals",
                  "fullTitle": "Asset Amounts & Values #Collateral Deposit Amount should return the correct deposit amount with less than 18 decimals",
                  "timedOut": false,
                  "duration": 121,
                  "state": "passed",
                  "speed": "slow",
                  "pass": true,
                  "fail": false,
                  "pending": false,
                  "context": null,
                  "code": "const depositAmount = (0, _lib.toBig)(10, 8);\nawait (0, _test.wrapContractWithSigner)(_hardhat.default.Diamond, user).depositCollateral(user.address, CollateralAsset8Dec.address, depositAmount);\nconst withdrawIndex = await _hardhat.default.Diamond.getDepositedCollateralAssetIndex(user.address, CollateralAsset8Dec.address);\nconst deposits = await _hardhat.default.Diamond.collateralDeposits(user.address, CollateralAsset8Dec.address);\n(0, _chai.expect)(deposits).to.equal(depositAmount);\nawait (0, _test.wrapContractWithSigner)(_hardhat.default.Diamond, user).withdrawCollateral(user.address, CollateralAsset8Dec.address, depositAmount, withdrawIndex);\nconst balance = await CollateralAsset8Dec.contract.balanceOf(user.address);\n(0, _chai.expect)(balance).to.equal((0, _lib.toBig)(startingBalance, 8));",
                  "err": {},
                  "uuid": "833a52e9-6a01-401a-a841-a41c8bc331f9",
                  "parentUUID": "aa637b84-caed-4996-9899-e841911cc453",
                  "isHook": false,
                  "skipped": false
                },
                {
                  "title": "should return the correct deposit value with over 18 decimals",
                  "fullTitle": "Asset Amounts & Values #Collateral Deposit Amount should return the correct deposit value with over 18 decimals",
                  "timedOut": false,
                  "duration": 121,
                  "state": "passed",
                  "speed": "slow",
                  "pass": true,
                  "fail": false,
                  "pending": false,
                  "context": null,
                  "code": "const depositAmount = (0, _lib.toBig)(10, 21);\nawait (0, _test.wrapContractWithSigner)(_hardhat.default.Diamond, user).depositCollateral(user.address, CollateralAsset21Dec.address, depositAmount);\nconst withdrawIndex = await _hardhat.default.Diamond.getDepositedCollateralAssetIndex(user.address, CollateralAsset21Dec.address);\nconst deposits = await _hardhat.default.Diamond.collateralDeposits(user.address, CollateralAsset21Dec.address);\n(0, _chai.expect)(deposits).to.equal(depositAmount);\nawait (0, _test.wrapContractWithSigner)(_hardhat.default.Diamond, user).withdrawCollateral(user.address, CollateralAsset21Dec.address, depositAmount, withdrawIndex);\nconst balance = await CollateralAsset21Dec.contract.balanceOf(user.address);\n(0, _chai.expect)(balance).to.equal((0, _lib.toBig)(startingBalance, 21));",
                  "err": {},
                  "uuid": "d13c9ef0-a255-41b4-b2b8-cd05cf6a80aa",
                  "parentUUID": "aa637b84-caed-4996-9899-e841911cc453",
                  "isHook": false,
                  "skipped": false
                }
              ],
              "suites": [],
              "passes": [
                "737de3fc-1c64-47e9-9879-b286eb6bc479",
                "833a52e9-6a01-401a-a841-a41c8bc331f9",
                "d13c9ef0-a255-41b4-b2b8-cd05cf6a80aa"
              ],
              "failures": [],
              "pending": [],
              "skipped": [],
              "duration": 356,
              "root": false,
              "rootEmpty": false,
              "_timeout": 15000
            },
            {
              "uuid": "cbf3ba88-a2e5-4eae-a9c9-68ab262bce14",
              "title": "#Kresko Asset Debt Values",
              "fullFile": "/Users/tabishshaikh/work/kresko/kresko-protocol/src/test/asset-values/00-asset-values.ts",
              "file": "/src/test/asset-values/00-asset-values.ts",
              "beforeHooks": [],
              "afterHooks": [],
              "tests": [
                {
                  "title": "should return the correct debt value (+CR) with 18 decimal collateral",
                  "fullTitle": "Asset Amounts & Values #Kresko Asset Debt Values should return the correct debt value (+CR) with 18 decimal collateral",
                  "timedOut": false,
                  "duration": 327,
                  "state": "passed",
                  "speed": "slow",
                  "pass": true,
                  "fail": false,
                  "pending": false,
                  "context": null,
                  "code": "const depositAmount = (0, _lib.toBig)(10);\nawait (0, _test.wrapContractWithSigner)(_hardhat.default.Diamond, user).depositCollateral(user.address, CollateralAsset.address, depositAmount);\nconst mintAmount = (0, _lib.toBig)(1);\nconst expectedMintValue = (0, _lib.toBig)(20, oracleDecimals); // kFactor = 2, krAssetPrice = 10, mintAmount = 1, openFee = 0.1\nawait (0, _test.wrapContractWithSigner)(_hardhat.default.Diamond, user).mintKreskoAsset(user.address, KreskoAsset.address, mintAmount);\nconst expectedDepositValue = (0, _lib.toBig)(49.5, oracleDecimals); // cfactor = 0.5, collateralPrice = 10, depositAmount = 10, openFee = 0.1\nconst depositValue = await _hardhat.default.Diamond.getAccountCollateralValue(user.address);\n(0, _chai.expect)(depositValue).to.equal(expectedDepositValue);\nconst mintValue = await _hardhat.default.Diamond.getAccountKrAssetValue(user.address);\n(0, _chai.expect)(mintValue).to.equal(expectedMintValue);\nconst assetValue = await _hardhat.default.Diamond.getKrAssetValue(KreskoAsset.address, mintAmount, true);\nconst kFactor = (await _hardhat.default.Diamond.kreskoAsset(KreskoAsset.address)).kFactor;\n(0, _chai.expect)(assetValue).to.equal(expectedMintValue.wadDiv(kFactor));\nconst collateralRatio = await (0, _liquidations.getCR)(user.address, true); // big\n(0, _chai.expect)(collateralRatio).to.equal(expectedDepositValue.wadDiv(expectedMintValue)); // 2.475",
                  "err": {},
                  "uuid": "66024b2d-1e8c-4111-b39e-0b6b5cbf578b",
                  "parentUUID": "cbf3ba88-a2e5-4eae-a9c9-68ab262bce14",
                  "isHook": false,
                  "skipped": false
                },
                {
                  "title": "should return the correct debt value (+CR) with less than 18 decimal collateral",
                  "fullTitle": "Asset Amounts & Values #Kresko Asset Debt Values should return the correct debt value (+CR) with less than 18 decimal collateral",
                  "timedOut": false,
                  "duration": 332,
                  "state": "passed",
                  "speed": "slow",
                  "pass": true,
                  "fail": false,
                  "pending": false,
                  "context": null,
                  "code": "const depositAmount = (0, _lib.toBig)(10, 8);\nawait (0, _test.wrapContractWithSigner)(_hardhat.default.Diamond, user).depositCollateral(user.address, CollateralAsset8Dec.address, depositAmount);\nconst mintAmount = (0, _lib.toBig)(1);\nconst expectedMintValue = (0, _lib.toBig)(20, oracleDecimals); // kFactor = 2, krAssetPrice = 10, mintAmount = 1, openFee = 0.1\nawait (0, _test.wrapContractWithSigner)(_hardhat.default.Diamond, user).mintKreskoAsset(user.address, KreskoAsset.address, mintAmount);\nconst expectedDepositValue = (0, _lib.toBig)(49.5, oracleDecimals); // cfactor = 0.5, collateralPrice = 10, depositAmount = 10, openFee = 0.1\nconst depositValue = await _hardhat.default.Diamond.getAccountCollateralValue(user.address);\n(0, _chai.expect)(depositValue).to.equal(expectedDepositValue);\nconst mintValue = await _hardhat.default.Diamond.getAccountKrAssetValue(user.address);\n(0, _chai.expect)(mintValue).to.equal(expectedMintValue);\nconst assetValue = await _hardhat.default.Diamond.getKrAssetValue(KreskoAsset.address, mintAmount, true);\nconst kFactor = (await _hardhat.default.Diamond.kreskoAsset(KreskoAsset.address)).kFactor;\n(0, _chai.expect)(assetValue).to.equal(expectedMintValue.wadDiv(kFactor));\nconst collateralRatio = await (0, _liquidations.getCR)(user.address, true); // big\n(0, _chai.expect)(collateralRatio).to.equal(expectedDepositValue.wadDiv(expectedMintValue)); // 2.475",
                  "err": {},
                  "uuid": "3b37640e-a3f5-400d-8d0c-46f4930d0744",
                  "parentUUID": "cbf3ba88-a2e5-4eae-a9c9-68ab262bce14",
                  "isHook": false,
                  "skipped": false
                },
                {
                  "title": "should return the correct debt value (+CR) with more than 18 decimal collateral",
                  "fullTitle": "Asset Amounts & Values #Kresko Asset Debt Values should return the correct debt value (+CR) with more than 18 decimal collateral",
                  "timedOut": false,
                  "duration": 343,
                  "state": "passed",
                  "speed": "slow",
                  "pass": true,
                  "fail": false,
                  "pending": false,
                  "context": null,
                  "code": "const depositAmount = (0, _lib.toBig)(10, 21);\nawait (0, _test.wrapContractWithSigner)(_hardhat.default.Diamond, user).depositCollateral(user.address, CollateralAsset21Dec.address, depositAmount);\nconst mintAmount = (0, _lib.toBig)(1);\nconst expectedMintValue = (0, _lib.toBig)(20, oracleDecimals); // kFactor = 2, krAssetPrice = 10, mintAmount = 1, openFee = 0.1\nawait (0, _test.wrapContractWithSigner)(_hardhat.default.Diamond, user).mintKreskoAsset(user.address, KreskoAsset.address, mintAmount);\nconst expectedDepositValue = (0, _lib.toBig)(49.5, oracleDecimals); // cfactor = 0.5, collateralPrice = 10, depositAmount = 10, openFee = 0.1\nconst depositValue = await _hardhat.default.Diamond.getAccountCollateralValue(user.address);\n(0, _chai.expect)(depositValue).to.equal(expectedDepositValue);\nconst mintValue = await _hardhat.default.Diamond.getAccountKrAssetValue(user.address);\n(0, _chai.expect)(mintValue).to.equal(expectedMintValue);\nconst assetValue = await _hardhat.default.Diamond.getKrAssetValue(KreskoAsset.address, mintAmount, true);\nconst kFactor = (await _hardhat.default.Diamond.kreskoAsset(KreskoAsset.address)).kFactor;\n(0, _chai.expect)(assetValue).to.equal(expectedMintValue.wadDiv(kFactor));\nconst collateralRatio = await (0, _liquidations.getCR)(user.address, true); // big\n(0, _chai.expect)(collateralRatio).to.equal(expectedDepositValue.wadDiv(expectedMintValue)); // 2.475",
                  "err": {},
                  "uuid": "837a96be-96f9-4900-818a-e77f5cd6b4b3",
                  "parentUUID": "cbf3ba88-a2e5-4eae-a9c9-68ab262bce14",
                  "isHook": false,
                  "skipped": false
                }
              ],
              "suites": [],
              "passes": [
                "66024b2d-1e8c-4111-b39e-0b6b5cbf578b",
                "3b37640e-a3f5-400d-8d0c-46f4930d0744",
                "837a96be-96f9-4900-818a-e77f5cd6b4b3"
              ],
              "failures": [],
              "pending": [],
              "skipped": [],
              "duration": 1002,
              "root": false,
              "rootEmpty": false,
              "_timeout": 15000
            }
          ],
          "passes": [],
          "failures": [],
          "pending": [],
          "skipped": [],
          "duration": 0,
          "root": false,
          "rootEmpty": false,
          "_timeout": 15000
        },
        {
          "uuid": "33e9bd28-b01d-4363-b90b-7a4a77945df2",
          "title": "Collateral Pool",
          "fullFile": "/Users/tabishshaikh/work/kresko/kresko-protocol/src/test/collateral-pool/00-collateral-pool.ts",
          "file": "/src/test/collateral-pool/00-collateral-pool.ts",
          "beforeHooks": [
            {
              "title": "\"before each\" hook in \"Collateral Pool\"",
              "fullTitle": "Collateral Pool \"before each\" hook in \"Collateral Pool\"",
              "timedOut": false,
              "duration": 31,
              "state": null,
              "speed": null,
              "pass": false,
              "fail": false,
              "pending": false,
              "context": null,
              "code": "const fixture = await _hardhat.default.deployments.createFixture(async (hre)=>{\n    const result = await hre.deployments.fixture(fixtureName);\n    if (result.Diamond) {\n        hre.Diamond = _evmconnector.WrapperBuilder.wrap(await hre.getContractOrFork(\"Kresko\")).usingSimpleNumericMock({\n            mockSignersCount: 1,\n            timestampMilliseconds: Date.now(),\n            dataPoints: [\n                {\n                    dataFeedId: \"DAI\",\n                    value: 0\n                },\n                {\n                    dataFeedId: \"USDC\",\n                    value: 0\n                },\n                {\n                    dataFeedId: \"TSLA\",\n                    value: 0\n                },\n                {\n                    dataFeedId: \"ETH\",\n                    value: 0\n                },\n                {\n                    dataFeedId: \"BTC\",\n                    value: 0\n                }\n            ]\n        });\n    }\n    return {\n        facets: result.Diamond ? result.Diamond.facets : [],\n        collaterals: hre.collaterals,\n        krAssets: hre.krAssets\n    };\n})();\nthis.facets = fixture.facets || [];\nthis.collaterals = fixture.collaterals;\nthis.krAssets = fixture.krAssets;",
              "err": {},
              "uuid": "f59d1a82-f740-4b88-a496-3bc44258b62e",
              "parentUUID": "33e9bd28-b01d-4363-b90b-7a4a77945df2",
              "isHook": true,
              "skipped": false
            },
            {
              "title": "\"before each\" hook in \"Collateral Pool\"",
              "fullTitle": "Collateral Pool \"before each\" hook in \"Collateral Pool\"",
              "timedOut": false,
              "duration": 3282,
              "state": null,
              "speed": null,
              "pass": false,
              "fail": false,
              "pending": false,
              "context": null,
              "code": "users = [\n    _hardhat.default.users.testUserFive,\n    _hardhat.default.users.testUserSix,\n    _hardhat.default.users.testUserSeven\n];\n[KreskoAsset, CollateralAsset, CollateralAsset8Dec] = await Promise.all([\n    (0, _krassets.addMockKreskoAsset)({\n        name: \"KreskoAssetPrice10USD\",\n        price: collateralPrice,\n        symbol: \"KreskoAssetPrice10USD\",\n        closeFee: 0.1,\n        openFee: 0.1,\n        marketOpen: true,\n        factor: 1.25,\n        supplyLimit: 100000\n    }, true),\n    (0, _collaterals.addMockCollateralAsset)({\n        name: \"Collateral18Dec\",\n        price: collateralPrice,\n        factor: 1,\n        decimals: 18\n    }),\n    (0, _collaterals.addMockCollateralAsset)({\n        name: \"Collateral8Dec\",\n        price: collateralPrice,\n        factor: 0.8,\n        decimals: 8\n    })\n]);\nfor (const user of users){\n    await Promise.all([\n        await CollateralAsset.setBalance(user, depositAmount18Dec),\n        await CollateralAsset8Dec.setBalance(user, depositAmount8Dec),\n        await CollateralAsset.contract.connect(user).approve(_hardhat.default.Diamond.address, _hardhat.default.ethers.constants.MaxUint256),\n        await CollateralAsset8Dec.contract.connect(user).approve(_hardhat.default.Diamond.address, _hardhat.default.ethers.constants.MaxUint256)\n    ]);\n}",
              "err": {},
              "uuid": "26b363b4-a64c-4722-beef-d460ef7584de",
              "parentUUID": "33e9bd28-b01d-4363-b90b-7a4a77945df2",
              "isHook": true,
              "skipped": false
            }
          ],
          "afterHooks": [],
          "tests": [],
          "suites": [
            {
              "uuid": "3f503f7d-032a-4cd7-a3b2-7b8b90e026cf",
              "title": "#Configuration",
              "fullFile": "/Users/tabishshaikh/work/kresko/kresko-protocol/src/test/collateral-pool/00-collateral-pool.ts",
              "file": "/src/test/collateral-pool/00-collateral-pool.ts",
              "beforeHooks": [],
              "afterHooks": [],
              "tests": [
                {
                  "title": "should be initialized with correct params",
                  "fullTitle": "Collateral Pool #Configuration should be initialized with correct params",
                  "timedOut": false,
                  "duration": 33,
                  "state": "passed",
                  "speed": "fast",
                  "pass": true,
                  "fail": false,
                  "pending": false,
                  "context": null,
                  "code": "const { args  } = await (0, _shared.getCollateralPoolInitializer)(_hardhat.default);\nconst configuration = await _hardhat.default.Diamond.getCollateralPoolConfig();\n(0, _chai.expect)(configuration.swapFeeRecipient).to.equal(args.swapFeeRecipient);\n(0, _chai.expect)(configuration.lt).to.equal(args.lt);\n(0, _chai.expect)(configuration.mcr).to.equal(args.mcr);",
                  "err": {},
                  "uuid": "8086f224-2dd2-4eca-b8ce-857079afb728",
                  "parentUUID": "3f503f7d-032a-4cd7-a3b2-7b8b90e026cf",
                  "isHook": false,
                  "skipped": false
                },
                {
                  "title": "should be able to add whitelisted collateral",
                  "fullTitle": "Collateral Pool #Configuration should be able to add whitelisted collateral",
                  "timedOut": false,
                  "duration": 87,
                  "state": "passed",
                  "speed": "slow",
                  "pass": true,
                  "fail": false,
                  "pending": false,
                  "context": null,
                  "code": "const configuration = {\n    decimals: 18,\n    liquidationIncentive: (0, _lib.toBig)(1.1),\n    depositLimit: _hardhat.ethers.constants.MaxUint256,\n    liquidityIndex: _lib.RAY\n};\nawait _hardhat.default.Diamond.enablePoolCollaterals([\n    CollateralAsset.address\n], [\n    configuration\n]);\nconst collateral = await _hardhat.default.Diamond.getPoolCollateral(CollateralAsset.address);\n(0, _chai.expect)(collateral.decimals).to.equal(configuration.decimals);\n(0, _chai.expect)(collateral.liquidationIncentive).to.equal(configuration.liquidationIncentive);\n(0, _chai.expect)(collateral.liquidityIndex).to.equal(_lib.RAY);\n(0, _chai.expect)(collateral.depositLimit).to.equal(configuration.depositLimit);\nconst collaterals = await _hardhat.default.Diamond.getPoolCollateralAssets();\n(0, _chai.expect)(collaterals).to.deep.equal([\n    CollateralAsset.address\n]);\n(0, _chai.expect)(await _hardhat.default.Diamond.getPoolAssetIsEnabled(CollateralAsset.address)).to.equal(true);",
                  "err": {},
                  "uuid": "933629c9-e427-4b5a-a6fa-3d1f2e02f89d",
                  "parentUUID": "3f503f7d-032a-4cd7-a3b2-7b8b90e026cf",
                  "isHook": false,
                  "skipped": false
                },
                {
                  "title": "should be able to update a whitelisted collateral",
                  "fullTitle": "Collateral Pool #Configuration should be able to update a whitelisted collateral",
                  "timedOut": false,
                  "duration": 67,
                  "state": "passed",
                  "speed": "medium",
                  "pass": true,
                  "fail": false,
                  "pending": false,
                  "context": null,
                  "code": "const configuration = {\n    decimals: 18,\n    liquidationIncentive: (0, _lib.toBig)(1.1),\n    depositLimit: _hardhat.ethers.constants.MaxUint256,\n    liquidityIndex: _lib.RAY\n};\nawait _hardhat.default.Diamond.enablePoolCollaterals([\n    CollateralAsset.address\n], [\n    configuration\n]);\nawait _hardhat.default.Diamond.updatePoolCollateral(CollateralAsset.address, (0, _lib.toBig)(1.05), 1);\nconst collateral = await _hardhat.default.Diamond.getPoolCollateral(CollateralAsset.address);\n(0, _chai.expect)(collateral.decimals).to.equal(configuration.decimals);\n(0, _chai.expect)(collateral.liquidationIncentive).to.equal((0, _lib.toBig)(1.05));\n(0, _chai.expect)(collateral.liquidityIndex).to.equal(_lib.RAY);\n(0, _chai.expect)(collateral.depositLimit).to.equal(1);",
                  "err": {},
                  "uuid": "3be44542-6ad1-4ab4-bd1c-51f6af052762",
                  "parentUUID": "3f503f7d-032a-4cd7-a3b2-7b8b90e026cf",
                  "isHook": false,
                  "skipped": false
                },
                {
                  "title": "should be able to disable a whitelisted collateral asset",
                  "fullTitle": "Collateral Pool #Configuration should be able to disable a whitelisted collateral asset",
                  "timedOut": false,
                  "duration": 90,
                  "state": "passed",
                  "speed": "slow",
                  "pass": true,
                  "fail": false,
                  "pending": false,
                  "context": null,
                  "code": "const configuration = {\n    decimals: 18,\n    liquidationIncentive: (0, _lib.toBig)(1.1),\n    depositLimit: _hardhat.ethers.constants.MaxUint256,\n    liquidityIndex: _lib.RAY\n};\nawait _hardhat.default.Diamond.enablePoolCollaterals([\n    CollateralAsset.address\n], [\n    configuration\n]);\nawait _hardhat.default.Diamond.disablePoolCollaterals([\n    CollateralAsset.address\n]);\nconst collaterals = await _hardhat.default.Diamond.getPoolCollateralAssets();\n(0, _chai.expect)(collaterals).to.deep.equal([\n    CollateralAsset.address\n]);\n(0, _chai.expect)(await _hardhat.default.Diamond.getPoolAssetIsEnabled(CollateralAsset.address)).to.equal(false);",
                  "err": {},
                  "uuid": "792f4637-7c0e-4b11-afa2-55b2e52dc3ed",
                  "parentUUID": "3f503f7d-032a-4cd7-a3b2-7b8b90e026cf",
                  "isHook": false,
                  "skipped": false
                },
                {
                  "title": "should be able to remove a collateral asset",
                  "fullTitle": "Collateral Pool #Configuration should be able to remove a collateral asset",
                  "timedOut": false,
                  "duration": 92,
                  "state": "passed",
                  "speed": "slow",
                  "pass": true,
                  "fail": false,
                  "pending": false,
                  "context": null,
                  "code": "const configuration = {\n    decimals: 18,\n    liquidationIncentive: (0, _lib.toBig)(1.1),\n    depositLimit: _hardhat.ethers.constants.MaxUint256,\n    liquidityIndex: _lib.RAY\n};\nawait _hardhat.default.Diamond.enablePoolCollaterals([\n    CollateralAsset.address\n], [\n    configuration\n]);\nawait _hardhat.default.Diamond.removePoolCollaterals([\n    CollateralAsset.address\n]);\nconst collaterals = await _hardhat.default.Diamond.getPoolCollateralAssets();\n(0, _chai.expect)(collaterals).to.deep.equal([]);\n(0, _chai.expect)(await _hardhat.default.Diamond.getPoolAssetIsEnabled(CollateralAsset.address)).to.equal(false);",
                  "err": {},
                  "uuid": "66e5c156-a3f8-406e-a72a-308d82d333e3",
                  "parentUUID": "3f503f7d-032a-4cd7-a3b2-7b8b90e026cf",
                  "isHook": false,
                  "skipped": false
                },
                {
                  "title": "should be able to add whitelisted kresko asset",
                  "fullTitle": "Collateral Pool #Configuration should be able to add whitelisted kresko asset",
                  "timedOut": false,
                  "duration": 85,
                  "state": "passed",
                  "speed": "slow",
                  "pass": true,
                  "fail": false,
                  "pending": false,
                  "context": null,
                  "code": "const configuration = {\n    openFee: (0, _lib.toBig)(0.01),\n    closeFee: (0, _lib.toBig)(0.01),\n    protocolFee: (0, _lib.toBig)(0.25),\n    supplyLimit: (0, _lib.toBig)(1000000)\n};\nawait _hardhat.default.Diamond.enablePoolKrAssets([\n    KreskoAsset.address\n], [\n    configuration\n]);\nconst kreskoAsset = await _hardhat.default.Diamond.getPoolKrAsset(KreskoAsset.address);\n(0, _chai.expect)(kreskoAsset.openFee).to.equal(configuration.openFee);\n(0, _chai.expect)(kreskoAsset.closeFee).to.equal(configuration.closeFee);\n(0, _chai.expect)(kreskoAsset.protocolFee).to.equal(configuration.protocolFee);\n(0, _chai.expect)(kreskoAsset.supplyLimit).to.equal(configuration.supplyLimit);\nconst krAssets = await _hardhat.default.Diamond.getPoolKrAssets();\n(0, _chai.expect)(krAssets).to.deep.equal([\n    KreskoAsset.address\n]);\n(0, _chai.expect)(await _hardhat.default.Diamond.getPoolAssetIsEnabled(KreskoAsset.address)).to.equal(true);",
                  "err": {},
                  "uuid": "acee6eea-2f54-42d2-ad36-dd65b52b50cd",
                  "parentUUID": "3f503f7d-032a-4cd7-a3b2-7b8b90e026cf",
                  "isHook": false,
                  "skipped": false
                },
                {
                  "title": "should be able to update a whitelisted kresko asset",
                  "fullTitle": "Collateral Pool #Configuration should be able to update a whitelisted kresko asset",
                  "timedOut": false,
                  "duration": 108,
                  "state": "passed",
                  "speed": "slow",
                  "pass": true,
                  "fail": false,
                  "pending": false,
                  "context": null,
                  "code": "const configuration = {\n    openFee: (0, _lib.toBig)(0.01),\n    closeFee: (0, _lib.toBig)(0.01),\n    protocolFee: (0, _lib.toBig)(0.25),\n    supplyLimit: (0, _lib.toBig)(1000000)\n};\nawait _hardhat.default.Diamond.enablePoolKrAssets([\n    KreskoAsset.address\n], [\n    configuration\n]);\nconst update = {\n    openFee: (0, _lib.toBig)(0.05),\n    closeFee: (0, _lib.toBig)(0.05),\n    protocolFee: (0, _lib.toBig)(0.4),\n    supplyLimit: (0, _lib.toBig)(50000)\n};\nawait _hardhat.default.Diamond.updatePoolKrAsset(KreskoAsset.address, update);\nconst kreskoAsset = await _hardhat.default.Diamond.getPoolKrAsset(KreskoAsset.address);\n(0, _chai.expect)(kreskoAsset.openFee).to.equal(update.openFee);\n(0, _chai.expect)(kreskoAsset.closeFee).to.equal(update.closeFee);\n(0, _chai.expect)(kreskoAsset.protocolFee).to.equal(update.protocolFee);\n(0, _chai.expect)(kreskoAsset.supplyLimit).to.equal(update.supplyLimit);\nconst krAssets = await _hardhat.default.Diamond.getPoolKrAssets();\n(0, _chai.expect)(krAssets).to.deep.equal([\n    KreskoAsset.address\n]);\n(0, _chai.expect)(await _hardhat.default.Diamond.getPoolAssetIsEnabled(KreskoAsset.address)).to.equal(true);",
                  "err": {},
                  "uuid": "000b7ccb-59b2-4413-9f68-47e208a8d363",
                  "parentUUID": "3f503f7d-032a-4cd7-a3b2-7b8b90e026cf",
                  "isHook": false,
                  "skipped": false
                },
                {
                  "title": "should be able to disable a whitelisted kresko asset",
                  "fullTitle": "Collateral Pool #Configuration should be able to disable a whitelisted kresko asset",
                  "timedOut": false,
                  "duration": 88,
                  "state": "passed",
                  "speed": "slow",
                  "pass": true,
                  "fail": false,
                  "pending": false,
                  "context": null,
                  "code": "const configuration = {\n    openFee: (0, _lib.toBig)(0.01),\n    closeFee: (0, _lib.toBig)(0.01),\n    protocolFee: (0, _lib.toBig)(0.25),\n    supplyLimit: (0, _lib.toBig)(1000000)\n};\nawait _hardhat.default.Diamond.enablePoolKrAssets([\n    KreskoAsset.address\n], [\n    configuration\n]);\nawait _hardhat.default.Diamond.disablePoolKrAssets([\n    KreskoAsset.address\n]);\nconst krAssets = await _hardhat.default.Diamond.getPoolKrAssets();\n(0, _chai.expect)(krAssets).to.deep.equal([\n    KreskoAsset.address\n]);\n(0, _chai.expect)(await _hardhat.default.Diamond.getPoolAssetIsEnabled(KreskoAsset.address)).to.equal(false);",
                  "err": {},
                  "uuid": "d482f164-c645-43f9-974c-8d444b7468c8",
                  "parentUUID": "3f503f7d-032a-4cd7-a3b2-7b8b90e026cf",
                  "isHook": false,
                  "skipped": false
                },
                {
                  "title": "should be able to remove a whitelisted kresko asset",
                  "fullTitle": "Collateral Pool #Configuration should be able to remove a whitelisted kresko asset",
                  "timedOut": false,
                  "duration": 90,
                  "state": "passed",
                  "speed": "slow",
                  "pass": true,
                  "fail": false,
                  "pending": false,
                  "context": null,
                  "code": "const configuration = {\n    openFee: (0, _lib.toBig)(0.01),\n    closeFee: (0, _lib.toBig)(0.01),\n    protocolFee: (0, _lib.toBig)(0.25),\n    supplyLimit: (0, _lib.toBig)(1000000)\n};\nawait _hardhat.default.Diamond.enablePoolKrAssets([\n    KreskoAsset.address\n], [\n    configuration\n]);\nawait _hardhat.default.Diamond.removePoolKrAssets([\n    KreskoAsset.address\n]);\nconst krAssets = await _hardhat.default.Diamond.getPoolKrAssets();\n(0, _chai.expect)(krAssets).to.deep.equal([]);\n(0, _chai.expect)(await _hardhat.default.Diamond.getPoolAssetIsEnabled(KreskoAsset.address)).to.equal(false);",
                  "err": {},
                  "uuid": "e03d0033-2caa-45bc-b7da-866cfe94edcc",
                  "parentUUID": "3f503f7d-032a-4cd7-a3b2-7b8b90e026cf",
                  "isHook": false,
                  "skipped": false
                },
                {
                  "title": "should be able to enable and disable swap pairs",
                  "fullTitle": "Collateral Pool #Configuration should be able to enable and disable swap pairs",
                  "timedOut": false,
                  "duration": 126,
                  "state": "passed",
                  "speed": "slow",
                  "pass": true,
                  "fail": false,
                  "pending": false,
                  "context": null,
                  "code": "const swapPairsEnabled = [\n    {\n        assetIn: CollateralAsset.address,\n        assetOut: KreskoAsset.address,\n        enabled: true\n    }\n];\nawait _hardhat.default.Diamond.setSwapPairs(swapPairsEnabled);\n(0, _chai.expect)(await _hardhat.default.Diamond.getPoolIsSwapEnabled(CollateralAsset.address, KreskoAsset.address)).to.equal(true);\n(0, _chai.expect)(await _hardhat.default.Diamond.getPoolIsSwapEnabled(KreskoAsset.address, CollateralAsset.address)).to.equal(true);\nconst swapPairsDisabled = [\n    {\n        assetIn: CollateralAsset.address,\n        assetOut: KreskoAsset.address,\n        enabled: false\n    }\n];\nawait _hardhat.default.Diamond.setSwapPairs(swapPairsDisabled);\n(0, _chai.expect)(await _hardhat.default.Diamond.getPoolIsSwapEnabled(CollateralAsset.address, KreskoAsset.address)).to.equal(false);\n(0, _chai.expect)(await _hardhat.default.Diamond.getPoolIsSwapEnabled(KreskoAsset.address, CollateralAsset.address)).to.equal(false);",
                  "err": {},
                  "uuid": "5e4a71bd-4c44-4879-be24-39221dd88dea",
                  "parentUUID": "3f503f7d-032a-4cd7-a3b2-7b8b90e026cf",
                  "isHook": false,
                  "skipped": false
                }
              ],
              "suites": [],
              "passes": [
                "8086f224-2dd2-4eca-b8ce-857079afb728",
                "933629c9-e427-4b5a-a6fa-3d1f2e02f89d",
                "3be44542-6ad1-4ab4-bd1c-51f6af052762",
                "792f4637-7c0e-4b11-afa2-55b2e52dc3ed",
                "66e5c156-a3f8-406e-a72a-308d82d333e3",
                "acee6eea-2f54-42d2-ad36-dd65b52b50cd",
                "000b7ccb-59b2-4413-9f68-47e208a8d363",
                "d482f164-c645-43f9-974c-8d444b7468c8",
                "e03d0033-2caa-45bc-b7da-866cfe94edcc",
                "5e4a71bd-4c44-4879-be24-39221dd88dea"
              ],
              "failures": [],
              "pending": [],
              "skipped": [],
              "duration": 866,
              "root": false,
              "rootEmpty": false,
              "_timeout": 15000
            },
            {
              "uuid": "4c9d48fe-330a-42d0-b3c6-84b518e154ca",
              "title": "#Deposit",
              "fullFile": "/Users/tabishshaikh/work/kresko/kresko-protocol/src/test/collateral-pool/00-collateral-pool.ts",
              "file": "/src/test/collateral-pool/00-collateral-pool.ts",
              "beforeHooks": [
                {
                  "title": "\"before each\" hook in \"#Deposit\"",
                  "fullTitle": "Collateral Pool #Deposit \"before each\" hook in \"#Deposit\"",
                  "timedOut": false,
                  "duration": 76,
                  "state": null,
                  "speed": null,
                  "pass": false,
                  "fail": false,
                  "pending": false,
                  "context": null,
                  "code": "await Promise.all([\n    await _hardhat.default.Diamond.enablePoolCollaterals([\n        CollateralAsset.address,\n        CollateralAsset8Dec.address\n    ], [\n        {\n            decimals: 18,\n            liquidationIncentive: (0, _lib.toBig)(1.1),\n            depositLimit: _hardhat.ethers.constants.MaxUint256,\n            liquidityIndex: _lib.RAY\n        },\n        {\n            decimals: 8,\n            liquidationIncentive: (0, _lib.toBig)(1.05),\n            depositLimit: _hardhat.ethers.constants.MaxUint256,\n            liquidityIndex: _lib.RAY\n        }\n    ]),\n    await _hardhat.default.Diamond.enablePoolKrAssets([\n        KreskoAsset.address\n    ], [\n        {\n            openFee: (0, _lib.toBig)(0.01),\n            closeFee: (0, _lib.toBig)(0.01),\n            protocolFee: (0, _lib.toBig)(0.25),\n            supplyLimit: (0, _lib.toBig)(1000000)\n        }\n    ])\n]);",
                  "err": {},
                  "uuid": "b388144a-a54d-482a-81dd-dec372d95292",
                  "parentUUID": "4c9d48fe-330a-42d0-b3c6-84b518e154ca",
                  "isHook": true,
                  "skipped": false
                }
              ],
              "afterHooks": [],
              "tests": [
                {
                  "title": "should be able to deposit collateral, calculate correct deposit values, not touching individual deposits",
                  "fullTitle": "Collateral Pool #Deposit should be able to deposit collateral, calculate correct deposit values, not touching individual deposits",
                  "timedOut": false,
                  "duration": 1092,
                  "state": "passed",
                  "speed": "slow",
                  "pass": true,
                  "fail": false,
                  "pending": false,
                  "context": null,
                  "code": "const expectedValueUnadjusted = (0, _lib.toBig)(collateralPrice * depositAmount, 8);\nconst expectedValueAdjusted = (0, _lib.toBig)(collateralPrice / 1 * depositAmount, 8); // cfactor = 1\nconst WITH_FACTORS = false;\nconst WITHOUT_FACTORS = true;\nfor (const user of users){\n    const Kresko = (0, _test.wrapContractWithSigner)(_hardhat.default.Diamond, user);\n    await Kresko.poolDeposit(user.address, CollateralAsset.address, depositAmount18Dec);\n    (0, _chai.expect)(await CollateralAsset.contract.balanceOf(user.address)).to.equal(0);\n    (0, _chai.expect)(await Kresko.getPoolAccountDepositsWithFees(user.address, CollateralAsset.address)).to.equal(depositAmount18Dec);\n    (0, _chai.expect)(await Kresko.getPoolAccountPrincipalDeposits(user.address, CollateralAsset.address)).to.equal(depositAmount18Dec);\n    // Unadjusted\n    (0, _chai.expect)(await Kresko.getPoolAccountDepositsValue(user.address, CollateralAsset.address, WITHOUT_FACTORS)).to.equal(expectedValueUnadjusted);\n    (0, _chai.expect)(await Kresko.getPoolAccountTotalDepositsValue(user.address, WITHOUT_FACTORS)).to.equal(expectedValueUnadjusted);\n    // Adjusted\n    (0, _chai.expect)(await Kresko.getPoolAccountTotalDepositsValue(user.address, WITH_FACTORS)).to.equal(expectedValueAdjusted);\n    (0, _chai.expect)(await Kresko.getPoolAccountDepositsValue(user.address, CollateralAsset.address, WITH_FACTORS)).to.equal(expectedValueAdjusted);\n    // regular collateral deposits should be 0\n    (0, _chai.expect)(await Kresko.collateralDeposits(user.address, CollateralAsset.address)).to.equal(0);\n}\n(0, _chai.expect)(await CollateralAsset.contract.balanceOf(_hardhat.default.Diamond.address)).to.equal(depositAmount18Dec.mul(users.length));\n(0, _chai.expect)(await _hardhat.default.Diamond.getPoolDeposits(CollateralAsset.address)).to.equal(depositAmount18Dec.mul(users.length));\n// Unadjusted\nconst globalUnadjusted = await _hardhat.default.Diamond.getPoolStats(WITHOUT_FACTORS);\n(0, _chai.expect)(await _hardhat.default.Diamond.getPoolDepositsValue(CollateralAsset.address, WITHOUT_FACTORS)).to.equal(expectedValueUnadjusted.mul(users.length));\n(0, _chai.expect)(globalUnadjusted.collateralValue).to.equal(expectedValueUnadjusted.mul(users.length));\n(0, _chai.expect)(globalUnadjusted.debtValue).to.equal(0);\n(0, _chai.expect)(globalUnadjusted.cr).to.equal(0);\n// Adjusted\nconst globalAdjusted = await _hardhat.default.Diamond.getPoolStats(WITH_FACTORS);\n(0, _chai.expect)(await _hardhat.default.Diamond.getPoolDepositsValue(CollateralAsset.address, WITH_FACTORS)).to.equal(expectedValueAdjusted.mul(users.length));\n(0, _chai.expect)(globalAdjusted.collateralValue).to.equal(expectedValueUnadjusted.mul(users.length));\n(0, _chai.expect)(globalAdjusted.debtValue).to.equal(0);\n(0, _chai.expect)(globalAdjusted.cr).to.equal(0);",
                  "err": {},
                  "uuid": "e1743a47-3f58-42f1-9510-7446756e936c",
                  "parentUUID": "4c9d48fe-330a-42d0-b3c6-84b518e154ca",
                  "isHook": false,
                  "skipped": false
                },
                {
                  "title": "should be able to deposit multiple collaterals, calculate correct deposit values, not touching individual deposits",
                  "fullTitle": "Collateral Pool #Deposit should be able to deposit multiple collaterals, calculate correct deposit values, not touching individual deposits",
                  "timedOut": false,
                  "duration": 1538,
                  "state": "passed",
                  "speed": "slow",
                  "pass": true,
                  "fail": false,
                  "pending": false,
                  "context": null,
                  "code": "const expectedValueUnadjusted = (0, _lib.toBig)(collateralPrice * depositAmount, 8);\nconst expectedValueAdjusted = (0, _lib.toBig)(collateralPrice / 1 * depositAmount, 8); // cfactor = 1\nconst expectedValueUnadjusted8Dec = (0, _lib.toBig)(collateralPrice * depositAmount, 8);\nconst expectedValueAdjusted8Dec = (0, _lib.toBig)(collateralPrice * 0.8 * depositAmount, 8); // cfactor = 0.8\nconst WITH_FACTORS = false;\nconst WITHOUT_FACTORS = true;\nfor (const user of users){\n    const Kresko = (0, _test.wrapContractWithSigner)(_hardhat.default.Diamond, user);\n    await Kresko.poolDeposit(user.address, CollateralAsset.address, depositAmount18Dec);\n    await Kresko.poolDeposit(user.address, CollateralAsset8Dec.address, depositAmount8Dec);\n    (0, _chai.expect)(await Kresko.getPoolAccountDepositsWithFees(user.address, CollateralAsset.address)).to.equal(depositAmount18Dec);\n    (0, _chai.expect)(await Kresko.getPoolAccountDepositsWithFees(user.address, CollateralAsset8Dec.address)).to.equal(depositAmount8Dec);\n    // WITHOUT_FACTORS\n    (0, _chai.expect)(await Kresko.getPoolAccountDepositsValue(user.address, CollateralAsset.address, WITHOUT_FACTORS)).to.equal(expectedValueUnadjusted);\n    (0, _chai.expect)(await Kresko.getPoolAccountDepositsValue(user.address, CollateralAsset8Dec.address, WITHOUT_FACTORS)).to.equal(expectedValueUnadjusted8Dec);\n    (0, _chai.expect)(await Kresko.getPoolAccountTotalDepositsValue(user.address, WITHOUT_FACTORS)).to.equal(expectedValueUnadjusted.add(expectedValueUnadjusted8Dec));\n    // WITH_FACTORS\n    (0, _chai.expect)(await Kresko.getPoolAccountDepositsValue(user.address, CollateralAsset.address, WITH_FACTORS)).to.equal(expectedValueAdjusted);\n    (0, _chai.expect)(await Kresko.getPoolAccountDepositsValue(user.address, CollateralAsset8Dec.address, WITH_FACTORS)).to.equal(expectedValueAdjusted8Dec);\n    (0, _chai.expect)(await Kresko.getPoolAccountTotalDepositsValue(user.address, WITH_FACTORS)).to.equal(expectedValueAdjusted.add(expectedValueAdjusted8Dec));\n    // regular collateral deposits should be 0\n    (0, _chai.expect)(await Kresko.collateralDeposits(user.address, CollateralAsset.address)).to.equal(0);\n    (0, _chai.expect)(await Kresko.collateralDeposits(user.address, CollateralAsset8Dec.address)).to.equal(0);\n}\n(0, _chai.expect)(await _hardhat.default.Diamond.getPoolDeposits(CollateralAsset.address)).to.equal(depositAmount18Dec.mul(users.length));\n(0, _chai.expect)(await _hardhat.default.Diamond.getPoolDeposits(CollateralAsset8Dec.address)).to.equal(depositAmount8Dec.mul(users.length));\n// WITH_FACTORS global\nconst valueTotalAdjusted = expectedValueAdjusted.mul(users.length);\nconst valueTotalAdjusted8Dec = expectedValueAdjusted8Dec.mul(users.length);\nconst valueAdjusted = valueTotalAdjusted.add(valueTotalAdjusted8Dec);\n(0, _chai.expect)(await _hardhat.default.Diamond.getPoolDepositsValue(CollateralAsset.address, WITH_FACTORS)).to.equal(valueTotalAdjusted);\n(0, _chai.expect)(await _hardhat.default.Diamond.getPoolDepositsValue(CollateralAsset8Dec.address, WITH_FACTORS)).to.equal(valueTotalAdjusted8Dec);\nconst globalAdjusted = await _hardhat.default.Diamond.getPoolStats(WITH_FACTORS);\n(0, _chai.expect)(globalAdjusted.collateralValue).to.equal(valueAdjusted);\n(0, _chai.expect)(globalAdjusted.debtValue).to.equal(0);\n(0, _chai.expect)(globalAdjusted.cr).to.equal(0);\n// WITHOUT_FACTORS global\nconst valueTotalUnadjusted = expectedValueUnadjusted.mul(users.length);\nconst valueTotalUnadjusted8Dec = expectedValueUnadjusted8Dec.mul(users.length);\nconst valueUnadjusted = valueTotalUnadjusted.add(valueTotalUnadjusted8Dec);\n(0, _chai.expect)(await _hardhat.default.Diamond.getPoolDepositsValue(CollateralAsset.address, WITHOUT_FACTORS)).to.equal(valueTotalUnadjusted);\n(0, _chai.expect)(await _hardhat.default.Diamond.getPoolDepositsValue(CollateralAsset8Dec.address, WITHOUT_FACTORS)).to.equal(valueTotalUnadjusted8Dec);\nconst globalUnadjusted = await _hardhat.default.Diamond.getPoolStats(WITHOUT_FACTORS);\n(0, _chai.expect)(globalUnadjusted.collateralValue).to.equal(valueUnadjusted);\n(0, _chai.expect)(globalUnadjusted.debtValue).to.equal(0);\n(0, _chai.expect)(globalUnadjusted.cr).to.equal(0);",
                  "err": {},
                  "uuid": "f8042e02-e04b-4ac1-82b4-a4d190bc12c4",
                  "parentUUID": "4c9d48fe-330a-42d0-b3c6-84b518e154ca",
                  "isHook": false,
                  "skipped": false
                }
              ],
              "suites": [],
              "passes": [
                "e1743a47-3f58-42f1-9510-7446756e936c",
                "f8042e02-e04b-4ac1-82b4-a4d190bc12c4"
              ],
              "failures": [],
              "pending": [],
              "skipped": [],
              "duration": 2630,
              "root": false,
              "rootEmpty": false,
              "_timeout": 15000
            },
            {
              "uuid": "123bd5fa-bfa1-4db8-86ff-2f1371c1045d",
              "title": "#Withdraw",
              "fullFile": "/Users/tabishshaikh/work/kresko/kresko-protocol/src/test/collateral-pool/00-collateral-pool.ts",
              "file": "/src/test/collateral-pool/00-collateral-pool.ts",
              "beforeHooks": [
                {
                  "title": "\"before each\" hook in \"#Withdraw\"",
                  "fullTitle": "Collateral Pool #Withdraw \"before each\" hook in \"#Withdraw\"",
                  "timedOut": false,
                  "duration": 77,
                  "state": null,
                  "speed": null,
                  "pass": false,
                  "fail": false,
                  "pending": false,
                  "context": null,
                  "code": "await Promise.all([\n    await _hardhat.default.Diamond.enablePoolCollaterals([\n        CollateralAsset.address,\n        CollateralAsset8Dec.address\n    ], [\n        {\n            decimals: 18,\n            liquidationIncentive: (0, _lib.toBig)(1.1),\n            depositLimit: _hardhat.ethers.constants.MaxUint256,\n            liquidityIndex: _lib.RAY\n        },\n        {\n            decimals: 18,\n            liquidationIncentive: (0, _lib.toBig)(1.05),\n            depositLimit: _hardhat.ethers.constants.MaxUint256,\n            liquidityIndex: _lib.RAY\n        }\n    ]),\n    await _hardhat.default.Diamond.enablePoolKrAssets([\n        KreskoAsset.address\n    ], [\n        {\n            openFee: (0, _lib.toBig)(0.01),\n            closeFee: (0, _lib.toBig)(0.01),\n            protocolFee: (0, _lib.toBig)(0.25),\n            supplyLimit: (0, _lib.toBig)(1000000)\n        }\n    ])\n]);",
                  "err": {},
                  "uuid": "15c2c526-8ca0-45d8-b17f-bb36cd684336",
                  "parentUUID": "123bd5fa-bfa1-4db8-86ff-2f1371c1045d",
                  "isHook": true,
                  "skipped": false
                }
              ],
              "afterHooks": [],
              "tests": [
                {
                  "title": "should be able to withdraw full collateral of multiple assets",
                  "fullTitle": "Collateral Pool #Withdraw should be able to withdraw full collateral of multiple assets",
                  "timedOut": false,
                  "duration": 1726,
                  "state": "passed",
                  "speed": "slow",
                  "pass": true,
                  "fail": false,
                  "pending": false,
                  "context": null,
                  "code": "for (const user of users){\n    const Kresko = (0, _test.wrapContractWithSigner)(_hardhat.default.Diamond, user);\n    await Kresko.poolDeposit(user.address, CollateralAsset.address, depositAmount18Dec);\n    await Kresko.poolDeposit(user.address, CollateralAsset8Dec.address, depositAmount8Dec);\n    (0, _chai.expect)(await Kresko.getPoolAccountDepositsWithFees(user.address, CollateralAsset.address)).to.equal(depositAmount18Dec);\n    await Kresko.poolWithdraw(user.address, CollateralAsset.address, depositAmount18Dec);\n    await Kresko.poolWithdraw(user.address, CollateralAsset8Dec.address, depositAmount8Dec);\n    (0, _chai.expect)(await CollateralAsset.contract.balanceOf(Kresko.address)).to.equal(0);\n    (0, _chai.expect)(await CollateralAsset.contract.balanceOf(user.address)).to.equal(depositAmount18Dec);\n    (0, _chai.expect)(await Kresko.getPoolAccountDepositsWithFees(user.address, CollateralAsset.address)).to.equal(0);\n    (0, _chai.expect)(await Kresko.getPoolAccountPrincipalDeposits(user.address, CollateralAsset.address)).to.equal(0);\n    (0, _chai.expect)(await Kresko.getPoolAccountDepositsWithFees(user.address, CollateralAsset8Dec.address)).to.equal(0);\n    (0, _chai.expect)(await Kresko.getPoolAccountPrincipalDeposits(user.address, CollateralAsset8Dec.address)).to.equal(0);\n    (0, _chai.expect)(await _hardhat.default.Diamond.getPoolAccountTotalDepositsValue(user.address, false)).to.equal(0);\n    (0, _chai.expect)(await _hardhat.default.Diamond.getPoolAccountTotalDepositsValue(user.address, true)).to.equal(0);\n}\n(0, _chai.expect)(await _hardhat.default.Diamond.getPoolDeposits(CollateralAsset.address)).to.equal(0);\n(0, _chai.expect)(await _hardhat.default.Diamond.getPoolDeposits(CollateralAsset8Dec.address)).to.equal(0);\n(0, _chai.expect)(await _hardhat.default.Diamond.getPoolDepositsValue(CollateralAsset.address, true)).to.equal(0);\n(0, _chai.expect)(await _hardhat.default.Diamond.getPoolDepositsValue(CollateralAsset.address, false)).to.equal(0);\n(0, _chai.expect)(await _hardhat.default.Diamond.getPoolDepositsValue(CollateralAsset8Dec.address, true)).to.equal(0);\n(0, _chai.expect)(await _hardhat.default.Diamond.getPoolDepositsValue(CollateralAsset8Dec.address, false)).to.equal(0);\nconst globals = await _hardhat.default.Diamond.getPoolStats(true);\n(0, _chai.expect)(globals.collateralValue).to.equal(0);\n(0, _chai.expect)(globals.debtValue).to.equal(0);\n(0, _chai.expect)(globals.cr).to.equal(0);",
                  "err": {},
                  "uuid": "5bc44772-3f50-4405-b1d3-bf327035b8c1",
                  "parentUUID": "123bd5fa-bfa1-4db8-86ff-2f1371c1045d",
                  "isHook": false,
                  "skipped": false
                },
                {
                  "title": "should be able to withdraw partial collateral of multiple assets",
                  "fullTitle": "Collateral Pool #Withdraw should be able to withdraw partial collateral of multiple assets",
                  "timedOut": false,
                  "duration": 1793,
                  "state": "passed",
                  "speed": "slow",
                  "pass": true,
                  "fail": false,
                  "pending": false,
                  "context": null,
                  "code": "const partialWithdraw = depositAmount18Dec.div(users.length);\nconst partialWithdraw8Dec = depositAmount8Dec.div(users.length);\nconst expectedValueUnadjusted = (0, _lib.toBig)(collateralPrice * depositAmount, 8).mul(200).div(300);\nconst expectedValueAdjusted = (0, _lib.toBig)(collateralPrice * 1 * depositAmount, 8).mul(200).div(300); // cfactor = 1\nconst expectedValueUnadjusted8Dec = (0, _lib.toBig)(collateralPrice * depositAmount, 8).mul(200).div(300);\nconst expectedValueAdjusted8Dec = (0, _lib.toBig)(collateralPrice * 0.8 * depositAmount, 8).mul(200).div(300); // cfactor = 0.8\nfor (const user of users){\n    const Kresko = (0, _test.wrapContractWithSigner)(_hardhat.default.Diamond, user);\n    await Kresko.poolDeposit(user.address, CollateralAsset.address, depositAmount18Dec);\n    await Kresko.poolDeposit(user.address, CollateralAsset8Dec.address, depositAmount8Dec);\n    (0, _chai.expect)(await Kresko.getPoolAccountDepositsWithFees(user.address, CollateralAsset.address)).to.equal(depositAmount18Dec);\n    await Kresko.poolWithdraw(user.address, CollateralAsset.address, partialWithdraw);\n    await Kresko.poolWithdraw(user.address, CollateralAsset8Dec.address, partialWithdraw8Dec);\n    (0, _chai.expect)(await CollateralAsset.contract.balanceOf(user.address)).to.equal(partialWithdraw);\n    (0, _chai.expect)(await CollateralAsset8Dec.contract.balanceOf(user.address)).to.equal(partialWithdraw8Dec);\n    (0, _chai.expect)(await Kresko.getPoolAccountDepositsWithFees(user.address, CollateralAsset.address)).to.equal(depositAmount18Dec.sub(partialWithdraw));\n    (0, _chai.expect)(await Kresko.getPoolAccountPrincipalDeposits(user.address, CollateralAsset.address)).to.equal(depositAmount18Dec.sub(partialWithdraw));\n    (0, _chai.expect)(await Kresko.getPoolAccountDepositsWithFees(user.address, CollateralAsset8Dec.address)).to.equal(depositAmount8Dec.sub(partialWithdraw8Dec));\n    (0, _chai.expect)(await Kresko.getPoolAccountPrincipalDeposits(user.address, CollateralAsset8Dec.address)).to.equal(depositAmount8Dec.sub(partialWithdraw8Dec));\n    (0, _chai.expect)(await _hardhat.default.Diamond.getPoolAccountTotalDepositsValue(user.address, false)).to.closeTo(expectedValueAdjusted.add(expectedValueAdjusted8Dec), (0, _lib.toBig)(0.00001, 8));\n    (0, _chai.expect)(await _hardhat.default.Diamond.getPoolAccountTotalDepositsValue(user.address, true)).to.closeTo(expectedValueUnadjusted.add(expectedValueUnadjusted8Dec), (0, _lib.toBig)(0.00001, 8));\n}\n(0, _chai.expect)(await CollateralAsset.contract.balanceOf(_hardhat.default.Diamond.address)).to.closeTo((0, _lib.toBig)(2000), 1);\n(0, _chai.expect)(await CollateralAsset8Dec.contract.balanceOf(_hardhat.default.Diamond.address)).to.closeTo((0, _lib.toBig)(2000, 8), 1);\n(0, _chai.expect)(await _hardhat.default.Diamond.getPoolDeposits(CollateralAsset.address)).to.closeTo((0, _lib.toBig)(2000), 1);\n(0, _chai.expect)(await _hardhat.default.Diamond.getPoolDeposits(CollateralAsset8Dec.address)).to.closeTo((0, _lib.toBig)(2000, 8), 1);\n(0, _chai.expect)(await _hardhat.default.Diamond.getPoolDepositsValue(CollateralAsset.address, true)).to.closeTo(expectedValueUnadjusted.mul(users.length), 20);\n(0, _chai.expect)(await _hardhat.default.Diamond.getPoolDepositsValue(CollateralAsset.address, false)).to.closeTo(expectedValueAdjusted.mul(users.length), 20);\n(0, _chai.expect)(await _hardhat.default.Diamond.getPoolDepositsValue(CollateralAsset8Dec.address, true)).to.closeTo(expectedValueUnadjusted8Dec.mul(users.length), 20);\n(0, _chai.expect)(await _hardhat.default.Diamond.getPoolDepositsValue(CollateralAsset8Dec.address, false)).to.closeTo(expectedValueAdjusted8Dec.mul(users.length), 20);\nconst totalValueRemaining = expectedValueUnadjusted8Dec.mul(users.length).add(expectedValueUnadjusted.mul(users.length));\nconst globals = await _hardhat.default.Diamond.getPoolStats(true);\n(0, _chai.expect)(globals.collateralValue).to.closeTo(totalValueRemaining, 20);\n(0, _chai.expect)(globals.debtValue).to.equal(0);\n(0, _chai.expect)(globals.cr).to.equal(0);",
                  "err": {},
                  "uuid": "f2cce474-41bf-42be-b306-65b31ba7fb13",
                  "parentUUID": "123bd5fa-bfa1-4db8-86ff-2f1371c1045d",
                  "isHook": false,
                  "skipped": false
                }
              ],
              "suites": [],
              "passes": [
                "5bc44772-3f50-4405-b1d3-bf327035b8c1",
                "f2cce474-41bf-42be-b306-65b31ba7fb13"
              ],
              "failures": [],
              "pending": [],
              "skipped": [],
              "duration": 3519,
              "root": false,
              "rootEmpty": false,
              "_timeout": 15000
            },
            {
              "uuid": "55b19ed8-056b-47d0-afe2-0e1a93426b5d",
              "title": "#Fee Distribution",
              "fullFile": "/Users/tabishshaikh/work/kresko/kresko-protocol/src/test/collateral-pool/00-collateral-pool.ts",
              "file": "/src/test/collateral-pool/00-collateral-pool.ts",
              "beforeHooks": [
                {
                  "title": "\"before each\" hook in \"#Fee Distribution\"",
                  "fullTitle": "Collateral Pool #Fee Distribution \"before each\" hook in \"#Fee Distribution\"",
                  "timedOut": false,
                  "duration": 100,
                  "state": null,
                  "speed": null,
                  "pass": false,
                  "fail": false,
                  "pending": false,
                  "context": null,
                  "code": "incomeCumulator = _hardhat.default.users.admin;\nawait CollateralAsset.setBalance(incomeCumulator, depositAmount18Dec.mul(users.length));\nawait CollateralAsset.contract.connect(incomeCumulator).approve(_hardhat.default.Diamond.address, _hardhat.default.ethers.constants.MaxUint256);\nawait Promise.all([\n    await _hardhat.default.Diamond.enablePoolCollaterals([\n        CollateralAsset.address,\n        CollateralAsset8Dec.address\n    ], [\n        {\n            decimals: 18,\n            liquidationIncentive: (0, _lib.toBig)(1.1),\n            depositLimit: _hardhat.ethers.constants.MaxUint256,\n            liquidityIndex: _lib.RAY\n        },\n        {\n            decimals: 8,\n            liquidationIncentive: (0, _lib.toBig)(1.05),\n            depositLimit: _hardhat.ethers.constants.MaxUint256,\n            liquidityIndex: _lib.RAY\n        }\n    ]),\n    await _hardhat.default.Diamond.enablePoolKrAssets([\n        KreskoAsset.address\n    ], [\n        {\n            openFee: (0, _lib.toBig)(0.01),\n            closeFee: (0, _lib.toBig)(0.01),\n            protocolFee: (0, _lib.toBig)(0.25),\n            supplyLimit: (0, _lib.toBig)(1000000)\n        }\n    ])\n]);",
                  "err": {},
                  "uuid": "ffb8b095-56a6-478c-b1f2-024cdefd9019",
                  "parentUUID": "55b19ed8-056b-47d0-afe2-0e1a93426b5d",
                  "isHook": true,
                  "skipped": false
                }
              ],
              "afterHooks": [],
              "tests": [
                {
                  "title": "should be able to cumulate fees into deposits",
                  "fullTitle": "Collateral Pool #Fee Distribution should be able to cumulate fees into deposits",
                  "timedOut": false,
                  "duration": 3047,
                  "state": "passed",
                  "speed": "slow",
                  "pass": true,
                  "fail": false,
                  "pending": false,
                  "context": null,
                  "code": "const fees = depositAmount18Dec.mul(users.length);\nconst expectedValueNoFees = (0, _lib.toBig)(collateralPrice * depositAmount, 8);\nconst expectedValueFees = expectedValueNoFees.mul(2);\nfor (const user of users){\n    const Kresko = (0, _test.wrapContractWithSigner)(_hardhat.default.Diamond, user);\n    await Kresko.poolDeposit(user.address, CollateralAsset.address, depositAmount18Dec);\n}\nawait (0, _test.wrapContractWithSigner)(_hardhat.default.Diamond, incomeCumulator).cumulateIncome(CollateralAsset.address, fees);\nfor (const user of users){\n    const Kresko = (0, _test.wrapContractWithSigner)(_hardhat.default.Diamond, user);\n    (0, _chai.expect)(await Kresko.getPoolAccountDepositsValue(user.address, CollateralAsset.address, true)).to.equal(expectedValueNoFees);\n    (0, _chai.expect)(await Kresko.getPoolAccountDepositsValueWithFees(user.address, CollateralAsset.address)).to.equal(expectedValueFees); // fees for single asset\n    (0, _chai.expect)(await Kresko.getPoolAccountTotalDepositsValue(user.address, true)).to.equal(expectedValueNoFees); // fees\n    (0, _chai.expect)(await Kresko.getPoolAccountTotalDepositsValueWithFees(user.address)).to.equal(expectedValueFees); // fees\n    // withdraw principal\n    await Kresko.poolWithdraw(user.address, CollateralAsset.address, depositAmount18Dec);\n    (0, _chai.expect)(await Kresko.getPoolAccountDepositsValue(user.address, CollateralAsset.address, true)).to.equal(0);\n    (0, _chai.expect)(await Kresko.getPoolAccountDepositsValueWithFees(user.address, CollateralAsset.address)).to.equal(expectedValueFees.sub(expectedValueNoFees));\n    (0, _chai.expect)(await Kresko.getPoolAccountTotalDepositsValueWithFees(user.address)).to.equal(expectedValueFees.sub(expectedValueNoFees));\n    (0, _chai.expect)(await Kresko.getPoolAccountTotalDepositsValue(user.address, true)).to.equal(0);\n    (0, _chai.expect)(await CollateralAsset.contract.balanceOf(user.address)).to.equal(depositAmount18Dec);\n}\n// expect protocol to have no collateral here, only fees left.\n(0, _chai.expect)(await CollateralAsset.contract.balanceOf(_hardhat.default.Diamond.address)).to.equal(fees);\n(0, _chai.expect)(await _hardhat.default.Diamond.getPoolDeposits(CollateralAsset.address)).to.equal(0);\n(0, _chai.expect)(await _hardhat.default.Diamond.getPoolDepositsValue(CollateralAsset.address, true)).to.equal(0);\n(0, _chai.expect)(await _hardhat.default.Diamond.getPoolDepositsValue(CollateralAsset.address, false)).to.equal(0);\nconst global = await _hardhat.default.Diamond.getPoolStats(true);\n(0, _chai.expect)(global.collateralValue).to.equal(0);\n// withdraw fees\nfor (const user of users){\n    const Kresko = (0, _test.wrapContractWithSigner)(_hardhat.default.Diamond, user);\n    await Kresko.poolWithdraw(user.address, CollateralAsset.address, depositAmount18Dec);\n    // fees in user wallet\n    (0, _chai.expect)(await CollateralAsset.contract.balanceOf(user.address)).to.equal(depositAmount18Dec.add(depositAmount18Dec));\n    // nothing left in protocol for user\n    (0, _chai.expect)(await Kresko.getPoolAccountDepositsValue(user.address, CollateralAsset.address, true)).to.equal(0);\n    (0, _chai.expect)(await Kresko.getPoolAccountDepositsValueWithFees(user.address, CollateralAsset.address)).to.equal(0);\n    (0, _chai.expect)(await Kresko.getPoolAccountTotalDepositsValueWithFees(user.address)).to.equal(0);\n    (0, _chai.expect)(await Kresko.getPoolAccountTotalDepositsValue(user.address, true)).to.equal(0);\n}\n// nothing left in protocol.\n(0, _chai.expect)(await CollateralAsset.contract.balanceOf(_hardhat.default.Diamond.address)).to.equal(0);\n(0, _chai.expect)(await _hardhat.default.Diamond.getPoolDeposits(CollateralAsset.address)).to.equal(0);\n(0, _chai.expect)(await _hardhat.default.Diamond.getPoolDepositsValue(CollateralAsset.address, true)).to.equal(0);\n(0, _chai.expect)(await _hardhat.default.Diamond.getPoolDepositsValue(CollateralAsset.address, false)).to.equal(0);",
                  "err": {},
                  "uuid": "3f78d0b7-ccbc-4490-a7b1-09536e9ea2d1",
                  "parentUUID": "55b19ed8-056b-47d0-afe2-0e1a93426b5d",
                  "isHook": false,
                  "skipped": false
                }
              ],
              "suites": [],
              "passes": [
                "3f78d0b7-ccbc-4490-a7b1-09536e9ea2d1"
              ],
              "failures": [],
              "pending": [],
              "skipped": [],
              "duration": 3047,
              "root": false,
              "rootEmpty": false,
              "_timeout": 15000
            },
            {
              "uuid": "e087100d-52b0-4734-befc-7eefb9500ae6",
              "title": "#Swap",
              "fullFile": "/Users/tabishshaikh/work/kresko/kresko-protocol/src/test/collateral-pool/00-collateral-pool.ts",
              "file": "/src/test/collateral-pool/00-collateral-pool.ts",
              "beforeHooks": [
                {
                  "title": "\"before each\" hook in \"#Swap\"",
                  "fullTitle": "Collateral Pool #Swap \"before each\" hook in \"#Swap\"",
                  "timedOut": false,
                  "duration": 2856,
                  "state": null,
                  "speed": null,
                  "pass": false,
                  "fail": false,
                  "pending": false,
                  "context": null,
                  "code": "swapper = users[0];\ndepositor = users[1];\n[KreskoAsset2, KISS] = await Promise.all([\n    (0, _krassets.addMockKreskoAsset)({\n        name: \"KreskoAssetPrice100USD\",\n        price: KreskoAsset2Price,\n        symbol: \"KreskoAssetPrice100USD\",\n        closeFee: 0.05,\n        openFee: 0.05,\n        marketOpen: true,\n        factor: 1,\n        supplyLimit: 1000\n    }, true),\n    (0, _krassets.addMockKreskoAsset)({\n        name: \"KISS\",\n        price: ONE_USD,\n        symbol: \"KISS\",\n        closeFee: 0.025,\n        openFee: 0.025,\n        marketOpen: true,\n        factor: 1,\n        supplyLimit: 1000000\n    }, true)\n]);\n// setup collaterals and krAssets in shared pool\nconst collateralConfig = {\n    decimals: 18,\n    liquidationIncentive: (0, _lib.toBig)(1.05),\n    depositLimit: _hardhat.ethers.constants.MaxUint256,\n    liquidityIndex: _lib.RAY\n};\nconst krAssetConfig = {\n    openFee: (0, _lib.toBig)(0.015),\n    closeFee: (0, _lib.toBig)(0.015),\n    protocolFee: (0, _lib.toBig)(0.25),\n    supplyLimit: (0, _lib.toBig)(1000000)\n};\nconst KISSConfig = {\n    openFee: (0, _lib.toBig)(0.025),\n    closeFee: (0, _lib.toBig)(0.025),\n    protocolFee: (0, _lib.toBig)(0.25),\n    supplyLimit: (0, _lib.toBig)(1000000)\n};\nawait Promise.all([\n    await _hardhat.default.Diamond.enablePoolCollaterals([\n        CollateralAsset.address,\n        CollateralAsset8Dec.address,\n        KISS.address,\n        KreskoAsset.address,\n        KreskoAsset2.address\n    ], [\n        collateralConfig,\n        collateralConfig,\n        collateralConfig,\n        collateralConfig,\n        collateralConfig\n    ]),\n    await _hardhat.default.Diamond.enablePoolKrAssets([\n        KreskoAsset.address,\n        KreskoAsset2.address,\n        KISS.address\n    ], [\n        krAssetConfig,\n        krAssetConfig,\n        KISSConfig\n    ]),\n    await _hardhat.default.Diamond.setSwapPairs([\n        {\n            assetIn: KreskoAsset2.address,\n            assetOut: KreskoAsset.address,\n            enabled: true\n        },\n        {\n            assetIn: KISS.address,\n            assetOut: KreskoAsset2.address,\n            enabled: true\n        },\n        {\n            assetIn: KreskoAsset.address,\n            assetOut: KISS.address,\n            enabled: true\n        }\n    ])\n]);\n// mint some KISS for users\nfor (const user of users){\n    await CollateralAsset.setBalance(user, (0, _lib.toBig)(1000000));\n    await CollateralAsset.contract.connect(user).approve(_hardhat.default.Diamond.address, _hardhat.default.ethers.constants.MaxUint256);\n    await KISS.contract.connect(user).approve(_hardhat.default.Diamond.address, _hardhat.default.ethers.constants.MaxUint256);\n    await KreskoAsset2.contract.connect(user).approve(_hardhat.default.Diamond.address, _hardhat.default.ethers.constants.MaxUint256);\n    await KISS.setBalance(swapper, (0, _lib.toBig)(10000));\n}\nawait (0, _test.wrapContractWithSigner)(_hardhat.default.Diamond, depositor).poolDeposit(depositor.address, CollateralAsset.address, depositAmount18Dec);",
                  "err": {},
                  "uuid": "b349f362-f623-4d08-9114-173118c15c57",
[...]
                      "err": {},
                      "uuid": "5a3ab4d0-f51b-4839-ac8c-c7fdfce11f48",
                      "parentUUID": "32866f4e-0980-4f98-b7ca-708b5c1cb78e",
                      "isHook": false,
                      "skipped": false
                    },
                    {
                      "title": "duration based pause functionality should expire after the duration has passed [PLACEHOLDER]",
                      "fullTitle": "Safety Council #toggleAssetsPaused duration based pausing duration based pause functionality should expire after the duration has passed [PLACEHOLDER]",
                      "timedOut": false,
                      "duration": 131,
                      "state": "failed",
                      "speed": null,
                      "pass": false,
                      "fail": true,
                      "pending": false,
                      "context": null,
                      "code": "const duration = 100000;\nawait (0, _execution.executeContractCallWithSigners)(_hardhat.default.Multisig, _hardhat.default.Diamond, \"toggleAssetsPaused\", [\n    [\n        this.collateral.address\n    ],\n    _testutils.Action.DEPOSIT,\n    true,\n    duration\n], [\n    this.deployer,\n    this.devTwo,\n    this.extOne\n]);\nconst depositSafetyState = await _hardhat.default.Diamond.safetyStateFor(this.collateral.address, _testutils.Action.DEPOSIT);\n(0, _chai.expect)(depositSafetyState.length).to.equal(1);\n// Blocktime timestamp + duration should be equal to final timestamp\n(0, _chai.expect)(depositSafetyState[0].timestamp0.add(duration)).eq(depositSafetyState[0].timestamp1);\n// Confirm that the current blocktime is within the pause action's duration\nconst blockNumBefore = await _hardhat.default.ethers.provider.getBlockNumber();\nconst blockBefore = await _hardhat.default.ethers.provider.getBlock(blockNumBefore);\nconst timestampBefore = blockBefore.timestamp;\n(0, _chai.expect)(Number(depositSafetyState[0].timestamp1)).to.be.greaterThan(timestampBefore);\n// Increase time by seven days\nconst sevenDays = 7 * 24 * 60 * 60;\nawait _hardhat.default.ethers.provider.send(\"evm_increaseTime\", [\n    sevenDays\n]);\nawait _hardhat.default.ethers.provider.send(\"evm_mine\", []);\n// Confirm that block time has increased as expected\nconst blockNumAfter = await _hardhat.default.ethers.provider.getBlockNumber();\nconst blockAfter = await _hardhat.default.ethers.provider.getBlock(blockNumAfter);\nconst timestampAfter = blockAfter.timestamp;\n(0, _chai.expect)(blockNumAfter).to.be.equal(blockNumBefore + 1);\n(0, _chai.expect)(timestampAfter).to.be.equal(timestampBefore + sevenDays);\n// Confirm that the current blocktime is after the pause action's duration\n(0, _chai.expect)(timestampAfter).to.be.greaterThan(Number(depositSafetyState[0].timestamp1));\n            // NOTE: now we can test any functionality that should have now expired",
                      "err": {
                        "message": "AssertionError: expected 1692865403 to equal 1692865402",
                        "estack": "AssertionError: expected 1692865403 to equal 1692865402\n    at Proxy.assertEqual (node_modules/.pnpm/chai@4.3.7/node_modules/chai/lib/chai/core/assertions.js:1038:12)\n    at Proxy.methodWrapper (node_modules/.pnpm/chai@4.3.7/node_modules/chai/lib/chai/utils/addMethod.js:57:25)\n    at Proxy.<anonymous> (node_modules/.pnpm/chai-bn@0.3.1_chai@4.3.7/node_modules/chai-bn/chai-bn.js:49:31)\n    at Proxy.overwritingMethodWrapper (node_modules/.pnpm/chai@4.3.7/node_modules/chai/lib/chai/utils/overwriteMethod.js:78:33)\n    at Proxy.<anonymous> (node_modules/.pnpm/@ethereum-waffle+chai@3.4.4/node_modules/@ethereum-waffle/chai/dist/cjs/matchers/bigNumber.js:36:20)\n    at Proxy.overwritingMethodWrapper (node_modules/.pnpm/chai@4.3.7/node_modules/chai/lib/chai/utils/overwriteMethod.js:78:33)\n    at doAsserterAsyncAndAddThen (node_modules/.pnpm/chai-as-promised@7.1.1_chai@4.3.7/node_modules/chai-as-promised/lib/chai-as-promised.js:289:22)\n    at Proxy.<anonymous> (node_modules/.pnpm/chai-as-promised@7.1.1_chai@4.3.7/node_modules/chai-as-promised/lib/chai-as-promised.js:255:20)\n    at Proxy.equal (node_modules/.pnpm/chai@4.3.7/node_modules/chai/lib/chai/utils/overwriteMethod.js:78:33)\n    at Context.<anonymous> (src/test/safety/00-council.ts:216:46)",
                        "diff": "- 1692865403\n+ 1692865402\n"
                      },
                      "uuid": "1fd512d0-e2e9-4ded-b7a4-ff6a29baf4c7",
                      "parentUUID": "32866f4e-0980-4f98-b7ca-708b5c1cb78e",
                      "isHook": false,
                      "skipped": false
                    }
                  ],
                  "suites": [],
                  "passes": [
                    "5a3ab4d0-f51b-4839-ac8c-c7fdfce11f48"
                  ],
                  "failures": [
                    "1fd512d0-e2e9-4ded-b7a4-ff6a29baf4c7"
                  ],
                  "pending": [],
                  "skipped": [],
                  "duration": 266,
                  "root": false,
                  "rootEmpty": false,
                  "_timeout": 15000
                },
                {
                  "uuid": "6ec0af77-945a-4f6c-925e-f70e09c253cb",
                  "title": "toggle all possible actions: DEPOSIT, WITHDRAW, REPAY, BORROW, LIQUIDATION",
                  "fullFile": "/Users/tabishshaikh/work/kresko/kresko-protocol/src/test/safety/00-council.ts",
                  "file": "/src/test/safety/00-council.ts",
                  "beforeHooks": [],
                  "afterHooks": [],
                  "tests": [
                    {
                      "title": "can toggle action DEPOSIT pause status on and off",
                      "fullTitle": "Safety Council #toggleAssetsPaused toggle all possible actions: DEPOSIT, WITHDRAW, REPAY, BORROW, LIQUIDATION can toggle action DEPOSIT pause status on and off",
                      "timedOut": false,
                      "duration": 265,
                      "state": "passed",
                      "speed": "slow",
                      "pass": true,
                      "fail": false,
                      "pending": false,
                      "context": null,
                      "code": "await (0, _execution.executeContractCallWithSigners)(_hardhat.default.Multisig, _hardhat.default.Diamond, \"toggleAssetsPaused\", [\n    [\n        this.collateral.address\n    ],\n    _testutils.Action.DEPOSIT,\n    false,\n    0\n], [\n    this.deployer,\n    this.devTwo,\n    this.extOne\n]);\nlet isPaused = await _hardhat.default.Diamond.assetActionPaused(_testutils.Action.DEPOSIT.toString(), this.collateral.address);\n(0, _chai.expect)(isPaused).to.equal(true);\nawait (0, _execution.executeContractCallWithSigners)(_hardhat.default.Multisig, _hardhat.default.Diamond, \"toggleAssetsPaused\", [\n    [\n        this.collateral.address\n    ],\n    _testutils.Action.DEPOSIT,\n    false,\n    0\n], [\n    this.deployer,\n    this.devTwo,\n    this.extOne\n]);\nisPaused = await _hardhat.default.Diamond.assetActionPaused(_testutils.Action.DEPOSIT.toString(), this.collateral.address);\n(0, _chai.expect)(isPaused).to.equal(false);",
                      "err": {},
                      "uuid": "ac0e56bb-06a5-44a0-bdb7-878a1cd71dc7",
                      "parentUUID": "6ec0af77-945a-4f6c-925e-f70e09c253cb",
                      "isHook": false,
                      "skipped": false
                    },
                    {
                      "title": "can toggle action WITHDRAW pause status on and off",
                      "fullTitle": "Safety Council #toggleAssetsPaused toggle all possible actions: DEPOSIT, WITHDRAW, REPAY, BORROW, LIQUIDATION can toggle action WITHDRAW pause status on and off",
                      "timedOut": false,
                      "duration": 264,
                      "state": "passed",
                      "speed": "slow",
                      "pass": true,
                      "fail": false,
                      "pending": false,
                      "context": null,
                      "code": "await (0, _execution.executeContractCallWithSigners)(_hardhat.default.Multisig, _hardhat.default.Diamond, \"toggleAssetsPaused\", [\n    [\n        this.collateral.address\n    ],\n    _testutils.Action.WITHDRAW,\n    false,\n    0\n], [\n    this.deployer,\n    this.devTwo,\n    this.extOne\n]);\nlet isPaused = await _hardhat.default.Diamond.assetActionPaused(_testutils.Action.WITHDRAW.toString(), this.collateral.address);\n(0, _chai.expect)(isPaused).to.equal(true);\nawait (0, _execution.executeContractCallWithSigners)(_hardhat.default.Multisig, _hardhat.default.Diamond, \"toggleAssetsPaused\", [\n    [\n        this.collateral.address\n    ],\n    _testutils.Action.WITHDRAW,\n    false,\n    0\n], [\n    this.deployer,\n    this.devTwo,\n    this.extOne\n]);\nisPaused = await _hardhat.default.Diamond.assetActionPaused(_testutils.Action.WITHDRAW.toString(), this.collateral.address);\n(0, _chai.expect)(isPaused).to.equal(false);",
                      "err": {},
                      "uuid": "629f807b-db51-4c26-bd5f-2f755847160a",
                      "parentUUID": "6ec0af77-945a-4f6c-925e-f70e09c253cb",
                      "isHook": false,
                      "skipped": false
                    },
                    {
                      "title": "can toggle action REPAY pause status on and off",
                      "fullTitle": "Safety Council #toggleAssetsPaused toggle all possible actions: DEPOSIT, WITHDRAW, REPAY, BORROW, LIQUIDATION can toggle action REPAY pause status on and off",
                      "timedOut": false,
                      "duration": 265,
                      "state": "passed",
                      "speed": "slow",
                      "pass": true,
                      "fail": false,
                      "pending": false,
                      "context": null,
                      "code": "await (0, _execution.executeContractCallWithSigners)(_hardhat.default.Multisig, _hardhat.default.Diamond, \"toggleAssetsPaused\", [\n    [\n        this.collateral.address\n    ],\n    _testutils.Action.REPAY,\n    false,\n    0\n], [\n    this.deployer,\n    this.devTwo,\n    this.extOne\n]);\nlet isPaused = await _hardhat.default.Diamond.assetActionPaused(_testutils.Action.REPAY.toString(), this.collateral.address);\n(0, _chai.expect)(isPaused).to.equal(true);\nawait (0, _execution.executeContractCallWithSigners)(_hardhat.default.Multisig, _hardhat.default.Diamond, \"toggleAssetsPaused\", [\n    [\n        this.collateral.address\n    ],\n    _testutils.Action.REPAY,\n    false,\n    0\n], [\n    this.deployer,\n    this.devTwo,\n    this.extOne\n]);\nisPaused = await _hardhat.default.Diamond.assetActionPaused(_testutils.Action.REPAY.toString(), this.collateral.address);\n(0, _chai.expect)(isPaused).to.equal(false);",
                      "err": {},
                      "uuid": "70969365-f2e7-494c-900f-d34fd89b2ed5",
                      "parentUUID": "6ec0af77-945a-4f6c-925e-f70e09c253cb",
                      "isHook": false,
                      "skipped": false
                    },
                    {
                      "title": "can toggle action BORROW pause status on and off",
                      "fullTitle": "Safety Council #toggleAssetsPaused toggle all possible actions: DEPOSIT, WITHDRAW, REPAY, BORROW, LIQUIDATION can toggle action BORROW pause status on and off",
                      "timedOut": false,
                      "duration": 263,
                      "state": "passed",
                      "speed": "slow",
                      "pass": true,
                      "fail": false,
                      "pending": false,
                      "context": null,
                      "code": "await (0, _execution.executeContractCallWithSigners)(_hardhat.default.Multisig, _hardhat.default.Diamond, \"toggleAssetsPaused\", [\n    [\n        this.collateral.address\n    ],\n    _testutils.Action.BORROW,\n    false,\n    0\n], [\n    this.deployer,\n    this.devTwo,\n    this.extOne\n]);\nlet isPaused = await _hardhat.default.Diamond.assetActionPaused(_testutils.Action.BORROW.toString(), this.collateral.address);\n(0, _chai.expect)(isPaused).to.equal(true);\nawait (0, _execution.executeContractCallWithSigners)(_hardhat.default.Multisig, _hardhat.default.Diamond, \"toggleAssetsPaused\", [\n    [\n        this.collateral.address\n    ],\n    _testutils.Action.BORROW,\n    false,\n    0\n], [\n    this.deployer,\n    this.devTwo,\n    this.extOne\n]);\nisPaused = await _hardhat.default.Diamond.assetActionPaused(_testutils.Action.BORROW.toString(), this.collateral.address);\n(0, _chai.expect)(isPaused).to.equal(false);",
                      "err": {},
                      "uuid": "520b5a31-8f76-4690-b6bf-2c80d89e59b2",
                      "parentUUID": "6ec0af77-945a-4f6c-925e-f70e09c253cb",
                      "isHook": false,
                      "skipped": false
                    },
                    {
                      "title": "can toggle action LIQUIDATION pause status on and off",
                      "fullTitle": "Safety Council #toggleAssetsPaused toggle all possible actions: DEPOSIT, WITHDRAW, REPAY, BORROW, LIQUIDATION can toggle action LIQUIDATION pause status on and off",
                      "timedOut": false,
                      "duration": 262,
                      "state": "passed",
                      "speed": "slow",
                      "pass": true,
                      "fail": false,
                      "pending": false,
                      "context": null,
                      "code": "await (0, _execution.executeContractCallWithSigners)(_hardhat.default.Multisig, _hardhat.default.Diamond, \"toggleAssetsPaused\", [\n    [\n        this.collateral.address\n    ],\n    _testutils.Action.LIQUIDATION,\n    false,\n    0\n], [\n    this.deployer,\n    this.devTwo,\n    this.extOne\n]);\nlet isPaused = await _hardhat.default.Diamond.assetActionPaused(_testutils.Action.LIQUIDATION.toString(), this.collateral.address);\n(0, _chai.expect)(isPaused).to.equal(true);\nawait (0, _execution.executeContractCallWithSigners)(_hardhat.default.Multisig, _hardhat.default.Diamond, \"toggleAssetsPaused\", [\n    [\n        this.collateral.address\n    ],\n    _testutils.Action.LIQUIDATION,\n    false,\n    0\n], [\n    this.deployer,\n    this.devTwo,\n    this.extOne\n]);\nisPaused = await _hardhat.default.Diamond.assetActionPaused(_testutils.Action.LIQUIDATION.toString(), this.collateral.address);\n(0, _chai.expect)(isPaused).to.equal(false);",
                      "err": {},
                      "uuid": "66929214-f354-44d9-a0d2-6189443b156b",
                      "parentUUID": "6ec0af77-945a-4f6c-925e-f70e09c253cb",
                      "isHook": false,
                      "skipped": false
                    }
                  ],
                  "suites": [],
                  "passes": [
                    "ac0e56bb-06a5-44a0-bdb7-878a1cd71dc7",
                    "629f807b-db51-4c26-bd5f-2f755847160a",
                    "70969365-f2e7-494c-900f-d34fd89b2ed5",
                    "520b5a31-8f76-4690-b6bf-2c80d89e59b2",
                    "66929214-f354-44d9-a0d2-6189443b156b"
                  ],
                  "failures": [],
                  "pending": [],
                  "skipped": [],
                  "duration": 1319,
                  "root": false,
                  "rootEmpty": false,
                  "_timeout": 15000
                },
                {
                  "uuid": "5f4f4f07-cffc-44b8-87a1-ad15fff38aaf",
                  "title": "event emission",
                  "fullFile": "/Users/tabishshaikh/work/kresko/kresko-protocol/src/test/safety/00-council.ts",
                  "file": "/src/test/safety/00-council.ts",
                  "beforeHooks": [],
                  "afterHooks": [],
                  "tests": [
                    {
                      "title": "should emit event MinterEvent.SafetyStateChange on action changed containing action, asset, and description",
                      "fullTitle": "Safety Council #toggleAssetsPaused event emission should emit event MinterEvent.SafetyStateChange on action changed containing action, asset, and description",
                      "timedOut": false,
                      "duration": 101,
                      "state": "passed",
                      "speed": "slow",
                      "pass": true,
                      "fail": false,
                      "pending": false,
                      "context": null,
                      "code": "const tx = await (0, _execution.executeContractCallWithSigners)(_hardhat.default.Multisig, _hardhat.default.Diamond, \"toggleAssetsPaused\", [\n    [\n        this.collateral.address\n    ],\n    _testutils.Action.DEPOSIT,\n    false,\n    0\n], [\n    this.deployer,\n    this.devTwo,\n    this.extOne\n]);\nconst event = await (0, _lib.getInternalEvent)(tx, _hardhat.default.Diamond, \"SafetyStateChange\");\n(0, _chai.expect)(event.action).to.equal(_testutils.Action.DEPOSIT);\n(0, _chai.expect)(event.asset).to.equal(this.collateral.address);\n// @ts-ignore\n(0, _chai.expect)(event.description.hash).to.equal(_hardhat.default.ethers.utils.keccak256(_hardhat.default.ethers.utils.toUtf8Bytes(\"paused\")));",
                      "err": {},
                      "uuid": "e213a512-b1ab-473e-924b-b90608d89196",
                      "parentUUID": "5f4f4f07-cffc-44b8-87a1-ad15fff38aaf",
                      "isHook": false,
                      "skipped": false
                    }
                  ],
                  "suites": [],
                  "passes": [
                    "e213a512-b1ab-473e-924b-b90608d89196"
                  ],
                  "failures": [],
                  "pending": [],
                  "skipped": [],
                  "duration": 101,
                  "root": false,
                  "rootEmpty": false,
                  "_timeout": 15000
                }
              ],
              "passes": [],
              "failures": [],
              "pending": [],
              "skipped": [],
              "duration": 0,
              "root": false,
              "rootEmpty": false,
              "_timeout": 15000
            }
          ],
          "passes": [],
          "failures": [],
          "pending": [],
          "skipped": [],
          "duration": 0,
          "root": false,
          "rootEmpty": false,
          "_timeout": 15000
        }
      ],
      "passes": [],
      "failures": [],
      "pending": [],
      "skipped": [],
      "duration": 0,
      "root": true,
      "rootEmpty": true,
      "_timeout": 15000
    }
  ],
  "meta": {
    "mocha": {
      "version": "10.2.0"
    },
    "mochawesome": {
      "options": {
        "quiet": false,
        "reportFilename": "mochawesome",
        "saveHtml": true,
        "saveJson": true,
        "consoleReporter": "spec",
        "useInlineDiffs": false,
        "code": true
      },
      "version": "7.1.3"
    },
    "marge": {
      "options": null,
      "version": "6.2.0"
    }
  }
}