{
  "stats": {
    "suites": 6,
    "tests": 24,
    "passes": 23,
    "pending": 1,
    "failures": 0,
    "start": "2023-10-03T13:43:26.931Z",
    "end": "2023-10-03T13:43:43.899Z",
    "duration": 16968,
    "testsRegistered": 24,
    "passPercent": 100,
    "pendingPercent": 4.166666666666666,
    "other": 0,
    "hasOther": false,
    "skipped": 0,
    "hasSkipped": false
  },
  "results": [
    {
      "uuid": "a5bbfb70-3829-4fcc-9bb5-28c2d7067480",
      "title": "",
      "fullFile": "/Users/panukettunen/Projects/kresko-protocol/src/test/minter/03-liquidation.ts",
      "file": "/src/test/minter/03-liquidation.ts",
      "beforeHooks": [],
      "afterHooks": [],
      "tests": [],
      "suites": [
        {
          "uuid": "97b365e7-f797-44b3-bdd9-9d92bdfcb003",
          "title": "Minter - Liquidations",
          "fullFile": "/Users/panukettunen/Projects/kresko-protocol/src/test/minter/03-liquidation.ts",
          "file": "/src/test/minter/03-liquidation.ts",
          "beforeHooks": [
            {
              "title": "\"before each\" hook in \"Minter - Liquidations\"",
              "fullTitle": "Minter - Liquidations \"before each\" hook in \"Minter - Liquidations\"",
              "timedOut": false,
              "duration": 0,
              "state": null,
              "speed": null,
              "pass": false,
              "fail": false,
              "pending": false,
              "context": null,
              "code": "f = await (0, _fixtures.liquidationsFixture)();\n[[user1, User], [user2], [user3], [user4], [user5], [liquidator, Liquidator], [liquidatorTwo, LiquidatorTwo]] = f.users;\nawait f.reset();",
              "err": {},
              "uuid": "60686041-2526-4825-bca5-8b1ab53ca0ce",
              "parentUUID": "97b365e7-f797-44b3-bdd9-9d92bdfcb003",
              "isHook": true,
              "skipped": false
            }
          ],
          "afterHooks": [],
          "tests": [],
          "suites": [
            {
              "uuid": "e5853cea-2f56-4deb-8b58-642a7c919f95",
              "title": "#isAccountLiquidatable",
              "fullFile": "/Users/panukettunen/Projects/kresko-protocol/src/test/minter/03-liquidation.ts",
              "file": "/src/test/minter/03-liquidation.ts",
              "beforeHooks": [],
              "afterHooks": [],
              "tests": [
                {
                  "title": "should identify accounts below their liquidation threshold",
                  "fullTitle": "Minter - Liquidations #isAccountLiquidatable should identify accounts below their liquidation threshold",
                  "timedOut": false,
                  "duration": 380,
                  "state": "passed",
                  "speed": "fast",
                  "pass": true,
                  "fail": false,
                  "pending": false,
                  "context": null,
                  "code": "const [cr, minCollateralUSD, initialCanLiquidate] = await Promise.all([\n    hre.Diamond.getAccountCollateralRatio(user1.address),\n    hre.Diamond.getAccountMinCollateralAtRatio(user1.address, hre.Diamond.getLiquidationThreshold()),\n    hre.Diamond.getAccountLiquidatable(user1.address)\n]);\n(0, _chai.expect)(cr).to.be.equal(1.5e4);\n(0, _chai.expect)(f.initialDeposits.mul(10).gt(minCollateralUSD));\n(0, _chai.expect)(initialCanLiquidate).to.equal(false);\nf.Collateral.setPrice(7.5);\n(0, _chai.expect)(await hre.Diamond.getAccountLiquidatable(user1.address)).to.equal(true);",
                  "err": {},
                  "uuid": "a770cc24-ea78-42c7-bc24-56841d518e09",
                  "parentUUID": "e5853cea-2f56-4deb-8b58-642a7c919f95",
                  "isHook": false,
                  "skipped": false
                }
              ],
              "suites": [],
              "passes": [
                "a770cc24-ea78-42c7-bc24-56841d518e09"
              ],
              "failures": [],
              "pending": [],
              "skipped": [],
              "duration": 380,
              "root": false,
              "rootEmpty": false,
              "_timeout": 30000
            },
            {
              "uuid": "1dd28107-130e-4d5c-8e05-d2f15fdb986f",
              "title": "#maxLiquidatableValue",
              "fullFile": "/Users/panukettunen/Projects/kresko-protocol/src/test/minter/03-liquidation.ts",
              "file": "/src/test/minter/03-liquidation.ts",
              "beforeHooks": [],
              "afterHooks": [],
              "tests": [
                {
                  "title": "calculates correct MLV when kFactor = 1, cFactor = 0.25",
                  "fullTitle": "Minter - Liquidations #maxLiquidatableValue calculates correct MLV when kFactor = 1, cFactor = 0.25",
                  "timedOut": false,
                  "duration": 991,
                  "state": "passed",
                  "speed": "fast",
                  "pass": true,
                  "fail": false,
                  "pending": false,
                  "context": null,
                  "code": "const MLVBeforeC1 = await hre.Diamond.getMaxLiqValue(user1.address, f.KrAsset.address, f.Collateral.address);\nconst MLVBeforeC2 = await hre.Diamond.getMaxLiqValue(user1.address, f.KrAsset.address, f.Collateral2.address);\n(0, _chai.expect)(MLVBeforeC1.repayValue).to.be.closeTo(MLVBeforeC2.repayValue, USD_DELTA);\nawait hre.Diamond.updateCollateralFactor(f.Collateral.address, 0.25e4);\nawait (0, _collaterals.depositMockCollateral)({\n    user: user1,\n    amount: f.initialDeposits.div(2),\n    asset: f.Collateral2\n});\nconst expectedCR = 1.125e4;\nconst [crAfter, isLiquidatableAfter, MLVAfterC1, MLVAfterC2] = await Promise.all([\n    hre.Diamond.getAccountCollateralRatio(user1.address),\n    hre.Diamond.getAccountLiquidatable(user1.address),\n    hre.Diamond.getMaxLiqValue(user1.address, f.KrAsset.address, f.Collateral.address),\n    hre.Diamond.getMaxLiqValue(user1.address, f.KrAsset.address, f.Collateral2.address)\n]);\n(0, _chai.expect)(isLiquidatableAfter).to.be.true;\n(0, _chai.expect)(crAfter).to.be.closeTo(expectedCR, 1);\n(0, _chai.expect)(MLVAfterC1.repayValue).to.gt(MLVBeforeC1.repayValue);\n(0, _chai.expect)(MLVAfterC2.repayValue).to.gt(MLVBeforeC2.repayValue);\n(0, _chai.expect)(MLVAfterC2.repayValue.gt(MLVAfterC1.repayValue)).to.be.true;",
                  "err": {},
                  "uuid": "ce92f892-28f2-47a1-a5e4-baa44fa96356",
                  "parentUUID": "1dd28107-130e-4d5c-8e05-d2f15fdb986f",
                  "isHook": false,
                  "skipped": false
                },
                {
                  "title": "calculates correct MLV with multiple cdps",
                  "fullTitle": "Minter - Liquidations #maxLiquidatableValue calculates correct MLV with multiple cdps",
                  "timedOut": false,
                  "duration": 537,
                  "state": "passed",
                  "speed": "fast",
                  "pass": true,
                  "fail": false,
                  "pending": false,
                  "context": null,
                  "code": "await (0, _collaterals.depositMockCollateral)({\n    user: user1,\n    amount: (0, _values.toBig)(0.1, 8),\n    asset: f.Collateral8Dec\n});\nf.Collateral.setPrice(7.5);\n(0, _chai.expect)(await hre.Diamond.getAccountLiquidatable(user1.address)).to.be.true;\nconst [maxLiq, maxLiq8Dec] = await Promise.all([\n    hre.Diamond.getMaxLiqValue(user1.address, f.KrAsset.address, f.Collateral.address),\n    hre.Diamond.getMaxLiqValue(user1.address, f.KrAsset.address, f.Collateral8Dec.address)\n]);\n(0, _chai.expect)(maxLiq.repayValue).gt(0);\n(0, _chai.expect)(maxLiq8Dec.repayValue).gt(0);\n(0, _chai.expect)(maxLiq.repayValue).gt(maxLiq8Dec.repayValue);",
                  "err": {},
                  "uuid": "a7e721f7-4036-4f3e-a530-31fc135f894f",
                  "parentUUID": "1dd28107-130e-4d5c-8e05-d2f15fdb986f",
                  "isHook": false,
                  "skipped": false
                }
              ],
              "suites": [],
              "passes": [
                "ce92f892-28f2-47a1-a5e4-baa44fa96356",
                "a7e721f7-4036-4f3e-a530-31fc135f894f"
              ],
              "failures": [],
              "pending": [],
              "skipped": [],
              "duration": 1528,
              "root": false,
              "rootEmpty": false,
              "_timeout": 30000
            },
            {
              "uuid": "f53cfec9-ba98-400d-acc5-aa3932add91c",
              "title": "#liquidation",
              "fullFile": "/Users/panukettunen/Projects/kresko-protocol/src/test/minter/03-liquidation.ts",
              "file": "/src/test/minter/03-liquidation.ts",
              "beforeHooks": [],
              "afterHooks": [],
              "tests": [],
              "suites": [
                {
                  "uuid": "18c0b156-528c-4de7-8c79-df7db0ddec79",
                  "title": "#liquidate",
                  "fullFile": "/Users/panukettunen/Projects/kresko-protocol/src/test/minter/03-liquidation.ts",
                  "file": "/src/test/minter/03-liquidation.ts",
                  "beforeHooks": [
                    {
                      "title": "\"before each\" hook in \"#liquidate\"",
                      "fullTitle": "Minter - Liquidations #liquidation #liquidate \"before each\" hook in \"#liquidate\"",
                      "timedOut": false,
                      "duration": 0,
                      "state": null,
                      "speed": null,
                      "pass": false,
                      "fail": false,
                      "pending": false,
                      "context": null,
                      "code": "f.Collateral.setPrice(7.5);",
                      "err": {},
                      "uuid": "b5097e77-85cb-4f9d-b727-67562adfb947",
                      "parentUUID": "18c0b156-528c-4de7-8c79-df7db0ddec79",
                      "isHook": true,
                      "skipped": false
                    }
                  ],
                  "afterHooks": [],
                  "tests": [
                    {
                      "title": "should allow unhealthy accounts to be liquidated",
                      "fullTitle": "Minter - Liquidations #liquidation #liquidate should allow unhealthy accounts to be liquidated",
                      "timedOut": false,
                      "duration": 288,
                      "state": "passed",
                      "speed": "fast",
                      "pass": true,
                      "fail": false,
                      "pending": false,
                      "context": null,
                      "code": "// Fetch pre-liquidation state for users and contracts\nconst beforeUserOneCollateralAmount = await _optimizations.default.getAccountCollateralAmount(user1.address, f.Collateral);\nconst userOneDebtBefore = await _optimizations.default.getAccountDebtAmount(user1.address, f.KrAsset);\nconst liquidatorBalanceBefore = await f.Collateral.balanceOf(liquidator.address);\nconst liquidatorBalanceKrBefore = await f.KrAsset.balanceOf(liquidator.address);\nconst kreskoBalanceBefore = await f.Collateral.balanceOf(hre.Diamond.address);\n// Liquidate userOne\nconst maxRepayAmount = f.userOneMaxLiqPrecalc.wadDiv((0, _values.toBig)(11, 8));\nawait Liquidator.liquidate(user1.address, f.KrAsset.address, maxRepayAmount, f.Collateral.address, _optimizations.default.getAccountMintIndex(user1.address, f.KrAsset.address), _optimizations.default.getAccountDepositIndex(user1.address, f.Collateral.address));\n// Confirm that the liquidated user's debt amount has decreased by the repaid amount\nconst userOneDebtAfterLiquidation = await _optimizations.default.getAccountDebtAmount(user1.address, f.KrAsset);\n(0, _chai.expect)(userOneDebtAfterLiquidation.eq(userOneDebtBefore.sub(maxRepayAmount)));\n// Confirm that some of the liquidated user's collateral has been seized\nconst userOneCollateralAfterLiquidation = await _optimizations.default.getAccountCollateralAmount(user1.address, f.Collateral);\n(0, _chai.expect)(userOneCollateralAfterLiquidation.lt(beforeUserOneCollateralAmount));\n// Confirm that userTwo's kresko asset balance has decreased by the repaid amount\n(0, _chai.expect)(await f.KrAsset.balanceOf(liquidator.address)).eq(liquidatorBalanceKrBefore.sub(maxRepayAmount));\n// Confirm that userTwo has received some collateral from the contract\n(0, _chai.expect)(await f.Collateral.balanceOf(liquidator.address)).gt(liquidatorBalanceBefore);\n// Confirm that Kresko contract's collateral balance has decreased.\n(0, _chai.expect)(await f.Collateral.balanceOf(hre.Diamond.address)).lt(kreskoBalanceBefore);",
                      "err": {},
                      "uuid": "e6a0760d-5d31-4d0a-a803-97c02c3172e5",
                      "parentUUID": "18c0b156-528c-4de7-8c79-df7db0ddec79",
                      "isHook": false,
                      "skipped": false
                    },
                    {
                      "title": "should liquidate up to MLR with a single CDP",
                      "fullTitle": "Minter - Liquidations #liquidation #liquidate should liquidate up to MLR with a single CDP",
                      "timedOut": false,
                      "duration": 715,
                      "state": "passed",
                      "speed": "fast",
                      "pass": true,
                      "fail": false,
                      "pending": false,
                      "context": null,
                      "code": "await hre.Diamond.updateCollateralFactor(f.Collateral.address, 0.99e4);\nawait hre.Diamond.updateKFactor(f.KrAsset.address, 1.02e4);\nconst maxLiq = await hre.Diamond.getMaxLiqValue(user1.address, f.KrAsset.address, f.Collateral.address);\nawait Liquidator.liquidate(user1.address, f.KrAsset.address, maxLiq.repayAmount.add((0, _values.toBig)(1222, 27)), f.Collateral.address, maxLiq.repayAssetIndex, maxLiq.seizeAssetIndex);\n(0, _chai.expect)(await hre.Diamond.getAccountCollateralRatio(user1.address)).to.be.eq(await _optimizations.default.getMaxLiquidationRatio());\n(0, _chai.expect)(await hre.Diamond.getAccountLiquidatable(user1.address)).to.be.false;",
                      "err": {},
                      "uuid": "350522bb-f613-4746-8339-41f13f84a824",
                      "parentUUID": "18c0b156-528c-4de7-8c79-df7db0ddec79",
                      "isHook": false,
                      "skipped": false
                    },
                    {
                      "title": "should liquidate up to MLR with multiple CDPs",
                      "fullTitle": "Minter - Liquidations #liquidation #liquidate should liquidate up to MLR with multiple CDPs",
                      "timedOut": false,
                      "duration": 961,
                      "state": "passed",
                      "speed": "fast",
                      "pass": true,
                      "fail": false,
                      "pending": false,
                      "context": null,
                      "code": "await (0, _collaterals.depositMockCollateral)({\n    user: user1,\n    amount: (0, _values.toBig)(10, 8),\n    asset: f.Collateral8Dec\n});\nf.Collateral.setPrice(5.5);\nf.Collateral8Dec.setPrice(6);\nawait hre.Diamond.updateCollateralFactor(f.Collateral.address, 0.9754e4);\nawait hre.Diamond.updateKFactor(f.KrAsset.address, 1.05e4);\nawait (0, _liquidations.liquidate)(user1, f.KrAsset, f.Collateral8Dec);\nconst [crAfter, isLiquidatableAfter] = await Promise.all([\n    hre.Diamond.getAccountCollateralRatio(user1.address),\n    hre.Diamond.getAccountLiquidatable(user1.address)\n]);\n(0, _chai.expect)(isLiquidatableAfter).to.be.false;\n(0, _chai.expect)(crAfter).to.be.eq(await _optimizations.default.getMaxLiquidationRatio());",
                      "err": {},
                      "uuid": "d65a269f-528f-4769-872e-1d33db48233f",
                      "parentUUID": "18c0b156-528c-4de7-8c79-df7db0ddec79",
                      "isHook": false,
                      "skipped": false
                    },
                    {
                      "title": "should emit LiquidationOccurred event",
                      "fullTitle": "Minter - Liquidations #liquidation #liquidate should emit LiquidationOccurred event",
                      "timedOut": false,
                      "duration": 256,
                      "state": "passed",
                      "speed": "fast",
                      "pass": true,
                      "fail": false,
                      "pending": false,
                      "context": null,
                      "code": "const repayAmount = f.userOneMaxLiqPrecalc.wadDiv((0, _values.toBig)(11));\nconst tx = await Liquidator.liquidate(user1.address, f.KrAsset.address, repayAmount, f.Collateral.address, _optimizations.default.getAccountMintIndex(user1.address, f.KrAsset.address), _optimizations.default.getAccountDepositIndex(user1.address, f.Collateral.address));\nconst event = await (0, _events.getNamedEvent)(tx, \"LiquidationOccurred\");\n(0, _chai.expect)(event.args.account).to.equal(user1.address);\n(0, _chai.expect)(event.args.liquidator).to.equal(liquidator.address);\n(0, _chai.expect)(event.args.repayKreskoAsset).to.equal(f.KrAsset.address);\n(0, _chai.expect)(event.args.repayAmount).to.equal(repayAmount);\n(0, _chai.expect)(event.args.seizedCollateralAsset).to.equal(f.Collateral.address);",
                      "err": {},
                      "uuid": "f5ce5efc-ef0a-462b-8af9-084d911196ce",
                      "parentUUID": "18c0b156-528c-4de7-8c79-df7db0ddec79",
                      "isHook": false,
                      "skipped": false
                    },
                    {
                      "title": "should not allow liquidations of healthy accounts",
                      "fullTitle": "Minter - Liquidations #liquidation #liquidate should not allow liquidations of healthy accounts",
                      "timedOut": false,
                      "duration": 112,
                      "state": "passed",
                      "speed": "fast",
                      "pass": true,
                      "fail": false,
                      "pending": false,
                      "context": null,
                      "code": "f.Collateral.setPrice(10);\nconst repayAmount = 10;\nconst mintedKreskoAssetIndex = 0;\nconst depositedCollateralAssetIndex = 0;\nawait (0, _chai.expect)(Liquidator.liquidate(user1.address, f.KrAsset.address, repayAmount, f.Collateral.address, mintedKreskoAssetIndex, depositedCollateralAssetIndex)).to.be.revertedWithCustomError((0, _errors.CError)(hre), \"CANNOT_LIQUIDATE\").withArgs(16500000000, 15400000000);",
                      "err": {},
                      "uuid": "2a61d693-ca39-478f-9345-4b8a2eb26d53",
                      "parentUUID": "18c0b156-528c-4de7-8c79-df7db0ddec79",
                      "isHook": false,
                      "skipped": false
                    },
                    {
                      "title": "should not allow liquidations if repayment amount is 0",
                      "fullTitle": "Minter - Liquidations #liquidation #liquidate should not allow liquidations if repayment amount is 0",
                      "timedOut": false,
                      "duration": 33,
                      "state": "passed",
                      "speed": "fast",
                      "pass": true,
                      "fail": false,
                      "pending": false,
                      "context": null,
                      "code": "// Liquidation should fail\nconst repayAmount = 0;\nawait (0, _chai.expect)(LiquidatorTwo.liquidate(user1.address, f.KrAsset.address, repayAmount, f.Collateral.address, 0, 0)).to.be.revertedWithCustomError((0, _errors.CError)(hre), \"ZERO_REPAY\").withArgs(f.KrAsset.address);",
                      "err": {},
                      "uuid": "c2ecc2d0-733a-4c5d-b272-38cd2cbce019",
                      "parentUUID": "18c0b156-528c-4de7-8c79-df7db0ddec79",
                      "isHook": false,
                      "skipped": false
                    },
                    {
                      "title": "should clamp liquidations if repay value/amount exceeds debt",
                      "fullTitle": "Minter - Liquidations #liquidation #liquidate should clamp liquidations if repay value/amount exceeds debt",
                      "timedOut": false,
                      "duration": 592,
                      "state": "passed",
                      "speed": "fast",
                      "pass": true,
                      "fail": false,
                      "pending": false,
                      "context": null,
                      "code": "// Get user's debt for this kresko asset\nconst krAssetDebtUserOne = await _optimizations.default.getAccountDebtAmount(user1.address, f.KrAsset);\n// Ensure we are repaying more than debt\nconst repayAmount = krAssetDebtUserOne.add((0, _values.toBig)(10));\nawait f.KrAsset.setBalance(liquidatorTwo, repayAmount, hre.Diamond.address);\n// Liquidation should fail\nconst liquidatorBalanceBefore = await f.KrAsset.balanceOf(liquidatorTwo.address);\nconst maxLiq = await hre.Diamond.getMaxLiqValue(user1.address, f.KrAsset.address, f.Collateral.address);\n(0, _chai.expect)(maxLiq.repayAmount).to.be.lt(repayAmount);\nconst tx = await LiquidatorTwo.liquidate(user1.address, f.KrAsset.address, repayAmount, f.Collateral.address, 0, 0);\nconst event = await (0, _events.getNamedEvent)(tx, \"LiquidationOccurred\");\nconst liquidatorBalanceAfter = await f.KrAsset.balanceOf(liquidatorTwo.address);\n(0, _chai.expect)(event.args.account).to.equal(user1.address);\n(0, _chai.expect)(event.args.liquidator).to.equal(liquidatorTwo.address);\n(0, _chai.expect)(event.args.repayKreskoAsset).to.equal(f.KrAsset.address);\n(0, _chai.expect)(event.args.seizedCollateralAsset).to.equal(f.Collateral.address);\n(0, _chai.expect)(event.args.repayAmount).to.not.equal(repayAmount);\n(0, _chai.expect)(event.args.repayAmount).to.equal(maxLiq.repayAmount);\n(0, _chai.expect)(event.args.collateralSent).to.be.equal(maxLiq.seizeAmount);\n(0, _chai.expect)(liquidatorBalanceAfter.add(repayAmount)).to.not.equal(liquidatorBalanceBefore);\n(0, _chai.expect)(liquidatorBalanceAfter.add(maxLiq.repayAmount)).to.equal(liquidatorBalanceBefore);\n(0, _chai.expect)(await hre.Diamond.getAccountCollateralRatio(user1.address)).to.be.eq(await hre.Diamond.getMaxLiquidationRatio());",
                      "err": {},
                      "uuid": "d7953b39-68fe-4868-9219-e6e62577d78d",
                      "parentUUID": "18c0b156-528c-4de7-8c79-df7db0ddec79",
                      "isHook": false,
                      "skipped": false
                    },
                    {
                      "title": "should not allow liquidations when account is under MCR but not under liquidation threshold",
                      "fullTitle": "Minter - Liquidations #liquidation #liquidate should not allow liquidations when account is under MCR but not under liquidation threshold",
                      "timedOut": false,
                      "duration": 440,
                      "state": "passed",
                      "speed": "fast",
                      "pass": true,
                      "fail": false,
                      "pending": false,
                      "context": null,
                      "code": "f.Collateral.setPrice(f.Collateral.config.args.price);\n(0, _chai.expect)(await hre.Diamond.getAccountLiquidatable(user1.address)).to.be.false;\nconst minCollateralUSD = await hre.Diamond.getAccountMinCollateralAtRatio(user1.address, _optimizations.default.getMinCollateralRatio());\nconst liquidationThresholdUSD = await hre.Diamond.getAccountMinCollateralAtRatio(user1.address, _optimizations.default.getLiquidationThreshold());\nf.Collateral.setPrice(9.9);\nconst accountCollateralValue = await hre.Diamond.getAccountTotalCollateralValue(user1.address);\n(0, _chai.expect)(accountCollateralValue.lt(minCollateralUSD)).to.be.true;\n(0, _chai.expect)(accountCollateralValue.gt(liquidationThresholdUSD)).to.be.true;\n(0, _chai.expect)(await hre.Diamond.getAccountLiquidatable(user1.address)).to.be.false;",
                      "err": {},
                      "uuid": "20a31b16-fd4a-45ad-9fba-8442c29b9a9e",
                      "parentUUID": "18c0b156-528c-4de7-8c79-df7db0ddec79",
                      "isHook": false,
                      "skipped": false
                    },
                    {
                      "title": "should allow liquidations without liquidator token approval for Kresko Assets",
                      "fullTitle": "Minter - Liquidations #liquidation #liquidate should allow liquidations without liquidator token approval for Kresko Assets",
                      "timedOut": false,
                      "duration": 290,
                      "state": "passed",
                      "speed": "fast",
                      "pass": true,
                      "fail": false,
                      "pending": false,
                      "context": null,
                      "code": "// Check that liquidator's token approval to Kresko.sol contract is 0\n(0, _chai.expect)(await f.KrAsset.contract.allowance(liquidatorTwo.address, hre.Diamond.address)).to.equal(0);\nconst repayAmount = (0, _values.toBig)(0.5);\nawait f.KrAsset.setBalance(liquidatorTwo, repayAmount);\nawait LiquidatorTwo.liquidate(user1.address, f.KrAsset.address, repayAmount, f.Collateral.address, 0, 0);\n// Confirm that liquidator's token approval is still 0\n(0, _chai.expect)(await f.KrAsset.contract.allowance(user2.address, hre.Diamond.address)).to.equal(0);",
                      "err": {},
                      "uuid": "ddfa5794-f1f6-4778-9946-5e64a7e52196",
                      "parentUUID": "18c0b156-528c-4de7-8c79-df7db0ddec79",
                      "isHook": false,
                      "skipped": false
                    },
                    {
                      "title": "should not change liquidator's existing token approvals during a successful liquidation",
                      "fullTitle": "Minter - Liquidations #liquidation #liquidate should not change liquidator's existing token approvals during a successful liquidation",
                      "timedOut": false,
                      "duration": 290,
                      "state": "passed",
                      "speed": "fast",
                      "pass": true,
                      "fail": false,
                      "pending": false,
                      "context": null,
                      "code": "const repayAmount = (0, _values.toBig)(0.5);\nawait f.KrAsset.setBalance(liquidatorTwo, repayAmount);\nawait f.KrAsset.contract.setVariable(\"_allowances\", {\n    [liquidatorTwo.address]: {\n        [hre.Diamond.address]: repayAmount\n    }\n});\nawait (0, _chai.expect)(LiquidatorTwo.liquidate(user1.address, f.KrAsset.address, repayAmount, f.Collateral.address, 0, 0)).not.to.be.reverted;\n// Confirm that liquidator's token approval is unchanged\n(0, _chai.expect)(await f.KrAsset.contract.allowance(liquidatorTwo.address, hre.Diamond.address)).to.equal(repayAmount);",
                      "err": {},
                      "uuid": "d46977c0-c497-4c17-bbe5-e37b63dfb7ee",
                      "parentUUID": "18c0b156-528c-4de7-8c79-df7db0ddec79",
                      "isHook": false,
                      "skipped": false
                    },
                    {
                      "title": "should not allow borrowers to liquidate themselves",
                      "fullTitle": "Minter - Liquidations #liquidation #liquidate should not allow borrowers to liquidate themselves",
                      "timedOut": false,
                      "duration": 29,
                      "state": "passed",
                      "speed": "fast",
                      "pass": true,
                      "fail": false,
                      "pending": false,
                      "context": null,
                      "code": "// Liquidation should fail\nconst repayAmount = 5;\nawait (0, _chai.expect)(User.liquidate(user1.address, f.KrAsset.address, repayAmount, f.Collateral.address, 0, 0)).to.be.revertedWithCustomError((0, _errors.CError)(hre), \"SELF_LIQUIDATION\");",
                      "err": {},
                      "uuid": "6a3e688a-678d-42cb-b8c6-1650c3984da8",
                      "parentUUID": "18c0b156-528c-4de7-8c79-df7db0ddec79",
                      "isHook": false,
                      "skipped": false
                    },
                    {
                      "title": "should error on seize underflow",
                      "fullTitle": "Minter - Liquidations #liquidation #liquidate should error on seize underflow",
                      "timedOut": false,
                      "duration": 0,
                      "state": "pending",
                      "speed": null,
                      "pass": false,
                      "fail": false,
                      "pending": true,
                      "context": null,
                      "code": "",
                      "err": {},
                      "uuid": "2b666daa-bd49-4ca4-910e-d30e5bda80fd",
                      "parentUUID": "18c0b156-528c-4de7-8c79-df7db0ddec79",
                      "isHook": false,
                      "skipped": false
                    }
                  ],
                  "suites": [],
                  "passes": [
                    "e6a0760d-5d31-4d0a-a803-97c02c3172e5",
                    "350522bb-f613-4746-8339-41f13f84a824",
                    "d65a269f-528f-4769-872e-1d33db48233f",
                    "f5ce5efc-ef0a-462b-8af9-084d911196ce",
                    "2a61d693-ca39-478f-9345-4b8a2eb26d53",
                    "c2ecc2d0-733a-4c5d-b272-38cd2cbce019",
                    "d7953b39-68fe-4868-9219-e6e62577d78d",
                    "20a31b16-fd4a-45ad-9fba-8442c29b9a9e",
                    "ddfa5794-f1f6-4778-9946-5e64a7e52196",
                    "d46977c0-c497-4c17-bbe5-e37b63dfb7ee",
                    "6a3e688a-678d-42cb-b8c6-1650c3984da8"
                  ],
                  "failures": [],
                  "pending": [
                    "2b666daa-bd49-4ca4-910e-d30e5bda80fd"
                  ],
                  "skipped": [],
                  "duration": 4006,
                  "root": false,
                  "rootEmpty": false,
                  "_timeout": 30000
                },
                {
                  "uuid": "e9adb1af-1d92-48fe-97d4-b048b844ed05",
                  "title": "#liquidate - rebasing events",
                  "fullFile": "/Users/panukettunen/Projects/kresko-protocol/src/test/minter/03-liquidation.ts",
                  "file": "/src/test/minter/03-liquidation.ts",
                  "beforeHooks": [
                    {
                      "title": "\"before each\" hook in \"#liquidate - rebasing events\"",
                      "fullTitle": "Minter - Liquidations #liquidation #liquidate - rebasing events \"before each\" hook in \"#liquidate - rebasing events\"",
                      "timedOut": false,
                      "duration": 0,
                      "state": null,
                      "speed": null,
                      "pass": false,
                      "fail": false,
                      "pending": false,
                      "context": null,
                      "code": "await f.resetRebasing();",
                      "err": {},
                      "uuid": "eb45866b-455d-42d2-90d0-5edf808280dd",
                      "parentUUID": "e9adb1af-1d92-48fe-97d4-b048b844ed05",
                      "isHook": true,
                      "skipped": false
                    }
                  ],
                  "afterHooks": [],
                  "tests": [
                    {
                      "title": "should setup correct",
                      "fullTitle": "Minter - Liquidations #liquidation #liquidate - rebasing events should setup correct",
                      "timedOut": false,
                      "duration": 377,
                      "state": "passed",
                      "speed": "fast",
                      "pass": true,
                      "fail": false,
                      "pending": false,
                      "context": null,
                      "code": "const [mcr, cr, cr2, liquidatable] = await Promise.all([\n    _optimizations.default.getMinCollateralRatio(),\n    hre.Diamond.getAccountCollateralRatio(user3.address),\n    hre.Diamond.getAccountCollateralRatio(user4.address),\n    hre.Diamond.getAccountLiquidatable(user3.address)\n]);\n(0, _chai.expect)(cr).to.closeTo(mcr, 1);\n(0, _chai.expect)(cr2).to.closeTo(mcr, 1);\n(0, _chai.expect)(liquidatable).to.be.false;",
                      "err": {},
                      "uuid": "32c4f19a-dfa6-4227-b395-6022cee9cc29",
                      "parentUUID": "e9adb1af-1d92-48fe-97d4-b048b844ed05",
                      "isHook": false,
                      "skipped": false
                    },
                    {
                      "title": "should not allow liquidation of healthy accounts after a positive rebase",
                      "fullTitle": "Minter - Liquidations #liquidation #liquidate - rebasing events should not allow liquidation of healthy accounts after a positive rebase",
                      "timedOut": false,
                      "duration": 107,
                      "state": "passed",
                      "speed": "fast",
                      "pass": true,
                      "fail": false,
                      "pending": false,
                      "context": null,
                      "code": "// Rebase params\nconst denominator = 4;\nconst positive = true;\nconst rebasePrice = 1 / denominator;\nf.KrAsset.setPrice(rebasePrice);\nawait f.KrAsset.contract.rebase((0, _values.toBig)(denominator), positive, []);\nawait (0, _chai.expect)(Liquidator.liquidate(user4.address, f.KrAsset.address, 100, f.Collateral.address, _optimizations.default.getAccountMintIndex(user4.address, f.KrAsset.address), _optimizations.default.getAccountDepositIndex(user4.address, f.Collateral.address))).to.be.revertedWithCustomError((0, _errors.CError)(hre), \"CANNOT_LIQUIDATE\").withArgs(1000000000000, 933333332400);",
                      "err": {},
                      "uuid": "f1436819-f017-4899-9146-b4197bf7a78b",
                      "parentUUID": "e9adb1af-1d92-48fe-97d4-b048b844ed05",
                      "isHook": false,
                      "skipped": false
                    },
                    {
                      "title": "should not allow liquidation of healthy accounts after a negative rebase",
                      "fullTitle": "Minter - Liquidations #liquidation #liquidate - rebasing events should not allow liquidation of healthy accounts after a negative rebase",
                      "timedOut": false,
                      "duration": 109,
                      "state": "passed",
                      "speed": "fast",
                      "pass": true,
                      "fail": false,
                      "pending": false,
                      "context": null,
                      "code": "const denominator = 4;\nconst positive = false;\nconst rebasePrice = 1 * denominator;\nf.KrAsset.setPrice(rebasePrice);\nawait f.KrAsset.contract.rebase((0, _values.toBig)(denominator), positive, []);\nawait (0, _chai.expect)(Liquidator.liquidate(user4.address, f.KrAsset.address, 100, f.Collateral.address, _optimizations.default.getAccountMintIndex(user4.address, f.KrAsset.address), _optimizations.default.getAccountDepositIndex(user4.address, f.Collateral.address))).to.be.revertedWithCustomError((0, _errors.CError)(hre), \"CANNOT_LIQUIDATE\").withArgs(1000000000000, 933333332400);",
                      "err": {},
                      "uuid": "abe8f625-d22e-4874-93a5-dbcac841b660",
                      "parentUUID": "e9adb1af-1d92-48fe-97d4-b048b844ed05",
                      "isHook": false,
                      "skipped": false
                    },
                    {
                      "title": "should allow liquidations of unhealthy accounts after a positive rebase",
                      "fullTitle": "Minter - Liquidations #liquidation #liquidate - rebasing events should allow liquidations of unhealthy accounts after a positive rebase",
                      "timedOut": false,
                      "duration": 1150,
                      "state": "passed",
                      "speed": "fast",
                      "pass": true,
                      "fail": false,
                      "pending": false,
                      "context": null,
                      "code": "const denominator = 4;\nconst positive = true;\nconst rebasePrice = 1 / denominator;\nf.KrAsset.setPrice(rebasePrice);\nawait f.KrAsset.contract.rebase((0, _values.toBig)(denominator), positive, []);\n(0, _chai.expect)(await hre.Diamond.getAccountLiquidatable(user4.address)).to.be.false;\nf.Collateral.setPrice(7.5);\n(0, _chai.expect)(await hre.Diamond.getAccountLiquidatable(user4.address)).to.be.true;\nawait (0, _liquidations.liquidate)(user4, f.KrAsset, f.Collateral, true);\nawait (0, _chai.expect)((0, _liquidations.liquidate)(user4, f.KrAsset, f.Collateral, true)).to.not.be.reverted;",
                      "err": {},
                      "uuid": "61f2572a-fdc7-48cb-a87e-0571f69ba743",
                      "parentUUID": "e9adb1af-1d92-48fe-97d4-b048b844ed05",
                      "isHook": false,
                      "skipped": false
                    },
                    {
                      "title": "should allow liquidations of unhealthy accounts after a negative rebase",
                      "fullTitle": "Minter - Liquidations #liquidation #liquidate - rebasing events should allow liquidations of unhealthy accounts after a negative rebase",
                      "timedOut": false,
                      "duration": 956,
                      "state": "passed",
                      "speed": "fast",
                      "pass": true,
                      "fail": false,
                      "pending": false,
                      "context": null,
                      "code": "const denominator = 4;\nconst positive = false;\nconst rebasePrice = 1 * denominator;\nf.KrAsset.setPrice(rebasePrice);\nawait f.KrAsset.contract.rebase((0, _values.toBig)(denominator), positive, []);\n(0, _chai.expect)(await hre.Diamond.getAccountLiquidatable(user4.address)).to.be.false;\nf.KrAsset.setPrice(rebasePrice + 1);\n(0, _chai.expect)(await hre.Diamond.getAccountLiquidatable(user4.address)).to.be.true;\nawait (0, _chai.expect)((0, _liquidations.liquidate)(user4, f.KrAsset, f.Collateral, true)).to.not.be.reverted;",
                      "err": {},
                      "uuid": "a7813baa-f14b-4ced-8ede-f59c66eefeb7",
                      "parentUUID": "e9adb1af-1d92-48fe-97d4-b048b844ed05",
                      "isHook": false,
                      "skipped": false
                    },
                    {
                      "title": "should liquidate krAsset collaterals up to min amount",
                      "fullTitle": "Minter - Liquidations #liquidation #liquidate - rebasing events should liquidate krAsset collaterals up to min amount",
                      "timedOut": false,
                      "duration": 646,
                      "state": "passed",
                      "speed": "fast",
                      "pass": true,
                      "fail": false,
                      "pending": false,
                      "context": null,
                      "code": "f.KrAssetCollateral.setPrice(100);\nawait hre.Diamond.updateCollateralFactor(f.KrAssetCollateral.address, 0.99e4);\nawait hre.Diamond.updateKFactor(f.KrAssetCollateral.address, 1e4);\nconst maxLiq = await hre.Diamond.getMaxLiqValue(user3.address, f.KrAssetCollateral.address, f.KrAssetCollateral.address);\nawait f.KrAssetCollateral.setBalance(hre.users.liquidator, maxLiq.repayAmount, hre.Diamond.address);\nawait Liquidator.liquidate(user3.address, f.KrAssetCollateral.address, maxLiq.repayAmount.sub(1e9), f.KrAssetCollateral.address, maxLiq.repayAssetIndex, maxLiq.seizeAssetIndex);\nconst depositsAfter = await hre.Diamond.getAccountCollateralAmount(user3.address, f.KrAssetCollateral.address);\n(0, _chai.expect)(depositsAfter).to.equal(1e12.toString());",
                      "err": {},
                      "uuid": "a801bf2b-f910-4f69-a0d2-123230af862b",
                      "parentUUID": "e9adb1af-1d92-48fe-97d4-b048b844ed05",
                      "isHook": false,
                      "skipped": false
                    },
                    {
                      "title": "should liquidate to 0",
                      "fullTitle": "Minter - Liquidations #liquidation #liquidate - rebasing events should liquidate to 0",
                      "timedOut": false,
                      "duration": 642,
                      "state": "passed",
                      "speed": "fast",
                      "pass": true,
                      "fail": false,
                      "pending": false,
                      "context": null,
                      "code": "f.KrAssetCollateral.setPrice(100);\nawait hre.Diamond.updateCollateralFactor(f.KrAssetCollateral.address, 1e4);\nawait hre.Diamond.updateKFactor(f.KrAssetCollateral.address, 1e4);\nconst maxLiq = await hre.Diamond.getMaxLiqValue(user3.address, f.KrAssetCollateral.address, f.KrAssetCollateral.address);\nconst liquidationAmount = maxLiq.repayAmount.add((0, _values.toBig)(20, 27));\nawait f.KrAssetCollateral.setBalance(hre.users.liquidator, liquidationAmount, hre.Diamond.address);\nawait Liquidator.liquidate(user3.address, f.KrAssetCollateral.address, liquidationAmount, f.KrAssetCollateral.address, maxLiq.repayAssetIndex, maxLiq.seizeAssetIndex);\nconst depositsAfter = await hre.Diamond.getAccountCollateralAmount(user3.address, f.KrAssetCollateral.address);\n(0, _chai.expect)(depositsAfter).to.equal(0);",
                      "err": {},
                      "uuid": "db46c5e5-f322-494b-aefb-5190c9b7ebff",
                      "parentUUID": "e9adb1af-1d92-48fe-97d4-b048b844ed05",
                      "isHook": false,
                      "skipped": false
                    },
                    {
                      "title": "should liquidate correct amount of krAssets after a positive rebase",
                      "fullTitle": "Minter - Liquidations #liquidation #liquidate - rebasing events should liquidate correct amount of krAssets after a positive rebase",
                      "timedOut": false,
                      "duration": 2236,
                      "state": "passed",
                      "speed": "medium",
                      "pass": true,
                      "fail": false,
                      "pending": false,
                      "context": null,
                      "code": "const newPrice = 1.2;\nf.KrAsset.setPrice(newPrice);\nconst results = {\n    collateralSeized: 0,\n    debtRepaid: 0,\n    userOneValueAfter: 0,\n    userOneHFAfter: 0,\n    collateralSeizedRebase: 0,\n    debtRepaidRebase: 0,\n    userTwoValueAfter: 0,\n    userTwoHFAfter: 0\n};\n// Get values for a liquidation that happens before rebase\nwhile(await hre.Diamond.getAccountLiquidatable(user4.address)){\n    const values = await (0, _liquidations.liquidate)(user4, f.KrAsset, f.Collateral);\n    results.collateralSeized += values.collateralSeized;\n    results.debtRepaid += values.debtRepaid;\n}\nresults.userOneValueAfter = (0, _values.fromBig)(await hre.Diamond.getAccountTotalCollateralValue(user4.address), 8);\nresults.userOneHFAfter = (await hre.Diamond.getAccountCollateralRatio(user4.address)).toNumber();\n// Rebase params\nconst denominator = 4;\nconst positive = true;\nconst rebasePrice = newPrice / denominator;\n// Rebase\nf.KrAsset.setPrice(rebasePrice);\nawait f.KrAsset.contract.rebase((0, _values.toBig)(denominator), positive, []);\n(0, _chai.expect)(await hre.Diamond.getAccountLiquidatable(user5.address)).to.be.true;\n// Get values for a liquidation that happens after a rebase\nwhile(await hre.Diamond.getAccountLiquidatable(user5.address)){\n    const values = await (0, _liquidations.liquidate)(user5, f.KrAsset, f.Collateral);\n    results.collateralSeizedRebase += values.collateralSeized;\n    results.debtRepaidRebase += values.debtRepaid;\n}\nresults.userTwoValueAfter = (0, _values.fromBig)(await hre.Diamond.getAccountTotalCollateralValue(user5.address), 8);\nresults.userTwoHFAfter = (await hre.Diamond.getAccountCollateralRatio(user5.address)).toNumber();\n(0, _chai.expect)(results.userTwoHFAfter).to.equal(results.userOneHFAfter);\n(0, _chai.expect)(results.collateralSeized).to.equal(results.collateralSeizedRebase);\n(0, _chai.expect)(results.debtRepaid * denominator).to.equal(results.debtRepaidRebase);\n(0, _chai.expect)(results.userOneValueAfter).to.equal(results.userTwoValueAfter);",
                      "err": {},
                      "uuid": "1e9b70f6-980b-48da-ab08-d553bc5b8b68",
                      "parentUUID": "e9adb1af-1d92-48fe-97d4-b048b844ed05",
                      "isHook": false,
                      "skipped": false
                    },
                    {
                      "title": "should liquidate correct amount of assets after a negative rebase",
                      "fullTitle": "Minter - Liquidations #liquidation #liquidate - rebasing events should liquidate correct amount of assets after a negative rebase",
                      "timedOut": false,
                      "duration": 2123,
                      "state": "passed",
                      "speed": "medium",
                      "pass": true,
                      "fail": false,
                      "pending": false,
                      "context": null,
                      "code": "const newPrice = 1.2;\nf.KrAsset.setPrice(newPrice);\nconst results = {\n    collateralSeized: 0,\n    debtRepaid: 0,\n    userOneValueAfter: 0,\n    userOneHFAfter: 0,\n    collateralSeizedRebase: 0,\n    debtRepaidRebase: 0,\n    userTwoValueAfter: 0,\n    userTwoHFAfter: 0\n};\n// Get values for a liquidation that happens before rebase\nwhile(await hre.Diamond.getAccountLiquidatable(user4.address)){\n    const values = await (0, _liquidations.liquidate)(user4, f.KrAsset, f.Collateral);\n    results.collateralSeized += values.collateralSeized;\n    results.debtRepaid += values.debtRepaid;\n}\nresults.userOneValueAfter = (0, _values.fromBig)(await hre.Diamond.getAccountTotalCollateralValue(user4.address), 8);\nresults.userOneHFAfter = (await hre.Diamond.getAccountCollateralRatio(user4.address)).toNumber();\n// Rebase params\nconst denominator = 4;\nconst positive = false;\nconst rebasePrice = newPrice * denominator;\n// Rebase\nf.KrAsset.setPrice(rebasePrice);\nawait f.KrAsset.contract.rebase((0, _values.toBig)(denominator), positive, []);\n(0, _chai.expect)(await hre.Diamond.getAccountLiquidatable(user5.address)).to.be.true;\n// Get values for a liquidation that happens after a rebase\nwhile(await hre.Diamond.getAccountLiquidatable(user5.address)){\n    const values = await (0, _liquidations.liquidate)(user5, f.KrAsset, f.Collateral);\n    results.collateralSeizedRebase += values.collateralSeized;\n    results.debtRepaidRebase += values.debtRepaid;\n}\nresults.userTwoValueAfter = (0, _values.fromBig)(await hre.Diamond.getAccountTotalCollateralValue(user5.address), 8);\nresults.userTwoHFAfter = (await hre.Diamond.getAccountCollateralRatio(user5.address)).toNumber();\n(0, _chai.expect)(results.userTwoHFAfter).to.equal(results.userOneHFAfter);\n(0, _chai.expect)(results.collateralSeized).to.equal(results.collateralSeizedRebase);\n(0, _chai.expect)(results.debtRepaid / denominator).to.equal(results.debtRepaidRebase);\n(0, _chai.expect)(results.userOneValueAfter).to.equal(results.userTwoValueAfter);",
                      "err": {},
                      "uuid": "2064e58d-1bac-48ef-94a3-1382af2bea0b",
                      "parentUUID": "e9adb1af-1d92-48fe-97d4-b048b844ed05",
                      "isHook": false,
                      "skipped": false
                    }
                  ],
                  "suites": [],
                  "passes": [
                    "32c4f19a-dfa6-4227-b395-6022cee9cc29",
                    "f1436819-f017-4899-9146-b4197bf7a78b",
                    "abe8f625-d22e-4874-93a5-dbcac841b660",
                    "61f2572a-fdc7-48cb-a87e-0571f69ba743",
                    "a7813baa-f14b-4ced-8ede-f59c66eefeb7",
                    "a801bf2b-f910-4f69-a0d2-123230af862b",
                    "db46c5e5-f322-494b-aefb-5190c9b7ebff",
                    "1e9b70f6-980b-48da-ab08-d553bc5b8b68",
                    "2064e58d-1bac-48ef-94a3-1382af2bea0b"
                  ],
                  "failures": [],
                  "pending": [],
                  "skipped": [],
                  "duration": 8346,
                  "root": false,
                  "rootEmpty": false,
                  "_timeout": 30000
                }
              ],
              "passes": [],
              "failures": [],
              "pending": [],
              "skipped": [],
              "duration": 0,
              "root": false,
              "rootEmpty": false,
              "_timeout": 30000
            }
          ],
          "passes": [],
          "failures": [],
          "pending": [],
          "skipped": [],
          "duration": 0,
          "root": false,
          "rootEmpty": false,
          "_timeout": 30000
        }
      ],
      "passes": [],
      "failures": [],
      "pending": [],
      "skipped": [],
      "duration": 0,
      "root": true,
      "rootEmpty": true,
      "_timeout": 30000
    }
  ],
  "meta": {
    "mocha": {
      "version": "10.2.0"
    },
    "mochawesome": {
      "options": {
        "quiet": false,
        "reportFilename": "mochawesome",
        "saveHtml": true,
        "saveJson": true,
        "consoleReporter": "spec",
        "useInlineDiffs": false,
        "code": true
      },
      "version": "7.1.3"
    },
    "marge": {
      "options": null,
      "version": "6.2.0"
    }
  }
}