{
  "stats": {
    "suites": 6,
    "tests": 26,
    "passes": 26,
    "pending": 0,
    "failures": 0,
    "start": "2023-09-24T02:17:47.763Z",
    "end": "2023-09-24T02:18:38.480Z",
    "duration": 50717,
    "testsRegistered": 26,
    "passPercent": 100,
    "pendingPercent": 0,
    "other": 0,
    "hasOther": false,
    "skipped": 0,
    "hasSkipped": false
  },
  "results": [
    {
      "uuid": "33ce4dbb-15e8-4e72-8b4b-d8c5a29f1653",
      "title": "",
      "fullFile": "/Users/panukettunen/Projects/kresko-protocol/src/test/minter/03-liquidation.ts",
      "file": "/src/test/minter/03-liquidation.ts",
      "beforeHooks": [],
      "afterHooks": [],
      "tests": [],
      "suites": [
        {
          "uuid": "db5d6f07-ce6b-4b40-b42a-bca6366213ea",
          "title": "Minter - Liquidations",
          "fullFile": "/Users/panukettunen/Projects/kresko-protocol/src/test/minter/03-liquidation.ts",
          "file": "/src/test/minter/03-liquidation.ts",
          "beforeHooks": [
            {
              "title": "\"before each\" hook in \"Minter - Liquidations\"",
              "fullTitle": "Minter - Liquidations \"before each\" hook in \"Minter - Liquidations\"",
              "timedOut": false,
              "duration": 1,
              "state": null,
              "speed": null,
              "pass": false,
              "fail": false,
              "pending": false,
              "context": null,
              "code": "f = await (0, _testutils.liquidationsFixture)();\n[[user1, User], [user2], [user3], [user4], [user5], [liquidator, Liquidator], [liquidatorTwo, LiquidatorTwo]] = f.users;\nf.reset();",
              "err": {},
              "uuid": "42dcd66e-774e-4c5d-8fc5-e37426879871",
              "parentUUID": "db5d6f07-ce6b-4b40-b42a-bca6366213ea",
              "isHook": true,
              "skipped": false
            }
          ],
          "afterHooks": [],
          "tests": [],
          "suites": [
            {
              "uuid": "f4e1e998-f758-42cc-8324-606729a98860",
              "title": "#isAccountLiquidatable",
              "fullFile": "/Users/panukettunen/Projects/kresko-protocol/src/test/minter/03-liquidation.ts",
              "file": "/src/test/minter/03-liquidation.ts",
              "beforeHooks": [],
              "afterHooks": [],
              "tests": [
                {
                  "title": "should identify accounts below their liquidation threshold",
                  "fullTitle": "Minter - Liquidations #isAccountLiquidatable should identify accounts below their liquidation threshold",
                  "timedOut": false,
                  "duration": 1445,
                  "state": "passed",
                  "speed": "fast",
                  "pass": true,
                  "fail": false,
                  "pending": false,
                  "context": null,
                  "code": "const [cr, minCollateralUSD, initialCanLiquidate] = await Promise.all([\n    (0, _liquidations.getCR)(user1.address),\n    hre.Diamond.getAccountMinCollateralAtRatio(user1.address, hre.Diamond.getLiquidationThreshold()),\n    hre.Diamond.getAccountLiquidatable(user1.address)\n]);\n(0, _chai.expect)(cr).to.be.equal(1.5);\n(0, _chai.expect)(f.initialDeposits.mul(10).gt(minCollateralUSD));\n(0, _chai.expect)(initialCanLiquidate).to.equal(false);\n// Update collateral price to $7.5\nf.Collateral.setPrice(7.5);\n// The account should be liquidatable as collateral value ($140) < min collateral value ($154)\nconst secondaryCanLiquidate = await hre.Diamond.getAccountLiquidatable(user1.address);\n(0, _chai.expect)(secondaryCanLiquidate).to.equal(true);",
                  "err": {},
                  "uuid": "ed49e492-b1e1-44f5-b665-407bd0f7665d",
                  "parentUUID": "f4e1e998-f758-42cc-8324-606729a98860",
                  "isHook": false,
                  "skipped": false
                }
              ],
              "suites": [],
              "passes": [
                "ed49e492-b1e1-44f5-b665-407bd0f7665d"
              ],
              "failures": [],
              "pending": [],
              "skipped": [],
              "duration": 1445,
              "root": false,
              "rootEmpty": false,
              "_timeout": 60000
            },
            {
              "uuid": "5c6aa273-3b18-4939-a749-470850ae4041",
              "title": "#maxLiquidatableValue",
              "fullFile": "/Users/panukettunen/Projects/kresko-protocol/src/test/minter/03-liquidation.ts",
              "file": "/src/test/minter/03-liquidation.ts",
              "beforeHooks": [],
              "afterHooks": [],
              "tests": [
                {
                  "title": "calculates correct MLV when kFactor = 1, cFactor = 1",
                  "fullTitle": "Minter - Liquidations #maxLiquidatableValue calculates correct MLV when kFactor = 1, cFactor = 1",
                  "timedOut": false,
                  "duration": 1831,
                  "state": "passed",
                  "speed": "fast",
                  "pass": true,
                  "fail": false,
                  "pending": false,
                  "context": null,
                  "code": "f.Collateral.setPrice(7.5);\nconst [crAfter, isLiquidatableAfter, MLV, MLVCalc] = await Promise.all([\n    (0, _liquidations.getCR)(user1.address),\n    hre.Diamond.getAccountLiquidatable(user1.address),\n    hre.Diamond.getMaxLiquidation(user1.address, f.KrAsset.address, f.Collateral.address),\n    (0, _liquidations.getExpectedMaxLiq)(user1, f.KrAsset, f.Collateral)\n]);\n(0, _chai.expect)(crAfter).to.be.equal(1.125);\n(0, _chai.expect)(isLiquidatableAfter).to.be.true;\n(0, _chai.expect)(MLVCalc).to.be.closeTo(MLV, USD_DELTA);",
                  "err": {},
                  "uuid": "28dc5205-fc89-4ac8-9fe1-0348c3fd6826",
                  "parentUUID": "5c6aa273-3b18-4939-a749-470850ae4041",
                  "isHook": false,
                  "skipped": false
                },
                {
                  "title": "calculates correct MLV when kFactor = 1, cFactor = 0.25",
                  "fullTitle": "Minter - Liquidations #maxLiquidatableValue calculates correct MLV when kFactor = 1, cFactor = 0.25",
                  "timedOut": false,
                  "duration": 1735,
                  "state": "passed",
                  "speed": "fast",
                  "pass": true,
                  "fail": false,
                  "pending": false,
                  "context": null,
                  "code": "await hre.Diamond.updateCollateralFactor(f.Collateral.address, (0, _lib.toBig)(0.25));\nawait (0, _collaterals.depositMockCollateral)({\n    user: user1,\n    amount: f.initialDeposits.div(2),\n    asset: f.Collateral2\n});\nconst expectedCR = 1.125;\nconst [crAfter, isLiquidatableAfter, MLVAfterC1, MLVAfterC2] = await Promise.all([\n    (0, _liquidations.getCR)(user1.address),\n    hre.Diamond.getAccountLiquidatable(user1.address),\n    hre.Diamond.getMaxLiquidation(user1.address, f.KrAsset.address, f.Collateral.address),\n    hre.Diamond.getMaxLiquidation(user1.address, f.KrAsset.address, f.Collateral2.address)\n]);\n(0, _chai.expect)(isLiquidatableAfter).to.be.true;\n(0, _chai.expect)(crAfter).to.be.closeTo(expectedCR, CR_DELTA);\n(0, _chai.expect)(MLVAfterC2.gt(MLVAfterC1)).to.be.true;\n        // await liquidate(user1, f.KrAsset, f.Collateral);\n        // expect(await getCR(user1.address)).to.be.gt(1.4);",
                  "err": {},
                  "uuid": "521910d6-d5a4-4938-beec-f2b4c4e6d9f1",
                  "parentUUID": "5c6aa273-3b18-4939-a749-470850ae4041",
                  "isHook": false,
                  "skipped": false
                },
                {
                  "title": "calculates correct MLV with multiple cdps",
                  "fullTitle": "Minter - Liquidations #maxLiquidatableValue calculates correct MLV with multiple cdps",
                  "timedOut": false,
                  "duration": 3006,
                  "state": "passed",
                  "speed": "medium",
                  "pass": true,
                  "fail": false,
                  "pending": false,
                  "context": null,
                  "code": "await (0, _collaterals.depositMockCollateral)({\n    user: user1,\n    amount: (0, _lib.toBig)(0.1, 8),\n    asset: f.Collateral8Dec\n});\nf.Collateral.setPrice(7.5);\n(0, _chai.expect)(await hre.Diamond.getAccountLiquidatable(user1.address)).to.be.true;\nconst [expectedMaxLiq, maxLiq, expectedMaxLiq8Dec, maxLiq8Dec] = await Promise.all([\n    (0, _liquidations.getExpectedMaxLiq)(user1, f.KrAsset, f.Collateral),\n    hre.Diamond.getMaxLiquidation(user1.address, f.KrAsset.address, f.Collateral.address),\n    (0, _liquidations.getExpectedMaxLiq)(user1, f.KrAsset, f.Collateral8Dec),\n    hre.Diamond.getMaxLiquidation(user1.address, f.KrAsset.address, f.Collateral8Dec.address)\n]);\n(0, _chai.expect)(expectedMaxLiq.gt(0)).to.be.true;\n(0, _chai.expect)(expectedMaxLiq8Dec.gt(0)).to.be.true;\n(0, _chai.expect)(expectedMaxLiq).to.be.closeTo(maxLiq, USD_DELTA);\n(0, _chai.expect)(expectedMaxLiq8Dec).to.be.closeTo(maxLiq8Dec, USD_DELTA);\n(0, _chai.expect)(expectedMaxLiq8Dec).lt(expectedMaxLiq);",
                  "err": {},
                  "uuid": "e1a7f56f-943c-4bb8-8be8-32afc12062e6",
                  "parentUUID": "5c6aa273-3b18-4939-a749-470850ae4041",
                  "isHook": false,
                  "skipped": false
                }
              ],
              "suites": [],
              "passes": [
                "28dc5205-fc89-4ac8-9fe1-0348c3fd6826",
                "521910d6-d5a4-4938-beec-f2b4c4e6d9f1",
                "e1a7f56f-943c-4bb8-8be8-32afc12062e6"
              ],
              "failures": [],
              "pending": [],
              "skipped": [],
              "duration": 6572,
              "root": false,
              "rootEmpty": false,
              "_timeout": 60000
            },
            {
              "uuid": "a6ea818c-8b82-4bd8-a1dd-579d6c592527",
              "title": "#liquidation",
              "fullFile": "/Users/panukettunen/Projects/kresko-protocol/src/test/minter/03-liquidation.ts",
              "file": "/src/test/minter/03-liquidation.ts",
              "beforeHooks": [],
              "afterHooks": [],
              "tests": [],
              "suites": [
                {
                  "uuid": "9c34ceec-d500-4bed-8eff-c60600ff7f4f",
                  "title": "#liquidate",
                  "fullFile": "/Users/panukettunen/Projects/kresko-protocol/src/test/minter/03-liquidation.ts",
                  "file": "/src/test/minter/03-liquidation.ts",
                  "beforeHooks": [
                    {
                      "title": "\"before each\" hook in \"#liquidate\"",
                      "fullTitle": "Minter - Liquidations #liquidation #liquidate \"before each\" hook in \"#liquidate\"",
                      "timedOut": false,
                      "duration": 0,
                      "state": null,
                      "speed": null,
                      "pass": false,
                      "fail": false,
                      "pending": false,
                      "context": null,
                      "code": "f.Collateral.setPrice(7.5);",
                      "err": {},
                      "uuid": "111550e5-57a6-4bfe-85f4-786875fa89f9",
                      "parentUUID": "9c34ceec-d500-4bed-8eff-c60600ff7f4f",
                      "isHook": true,
                      "skipped": false
                    }
                  ],
                  "afterHooks": [],
                  "tests": [
                    {
                      "title": "should allow unhealthy accounts to be liquidated",
                      "fullTitle": "Minter - Liquidations #liquidation #liquidate should allow unhealthy accounts to be liquidated",
                      "timedOut": false,
                      "duration": 785,
                      "state": "passed",
                      "speed": "fast",
                      "pass": true,
                      "fail": false,
                      "pending": false,
                      "context": null,
                      "code": "// Fetch pre-liquidation state for users and contracts\nconst beforeUserOneCollateralAmount = await _optimizations.default.getAccountCollateralAmount(user1.address, f.Collateral);\nconst userOneDebtBefore = await _optimizations.default.getAccountDebtAmount(user1.address, f.KrAsset);\nconst liquidatorBalanceBefore = await f.Collateral.balanceOf(liquidator.address);\nconst liquidatorBalanceKrBefore = await f.KrAsset.balanceOf(liquidator.address);\nconst kreskoBalanceBefore = await f.Collateral.balanceOf(hre.Diamond.address);\n// Liquidate userOne\nconst maxRepayAmount = f.userOneMaxLiqPrecalc.wadDiv((0, _lib.toBig)(11, 8));\nawait Liquidator.liquidate(user1.address, f.KrAsset.address, maxRepayAmount, f.Collateral.address, _optimizations.default.getAccountMintIndex(user1.address, f.KrAsset.address), _optimizations.default.getAccountDepositIndex(user1.address, f.Collateral.address), false);\n// Confirm that the liquidated user's debt amount has decreased by the repaid amount\nconst userOneDebtAfterLiquidation = await _optimizations.default.getAccountDebtAmount(user1.address, f.KrAsset);\n(0, _chai.expect)(userOneDebtAfterLiquidation.eq(userOneDebtBefore.sub(maxRepayAmount)));\n// Confirm that some of the liquidated user's collateral has been seized\nconst userOneCollateralAfterLiquidation = await _optimizations.default.getAccountCollateralAmount(user1.address, f.Collateral);\n(0, _chai.expect)(userOneCollateralAfterLiquidation.lt(beforeUserOneCollateralAmount));\n// Confirm that userTwo's kresko asset balance has decreased by the repaid amount\n(0, _chai.expect)(await f.KrAsset.balanceOf(liquidator.address)).eq(liquidatorBalanceKrBefore.sub(maxRepayAmount));\n// Confirm that userTwo has received some collateral from the contract\n(0, _chai.expect)(await f.Collateral.balanceOf(liquidator.address)).gt(liquidatorBalanceBefore);\n// Confirm that Kresko contract's collateral balance has decreased.\n(0, _chai.expect)(await f.Collateral.balanceOf(hre.Diamond.address)).lt(kreskoBalanceBefore);",
                      "err": {},
                      "uuid": "d600e3bb-c740-4720-88e0-12697a9d843e",
                      "parentUUID": "9c34ceec-d500-4bed-8eff-c60600ff7f4f",
                      "isHook": false,
                      "skipped": false
                    },
                    {
                      "title": "should liquidate up to MLR with a single CDP",
                      "fullTitle": "Minter - Liquidations #liquidation #liquidate should liquidate up to MLR with a single CDP",
                      "timedOut": false,
                      "duration": 1637,
                      "state": "passed",
                      "speed": "fast",
                      "pass": true,
                      "fail": false,
                      "pending": false,
                      "context": null,
                      "code": "const repayAmount = f.userOneMaxLiqPrecalc.wadDiv((0, _lib.toBig)(11, 8));\nawait Liquidator.liquidate(user1.address, f.KrAsset.address, repayAmount, f.Collateral.address, _optimizations.default.getAccountMintIndex(user1.address, f.KrAsset.address), _optimizations.default.getAccountDepositIndex(user1.address, f.Collateral.address), false);\n(0, _chai.expect)(await (0, _liquidations.getCR)(user1.address, true)).to.be.closeTo(await _optimizations.default.getMaxLiquidationRatio(), (0, _lib.toBig)(CR_DELTA));\n(0, _chai.expect)(await hre.Diamond.getAccountLiquidatable(user1.address)).to.be.false;",
                      "err": {},
                      "uuid": "270542b5-1ea4-46d6-bba5-a1df090e3408",
                      "parentUUID": "9c34ceec-d500-4bed-8eff-c60600ff7f4f",
                      "isHook": false,
                      "skipped": false
                    },
                    {
                      "title": "should liquidate up to MLR with multiple CDPs",
                      "fullTitle": "Minter - Liquidations #liquidation #liquidate should liquidate up to MLR with multiple CDPs",
                      "timedOut": false,
                      "duration": 2820,
                      "state": "passed",
                      "speed": "medium",
                      "pass": true,
                      "fail": false,
                      "pending": false,
                      "context": null,
                      "code": "await (0, _collaterals.depositMockCollateral)({\n    user: user1,\n    amount: (0, _lib.toBig)(10, 8),\n    asset: f.Collateral8Dec\n});\nf.Collateral.setPrice(5);\nf.Collateral8Dec.setPrice(6);\nawait hre.Diamond.updateCollateralFactor(f.Collateral.address, (0, _lib.toBig)(0.975));\nawait hre.Diamond.updateKFactor(f.KrAsset.address, (0, _lib.toBig)(1.05));\nawait (0, _liquidations.liquidate)(user1, f.KrAsset, f.Collateral8Dec);\nconst [crAfter, isLiquidatableAfter] = await Promise.all([\n    (0, _liquidations.getCR)(user1.address, true),\n    hre.Diamond.getAccountLiquidatable(user1.address)\n]);\n(0, _chai.expect)(isLiquidatableAfter).to.be.false;\n(0, _chai.expect)(crAfter).to.be.closeTo(await _optimizations.default.getMaxLiquidationRatio(), (0, _lib.toBig)(CR_DELTA));",
                      "err": {},
                      "uuid": "20d6bb7c-2bf8-49b7-ab28-896162ba697b",
                      "parentUUID": "9c34ceec-d500-4bed-8eff-c60600ff7f4f",
                      "isHook": false,
                      "skipped": false
                    },
                    {
                      "title": "should emit LiquidationOccurred event",
                      "fullTitle": "Minter - Liquidations #liquidation #liquidate should emit LiquidationOccurred event",
                      "timedOut": false,
                      "duration": 719,
                      "state": "passed",
                      "speed": "fast",
                      "pass": true,
                      "fail": false,
                      "pending": false,
                      "context": null,
                      "code": "const repayAmount = f.userOneMaxLiqPrecalc.wadDiv((0, _lib.toBig)(11));\nconst tx = await Liquidator.liquidate(user1.address, f.KrAsset.address, repayAmount, f.Collateral.address, _optimizations.default.getAccountMintIndex(user1.address, f.KrAsset.address), _optimizations.default.getAccountDepositIndex(user1.address, f.Collateral.address), false);\nconst event = await (0, _lib.getNamedEvent)(tx, \"LiquidationOccurred\");\n(0, _chai.expect)(event.args.account).to.equal(user1.address);\n(0, _chai.expect)(event.args.liquidator).to.equal(liquidator.address);\n(0, _chai.expect)(event.args.repayKreskoAsset).to.equal(f.KrAsset.address);\n(0, _chai.expect)(event.args.repayAmount).to.equal(repayAmount);\n(0, _chai.expect)(event.args.seizedCollateralAsset).to.equal(f.Collateral.address);",
                      "err": {},
                      "uuid": "b2b17633-eac0-4b51-b0ab-b2d31b845b93",
                      "parentUUID": "9c34ceec-d500-4bed-8eff-c60600ff7f4f",
                      "isHook": false,
                      "skipped": false
                    },
                    {
                      "title": "should not allow liquidations of healthy accounts",
                      "fullTitle": "Minter - Liquidations #liquidation #liquidate should not allow liquidations of healthy accounts",
                      "timedOut": false,
                      "duration": 479,
                      "state": "passed",
                      "speed": "fast",
                      "pass": true,
                      "fail": false,
                      "pending": false,
                      "context": null,
                      "code": "f.Collateral.setPrice(10);\nconst repayAmount = 10;\nconst mintedKreskoAssetIndex = 0;\nconst depositedCollateralAssetIndex = 0;\nawait (0, _chai.expect)(Liquidator.liquidate(user1.address, f.KrAsset.address, repayAmount, f.Collateral.address, mintedKreskoAssetIndex, depositedCollateralAssetIndex, false)).to.be.revertedWith(_errors.Error.NOT_LIQUIDATABLE);",
                      "err": {},
                      "uuid": "770df317-c254-48db-93be-8b877b5dd98b",
                      "parentUUID": "9c34ceec-d500-4bed-8eff-c60600ff7f4f",
                      "isHook": false,
                      "skipped": false
                    },
                    {
                      "title": "should not allow liquidations if repayment amount is 0",
                      "fullTitle": "Minter - Liquidations #liquidation #liquidate should not allow liquidations if repayment amount is 0",
                      "timedOut": false,
                      "duration": 104,
                      "state": "passed",
                      "speed": "fast",
                      "pass": true,
                      "fail": false,
                      "pending": false,
                      "context": null,
                      "code": "// Liquidation should fail\nconst repayAmount = 0;\nawait (0, _chai.expect)(LiquidatorTwo.liquidate(user1.address, f.KrAsset.address, repayAmount, f.Collateral.address, 0, 0, false)).to.be.revertedWith(_errors.Error.ZERO_REPAY);",
                      "err": {},
                      "uuid": "71c27d58-cec4-4c61-825c-0e73b4d64b80",
                      "parentUUID": "9c34ceec-d500-4bed-8eff-c60600ff7f4f",
                      "isHook": false,
                      "skipped": false
                    },
                    {
                      "title": "should not allow liquidations with krAsset amount greater than krAsset debt of user",
                      "fullTitle": "Minter - Liquidations #liquidation #liquidate should not allow liquidations with krAsset amount greater than krAsset debt of user",
                      "timedOut": false,
                      "duration": 371,
                      "state": "passed",
                      "speed": "fast",
                      "pass": true,
                      "fail": false,
                      "pending": false,
                      "context": null,
                      "code": "// Get user's debt for this kresko asset\nconst krAssetDebtUserOne = await _optimizations.default.getAccountDebtAmount(user1.address, f.KrAsset);\n// Ensure we are repaying more than debt\nconst repayAmount = krAssetDebtUserOne.add((0, _lib.toBig)(1));\n// Liquidation should fail\nawait (0, _chai.expect)(LiquidatorTwo.liquidate(user1.address, f.KrAsset.address, repayAmount, f.Collateral.address, 0, 0, false)).to.be.revertedWith(_errors.Error.KRASSET_BURN_AMOUNT_OVERFLOW);",
                      "err": {},
                      "uuid": "44feeaee-548c-419e-b201-d92809328117",
                      "parentUUID": "9c34ceec-d500-4bed-8eff-c60600ff7f4f",
                      "isHook": false,
                      "skipped": false
                    },
                    {
                      "title": "should not allow liquidations with USD value greater than the USD value required for regaining healthy position",
                      "fullTitle": "Minter - Liquidations #liquidation #liquidate should not allow liquidations with USD value greater than the USD value required for regaining healthy position",
                      "timedOut": false,
                      "duration": 1688,
                      "state": "passed",
                      "speed": "fast",
                      "pass": true,
                      "fail": false,
                      "pending": false,
                      "context": null,
                      "code": "await (0, _collaterals.depositMockCollateral)({\n    user: user1,\n    amount: (0, _lib.toBig)(2, 8),\n    asset: f.Collateral8Dec\n});\nconst allowedRepaymentValue = await hre.Diamond.getMaxLiquidation(user1.address, f.KrAsset.address, f.Collateral.address);\nconst allowedRepaymentAmount = allowedRepaymentValue.wadDiv((0, _lib.toBig)(11, 8));\nconst overflowRepayment = allowedRepaymentAmount.add((0, _lib.toBig)(1));\nconst tx = await Liquidator.liquidate(user1.address, f.KrAsset.address, overflowRepayment, f.Collateral.address, 0, 0, false);\nconst event = await (0, _lib.getNamedEvent)(tx, \"LiquidationOccurred\");\nconst assetInfo = await f.Collateral.kresko();\nconst expectedSeizedCollateralAmount = allowedRepaymentValue.wadMul(_ethers.BigNumber.from(assetInfo.liquidationIncentive)).wadDiv(await f.Collateral.getPrice());\n(0, _chai.expect)(event.args.account).to.equal(user1.address);\n(0, _chai.expect)(event.args.liquidator).to.equal(liquidator.address);\n(0, _chai.expect)(event.args.repayKreskoAsset).to.equal(f.KrAsset.address);\n(0, _chai.expect)(event.args.seizedCollateralAsset).to.equal(f.Collateral.address);\n(0, _chai.expect)(event.args.repayAmount).to.not.equal(overflowRepayment);\n(0, _chai.expect)(event.args.repayAmount).to.equal(allowedRepaymentAmount);\n(0, _chai.expect)(event.args.collateralSent).to.be.equal(expectedSeizedCollateralAmount);",
                      "err": {},
                      "uuid": "9c2e7347-cde5-4970-881d-0d6ddf9b1178",
                      "parentUUID": "9c34ceec-d500-4bed-8eff-c60600ff7f4f",
                      "isHook": false,
                      "skipped": false
                    },
                    {
                      "title": "should not allow liquidations when account is under MCR but not under liquidation threshold",
                      "fullTitle": "Minter - Liquidations #liquidation #liquidate should not allow liquidations when account is under MCR but not under liquidation threshold",
                      "timedOut": false,
                      "duration": 1286,
                      "state": "passed",
                      "speed": "fast",
                      "pass": true,
                      "fail": false,
                      "pending": false,
                      "context": null,
                      "code": "f.Collateral.setPrice(f.Collateral.deployArgs.price);\n(0, _chai.expect)(await hre.Diamond.getAccountLiquidatable(user1.address)).to.be.false;\nconst minCollateralUSD = await hre.Diamond.getAccountMinCollateralAtRatio(user1.address, _optimizations.default.getMinCollateralRatio());\nconst liquidationThresholdUSD = await hre.Diamond.getAccountMinCollateralAtRatio(user1.address, _optimizations.default.getLiquidationThreshold());\nf.Collateral.setPrice(9.9);\nconst accountCollateralValue = await hre.Diamond.getAccountCollateralValue(user1.address);\n(0, _chai.expect)(accountCollateralValue.lt(minCollateralUSD)).to.be.true;\n(0, _chai.expect)(accountCollateralValue.gt(liquidationThresholdUSD)).to.be.true;\n(0, _chai.expect)(await hre.Diamond.getAccountLiquidatable(user1.address)).to.be.false;",
                      "err": {},
                      "uuid": "5db71875-5266-46ca-ae8d-9ab485d40487",
                      "parentUUID": "9c34ceec-d500-4bed-8eff-c60600ff7f4f",
                      "isHook": false,
                      "skipped": false
                    },
                    {
                      "title": "should allow liquidations without liquidator token approval for Kresko Assets",
                      "fullTitle": "Minter - Liquidations #liquidation #liquidate should allow liquidations without liquidator token approval for Kresko Assets",
                      "timedOut": false,
                      "duration": 865,
                      "state": "passed",
                      "speed": "fast",
                      "pass": true,
                      "fail": false,
                      "pending": false,
                      "context": null,
                      "code": "// Check that liquidator's token approval to Kresko.sol contract is 0\n(0, _chai.expect)(await f.KrAsset.contract.allowance(liquidatorTwo.address, hre.Diamond.address)).to.equal(0);\nconst repayAmount = (0, _lib.toBig)(0.5);\nawait f.KrAsset.setBalance(liquidatorTwo, repayAmount);\nawait LiquidatorTwo.liquidate(user1.address, f.KrAsset.address, repayAmount, f.Collateral.address, 0, 0, false);\n// Confirm that liquidator's token approval is still 0\n(0, _chai.expect)(await f.KrAsset.contract.allowance(user2.address, hre.Diamond.address)).to.equal(0);",
                      "err": {},
                      "uuid": "8cb46fdb-6896-4c44-8ffb-8a8868999a31",
                      "parentUUID": "9c34ceec-d500-4bed-8eff-c60600ff7f4f",
                      "isHook": false,
                      "skipped": false
                    },
                    {
                      "title": "should not change liquidator's existing token approvals during a successful liquidation",
                      "fullTitle": "Minter - Liquidations #liquidation #liquidate should not change liquidator's existing token approvals during a successful liquidation",
                      "timedOut": false,
                      "duration": 1043,
                      "state": "passed",
                      "speed": "fast",
                      "pass": true,
                      "fail": false,
                      "pending": false,
                      "context": null,
                      "code": "const repayAmount = (0, _lib.toBig)(0.5);\nawait f.KrAsset.setBalance(liquidatorTwo, repayAmount);\nawait f.KrAsset.contract.setVariable(\"_allowances\", {\n    [liquidatorTwo.address]: {\n        [hre.Diamond.address]: repayAmount\n    }\n});\nawait (0, _chai.expect)(LiquidatorTwo.liquidate(user1.address, f.KrAsset.address, repayAmount, f.Collateral.address, 0, 0, false)).not.to.be.reverted;\n// Confirm that liquidator's token approval is unchanged\n(0, _chai.expect)(await f.KrAsset.contract.allowance(liquidatorTwo.address, hre.Diamond.address)).to.equal(repayAmount);",
                      "err": {},
                      "uuid": "9f80a76b-5eab-4097-9258-34dee08282ca",
                      "parentUUID": "9c34ceec-d500-4bed-8eff-c60600ff7f4f",
                      "isHook": false,
                      "skipped": false
                    },
                    {
                      "title": "should not allow borrowers to liquidate themselves",
                      "fullTitle": "Minter - Liquidations #liquidation #liquidate should not allow borrowers to liquidate themselves",
                      "timedOut": false,
                      "duration": 103,
                      "state": "passed",
                      "speed": "fast",
                      "pass": true,
                      "fail": false,
                      "pending": false,
                      "context": null,
                      "code": "// Liquidation should fail\nconst repayAmount = 5;\nawait (0, _chai.expect)(User.liquidate(user1.address, f.KrAsset.address, repayAmount, f.Collateral.address, 0, 0, false)).to.be.revertedWith(_errors.Error.SELF_LIQUIDATION);",
                      "err": {},
                      "uuid": "3f6dafa6-8613-49c9-9067-b96ea4876587",
                      "parentUUID": "9c34ceec-d500-4bed-8eff-c60600ff7f4f",
                      "isHook": false,
                      "skipped": false
                    },
                    {
                      "title": "should not allow seized amount to underflow without liquidators permission",
                      "fullTitle": "Minter - Liquidations #liquidation #liquidate should not allow seized amount to underflow without liquidators permission",
                      "timedOut": false,
                      "duration": 1162,
                      "state": "passed",
                      "speed": "fast",
                      "pass": true,
                      "fail": false,
                      "pending": false,
                      "context": null,
                      "code": "f.Collateral.setPrice(6);\nconst liqAmount = await (0, _liquidations.getLiqAmount)(user1, f.KrAsset, f.Collateral);\nconst allowSeizeUnderflow = false;\nawait (0, _chai.expect)(Liquidator.liquidate(user1.address, f.KrAsset.address, liqAmount, f.Collateral.address, 0, 0, allowSeizeUnderflow)).to.be.revertedWith(_errors.Error.SEIZED_COLLATERAL_UNDERFLOW);",
                      "err": {},
                      "uuid": "4d7a7949-4ab8-4ed2-8d2e-3c0121b4b80c",
                      "parentUUID": "9c34ceec-d500-4bed-8eff-c60600ff7f4f",
                      "isHook": false,
                      "skipped": false
                    },
                    {
                      "title": "should allow seized amount to underflow with liquidators permission",
                      "fullTitle": "Minter - Liquidations #liquidation #liquidate should allow seized amount to underflow with liquidators permission",
                      "timedOut": false,
                      "duration": 1768,
                      "state": "passed",
                      "speed": "fast",
                      "pass": true,
                      "fail": false,
                      "pending": false,
                      "context": null,
                      "code": "f.Collateral.setPrice(6);\nconst liqAmount = await (0, _liquidations.getLiqAmount)(user1, f.KrAsset, f.Collateral);\nconst allowSeizeUnderflow = true;\nawait (0, _chai.expect)(Liquidator.liquidate(user1.address, f.KrAsset.address, liqAmount, f.Collateral.address, hre.Diamond.getAccountMintIndex(user1.address, f.KrAsset.address), hre.Diamond.getAccountDepositIndex(user1.address, f.Collateral.address), allowSeizeUnderflow)).to.not.be.reverted;",
                      "err": {},
                      "uuid": "99518645-c51c-48f5-bead-01e10cb2d47a",
                      "parentUUID": "9c34ceec-d500-4bed-8eff-c60600ff7f4f",
                      "isHook": false,
                      "skipped": false
                    }
                  ],
                  "suites": [],
                  "passes": [
                    "d600e3bb-c740-4720-88e0-12697a9d843e",
                    "270542b5-1ea4-46d6-bba5-a1df090e3408",
                    "20d6bb7c-2bf8-49b7-ab28-896162ba697b",
                    "b2b17633-eac0-4b51-b0ab-b2d31b845b93",
                    "770df317-c254-48db-93be-8b877b5dd98b",
                    "71c27d58-cec4-4c61-825c-0e73b4d64b80",
                    "44feeaee-548c-419e-b201-d92809328117",
                    "9c2e7347-cde5-4970-881d-0d6ddf9b1178",
                    "5db71875-5266-46ca-ae8d-9ab485d40487",
                    "8cb46fdb-6896-4c44-8ffb-8a8868999a31",
                    "9f80a76b-5eab-4097-9258-34dee08282ca",
                    "3f6dafa6-8613-49c9-9067-b96ea4876587",
                    "4d7a7949-4ab8-4ed2-8d2e-3c0121b4b80c",
                    "99518645-c51c-48f5-bead-01e10cb2d47a"
                  ],
                  "failures": [],
                  "pending": [],
                  "skipped": [],
                  "duration": 14830,
                  "root": false,
                  "rootEmpty": false,
                  "_timeout": 60000
                },
                {
                  "uuid": "415f1379-3195-4a1d-8f43-c983992bcde7",
                  "title": "#liquidate - rebasing events",
                  "fullFile": "/Users/panukettunen/Projects/kresko-protocol/src/test/minter/03-liquidation.ts",
                  "file": "/src/test/minter/03-liquidation.ts",
                  "beforeHooks": [
                    {
                      "title": "\"before each\" hook in \"#liquidate - rebasing events\"",
                      "fullTitle": "Minter - Liquidations #liquidation #liquidate - rebasing events \"before each\" hook in \"#liquidate - rebasing events\"",
                      "timedOut": false,
                      "duration": 0,
                      "state": null,
                      "speed": null,
                      "pass": false,
                      "fail": false,
                      "pending": false,
                      "context": null,
                      "code": "await f.resetRebasing();",
                      "err": {},
                      "uuid": "8fe9fc90-bb1e-40a5-9ae7-fe13d5fdd1cd",
                      "parentUUID": "415f1379-3195-4a1d-8f43-c983992bcde7",
                      "isHook": true,
                      "skipped": false
                    }
                  ],
                  "afterHooks": [],
                  "tests": [
                    {
                      "title": "should setup correct",
                      "fullTitle": "Minter - Liquidations #liquidation #liquidate - rebasing events should setup correct",
                      "timedOut": false,
                      "duration": 1230,
                      "state": "passed",
                      "speed": "fast",
                      "pass": true,
                      "fail": false,
                      "pending": false,
                      "context": null,
                      "code": "const [mcr, cr, cr2, liquidatable] = await Promise.all([\n    _optimizations.default.getMinCollateralRatio(),\n    (0, _liquidations.getCR)(user3.address),\n    (0, _liquidations.getCR)(user4.address),\n    hre.Diamond.getAccountLiquidatable(user3.address)\n]);\nconst mcrDecimal = (0, _lib.fromBig)(mcr, 18);\n(0, _chai.expect)(cr).to.closeTo(mcrDecimal, 0.001);\n(0, _chai.expect)(cr2).to.closeTo(mcrDecimal, 0.001);\n(0, _chai.expect)(liquidatable).to.be.false;",
                      "err": {},
                      "uuid": "225d2f53-bc35-40de-91d3-09fcd32212e0",
                      "parentUUID": "415f1379-3195-4a1d-8f43-c983992bcde7",
                      "isHook": false,
                      "skipped": false
                    },
                    {
                      "title": "should not allow liquidation of healthy accounts after a positive rebase",
                      "fullTitle": "Minter - Liquidations #liquidation #liquidate - rebasing events should not allow liquidation of healthy accounts after a positive rebase",
                      "timedOut": false,
                      "duration": 291,
                      "state": "passed",
                      "speed": "fast",
                      "pass": true,
                      "fail": false,
                      "pending": false,
                      "context": null,
                      "code": "// Rebase params\nconst denominator = 4;\nconst positive = true;\nconst rebasePrice = 1 / denominator;\nf.KrAsset.setPrice(rebasePrice);\nawait f.KrAsset.contract.rebase((0, _lib.toBig)(denominator), positive, []);\nawait (0, _chai.expect)(Liquidator.liquidate(user4.address, f.KrAsset.address, 100, f.Collateral.address, _optimizations.default.getAccountMintIndex(user4.address, f.KrAsset.address), _optimizations.default.getAccountDepositIndex(user4.address, f.Collateral.address), false)).to.be.revertedWith(_errors.Error.NOT_LIQUIDATABLE);",
                      "err": {},
                      "uuid": "62a6994d-a21d-4f75-a8f9-74dfb9b49b9a",
                      "parentUUID": "415f1379-3195-4a1d-8f43-c983992bcde7",
                      "isHook": false,
                      "skipped": false
                    },
                    {
                      "title": "should not allow liquidation of healthy accounts after a negative rebase",
                      "fullTitle": "Minter - Liquidations #liquidation #liquidate - rebasing events should not allow liquidation of healthy accounts after a negative rebase",
                      "timedOut": false,
                      "duration": 292,
                      "state": "passed",
                      "speed": "fast",
                      "pass": true,
                      "fail": false,
                      "pending": false,
                      "context": null,
                      "code": "const denominator = 4;\nconst positive = false;\nconst rebasePrice = 1 * denominator;\nf.KrAsset.setPrice(rebasePrice);\nawait f.KrAsset.contract.rebase((0, _lib.toBig)(denominator), positive, []);\nawait (0, _chai.expect)(Liquidator.liquidate(user4.address, f.KrAsset.address, 100, f.Collateral.address, _optimizations.default.getAccountMintIndex(user4.address, f.KrAsset.address), _optimizations.default.getAccountDepositIndex(user4.address, f.Collateral.address), false)).to.be.revertedWith(_errors.Error.NOT_LIQUIDATABLE);",
                      "err": {},
                      "uuid": "6c2d9d20-c4de-49f5-9785-81ad41387695",
                      "parentUUID": "415f1379-3195-4a1d-8f43-c983992bcde7",
                      "isHook": false,
                      "skipped": false
                    },
                    {
                      "title": "should allow liquidations of unhealthy accounts after a positive rebase",
                      "fullTitle": "Minter - Liquidations #liquidation #liquidate - rebasing events should allow liquidations of unhealthy accounts after a positive rebase",
                      "timedOut": false,
                      "duration": 3097,
                      "state": "passed",
                      "speed": "medium",
                      "pass": true,
                      "fail": false,
                      "pending": false,
                      "context": null,
                      "code": "const denominator = 4;\nconst positive = true;\nconst rebasePrice = 1 / denominator;\nf.KrAsset.setPrice(rebasePrice);\nawait f.KrAsset.contract.rebase((0, _lib.toBig)(denominator), positive, []);\n(0, _chai.expect)(await hre.Diamond.getAccountLiquidatable(user4.address)).to.be.false;\nf.Collateral.setPrice(7.5);\n(0, _chai.expect)(await hre.Diamond.getAccountLiquidatable(user4.address)).to.be.true;\nawait (0, _liquidations.liquidate)(user4, f.KrAsset, f.Collateral, true);\nawait (0, _chai.expect)((0, _liquidations.liquidate)(user4, f.KrAsset, f.Collateral, true)).to.not.be.reverted;",
                      "err": {},
                      "uuid": "ff2a19dd-0132-4a4a-a1ff-c91652dfc2d1",
                      "parentUUID": "415f1379-3195-4a1d-8f43-c983992bcde7",
                      "isHook": false,
                      "skipped": false
                    },
                    {
                      "title": "should allow liquidations of unhealthy accounts after a negative rebase",
                      "fullTitle": "Minter - Liquidations #liquidation #liquidate - rebasing events should allow liquidations of unhealthy accounts after a negative rebase",
                      "timedOut": false,
                      "duration": 2439,
                      "state": "passed",
                      "speed": "medium",
                      "pass": true,
                      "fail": false,
                      "pending": false,
                      "context": null,
                      "code": "const denominator = 4;\nconst positive = false;\nconst rebasePrice = 1 * denominator;\nf.KrAsset.setPrice(rebasePrice);\nawait f.KrAsset.contract.rebase((0, _lib.toBig)(denominator), positive, []);\n(0, _chai.expect)(await hre.Diamond.getAccountLiquidatable(user4.address)).to.be.false;\nf.KrAsset.setPrice(rebasePrice + 1);\n(0, _chai.expect)(await hre.Diamond.getAccountLiquidatable(user4.address)).to.be.true;\nawait (0, _chai.expect)((0, _liquidations.liquidate)(user4, f.KrAsset, f.Collateral, true)).to.not.be.reverted;",
                      "err": {},
                      "uuid": "9ea03ee7-26ae-49b7-bafb-138855a98d5a",
                      "parentUUID": "415f1379-3195-4a1d-8f43-c983992bcde7",
                      "isHook": false,
                      "skipped": false
                    },
                    {
                      "title": "should liquidate krAsset collaterals up to min amount",
                      "fullTitle": "Minter - Liquidations #liquidation #liquidate - rebasing events should liquidate krAsset collaterals up to min amount",
                      "timedOut": false,
                      "duration": 1211,
                      "state": "passed",
                      "speed": "fast",
                      "pass": true,
                      "fail": false,
                      "pending": false,
                      "context": null,
                      "code": "f.KrAssetCollateral.setPrice(100);\nconst MAGIC_NUMBER = _ethers.BigNumber.from(\"1869158877653366666667\"); // repay amount to bring user3 debt under 1e12\nawait f.KrAssetCollateral.setBalance(hre.users.liquidator, MAGIC_NUMBER, hre.Diamond.address);\nawait Liquidator.liquidate(user3.address, f.KrAssetCollateral.address, MAGIC_NUMBER, f.KrAssetCollateral.address, _optimizations.default.getAccountMintIndex(user3.address, f.KrAssetCollateral.address), _optimizations.default.getAccountDepositIndex(user3.address, f.KrAssetCollateral.address), false);\nconst depositsAfter = await hre.Diamond.getAccountCollateralAmount(user3.address, f.KrAssetCollateral.address);\n(0, _chai.expect)(depositsAfter).to.equal(1e12.toString());",
                      "err": {},
                      "uuid": "ec446f5a-1d64-47dd-96c6-4b3bdd29adb6",
                      "parentUUID": "415f1379-3195-4a1d-8f43-c983992bcde7",
                      "isHook": false,
                      "skipped": false
                    },
                    {
                      "title": "should liquidate correct amount of krAssets after a positive rebase",
                      "fullTitle": "Minter - Liquidations #liquidation #liquidate - rebasing events should liquidate correct amount of krAssets after a positive rebase",
                      "timedOut": false,
                      "duration": 5717,
                      "state": "passed",
                      "speed": "slow",
                      "pass": true,
                      "fail": false,
                      "pending": false,
                      "context": null,
                      "code": "const newPrice = 1.2;\nf.KrAsset.setPrice(newPrice);\nconst results = {\n    collateralSeized: 0,\n    debtRepaid: 0,\n    userOneValueAfter: 0,\n    userOneHFAfter: 0,\n    collateralSeizedRebase: 0,\n    debtRepaidRebase: 0,\n    userTwoValueAfter: 0,\n    userTwoHFAfter: 0\n};\n// Get values for a liquidation that happens before rebase\nwhile(await hre.Diamond.getAccountLiquidatable(user4.address)){\n    const values = await (0, _liquidations.liquidate)(user4, f.KrAsset, f.Collateral);\n    results.collateralSeized += values.collateralSeized;\n    results.debtRepaid += values.debtRepaid;\n}\nresults.userOneValueAfter = (0, _lib.fromBig)(await hre.Diamond.getAccountCollateralValue(user4.address), 8);\nresults.userOneHFAfter = await (0, _liquidations.getCR)(user4.address);\n// Rebase params\nconst denominator = 4;\nconst positive = true;\nconst rebasePrice = newPrice / denominator;\n// Rebase\nf.KrAsset.setPrice(rebasePrice);\nawait f.KrAsset.contract.rebase((0, _lib.toBig)(denominator), positive, []);\n(0, _chai.expect)(await hre.Diamond.getAccountLiquidatable(user5.address)).to.be.true;\n// Get values for a liquidation that happens after a rebase\nwhile(await hre.Diamond.getAccountLiquidatable(user5.address)){\n    const values = await (0, _liquidations.liquidate)(user5, f.KrAsset, f.Collateral);\n    results.collateralSeizedRebase += values.collateralSeized;\n    results.debtRepaidRebase += values.debtRepaid;\n}\nresults.userTwoValueAfter = (0, _lib.fromBig)(await hre.Diamond.getAccountCollateralValue(user5.address), 8);\nresults.userTwoHFAfter = await (0, _liquidations.getCR)(user5.address);\n(0, _chai.expect)(results.userTwoHFAfter).to.equal(results.userOneHFAfter);\n(0, _chai.expect)(results.collateralSeized).to.equal(results.collateralSeizedRebase);\n(0, _chai.expect)(results.debtRepaid * denominator).to.equal(results.debtRepaidRebase);\n(0, _chai.expect)(results.userOneValueAfter).to.equal(results.userTwoValueAfter);",
                      "err": {},
                      "uuid": "4ad740a6-3b30-40ae-852a-3783409d2fb7",
                      "parentUUID": "415f1379-3195-4a1d-8f43-c983992bcde7",
                      "isHook": false,
                      "skipped": false
                    },
                    {
                      "title": "should liquidate correct amount of assets after a negative rebase",
                      "fullTitle": "Minter - Liquidations #liquidation #liquidate - rebasing events should liquidate correct amount of assets after a negative rebase",
                      "timedOut": false,
                      "duration": 5857,
                      "state": "passed",
                      "speed": "slow",
                      "pass": true,
                      "fail": false,
                      "pending": false,
                      "context": null,
                      "code": "const newPrice = 1.2;\nf.KrAsset.setPrice(newPrice);\nconst results = {\n    collateralSeized: 0,\n    debtRepaid: 0,\n    userOneValueAfter: 0,\n    userOneHFAfter: 0,\n    collateralSeizedRebase: 0,\n    debtRepaidRebase: 0,\n    userTwoValueAfter: 0,\n    userTwoHFAfter: 0\n};\n// Get values for a liquidation that happens before rebase\nwhile(await hre.Diamond.getAccountLiquidatable(user4.address)){\n    const values = await (0, _liquidations.liquidate)(user4, f.KrAsset, f.Collateral);\n    results.collateralSeized += values.collateralSeized;\n    results.debtRepaid += values.debtRepaid;\n}\nresults.userOneValueAfter = (0, _lib.fromBig)(await hre.Diamond.getAccountCollateralValue(user4.address), 8);\nresults.userOneHFAfter = await (0, _liquidations.getCR)(user4.address);\n// Rebase params\nconst denominator = 4;\nconst positive = false;\nconst rebasePrice = newPrice * denominator;\n// Rebase\nf.KrAsset.setPrice(rebasePrice);\nawait f.KrAsset.contract.rebase((0, _lib.toBig)(denominator), positive, []);\n(0, _chai.expect)(await hre.Diamond.getAccountLiquidatable(user5.address)).to.be.true;\n// Get values for a liquidation that happens after a rebase\nwhile(await hre.Diamond.getAccountLiquidatable(user5.address)){\n    const values = await (0, _liquidations.liquidate)(user5, f.KrAsset, f.Collateral);\n    results.collateralSeizedRebase += values.collateralSeized;\n    results.debtRepaidRebase += values.debtRepaid;\n}\nresults.userTwoValueAfter = (0, _lib.fromBig)(await hre.Diamond.getAccountCollateralValue(user5.address), 8);\nresults.userTwoHFAfter = await (0, _liquidations.getCR)(user5.address);\n(0, _chai.expect)(results.userTwoHFAfter).to.equal(results.userOneHFAfter);\n(0, _chai.expect)(results.collateralSeized).to.equal(results.collateralSeizedRebase);\n(0, _chai.expect)(results.debtRepaid / denominator).to.equal(results.debtRepaidRebase);\n(0, _chai.expect)(results.userOneValueAfter).to.equal(results.userTwoValueAfter);",
                      "err": {},
                      "uuid": "01a2367d-9195-466d-985f-44f715a4c193",
                      "parentUUID": "415f1379-3195-4a1d-8f43-c983992bcde7",
                      "isHook": false,
                      "skipped": false
                    }
                  ],
                  "suites": [],
                  "passes": [
                    "225d2f53-bc35-40de-91d3-09fcd32212e0",
                    "62a6994d-a21d-4f75-a8f9-74dfb9b49b9a",
                    "6c2d9d20-c4de-49f5-9785-81ad41387695",
                    "ff2a19dd-0132-4a4a-a1ff-c91652dfc2d1",
                    "9ea03ee7-26ae-49b7-bafb-138855a98d5a",
                    "ec446f5a-1d64-47dd-96c6-4b3bdd29adb6",
                    "4ad740a6-3b30-40ae-852a-3783409d2fb7",
                    "01a2367d-9195-466d-985f-44f715a4c193"
                  ],
                  "failures": [],
                  "pending": [],
                  "skipped": [],
                  "duration": 20134,
                  "root": false,
                  "rootEmpty": false,
                  "_timeout": 60000
                }
              ],
              "passes": [],
              "failures": [],
              "pending": [],
              "skipped": [],
              "duration": 0,
              "root": false,
              "rootEmpty": false,
              "_timeout": 60000
            }
          ],
          "passes": [],
          "failures": [],
          "pending": [],
          "skipped": [],
          "duration": 0,
          "root": false,
          "rootEmpty": false,
          "_timeout": 60000
        }
      ],
      "passes": [],
      "failures": [],
      "pending": [],
      "skipped": [],
      "duration": 0,
      "root": true,
      "rootEmpty": true,
      "_timeout": 60000
    }
  ],
  "meta": {
    "mocha": {
      "version": "10.2.0"
    },
    "mochawesome": {
      "options": {
        "quiet": false,
        "reportFilename": "mochawesome",
        "saveHtml": true,
        "saveJson": true,
        "consoleReporter": "spec",
        "useInlineDiffs": false,
        "code": true
      },
      "version": "7.1.3"
    },
    "marge": {
      "options": null,
      "version": "6.2.0"
    }
  }
}