{
  "stats": {
    "suites": 2,
    "tests": 2,
    "passes": 2,
    "pending": 0,
    "failures": 0,
    "start": "2023-05-17T21:12:03.884Z",
    "end": "2023-05-17T21:12:11.705Z",
    "duration": 7821,
    "testsRegistered": 2,
    "passPercent": 100,
    "pendingPercent": 0,
    "other": 0,
    "hasOther": false,
    "skipped": 0,
    "hasSkipped": false
  },
  "results": [
    {
      "uuid": "4dca3e5a-9e77-42da-85d5-f8a7202c0104",
      "title": "",
      "fullFile": "/Users/panukettunen/Projects/kresko-protocol/src/test/collateral-pool/00-config.ts",
      "file": "/src/test/collateral-pool/00-config.ts",
      "beforeHooks": [],
      "afterHooks": [],
      "tests": [],
      "suites": [
        {
          "uuid": "2d521286-202d-4b78-960e-30c34fb0574a",
          "title": "Collateral Pool",
          "fullFile": "/Users/panukettunen/Projects/kresko-protocol/src/test/collateral-pool/00-config.ts",
          "file": "/src/test/collateral-pool/00-config.ts",
          "beforeHooks": [
            {
              "title": "\"before each\" hook in \"Collateral Pool\"",
              "fullTitle": "Collateral Pool \"before each\" hook in \"Collateral Pool\"",
              "timedOut": false,
              "duration": 19,
              "state": null,
              "speed": null,
              "pass": false,
              "fail": false,
              "pending": false,
              "context": null,
              "code": "const fixture = await _hardhat.default.deployments.createFixture(async (hre)=>{\n    const result = await hre.deployments.fixture(fixtureName);\n    if (result.Diamond) {\n        hre.Diamond = await hre.getContractOrFork(\"Kresko\");\n    }\n    return {\n        facets: result.Diamond ? result.Diamond.facets : [],\n        collaterals: hre.collaterals,\n        krAssets: hre.krAssets\n    };\n})();\nthis.facets = fixture.facets || [];\nthis.collaterals = fixture.collaterals;\nthis.krAssets = fixture.krAssets;",
              "err": {},
              "uuid": "0bb9e5cb-e6fb-4a39-a663-3b816eb6af21",
              "parentUUID": "2d521286-202d-4b78-960e-30c34fb0574a",
              "isHook": true,
              "skipped": false
            },
            {
              "title": "\"before each\" hook in \"Collateral Pool\"",
              "fullTitle": "Collateral Pool \"before each\" hook in \"Collateral Pool\"",
              "timedOut": false,
              "duration": 3690,
              "state": null,
              "speed": null,
              "pass": false,
              "fail": false,
              "pending": false,
              "context": null,
              "code": "user = _hardhat.default.users.testUserSeven;\noracleDecimals = await _hardhat.default.Diamond.extOracleDecimals();\nKreskoAsset = await (0, _krassets.addMockKreskoAsset)({\n    name: \"KreskoAssetPrice10USD\",\n    price: collateralPrice,\n    symbol: \"KreskoAssetPrice10USD\",\n    closeFee: 0.1,\n    openFee: 0.1,\n    marketOpen: true,\n    factor: 2,\n    supplyLimit: 10\n});\nCollateralAsset = await (0, _collaterals.addMockCollateralAsset)({\n    name: \"Collateral18Dec\",\n    price: kreskoAssetPrice,\n    factor: 0.5,\n    decimals: 18\n});\nCollateralAsset8Dec = await (0, _collaterals.addMockCollateralAsset)({\n    name: \"Collateral8Dec\",\n    price: kreskoAssetPrice,\n    factor: 0.5,\n    decimals: 8\n});\nCollateralAsset21Dec = await (0, _collaterals.addMockCollateralAsset)({\n    name: \"Collateral21Dec\",\n    price: kreskoAssetPrice,\n    factor: 0.5,\n    decimals: 21\n});\nawait CollateralAsset.setBalance(user, (0, _lib.toBig)(startingBalance));\nawait CollateralAsset8Dec.setBalance(user, (0, _lib.toBig)(startingBalance, 8));\nawait CollateralAsset21Dec.setBalance(user, (0, _lib.toBig)(startingBalance, 21));\nawait CollateralAsset.contract.connect(user).approve(_hardhat.default.Diamond.address, _hardhat.default.ethers.constants.MaxUint256);\nawait CollateralAsset8Dec.contract.connect(user).approve(_hardhat.default.Diamond.address, _hardhat.default.ethers.constants.MaxUint256);\nawait CollateralAsset21Dec.contract.connect(user).approve(_hardhat.default.Diamond.address, _hardhat.default.ethers.constants.MaxUint256);",
              "err": {},
              "uuid": "fd96c4d7-68ae-4c54-9204-035fc7480a79",
              "parentUUID": "2d521286-202d-4b78-960e-30c34fb0574a",
              "isHook": true,
              "skipped": false
            }
          ],
          "afterHooks": [],
          "tests": [],
          "suites": [
            {
              "uuid": "42b0dfdc-6073-41d7-9e07-e1eab3f4a8d6",
              "title": "#Configuration",
              "fullFile": "/Users/panukettunen/Projects/kresko-protocol/src/test/collateral-pool/00-config.ts",
              "file": "/src/test/collateral-pool/00-config.ts",
              "beforeHooks": [],
              "afterHooks": [],
              "tests": [
                {
                  "title": "should be able to add whitelisted collateral",
                  "fullTitle": "Collateral Pool #Configuration should be able to add whitelisted collateral",
                  "timedOut": false,
                  "duration": 18,
                  "state": "passed",
                  "speed": "fast",
                  "pass": true,
                  "fail": false,
                  "pending": false,
                  "context": null,
                  "code": "const configuration = {\n    decimals: 18,\n    liquidationIncentive: (0, _lib.toBig)(1.1),\n    liquidityIndex: _lib.RAY\n};\nawait _hardhat.default.Diamond.enablePoolCollaterals([\n    CollateralAsset.address\n], [\n    configuration\n]);\nconst collateral = await _hardhat.default.Diamond.getPoolCollateral(CollateralAsset.address);\n(0, _chai.expect)(collateral.decimals).to.equal(configuration.decimals);\n(0, _chai.expect)(collateral.liquidationIncentive).to.equal(configuration.liquidationIncentive);\n(0, _chai.expect)(collateral.liquidityIndex).to.equal(_lib.RAY);\nconst collaterals = await _hardhat.default.Diamond.getPoolCollateralAssets();\n(0, _chai.expect)(collaterals).to.deep.equal([\n    CollateralAsset.address\n]);",
                  "err": {},
                  "uuid": "ff812561-9dc8-428a-ae52-8f881aff0bfc",
                  "parentUUID": "42b0dfdc-6073-41d7-9e07-e1eab3f4a8d6",
                  "isHook": false,
                  "skipped": false
                },
                {
                  "title": "should be able to add whitelisted kresko asset",
                  "fullTitle": "Collateral Pool #Configuration should be able to add whitelisted kresko asset",
                  "timedOut": false,
                  "duration": 17,
                  "state": "passed",
                  "speed": "fast",
                  "pass": true,
                  "fail": false,
                  "pending": false,
                  "context": null,
                  "code": "const configuration = {\n    openFee: (0, _lib.toBig)(0.01),\n    closeFee: (0, _lib.toBig)(0.01),\n    protocolFee: (0, _lib.toBig)(0.25),\n    supplyLimit: (0, _lib.toBig)(1000000)\n};\nawait _hardhat.default.Diamond.enablePoolKrAssets([\n    KreskoAsset.address\n], [\n    configuration\n]);\nconst kreskoAsset = await _hardhat.default.Diamond.getPoolKrAsset(KreskoAsset.address);\n(0, _chai.expect)(kreskoAsset.openFee).to.equal(configuration.openFee);\n(0, _chai.expect)(kreskoAsset.closeFee).to.equal(configuration.closeFee);\n(0, _chai.expect)(kreskoAsset.protocolFee).to.equal(configuration.protocolFee);\n(0, _chai.expect)(kreskoAsset.supplyLimit).to.equal(configuration.supplyLimit);\nconst krAssets = await _hardhat.default.Diamond.getPoolKrAssets();\n(0, _chai.expect)(krAssets).to.deep.equal([\n    KreskoAsset.address\n]);",
                  "err": {},
                  "uuid": "0b65ca3b-a5ae-4c55-a6de-a64b013e88d5",
                  "parentUUID": "42b0dfdc-6073-41d7-9e07-e1eab3f4a8d6",
                  "isHook": false,
                  "skipped": false
                }
              ],
              "suites": [],
              "passes": [
                "ff812561-9dc8-428a-ae52-8f881aff0bfc",
                "0b65ca3b-a5ae-4c55-a6de-a64b013e88d5"
              ],
              "failures": [],
              "pending": [],
              "skipped": [],
              "duration": 35,
              "root": false,
              "rootEmpty": false,
              "_timeout": 15000
            }
          ],
          "passes": [],
          "failures": [],
          "pending": [],
          "skipped": [],
          "duration": 0,
          "root": false,
          "rootEmpty": false,
          "_timeout": 15000
        }
      ],
      "passes": [],
      "failures": [],
      "pending": [],
      "skipped": [],
      "duration": 0,
      "root": true,
      "rootEmpty": true,
      "_timeout": 15000
    }
  ],
  "meta": {
    "mocha": {
      "version": "10.2.0"
    },
    "mochawesome": {
      "options": {
        "quiet": false,
        "reportFilename": "mochawesome",
        "saveHtml": true,
        "saveJson": true,
        "consoleReporter": "spec",
        "useInlineDiffs": false,
        "code": true
      },
      "version": "7.1.3"
    },
    "marge": {
      "options": null,
      "version": "6.2.0"
    }
  }
}